<?xml version="1.0" encoding="UTF-8"?>
<testsuite xmlns:xsi="http://www.w3.org/2001/XMLSchema-instance" xsi:noNamespaceSchemaLocation="https://maven.apache.org/surefire/maven-surefire-plugin/xsd/surefire-test-report.xsd" name="edu.ncsu.csc.itrust2.apitest.APILogEntryTest" time="0.019" tests="2" errors="2" skipped="0" failures="0">
  <properties>
    <property name="java.runtime.name" value="Java(TM) SE Runtime Environment"/>
    <property name="sun.boot.library.path" value="/usr/lib/jvm/java-8-oracle/jre/lib/amd64"/>
    <property name="java.vm.version" value="25.161-b12"/>
    <property name="java.vm.vendor" value="Oracle Corporation"/>
    <property name="maven.multiModuleProjectDirectory" value="/var/lib/jenkins/workspace/itrust-test/iTrust2"/>
    <property name="java.vendor.url" value="http://java.oracle.com/"/>
    <property name="path.separator" value=":"/>
    <property name="guice.disable.misplaced.annotation.check" value="true"/>
    <property name="java.vm.name" value="Java HotSpot(TM) 64-Bit Server VM"/>
    <property name="file.encoding.pkg" value="sun.io"/>
    <property name="user.country" value="US"/>
    <property name="sun.java.launcher" value="SUN_STANDARD"/>
    <property name="sun.os.patch.level" value="unknown"/>
    <property name="java.vm.specification.name" value="Java Virtual Machine Specification"/>
    <property name="user.dir" value="/var/lib/jenkins/workspace/itrust-test/iTrust2"/>
    <property name="java.runtime.version" value="1.8.0_161-b12"/>
    <property name="java.awt.graphicsenv" value="sun.awt.X11GraphicsEnvironment"/>
    <property name="java.endorsed.dirs" value="/usr/lib/jvm/java-8-oracle/jre/lib/endorsed"/>
    <property name="os.arch" value="amd64"/>
    <property name="java.io.tmpdir" value="/tmp"/>
    <property name="line.separator" value="&#10;"/>
    <property name="java.vm.specification.vendor" value="Oracle Corporation"/>
    <property name="os.name" value="Linux"/>
    <property name="classworlds.conf" value="/usr/share/maven/bin/m2.conf"/>
    <property name="sun.jnu.encoding" value="UTF-8"/>
    <property name="java.library.path" value="/usr/java/packages/lib/amd64:/usr/lib64:/lib64:/lib:/usr/lib"/>
    <property name="java.specification.name" value="Java Platform API Specification"/>
    <property name="java.class.version" value="52.0"/>
    <property name="sun.management.compiler" value="HotSpot 64-Bit Tiered Compilers"/>
    <property name="os.version" value="4.4.0-112-generic"/>
    <property name="user.home" value="/var/lib/jenkins"/>
    <property name="user.timezone" value="Etc/UTC"/>
    <property name="java.awt.printerjob" value="sun.print.PSPrinterJob"/>
    <property name="file.encoding" value="UTF-8"/>
    <property name="java.specification.version" value="1.8"/>
    <property name="user.name" value="jenkins"/>
    <property name="java.class.path" value="/usr/share/maven/boot/plexus-classworlds-2.x.jar"/>
    <property name="java.vm.specification.version" value="1.8"/>
    <property name="sun.arch.data.model" value="64"/>
    <property name="java.home" value="/usr/lib/jvm/java-8-oracle/jre"/>
    <property name="sun.java.command" value="org.codehaus.plexus.classworlds.launcher.Launcher clean test verify"/>
    <property name="java.specification.vendor" value="Oracle Corporation"/>
    <property name="user.language" value="en"/>
    <property name="awt.toolkit" value="sun.awt.X11.XToolkit"/>
    <property name="java.vm.info" value="mixed mode"/>
    <property name="java.version" value="1.8.0_161"/>
    <property name="java.ext.dirs" value="/usr/lib/jvm/java-8-oracle/jre/lib/ext:/usr/java/packages/lib/ext"/>
    <property name="securerandom.source" value="file:/dev/./urandom"/>
    <property name="sun.boot.class.path" value="/usr/lib/jvm/java-8-oracle/jre/lib/resources.jar:/usr/lib/jvm/java-8-oracle/jre/lib/rt.jar:/usr/lib/jvm/java-8-oracle/jre/lib/sunrsasign.jar:/usr/lib/jvm/java-8-oracle/jre/lib/jsse.jar:/usr/lib/jvm/java-8-oracle/jre/lib/jce.jar:/usr/lib/jvm/java-8-oracle/jre/lib/charsets.jar:/usr/lib/jvm/java-8-oracle/jre/lib/jfr.jar:/usr/lib/jvm/java-8-oracle/jre/classes"/>
    <property name="java.vendor" value="Oracle Corporation"/>
    <property name="maven.home" value="/usr/share/maven"/>
    <property name="file.separator" value="/"/>
    <property name="java.vendor.url.bug" value="http://bugreport.sun.com/bugreport/"/>
    <property name="sun.cpu.endian" value="little"/>
    <property name="sun.io.unicode.encoding" value="UnicodeLittle"/>
    <property name="sun.cpu.isalist" value=""/>
  </properties>
  <testcase name="testLogByDateLarge" classname="edu.ncsu.csc.itrust2.apitest.APILogEntryTest" time="0">
    <error message="Failed to load ApplicationContext" type="java.lang.IllegalStateException">java.lang.IllegalStateException: Failed to load ApplicationContext
Caused by: org.springframework.beans.factory.BeanCreationException: Error creating bean with name 'appointmentControllerHCP' defined in file [/var/lib/jenkins/workspace/itrust-test/iTrust2/target/classes/edu/ncsu/csc/itrust2/controllers/hcp/AppointmentControllerHCP.class]: Initialization of bean failed; nested exception is java.lang.IllegalArgumentException: Failed to parse expression 'new val'
Caused by: java.lang.IllegalArgumentException: Failed to parse expression 'new val'
Caused by: org.springframework.expression.spel.SpelParseException: Expression [new val] @7: EL1050E: The arguments (...) for the constructor call are missing
</error>
    <system-out><![CDATA[06:47:00.421 [main] DEBUG o.s.t.c.j.SpringJUnit4ClassRunner - SpringJUnit4ClassRunner constructor called with [class edu.ncsu.csc.itrust2.apitest.APILogEntryTest]
06:47:00.421 [main] DEBUG o.s.test.context.BootstrapUtils - Instantiating CacheAwareContextLoaderDelegate from class [org.springframework.test.context.cache.DefaultCacheAwareContextLoaderDelegate]
06:47:00.421 [main] DEBUG o.s.test.context.BootstrapUtils - Instantiating BootstrapContext using constructor [public org.springframework.test.context.support.DefaultBootstrapContext(java.lang.Class,org.springframework.test.context.CacheAwareContextLoaderDelegate)]
06:47:00.421 [main] DEBUG o.s.test.context.BootstrapUtils - Instantiating TestContextBootstrapper for test class [edu.ncsu.csc.itrust2.apitest.APILogEntryTest] from class [org.springframework.test.context.web.WebTestContextBootstrapper]
06:47:00.421 [main] DEBUG o.s.t.c.s.AbstractDelegatingSmartContextLoader - Delegating to AnnotationConfigWebContextLoader to process context configuration [ContextConfigurationAttributes@3ef02140 declaringClass = 'edu.ncsu.csc.itrust2.apitest.APILogEntryTest', classes = '{class edu.ncsu.csc.itrust2.config.RootConfiguration, class edu.ncsu.csc.itrust2.mvc.config.WebMvcConfiguration}', locations = '{}', inheritLocations = true, initializers = '{}', inheritInitializers = true, name = [null], contextLoaderClass = 'org.springframework.test.context.ContextLoader'].
06:47:00.422 [main] DEBUG o.s.t.c.support.ActiveProfilesUtils - Could not find an 'annotation declaring class' for annotation type [org.springframework.test.context.ActiveProfiles] and class [edu.ncsu.csc.itrust2.apitest.APILogEntryTest]
06:47:00.422 [main] DEBUG o.s.t.c.w.WebTestContextBootstrapper - @TestExecutionListeners is not present for class [edu.ncsu.csc.itrust2.apitest.APILogEntryTest]: using defaults.
06:47:00.423 [main] INFO  o.s.t.c.w.WebTestContextBootstrapper - Loaded default TestExecutionListener class names from location [META-INF/spring.factories]: [org.springframework.security.test.context.support.WithSecurityContextTestExecutionListener, org.springframework.test.context.web.ServletTestExecutionListener, org.springframework.test.context.support.DirtiesContextBeforeModesTestExecutionListener, org.springframework.test.context.support.DependencyInjectionTestExecutionListener, org.springframework.test.context.support.DirtiesContextTestExecutionListener, org.springframework.test.context.transaction.TransactionalTestExecutionListener, org.springframework.test.context.jdbc.SqlScriptsTestExecutionListener]
06:47:00.423 [main] INFO  o.s.t.c.w.WebTestContextBootstrapper - Using TestExecutionListeners: [org.springframework.test.context.web.ServletTestExecutionListener@18679066, org.springframework.test.context.support.DirtiesContextBeforeModesTestExecutionListener@50cf8d10, org.springframework.test.context.support.DependencyInjectionTestExecutionListener@79a6ef99, org.springframework.test.context.support.DirtiesContextTestExecutionListener@44579023, org.springframework.test.context.transaction.TransactionalTestExecutionListener@6017cc6f, org.springframework.test.context.jdbc.SqlScriptsTestExecutionListener@4c1c6a70, org.springframework.security.test.context.support.WithSecurityContextTestExecutionListener@2088e4d]
06:47:00.423 [main] DEBUG o.s.t.annotation.ProfileValueUtils - Retrieved @ProfileValueSourceConfiguration [null] for test class [edu.ncsu.csc.itrust2.apitest.APILogEntryTest]
06:47:00.424 [main] DEBUG o.s.t.annotation.ProfileValueUtils - Retrieved ProfileValueSource type [class org.springframework.test.annotation.SystemProfileValueSource] for class [edu.ncsu.csc.itrust2.apitest.APILogEntryTest]
06:47:00.424 [main] DEBUG o.s.t.annotation.ProfileValueUtils - Retrieved @ProfileValueSourceConfiguration [null] for test class [edu.ncsu.csc.itrust2.apitest.APILogEntryTest]
06:47:00.424 [main] DEBUG o.s.t.annotation.ProfileValueUtils - Retrieved ProfileValueSource type [class org.springframework.test.annotation.SystemProfileValueSource] for class [edu.ncsu.csc.itrust2.apitest.APILogEntryTest]
06:47:00.424 [main] DEBUG o.s.t.annotation.ProfileValueUtils - Retrieved @ProfileValueSourceConfiguration [null] for test class [edu.ncsu.csc.itrust2.apitest.APILogEntryTest]
06:47:00.424 [main] DEBUG o.s.t.annotation.ProfileValueUtils - Retrieved ProfileValueSource type [class org.springframework.test.annotation.SystemProfileValueSource] for class [edu.ncsu.csc.itrust2.apitest.APILogEntryTest]
06:47:00.424 [main] DEBUG o.s.t.c.s.AbstractDirtiesContextTestExecutionListener - Before test class: context [DefaultTestContext@7aa6d0a7 testClass = APILogEntryTest, testInstance = [null], testMethod = [null], testException = [null], mergedContextConfiguration = [WebMergedContextConfiguration@240c1f28 testClass = APILogEntryTest, locations = '{}', classes = '{class edu.ncsu.csc.itrust2.config.RootConfiguration, class edu.ncsu.csc.itrust2.mvc.config.WebMvcConfiguration}', contextInitializerClasses = '[]', activeProfiles = '{}', propertySourceLocations = '{}', propertySourceProperties = '{}', contextCustomizers = set[[empty]], resourceBasePath = 'src/main/webapp', contextLoader = 'org.springframework.test.context.web.WebDelegatingSmartContextLoader', parent = [null]]], class annotated with @DirtiesContext [false] with mode [null].
06:47:00.424 [main] DEBUG o.s.t.annotation.ProfileValueUtils - Retrieved @ProfileValueSourceConfiguration [null] for test class [edu.ncsu.csc.itrust2.apitest.APILogEntryTest]
06:47:00.424 [main] DEBUG o.s.t.annotation.ProfileValueUtils - Retrieved ProfileValueSource type [class org.springframework.test.annotation.SystemProfileValueSource] for class [edu.ncsu.csc.itrust2.apitest.APILogEntryTest]
06:47:00.424 [main] DEBUG o.s.t.c.s.AbstractDelegatingSmartContextLoader - Delegating to AnnotationConfigWebContextLoader to load context from [WebMergedContextConfiguration@240c1f28 testClass = APILogEntryTest, locations = '{}', classes = '{class edu.ncsu.csc.itrust2.config.RootConfiguration, class edu.ncsu.csc.itrust2.mvc.config.WebMvcConfiguration}', contextInitializerClasses = '[]', activeProfiles = '{}', propertySourceLocations = '{}', propertySourceProperties = '{}', contextCustomizers = set[[empty]], resourceBasePath = 'src/main/webapp', contextLoader = 'org.springframework.test.context.web.WebDelegatingSmartContextLoader', parent = [null]].
06:47:00.424 [main] DEBUG o.s.t.c.w.AbstractGenericWebContextLoader - Loading WebApplicationContext for merged context configuration [WebMergedContextConfiguration@240c1f28 testClass = APILogEntryTest, locations = '{}', classes = '{class edu.ncsu.csc.itrust2.config.RootConfiguration, class edu.ncsu.csc.itrust2.mvc.config.WebMvcConfiguration}', contextInitializerClasses = '[]', activeProfiles = '{}', propertySourceLocations = '{}', propertySourceProperties = '{}', contextCustomizers = set[[empty]], resourceBasePath = 'src/main/webapp', contextLoader = 'org.springframework.test.context.web.WebDelegatingSmartContextLoader', parent = [null]].
06:47:00.425 [main] DEBUG o.s.w.c.s.StandardServletEnvironment - Adding [servletConfigInitParams] PropertySource with lowest search precedence
06:47:00.425 [main] DEBUG o.s.w.c.s.StandardServletEnvironment - Adding [servletContextInitParams] PropertySource with lowest search precedence
06:47:00.425 [main] DEBUG o.s.w.c.s.StandardServletEnvironment - Adding [systemProperties] PropertySource with lowest search precedence
06:47:00.425 [main] DEBUG o.s.w.c.s.StandardServletEnvironment - Adding [systemEnvironment] PropertySource with lowest search precedence
06:47:00.425 [main] DEBUG o.s.w.c.s.StandardServletEnvironment - Initialized StandardServletEnvironment with PropertySources [servletConfigInitParams,servletContextInitParams,systemProperties,systemEnvironment]
06:47:00.425 [main] DEBUG o.s.t.c.w.AnnotationConfigWebContextLoader - Registering annotated classes: {class edu.ncsu.csc.itrust2.config.RootConfiguration, class edu.ncsu.csc.itrust2.mvc.config.WebMvcConfiguration}
06:47:00.426 [main] INFO  o.s.w.c.s.GenericWebApplicationContext - Refreshing org.springframework.web.context.support.GenericWebApplicationContext@b6cae33: startup date [Thu Mar 22 06:47:00 UTC 2018]; root of context hierarchy
06:47:00.427 [main] DEBUG o.s.w.c.s.StandardServletEnvironment - Replacing [servletContextInitParams] PropertySource with [servletContextInitParams]
06:47:00.427 [main] DEBUG o.s.w.c.s.GenericWebApplicationContext - Bean factory for org.springframework.web.context.support.GenericWebApplicationContext@b6cae33: org.springframework.beans.factory.support.DefaultListableBeanFactory@4d5023f5: defining beans [org.springframework.context.annotation.internalConfigurationAnnotationProcessor,org.springframework.context.annotation.internalAutowiredAnnotationProcessor,org.springframework.context.annotation.internalRequiredAnnotationProcessor,org.springframework.context.annotation.internalCommonAnnotationProcessor,org.springframework.context.annotation.internalPersistenceAnnotationProcessor,org.springframework.context.event.internalEventListenerProcessor,org.springframework.context.event.internalEventListenerFactory,rootConfiguration,webMvcConfiguration]; root of factory hierarchy
06:47:00.427 [main] DEBUG o.s.b.f.s.DefaultListableBeanFactory - Registering scope 'request' with implementation [org.springframework.web.context.request.RequestScope@450e4b40]
06:47:00.427 [main] DEBUG o.s.b.f.s.DefaultListableBeanFactory - Registering scope 'session' with implementation [org.springframework.web.context.request.SessionScope@2bfd68e4]
06:47:00.427 [main] DEBUG o.s.b.f.s.DefaultListableBeanFactory - Registering scope 'globalSession' with implementation [org.springframework.web.context.request.SessionScope@67feb9e5]
06:47:00.427 [main] DEBUG o.s.b.f.s.DefaultListableBeanFactory - Registering scope 'application' with implementation [org.springframework.web.context.support.ServletContextScope@1937637b]
06:47:00.427 [main] DEBUG o.s.b.f.s.DefaultListableBeanFactory - Creating shared instance of singleton bean 'org.springframework.context.annotation.internalConfigurationAnnotationProcessor'
06:47:00.427 [main] DEBUG o.s.b.f.s.DefaultListableBeanFactory - Creating instance of bean 'org.springframework.context.annotation.internalConfigurationAnnotationProcessor'
06:47:00.427 [main] DEBUG o.s.b.f.s.DefaultListableBeanFactory - Eagerly caching bean 'org.springframework.context.annotation.internalConfigurationAnnotationProcessor' to allow for resolving potential circular references
06:47:00.427 [main] DEBUG o.s.b.f.s.DefaultListableBeanFactory - Finished creating instance of bean 'org.springframework.context.annotation.internalConfigurationAnnotationProcessor'
06:47:00.428 [main] DEBUG o.s.core.env.StandardEnvironment - Adding [systemProperties] PropertySource with lowest search precedence
06:47:00.428 [main] DEBUG o.s.core.env.StandardEnvironment - Adding [systemEnvironment] PropertySource with lowest search precedence
06:47:00.428 [main] DEBUG o.s.core.env.StandardEnvironment - Initialized StandardEnvironment with PropertySources [systemProperties,systemEnvironment]
06:47:00.429 [main] DEBUG o.s.c.i.s.PathMatchingResourcePatternResolver - Resolved classpath location [edu/ncsu/csc/itrust2/config/] to resources [URL [file:/var/lib/jenkins/workspace/itrust-test/iTrust2/target/classes/edu/ncsu/csc/itrust2/config/]]
06:47:00.429 [main] DEBUG o.s.c.i.s.PathMatchingResourcePatternResolver - Looking for matching resources in directory tree [/var/lib/jenkins/workspace/itrust-test/iTrust2/target/classes/edu/ncsu/csc/itrust2/config]
06:47:00.429 [main] DEBUG o.s.c.i.s.PathMatchingResourcePatternResolver - Searching directory [/var/lib/jenkins/workspace/itrust-test/iTrust2/target/classes/edu/ncsu/csc/itrust2/config] for files matching pattern [/var/lib/jenkins/workspace/itrust-test/iTrust2/target/classes/edu/ncsu/csc/itrust2/config/**/*.class]
06:47:00.429 [main] DEBUG o.s.c.i.s.PathMatchingResourcePatternResolver - Resolved location pattern [classpath*:edu/ncsu/csc/itrust2/config/**/*.class] to resources [file [/var/lib/jenkins/workspace/itrust-test/iTrust2/target/classes/edu/ncsu/csc/itrust2/config/ContextListener.class], file [/var/lib/jenkins/workspace/itrust-test/iTrust2/target/classes/edu/ncsu/csc/itrust2/config/DataConfiguration.class], file [/var/lib/jenkins/workspace/itrust-test/iTrust2/target/classes/edu/ncsu/csc/itrust2/config/FailureHandler.class], file [/var/lib/jenkins/workspace/itrust-test/iTrust2/target/classes/edu/ncsu/csc/itrust2/config/IPFilter.class], file [/var/lib/jenkins/workspace/itrust-test/iTrust2/target/classes/edu/ncsu/csc/itrust2/config/ITrust2ApplicationInitializer.class], file [/var/lib/jenkins/workspace/itrust-test/iTrust2/target/classes/edu/ncsu/csc/itrust2/config/ITrust2WebApplicationInitializer.class], file [/var/lib/jenkins/workspace/itrust-test/iTrust2/target/classes/edu/ncsu/csc/itrust2/config/LoginAuditingListener.class], file [/var/lib/jenkins/workspace/itrust-test/iTrust2/target/classes/edu/ncsu/csc/itrust2/config/RootConfiguration.class], file [/var/lib/jenkins/workspace/itrust-test/iTrust2/target/classes/edu/ncsu/csc/itrust2/config/SecurityConfig.class]]
06:47:00.430 [main] DEBUG o.s.c.a.ClassPathBeanDefinitionScanner - Identified candidate component class: file [/var/lib/jenkins/workspace/itrust-test/iTrust2/target/classes/edu/ncsu/csc/itrust2/config/DataConfiguration.class]
06:47:00.436 [main] DEBUG o.s.c.a.ClassPathBeanDefinitionScanner - Identified candidate component class: file [/var/lib/jenkins/workspace/itrust-test/iTrust2/target/classes/edu/ncsu/csc/itrust2/config/LoginAuditingListener.class]
06:47:00.437 [main] DEBUG o.s.c.a.ClassPathBeanDefinitionScanner - Identified candidate component class: file [/var/lib/jenkins/workspace/itrust-test/iTrust2/target/classes/edu/ncsu/csc/itrust2/config/SecurityConfig.class]
06:47:00.447 [main] DEBUG o.s.core.env.StandardEnvironment - Adding [systemProperties] PropertySource with lowest search precedence
06:47:00.447 [main] DEBUG o.s.core.env.StandardEnvironment - Adding [systemEnvironment] PropertySource with lowest search precedence
06:47:00.447 [main] DEBUG o.s.core.env.StandardEnvironment - Initialized StandardEnvironment with PropertySources [systemProperties,systemEnvironment]
06:47:00.448 [main] DEBUG o.s.c.i.s.PathMatchingResourcePatternResolver - Resolved classpath location [edu/ncsu/csc/itrust2/controllers/] to resources [URL [file:/var/lib/jenkins/workspace/itrust-test/iTrust2/target/classes/edu/ncsu/csc/itrust2/controllers/]]
06:47:00.449 [main] DEBUG o.s.c.i.s.PathMatchingResourcePatternResolver - Looking for matching resources in directory tree [/var/lib/jenkins/workspace/itrust-test/iTrust2/target/classes/edu/ncsu/csc/itrust2/controllers]
06:47:00.449 [main] DEBUG o.s.c.i.s.PathMatchingResourcePatternResolver - Searching directory [/var/lib/jenkins/workspace/itrust-test/iTrust2/target/classes/edu/ncsu/csc/itrust2/controllers] for files matching pattern [/var/lib/jenkins/workspace/itrust-test/iTrust2/target/classes/edu/ncsu/csc/itrust2/controllers/**/*.class]
06:47:00.449 [main] DEBUG o.s.c.i.s.PathMatchingResourcePatternResolver - Searching directory [/var/lib/jenkins/workspace/itrust-test/iTrust2/target/classes/edu/ncsu/csc/itrust2/controllers/admin] for files matching pattern [/var/lib/jenkins/workspace/itrust-test/iTrust2/target/classes/edu/ncsu/csc/itrust2/controllers/**/*.class]
06:47:00.449 [main] DEBUG o.s.c.i.s.PathMatchingResourcePatternResolver - Searching directory [/var/lib/jenkins/workspace/itrust-test/iTrust2/target/classes/edu/ncsu/csc/itrust2/controllers/api] for files matching pattern [/var/lib/jenkins/workspace/itrust-test/iTrust2/target/classes/edu/ncsu/csc/itrust2/controllers/**/*.class]
06:47:00.449 [main] DEBUG o.s.c.i.s.PathMatchingResourcePatternResolver - Searching directory [/var/lib/jenkins/workspace/itrust-test/iTrust2/target/classes/edu/ncsu/csc/itrust2/controllers/api/comm] for files matching pattern [/var/lib/jenkins/workspace/itrust-test/iTrust2/target/classes/edu/ncsu/csc/itrust2/controllers/**/*.class]
06:47:00.449 [main] DEBUG o.s.c.i.s.PathMatchingResourcePatternResolver - Searching directory [/var/lib/jenkins/workspace/itrust-test/iTrust2/target/classes/edu/ncsu/csc/itrust2/controllers/hcp] for files matching pattern [/var/lib/jenkins/workspace/itrust-test/iTrust2/target/classes/edu/ncsu/csc/itrust2/controllers/**/*.class]
06:47:00.450 [main] DEBUG o.s.c.i.s.PathMatchingResourcePatternResolver - Searching directory [/var/lib/jenkins/workspace/itrust-test/iTrust2/target/classes/edu/ncsu/csc/itrust2/controllers/patient] for files matching pattern [/var/lib/jenkins/workspace/itrust-test/iTrust2/target/classes/edu/ncsu/csc/itrust2/controllers/**/*.class]
06:47:00.450 [main] DEBUG o.s.c.i.s.PathMatchingResourcePatternResolver - Searching directory [/var/lib/jenkins/workspace/itrust-test/iTrust2/target/classes/edu/ncsu/csc/itrust2/controllers/personnel] for files matching pattern [/var/lib/jenkins/workspace/itrust-test/iTrust2/target/classes/edu/ncsu/csc/itrust2/controllers/**/*.class]
06:47:00.450 [main] DEBUG o.s.c.i.s.PathMatchingResourcePatternResolver - Resolved location pattern [classpath*:edu/ncsu/csc/itrust2/controllers/**/*.class] to resources [file [/var/lib/jenkins/workspace/itrust-test/iTrust2/target/classes/edu/ncsu/csc/itrust2/controllers/DefaultController.class], file [/var/lib/jenkins/workspace/itrust-test/iTrust2/target/classes/edu/ncsu/csc/itrust2/controllers/admin/AdminController.class], file [/var/lib/jenkins/workspace/itrust-test/iTrust2/target/classes/edu/ncsu/csc/itrust2/controllers/admin/AdminUserController$1.class], file [/var/lib/jenkins/workspace/itrust-test/iTrust2/target/classes/edu/ncsu/csc/itrust2/controllers/admin/AdminUserController.class], file [/var/lib/jenkins/workspace/itrust-test/iTrust2/target/classes/edu/ncsu/csc/itrust2/controllers/admin/HospitalController.class], file [/var/lib/jenkins/workspace/itrust-test/iTrust2/target/classes/edu/ncsu/csc/itrust2/controllers/admin/ICDCodesController.class], file [/var/lib/jenkins/workspace/itrust-test/iTrust2/target/classes/edu/ncsu/csc/itrust2/controllers/api/APIAppointmentRequestController.class], file [/var/lib/jenkins/workspace/itrust-test/iTrust2/target/classes/edu/ncsu/csc/itrust2/controllers/api/APIController$JSONResponse.class], file [/var/lib/jenkins/workspace/itrust-test/iTrust2/target/classes/edu/ncsu/csc/itrust2/controllers/api/APIController.class], file [/var/lib/jenkins/workspace/itrust-test/iTrust2/target/classes/edu/ncsu/csc/itrust2/controllers/api/APIDiagnosisController.class], file [/var/lib/jenkins/workspace/itrust-test/iTrust2/target/classes/edu/ncsu/csc/itrust2/controllers/api/APIDrugController.class], file [/var/lib/jenkins/workspace/itrust-test/iTrust2/target/classes/edu/ncsu/csc/itrust2/controllers/api/APIEnumController.class], file [/var/lib/jenkins/workspace/itrust-test/iTrust2/target/classes/edu/ncsu/csc/itrust2/controllers/api/APIHospitalController.class], file [/var/lib/jenkins/workspace/itrust-test/iTrust2/target/classes/edu/ncsu/csc/itrust2/controllers/api/APIICDCodeController.class], file [/var/lib/jenkins/workspace/itrust-test/iTrust2/target/classes/edu/ncsu/csc/itrust2/controllers/api/APILogEntryController.class], file [/var/lib/jenkins/workspace/itrust-test/iTrust2/target/classes/edu/ncsu/csc/itrust2/controllers/api/APIOfficeVisitController.class], file [/var/lib/jenkins/workspace/itrust-test/iTrust2/target/classes/edu/ncsu/csc/itrust2/controllers/api/APIPasswordController.class], file [/var/lib/jenkins/workspace/itrust-test/iTrust2/target/classes/edu/ncsu/csc/itrust2/controllers/api/APIPatientController.class], file [/var/lib/jenkins/workspace/itrust-test/iTrust2/target/classes/edu/ncsu/csc/itrust2/controllers/api/APIPersonnelController.class], file [/var/lib/jenkins/workspace/itrust-test/iTrust2/target/classes/edu/ncsu/csc/itrust2/controllers/api/APIPrescriptionController.class], file [/var/lib/jenkins/workspace/itrust-test/iTrust2/target/classes/edu/ncsu/csc/itrust2/controllers/api/APIUserController.class], file [/var/lib/jenkins/workspace/itrust-test/iTrust2/target/classes/edu/ncsu/csc/itrust2/controllers/api/comm/LogEntryRequestBody.class], file [/var/lib/jenkins/workspace/itrust-test/iTrust2/target/classes/edu/ncsu/csc/itrust2/controllers/api/comm/LogEntryTableRow.class], file [/var/lib/jenkins/workspace/itrust-test/iTrust2/target/classes/edu/ncsu/csc/itrust2/controllers/hcp/AppointmentControllerHCP.class], file [/var/lib/jenkins/workspace/itrust-test/iTrust2/target/classes/edu/ncsu/csc/itrust2/controllers/hcp/HCPController.class], file [/var/lib/jenkins/workspace/itrust-test/iTrust2/target/classes/edu/ncsu/csc/itrust2/controllers/hcp/OfficeVisitController.class], file [/var/lib/jenkins/workspace/itrust-test/iTrust2/target/classes/edu/ncsu/csc/itrust2/controllers/patient/AppointmentController.class], file [/var/lib/jenkins/workspace/itrust-test/iTrust2/target/classes/edu/ncsu/csc/itrust2/controllers/patient/DiagnosesController.class], file [/var/lib/jenkins/workspace/itrust-test/iTrust2/target/classes/edu/ncsu/csc/itrust2/controllers/patient/PatientController.class], file [/var/lib/jenkins/workspace/itrust-test/iTrust2/target/classes/edu/ncsu/csc/itrust2/controllers/personnel/PasswordController.class], file [/var/lib/jenkins/workspace/itrust-test/iTrust2/target/classes/edu/ncsu/csc/itrust2/controllers/personnel/UserController.class]]
06:47:00.450 [main] DEBUG o.s.c.a.ClassPathBeanDefinitionScanner - Identified candidate component class: file [/var/lib/jenkins/workspace/itrust-test/iTrust2/target/classes/edu/ncsu/csc/itrust2/controllers/DefaultController.class]
06:47:00.450 [main] DEBUG o.s.c.a.ClassPathBeanDefinitionScanner - Identified candidate component class: file [/var/lib/jenkins/workspace/itrust-test/iTrust2/target/classes/edu/ncsu/csc/itrust2/controllers/admin/AdminController.class]
06:47:00.451 [main] DEBUG o.s.c.a.ClassPathBeanDefinitionScanner - Identified candidate component class: file [/var/lib/jenkins/workspace/itrust-test/iTrust2/target/classes/edu/ncsu/csc/itrust2/controllers/admin/AdminUserController.class]
06:47:00.451 [main] DEBUG o.s.c.a.ClassPathBeanDefinitionScanner - Identified candidate component class: file [/var/lib/jenkins/workspace/itrust-test/iTrust2/target/classes/edu/ncsu/csc/itrust2/controllers/admin/HospitalController.class]
06:47:00.451 [main] DEBUG o.s.c.a.ClassPathBeanDefinitionScanner - Identified candidate component class: file [/var/lib/jenkins/workspace/itrust-test/iTrust2/target/classes/edu/ncsu/csc/itrust2/controllers/admin/ICDCodesController.class]
06:47:00.452 [main] DEBUG o.s.c.a.ClassPathBeanDefinitionScanner - Identified candidate component class: file [/var/lib/jenkins/workspace/itrust-test/iTrust2/target/classes/edu/ncsu/csc/itrust2/controllers/api/APIAppointmentRequestController.class]
06:47:00.452 [main] DEBUG o.s.c.a.ClassPathBeanDefinitionScanner - Identified candidate component class: file [/var/lib/jenkins/workspace/itrust-test/iTrust2/target/classes/edu/ncsu/csc/itrust2/controllers/api/APIDiagnosisController.class]
06:47:00.453 [main] DEBUG o.s.c.a.ClassPathBeanDefinitionScanner - Identified candidate component class: file [/var/lib/jenkins/workspace/itrust-test/iTrust2/target/classes/edu/ncsu/csc/itrust2/controllers/api/APIDrugController.class]
06:47:00.453 [main] DEBUG o.s.c.a.ClassPathBeanDefinitionScanner - Identified candidate component class: file [/var/lib/jenkins/workspace/itrust-test/iTrust2/target/classes/edu/ncsu/csc/itrust2/controllers/api/APIEnumController.class]
06:47:00.453 [main] DEBUG o.s.c.a.ClassPathBeanDefinitionScanner - Identified candidate component class: file [/var/lib/jenkins/workspace/itrust-test/iTrust2/target/classes/edu/ncsu/csc/itrust2/controllers/api/APIHospitalController.class]
06:47:00.453 [main] DEBUG o.s.c.a.ClassPathBeanDefinitionScanner - Identified candidate component class: file [/var/lib/jenkins/workspace/itrust-test/iTrust2/target/classes/edu/ncsu/csc/itrust2/controllers/api/APIICDCodeController.class]
06:47:00.454 [main] DEBUG o.s.c.a.ClassPathBeanDefinitionScanner - Identified candidate component class: file [/var/lib/jenkins/workspace/itrust-test/iTrust2/target/classes/edu/ncsu/csc/itrust2/controllers/api/APILogEntryController.class]
06:47:00.454 [main] DEBUG o.s.c.a.ClassPathBeanDefinitionScanner - Identified candidate component class: file [/var/lib/jenkins/workspace/itrust-test/iTrust2/target/classes/edu/ncsu/csc/itrust2/controllers/api/APIOfficeVisitController.class]
06:47:00.454 [main] DEBUG o.s.c.a.ClassPathBeanDefinitionScanner - Identified candidate component class: file [/var/lib/jenkins/workspace/itrust-test/iTrust2/target/classes/edu/ncsu/csc/itrust2/controllers/api/APIPasswordController.class]
06:47:00.455 [main] DEBUG o.s.c.a.ClassPathBeanDefinitionScanner - Identified candidate component class: file [/var/lib/jenkins/workspace/itrust-test/iTrust2/target/classes/edu/ncsu/csc/itrust2/controllers/api/APIPatientController.class]
06:47:00.455 [main] DEBUG o.s.c.a.ClassPathBeanDefinitionScanner - Identified candidate component class: file [/var/lib/jenkins/workspace/itrust-test/iTrust2/target/classes/edu/ncsu/csc/itrust2/controllers/api/APIPersonnelController.class]
06:47:00.455 [main] DEBUG o.s.c.a.ClassPathBeanDefinitionScanner - Identified candidate component class: file [/var/lib/jenkins/workspace/itrust-test/iTrust2/target/classes/edu/ncsu/csc/itrust2/controllers/api/APIPrescriptionController.class]
06:47:00.456 [main] DEBUG o.s.c.a.ClassPathBeanDefinitionScanner - Identified candidate component class: file [/var/lib/jenkins/workspace/itrust-test/iTrust2/target/classes/edu/ncsu/csc/itrust2/controllers/api/APIUserController.class]
06:47:00.458 [main] DEBUG o.s.c.a.ClassPathBeanDefinitionScanner - Identified candidate component class: file [/var/lib/jenkins/workspace/itrust-test/iTrust2/target/classes/edu/ncsu/csc/itrust2/controllers/hcp/AppointmentControllerHCP.class]
06:47:00.458 [main] DEBUG o.s.c.a.ClassPathBeanDefinitionScanner - Identified candidate component class: file [/var/lib/jenkins/workspace/itrust-test/iTrust2/target/classes/edu/ncsu/csc/itrust2/controllers/hcp/HCPController.class]
06:47:00.459 [main] DEBUG o.s.c.a.ClassPathBeanDefinitionScanner - Identified candidate component class: file [/var/lib/jenkins/workspace/itrust-test/iTrust2/target/classes/edu/ncsu/csc/itrust2/controllers/hcp/OfficeVisitController.class]
06:47:00.459 [main] DEBUG o.s.c.a.ClassPathBeanDefinitionScanner - Identified candidate component class: file [/var/lib/jenkins/workspace/itrust-test/iTrust2/target/classes/edu/ncsu/csc/itrust2/controllers/patient/AppointmentController.class]
06:47:00.459 [main] DEBUG o.s.c.a.ClassPathBeanDefinitionScanner - Identified candidate component class: file [/var/lib/jenkins/workspace/itrust-test/iTrust2/target/classes/edu/ncsu/csc/itrust2/controllers/patient/DiagnosesController.class]
06:47:00.459 [main] DEBUG o.s.c.a.ClassPathBeanDefinitionScanner - Identified candidate component class: file [/var/lib/jenkins/workspace/itrust-test/iTrust2/target/classes/edu/ncsu/csc/itrust2/controllers/patient/PatientController.class]
06:47:00.460 [main] DEBUG o.s.c.a.ClassPathBeanDefinitionScanner - Identified candidate component class: file [/var/lib/jenkins/workspace/itrust-test/iTrust2/target/classes/edu/ncsu/csc/itrust2/controllers/personnel/PasswordController.class]
06:47:00.460 [main] DEBUG o.s.c.a.ClassPathBeanDefinitionScanner - Identified candidate component class: file [/var/lib/jenkins/workspace/itrust-test/iTrust2/target/classes/edu/ncsu/csc/itrust2/controllers/personnel/UserController.class]
06:47:00.460 [main] DEBUG o.s.c.i.s.PathMatchingResourcePatternResolver - Resolved classpath location [edu/ncsu/csc/itrust2/config/] to resources [URL [file:/var/lib/jenkins/workspace/itrust-test/iTrust2/target/classes/edu/ncsu/csc/itrust2/config/]]
06:47:00.461 [main] DEBUG o.s.c.i.s.PathMatchingResourcePatternResolver - Looking for matching resources in directory tree [/var/lib/jenkins/workspace/itrust-test/iTrust2/target/classes/edu/ncsu/csc/itrust2/config]
06:47:00.461 [main] DEBUG o.s.c.i.s.PathMatchingResourcePatternResolver - Searching directory [/var/lib/jenkins/workspace/itrust-test/iTrust2/target/classes/edu/ncsu/csc/itrust2/config] for files matching pattern [/var/lib/jenkins/workspace/itrust-test/iTrust2/target/classes/edu/ncsu/csc/itrust2/config/**/*.class]
06:47:00.461 [main] DEBUG o.s.c.i.s.PathMatchingResourcePatternResolver - Resolved location pattern [classpath*:edu/ncsu/csc/itrust2/config/**/*.class] to resources [file [/var/lib/jenkins/workspace/itrust-test/iTrust2/target/classes/edu/ncsu/csc/itrust2/config/ContextListener.class], file [/var/lib/jenkins/workspace/itrust-test/iTrust2/target/classes/edu/ncsu/csc/itrust2/config/DataConfiguration.class], file [/var/lib/jenkins/workspace/itrust-test/iTrust2/target/classes/edu/ncsu/csc/itrust2/config/FailureHandler.class], file [/var/lib/jenkins/workspace/itrust-test/iTrust2/target/classes/edu/ncsu/csc/itrust2/config/IPFilter.class], file [/var/lib/jenkins/workspace/itrust-test/iTrust2/target/classes/edu/ncsu/csc/itrust2/config/ITrust2ApplicationInitializer.class], file [/var/lib/jenkins/workspace/itrust-test/iTrust2/target/classes/edu/ncsu/csc/itrust2/config/ITrust2WebApplicationInitializer.class], file [/var/lib/jenkins/workspace/itrust-test/iTrust2/target/classes/edu/ncsu/csc/itrust2/config/LoginAuditingListener.class], file [/var/lib/jenkins/workspace/itrust-test/iTrust2/target/classes/edu/ncsu/csc/itrust2/config/RootConfiguration.class], file [/var/lib/jenkins/workspace/itrust-test/iTrust2/target/classes/edu/ncsu/csc/itrust2/config/SecurityConfig.class]]
06:47:00.461 [main] DEBUG o.s.c.a.ClassPathBeanDefinitionScanner - Identified candidate component class: file [/var/lib/jenkins/workspace/itrust-test/iTrust2/target/classes/edu/ncsu/csc/itrust2/config/DataConfiguration.class]
06:47:00.462 [main] DEBUG o.s.c.a.ClassPathBeanDefinitionScanner - Identified candidate component class: file [/var/lib/jenkins/workspace/itrust-test/iTrust2/target/classes/edu/ncsu/csc/itrust2/config/LoginAuditingListener.class]
06:47:00.462 [main] DEBUG o.s.c.a.ClassPathBeanDefinitionScanner - Identified candidate component class: file [/var/lib/jenkins/workspace/itrust-test/iTrust2/target/classes/edu/ncsu/csc/itrust2/config/RootConfiguration.class]
06:47:00.462 [main] DEBUG o.s.c.a.ClassPathBeanDefinitionScanner - Identified candidate component class: file [/var/lib/jenkins/workspace/itrust-test/iTrust2/target/classes/edu/ncsu/csc/itrust2/config/SecurityConfig.class]
06:47:00.484 [main] DEBUG o.s.c.a.ConfigurationClassBeanDefinitionReader - Registering bean definition for @Bean method edu.ncsu.csc.itrust2.config.DataConfiguration.dataSource()
06:47:00.484 [main] DEBUG o.s.c.a.ConfigurationClassBeanDefinitionReader - Registered bean definition for imported class 'org.springframework.security.config.annotation.configuration.ObjectPostProcessorConfiguration'
06:47:00.484 [main] DEBUG o.s.c.a.ConfigurationClassBeanDefinitionReader - Registering bean definition for @Bean method org.springframework.security.config.annotation.configuration.ObjectPostProcessorConfiguration.objectPostProcessor()
06:47:00.484 [main] DEBUG o.s.c.a.ConfigurationClassBeanDefinitionReader - Registered bean definition for imported class 'org.springframework.security.config.annotation.authentication.configuration.AuthenticationConfiguration'
06:47:00.484 [main] DEBUG o.s.c.a.ConfigurationClassBeanDefinitionReader - Registering bean definition for @Bean method org.springframework.security.config.annotation.authentication.configuration.AuthenticationConfiguration.authenticationManagerBuilder()
06:47:00.484 [main] DEBUG o.s.c.a.ConfigurationClassBeanDefinitionReader - Registering bean definition for @Bean method org.springframework.security.config.annotation.authentication.configuration.AuthenticationConfiguration.enableGlobalAuthenticationAutowiredConfigurer()
06:47:00.484 [main] DEBUG o.s.c.a.ConfigurationClassBeanDefinitionReader - Registering bean definition for @Bean method org.springframework.security.config.annotation.authentication.configuration.AuthenticationConfiguration.initializeUserDetailsBeanManagerConfigurer()
06:47:00.484 [main] DEBUG o.s.c.a.ConfigurationClassBeanDefinitionReader - Registering bean definition for @Bean method org.springframework.security.config.annotation.authentication.configuration.AuthenticationConfiguration.initializeAuthenticationProviderBeanManagerConfigurer()
06:47:00.484 [main] DEBUG o.s.c.a.ConfigurationClassBeanDefinitionReader - Registered bean definition for imported class 'org.springframework.security.config.annotation.web.configuration.WebSecurityConfiguration'
06:47:00.484 [main] DEBUG o.s.c.a.ConfigurationClassBeanDefinitionReader - Registering bean definition for @Bean method org.springframework.security.config.annotation.web.configuration.WebSecurityConfiguration.delegatingApplicationListener()
06:47:00.484 [main] DEBUG o.s.c.a.ConfigurationClassBeanDefinitionReader - Registering bean definition for @Bean method org.springframework.security.config.annotation.web.configuration.WebSecurityConfiguration.webSecurityExpressionHandler()
06:47:00.484 [main] DEBUG o.s.c.a.ConfigurationClassBeanDefinitionReader - Registering bean definition for @Bean method org.springframework.security.config.annotation.web.configuration.WebSecurityConfiguration.springSecurityFilterChain()
06:47:00.484 [main] DEBUG o.s.c.a.ConfigurationClassBeanDefinitionReader - Registering bean definition for @Bean method org.springframework.security.config.annotation.web.configuration.WebSecurityConfiguration.privilegeEvaluator()
06:47:00.484 [main] DEBUG o.s.c.a.ConfigurationClassBeanDefinitionReader - Registering bean definition for @Bean method org.springframework.security.config.annotation.web.configuration.WebSecurityConfiguration.autowiredWebSecurityConfigurersIgnoreParents()
06:47:00.484 [main] DEBUG o.s.c.a.ConfigurationClassBeanDefinitionReader - Registered bean definition for imported class 'org.springframework.security.config.annotation.web.configuration.WebMvcSecurityConfiguration'
06:47:00.484 [main] DEBUG o.s.c.a.ConfigurationClassBeanDefinitionReader - Registering bean definition for @Bean method org.springframework.security.config.annotation.web.configuration.WebMvcSecurityConfiguration.requestDataValueProcessor()
06:47:00.485 [main] DEBUG o.s.c.a.ConfigurationClassBeanDefinitionReader - Registering bean definition for @Bean method edu.ncsu.csc.itrust2.config.SecurityConfig.passwordEncoder()
06:47:00.485 [main] DEBUG o.s.c.a.ConfigurationClassBeanDefinitionReader - Registering bean definition for @Bean method edu.ncsu.csc.itrust2.config.SecurityConfig.defaultAuthenticationEventPublisher()
06:47:00.485 [main] DEBUG o.s.c.a.ConfigurationClassBeanDefinitionReader - Registering bean definition for @Bean method edu.ncsu.csc.itrust2.config.SecurityConfig.failureHandler()
06:47:00.485 [main] DEBUG o.s.c.a.ConfigurationClassBeanDefinitionReader - Registering bean definition for @Bean method edu.ncsu.csc.itrust2.config.SecurityConfig.ipBlockFilter()
06:47:00.485 [main] DEBUG o.s.c.a.ConfigurationClassBeanDefinitionReader - Registered bean definition for imported class 'org.springframework.web.servlet.config.annotation.DelegatingWebMvcConfiguration'
06:47:00.485 [main] DEBUG o.s.c.a.ConfigurationClassBeanDefinitionReader - Registering bean definition for @Bean method org.springframework.web.servlet.config.annotation.DelegatingWebMvcConfiguration.requestMappingHandlerMapping()
06:47:00.485 [main] DEBUG o.s.c.a.ConfigurationClassBeanDefinitionReader - Registering bean definition for @Bean method org.springframework.web.servlet.config.annotation.DelegatingWebMvcConfiguration.mvcPathMatcher()
06:47:00.485 [main] DEBUG o.s.c.a.ConfigurationClassBeanDefinitionReader - Registering bean definition for @Bean method org.springframework.web.servlet.config.annotation.DelegatingWebMvcConfiguration.mvcUrlPathHelper()
06:47:00.485 [main] DEBUG o.s.c.a.ConfigurationClassBeanDefinitionReader - Registering bean definition for @Bean method org.springframework.web.servlet.config.annotation.DelegatingWebMvcConfiguration.mvcContentNegotiationManager()
06:47:00.485 [main] DEBUG o.s.c.a.ConfigurationClassBeanDefinitionReader - Registering bean definition for @Bean method org.springframework.web.servlet.config.annotation.DelegatingWebMvcConfiguration.viewControllerHandlerMapping()
06:47:00.485 [main] DEBUG o.s.c.a.ConfigurationClassBeanDefinitionReader - Registering bean definition for @Bean method org.springframework.web.servlet.config.annotation.DelegatingWebMvcConfiguration.beanNameHandlerMapping()
06:47:00.486 [main] DEBUG o.s.c.a.ConfigurationClassBeanDefinitionReader - Registering bean definition for @Bean method org.springframework.web.servlet.config.annotation.DelegatingWebMvcConfiguration.resourceHandlerMapping()
06:47:00.486 [main] DEBUG o.s.c.a.ConfigurationClassBeanDefinitionReader - Registering bean definition for @Bean method org.springframework.web.servlet.config.annotation.DelegatingWebMvcConfiguration.mvcResourceUrlProvider()
06:47:00.486 [main] DEBUG o.s.c.a.ConfigurationClassBeanDefinitionReader - Registering bean definition for @Bean method org.springframework.web.servlet.config.annotation.DelegatingWebMvcConfiguration.defaultServletHandlerMapping()
06:47:00.486 [main] DEBUG o.s.c.a.ConfigurationClassBeanDefinitionReader - Registering bean definition for @Bean method org.springframework.web.servlet.config.annotation.DelegatingWebMvcConfiguration.requestMappingHandlerAdapter()
06:47:00.486 [main] DEBUG o.s.c.a.ConfigurationClassBeanDefinitionReader - Registering bean definition for @Bean method org.springframework.web.servlet.config.annotation.DelegatingWebMvcConfiguration.mvcValidator()
06:47:00.486 [main] DEBUG o.s.c.a.ConfigurationClassBeanDefinitionReader - Registering bean definition for @Bean method org.springframework.web.servlet.config.annotation.DelegatingWebMvcConfiguration.mvcUriComponentsContributor()
06:47:00.486 [main] DEBUG o.s.c.a.ConfigurationClassBeanDefinitionReader - Registering bean definition for @Bean method org.springframework.web.servlet.config.annotation.DelegatingWebMvcConfiguration.httpRequestHandlerAdapter()
06:47:00.486 [main] DEBUG o.s.c.a.ConfigurationClassBeanDefinitionReader - Registering bean definition for @Bean method org.springframework.web.servlet.config.annotation.DelegatingWebMvcConfiguration.simpleControllerHandlerAdapter()
06:47:00.486 [main] DEBUG o.s.c.a.ConfigurationClassBeanDefinitionReader - Registering bean definition for @Bean method org.springframework.web.servlet.config.annotation.DelegatingWebMvcConfiguration.handlerExceptionResolver()
06:47:00.486 [main] DEBUG o.s.c.a.ConfigurationClassBeanDefinitionReader - Registering bean definition for @Bean method org.springframework.web.servlet.config.annotation.DelegatingWebMvcConfiguration.mvcViewResolver()
06:47:00.486 [main] DEBUG o.s.c.a.ConfigurationClassBeanDefinitionReader - Registering bean definition for @Bean method org.springframework.web.servlet.config.annotation.DelegatingWebMvcConfiguration.mvcConversionService()
06:47:00.486 [main] DEBUG o.s.c.a.ConfigurationClassBeanDefinitionReader - Registered bean definition for imported class 'org.springframework.security.config.annotation.method.configuration.GlobalMethodSecurityConfiguration'
06:47:00.487 [main] DEBUG o.s.c.a.ConfigurationClassBeanDefinitionReader - Registering bean definition for @Bean method org.springframework.security.config.annotation.method.configuration.GlobalMethodSecurityConfiguration.methodSecurityInterceptor()
06:47:00.487 [main] DEBUG o.s.c.a.ConfigurationClassBeanDefinitionReader - Registering bean definition for @Bean method org.springframework.security.config.annotation.method.configuration.GlobalMethodSecurityConfiguration.methodSecurityMetadataSource()
06:47:00.487 [main] DEBUG o.s.c.a.ConfigurationClassBeanDefinitionReader - Registering bean definition for @Bean method org.springframework.security.config.annotation.method.configuration.GlobalMethodSecurityConfiguration.preInvocationAuthorizationAdvice()
06:47:00.487 [main] DEBUG o.s.c.a.ConfigurationClassBeanDefinitionReader - Registering bean definition for @Bean method edu.ncsu.csc.itrust2.mvc.config.WebMvcConfiguration.templateEngine()
06:47:00.487 [main] DEBUG o.s.c.a.ConfigurationClassBeanDefinitionReader - Registering bean definition for @Bean method edu.ncsu.csc.itrust2.mvc.config.WebMvcConfiguration.domainClassConverter()
06:47:00.487 [main] DEBUG o.s.c.a.ConfigurationClassBeanDefinitionReader - Registering bean definition for @Bean method edu.ncsu.csc.itrust2.mvc.config.WebMvcConfiguration.viewResolver()
06:47:00.489 [main] DEBUG o.s.c.a.ConfigurationClassEnhancer - Successfully enhanced edu.ncsu.csc.itrust2.config.RootConfiguration; enhanced class name is: edu.ncsu.csc.itrust2.config.RootConfiguration$$EnhancerBySpringCGLIB$$531f067d
06:47:00.489 [main] DEBUG o.s.c.a.ConfigurationClassPostProcessor - Replacing bean definition 'rootConfiguration' existing class 'edu.ncsu.csc.itrust2.config.RootConfiguration' with enhanced class 'edu.ncsu.csc.itrust2.config.RootConfiguration$$EnhancerBySpringCGLIB$$531f067d'
06:47:00.489 [main] DEBUG o.s.c.a.ConfigurationClassEnhancer - Successfully enhanced edu.ncsu.csc.itrust2.mvc.config.WebMvcConfiguration; enhanced class name is: edu.ncsu.csc.itrust2.mvc.config.WebMvcConfiguration$$EnhancerBySpringCGLIB$$6fca09cd
06:47:00.489 [main] DEBUG o.s.c.a.ConfigurationClassPostProcessor - Replacing bean definition 'webMvcConfiguration' existing class 'edu.ncsu.csc.itrust2.mvc.config.WebMvcConfiguration' with enhanced class 'edu.ncsu.csc.itrust2.mvc.config.WebMvcConfiguration$$EnhancerBySpringCGLIB$$6fca09cd'
06:47:00.489 [main] DEBUG o.s.c.a.ConfigurationClassEnhancer - Successfully enhanced edu.ncsu.csc.itrust2.config.DataConfiguration; enhanced class name is: edu.ncsu.csc.itrust2.config.DataConfiguration$$EnhancerBySpringCGLIB$$975e4bb5
06:47:00.489 [main] DEBUG o.s.c.a.ConfigurationClassPostProcessor - Replacing bean definition 'dataConfiguration' existing class 'edu.ncsu.csc.itrust2.config.DataConfiguration' with enhanced class 'edu.ncsu.csc.itrust2.config.DataConfiguration$$EnhancerBySpringCGLIB$$975e4bb5'
06:47:00.489 [main] DEBUG o.s.c.a.ConfigurationClassEnhancer - Successfully enhanced edu.ncsu.csc.itrust2.config.SecurityConfig; enhanced class name is: edu.ncsu.csc.itrust2.config.SecurityConfig$$EnhancerBySpringCGLIB$$89ded359
06:47:00.489 [main] DEBUG o.s.c.a.ConfigurationClassPostProcessor - Replacing bean definition 'securityConfig' existing class 'edu.ncsu.csc.itrust2.config.SecurityConfig' with enhanced class 'edu.ncsu.csc.itrust2.config.SecurityConfig$$EnhancerBySpringCGLIB$$89ded359'
06:47:00.489 [main] DEBUG o.s.c.a.ConfigurationClassEnhancer - Successfully enhanced org.springframework.security.config.annotation.configuration.ObjectPostProcessorConfiguration; enhanced class name is: org.springframework.security.config.annotation.configuration.ObjectPostProcessorConfiguration$$EnhancerBySpringCGLIB$$97d41d25
06:47:00.489 [main] DEBUG o.s.c.a.ConfigurationClassPostProcessor - Replacing bean definition 'org.springframework.security.config.annotation.configuration.ObjectPostProcessorConfiguration' existing class 'org.springframework.security.config.annotation.configuration.ObjectPostProcessorConfiguration' with enhanced class 'org.springframework.security.config.annotation.configuration.ObjectPostProcessorConfiguration$$EnhancerBySpringCGLIB$$97d41d25'
06:47:00.490 [main] DEBUG o.s.c.a.ConfigurationClassEnhancer - Successfully enhanced org.springframework.security.config.annotation.authentication.configuration.AuthenticationConfiguration; enhanced class name is: org.springframework.security.config.annotation.authentication.configuration.AuthenticationConfiguration$$EnhancerBySpringCGLIB$$e39d279a
06:47:00.490 [main] DEBUG o.s.c.a.ConfigurationClassPostProcessor - Replacing bean definition 'org.springframework.security.config.annotation.authentication.configuration.AuthenticationConfiguration' existing class 'org.springframework.security.config.annotation.authentication.configuration.AuthenticationConfiguration' with enhanced class 'org.springframework.security.config.annotation.authentication.configuration.AuthenticationConfiguration$$EnhancerBySpringCGLIB$$e39d279a'
06:47:00.490 [main] DEBUG o.s.c.a.ConfigurationClassEnhancer - Successfully enhanced org.springframework.security.config.annotation.authentication.configuration.AuthenticationConfiguration; enhanced class name is: org.springframework.security.config.annotation.authentication.configuration.AuthenticationConfiguration$$EnhancerBySpringCGLIB$$e39d279a
06:47:00.490 [main] DEBUG o.s.c.a.ConfigurationClassPostProcessor - Replacing bean definition 'enableGlobalAuthenticationAutowiredConfigurer' existing class 'org.springframework.security.config.annotation.authentication.configuration.AuthenticationConfiguration' with enhanced class 'org.springframework.security.config.annotation.authentication.configuration.AuthenticationConfiguration$$EnhancerBySpringCGLIB$$e39d279a'
06:47:00.490 [main] DEBUG o.s.c.a.ConfigurationClassEnhancer - Successfully enhanced org.springframework.security.config.annotation.authentication.configuration.AuthenticationConfiguration; enhanced class name is: org.springframework.security.config.annotation.authentication.configuration.AuthenticationConfiguration$$EnhancerBySpringCGLIB$$e39d279a
06:47:00.490 [main] DEBUG o.s.c.a.ConfigurationClassPostProcessor - Replacing bean definition 'initializeUserDetailsBeanManagerConfigurer' existing class 'org.springframework.security.config.annotation.authentication.configuration.AuthenticationConfiguration' with enhanced class 'org.springframework.security.config.annotation.authentication.configuration.AuthenticationConfiguration$$EnhancerBySpringCGLIB$$e39d279a'
06:47:00.490 [main] DEBUG o.s.c.a.ConfigurationClassEnhancer - Successfully enhanced org.springframework.security.config.annotation.authentication.configuration.AuthenticationConfiguration; enhanced class name is: org.springframework.security.config.annotation.authentication.configuration.AuthenticationConfiguration$$EnhancerBySpringCGLIB$$e39d279a
06:47:00.490 [main] DEBUG o.s.c.a.ConfigurationClassPostProcessor - Replacing bean definition 'initializeAuthenticationProviderBeanManagerConfigurer' existing class 'org.springframework.security.config.annotation.authentication.configuration.AuthenticationConfiguration' with enhanced class 'org.springframework.security.config.annotation.authentication.configuration.AuthenticationConfiguration$$EnhancerBySpringCGLIB$$e39d279a'
06:47:00.490 [main] DEBUG o.s.c.a.ConfigurationClassEnhancer - Successfully enhanced org.springframework.security.config.annotation.web.configuration.WebSecurityConfiguration; enhanced class name is: org.springframework.security.config.annotation.web.configuration.WebSecurityConfiguration$$EnhancerBySpringCGLIB$$a65781de
06:47:00.490 [main] DEBUG o.s.c.a.ConfigurationClassPostProcessor - Replacing bean definition 'org.springframework.security.config.annotation.web.configuration.WebSecurityConfiguration' existing class 'org.springframework.security.config.annotation.web.configuration.WebSecurityConfiguration' with enhanced class 'org.springframework.security.config.annotation.web.configuration.WebSecurityConfiguration$$EnhancerBySpringCGLIB$$a65781de'
06:47:00.490 [main] DEBUG o.s.c.a.ConfigurationClassEnhancer - Successfully enhanced org.springframework.security.config.annotation.web.configuration.WebSecurityConfiguration; enhanced class name is: org.springframework.security.config.annotation.web.configuration.WebSecurityConfiguration$$EnhancerBySpringCGLIB$$a65781de
06:47:00.490 [main] DEBUG o.s.c.a.ConfigurationClassPostProcessor - Replacing bean definition 'delegatingApplicationListener' existing class 'org.springframework.security.config.annotation.web.configuration.WebSecurityConfiguration' with enhanced class 'org.springframework.security.config.annotation.web.configuration.WebSecurityConfiguration$$EnhancerBySpringCGLIB$$a65781de'
06:47:00.490 [main] DEBUG o.s.c.a.ConfigurationClassEnhancer - Successfully enhanced org.springframework.web.servlet.config.annotation.DelegatingWebMvcConfiguration; enhanced class name is: org.springframework.web.servlet.config.annotation.DelegatingWebMvcConfiguration$$EnhancerBySpringCGLIB$$c3e73a21
06:47:00.490 [main] DEBUG o.s.c.a.ConfigurationClassPostProcessor - Replacing bean definition 'org.springframework.web.servlet.config.annotation.DelegatingWebMvcConfiguration' existing class 'org.springframework.web.servlet.config.annotation.DelegatingWebMvcConfiguration' with enhanced class 'org.springframework.web.servlet.config.annotation.DelegatingWebMvcConfiguration$$EnhancerBySpringCGLIB$$c3e73a21'
06:47:00.490 [main] DEBUG o.s.c.a.ConfigurationClassEnhancer - Successfully enhanced org.springframework.security.config.annotation.method.configuration.GlobalMethodSecurityConfiguration; enhanced class name is: org.springframework.security.config.annotation.method.configuration.GlobalMethodSecurityConfiguration$$EnhancerBySpringCGLIB$$bca8bfd7
06:47:00.490 [main] DEBUG o.s.c.a.ConfigurationClassPostProcessor - Replacing bean definition 'org.springframework.security.config.annotation.method.configuration.GlobalMethodSecurityConfiguration' existing class 'org.springframework.security.config.annotation.method.configuration.GlobalMethodSecurityConfiguration' with enhanced class 'org.springframework.security.config.annotation.method.configuration.GlobalMethodSecurityConfiguration$$EnhancerBySpringCGLIB$$bca8bfd7'
06:47:00.492 [main] DEBUG o.s.b.f.s.DefaultListableBeanFactory - Creating shared instance of singleton bean 'org.springframework.context.annotation.internalAutowiredAnnotationProcessor'
06:47:00.492 [main] DEBUG o.s.b.f.s.DefaultListableBeanFactory - Creating instance of bean 'org.springframework.context.annotation.internalAutowiredAnnotationProcessor'
06:47:00.493 [main] DEBUG o.s.b.f.s.DefaultListableBeanFactory - Eagerly caching bean 'org.springframework.context.annotation.internalAutowiredAnnotationProcessor' to allow for resolving potential circular references
06:47:00.495 [main] DEBUG o.s.b.f.s.DefaultListableBeanFactory - Finished creating instance of bean 'org.springframework.context.annotation.internalAutowiredAnnotationProcessor'
06:47:00.495 [main] DEBUG o.s.b.f.s.DefaultListableBeanFactory - Creating shared instance of singleton bean 'org.springframework.context.annotation.internalRequiredAnnotationProcessor'
06:47:00.495 [main] DEBUG o.s.b.f.s.DefaultListableBeanFactory - Creating instance of bean 'org.springframework.context.annotation.internalRequiredAnnotationProcessor'
06:47:00.495 [main] DEBUG o.s.b.f.s.DefaultListableBeanFactory - Eagerly caching bean 'org.springframework.context.annotation.internalRequiredAnnotationProcessor' to allow for resolving potential circular references
06:47:00.497 [main] DEBUG o.s.b.f.s.DefaultListableBeanFactory - Finished creating instance of bean 'org.springframework.context.annotation.internalRequiredAnnotationProcessor'
06:47:00.497 [main] DEBUG o.s.b.f.s.DefaultListableBeanFactory - Creating shared instance of singleton bean 'org.springframework.context.annotation.internalCommonAnnotationProcessor'
06:47:00.497 [main] DEBUG o.s.b.f.s.DefaultListableBeanFactory - Creating instance of bean 'org.springframework.context.annotation.internalCommonAnnotationProcessor'
06:47:00.497 [main] DEBUG o.s.b.f.s.DefaultListableBeanFactory - Eagerly caching bean 'org.springframework.context.annotation.internalCommonAnnotationProcessor' to allow for resolving potential circular references
06:47:00.499 [main] DEBUG o.s.b.f.s.DefaultListableBeanFactory - Finished creating instance of bean 'org.springframework.context.annotation.internalCommonAnnotationProcessor'
06:47:00.500 [main] DEBUG o.s.b.f.s.DefaultListableBeanFactory - Creating shared instance of singleton bean 'org.springframework.context.annotation.internalPersistenceAnnotationProcessor'
06:47:00.500 [main] DEBUG o.s.b.f.s.DefaultListableBeanFactory - Creating instance of bean 'org.springframework.context.annotation.internalPersistenceAnnotationProcessor'
06:47:00.500 [main] DEBUG o.s.b.f.s.DefaultListableBeanFactory - Eagerly caching bean 'org.springframework.context.annotation.internalPersistenceAnnotationProcessor' to allow for resolving potential circular references
06:47:00.502 [main] DEBUG o.s.b.f.s.DefaultListableBeanFactory - Finished creating instance of bean 'org.springframework.context.annotation.internalPersistenceAnnotationProcessor'
06:47:00.502 [main] DEBUG o.s.b.f.s.DefaultListableBeanFactory - Creating shared instance of singleton bean 'org.springframework.aop.config.internalAutoProxyCreator'
06:47:00.502 [main] DEBUG o.s.b.f.s.DefaultListableBeanFactory - Creating instance of bean 'org.springframework.aop.config.internalAutoProxyCreator'
06:47:00.503 [main] DEBUG o.s.b.f.s.DefaultListableBeanFactory - Eagerly caching bean 'org.springframework.aop.config.internalAutoProxyCreator' to allow for resolving potential circular references
06:47:00.505 [main] DEBUG o.s.b.f.s.DefaultListableBeanFactory - Finished creating instance of bean 'org.springframework.aop.config.internalAutoProxyCreator'
06:47:00.506 [main] DEBUG o.s.w.c.s.GenericWebApplicationContext - Unable to locate MessageSource with name 'messageSource': using default [org.springframework.context.support.DelegatingMessageSource@762a7216]
06:47:00.506 [main] DEBUG o.s.w.c.s.GenericWebApplicationContext - Unable to locate ApplicationEventMulticaster with name 'applicationEventMulticaster': using default [org.springframework.context.event.SimpleApplicationEventMulticaster@3bbc8603]
06:47:00.506 [main] DEBUG o.s.u.c.s.UiApplicationContextUtils - Unable to locate ThemeSource with name 'themeSource': using default [org.springframework.ui.context.support.ResourceBundleThemeSource@78e10901]
06:47:00.506 [main] DEBUG o.s.b.f.s.DefaultListableBeanFactory - Pre-instantiating singletons in org.springframework.beans.factory.support.DefaultListableBeanFactory@4d5023f5: defining beans [org.springframework.context.annotation.internalConfigurationAnnotationProcessor,org.springframework.context.annotation.internalAutowiredAnnotationProcessor,org.springframework.context.annotation.internalRequiredAnnotationProcessor,org.springframework.context.annotation.internalCommonAnnotationProcessor,org.springframework.context.annotation.internalPersistenceAnnotationProcessor,org.springframework.context.event.internalEventListenerProcessor,org.springframework.context.event.internalEventListenerFactory,rootConfiguration,webMvcConfiguration,dataConfiguration,loginAuditingListener,securityConfig,defaultController,adminController,adminUserController,hospitalController,ICDCodesController,APIAppointmentRequestController,APIDiagnosisController,APIDrugController,APIEnumController,APIHospitalController,APIICDCodeController,APILogEntryController,APIOfficeVisitController,APIPasswordController,APIPatientController,APIPersonnelController,APIPrescriptionController,APIUserController,appointmentControllerHCP,HCPController,officeVisitController,appointmentController,diagnosesController,patientController,passwordController,userController,dataSource,org.springframework.security.config.annotation.configuration.ObjectPostProcessorConfiguration,objectPostProcessor,org.springframework.security.config.annotation.authentication.configuration.AuthenticationConfiguration,authenticationManagerBuilder,enableGlobalAuthenticationAutowiredConfigurer,initializeUserDetailsBeanManagerConfigurer,initializeAuthenticationProviderBeanManagerConfigurer,org.springframework.security.config.annotation.web.configuration.WebSecurityConfiguration,delegatingApplicationListener,webSecurityExpressionHandler,springSecurityFilterChain,privilegeEvaluator,autowiredWebSecurityConfigurersIgnoreParents,org.springframework.security.config.annotation.web.configuration.WebMvcSecurityConfiguration,requestDataValueProcessor,passwordEncoder,defaultAuthenticationEventPublisher,failureHandler,ipBlockFilter,org.springframework.web.servlet.config.annotation.DelegatingWebMvcConfiguration,requestMappingHandlerMapping,mvcPathMatcher,mvcUrlPathHelper,mvcContentNegotiationManager,viewControllerHandlerMapping,beanNameHandlerMapping,resourceHandlerMapping,mvcResourceUrlProvider,defaultServletHandlerMapping,requestMappingHandlerAdapter,mvcValidator,mvcUriComponentsContributor,httpRequestHandlerAdapter,simpleControllerHandlerAdapter,handlerExceptionResolver,mvcViewResolver,mvcConversionService,org.springframework.security.config.annotation.method.configuration.GlobalMethodSecurityConfiguration,methodSecurityInterceptor,methodSecurityMetadataSource,preInvocationAuthorizationAdvice,templateEngine,domainClassConverter,viewResolver,metaDataSourceAdvisor,org.springframework.aop.config.internalAutoProxyCreator]; root of factory hierarchy
06:47:00.506 [main] DEBUG o.s.b.f.s.DefaultListableBeanFactory - Returning cached instance of singleton bean 'org.springframework.context.annotation.internalConfigurationAnnotationProcessor'
06:47:00.506 [main] DEBUG o.s.b.f.s.DefaultListableBeanFactory - Returning cached instance of singleton bean 'org.springframework.context.annotation.internalAutowiredAnnotationProcessor'
06:47:00.506 [main] DEBUG o.s.b.f.s.DefaultListableBeanFactory - Returning cached instance of singleton bean 'org.springframework.context.annotation.internalRequiredAnnotationProcessor'
06:47:00.506 [main] DEBUG o.s.b.f.s.DefaultListableBeanFactory - Returning cached instance of singleton bean 'org.springframework.context.annotation.internalCommonAnnotationProcessor'
06:47:00.506 [main] DEBUG o.s.b.f.s.DefaultListableBeanFactory - Returning cached instance of singleton bean 'org.springframework.context.annotation.internalPersistenceAnnotationProcessor'
06:47:00.506 [main] DEBUG o.s.b.f.s.DefaultListableBeanFactory - Creating shared instance of singleton bean 'org.springframework.context.event.internalEventListenerProcessor'
06:47:00.506 [main] DEBUG o.s.b.f.s.DefaultListableBeanFactory - Creating instance of bean 'org.springframework.context.event.internalEventListenerProcessor'
06:47:00.507 [main] DEBUG o.s.b.f.s.DefaultListableBeanFactory - Eagerly caching bean 'org.springframework.context.event.internalEventListenerProcessor' to allow for resolving potential circular references
06:47:00.508 [main] DEBUG o.s.b.f.s.DefaultListableBeanFactory - Creating shared instance of singleton bean 'metaDataSourceAdvisor'
06:47:00.508 [main] DEBUG o.s.b.f.s.DefaultListableBeanFactory - Creating instance of bean 'metaDataSourceAdvisor'
06:47:00.508 [main] DEBUG o.s.b.f.s.DefaultListableBeanFactory - Creating shared instance of singleton bean 'methodSecurityMetadataSource'
06:47:00.508 [main] DEBUG o.s.b.f.s.DefaultListableBeanFactory - Creating instance of bean 'methodSecurityMetadataSource'
06:47:00.508 [main] DEBUG o.s.b.f.s.DefaultListableBeanFactory - Creating shared instance of singleton bean 'org.springframework.security.config.annotation.method.configuration.GlobalMethodSecurityConfiguration'
06:47:00.508 [main] DEBUG o.s.b.f.s.DefaultListableBeanFactory - Creating instance of bean 'org.springframework.security.config.annotation.method.configuration.GlobalMethodSecurityConfiguration'
06:47:00.510 [main] DEBUG o.s.b.f.annotation.InjectionMetadata - Registered injected element on class [org.springframework.security.config.annotation.method.configuration.GlobalMethodSecurityConfiguration$$EnhancerBySpringCGLIB$$bca8bfd7]: AutowiredMethodElement for public void org.springframework.security.config.annotation.method.configuration.GlobalMethodSecurityConfiguration.setApplicationContext(org.springframework.context.ApplicationContext)
06:47:00.510 [main] DEBUG o.s.b.f.annotation.InjectionMetadata - Registered injected element on class [org.springframework.security.config.annotation.method.configuration.GlobalMethodSecurityConfiguration$$EnhancerBySpringCGLIB$$bca8bfd7]: AutowiredMethodElement for public void org.springframework.security.config.annotation.method.configuration.GlobalMethodSecurityConfiguration.setJsr250MethodSecurityMetadataSource(org.springframework.security.access.annotation.Jsr250MethodSecurityMetadataSource)
06:47:00.510 [main] DEBUG o.s.b.f.annotation.InjectionMetadata - Registered injected element on class [org.springframework.security.config.annotation.method.configuration.GlobalMethodSecurityConfiguration$$EnhancerBySpringCGLIB$$bca8bfd7]: AutowiredMethodElement for public void org.springframework.security.config.annotation.method.configuration.GlobalMethodSecurityConfiguration.setMethodSecurityExpressionHandler(java.util.List)
06:47:00.510 [main] DEBUG o.s.b.f.annotation.InjectionMetadata - Registered injected element on class [org.springframework.security.config.annotation.method.configuration.GlobalMethodSecurityConfiguration$$EnhancerBySpringCGLIB$$bca8bfd7]: AutowiredMethodElement for public void org.springframework.security.config.annotation.method.configuration.GlobalMethodSecurityConfiguration.setObjectPostProcessor(org.springframework.security.config.annotation.ObjectPostProcessor)
06:47:00.510 [main] DEBUG o.s.b.f.s.DefaultListableBeanFactory - Eagerly caching bean 'org.springframework.security.config.annotation.method.configuration.GlobalMethodSecurityConfiguration' to allow for resolving potential circular references
06:47:00.510 [main] DEBUG o.s.b.f.annotation.InjectionMetadata - Processing injected element of bean 'org.springframework.security.config.annotation.method.configuration.GlobalMethodSecurityConfiguration': AutowiredMethodElement for public void org.springframework.security.config.annotation.method.configuration.GlobalMethodSecurityConfiguration.setApplicationContext(org.springframework.context.ApplicationContext)
06:47:00.510 [main] DEBUG o.s.b.f.a.AutowiredAnnotationBeanPostProcessor - Autowiring by type from bean name 'org.springframework.security.config.annotation.method.configuration.GlobalMethodSecurityConfiguration' to bean named 'org.springframework.web.context.support.GenericWebApplicationContext@b6cae33'
06:47:00.510 [main] DEBUG o.s.b.f.annotation.InjectionMetadata - Processing injected element of bean 'org.springframework.security.config.annotation.method.configuration.GlobalMethodSecurityConfiguration': AutowiredMethodElement for public void org.springframework.security.config.annotation.method.configuration.GlobalMethodSecurityConfiguration.setJsr250MethodSecurityMetadataSource(org.springframework.security.access.annotation.Jsr250MethodSecurityMetadataSource)
06:47:00.510 [main] DEBUG o.s.b.f.annotation.InjectionMetadata - Processing injected element of bean 'org.springframework.security.config.annotation.method.configuration.GlobalMethodSecurityConfiguration': AutowiredMethodElement for public void org.springframework.security.config.annotation.method.configuration.GlobalMethodSecurityConfiguration.setMethodSecurityExpressionHandler(java.util.List)
06:47:00.511 [main] DEBUG o.s.b.f.annotation.InjectionMetadata - Processing injected element of bean 'org.springframework.security.config.annotation.method.configuration.GlobalMethodSecurityConfiguration': AutowiredMethodElement for public void org.springframework.security.config.annotation.method.configuration.GlobalMethodSecurityConfiguration.setObjectPostProcessor(org.springframework.security.config.annotation.ObjectPostProcessor)
06:47:00.511 [main] DEBUG o.s.b.f.s.DefaultListableBeanFactory - Creating shared instance of singleton bean 'objectPostProcessor'
06:47:00.511 [main] DEBUG o.s.b.f.s.DefaultListableBeanFactory - Creating instance of bean 'objectPostProcessor'
06:47:00.511 [main] DEBUG o.s.b.f.s.DefaultListableBeanFactory - Creating shared instance of singleton bean 'org.springframework.security.config.annotation.configuration.ObjectPostProcessorConfiguration'
06:47:00.511 [main] DEBUG o.s.b.f.s.DefaultListableBeanFactory - Creating instance of bean 'org.springframework.security.config.annotation.configuration.ObjectPostProcessorConfiguration'
06:47:00.511 [main] DEBUG o.s.b.f.s.DefaultListableBeanFactory - Eagerly caching bean 'org.springframework.security.config.annotation.configuration.ObjectPostProcessorConfiguration' to allow for resolving potential circular references
06:47:00.512 [main] DEBUG o.s.a.f.a.BeanFactoryAdvisorRetrievalHelper - Skipping currently created advisor 'metaDataSourceAdvisor'
06:47:00.512 [main] DEBUG o.s.b.f.s.DefaultListableBeanFactory - Finished creating instance of bean 'org.springframework.security.config.annotation.configuration.ObjectPostProcessorConfiguration'
06:47:00.513 [main] DEBUG o.s.b.f.s.DefaultListableBeanFactory - Autowiring by type from bean name 'objectPostProcessor' via factory method to bean named 'org.springframework.beans.factory.support.DefaultListableBeanFactory@4d5023f5'
06:47:00.513 [main] DEBUG o.s.b.f.s.DefaultListableBeanFactory - Eagerly caching bean 'objectPostProcessor' to allow for resolving potential circular references
06:47:00.515 [main] DEBUG o.s.a.f.a.BeanFactoryAdvisorRetrievalHelper - Skipping currently created advisor 'metaDataSourceAdvisor'
06:47:00.516 [main] DEBUG o.s.b.f.s.DefaultListableBeanFactory - Finished creating instance of bean 'objectPostProcessor'
06:47:00.516 [main] DEBUG o.s.b.f.a.AutowiredAnnotationBeanPostProcessor - Autowiring by type from bean name 'org.springframework.security.config.annotation.method.configuration.GlobalMethodSecurityConfiguration' to bean named 'objectPostProcessor'
06:47:00.518 [main] DEBUG o.s.b.f.s.DefaultListableBeanFactory - Returning cached instance of singleton bean 'org.springframework.context.annotation.ConfigurationClassPostProcessor.importRegistry'
06:47:00.519 [main] DEBUG o.s.a.f.a.BeanFactoryAdvisorRetrievalHelper - Skipping currently created advisor 'metaDataSourceAdvisor'
06:47:00.519 [main] DEBUG o.s.b.f.s.DefaultListableBeanFactory - Finished creating instance of bean 'org.springframework.security.config.annotation.method.configuration.GlobalMethodSecurityConfiguration'
06:47:00.519 [main] DEBUG o.s.b.f.s.DefaultListableBeanFactory - Eagerly caching bean 'methodSecurityMetadataSource' to allow for resolving potential circular references
06:47:00.520 [main] DEBUG o.s.b.f.s.DefaultListableBeanFactory - Finished creating instance of bean 'methodSecurityMetadataSource'
06:47:00.521 [main] DEBUG o.s.b.f.s.DefaultListableBeanFactory - Eagerly caching bean 'metaDataSourceAdvisor' to allow for resolving potential circular references
06:47:00.525 [main] DEBUG o.s.b.f.s.DefaultListableBeanFactory - Finished creating instance of bean 'metaDataSourceAdvisor'
06:47:00.525 [main] DEBUG o.s.b.f.s.DefaultListableBeanFactory - Finished creating instance of bean 'org.springframework.context.event.internalEventListenerProcessor'
06:47:00.525 [main] DEBUG o.s.b.f.s.DefaultListableBeanFactory - Creating shared instance of singleton bean 'org.springframework.context.event.internalEventListenerFactory'
06:47:00.525 [main] DEBUG o.s.b.f.s.DefaultListableBeanFactory - Creating instance of bean 'org.springframework.context.event.internalEventListenerFactory'
06:47:00.526 [main] DEBUG o.s.b.f.s.DefaultListableBeanFactory - Eagerly caching bean 'org.springframework.context.event.internalEventListenerFactory' to allow for resolving potential circular references
06:47:00.527 [main] DEBUG o.s.b.f.s.DefaultListableBeanFactory - Returning cached instance of singleton bean 'metaDataSourceAdvisor'
06:47:00.527 [main] DEBUG o.s.b.f.s.DefaultListableBeanFactory - Finished creating instance of bean 'org.springframework.context.event.internalEventListenerFactory'
06:47:00.527 [main] DEBUG o.s.b.f.s.DefaultListableBeanFactory - Creating shared instance of singleton bean 'rootConfiguration'
06:47:00.527 [main] DEBUG o.s.b.f.s.DefaultListableBeanFactory - Creating instance of bean 'rootConfiguration'
06:47:00.527 [main] DEBUG o.s.b.f.s.DefaultListableBeanFactory - Eagerly caching bean 'rootConfiguration' to allow for resolving potential circular references
06:47:00.528 [main] DEBUG o.s.b.f.s.DefaultListableBeanFactory - Returning cached instance of singleton bean 'metaDataSourceAdvisor'
06:47:00.529 [main] DEBUG o.s.b.f.s.DefaultListableBeanFactory - Finished creating instance of bean 'rootConfiguration'
06:47:00.529 [main] DEBUG o.s.b.f.s.DefaultListableBeanFactory - Creating shared instance of singleton bean 'webMvcConfiguration'
06:47:00.529 [main] DEBUG o.s.b.f.s.DefaultListableBeanFactory - Creating instance of bean 'webMvcConfiguration'
06:47:00.529 [main] DEBUG o.s.b.f.annotation.InjectionMetadata - Registered injected element on class [edu.ncsu.csc.itrust2.mvc.config.WebMvcConfiguration$$EnhancerBySpringCGLIB$$6fca09cd]: AutowiredFieldElement for private org.springframework.context.ApplicationContext edu.ncsu.csc.itrust2.mvc.config.WebMvcConfiguration.applicationContext
06:47:00.529 [main] DEBUG o.s.b.f.annotation.InjectionMetadata - Registered injected element on class [edu.ncsu.csc.itrust2.mvc.config.WebMvcConfiguration$$EnhancerBySpringCGLIB$$6fca09cd]: AutowiredFieldElement for private org.springframework.format.support.FormattingConversionService edu.ncsu.csc.itrust2.mvc.config.WebMvcConfiguration.mvcConversionService
06:47:00.529 [main] DEBUG o.s.b.f.s.DefaultListableBeanFactory - Eagerly caching bean 'webMvcConfiguration' to allow for resolving potential circular references
06:47:00.531 [main] DEBUG o.s.b.f.annotation.InjectionMetadata - Processing injected element of bean 'webMvcConfiguration': AutowiredFieldElement for private org.springframework.context.ApplicationContext edu.ncsu.csc.itrust2.mvc.config.WebMvcConfiguration.applicationContext
06:47:00.531 [main] DEBUG o.s.b.f.a.AutowiredAnnotationBeanPostProcessor - Autowiring by type from bean name 'webMvcConfiguration' to bean named 'org.springframework.web.context.support.GenericWebApplicationContext@b6cae33'
06:47:00.531 [main] DEBUG o.s.b.f.annotation.InjectionMetadata - Processing injected element of bean 'webMvcConfiguration': AutowiredFieldElement for private org.springframework.format.support.FormattingConversionService edu.ncsu.csc.itrust2.mvc.config.WebMvcConfiguration.mvcConversionService
06:47:00.532 [main] DEBUG o.s.b.f.s.DefaultListableBeanFactory - Creating shared instance of singleton bean 'mvcConversionService'
06:47:00.532 [main] DEBUG o.s.b.f.s.DefaultListableBeanFactory - Creating instance of bean 'mvcConversionService'
06:47:00.532 [main] DEBUG o.s.b.f.s.DefaultListableBeanFactory - Creating shared instance of singleton bean 'org.springframework.web.servlet.config.annotation.DelegatingWebMvcConfiguration'
06:47:00.532 [main] DEBUG o.s.b.f.s.DefaultListableBeanFactory - Creating instance of bean 'org.springframework.web.servlet.config.annotation.DelegatingWebMvcConfiguration'
06:47:00.534 [main] DEBUG o.s.b.f.annotation.InjectionMetadata - Registered injected element on class [org.springframework.web.servlet.config.annotation.DelegatingWebMvcConfiguration$$EnhancerBySpringCGLIB$$c3e73a21]: AutowiredMethodElement for public void org.springframework.web.servlet.config.annotation.DelegatingWebMvcConfiguration.setConfigurers(java.util.List)
06:47:00.534 [main] DEBUG o.s.b.f.s.DefaultListableBeanFactory - Eagerly caching bean 'org.springframework.web.servlet.config.annotation.DelegatingWebMvcConfiguration' to allow for resolving potential circular references
06:47:00.535 [main] DEBUG o.s.b.f.annotation.InjectionMetadata - Processing injected element of bean 'org.springframework.web.servlet.config.annotation.DelegatingWebMvcConfiguration': AutowiredMethodElement for public void org.springframework.web.servlet.config.annotation.DelegatingWebMvcConfiguration.setConfigurers(java.util.List)
06:47:00.535 [main] DEBUG o.s.b.f.s.DefaultListableBeanFactory - Returning cached instance of singleton bean 'metaDataSourceAdvisor'
06:47:00.538 [main] DEBUG o.s.b.f.s.DefaultListableBeanFactory - Returning eagerly cached instance of singleton bean 'webMvcConfiguration' that is not fully initialized yet - a consequence of a circular reference
06:47:00.538 [main] DEBUG o.s.b.f.s.DefaultListableBeanFactory - Creating shared instance of singleton bean 'org.springframework.security.config.annotation.web.configuration.WebMvcSecurityConfiguration'
06:47:00.538 [main] DEBUG o.s.b.f.s.DefaultListableBeanFactory - Creating instance of bean 'org.springframework.security.config.annotation.web.configuration.WebMvcSecurityConfiguration'
06:47:00.538 [main] DEBUG o.s.b.f.s.DefaultListableBeanFactory - Eagerly caching bean 'org.springframework.security.config.annotation.web.configuration.WebMvcSecurityConfiguration' to allow for resolving potential circular references
06:47:00.539 [main] DEBUG o.s.b.f.s.DefaultListableBeanFactory - Returning cached instance of singleton bean 'metaDataSourceAdvisor'
06:47:00.540 [main] DEBUG o.s.b.f.s.DefaultListableBeanFactory - Finished creating instance of bean 'org.springframework.security.config.annotation.web.configuration.WebMvcSecurityConfiguration'
06:47:00.540 [main] DEBUG o.s.b.f.a.AutowiredAnnotationBeanPostProcessor - Autowiring by type from bean name 'org.springframework.web.servlet.config.annotation.DelegatingWebMvcConfiguration' to bean named 'webMvcConfiguration'
06:47:00.540 [main] DEBUG o.s.b.f.a.AutowiredAnnotationBeanPostProcessor - Autowiring by type from bean name 'org.springframework.web.servlet.config.annotation.DelegatingWebMvcConfiguration' to bean named 'org.springframework.security.config.annotation.web.configuration.WebMvcSecurityConfiguration'
06:47:00.540 [main] DEBUG o.s.b.f.s.DefaultListableBeanFactory - Returning cached instance of singleton bean 'metaDataSourceAdvisor'
06:47:00.544 [main] DEBUG o.s.b.f.s.DefaultListableBeanFactory - Finished creating instance of bean 'org.springframework.web.servlet.config.annotation.DelegatingWebMvcConfiguration'
06:47:00.545 [main] DEBUG o.s.b.f.s.DefaultListableBeanFactory - Eagerly caching bean 'mvcConversionService' to allow for resolving potential circular references
06:47:00.547 [main] DEBUG o.s.b.f.s.DefaultListableBeanFactory - Returning cached instance of singleton bean 'metaDataSourceAdvisor'
06:47:00.548 [main] DEBUG o.s.b.f.s.DefaultListableBeanFactory - Finished creating instance of bean 'mvcConversionService'
06:47:00.548 [main] DEBUG o.s.b.f.a.AutowiredAnnotationBeanPostProcessor - Autowiring by type from bean name 'webMvcConfiguration' to bean named 'mvcConversionService'
06:47:00.549 [main] DEBUG o.s.b.f.s.DefaultListableBeanFactory - Finished creating instance of bean 'webMvcConfiguration'
06:47:00.549 [main] DEBUG o.s.b.f.s.DefaultListableBeanFactory - Creating shared instance of singleton bean 'dataConfiguration'
06:47:00.549 [main] DEBUG o.s.b.f.s.DefaultListableBeanFactory - Creating instance of bean 'dataConfiguration'
06:47:00.549 [main] DEBUG o.s.b.f.s.DefaultListableBeanFactory - Eagerly caching bean 'dataConfiguration' to allow for resolving potential circular references
06:47:00.549 [main] DEBUG o.s.b.f.s.DefaultListableBeanFactory - Returning cached instance of singleton bean 'metaDataSourceAdvisor'
06:47:00.550 [main] DEBUG o.s.b.f.s.DefaultListableBeanFactory - Finished creating instance of bean 'dataConfiguration'
06:47:00.550 [main] DEBUG o.s.b.f.s.DefaultListableBeanFactory - Creating shared instance of singleton bean 'loginAuditingListener'
06:47:00.550 [main] DEBUG o.s.b.f.s.DefaultListableBeanFactory - Creating instance of bean 'loginAuditingListener'
06:47:00.550 [main] DEBUG o.s.b.f.s.DefaultListableBeanFactory - Eagerly caching bean 'loginAuditingListener' to allow for resolving potential circular references
06:47:00.551 [main] DEBUG o.s.b.f.s.DefaultListableBeanFactory - Returning cached instance of singleton bean 'metaDataSourceAdvisor'
06:47:00.551 [main] DEBUG o.s.b.f.s.DefaultListableBeanFactory - Finished creating instance of bean 'loginAuditingListener'
06:47:00.551 [main] DEBUG o.s.b.f.s.DefaultListableBeanFactory - Creating shared instance of singleton bean 'securityConfig'
06:47:00.551 [main] DEBUG o.s.b.f.s.DefaultListableBeanFactory - Creating instance of bean 'securityConfig'
06:47:00.552 [main] DEBUG o.s.b.f.annotation.InjectionMetadata - Registered injected element on class [edu.ncsu.csc.itrust2.config.SecurityConfig$$EnhancerBySpringCGLIB$$89ded359]: AutowiredMethodElement for public void org.springframework.security.config.annotation.web.configuration.WebSecurityConfigurerAdapter.setApplicationContext(org.springframework.context.ApplicationContext)
06:47:00.552 [main] DEBUG o.s.b.f.annotation.InjectionMetadata - Registered injected element on class [edu.ncsu.csc.itrust2.config.SecurityConfig$$EnhancerBySpringCGLIB$$89ded359]: AutowiredMethodElement for public void org.springframework.security.config.annotation.web.configuration.WebSecurityConfigurerAdapter.setContentNegotationStrategy(org.springframework.web.accept.ContentNegotiationStrategy)
06:47:00.553 [main] DEBUG o.s.b.f.annotation.InjectionMetadata - Registered injected element on class [edu.ncsu.csc.itrust2.config.SecurityConfig$$EnhancerBySpringCGLIB$$89ded359]: AutowiredMethodElement for public void org.springframework.security.config.annotation.web.configuration.WebSecurityConfigurerAdapter.setAuthenticationConfiguration(org.springframework.security.config.annotation.authentication.configuration.AuthenticationConfiguration)
06:47:00.553 [main] DEBUG o.s.b.f.annotation.InjectionMetadata - Registered injected element on class [edu.ncsu.csc.itrust2.config.SecurityConfig$$EnhancerBySpringCGLIB$$89ded359]: AutowiredMethodElement for public void org.springframework.security.config.annotation.web.configuration.WebSecurityConfigurerAdapter.setTrustResolver(org.springframework.security.authentication.AuthenticationTrustResolver)
06:47:00.553 [main] DEBUG o.s.b.f.annotation.InjectionMetadata - Registered injected element on class [edu.ncsu.csc.itrust2.config.SecurityConfig$$EnhancerBySpringCGLIB$$89ded359]: AutowiredMethodElement for public void org.springframework.security.config.annotation.web.configuration.WebSecurityConfigurerAdapter.setObjectPostProcessor(org.springframework.security.config.annotation.ObjectPostProcessor)
06:47:00.553 [main] DEBUG o.s.b.f.annotation.InjectionMetadata - Registered injected element on class [edu.ncsu.csc.itrust2.config.SecurityConfig$$EnhancerBySpringCGLIB$$89ded359]: AutowiredFieldElement for javax.sql.DataSource edu.ncsu.csc.itrust2.config.SecurityConfig.dataSource
06:47:00.553 [main] DEBUG o.s.b.f.annotation.InjectionMetadata - Registered injected element on class [edu.ncsu.csc.itrust2.config.SecurityConfig$$EnhancerBySpringCGLIB$$89ded359]: AutowiredMethodElement for public void edu.ncsu.csc.itrust2.config.SecurityConfig.configureGlobal(org.springframework.security.config.annotation.authentication.builders.AuthenticationManagerBuilder) throws java.lang.Exception
06:47:00.553 [main] DEBUG o.s.b.f.s.DefaultListableBeanFactory - Eagerly caching bean 'securityConfig' to allow for resolving potential circular references
06:47:00.553 [main] DEBUG o.s.b.f.annotation.InjectionMetadata - Processing injected element of bean 'securityConfig': AutowiredMethodElement for public void org.springframework.security.config.annotation.web.configuration.WebSecurityConfigurerAdapter.setApplicationContext(org.springframework.context.ApplicationContext)
06:47:00.553 [main] DEBUG o.s.b.f.a.AutowiredAnnotationBeanPostProcessor - Autowiring by type from bean name 'securityConfig' to bean named 'org.springframework.web.context.support.GenericWebApplicationContext@b6cae33'
06:47:00.553 [main] DEBUG o.s.b.f.annotation.InjectionMetadata - Processing injected element of bean 'securityConfig': AutowiredMethodElement for public void org.springframework.security.config.annotation.web.configuration.WebSecurityConfigurerAdapter.setContentNegotationStrategy(org.springframework.web.accept.ContentNegotiationStrategy)
06:47:00.553 [main] DEBUG o.s.b.f.s.DefaultListableBeanFactory - Creating shared instance of singleton bean 'mvcContentNegotiationManager'
06:47:00.553 [main] DEBUG o.s.b.f.s.DefaultListableBeanFactory - Creating instance of bean 'mvcContentNegotiationManager'
06:47:00.553 [main] DEBUG o.s.b.f.s.DefaultListableBeanFactory - Returning cached instance of singleton bean 'org.springframework.web.servlet.config.annotation.DelegatingWebMvcConfiguration'
06:47:00.554 [main] DEBUG o.s.b.f.s.DefaultListableBeanFactory - Eagerly caching bean 'mvcContentNegotiationManager' to allow for resolving potential circular references
06:47:00.555 [main] DEBUG o.s.b.f.s.DefaultListableBeanFactory - Returning cached instance of singleton bean 'metaDataSourceAdvisor'
06:47:00.555 [main] DEBUG o.s.b.f.s.DefaultListableBeanFactory - Finished creating instance of bean 'mvcContentNegotiationManager'
06:47:00.555 [main] DEBUG o.s.b.f.a.AutowiredAnnotationBeanPostProcessor - Autowiring by type from bean name 'securityConfig' to bean named 'mvcContentNegotiationManager'
06:47:00.555 [main] DEBUG o.s.b.f.annotation.InjectionMetadata - Processing injected element of bean 'securityConfig': AutowiredMethodElement for public void org.springframework.security.config.annotation.web.configuration.WebSecurityConfigurerAdapter.setAuthenticationConfiguration(org.springframework.security.config.annotation.authentication.configuration.AuthenticationConfiguration)
06:47:00.556 [main] DEBUG o.s.b.f.s.DefaultListableBeanFactory - Creating shared instance of singleton bean 'org.springframework.security.config.annotation.authentication.configuration.AuthenticationConfiguration'
06:47:00.556 [main] DEBUG o.s.b.f.s.DefaultListableBeanFactory - Creating instance of bean 'org.springframework.security.config.annotation.authentication.configuration.AuthenticationConfiguration'
06:47:00.557 [main] DEBUG o.s.b.f.annotation.InjectionMetadata - Registered injected element on class [org.springframework.security.config.annotation.authentication.configuration.AuthenticationConfiguration$$EnhancerBySpringCGLIB$$e39d279a]: AutowiredMethodElement for public void org.springframework.security.config.annotation.authentication.configuration.AuthenticationConfiguration.setApplicationContext(org.springframework.context.ApplicationContext)
06:47:00.557 [main] DEBUG o.s.b.f.annotation.InjectionMetadata - Registered injected element on class [org.springframework.security.config.annotation.authentication.configuration.AuthenticationConfiguration$$EnhancerBySpringCGLIB$$e39d279a]: AutowiredMethodElement for public void org.springframework.security.config.annotation.authentication.configuration.AuthenticationConfiguration.setGlobalAuthenticationConfigurers(java.util.List) throws java.lang.Exception
06:47:00.557 [main] DEBUG o.s.b.f.annotation.InjectionMetadata - Registered injected element on class [org.springframework.security.config.annotation.authentication.configuration.AuthenticationConfiguration$$EnhancerBySpringCGLIB$$e39d279a]: AutowiredMethodElement for public void org.springframework.security.config.annotation.authentication.configuration.AuthenticationConfiguration.setObjectPostProcessor(org.springframework.security.config.annotation.ObjectPostProcessor)
06:47:00.557 [main] DEBUG o.s.b.f.s.DefaultListableBeanFactory - Eagerly caching bean 'org.springframework.security.config.annotation.authentication.configuration.AuthenticationConfiguration' to allow for resolving potential circular references
06:47:00.557 [main] DEBUG o.s.b.f.annotation.InjectionMetadata - Processing injected element of bean 'org.springframework.security.config.annotation.authentication.configuration.AuthenticationConfiguration': AutowiredMethodElement for public void org.springframework.security.config.annotation.authentication.configuration.AuthenticationConfiguration.setApplicationContext(org.springframework.context.ApplicationContext)
06:47:00.557 [main] DEBUG o.s.b.f.a.AutowiredAnnotationBeanPostProcessor - Autowiring by type from bean name 'org.springframework.security.config.annotation.authentication.configuration.AuthenticationConfiguration' to bean named 'org.springframework.web.context.support.GenericWebApplicationContext@b6cae33'
06:47:00.557 [main] DEBUG o.s.b.f.annotation.InjectionMetadata - Processing injected element of bean 'org.springframework.security.config.annotation.authentication.configuration.AuthenticationConfiguration': AutowiredMethodElement for public void org.springframework.security.config.annotation.authentication.configuration.AuthenticationConfiguration.setGlobalAuthenticationConfigurers(java.util.List) throws java.lang.Exception
06:47:00.558 [main] DEBUG o.s.b.f.s.DefaultListableBeanFactory - Creating shared instance of singleton bean 'enableGlobalAuthenticationAutowiredConfigurer'
06:47:00.558 [main] DEBUG o.s.b.f.s.DefaultListableBeanFactory - Creating instance of bean 'enableGlobalAuthenticationAutowiredConfigurer'
06:47:00.558 [main] DEBUG o.s.b.f.s.DefaultListableBeanFactory - Autowiring by type from bean name 'enableGlobalAuthenticationAutowiredConfigurer' via factory method to bean named 'org.springframework.web.context.support.GenericWebApplicationContext@b6cae33'
06:47:00.559 [main] DEBUG o.s.b.f.s.DefaultListableBeanFactory - Eagerly caching bean 'enableGlobalAuthenticationAutowiredConfigurer' to allow for resolving potential circular references
06:47:00.560 [main] DEBUG o.s.b.f.s.DefaultListableBeanFactory - Returning cached instance of singleton bean 'metaDataSourceAdvisor'
06:47:00.560 [main] DEBUG o.s.b.f.s.DefaultListableBeanFactory - Finished creating instance of bean 'enableGlobalAuthenticationAutowiredConfigurer'
06:47:00.560 [main] DEBUG o.s.b.f.s.DefaultListableBeanFactory - Creating shared instance of singleton bean 'initializeUserDetailsBeanManagerConfigurer'
06:47:00.560 [main] DEBUG o.s.b.f.s.DefaultListableBeanFactory - Creating instance of bean 'initializeUserDetailsBeanManagerConfigurer'
06:47:00.561 [main] DEBUG o.s.b.f.s.DefaultListableBeanFactory - Autowiring by type from bean name 'initializeUserDetailsBeanManagerConfigurer' via factory method to bean named 'org.springframework.web.context.support.GenericWebApplicationContext@b6cae33'
06:47:00.561 [main] DEBUG o.s.b.f.s.DefaultListableBeanFactory - Eagerly caching bean 'initializeUserDetailsBeanManagerConfigurer' to allow for resolving potential circular references
06:47:00.562 [main] DEBUG o.s.b.f.s.DefaultListableBeanFactory - Returning cached instance of singleton bean 'metaDataSourceAdvisor'
06:47:00.562 [main] DEBUG o.s.b.f.s.DefaultListableBeanFactory - Finished creating instance of bean 'initializeUserDetailsBeanManagerConfigurer'
06:47:00.562 [main] DEBUG o.s.b.f.s.DefaultListableBeanFactory - Creating shared instance of singleton bean 'initializeAuthenticationProviderBeanManagerConfigurer'
06:47:00.562 [main] DEBUG o.s.b.f.s.DefaultListableBeanFactory - Creating instance of bean 'initializeAuthenticationProviderBeanManagerConfigurer'
06:47:00.562 [main] DEBUG o.s.b.f.s.DefaultListableBeanFactory - Autowiring by type from bean name 'initializeAuthenticationProviderBeanManagerConfigurer' via factory method to bean named 'org.springframework.web.context.support.GenericWebApplicationContext@b6cae33'
06:47:00.563 [main] DEBUG o.s.b.f.s.DefaultListableBeanFactory - Eagerly caching bean 'initializeAuthenticationProviderBeanManagerConfigurer' to allow for resolving potential circular references
06:47:00.563 [main] DEBUG o.s.b.f.s.DefaultListableBeanFactory - Returning cached instance of singleton bean 'metaDataSourceAdvisor'
06:47:00.564 [main] DEBUG o.s.b.f.s.DefaultListableBeanFactory - Finished creating instance of bean 'initializeAuthenticationProviderBeanManagerConfigurer'
06:47:00.564 [main] DEBUG o.s.b.f.a.AutowiredAnnotationBeanPostProcessor - Autowiring by type from bean name 'org.springframework.security.config.annotation.authentication.configuration.AuthenticationConfiguration' to bean named 'enableGlobalAuthenticationAutowiredConfigurer'
06:47:00.564 [main] DEBUG o.s.b.f.a.AutowiredAnnotationBeanPostProcessor - Autowiring by type from bean name 'org.springframework.security.config.annotation.authentication.configuration.AuthenticationConfiguration' to bean named 'initializeUserDetailsBeanManagerConfigurer'
06:47:00.564 [main] DEBUG o.s.b.f.a.AutowiredAnnotationBeanPostProcessor - Autowiring by type from bean name 'org.springframework.security.config.annotation.authentication.configuration.AuthenticationConfiguration' to bean named 'initializeAuthenticationProviderBeanManagerConfigurer'
06:47:00.564 [main] DEBUG o.s.b.f.annotation.InjectionMetadata - Processing injected element of bean 'org.springframework.security.config.annotation.authentication.configuration.AuthenticationConfiguration': AutowiredMethodElement for public void org.springframework.security.config.annotation.authentication.configuration.AuthenticationConfiguration.setObjectPostProcessor(org.springframework.security.config.annotation.ObjectPostProcessor)
06:47:00.565 [main] DEBUG o.s.b.f.s.DefaultListableBeanFactory - Returning cached instance of singleton bean 'objectPostProcessor'
06:47:00.565 [main] DEBUG o.s.b.f.a.AutowiredAnnotationBeanPostProcessor - Autowiring by type from bean name 'org.springframework.security.config.annotation.authentication.configuration.AuthenticationConfiguration' to bean named 'objectPostProcessor'
06:47:00.565 [main] DEBUG o.s.b.f.s.DefaultListableBeanFactory - Returning cached instance of singleton bean 'metaDataSourceAdvisor'
06:47:00.566 [main] DEBUG o.s.b.f.s.DefaultListableBeanFactory - Finished creating instance of bean 'org.springframework.security.config.annotation.authentication.configuration.AuthenticationConfiguration'
06:47:00.566 [main] DEBUG o.s.b.f.a.AutowiredAnnotationBeanPostProcessor - Autowiring by type from bean name 'securityConfig' to bean named 'org.springframework.security.config.annotation.authentication.configuration.AuthenticationConfiguration'
06:47:00.566 [main] DEBUG o.s.b.f.annotation.InjectionMetadata - Processing injected element of bean 'securityConfig': AutowiredMethodElement for public void org.springframework.security.config.annotation.web.configuration.WebSecurityConfigurerAdapter.setTrustResolver(org.springframework.security.authentication.AuthenticationTrustResolver)
06:47:00.566 [main] DEBUG o.s.b.f.annotation.InjectionMetadata - Processing injected element of bean 'securityConfig': AutowiredMethodElement for public void org.springframework.security.config.annotation.web.configuration.WebSecurityConfigurerAdapter.setObjectPostProcessor(org.springframework.security.config.annotation.ObjectPostProcessor)
06:47:00.566 [main] DEBUG o.s.b.f.s.DefaultListableBeanFactory - Returning cached instance of singleton bean 'objectPostProcessor'
06:47:00.566 [main] DEBUG o.s.b.f.a.AutowiredAnnotationBeanPostProcessor - Autowiring by type from bean name 'securityConfig' to bean named 'objectPostProcessor'
06:47:00.566 [main] DEBUG o.s.b.f.annotation.InjectionMetadata - Processing injected element of bean 'securityConfig': AutowiredFieldElement for javax.sql.DataSource edu.ncsu.csc.itrust2.config.SecurityConfig.dataSource
06:47:00.567 [main] DEBUG o.s.b.f.s.DefaultListableBeanFactory - Creating shared instance of singleton bean 'dataSource'
06:47:00.567 [main] DEBUG o.s.b.f.s.DefaultListableBeanFactory - Creating instance of bean 'dataSource'
06:47:00.567 [main] DEBUG o.s.b.f.s.DefaultListableBeanFactory - Returning cached instance of singleton bean 'dataConfiguration'
06:47:00.568 [main] INFO  o.s.j.d.DriverManagerDataSource - Loaded JDBC driver: com.mysql.jdbc.Driver
06:47:00.568 [main] DEBUG o.s.b.f.s.DefaultListableBeanFactory - Eagerly caching bean 'dataSource' to allow for resolving potential circular references
06:47:00.568 [main] DEBUG o.s.b.f.s.DefaultListableBeanFactory - Returning cached instance of singleton bean 'metaDataSourceAdvisor'
06:47:00.570 [main] DEBUG o.s.b.f.s.DefaultListableBeanFactory - Finished creating instance of bean 'dataSource'
06:47:00.570 [main] DEBUG o.s.b.f.a.AutowiredAnnotationBeanPostProcessor - Autowiring by type from bean name 'securityConfig' to bean named 'dataSource'
06:47:00.570 [main] DEBUG o.s.b.f.annotation.InjectionMetadata - Processing injected element of bean 'securityConfig': AutowiredMethodElement for public void edu.ncsu.csc.itrust2.config.SecurityConfig.configureGlobal(org.springframework.security.config.annotation.authentication.builders.AuthenticationManagerBuilder) throws java.lang.Exception
06:47:00.571 [main] DEBUG o.s.b.f.s.DefaultListableBeanFactory - Creating shared instance of singleton bean 'authenticationManagerBuilder'
06:47:00.571 [main] DEBUG o.s.b.f.s.DefaultListableBeanFactory - Creating instance of bean 'authenticationManagerBuilder'
06:47:00.571 [main] DEBUG o.s.b.f.s.DefaultListableBeanFactory - Returning cached instance of singleton bean 'org.springframework.security.config.annotation.authentication.configuration.AuthenticationConfiguration'
06:47:00.571 [main] DEBUG o.s.b.f.s.DefaultListableBeanFactory - Returning cached instance of singleton bean 'objectPostProcessor'
06:47:00.571 [main] DEBUG o.s.b.f.s.DefaultListableBeanFactory - Autowiring by type from bean name 'authenticationManagerBuilder' via factory method to bean named 'objectPostProcessor'
06:47:00.572 [main] DEBUG o.s.b.f.s.DefaultListableBeanFactory - Eagerly caching bean 'authenticationManagerBuilder' to allow for resolving potential circular references
06:47:00.573 [main] DEBUG o.s.b.f.s.DefaultListableBeanFactory - Returning cached instance of singleton bean 'metaDataSourceAdvisor'
06:47:00.576 [main] DEBUG o.s.b.f.s.DefaultListableBeanFactory - Finished creating instance of bean 'authenticationManagerBuilder'
06:47:00.576 [main] DEBUG o.s.b.f.a.AutowiredAnnotationBeanPostProcessor - Autowiring by type from bean name 'securityConfig' to bean named 'authenticationManagerBuilder'
06:47:00.577 [main] DEBUG o.s.b.f.s.DefaultListableBeanFactory - Creating shared instance of singleton bean 'passwordEncoder'
06:47:00.577 [main] DEBUG o.s.b.f.s.DefaultListableBeanFactory - Creating instance of bean 'passwordEncoder'
06:47:00.577 [main] DEBUG o.s.b.f.s.DefaultListableBeanFactory - Returning cached instance of singleton bean 'metaDataSourceAdvisor'
06:47:00.583 [main] DEBUG o.s.b.f.s.DefaultListableBeanFactory - Returning eagerly cached instance of singleton bean 'securityConfig' that is not fully initialized yet - a consequence of a circular reference
06:47:00.583 [main] DEBUG o.s.b.f.s.DefaultListableBeanFactory - Eagerly caching bean 'passwordEncoder' to allow for resolving potential circular references
06:47:00.584 [main] DEBUG o.s.b.f.s.DefaultListableBeanFactory - Returning cached instance of singleton bean 'metaDataSourceAdvisor'
06:47:00.584 [main] DEBUG o.s.b.f.s.DefaultListableBeanFactory - Finished creating instance of bean 'passwordEncoder'
06:47:00.679 [main] DEBUG o.s.b.f.s.DefaultListableBeanFactory - Creating shared instance of singleton bean 'defaultAuthenticationEventPublisher'
06:47:00.679 [main] DEBUG o.s.b.f.s.DefaultListableBeanFactory - Creating instance of bean 'defaultAuthenticationEventPublisher'
06:47:00.680 [main] DEBUG o.s.b.f.s.DefaultListableBeanFactory - Returning eagerly cached instance of singleton bean 'securityConfig' that is not fully initialized yet - a consequence of a circular reference
06:47:00.680 [main] DEBUG o.s.b.f.s.DefaultListableBeanFactory - Eagerly caching bean 'defaultAuthenticationEventPublisher' to allow for resolving potential circular references
06:47:00.681 [main] DEBUG o.s.b.f.s.DefaultListableBeanFactory - Returning cached instance of singleton bean 'metaDataSourceAdvisor'
06:47:00.682 [main] DEBUG o.s.b.f.s.DefaultListableBeanFactory - Finished creating instance of bean 'defaultAuthenticationEventPublisher'
06:47:00.682 [main] DEBUG o.s.b.f.s.DefaultListableBeanFactory - Finished creating instance of bean 'securityConfig'
06:47:00.682 [main] DEBUG o.s.b.f.s.DefaultListableBeanFactory - Creating shared instance of singleton bean 'defaultController'
06:47:00.682 [main] DEBUG o.s.b.f.s.DefaultListableBeanFactory - Creating instance of bean 'defaultController'
06:47:00.682 [main] DEBUG o.s.b.f.s.DefaultListableBeanFactory - Eagerly caching bean 'defaultController' to allow for resolving potential circular references
06:47:00.682 [main] DEBUG o.s.b.f.s.DefaultListableBeanFactory - Returning cached instance of singleton bean 'metaDataSourceAdvisor'
06:47:00.682 [main] DEBUG o.s.b.f.s.DefaultListableBeanFactory - Finished creating instance of bean 'defaultController'
06:47:00.682 [main] DEBUG o.s.b.f.s.DefaultListableBeanFactory - Creating shared instance of singleton bean 'adminController'
06:47:00.682 [main] DEBUG o.s.b.f.s.DefaultListableBeanFactory - Creating instance of bean 'adminController'
06:47:00.682 [main] DEBUG o.s.b.f.s.DefaultListableBeanFactory - Eagerly caching bean 'adminController' to allow for resolving potential circular references
06:47:00.682 [main] DEBUG o.s.b.f.s.DefaultListableBeanFactory - Returning cached instance of singleton bean 'metaDataSourceAdvisor'
06:47:00.682 [main] DEBUG o.s.s.a.p.PrePostAnnotationSecurityMetadataSource - @org.springframework.security.access.prepost.PreAuthorize(value=hasRole('ROLE_ADMIN')) found on specific method: public java.lang.String edu.ncsu.csc.itrust2.controllers.admin.AdminController.index(org.springframework.ui.Model)
06:47:00.682 [main] DEBUG o.s.s.a.m.DelegatingMethodSecurityMetadataSource - Caching method [CacheKey[edu.ncsu.csc.itrust2.controllers.admin.AdminController; public java.lang.String edu.ncsu.csc.itrust2.controllers.admin.AdminController.index(org.springframework.ui.Model)]] with attributes [[authorize: 'hasRole('ROLE_ADMIN')', filter: 'null', filterTarget: 'null']]
06:47:00.683 [main] DEBUG o.s.a.f.a.InfrastructureAdvisorAutoProxyCreator - Creating implicit proxy for bean 'adminController' with 0 common interceptors and 1 specific interceptors
06:47:00.683 [main] DEBUG o.s.aop.framework.CglibAopProxy - Creating CGLIB proxy: target source is SingletonTargetSource for target object [edu.ncsu.csc.itrust2.controllers.admin.AdminController@15e4dbb0]
06:47:00.683 [main] DEBUG o.s.b.f.s.DefaultListableBeanFactory - Creating shared instance of singleton bean 'methodSecurityInterceptor'
06:47:00.683 [main] DEBUG o.s.b.f.s.DefaultListableBeanFactory - Creating instance of bean 'methodSecurityInterceptor'
06:47:00.683 [main] DEBUG o.s.b.f.s.DefaultListableBeanFactory - Returning cached instance of singleton bean 'org.springframework.security.config.annotation.method.configuration.GlobalMethodSecurityConfiguration'
06:47:00.683 [main] DEBUG o.s.b.f.s.DefaultListableBeanFactory - Returning cached instance of singleton bean 'methodSecurityMetadataSource'
06:47:00.683 [main] DEBUG o.s.b.f.s.DefaultListableBeanFactory - Eagerly caching bean 'methodSecurityInterceptor' to allow for resolving potential circular references
06:47:00.686 [main] DEBUG o.s.b.f.s.DefaultListableBeanFactory - Invoking afterPropertiesSet() on bean with name 'methodSecurityInterceptor'
06:47:00.686 [main] DEBUG o.s.s.a.i.a.MethodSecurityInterceptor - Validated configuration attributes
06:47:00.686 [main] DEBUG o.s.b.f.s.DefaultListableBeanFactory - Finished creating instance of bean 'methodSecurityInterceptor'
06:47:00.686 [main] DEBUG o.s.aop.framework.CglibAopProxy - Unable to apply any optimisations to advised method: public java.lang.String edu.ncsu.csc.itrust2.controllers.admin.AdminController.index(org.springframework.ui.Model)
06:47:00.686 [main] DEBUG o.s.aop.framework.CglibAopProxy - Found 'equals' method: public boolean java.lang.Object.equals(java.lang.Object)
06:47:00.687 [main] DEBUG o.s.aop.framework.CglibAopProxy - Unable to apply any optimisations to advised method: public java.lang.String java.lang.Object.toString()
06:47:00.687 [main] DEBUG o.s.aop.framework.CglibAopProxy - Found 'hashCode' method: public native int java.lang.Object.hashCode()
06:47:00.687 [main] DEBUG o.s.aop.framework.CglibAopProxy - Unable to apply any optimisations to advised method: protected native java.lang.Object java.lang.Object.clone() throws java.lang.CloneNotSupportedException
06:47:00.687 [main] DEBUG o.s.aop.framework.CglibAopProxy - Method is declared on Advised interface: public abstract void org.springframework.aop.framework.Advised.setTargetSource(org.springframework.aop.TargetSource)
06:47:00.687 [main] DEBUG o.s.aop.framework.CglibAopProxy - Method is declared on Advised interface: public abstract void org.springframework.aop.framework.Advised.addAdvice(org.aopalliance.aop.Advice) throws org.springframework.aop.framework.AopConfigException
06:47:00.687 [main] DEBUG o.s.aop.framework.CglibAopProxy - Method is declared on Advised interface: public abstract void org.springframework.aop.framework.Advised.addAdvice(int,org.aopalliance.aop.Advice) throws org.springframework.aop.framework.AopConfigException
06:47:00.687 [main] DEBUG o.s.aop.framework.CglibAopProxy - Method is declared on Advised interface: public abstract boolean org.springframework.aop.framework.Advised.isPreFiltered()
06:47:00.687 [main] DEBUG o.s.aop.framework.CglibAopProxy - Method is declared on Advised interface: public abstract java.lang.Class[] org.springframework.aop.framework.Advised.getProxiedInterfaces()
06:47:00.687 [main] DEBUG o.s.aop.framework.CglibAopProxy - Method is declared on Advised interface: public abstract boolean org.springframework.aop.framework.Advised.isInterfaceProxied(java.lang.Class)
06:47:00.687 [main] DEBUG o.s.aop.framework.CglibAopProxy - Method is declared on Advised interface: public abstract org.springframework.aop.Advisor[] org.springframework.aop.framework.Advised.getAdvisors()
06:47:00.687 [main] DEBUG o.s.aop.framework.CglibAopProxy - Method is declared on Advised interface: public abstract void org.springframework.aop.framework.Advised.removeAdvisor(int) throws org.springframework.aop.framework.AopConfigException
06:47:00.687 [main] DEBUG o.s.aop.framework.CglibAopProxy - Method is declared on Advised interface: public abstract boolean org.springframework.aop.framework.Advised.removeAdvisor(org.springframework.aop.Advisor)
06:47:00.687 [main] DEBUG o.s.aop.framework.CglibAopProxy - Method is declared on Advised interface: public abstract boolean org.springframework.aop.framework.Advised.replaceAdvisor(org.springframework.aop.Advisor,org.springframework.aop.Advisor) throws org.springframework.aop.framework.AopConfigException
06:47:00.687 [main] DEBUG o.s.aop.framework.CglibAopProxy - Method is declared on Advised interface: public abstract boolean org.springframework.aop.framework.Advised.removeAdvice(org.aopalliance.aop.Advice)
06:47:00.687 [main] DEBUG o.s.aop.framework.CglibAopProxy - Method is declared on Advised interface: public abstract java.lang.String org.springframework.aop.framework.Advised.toProxyConfigString()
06:47:00.687 [main] DEBUG o.s.aop.framework.CglibAopProxy - Method is declared on Advised interface: public abstract org.springframework.aop.TargetSource org.springframework.aop.framework.Advised.getTargetSource()
06:47:00.687 [main] DEBUG o.s.aop.framework.CglibAopProxy - Method is declared on Advised interface: public abstract boolean org.springframework.aop.framework.Advised.isProxyTargetClass()
06:47:00.687 [main] DEBUG o.s.aop.framework.CglibAopProxy - Method is declared on Advised interface: public abstract void org.springframework.aop.framework.Advised.addAdvisor(org.springframework.aop.Advisor) throws org.springframework.aop.framework.AopConfigException
06:47:00.687 [main] DEBUG o.s.aop.framework.CglibAopProxy - Method is declared on Advised interface: public abstract void org.springframework.aop.framework.Advised.addAdvisor(int,org.springframework.aop.Advisor) throws org.springframework.aop.framework.AopConfigException
06:47:00.687 [main] DEBUG o.s.aop.framework.CglibAopProxy - Method is declared on Advised interface: public abstract void org.springframework.aop.framework.Advised.setPreFiltered(boolean)
06:47:00.687 [main] DEBUG o.s.aop.framework.CglibAopProxy - Method is declared on Advised interface: public abstract void org.springframework.aop.framework.Advised.setExposeProxy(boolean)
06:47:00.687 [main] DEBUG o.s.aop.framework.CglibAopProxy - Method is declared on Advised interface: public abstract boolean org.springframework.aop.framework.Advised.isExposeProxy()
06:47:00.687 [main] DEBUG o.s.aop.framework.CglibAopProxy - Method is declared on Advised interface: public abstract int org.springframework.aop.framework.Advised.indexOf(org.springframework.aop.Advisor)
06:47:00.687 [main] DEBUG o.s.aop.framework.CglibAopProxy - Method is declared on Advised interface: public abstract int org.springframework.aop.framework.Advised.indexOf(org.aopalliance.aop.Advice)
06:47:00.687 [main] DEBUG o.s.aop.framework.CglibAopProxy - Method is declared on Advised interface: public abstract boolean org.springframework.aop.framework.Advised.isFrozen()
06:47:00.687 [main] DEBUG o.s.aop.framework.CglibAopProxy - Method is declared on Advised interface: public abstract java.lang.Class org.springframework.aop.TargetClassAware.getTargetClass()
06:47:00.692 [main] DEBUG o.s.b.f.s.DefaultListableBeanFactory - Finished creating instance of bean 'adminController'
06:47:00.692 [main] DEBUG o.s.b.f.s.DefaultListableBeanFactory - Creating shared instance of singleton bean 'adminUserController'
06:47:00.692 [main] DEBUG o.s.b.f.s.DefaultListableBeanFactory - Creating instance of bean 'adminUserController'
06:47:00.692 [main] DEBUG o.s.b.f.s.DefaultListableBeanFactory - Eagerly caching bean 'adminUserController' to allow for resolving potential circular references
06:47:00.692 [main] DEBUG o.s.b.f.s.DefaultListableBeanFactory - Returning cached instance of singleton bean 'metaDataSourceAdvisor'
06:47:00.693 [main] DEBUG o.s.s.a.p.PrePostAnnotationSecurityMetadataSource - @org.springframework.security.access.prepost.PreAuthorize(value=hasRole('ROLE_ADMIN')) found on specific method: public java.lang.String edu.ncsu.csc.itrust2.controllers.admin.AdminUserController.addUserSubmit(edu.ncsu.csc.itrust2.forms.admin.UserForm,org.springframework.validation.BindingResult,org.springframework.ui.Model)
06:47:00.693 [main] DEBUG o.s.s.a.m.DelegatingMethodSecurityMetadataSource - Caching method [CacheKey[edu.ncsu.csc.itrust2.controllers.admin.AdminUserController; public java.lang.String edu.ncsu.csc.itrust2.controllers.admin.AdminUserController.addUserSubmit(edu.ncsu.csc.itrust2.forms.admin.UserForm,org.springframework.validation.BindingResult,org.springframework.ui.Model)]] with attributes [[authorize: 'hasRole('ROLE_ADMIN')', filter: 'null', filterTarget: 'null']]
06:47:00.693 [main] DEBUG o.s.a.f.a.InfrastructureAdvisorAutoProxyCreator - Creating implicit proxy for bean 'adminUserController' with 0 common interceptors and 1 specific interceptors
06:47:00.693 [main] DEBUG o.s.aop.framework.CglibAopProxy - Creating CGLIB proxy: target source is SingletonTargetSource for target object [edu.ncsu.csc.itrust2.controllers.admin.AdminUserController@58fc4bb8]
06:47:00.693 [main] DEBUG o.s.aop.framework.CglibAopProxy - Unable to apply any optimisations to advised method: public java.lang.String edu.ncsu.csc.itrust2.controllers.admin.AdminUserController.addUserSubmit(edu.ncsu.csc.itrust2.forms.admin.UserForm,org.springframework.validation.BindingResult,org.springframework.ui.Model)
06:47:00.693 [main] DEBUG o.s.s.a.p.PrePostAnnotationSecurityMetadataSource - @org.springframework.security.access.prepost.PreAuthorize(value=hasRole('ROLE_ADMIN')) found on specific method: public java.lang.String edu.ncsu.csc.itrust2.controllers.admin.AdminUserController.deleteUser(org.springframework.ui.Model)
06:47:00.693 [main] DEBUG o.s.s.a.m.DelegatingMethodSecurityMetadataSource - Caching method [CacheKey[edu.ncsu.csc.itrust2.controllers.admin.AdminUserController; public java.lang.String edu.ncsu.csc.itrust2.controllers.admin.AdminUserController.deleteUser(org.springframework.ui.Model)]] with attributes [[authorize: 'hasRole('ROLE_ADMIN')', filter: 'null', filterTarget: 'null']]
06:47:00.693 [main] DEBUG o.s.aop.framework.CglibAopProxy - Unable to apply any optimisations to advised method: public java.lang.String edu.ncsu.csc.itrust2.controllers.admin.AdminUserController.deleteUser(org.springframework.ui.Model)
06:47:00.693 [main] DEBUG o.s.s.a.p.PrePostAnnotationSecurityMetadataSource - @org.springframework.security.access.prepost.PreAuthorize(value=hasRole('ROLE_ADMIN')) found on specific method: public java.lang.String edu.ncsu.csc.itrust2.controllers.admin.AdminUserController.deleteUserSubmit(edu.ncsu.csc.itrust2.forms.admin.DeleteUserForm,org.springframework.validation.BindingResult,org.springframework.ui.Model)
06:47:00.693 [main] DEBUG o.s.s.a.m.DelegatingMethodSecurityMetadataSource - Caching method [CacheKey[edu.ncsu.csc.itrust2.controllers.admin.AdminUserController; public java.lang.String edu.ncsu.csc.itrust2.controllers.admin.AdminUserController.deleteUserSubmit(edu.ncsu.csc.itrust2.forms.admin.DeleteUserForm,org.springframework.validation.BindingResult,org.springframework.ui.Model)]] with attributes [[authorize: 'hasRole('ROLE_ADMIN')', filter: 'null', filterTarget: 'null']]
06:47:00.693 [main] DEBUG o.s.aop.framework.CglibAopProxy - Unable to apply any optimisations to advised method: public java.lang.String edu.ncsu.csc.itrust2.controllers.admin.AdminUserController.deleteUserSubmit(edu.ncsu.csc.itrust2.forms.admin.DeleteUserForm,org.springframework.validation.BindingResult,org.springframework.ui.Model)
06:47:00.693 [main] DEBUG o.s.s.a.p.PrePostAnnotationSecurityMetadataSource - @org.springframework.security.access.prepost.PreAuthorize(value=hasRole('ROLE_ADMIN')) found on specific method: public java.lang.String edu.ncsu.csc.itrust2.controllers.admin.AdminUserController.drugs(org.springframework.ui.Model)
06:47:00.693 [main] DEBUG o.s.s.a.m.DelegatingMethodSecurityMetadataSource - Caching method [CacheKey[edu.ncsu.csc.itrust2.controllers.admin.AdminUserController; public java.lang.String edu.ncsu.csc.itrust2.controllers.admin.AdminUserController.drugs(org.springframework.ui.Model)]] with attributes [[authorize: 'hasRole('ROLE_ADMIN')', filter: 'null', filterTarget: 'null']]
06:47:00.693 [main] DEBUG o.s.aop.framework.CglibAopProxy - Unable to apply any optimisations to advised method: public java.lang.String edu.ncsu.csc.itrust2.controllers.admin.AdminUserController.drugs(org.springframework.ui.Model)
06:47:00.693 [main] DEBUG o.s.s.a.p.PrePostAnnotationSecurityMetadataSource - @org.springframework.security.access.prepost.PreAuthorize(value=hasRole('ROLE_ADMIN')) found on specific method: public java.lang.String edu.ncsu.csc.itrust2.controllers.admin.AdminUserController.addUser(org.springframework.ui.Model)
06:47:00.694 [main] DEBUG o.s.s.a.m.DelegatingMethodSecurityMetadataSource - Caching method [CacheKey[edu.ncsu.csc.itrust2.controllers.admin.AdminUserController; public java.lang.String edu.ncsu.csc.itrust2.controllers.admin.AdminUserController.addUser(org.springframework.ui.Model)]] with attributes [[authorize: 'hasRole('ROLE_ADMIN')', filter: 'null', filterTarget: 'null']]
06:47:00.694 [main] DEBUG o.s.aop.framework.CglibAopProxy - Unable to apply any optimisations to advised method: public java.lang.String edu.ncsu.csc.itrust2.controllers.admin.AdminUserController.addUser(org.springframework.ui.Model)
06:47:00.694 [main] DEBUG o.s.aop.framework.CglibAopProxy - Found 'equals' method: public boolean java.lang.Object.equals(java.lang.Object)
06:47:00.694 [main] DEBUG o.s.aop.framework.CglibAopProxy - Unable to apply any optimisations to advised method: public java.lang.String java.lang.Object.toString()
06:47:00.694 [main] DEBUG o.s.aop.framework.CglibAopProxy - Found 'hashCode' method: public native int java.lang.Object.hashCode()
06:47:00.694 [main] DEBUG o.s.aop.framework.CglibAopProxy - Unable to apply any optimisations to advised method: protected native java.lang.Object java.lang.Object.clone() throws java.lang.CloneNotSupportedException
06:47:00.694 [main] DEBUG o.s.aop.framework.CglibAopProxy - Method is declared on Advised interface: public abstract void org.springframework.aop.framework.Advised.setTargetSource(org.springframework.aop.TargetSource)
06:47:00.694 [main] DEBUG o.s.aop.framework.CglibAopProxy - Method is declared on Advised interface: public abstract void org.springframework.aop.framework.Advised.addAdvice(org.aopalliance.aop.Advice) throws org.springframework.aop.framework.AopConfigException
06:47:00.694 [main] DEBUG o.s.aop.framework.CglibAopProxy - Method is declared on Advised interface: public abstract void org.springframework.aop.framework.Advised.addAdvice(int,org.aopalliance.aop.Advice) throws org.springframework.aop.framework.AopConfigException
06:47:00.694 [main] DEBUG o.s.aop.framework.CglibAopProxy - Method is declared on Advised interface: public abstract boolean org.springframework.aop.framework.Advised.isPreFiltered()
06:47:00.694 [main] DEBUG o.s.aop.framework.CglibAopProxy - Method is declared on Advised interface: public abstract java.lang.Class[] org.springframework.aop.framework.Advised.getProxiedInterfaces()
06:47:00.694 [main] DEBUG o.s.aop.framework.CglibAopProxy - Method is declared on Advised interface: public abstract boolean org.springframework.aop.framework.Advised.isInterfaceProxied(java.lang.Class)
06:47:00.694 [main] DEBUG o.s.aop.framework.CglibAopProxy - Method is declared on Advised interface: public abstract org.springframework.aop.Advisor[] org.springframework.aop.framework.Advised.getAdvisors()
06:47:00.694 [main] DEBUG o.s.aop.framework.CglibAopProxy - Method is declared on Advised interface: public abstract void org.springframework.aop.framework.Advised.removeAdvisor(int) throws org.springframework.aop.framework.AopConfigException
06:47:00.694 [main] DEBUG o.s.aop.framework.CglibAopProxy - Method is declared on Advised interface: public abstract boolean org.springframework.aop.framework.Advised.removeAdvisor(org.springframework.aop.Advisor)
06:47:00.694 [main] DEBUG o.s.aop.framework.CglibAopProxy - Method is declared on Advised interface: public abstract boolean org.springframework.aop.framework.Advised.replaceAdvisor(org.springframework.aop.Advisor,org.springframework.aop.Advisor) throws org.springframework.aop.framework.AopConfigException
06:47:00.694 [main] DEBUG o.s.aop.framework.CglibAopProxy - Method is declared on Advised interface: public abstract boolean org.springframework.aop.framework.Advised.removeAdvice(org.aopalliance.aop.Advice)
06:47:00.694 [main] DEBUG o.s.aop.framework.CglibAopProxy - Method is declared on Advised interface: public abstract java.lang.String org.springframework.aop.framework.Advised.toProxyConfigString()
06:47:00.694 [main] DEBUG o.s.aop.framework.CglibAopProxy - Method is declared on Advised interface: public abstract org.springframework.aop.TargetSource org.springframework.aop.framework.Advised.getTargetSource()
06:47:00.694 [main] DEBUG o.s.aop.framework.CglibAopProxy - Method is declared on Advised interface: public abstract boolean org.springframework.aop.framework.Advised.isProxyTargetClass()
06:47:00.694 [main] DEBUG o.s.aop.framework.CglibAopProxy - Method is declared on Advised interface: public abstract void org.springframework.aop.framework.Advised.addAdvisor(org.springframework.aop.Advisor) throws org.springframework.aop.framework.AopConfigException
06:47:00.694 [main] DEBUG o.s.aop.framework.CglibAopProxy - Method is declared on Advised interface: public abstract void org.springframework.aop.framework.Advised.addAdvisor(int,org.springframework.aop.Advisor) throws org.springframework.aop.framework.AopConfigException
06:47:00.694 [main] DEBUG o.s.aop.framework.CglibAopProxy - Method is declared on Advised interface: public abstract void org.springframework.aop.framework.Advised.setPreFiltered(boolean)
06:47:00.694 [main] DEBUG o.s.aop.framework.CglibAopProxy - Method is declared on Advised interface: public abstract void org.springframework.aop.framework.Advised.setExposeProxy(boolean)
06:47:00.694 [main] DEBUG o.s.aop.framework.CglibAopProxy - Method is declared on Advised interface: public abstract boolean org.springframework.aop.framework.Advised.isExposeProxy()
06:47:00.694 [main] DEBUG o.s.aop.framework.CglibAopProxy - Method is declared on Advised interface: public abstract int org.springframework.aop.framework.Advised.indexOf(org.springframework.aop.Advisor)
06:47:00.694 [main] DEBUG o.s.aop.framework.CglibAopProxy - Method is declared on Advised interface: public abstract int org.springframework.aop.framework.Advised.indexOf(org.aopalliance.aop.Advice)
06:47:00.694 [main] DEBUG o.s.aop.framework.CglibAopProxy - Method is declared on Advised interface: public abstract boolean org.springframework.aop.framework.Advised.isFrozen()
06:47:00.694 [main] DEBUG o.s.aop.framework.CglibAopProxy - Method is declared on Advised interface: public abstract java.lang.Class org.springframework.aop.TargetClassAware.getTargetClass()
06:47:00.699 [main] DEBUG o.s.b.f.s.DefaultListableBeanFactory - Finished creating instance of bean 'adminUserController'
06:47:00.700 [main] DEBUG o.s.b.f.s.DefaultListableBeanFactory - Creating shared instance of singleton bean 'hospitalController'
06:47:00.700 [main] DEBUG o.s.b.f.s.DefaultListableBeanFactory - Creating instance of bean 'hospitalController'
06:47:00.700 [main] DEBUG o.s.b.f.s.DefaultListableBeanFactory - Eagerly caching bean 'hospitalController' to allow for resolving potential circular references
06:47:00.700 [main] DEBUG o.s.b.f.s.DefaultListableBeanFactory - Returning cached instance of singleton bean 'metaDataSourceAdvisor'
06:47:00.700 [main] DEBUG o.s.s.a.p.PrePostAnnotationSecurityMetadataSource - @org.springframework.security.access.prepost.PreAuthorize(value=hasRole('ROLE_ADMIN')) found on specific method: public java.lang.String edu.ncsu.csc.itrust2.controllers.admin.HospitalController.addHospital(org.springframework.ui.Model)
06:47:00.700 [main] DEBUG o.s.s.a.m.DelegatingMethodSecurityMetadataSource - Caching method [CacheKey[edu.ncsu.csc.itrust2.controllers.admin.HospitalController; public java.lang.String edu.ncsu.csc.itrust2.controllers.admin.HospitalController.addHospital(org.springframework.ui.Model)]] with attributes [[authorize: 'hasRole('ROLE_ADMIN')', filter: 'null', filterTarget: 'null']]
06:47:00.700 [main] DEBUG o.s.a.f.a.InfrastructureAdvisorAutoProxyCreator - Creating implicit proxy for bean 'hospitalController' with 0 common interceptors and 1 specific interceptors
06:47:00.700 [main] DEBUG o.s.aop.framework.CglibAopProxy - Creating CGLIB proxy: target source is SingletonTargetSource for target object [edu.ncsu.csc.itrust2.controllers.admin.HospitalController@ba17c3d]
06:47:00.701 [main] DEBUG o.s.aop.framework.CglibAopProxy - Unable to apply any optimisations to advised method: public java.lang.String edu.ncsu.csc.itrust2.controllers.admin.HospitalController.addHospital(org.springframework.ui.Model)
06:47:00.701 [main] DEBUG o.s.s.a.p.PrePostAnnotationSecurityMetadataSource - @org.springframework.security.access.prepost.PreAuthorize(value=hasRole('ROLE_ADMIN')) found on specific method: public java.lang.String edu.ncsu.csc.itrust2.controllers.admin.HospitalController.addHospitalSubmit(edu.ncsu.csc.itrust2.forms.admin.HospitalForm,org.springframework.validation.BindingResult,org.springframework.ui.Model)
06:47:00.701 [main] DEBUG o.s.s.a.m.DelegatingMethodSecurityMetadataSource - Caching method [CacheKey[edu.ncsu.csc.itrust2.controllers.admin.HospitalController; public java.lang.String edu.ncsu.csc.itrust2.controllers.admin.HospitalController.addHospitalSubmit(edu.ncsu.csc.itrust2.forms.admin.HospitalForm,org.springframework.validation.BindingResult,org.springframework.ui.Model)]] with attributes [[authorize: 'hasRole('ROLE_ADMIN')', filter: 'null', filterTarget: 'null']]
06:47:00.701 [main] DEBUG o.s.aop.framework.CglibAopProxy - Unable to apply any optimisations to advised method: public java.lang.String edu.ncsu.csc.itrust2.controllers.admin.HospitalController.addHospitalSubmit(edu.ncsu.csc.itrust2.forms.admin.HospitalForm,org.springframework.validation.BindingResult,org.springframework.ui.Model)
06:47:00.701 [main] DEBUG o.s.s.a.p.PrePostAnnotationSecurityMetadataSource - @org.springframework.security.access.prepost.PreAuthorize(value=hasRole('ROLE_ADMIN')) found on specific method: public java.lang.String edu.ncsu.csc.itrust2.controllers.admin.HospitalController.deleteHospital(org.springframework.ui.Model)
06:47:00.701 [main] DEBUG o.s.s.a.m.DelegatingMethodSecurityMetadataSource - Caching method [CacheKey[edu.ncsu.csc.itrust2.controllers.admin.HospitalController; public java.lang.String edu.ncsu.csc.itrust2.controllers.admin.HospitalController.deleteHospital(org.springframework.ui.Model)]] with attributes [[authorize: 'hasRole('ROLE_ADMIN')', filter: 'null', filterTarget: 'null']]
06:47:00.701 [main] DEBUG o.s.aop.framework.CglibAopProxy - Unable to apply any optimisations to advised method: public java.lang.String edu.ncsu.csc.itrust2.controllers.admin.HospitalController.deleteHospital(org.springframework.ui.Model)
06:47:00.701 [main] DEBUG o.s.s.a.p.PrePostAnnotationSecurityMetadataSource - @org.springframework.security.access.prepost.PreAuthorize(value=hasRole('ROLE_ADMIN')) found on specific method: public java.lang.String edu.ncsu.csc.itrust2.controllers.admin.HospitalController.deleteHospitalSubmit(edu.ncsu.csc.itrust2.forms.admin.DeleteHospitalForm,org.springframework.validation.BindingResult,org.springframework.ui.Model)
06:47:00.701 [main] DEBUG o.s.s.a.m.DelegatingMethodSecurityMetadataSource - Caching method [CacheKey[edu.ncsu.csc.itrust2.controllers.admin.HospitalController; public java.lang.String edu.ncsu.csc.itrust2.controllers.admin.HospitalController.deleteHospitalSubmit(edu.ncsu.csc.itrust2.forms.admin.DeleteHospitalForm,org.springframework.validation.BindingResult,org.springframework.ui.Model)]] with attributes [[authorize: 'hasRole('ROLE_ADMIN')', filter: 'null', filterTarget: 'null']]
06:47:00.701 [main] DEBUG o.s.aop.framework.CglibAopProxy - Unable to apply any optimisations to advised method: public java.lang.String edu.ncsu.csc.itrust2.controllers.admin.HospitalController.deleteHospitalSubmit(edu.ncsu.csc.itrust2.forms.admin.DeleteHospitalForm,org.springframework.validation.BindingResult,org.springframework.ui.Model)
06:47:00.701 [main] DEBUG o.s.aop.framework.CglibAopProxy - Found 'equals' method: public boolean java.lang.Object.equals(java.lang.Object)
06:47:00.701 [main] DEBUG o.s.aop.framework.CglibAopProxy - Unable to apply any optimisations to advised method: public java.lang.String java.lang.Object.toString()
06:47:00.701 [main] DEBUG o.s.aop.framework.CglibAopProxy - Found 'hashCode' method: public native int java.lang.Object.hashCode()
06:47:00.701 [main] DEBUG o.s.aop.framework.CglibAopProxy - Unable to apply any optimisations to advised method: protected native java.lang.Object java.lang.Object.clone() throws java.lang.CloneNotSupportedException
06:47:00.701 [main] DEBUG o.s.aop.framework.CglibAopProxy - Method is declared on Advised interface: public abstract void org.springframework.aop.framework.Advised.setTargetSource(org.springframework.aop.TargetSource)
06:47:00.701 [main] DEBUG o.s.aop.framework.CglibAopProxy - Method is declared on Advised interface: public abstract void org.springframework.aop.framework.Advised.addAdvice(org.aopalliance.aop.Advice) throws org.springframework.aop.framework.AopConfigException
06:47:00.701 [main] DEBUG o.s.aop.framework.CglibAopProxy - Method is declared on Advised interface: public abstract void org.springframework.aop.framework.Advised.addAdvice(int,org.aopalliance.aop.Advice) throws org.springframework.aop.framework.AopConfigException
06:47:00.701 [main] DEBUG o.s.aop.framework.CglibAopProxy - Method is declared on Advised interface: public abstract boolean org.springframework.aop.framework.Advised.isPreFiltered()
06:47:00.701 [main] DEBUG o.s.aop.framework.CglibAopProxy - Method is declared on Advised interface: public abstract java.lang.Class[] org.springframework.aop.framework.Advised.getProxiedInterfaces()
06:47:00.701 [main] DEBUG o.s.aop.framework.CglibAopProxy - Method is declared on Advised interface: public abstract boolean org.springframework.aop.framework.Advised.isInterfaceProxied(java.lang.Class)
06:47:00.701 [main] DEBUG o.s.aop.framework.CglibAopProxy - Method is declared on Advised interface: public abstract org.springframework.aop.Advisor[] org.springframework.aop.framework.Advised.getAdvisors()
06:47:00.701 [main] DEBUG o.s.aop.framework.CglibAopProxy - Method is declared on Advised interface: public abstract void org.springframework.aop.framework.Advised.removeAdvisor(int) throws org.springframework.aop.framework.AopConfigException
06:47:00.701 [main] DEBUG o.s.aop.framework.CglibAopProxy - Method is declared on Advised interface: public abstract boolean org.springframework.aop.framework.Advised.removeAdvisor(org.springframework.aop.Advisor)
06:47:00.701 [main] DEBUG o.s.aop.framework.CglibAopProxy - Method is declared on Advised interface: public abstract boolean org.springframework.aop.framework.Advised.replaceAdvisor(org.springframework.aop.Advisor,org.springframework.aop.Advisor) throws org.springframework.aop.framework.AopConfigException
06:47:00.701 [main] DEBUG o.s.aop.framework.CglibAopProxy - Method is declared on Advised interface: public abstract boolean org.springframework.aop.framework.Advised.removeAdvice(org.aopalliance.aop.Advice)
06:47:00.701 [main] DEBUG o.s.aop.framework.CglibAopProxy - Method is declared on Advised interface: public abstract java.lang.String org.springframework.aop.framework.Advised.toProxyConfigString()
06:47:00.701 [main] DEBUG o.s.aop.framework.CglibAopProxy - Method is declared on Advised interface: public abstract org.springframework.aop.TargetSource org.springframework.aop.framework.Advised.getTargetSource()
06:47:00.701 [main] DEBUG o.s.aop.framework.CglibAopProxy - Method is declared on Advised interface: public abstract boolean org.springframework.aop.framework.Advised.isProxyTargetClass()
06:47:00.701 [main] DEBUG o.s.aop.framework.CglibAopProxy - Method is declared on Advised interface: public abstract void org.springframework.aop.framework.Advised.addAdvisor(org.springframework.aop.Advisor) throws org.springframework.aop.framework.AopConfigException
06:47:00.701 [main] DEBUG o.s.aop.framework.CglibAopProxy - Method is declared on Advised interface: public abstract void org.springframework.aop.framework.Advised.addAdvisor(int,org.springframework.aop.Advisor) throws org.springframework.aop.framework.AopConfigException
06:47:00.701 [main] DEBUG o.s.aop.framework.CglibAopProxy - Method is declared on Advised interface: public abstract void org.springframework.aop.framework.Advised.setPreFiltered(boolean)
06:47:00.701 [main] DEBUG o.s.aop.framework.CglibAopProxy - Method is declared on Advised interface: public abstract void org.springframework.aop.framework.Advised.setExposeProxy(boolean)
06:47:00.701 [main] DEBUG o.s.aop.framework.CglibAopProxy - Method is declared on Advised interface: public abstract boolean org.springframework.aop.framework.Advised.isExposeProxy()
06:47:00.701 [main] DEBUG o.s.aop.framework.CglibAopProxy - Method is declared on Advised interface: public abstract int org.springframework.aop.framework.Advised.indexOf(org.springframework.aop.Advisor)
06:47:00.701 [main] DEBUG o.s.aop.framework.CglibAopProxy - Method is declared on Advised interface: public abstract int org.springframework.aop.framework.Advised.indexOf(org.aopalliance.aop.Advice)
06:47:00.701 [main] DEBUG o.s.aop.framework.CglibAopProxy - Method is declared on Advised interface: public abstract boolean org.springframework.aop.framework.Advised.isFrozen()
06:47:00.701 [main] DEBUG o.s.aop.framework.CglibAopProxy - Method is declared on Advised interface: public abstract java.lang.Class org.springframework.aop.TargetClassAware.getTargetClass()
06:47:00.707 [main] DEBUG o.s.b.f.s.DefaultListableBeanFactory - Finished creating instance of bean 'hospitalController'
06:47:00.707 [main] DEBUG o.s.b.f.s.DefaultListableBeanFactory - Creating shared instance of singleton bean 'ICDCodesController'
06:47:00.708 [main] DEBUG o.s.b.f.s.DefaultListableBeanFactory - Creating instance of bean 'ICDCodesController'
06:47:00.708 [main] DEBUG o.s.b.f.s.DefaultListableBeanFactory - Eagerly caching bean 'ICDCodesController' to allow for resolving potential circular references
06:47:00.708 [main] DEBUG o.s.b.f.s.DefaultListableBeanFactory - Returning cached instance of singleton bean 'metaDataSourceAdvisor'
06:47:00.708 [main] DEBUG o.s.s.a.p.PrePostAnnotationSecurityMetadataSource - @org.springframework.security.access.prepost.PreAuthorize(value=hasRole('ROLE_ADMIN')) found on specific method: public java.lang.String edu.ncsu.csc.itrust2.controllers.admin.ICDCodesController.addCode(org.springframework.ui.Model)
06:47:00.708 [main] DEBUG o.s.s.a.m.DelegatingMethodSecurityMetadataSource - Caching method [CacheKey[edu.ncsu.csc.itrust2.controllers.admin.ICDCodesController; public java.lang.String edu.ncsu.csc.itrust2.controllers.admin.ICDCodesController.addCode(org.springframework.ui.Model)]] with attributes [[authorize: 'hasRole('ROLE_ADMIN')', filter: 'null', filterTarget: 'null']]
06:47:00.708 [main] DEBUG o.s.a.f.a.InfrastructureAdvisorAutoProxyCreator - Creating implicit proxy for bean 'ICDCodesController' with 0 common interceptors and 1 specific interceptors
06:47:00.708 [main] DEBUG o.s.aop.framework.CglibAopProxy - Creating CGLIB proxy: target source is SingletonTargetSource for target object [edu.ncsu.csc.itrust2.controllers.admin.ICDCodesController@2fbfc71d]
06:47:00.709 [main] DEBUG o.s.aop.framework.CglibAopProxy - Unable to apply any optimisations to advised method: public java.lang.String edu.ncsu.csc.itrust2.controllers.admin.ICDCodesController.addCode(org.springframework.ui.Model)
06:47:00.709 [main] DEBUG o.s.aop.framework.CglibAopProxy - Found 'equals' method: public boolean java.lang.Object.equals(java.lang.Object)
06:47:00.709 [main] DEBUG o.s.aop.framework.CglibAopProxy - Unable to apply any optimisations to advised method: public java.lang.String java.lang.Object.toString()
06:47:00.709 [main] DEBUG o.s.aop.framework.CglibAopProxy - Found 'hashCode' method: public native int java.lang.Object.hashCode()
06:47:00.709 [main] DEBUG o.s.aop.framework.CglibAopProxy - Unable to apply any optimisations to advised method: protected native java.lang.Object java.lang.Object.clone() throws java.lang.CloneNotSupportedException
06:47:00.709 [main] DEBUG o.s.aop.framework.CglibAopProxy - Method is declared on Advised interface: public abstract void org.springframework.aop.framework.Advised.setTargetSource(org.springframework.aop.TargetSource)
06:47:00.709 [main] DEBUG o.s.aop.framework.CglibAopProxy - Method is declared on Advised interface: public abstract void org.springframework.aop.framework.Advised.addAdvice(org.aopalliance.aop.Advice) throws org.springframework.aop.framework.AopConfigException
06:47:00.709 [main] DEBUG o.s.aop.framework.CglibAopProxy - Method is declared on Advised interface: public abstract void org.springframework.aop.framework.Advised.addAdvice(int,org.aopalliance.aop.Advice) throws org.springframework.aop.framework.AopConfigException
06:47:00.709 [main] DEBUG o.s.aop.framework.CglibAopProxy - Method is declared on Advised interface: public abstract boolean org.springframework.aop.framework.Advised.isPreFiltered()
06:47:00.709 [main] DEBUG o.s.aop.framework.CglibAopProxy - Method is declared on Advised interface: public abstract java.lang.Class[] org.springframework.aop.framework.Advised.getProxiedInterfaces()
06:47:00.709 [main] DEBUG o.s.aop.framework.CglibAopProxy - Method is declared on Advised interface: public abstract boolean org.springframework.aop.framework.Advised.isInterfaceProxied(java.lang.Class)
06:47:00.709 [main] DEBUG o.s.aop.framework.CglibAopProxy - Method is declared on Advised interface: public abstract org.springframework.aop.Advisor[] org.springframework.aop.framework.Advised.getAdvisors()
06:47:00.709 [main] DEBUG o.s.aop.framework.CglibAopProxy - Method is declared on Advised interface: public abstract void org.springframework.aop.framework.Advised.removeAdvisor(int) throws org.springframework.aop.framework.AopConfigException
06:47:00.709 [main] DEBUG o.s.aop.framework.CglibAopProxy - Method is declared on Advised interface: public abstract boolean org.springframework.aop.framework.Advised.removeAdvisor(org.springframework.aop.Advisor)
06:47:00.709 [main] DEBUG o.s.aop.framework.CglibAopProxy - Method is declared on Advised interface: public abstract boolean org.springframework.aop.framework.Advised.replaceAdvisor(org.springframework.aop.Advisor,org.springframework.aop.Advisor) throws org.springframework.aop.framework.AopConfigException
06:47:00.709 [main] DEBUG o.s.aop.framework.CglibAopProxy - Method is declared on Advised interface: public abstract boolean org.springframework.aop.framework.Advised.removeAdvice(org.aopalliance.aop.Advice)
06:47:00.709 [main] DEBUG o.s.aop.framework.CglibAopProxy - Method is declared on Advised interface: public abstract java.lang.String org.springframework.aop.framework.Advised.toProxyConfigString()
06:47:00.709 [main] DEBUG o.s.aop.framework.CglibAopProxy - Method is declared on Advised interface: public abstract org.springframework.aop.TargetSource org.springframework.aop.framework.Advised.getTargetSource()
06:47:00.709 [main] DEBUG o.s.aop.framework.CglibAopProxy - Method is declared on Advised interface: public abstract boolean org.springframework.aop.framework.Advised.isProxyTargetClass()
06:47:00.709 [main] DEBUG o.s.aop.framework.CglibAopProxy - Method is declared on Advised interface: public abstract void org.springframework.aop.framework.Advised.addAdvisor(org.springframework.aop.Advisor) throws org.springframework.aop.framework.AopConfigException
06:47:00.709 [main] DEBUG o.s.aop.framework.CglibAopProxy - Method is declared on Advised interface: public abstract void org.springframework.aop.framework.Advised.addAdvisor(int,org.springframework.aop.Advisor) throws org.springframework.aop.framework.AopConfigException
06:47:00.709 [main] DEBUG o.s.aop.framework.CglibAopProxy - Method is declared on Advised interface: public abstract void org.springframework.aop.framework.Advised.setPreFiltered(boolean)
06:47:00.709 [main] DEBUG o.s.aop.framework.CglibAopProxy - Method is declared on Advised interface: public abstract void org.springframework.aop.framework.Advised.setExposeProxy(boolean)
06:47:00.709 [main] DEBUG o.s.aop.framework.CglibAopProxy - Method is declared on Advised interface: public abstract boolean org.springframework.aop.framework.Advised.isExposeProxy()
06:47:00.709 [main] DEBUG o.s.aop.framework.CglibAopProxy - Method is declared on Advised interface: public abstract int org.springframework.aop.framework.Advised.indexOf(org.springframework.aop.Advisor)
06:47:00.709 [main] DEBUG o.s.aop.framework.CglibAopProxy - Method is declared on Advised interface: public abstract int org.springframework.aop.framework.Advised.indexOf(org.aopalliance.aop.Advice)
06:47:00.709 [main] DEBUG o.s.aop.framework.CglibAopProxy - Method is declared on Advised interface: public abstract boolean org.springframework.aop.framework.Advised.isFrozen()
06:47:00.709 [main] DEBUG o.s.aop.framework.CglibAopProxy - Method is declared on Advised interface: public abstract java.lang.Class org.springframework.aop.TargetClassAware.getTargetClass()
06:47:00.715 [main] DEBUG o.s.b.f.s.DefaultListableBeanFactory - Finished creating instance of bean 'ICDCodesController'
06:47:00.715 [main] DEBUG o.s.b.f.s.DefaultListableBeanFactory - Creating shared instance of singleton bean 'APIAppointmentRequestController'
06:47:00.715 [main] DEBUG o.s.b.f.s.DefaultListableBeanFactory - Creating instance of bean 'APIAppointmentRequestController'
06:47:00.715 [main] DEBUG o.s.b.f.s.DefaultListableBeanFactory - Eagerly caching bean 'APIAppointmentRequestController' to allow for resolving potential circular references
06:47:00.715 [main] DEBUG o.s.b.f.s.DefaultListableBeanFactory - Returning cached instance of singleton bean 'metaDataSourceAdvisor'
06:47:00.716 [main] DEBUG o.s.b.f.s.DefaultListableBeanFactory - Finished creating instance of bean 'APIAppointmentRequestController'
06:47:00.716 [main] DEBUG o.s.b.f.s.DefaultListableBeanFactory - Creating shared instance of singleton bean 'APIDiagnosisController'
06:47:00.716 [main] DEBUG o.s.b.f.s.DefaultListableBeanFactory - Creating instance of bean 'APIDiagnosisController'
06:47:00.716 [main] DEBUG o.s.b.f.s.DefaultListableBeanFactory - Eagerly caching bean 'APIDiagnosisController' to allow for resolving potential circular references
06:47:00.716 [main] DEBUG o.s.b.f.s.DefaultListableBeanFactory - Returning cached instance of singleton bean 'metaDataSourceAdvisor'
06:47:00.716 [main] DEBUG o.s.b.f.s.DefaultListableBeanFactory - Finished creating instance of bean 'APIDiagnosisController'
06:47:00.716 [main] DEBUG o.s.b.f.s.DefaultListableBeanFactory - Creating shared instance of singleton bean 'APIDrugController'
06:47:00.716 [main] DEBUG o.s.b.f.s.DefaultListableBeanFactory - Creating instance of bean 'APIDrugController'
06:47:00.716 [main] DEBUG o.s.b.f.s.DefaultListableBeanFactory - Eagerly caching bean 'APIDrugController' to allow for resolving potential circular references
06:47:00.716 [main] DEBUG o.s.b.f.s.DefaultListableBeanFactory - Returning cached instance of singleton bean 'metaDataSourceAdvisor'
06:47:00.716 [main] DEBUG o.s.s.a.p.PrePostAnnotationSecurityMetadataSource - @org.springframework.security.access.prepost.PreAuthorize(value=hasRole('ROLE_ADMIN')) found on specific method: public org.springframework.http.ResponseEntity edu.ncsu.csc.itrust2.controllers.api.APIDrugController.addDrug(edu.ncsu.csc.itrust2.forms.admin.DrugForm)
06:47:00.717 [main] DEBUG o.s.s.a.m.DelegatingMethodSecurityMetadataSource - Caching method [CacheKey[edu.ncsu.csc.itrust2.controllers.api.APIDrugController; public org.springframework.http.ResponseEntity edu.ncsu.csc.itrust2.controllers.api.APIDrugController.addDrug(edu.ncsu.csc.itrust2.forms.admin.DrugForm)]] with attributes [[authorize: 'hasRole('ROLE_ADMIN')', filter: 'null', filterTarget: 'null']]
06:47:00.717 [main] DEBUG o.s.a.f.a.InfrastructureAdvisorAutoProxyCreator - Creating implicit proxy for bean 'APIDrugController' with 0 common interceptors and 1 specific interceptors
06:47:00.717 [main] DEBUG o.s.aop.framework.CglibAopProxy - Creating CGLIB proxy: target source is SingletonTargetSource for target object [edu.ncsu.csc.itrust2.controllers.api.APIDrugController@1de77419]
06:47:00.717 [main] DEBUG o.s.aop.framework.CglibAopProxy - Unable to apply any optimisations to advised method: public org.springframework.http.ResponseEntity edu.ncsu.csc.itrust2.controllers.api.APIDrugController.addDrug(edu.ncsu.csc.itrust2.forms.admin.DrugForm)
06:47:00.717 [main] DEBUG o.s.s.a.p.PrePostAnnotationSecurityMetadataSource - @org.springframework.security.access.prepost.PreAuthorize(value=hasRole('ROLE_ADMIN')) found on specific method: public org.springframework.http.ResponseEntity edu.ncsu.csc.itrust2.controllers.api.APIDrugController.editDrug(edu.ncsu.csc.itrust2.forms.admin.DrugForm)
06:47:00.717 [main] DEBUG o.s.s.a.m.DelegatingMethodSecurityMetadataSource - Caching method [CacheKey[edu.ncsu.csc.itrust2.controllers.api.APIDrugController; public org.springframework.http.ResponseEntity edu.ncsu.csc.itrust2.controllers.api.APIDrugController.editDrug(edu.ncsu.csc.itrust2.forms.admin.DrugForm)]] with attributes [[authorize: 'hasRole('ROLE_ADMIN')', filter: 'null', filterTarget: 'null']]
06:47:00.717 [main] DEBUG o.s.aop.framework.CglibAopProxy - Unable to apply any optimisations to advised method: public org.springframework.http.ResponseEntity edu.ncsu.csc.itrust2.controllers.api.APIDrugController.editDrug(edu.ncsu.csc.itrust2.forms.admin.DrugForm)
06:47:00.718 [main] DEBUG o.s.s.a.p.PrePostAnnotationSecurityMetadataSource - @org.springframework.security.access.prepost.PreAuthorize(value=hasRole('ROLE_ADMIN')) found on specific method: public org.springframework.http.ResponseEntity edu.ncsu.csc.itrust2.controllers.api.APIDrugController.deleteDrug(java.lang.String)
06:47:00.718 [main] DEBUG o.s.s.a.m.DelegatingMethodSecurityMetadataSource - Caching method [CacheKey[edu.ncsu.csc.itrust2.controllers.api.APIDrugController; public org.springframework.http.ResponseEntity edu.ncsu.csc.itrust2.controllers.api.APIDrugController.deleteDrug(java.lang.String)]] with attributes [[authorize: 'hasRole('ROLE_ADMIN')', filter: 'null', filterTarget: 'null']]
06:47:00.718 [main] DEBUG o.s.aop.framework.CglibAopProxy - Unable to apply any optimisations to advised method: public org.springframework.http.ResponseEntity edu.ncsu.csc.itrust2.controllers.api.APIDrugController.deleteDrug(java.lang.String)
06:47:00.718 [main] DEBUG o.s.aop.framework.CglibAopProxy - Unable to apply any optimisations to advised method: public java.util.List edu.ncsu.csc.itrust2.controllers.api.APIDrugController.getDrugs()
06:47:00.718 [main] DEBUG o.s.aop.framework.CglibAopProxy - Found 'equals' method: public boolean java.lang.Object.equals(java.lang.Object)
06:47:00.718 [main] DEBUG o.s.aop.framework.CglibAopProxy - Unable to apply any optimisations to advised method: public java.lang.String java.lang.Object.toString()
06:47:00.718 [main] DEBUG o.s.aop.framework.CglibAopProxy - Found 'hashCode' method: public native int java.lang.Object.hashCode()
06:47:00.718 [main] DEBUG o.s.aop.framework.CglibAopProxy - Unable to apply any optimisations to advised method: protected native java.lang.Object java.lang.Object.clone() throws java.lang.CloneNotSupportedException
06:47:00.718 [main] DEBUG o.s.aop.framework.CglibAopProxy - Method is declared on Advised interface: public abstract void org.springframework.aop.framework.Advised.setTargetSource(org.springframework.aop.TargetSource)
06:47:00.718 [main] DEBUG o.s.aop.framework.CglibAopProxy - Method is declared on Advised interface: public abstract void org.springframework.aop.framework.Advised.addAdvice(org.aopalliance.aop.Advice) throws org.springframework.aop.framework.AopConfigException
06:47:00.718 [main] DEBUG o.s.aop.framework.CglibAopProxy - Method is declared on Advised interface: public abstract void org.springframework.aop.framework.Advised.addAdvice(int,org.aopalliance.aop.Advice) throws org.springframework.aop.framework.AopConfigException
06:47:00.718 [main] DEBUG o.s.aop.framework.CglibAopProxy - Method is declared on Advised interface: public abstract boolean org.springframework.aop.framework.Advised.isPreFiltered()
06:47:00.718 [main] DEBUG o.s.aop.framework.CglibAopProxy - Method is declared on Advised interface: public abstract java.lang.Class[] org.springframework.aop.framework.Advised.getProxiedInterfaces()
06:47:00.718 [main] DEBUG o.s.aop.framework.CglibAopProxy - Method is declared on Advised interface: public abstract boolean org.springframework.aop.framework.Advised.isInterfaceProxied(java.lang.Class)
06:47:00.718 [main] DEBUG o.s.aop.framework.CglibAopProxy - Method is declared on Advised interface: public abstract org.springframework.aop.Advisor[] org.springframework.aop.framework.Advised.getAdvisors()
06:47:00.718 [main] DEBUG o.s.aop.framework.CglibAopProxy - Method is declared on Advised interface: public abstract void org.springframework.aop.framework.Advised.removeAdvisor(int) throws org.springframework.aop.framework.AopConfigException
06:47:00.718 [main] DEBUG o.s.aop.framework.CglibAopProxy - Method is declared on Advised interface: public abstract boolean org.springframework.aop.framework.Advised.removeAdvisor(org.springframework.aop.Advisor)
06:47:00.718 [main] DEBUG o.s.aop.framework.CglibAopProxy - Method is declared on Advised interface: public abstract boolean org.springframework.aop.framework.Advised.replaceAdvisor(org.springframework.aop.Advisor,org.springframework.aop.Advisor) throws org.springframework.aop.framework.AopConfigException
06:47:00.718 [main] DEBUG o.s.aop.framework.CglibAopProxy - Method is declared on Advised interface: public abstract boolean org.springframework.aop.framework.Advised.removeAdvice(org.aopalliance.aop.Advice)
06:47:00.718 [main] DEBUG o.s.aop.framework.CglibAopProxy - Method is declared on Advised interface: public abstract java.lang.String org.springframework.aop.framework.Advised.toProxyConfigString()
06:47:00.718 [main] DEBUG o.s.aop.framework.CglibAopProxy - Method is declared on Advised interface: public abstract org.springframework.aop.TargetSource org.springframework.aop.framework.Advised.getTargetSource()
06:47:00.718 [main] DEBUG o.s.aop.framework.CglibAopProxy - Method is declared on Advised interface: public abstract boolean org.springframework.aop.framework.Advised.isProxyTargetClass()
06:47:00.718 [main] DEBUG o.s.aop.framework.CglibAopProxy - Method is declared on Advised interface: public abstract void org.springframework.aop.framework.Advised.addAdvisor(org.springframework.aop.Advisor) throws org.springframework.aop.framework.AopConfigException
06:47:00.718 [main] DEBUG o.s.aop.framework.CglibAopProxy - Method is declared on Advised interface: public abstract void org.springframework.aop.framework.Advised.addAdvisor(int,org.springframework.aop.Advisor) throws org.springframework.aop.framework.AopConfigException
06:47:00.718 [main] DEBUG o.s.aop.framework.CglibAopProxy - Method is declared on Advised interface: public abstract void org.springframework.aop.framework.Advised.setPreFiltered(boolean)
06:47:00.718 [main] DEBUG o.s.aop.framework.CglibAopProxy - Method is declared on Advised interface: public abstract void org.springframework.aop.framework.Advised.setExposeProxy(boolean)
06:47:00.718 [main] DEBUG o.s.aop.framework.CglibAopProxy - Method is declared on Advised interface: public abstract boolean org.springframework.aop.framework.Advised.isExposeProxy()
06:47:00.718 [main] DEBUG o.s.aop.framework.CglibAopProxy - Method is declared on Advised interface: public abstract int org.springframework.aop.framework.Advised.indexOf(org.springframework.aop.Advisor)
06:47:00.718 [main] DEBUG o.s.aop.framework.CglibAopProxy - Method is declared on Advised interface: public abstract int org.springframework.aop.framework.Advised.indexOf(org.aopalliance.aop.Advice)
06:47:00.718 [main] DEBUG o.s.aop.framework.CglibAopProxy - Method is declared on Advised interface: public abstract boolean org.springframework.aop.framework.Advised.isFrozen()
06:47:00.718 [main] DEBUG o.s.aop.framework.CglibAopProxy - Method is declared on Advised interface: public abstract java.lang.Class org.springframework.aop.TargetClassAware.getTargetClass()
06:47:00.725 [main] DEBUG o.s.b.f.s.DefaultListableBeanFactory - Finished creating instance of bean 'APIDrugController'
06:47:00.725 [main] DEBUG o.s.b.f.s.DefaultListableBeanFactory - Creating shared instance of singleton bean 'APIEnumController'
06:47:00.725 [main] DEBUG o.s.b.f.s.DefaultListableBeanFactory - Creating instance of bean 'APIEnumController'
06:47:00.725 [main] DEBUG o.s.b.f.s.DefaultListableBeanFactory - Eagerly caching bean 'APIEnumController' to allow for resolving potential circular references
06:47:00.725 [main] DEBUG o.s.b.f.s.DefaultListableBeanFactory - Returning cached instance of singleton bean 'metaDataSourceAdvisor'
06:47:00.727 [main] DEBUG o.s.b.f.s.DefaultListableBeanFactory - Finished creating instance of bean 'APIEnumController'
06:47:00.727 [main] DEBUG o.s.b.f.s.DefaultListableBeanFactory - Creating shared instance of singleton bean 'APIHospitalController'
06:47:00.727 [main] DEBUG o.s.b.f.s.DefaultListableBeanFactory - Creating instance of bean 'APIHospitalController'
06:47:00.727 [main] DEBUG o.s.b.f.s.DefaultListableBeanFactory - Eagerly caching bean 'APIHospitalController' to allow for resolving potential circular references
06:47:00.727 [main] DEBUG o.s.b.f.s.DefaultListableBeanFactory - Returning cached instance of singleton bean 'metaDataSourceAdvisor'
06:47:00.728 [main] DEBUG o.s.b.f.s.DefaultListableBeanFactory - Finished creating instance of bean 'APIHospitalController'
06:47:00.728 [main] DEBUG o.s.b.f.s.DefaultListableBeanFactory - Creating shared instance of singleton bean 'APIICDCodeController'
06:47:00.728 [main] DEBUG o.s.b.f.s.DefaultListableBeanFactory - Creating instance of bean 'APIICDCodeController'
06:47:00.728 [main] DEBUG o.s.b.f.s.DefaultListableBeanFactory - Eagerly caching bean 'APIICDCodeController' to allow for resolving potential circular references
06:47:00.728 [main] DEBUG o.s.b.f.s.DefaultListableBeanFactory - Returning cached instance of singleton bean 'metaDataSourceAdvisor'
06:47:00.728 [main] DEBUG o.s.s.a.p.PrePostAnnotationSecurityMetadataSource - @org.springframework.security.access.prepost.PreAuthorize(value=hasRole('ROLE_ADMIN')) found on specific method: public org.springframework.http.ResponseEntity edu.ncsu.csc.itrust2.controllers.api.APIICDCodeController.addCode(edu.ncsu.csc.itrust2.forms.admin.ICDCodeForm)
06:47:00.729 [main] DEBUG o.s.s.a.m.DelegatingMethodSecurityMetadataSource - Caching method [CacheKey[edu.ncsu.csc.itrust2.controllers.api.APIICDCodeController; public org.springframework.http.ResponseEntity edu.ncsu.csc.itrust2.controllers.api.APIICDCodeController.addCode(edu.ncsu.csc.itrust2.forms.admin.ICDCodeForm)]] with attributes [[authorize: 'hasRole('ROLE_ADMIN')', filter: 'null', filterTarget: 'null']]
06:47:00.729 [main] DEBUG o.s.a.f.a.InfrastructureAdvisorAutoProxyCreator - Creating implicit proxy for bean 'APIICDCodeController' with 0 common interceptors and 1 specific interceptors
06:47:00.729 [main] DEBUG o.s.aop.framework.CglibAopProxy - Creating CGLIB proxy: target source is SingletonTargetSource for target object [edu.ncsu.csc.itrust2.controllers.api.APIICDCodeController@5eb6e701]
06:47:00.729 [main] DEBUG o.s.aop.framework.CglibAopProxy - Unable to apply any optimisations to advised method: public org.springframework.http.ResponseEntity edu.ncsu.csc.itrust2.controllers.api.APIICDCodeController.getCode(java.lang.Long)
06:47:00.729 [main] DEBUG o.s.aop.framework.CglibAopProxy - Unable to apply any optimisations to advised method: public org.springframework.http.ResponseEntity edu.ncsu.csc.itrust2.controllers.api.APIICDCodeController.addCode(edu.ncsu.csc.itrust2.forms.admin.ICDCodeForm)
06:47:00.730 [main] DEBUG o.s.aop.framework.CglibAopProxy - Unable to apply any optimisations to advised method: public java.util.List edu.ncsu.csc.itrust2.controllers.api.APIICDCodeController.getCodes()
06:47:00.730 [main] DEBUG o.s.s.a.p.PrePostAnnotationSecurityMetadataSource - @org.springframework.security.access.prepost.PreAuthorize(value=hasRole('ROLE_ADMIN')) found on specific method: public org.springframework.http.ResponseEntity edu.ncsu.csc.itrust2.controllers.api.APIICDCodeController.updateCode(java.lang.Long,edu.ncsu.csc.itrust2.forms.admin.ICDCodeForm)
06:47:00.730 [main] DEBUG o.s.s.a.m.DelegatingMethodSecurityMetadataSource - Caching method [CacheKey[edu.ncsu.csc.itrust2.controllers.api.APIICDCodeController; public org.springframework.http.ResponseEntity edu.ncsu.csc.itrust2.controllers.api.APIICDCodeController.updateCode(java.lang.Long,edu.ncsu.csc.itrust2.forms.admin.ICDCodeForm)]] with attributes [[authorize: 'hasRole('ROLE_ADMIN')', filter: 'null', filterTarget: 'null']]
06:47:00.730 [main] DEBUG o.s.aop.framework.CglibAopProxy - Unable to apply any optimisations to advised method: public org.springframework.http.ResponseEntity edu.ncsu.csc.itrust2.controllers.api.APIICDCodeController.updateCode(java.lang.Long,edu.ncsu.csc.itrust2.forms.admin.ICDCodeForm)
06:47:00.730 [main] DEBUG o.s.s.a.p.PrePostAnnotationSecurityMetadataSource - @org.springframework.security.access.prepost.PreAuthorize(value=hasRole('ROLE_ADMIN')) found on specific method: public org.springframework.http.ResponseEntity edu.ncsu.csc.itrust2.controllers.api.APIICDCodeController.deleteCode(java.lang.Long)
06:47:00.730 [main] DEBUG o.s.s.a.m.DelegatingMethodSecurityMetadataSource - Caching method [CacheKey[edu.ncsu.csc.itrust2.controllers.api.APIICDCodeController; public org.springframework.http.ResponseEntity edu.ncsu.csc.itrust2.controllers.api.APIICDCodeController.deleteCode(java.lang.Long)]] with attributes [[authorize: 'hasRole('ROLE_ADMIN')', filter: 'null', filterTarget: 'null']]
06:47:00.730 [main] DEBUG o.s.aop.framework.CglibAopProxy - Unable to apply any optimisations to advised method: public org.springframework.http.ResponseEntity edu.ncsu.csc.itrust2.controllers.api.APIICDCodeController.deleteCode(java.lang.Long)
06:47:00.730 [main] DEBUG o.s.aop.framework.CglibAopProxy - Found 'equals' method: public boolean java.lang.Object.equals(java.lang.Object)
06:47:00.730 [main] DEBUG o.s.aop.framework.CglibAopProxy - Unable to apply any optimisations to advised method: public java.lang.String java.lang.Object.toString()
06:47:00.730 [main] DEBUG o.s.aop.framework.CglibAopProxy - Found 'hashCode' method: public native int java.lang.Object.hashCode()
06:47:00.730 [main] DEBUG o.s.aop.framework.CglibAopProxy - Unable to apply any optimisations to advised method: protected native java.lang.Object java.lang.Object.clone() throws java.lang.CloneNotSupportedException
06:47:00.730 [main] DEBUG o.s.aop.framework.CglibAopProxy - Method is declared on Advised interface: public abstract void org.springframework.aop.framework.Advised.setTargetSource(org.springframework.aop.TargetSource)
06:47:00.730 [main] DEBUG o.s.aop.framework.CglibAopProxy - Method is declared on Advised interface: public abstract void org.springframework.aop.framework.Advised.addAdvice(org.aopalliance.aop.Advice) throws org.springframework.aop.framework.AopConfigException
06:47:00.730 [main] DEBUG o.s.aop.framework.CglibAopProxy - Method is declared on Advised interface: public abstract void org.springframework.aop.framework.Advised.addAdvice(int,org.aopalliance.aop.Advice) throws org.springframework.aop.framework.AopConfigException
06:47:00.730 [main] DEBUG o.s.aop.framework.CglibAopProxy - Method is declared on Advised interface: public abstract boolean org.springframework.aop.framework.Advised.isPreFiltered()
06:47:00.730 [main] DEBUG o.s.aop.framework.CglibAopProxy - Method is declared on Advised interface: public abstract java.lang.Class[] org.springframework.aop.framework.Advised.getProxiedInterfaces()
06:47:00.730 [main] DEBUG o.s.aop.framework.CglibAopProxy - Method is declared on Advised interface: public abstract boolean org.springframework.aop.framework.Advised.isInterfaceProxied(java.lang.Class)
06:47:00.730 [main] DEBUG o.s.aop.framework.CglibAopProxy - Method is declared on Advised interface: public abstract org.springframework.aop.Advisor[] org.springframework.aop.framework.Advised.getAdvisors()
06:47:00.730 [main] DEBUG o.s.aop.framework.CglibAopProxy - Method is declared on Advised interface: public abstract void org.springframework.aop.framework.Advised.removeAdvisor(int) throws org.springframework.aop.framework.AopConfigException
06:47:00.730 [main] DEBUG o.s.aop.framework.CglibAopProxy - Method is declared on Advised interface: public abstract boolean org.springframework.aop.framework.Advised.removeAdvisor(org.springframework.aop.Advisor)
06:47:00.730 [main] DEBUG o.s.aop.framework.CglibAopProxy - Method is declared on Advised interface: public abstract boolean org.springframework.aop.framework.Advised.replaceAdvisor(org.springframework.aop.Advisor,org.springframework.aop.Advisor) throws org.springframework.aop.framework.AopConfigException
06:47:00.730 [main] DEBUG o.s.aop.framework.CglibAopProxy - Method is declared on Advised interface: public abstract boolean org.springframework.aop.framework.Advised.removeAdvice(org.aopalliance.aop.Advice)
06:47:00.730 [main] DEBUG o.s.aop.framework.CglibAopProxy - Method is declared on Advised interface: public abstract java.lang.String org.springframework.aop.framework.Advised.toProxyConfigString()
06:47:00.730 [main] DEBUG o.s.aop.framework.CglibAopProxy - Method is declared on Advised interface: public abstract org.springframework.aop.TargetSource org.springframework.aop.framework.Advised.getTargetSource()
06:47:00.730 [main] DEBUG o.s.aop.framework.CglibAopProxy - Method is declared on Advised interface: public abstract boolean org.springframework.aop.framework.Advised.isProxyTargetClass()
06:47:00.731 [main] DEBUG o.s.aop.framework.CglibAopProxy - Method is declared on Advised interface: public abstract void org.springframework.aop.framework.Advised.addAdvisor(org.springframework.aop.Advisor) throws org.springframework.aop.framework.AopConfigException
06:47:00.731 [main] DEBUG o.s.aop.framework.CglibAopProxy - Method is declared on Advised interface: public abstract void org.springframework.aop.framework.Advised.addAdvisor(int,org.springframework.aop.Advisor) throws org.springframework.aop.framework.AopConfigException
06:47:00.731 [main] DEBUG o.s.aop.framework.CglibAopProxy - Method is declared on Advised interface: public abstract void org.springframework.aop.framework.Advised.setPreFiltered(boolean)
06:47:00.731 [main] DEBUG o.s.aop.framework.CglibAopProxy - Method is declared on Advised interface: public abstract void org.springframework.aop.framework.Advised.setExposeProxy(boolean)
06:47:00.731 [main] DEBUG o.s.aop.framework.CglibAopProxy - Method is declared on Advised interface: public abstract boolean org.springframework.aop.framework.Advised.isExposeProxy()
06:47:00.731 [main] DEBUG o.s.aop.framework.CglibAopProxy - Method is declared on Advised interface: public abstract int org.springframework.aop.framework.Advised.indexOf(org.springframework.aop.Advisor)
06:47:00.731 [main] DEBUG o.s.aop.framework.CglibAopProxy - Method is declared on Advised interface: public abstract int org.springframework.aop.framework.Advised.indexOf(org.aopalliance.aop.Advice)
06:47:00.731 [main] DEBUG o.s.aop.framework.CglibAopProxy - Method is declared on Advised interface: public abstract boolean org.springframework.aop.framework.Advised.isFrozen()
06:47:00.731 [main] DEBUG o.s.aop.framework.CglibAopProxy - Method is declared on Advised interface: public abstract java.lang.Class org.springframework.aop.TargetClassAware.getTargetClass()
06:47:00.738 [main] DEBUG o.s.b.f.s.DefaultListableBeanFactory - Finished creating instance of bean 'APIICDCodeController'
06:47:00.738 [main] DEBUG o.s.b.f.s.DefaultListableBeanFactory - Creating shared instance of singleton bean 'APILogEntryController'
06:47:00.738 [main] DEBUG o.s.b.f.s.DefaultListableBeanFactory - Creating instance of bean 'APILogEntryController'
06:47:00.738 [main] DEBUG o.s.b.f.s.DefaultListableBeanFactory - Eagerly caching bean 'APILogEntryController' to allow for resolving potential circular references
06:47:00.738 [main] DEBUG o.s.b.f.s.DefaultListableBeanFactory - Returning cached instance of singleton bean 'metaDataSourceAdvisor'
06:47:00.739 [main] DEBUG o.s.b.f.s.DefaultListableBeanFactory - Finished creating instance of bean 'APILogEntryController'
06:47:00.739 [main] DEBUG o.s.b.f.s.DefaultListableBeanFactory - Creating shared instance of singleton bean 'APIOfficeVisitController'
06:47:00.739 [main] DEBUG o.s.b.f.s.DefaultListableBeanFactory - Creating instance of bean 'APIOfficeVisitController'
06:47:00.739 [main] DEBUG o.s.b.f.s.DefaultListableBeanFactory - Eagerly caching bean 'APIOfficeVisitController' to allow for resolving potential circular references
06:47:00.739 [main] DEBUG o.s.b.f.s.DefaultListableBeanFactory - Returning cached instance of singleton bean 'metaDataSourceAdvisor'
06:47:00.739 [main] DEBUG o.s.s.a.p.PrePostAnnotationSecurityMetadataSource - @org.springframework.security.access.prepost.PreAuthorize(value=hasRole('ROLE_PATIENT')) found on specific method: public java.util.List edu.ncsu.csc.itrust2.controllers.api.APIOfficeVisitController.getMyOfficeVisits()
06:47:00.739 [main] DEBUG o.s.s.a.m.DelegatingMethodSecurityMetadataSource - Caching method [CacheKey[edu.ncsu.csc.itrust2.controllers.api.APIOfficeVisitController; public java.util.List edu.ncsu.csc.itrust2.controllers.api.APIOfficeVisitController.getMyOfficeVisits()]] with attributes [[authorize: 'hasRole('ROLE_PATIENT')', filter: 'null', filterTarget: 'null']]
06:47:00.739 [main] DEBUG o.s.a.f.a.InfrastructureAdvisorAutoProxyCreator - Creating implicit proxy for bean 'APIOfficeVisitController' with 0 common interceptors and 1 specific interceptors
06:47:00.739 [main] DEBUG o.s.aop.framework.CglibAopProxy - Creating CGLIB proxy: target source is SingletonTargetSource for target object [edu.ncsu.csc.itrust2.controllers.api.APIOfficeVisitController@10015d80]
06:47:00.740 [main] DEBUG o.s.aop.framework.CglibAopProxy - Unable to apply any optimisations to advised method: public java.util.List edu.ncsu.csc.itrust2.controllers.api.APIOfficeVisitController.getMyOfficeVisits()
06:47:00.740 [main] DEBUG o.s.aop.framework.CglibAopProxy - Unable to apply any optimisations to advised method: public org.springframework.http.ResponseEntity edu.ncsu.csc.itrust2.controllers.api.APIOfficeVisitController.getOfficeVisit(java.lang.Long)
06:47:00.740 [main] DEBUG o.s.aop.framework.CglibAopProxy - Unable to apply any optimisations to advised method: public void edu.ncsu.csc.itrust2.controllers.api.APIOfficeVisitController.deleteOfficeVisits()
06:47:00.740 [main] DEBUG o.s.aop.framework.CglibAopProxy - Unable to apply any optimisations to advised method: public org.springframework.http.ResponseEntity edu.ncsu.csc.itrust2.controllers.api.APIOfficeVisitController.createOfficeVisit(edu.ncsu.csc.itrust2.forms.hcp.OfficeVisitForm)
06:47:00.740 [main] DEBUG o.s.aop.framework.CglibAopProxy - Unable to apply any optimisations to advised method: public org.springframework.http.ResponseEntity edu.ncsu.csc.itrust2.controllers.api.APIOfficeVisitController.deleteOfficeVisit(java.lang.Long)
06:47:00.740 [main] DEBUG o.s.aop.framework.CglibAopProxy - Unable to apply any optimisations to advised method: public org.springframework.http.ResponseEntity edu.ncsu.csc.itrust2.controllers.api.APIOfficeVisitController.updateOfficeVisit(java.lang.Long,edu.ncsu.csc.itrust2.forms.hcp.OfficeVisitForm)
06:47:00.740 [main] DEBUG o.s.s.a.p.PrePostAnnotationSecurityMetadataSource - @org.springframework.security.access.prepost.PreAuthorize(value=hasRole('ROLE_HCP')) found on specific method: public org.springframework.http.ResponseEntity edu.ncsu.csc.itrust2.controllers.api.APIOfficeVisitController.viewOfficeVisitHCP(java.lang.Long,edu.ncsu.csc.itrust2.forms.hcp.OfficeVisitForm)
06:47:00.740 [main] DEBUG o.s.s.a.m.DelegatingMethodSecurityMetadataSource - Caching method [CacheKey[edu.ncsu.csc.itrust2.controllers.api.APIOfficeVisitController; public org.springframework.http.ResponseEntity edu.ncsu.csc.itrust2.controllers.api.APIOfficeVisitController.viewOfficeVisitHCP(java.lang.Long,edu.ncsu.csc.itrust2.forms.hcp.OfficeVisitForm)]] with attributes [[authorize: 'hasRole('ROLE_HCP')', filter: 'null', filterTarget: 'null']]
06:47:00.740 [main] DEBUG o.s.aop.framework.CglibAopProxy - Unable to apply any optimisations to advised method: public org.springframework.http.ResponseEntity edu.ncsu.csc.itrust2.controllers.api.APIOfficeVisitController.viewOfficeVisitHCP(java.lang.Long,edu.ncsu.csc.itrust2.forms.hcp.OfficeVisitForm)
06:47:00.740 [main] DEBUG o.s.s.a.p.PrePostAnnotationSecurityMetadataSource - @org.springframework.security.access.prepost.PreAuthorize(value=hasRole('ROLE_PATIENT')) found on specific method: public org.springframework.http.ResponseEntity edu.ncsu.csc.itrust2.controllers.api.APIOfficeVisitController.viewOfficeVisitPatient(java.lang.Long,edu.ncsu.csc.itrust2.forms.hcp.OfficeVisitForm)
06:47:00.740 [main] DEBUG o.s.s.a.m.DelegatingMethodSecurityMetadataSource - Caching method [CacheKey[edu.ncsu.csc.itrust2.controllers.api.APIOfficeVisitController; public org.springframework.http.ResponseEntity edu.ncsu.csc.itrust2.controllers.api.APIOfficeVisitController.viewOfficeVisitPatient(java.lang.Long,edu.ncsu.csc.itrust2.forms.hcp.OfficeVisitForm)]] with attributes [[authorize: 'hasRole('ROLE_PATIENT')', filter: 'null', filterTarget: 'null']]
06:47:00.740 [main] DEBUG o.s.aop.framework.CglibAopProxy - Unable to apply any optimisations to advised method: public org.springframework.http.ResponseEntity edu.ncsu.csc.itrust2.controllers.api.APIOfficeVisitController.viewOfficeVisitPatient(java.lang.Long,edu.ncsu.csc.itrust2.forms.hcp.OfficeVisitForm)
06:47:00.741 [main] DEBUG o.s.aop.framework.CglibAopProxy - Unable to apply any optimisations to advised method: public java.util.List edu.ncsu.csc.itrust2.controllers.api.APIOfficeVisitController.getOfficeVisits()
06:47:00.741 [main] DEBUG o.s.aop.framework.CglibAopProxy - Found 'equals' method: public boolean java.lang.Object.equals(java.lang.Object)
06:47:00.741 [main] DEBUG o.s.aop.framework.CglibAopProxy - Unable to apply any optimisations to advised method: public java.lang.String java.lang.Object.toString()
06:47:00.741 [main] DEBUG o.s.aop.framework.CglibAopProxy - Found 'hashCode' method: public native int java.lang.Object.hashCode()
06:47:00.741 [main] DEBUG o.s.aop.framework.CglibAopProxy - Unable to apply any optimisations to advised method: protected native java.lang.Object java.lang.Object.clone() throws java.lang.CloneNotSupportedException
06:47:00.741 [main] DEBUG o.s.aop.framework.CglibAopProxy - Method is declared on Advised interface: public abstract void org.springframework.aop.framework.Advised.setTargetSource(org.springframework.aop.TargetSource)
06:47:00.741 [main] DEBUG o.s.aop.framework.CglibAopProxy - Method is declared on Advised interface: public abstract void org.springframework.aop.framework.Advised.addAdvice(org.aopalliance.aop.Advice) throws org.springframework.aop.framework.AopConfigException
06:47:00.741 [main] DEBUG o.s.aop.framework.CglibAopProxy - Method is declared on Advised interface: public abstract void org.springframework.aop.framework.Advised.addAdvice(int,org.aopalliance.aop.Advice) throws org.springframework.aop.framework.AopConfigException
06:47:00.741 [main] DEBUG o.s.aop.framework.CglibAopProxy - Method is declared on Advised interface: public abstract boolean org.springframework.aop.framework.Advised.isPreFiltered()
06:47:00.741 [main] DEBUG o.s.aop.framework.CglibAopProxy - Method is declared on Advised interface: public abstract java.lang.Class[] org.springframework.aop.framework.Advised.getProxiedInterfaces()
06:47:00.741 [main] DEBUG o.s.aop.framework.CglibAopProxy - Method is declared on Advised interface: public abstract boolean org.springframework.aop.framework.Advised.isInterfaceProxied(java.lang.Class)
06:47:00.741 [main] DEBUG o.s.aop.framework.CglibAopProxy - Method is declared on Advised interface: public abstract org.springframework.aop.Advisor[] org.springframework.aop.framework.Advised.getAdvisors()
06:47:00.741 [main] DEBUG o.s.aop.framework.CglibAopProxy - Method is declared on Advised interface: public abstract void org.springframework.aop.framework.Advised.removeAdvisor(int) throws org.springframework.aop.framework.AopConfigException
06:47:00.741 [main] DEBUG o.s.aop.framework.CglibAopProxy - Method is declared on Advised interface: public abstract boolean org.springframework.aop.framework.Advised.removeAdvisor(org.springframework.aop.Advisor)
06:47:00.741 [main] DEBUG o.s.aop.framework.CglibAopProxy - Method is declared on Advised interface: public abstract boolean org.springframework.aop.framework.Advised.replaceAdvisor(org.springframework.aop.Advisor,org.springframework.aop.Advisor) throws org.springframework.aop.framework.AopConfigException
06:47:00.741 [main] DEBUG o.s.aop.framework.CglibAopProxy - Method is declared on Advised interface: public abstract boolean org.springframework.aop.framework.Advised.removeAdvice(org.aopalliance.aop.Advice)
06:47:00.741 [main] DEBUG o.s.aop.framework.CglibAopProxy - Method is declared on Advised interface: public abstract java.lang.String org.springframework.aop.framework.Advised.toProxyConfigString()
06:47:00.741 [main] DEBUG o.s.aop.framework.CglibAopProxy - Method is declared on Advised interface: public abstract org.springframework.aop.TargetSource org.springframework.aop.framework.Advised.getTargetSource()
06:47:00.741 [main] DEBUG o.s.aop.framework.CglibAopProxy - Method is declared on Advised interface: public abstract boolean org.springframework.aop.framework.Advised.isProxyTargetClass()
06:47:00.741 [main] DEBUG o.s.aop.framework.CglibAopProxy - Method is declared on Advised interface: public abstract void org.springframework.aop.framework.Advised.addAdvisor(org.springframework.aop.Advisor) throws org.springframework.aop.framework.AopConfigException
06:47:00.741 [main] DEBUG o.s.aop.framework.CglibAopProxy - Method is declared on Advised interface: public abstract void org.springframework.aop.framework.Advised.addAdvisor(int,org.springframework.aop.Advisor) throws org.springframework.aop.framework.AopConfigException
06:47:00.741 [main] DEBUG o.s.aop.framework.CglibAopProxy - Method is declared on Advised interface: public abstract void org.springframework.aop.framework.Advised.setPreFiltered(boolean)
06:47:00.741 [main] DEBUG o.s.aop.framework.CglibAopProxy - Method is declared on Advised interface: public abstract void org.springframework.aop.framework.Advised.setExposeProxy(boolean)
06:47:00.741 [main] DEBUG o.s.aop.framework.CglibAopProxy - Method is declared on Advised interface: public abstract boolean org.springframework.aop.framework.Advised.isExposeProxy()
06:47:00.741 [main] DEBUG o.s.aop.framework.CglibAopProxy - Method is declared on Advised interface: public abstract int org.springframework.aop.framework.Advised.indexOf(org.springframework.aop.Advisor)
06:47:00.741 [main] DEBUG o.s.aop.framework.CglibAopProxy - Method is declared on Advised interface: public abstract int org.springframework.aop.framework.Advised.indexOf(org.aopalliance.aop.Advice)
06:47:00.741 [main] DEBUG o.s.aop.framework.CglibAopProxy - Method is declared on Advised interface: public abstract boolean org.springframework.aop.framework.Advised.isFrozen()
06:47:00.741 [main] DEBUG o.s.aop.framework.CglibAopProxy - Method is declared on Advised interface: public abstract java.lang.Class org.springframework.aop.TargetClassAware.getTargetClass()
06:47:00.750 [main] DEBUG o.s.b.f.s.DefaultListableBeanFactory - Finished creating instance of bean 'APIOfficeVisitController'
06:47:00.750 [main] DEBUG o.s.b.f.s.DefaultListableBeanFactory - Creating shared instance of singleton bean 'APIPasswordController'
06:47:00.750 [main] DEBUG o.s.b.f.s.DefaultListableBeanFactory - Creating instance of bean 'APIPasswordController'
06:47:00.750 [main] DEBUG o.s.b.f.annotation.InjectionMetadata - Registered injected element on class [edu.ncsu.csc.itrust2.controllers.api.APIPasswordController]: AutowiredFieldElement for org.springframework.core.env.Environment edu.ncsu.csc.itrust2.controllers.api.APIPasswordController.environment
06:47:00.750 [main] DEBUG o.s.b.f.s.DefaultListableBeanFactory - Eagerly caching bean 'APIPasswordController' to allow for resolving potential circular references
06:47:00.750 [main] DEBUG o.s.b.f.annotation.InjectionMetadata - Processing injected element of bean 'APIPasswordController': AutowiredFieldElement for org.springframework.core.env.Environment edu.ncsu.csc.itrust2.controllers.api.APIPasswordController.environment
06:47:00.751 [main] DEBUG o.s.b.f.s.DefaultListableBeanFactory - Returning cached instance of singleton bean 'environment'
06:47:00.751 [main] DEBUG o.s.b.f.a.AutowiredAnnotationBeanPostProcessor - Autowiring by type from bean name 'APIPasswordController' to bean named 'environment'
06:47:00.751 [main] DEBUG o.s.b.f.s.DefaultListableBeanFactory - Returning cached instance of singleton bean 'metaDataSourceAdvisor'
06:47:00.751 [main] DEBUG o.s.b.f.s.DefaultListableBeanFactory - Finished creating instance of bean 'APIPasswordController'
06:47:00.751 [main] DEBUG o.s.b.f.s.DefaultListableBeanFactory - Creating shared instance of singleton bean 'APIPatientController'
06:47:00.751 [main] DEBUG o.s.b.f.s.DefaultListableBeanFactory - Creating instance of bean 'APIPatientController'
06:47:00.752 [main] DEBUG o.s.b.f.s.DefaultListableBeanFactory - Eagerly caching bean 'APIPatientController' to allow for resolving potential circular references
06:47:00.752 [main] DEBUG o.s.b.f.s.DefaultListableBeanFactory - Returning cached instance of singleton bean 'metaDataSourceAdvisor'
06:47:00.752 [main] DEBUG o.s.s.a.p.PrePostAnnotationSecurityMetadataSource - @org.springframework.security.access.prepost.PreAuthorize(value=hasRole('ROLE_PATIENT')) found on specific method: public org.springframework.http.ResponseEntity edu.ncsu.csc.itrust2.controllers.api.APIPatientController.getPatient()
06:47:00.752 [main] DEBUG o.s.s.a.m.DelegatingMethodSecurityMetadataSource - Caching method [CacheKey[edu.ncsu.csc.itrust2.controllers.api.APIPatientController; public org.springframework.http.ResponseEntity edu.ncsu.csc.itrust2.controllers.api.APIPatientController.getPatient()]] with attributes [[authorize: 'hasRole('ROLE_PATIENT')', filter: 'null', filterTarget: 'null']]
06:47:00.752 [main] DEBUG o.s.a.f.a.InfrastructureAdvisorAutoProxyCreator - Creating implicit proxy for bean 'APIPatientController' with 0 common interceptors and 1 specific interceptors
06:47:00.752 [main] DEBUG o.s.aop.framework.CglibAopProxy - Creating CGLIB proxy: target source is SingletonTargetSource for target object [edu.ncsu.csc.itrust2.controllers.api.APIPatientController@9d5d83c]
06:47:00.753 [main] DEBUG o.s.aop.framework.CglibAopProxy - Unable to apply any optimisations to advised method: public org.springframework.http.ResponseEntity edu.ncsu.csc.itrust2.controllers.api.APIPatientController.getPatient(java.lang.String)
06:47:00.753 [main] DEBUG o.s.aop.framework.CglibAopProxy - Unable to apply any optimisations to advised method: public org.springframework.http.ResponseEntity edu.ncsu.csc.itrust2.controllers.api.APIPatientController.getPatient()
06:47:00.753 [main] DEBUG o.s.aop.framework.CglibAopProxy - Unable to apply any optimisations to advised method: public java.util.List edu.ncsu.csc.itrust2.controllers.api.APIPatientController.getPatients()
06:47:00.754 [main] DEBUG o.s.aop.framework.CglibAopProxy - Unable to apply any optimisations to advised method: public org.springframework.http.ResponseEntity edu.ncsu.csc.itrust2.controllers.api.APIPatientController.createPatient(edu.ncsu.csc.itrust2.forms.hcp_patient.PatientForm)
06:47:00.754 [main] DEBUG o.s.aop.framework.CglibAopProxy - Unable to apply any optimisations to advised method: public org.springframework.http.ResponseEntity edu.ncsu.csc.itrust2.controllers.api.APIPatientController.updatePatient(java.lang.String,edu.ncsu.csc.itrust2.forms.hcp_patient.PatientForm)
06:47:00.754 [main] DEBUG o.s.aop.framework.CglibAopProxy - Found 'equals' method: public boolean java.lang.Object.equals(java.lang.Object)
06:47:00.754 [main] DEBUG o.s.aop.framework.CglibAopProxy - Unable to apply any optimisations to advised method: public java.lang.String java.lang.Object.toString()
06:47:00.754 [main] DEBUG o.s.aop.framework.CglibAopProxy - Found 'hashCode' method: public native int java.lang.Object.hashCode()
06:47:00.754 [main] DEBUG o.s.aop.framework.CglibAopProxy - Unable to apply any optimisations to advised method: protected native java.lang.Object java.lang.Object.clone() throws java.lang.CloneNotSupportedException
06:47:00.754 [main] DEBUG o.s.aop.framework.CglibAopProxy - Method is declared on Advised interface: public abstract void org.springframework.aop.framework.Advised.setTargetSource(org.springframework.aop.TargetSource)
06:47:00.754 [main] DEBUG o.s.aop.framework.CglibAopProxy - Method is declared on Advised interface: public abstract void org.springframework.aop.framework.Advised.addAdvice(org.aopalliance.aop.Advice) throws org.springframework.aop.framework.AopConfigException
06:47:00.754 [main] DEBUG o.s.aop.framework.CglibAopProxy - Method is declared on Advised interface: public abstract void org.springframework.aop.framework.Advised.addAdvice(int,org.aopalliance.aop.Advice) throws org.springframework.aop.framework.AopConfigException
06:47:00.754 [main] DEBUG o.s.aop.framework.CglibAopProxy - Method is declared on Advised interface: public abstract boolean org.springframework.aop.framework.Advised.isPreFiltered()
06:47:00.754 [main] DEBUG o.s.aop.framework.CglibAopProxy - Method is declared on Advised interface: public abstract java.lang.Class[] org.springframework.aop.framework.Advised.getProxiedInterfaces()
06:47:00.754 [main] DEBUG o.s.aop.framework.CglibAopProxy - Method is declared on Advised interface: public abstract boolean org.springframework.aop.framework.Advised.isInterfaceProxied(java.lang.Class)
06:47:00.754 [main] DEBUG o.s.aop.framework.CglibAopProxy - Method is declared on Advised interface: public abstract org.springframework.aop.Advisor[] org.springframework.aop.framework.Advised.getAdvisors()
06:47:00.754 [main] DEBUG o.s.aop.framework.CglibAopProxy - Method is declared on Advised interface: public abstract void org.springframework.aop.framework.Advised.removeAdvisor(int) throws org.springframework.aop.framework.AopConfigException
06:47:00.754 [main] DEBUG o.s.aop.framework.CglibAopProxy - Method is declared on Advised interface: public abstract boolean org.springframework.aop.framework.Advised.removeAdvisor(org.springframework.aop.Advisor)
06:47:00.754 [main] DEBUG o.s.aop.framework.CglibAopProxy - Method is declared on Advised interface: public abstract boolean org.springframework.aop.framework.Advised.replaceAdvisor(org.springframework.aop.Advisor,org.springframework.aop.Advisor) throws org.springframework.aop.framework.AopConfigException
06:47:00.754 [main] DEBUG o.s.aop.framework.CglibAopProxy - Method is declared on Advised interface: public abstract boolean org.springframework.aop.framework.Advised.removeAdvice(org.aopalliance.aop.Advice)
06:47:00.754 [main] DEBUG o.s.aop.framework.CglibAopProxy - Method is declared on Advised interface: public abstract java.lang.String org.springframework.aop.framework.Advised.toProxyConfigString()
06:47:00.754 [main] DEBUG o.s.aop.framework.CglibAopProxy - Method is declared on Advised interface: public abstract org.springframework.aop.TargetSource org.springframework.aop.framework.Advised.getTargetSource()
06:47:00.754 [main] DEBUG o.s.aop.framework.CglibAopProxy - Method is declared on Advised interface: public abstract boolean org.springframework.aop.framework.Advised.isProxyTargetClass()
06:47:00.754 [main] DEBUG o.s.aop.framework.CglibAopProxy - Method is declared on Advised interface: public abstract void org.springframework.aop.framework.Advised.addAdvisor(org.springframework.aop.Advisor) throws org.springframework.aop.framework.AopConfigException
06:47:00.754 [main] DEBUG o.s.aop.framework.CglibAopProxy - Method is declared on Advised interface: public abstract void org.springframework.aop.framework.Advised.addAdvisor(int,org.springframework.aop.Advisor) throws org.springframework.aop.framework.AopConfigException
06:47:00.754 [main] DEBUG o.s.aop.framework.CglibAopProxy - Method is declared on Advised interface: public abstract void org.springframework.aop.framework.Advised.setPreFiltered(boolean)
06:47:00.754 [main] DEBUG o.s.aop.framework.CglibAopProxy - Method is declared on Advised interface: public abstract void org.springframework.aop.framework.Advised.setExposeProxy(boolean)
06:47:00.754 [main] DEBUG o.s.aop.framework.CglibAopProxy - Method is declared on Advised interface: public abstract boolean org.springframework.aop.framework.Advised.isExposeProxy()
06:47:00.754 [main] DEBUG o.s.aop.framework.CglibAopProxy - Method is declared on Advised interface: public abstract int org.springframework.aop.framework.Advised.indexOf(org.springframework.aop.Advisor)
06:47:00.754 [main] DEBUG o.s.aop.framework.CglibAopProxy - Method is declared on Advised interface: public abstract int org.springframework.aop.framework.Advised.indexOf(org.aopalliance.aop.Advice)
06:47:00.754 [main] DEBUG o.s.aop.framework.CglibAopProxy - Method is declared on Advised interface: public abstract boolean org.springframework.aop.framework.Advised.isFrozen()
06:47:00.754 [main] DEBUG o.s.aop.framework.CglibAopProxy - Method is declared on Advised interface: public abstract java.lang.Class org.springframework.aop.TargetClassAware.getTargetClass()
06:47:00.761 [main] DEBUG o.s.b.f.s.DefaultListableBeanFactory - Finished creating instance of bean 'APIPatientController'
06:47:00.761 [main] DEBUG o.s.b.f.s.DefaultListableBeanFactory - Creating shared instance of singleton bean 'APIPersonnelController'
06:47:00.761 [main] DEBUG o.s.b.f.s.DefaultListableBeanFactory - Creating instance of bean 'APIPersonnelController'
06:47:00.762 [main] DEBUG o.s.b.f.s.DefaultListableBeanFactory - Eagerly caching bean 'APIPersonnelController' to allow for resolving potential circular references
06:47:00.762 [main] DEBUG o.s.b.f.s.DefaultListableBeanFactory - Returning cached instance of singleton bean 'metaDataSourceAdvisor'
06:47:00.762 [main] DEBUG o.s.b.f.s.DefaultListableBeanFactory - Finished creating instance of bean 'APIPersonnelController'
06:47:00.762 [main] DEBUG o.s.b.f.s.DefaultListableBeanFactory - Creating shared instance of singleton bean 'APIPrescriptionController'
06:47:00.762 [main] DEBUG o.s.b.f.s.DefaultListableBeanFactory - Creating instance of bean 'APIPrescriptionController'
06:47:00.762 [main] DEBUG o.s.b.f.s.DefaultListableBeanFactory - Eagerly caching bean 'APIPrescriptionController' to allow for resolving potential circular references
06:47:00.763 [main] DEBUG o.s.b.f.s.DefaultListableBeanFactory - Returning cached instance of singleton bean 'metaDataSourceAdvisor'
06:47:00.763 [main] DEBUG o.s.s.a.p.PrePostAnnotationSecurityMetadataSource - @org.springframework.security.access.prepost.PreAuthorize(value=hasRole('ROLE_HCP')) found on specific method: public org.springframework.http.ResponseEntity edu.ncsu.csc.itrust2.controllers.api.APIPrescriptionController.addPrescription(edu.ncsu.csc.itrust2.forms.hcp.PrescriptionForm)
06:47:00.763 [main] DEBUG o.s.s.a.m.DelegatingMethodSecurityMetadataSource - Caching method [CacheKey[edu.ncsu.csc.itrust2.controllers.api.APIPrescriptionController; public org.springframework.http.ResponseEntity edu.ncsu.csc.itrust2.controllers.api.APIPrescriptionController.addPrescription(edu.ncsu.csc.itrust2.forms.hcp.PrescriptionForm)]] with attributes [[authorize: 'hasRole('ROLE_HCP')', filter: 'null', filterTarget: 'null']]
06:47:00.763 [main] DEBUG o.s.a.f.a.InfrastructureAdvisorAutoProxyCreator - Creating implicit proxy for bean 'APIPrescriptionController' with 0 common interceptors and 1 specific interceptors
06:47:00.763 [main] DEBUG o.s.aop.framework.CglibAopProxy - Creating CGLIB proxy: target source is SingletonTargetSource for target object [edu.ncsu.csc.itrust2.controllers.api.APIPrescriptionController@4b400c62]
06:47:00.763 [main] DEBUG o.s.aop.framework.CglibAopProxy - Unable to apply any optimisations to advised method: public org.springframework.http.ResponseEntity edu.ncsu.csc.itrust2.controllers.api.APIPrescriptionController.addPrescription(edu.ncsu.csc.itrust2.forms.hcp.PrescriptionForm)
06:47:00.763 [main] DEBUG o.s.s.a.p.PrePostAnnotationSecurityMetadataSource - @org.springframework.security.access.prepost.PreAuthorize(value=hasRole('ROLE_HCP')) found on specific method: public org.springframework.http.ResponseEntity edu.ncsu.csc.itrust2.controllers.api.APIPrescriptionController.editPrescription(edu.ncsu.csc.itrust2.forms.hcp.PrescriptionForm)
06:47:00.764 [main] DEBUG o.s.s.a.m.DelegatingMethodSecurityMetadataSource - Caching method [CacheKey[edu.ncsu.csc.itrust2.controllers.api.APIPrescriptionController; public org.springframework.http.ResponseEntity edu.ncsu.csc.itrust2.controllers.api.APIPrescriptionController.editPrescription(edu.ncsu.csc.itrust2.forms.hcp.PrescriptionForm)]] with attributes [[authorize: 'hasRole('ROLE_HCP')', filter: 'null', filterTarget: 'null']]
06:47:00.764 [main] DEBUG o.s.aop.framework.CglibAopProxy - Unable to apply any optimisations to advised method: public org.springframework.http.ResponseEntity edu.ncsu.csc.itrust2.controllers.api.APIPrescriptionController.editPrescription(edu.ncsu.csc.itrust2.forms.hcp.PrescriptionForm)
06:47:00.764 [main] DEBUG o.s.s.a.p.PrePostAnnotationSecurityMetadataSource - @org.springframework.security.access.prepost.PreAuthorize(value=hasRole('ROLE_HCP')) found on specific method: public org.springframework.http.ResponseEntity edu.ncsu.csc.itrust2.controllers.api.APIPrescriptionController.deletePrescription(java.lang.Long)
06:47:00.764 [main] DEBUG o.s.s.a.m.DelegatingMethodSecurityMetadataSource - Caching method [CacheKey[edu.ncsu.csc.itrust2.controllers.api.APIPrescriptionController; public org.springframework.http.ResponseEntity edu.ncsu.csc.itrust2.controllers.api.APIPrescriptionController.deletePrescription(java.lang.Long)]] with attributes [[authorize: 'hasRole('ROLE_HCP')', filter: 'null', filterTarget: 'null']]
06:47:00.764 [main] DEBUG o.s.aop.framework.CglibAopProxy - Unable to apply any optimisations to advised method: public org.springframework.http.ResponseEntity edu.ncsu.csc.itrust2.controllers.api.APIPrescriptionController.deletePrescription(java.lang.Long)
06:47:00.764 [main] DEBUG o.s.s.a.p.PrePostAnnotationSecurityMetadataSource - @org.springframework.security.access.prepost.PreAuthorize(value=hasRole('ROLE_HCP')) found on specific method: public org.springframework.http.ResponseEntity edu.ncsu.csc.itrust2.controllers.api.APIPrescriptionController.getPrescription(java.lang.Long)
06:47:00.764 [main] DEBUG o.s.s.a.m.DelegatingMethodSecurityMetadataSource - Caching method [CacheKey[edu.ncsu.csc.itrust2.controllers.api.APIPrescriptionController; public org.springframework.http.ResponseEntity edu.ncsu.csc.itrust2.controllers.api.APIPrescriptionController.getPrescription(java.lang.Long)]] with attributes [[authorize: 'hasRole('ROLE_HCP')', filter: 'null', filterTarget: 'null']]
06:47:00.764 [main] DEBUG o.s.aop.framework.CglibAopProxy - Unable to apply any optimisations to advised method: public org.springframework.http.ResponseEntity edu.ncsu.csc.itrust2.controllers.api.APIPrescriptionController.getPrescription(java.lang.Long)
06:47:00.764 [main] DEBUG o.s.s.a.p.PrePostAnnotationSecurityMetadataSource - @org.springframework.security.access.prepost.PreAuthorize(value=hasAnyRole('ROLE_HCP', 'ROLE_PATIENT')) found on specific method: public java.util.List edu.ncsu.csc.itrust2.controllers.api.APIPrescriptionController.getPrescriptions()
06:47:00.764 [main] DEBUG o.s.s.a.m.DelegatingMethodSecurityMetadataSource - Caching method [CacheKey[edu.ncsu.csc.itrust2.controllers.api.APIPrescriptionController; public java.util.List edu.ncsu.csc.itrust2.controllers.api.APIPrescriptionController.getPrescriptions()]] with attributes [[authorize: 'hasAnyRole('ROLE_HCP', 'ROLE_PATIENT')', filter: 'null', filterTarget: 'null']]
06:47:00.764 [main] DEBUG o.s.aop.framework.CglibAopProxy - Unable to apply any optimisations to advised method: public java.util.List edu.ncsu.csc.itrust2.controllers.api.APIPrescriptionController.getPrescriptions()
06:47:00.764 [main] DEBUG o.s.aop.framework.CglibAopProxy - Found 'equals' method: public boolean java.lang.Object.equals(java.lang.Object)
06:47:00.764 [main] DEBUG o.s.aop.framework.CglibAopProxy - Unable to apply any optimisations to advised method: public java.lang.String java.lang.Object.toString()
06:47:00.764 [main] DEBUG o.s.aop.framework.CglibAopProxy - Found 'hashCode' method: public native int java.lang.Object.hashCode()
06:47:00.764 [main] DEBUG o.s.aop.framework.CglibAopProxy - Unable to apply any optimisations to advised method: protected native java.lang.Object java.lang.Object.clone() throws java.lang.CloneNotSupportedException
06:47:00.764 [main] DEBUG o.s.aop.framework.CglibAopProxy - Method is declared on Advised interface: public abstract void org.springframework.aop.framework.Advised.setTargetSource(org.springframework.aop.TargetSource)
06:47:00.764 [main] DEBUG o.s.aop.framework.CglibAopProxy - Method is declared on Advised interface: public abstract void org.springframework.aop.framework.Advised.addAdvice(org.aopalliance.aop.Advice) throws org.springframework.aop.framework.AopConfigException
06:47:00.764 [main] DEBUG o.s.aop.framework.CglibAopProxy - Method is declared on Advised interface: public abstract void org.springframework.aop.framework.Advised.addAdvice(int,org.aopalliance.aop.Advice) throws org.springframework.aop.framework.AopConfigException
06:47:00.764 [main] DEBUG o.s.aop.framework.CglibAopProxy - Method is declared on Advised interface: public abstract boolean org.springframework.aop.framework.Advised.isPreFiltered()
06:47:00.764 [main] DEBUG o.s.aop.framework.CglibAopProxy - Method is declared on Advised interface: public abstract java.lang.Class[] org.springframework.aop.framework.Advised.getProxiedInterfaces()
06:47:00.764 [main] DEBUG o.s.aop.framework.CglibAopProxy - Method is declared on Advised interface: public abstract boolean org.springframework.aop.framework.Advised.isInterfaceProxied(java.lang.Class)
06:47:00.764 [main] DEBUG o.s.aop.framework.CglibAopProxy - Method is declared on Advised interface: public abstract org.springframework.aop.Advisor[] org.springframework.aop.framework.Advised.getAdvisors()
06:47:00.764 [main] DEBUG o.s.aop.framework.CglibAopProxy - Method is declared on Advised interface: public abstract void org.springframework.aop.framework.Advised.removeAdvisor(int) throws org.springframework.aop.framework.AopConfigException
06:47:00.764 [main] DEBUG o.s.aop.framework.CglibAopProxy - Method is declared on Advised interface: public abstract boolean org.springframework.aop.framework.Advised.removeAdvisor(org.springframework.aop.Advisor)
06:47:00.764 [main] DEBUG o.s.aop.framework.CglibAopProxy - Method is declared on Advised interface: public abstract boolean org.springframework.aop.framework.Advised.replaceAdvisor(org.springframework.aop.Advisor,org.springframework.aop.Advisor) throws org.springframework.aop.framework.AopConfigException
06:47:00.764 [main] DEBUG o.s.aop.framework.CglibAopProxy - Method is declared on Advised interface: public abstract boolean org.springframework.aop.framework.Advised.removeAdvice(org.aopalliance.aop.Advice)
06:47:00.764 [main] DEBUG o.s.aop.framework.CglibAopProxy - Method is declared on Advised interface: public abstract java.lang.String org.springframework.aop.framework.Advised.toProxyConfigString()
06:47:00.764 [main] DEBUG o.s.aop.framework.CglibAopProxy - Method is declared on Advised interface: public abstract org.springframework.aop.TargetSource org.springframework.aop.framework.Advised.getTargetSource()
06:47:00.764 [main] DEBUG o.s.aop.framework.CglibAopProxy - Method is declared on Advised interface: public abstract boolean org.springframework.aop.framework.Advised.isProxyTargetClass()
06:47:00.764 [main] DEBUG o.s.aop.framework.CglibAopProxy - Method is declared on Advised interface: public abstract void org.springframework.aop.framework.Advised.addAdvisor(org.springframework.aop.Advisor) throws org.springframework.aop.framework.AopConfigException
06:47:00.764 [main] DEBUG o.s.aop.framework.CglibAopProxy - Method is declared on Advised interface: public abstract void org.springframework.aop.framework.Advised.addAdvisor(int,org.springframework.aop.Advisor) throws org.springframework.aop.framework.AopConfigException
06:47:00.764 [main] DEBUG o.s.aop.framework.CglibAopProxy - Method is declared on Advised interface: public abstract void org.springframework.aop.framework.Advised.setPreFiltered(boolean)
06:47:00.764 [main] DEBUG o.s.aop.framework.CglibAopProxy - Method is declared on Advised interface: public abstract void org.springframework.aop.framework.Advised.setExposeProxy(boolean)
06:47:00.764 [main] DEBUG o.s.aop.framework.CglibAopProxy - Method is declared on Advised interface: public abstract boolean org.springframework.aop.framework.Advised.isExposeProxy()
06:47:00.764 [main] DEBUG o.s.aop.framework.CglibAopProxy - Method is declared on Advised interface: public abstract int org.springframework.aop.framework.Advised.indexOf(org.springframework.aop.Advisor)
06:47:00.764 [main] DEBUG o.s.aop.framework.CglibAopProxy - Method is declared on Advised interface: public abstract int org.springframework.aop.framework.Advised.indexOf(org.aopalliance.aop.Advice)
06:47:00.764 [main] DEBUG o.s.aop.framework.CglibAopProxy - Method is declared on Advised interface: public abstract boolean org.springframework.aop.framework.Advised.isFrozen()
06:47:00.764 [main] DEBUG o.s.aop.framework.CglibAopProxy - Method is declared on Advised interface: public abstract java.lang.Class org.springframework.aop.TargetClassAware.getTargetClass()
06:47:00.770 [main] DEBUG o.s.b.f.s.DefaultListableBeanFactory - Finished creating instance of bean 'APIPrescriptionController'
06:47:00.770 [main] DEBUG o.s.b.f.s.DefaultListableBeanFactory - Creating shared instance of singleton bean 'APIUserController'
06:47:00.770 [main] DEBUG o.s.b.f.s.DefaultListableBeanFactory - Creating instance of bean 'APIUserController'
06:47:00.771 [main] DEBUG o.s.b.f.s.DefaultListableBeanFactory - Eagerly caching bean 'APIUserController' to allow for resolving potential circular references
06:47:00.771 [main] DEBUG o.s.b.f.s.DefaultListableBeanFactory - Returning cached instance of singleton bean 'metaDataSourceAdvisor'
06:47:00.772 [main] DEBUG o.s.b.f.s.DefaultListableBeanFactory - Finished creating instance of bean 'APIUserController'
06:47:00.772 [main] DEBUG o.s.b.f.s.DefaultListableBeanFactory - Creating shared instance of singleton bean 'appointmentControllerHCP'
06:47:00.772 [main] DEBUG o.s.b.f.s.DefaultListableBeanFactory - Creating instance of bean 'appointmentControllerHCP'
06:47:00.772 [main] DEBUG o.s.b.f.s.DefaultListableBeanFactory - Eagerly caching bean 'appointmentControllerHCP' to allow for resolving potential circular references
06:47:00.772 [main] DEBUG o.s.b.f.s.DefaultListableBeanFactory - Returning cached instance of singleton bean 'metaDataSourceAdvisor'
06:47:00.772 [main] DEBUG o.s.s.a.p.PrePostAnnotationSecurityMetadataSource - @org.springframework.security.access.prepost.PreAuthorize(value=new val) found on specific method: public java.lang.String edu.ncsu.csc.itrust2.controllers.hcp.AppointmentControllerHCP.requestAppointmentForm(org.springframework.ui.Model)
06:47:00.772 [main] WARN  o.s.w.c.s.GenericWebApplicationContext - Exception encountered during context initialization - cancelling refresh attempt: org.springframework.beans.factory.BeanCreationException: Error creating bean with name 'appointmentControllerHCP' defined in file [/var/lib/jenkins/workspace/itrust-test/iTrust2/target/classes/edu/ncsu/csc/itrust2/controllers/hcp/AppointmentControllerHCP.class]: Initialization of bean failed; nested exception is java.lang.IllegalArgumentException: Failed to parse expression 'new val'
06:47:00.772 [main] DEBUG o.s.b.f.s.DefaultListableBeanFactory - Destroying singletons in org.springframework.beans.factory.support.DefaultListableBeanFactory@4d5023f5: defining beans [org.springframework.context.annotation.internalConfigurationAnnotationProcessor,org.springframework.context.annotation.internalAutowiredAnnotationProcessor,org.springframework.context.annotation.internalRequiredAnnotationProcessor,org.springframework.context.annotation.internalCommonAnnotationProcessor,org.springframework.context.annotation.internalPersistenceAnnotationProcessor,org.springframework.context.event.internalEventListenerProcessor,org.springframework.context.event.internalEventListenerFactory,rootConfiguration,webMvcConfiguration,dataConfiguration,loginAuditingListener,securityConfig,defaultController,adminController,adminUserController,hospitalController,ICDCodesController,APIAppointmentRequestController,APIDiagnosisController,APIDrugController,APIEnumController,APIHospitalController,APIICDCodeController,APILogEntryController,APIOfficeVisitController,APIPasswordController,APIPatientController,APIPersonnelController,APIPrescriptionController,APIUserController,appointmentControllerHCP,HCPController,officeVisitController,appointmentController,diagnosesController,patientController,passwordController,userController,dataSource,org.springframework.security.config.annotation.configuration.ObjectPostProcessorConfiguration,objectPostProcessor,org.springframework.security.config.annotation.authentication.configuration.AuthenticationConfiguration,authenticationManagerBuilder,enableGlobalAuthenticationAutowiredConfigurer,initializeUserDetailsBeanManagerConfigurer,initializeAuthenticationProviderBeanManagerConfigurer,org.springframework.security.config.annotation.web.configuration.WebSecurityConfiguration,delegatingApplicationListener,webSecurityExpressionHandler,springSecurityFilterChain,privilegeEvaluator,autowiredWebSecurityConfigurersIgnoreParents,org.springframework.security.config.annotation.web.configuration.WebMvcSecurityConfiguration,requestDataValueProcessor,passwordEncoder,defaultAuthenticationEventPublisher,failureHandler,ipBlockFilter,org.springframework.web.servlet.config.annotation.DelegatingWebMvcConfiguration,requestMappingHandlerMapping,mvcPathMatcher,mvcUrlPathHelper,mvcContentNegotiationManager,viewControllerHandlerMapping,beanNameHandlerMapping,resourceHandlerMapping,mvcResourceUrlProvider,defaultServletHandlerMapping,requestMappingHandlerAdapter,mvcValidator,mvcUriComponentsContributor,httpRequestHandlerAdapter,simpleControllerHandlerAdapter,handlerExceptionResolver,mvcViewResolver,mvcConversionService,org.springframework.security.config.annotation.method.configuration.GlobalMethodSecurityConfiguration,methodSecurityInterceptor,methodSecurityMetadataSource,preInvocationAuthorizationAdvice,templateEngine,domainClassConverter,viewResolver,metaDataSourceAdvisor,org.springframework.aop.config.internalAutoProxyCreator]; root of factory hierarchy
06:47:00.773 [main] DEBUG o.s.b.f.s.DefaultListableBeanFactory - Retrieved dependent beans for bean 'objectPostProcessor': [org.springframework.security.config.annotation.method.configuration.GlobalMethodSecurityConfiguration, org.springframework.security.config.annotation.authentication.configuration.AuthenticationConfiguration, securityConfig, authenticationManagerBuilder]
06:47:00.773 [main] DEBUG o.s.b.f.s.DefaultListableBeanFactory - Retrieved dependent beans for bean 'org.springframework.security.config.annotation.authentication.configuration.AuthenticationConfiguration': [securityConfig]
06:47:00.773 [main] DEBUG o.s.b.f.s.DisposableBeanAdapter - Invoking destroy() on bean with name 'objectPostProcessor'
06:47:00.774 [main] ERROR o.s.test.context.TestContextManager - Caught exception while allowing TestExecutionListener [org.springframework.test.context.web.ServletTestExecutionListener@18679066] to prepare test instance [edu.ncsu.csc.itrust2.apitest.APILogEntryTest@12036e56]
java.lang.IllegalStateException: Failed to load ApplicationContext
	at org.springframework.test.context.cache.DefaultCacheAwareContextLoaderDelegate.loadContext(DefaultCacheAwareContextLoaderDelegate.java:124) ~[spring-test-4.3.5.RELEASE.jar:4.3.5.RELEASE]
	at org.springframework.test.context.support.DefaultTestContext.getApplicationContext(DefaultTestContext.java:83) ~[spring-test-4.3.5.RELEASE.jar:4.3.5.RELEASE]
	at org.springframework.test.context.web.ServletTestExecutionListener.setUpRequestContextIfNecessary(ServletTestExecutionListener.java:189) ~[spring-test-4.3.5.RELEASE.jar:4.3.5.RELEASE]
	at org.springframework.test.context.web.ServletTestExecutionListener.prepareTestInstance(ServletTestExecutionListener.java:131) ~[spring-test-4.3.5.RELEASE.jar:4.3.5.RELEASE]
	at org.springframework.test.context.TestContextManager.prepareTestInstance(TestContextManager.java:230) ~[spring-test-4.3.5.RELEASE.jar:4.3.5.RELEASE]
	at org.springframework.test.context.junit4.SpringJUnit4ClassRunner.createTest(SpringJUnit4ClassRunner.java:228) [spring-test-4.3.5.RELEASE.jar:4.3.5.RELEASE]
	at org.springframework.test.context.junit4.SpringJUnit4ClassRunner$1.runReflectiveCall(SpringJUnit4ClassRunner.java:287) [spring-test-4.3.5.RELEASE.jar:4.3.5.RELEASE]
	at org.junit.internal.runners.model.ReflectiveCallable.run(ReflectiveCallable.java:12) [junit-4.12.jar:4.12]
	at org.springframework.test.context.junit4.SpringJUnit4ClassRunner.methodBlock(SpringJUnit4ClassRunner.java:289) [spring-test-4.3.5.RELEASE.jar:4.3.5.RELEASE]
	at org.springframework.test.context.junit4.SpringJUnit4ClassRunner.runChild(SpringJUnit4ClassRunner.java:247) [spring-test-4.3.5.RELEASE.jar:4.3.5.RELEASE]
	at org.springframework.test.context.junit4.SpringJUnit4ClassRunner.runChild(SpringJUnit4ClassRunner.java:94) [spring-test-4.3.5.RELEASE.jar:4.3.5.RELEASE]
	at org.junit.runners.ParentRunner$3.run(ParentRunner.java:290) [junit-4.12.jar:4.12]
	at org.junit.runners.ParentRunner$1.schedule(ParentRunner.java:71) [junit-4.12.jar:4.12]
	at org.junit.runners.ParentRunner.runChildren(ParentRunner.java:288) [junit-4.12.jar:4.12]
	at org.junit.runners.ParentRunner.access$000(ParentRunner.java:58) [junit-4.12.jar:4.12]
	at org.junit.runners.ParentRunner$2.evaluate(ParentRunner.java:268) [junit-4.12.jar:4.12]
	at org.springframework.test.context.junit4.statements.RunBeforeTestClassCallbacks.evaluate(RunBeforeTestClassCallbacks.java:61) [spring-test-4.3.5.RELEASE.jar:4.3.5.RELEASE]
	at org.springframework.test.context.junit4.statements.RunAfterTestClassCallbacks.evaluate(RunAfterTestClassCallbacks.java:70) [spring-test-4.3.5.RELEASE.jar:4.3.5.RELEASE]
	at org.junit.runners.ParentRunner.run(ParentRunner.java:363) [junit-4.12.jar:4.12]
	at org.springframework.test.context.junit4.SpringJUnit4ClassRunner.run(SpringJUnit4ClassRunner.java:191) [spring-test-4.3.5.RELEASE.jar:4.3.5.RELEASE]
	at org.apache.maven.surefire.junit4.JUnit4Provider.execute(JUnit4Provider.java:365) [surefire-junit4-2.20.jar:2.20]
	at org.apache.maven.surefire.junit4.JUnit4Provider.executeWithRerun(JUnit4Provider.java:272) [surefire-junit4-2.20.jar:2.20]
	at org.apache.maven.surefire.junit4.JUnit4Provider.executeTestSet(JUnit4Provider.java:236) [surefire-junit4-2.20.jar:2.20]
	at org.apache.maven.surefire.junit4.JUnit4Provider.invoke(JUnit4Provider.java:159) [surefire-junit4-2.20.jar:2.20]
	at org.apache.maven.surefire.booter.ForkedBooter.invokeProviderInSameClassLoader(ForkedBooter.java:386) [surefire-booter-2.20.jar:2.20]
	at org.apache.maven.surefire.booter.ForkedBooter.runSuitesInProcess(ForkedBooter.java:323) [surefire-booter-2.20.jar:2.20]
	at org.apache.maven.surefire.booter.ForkedBooter.main(ForkedBooter.java:143) [surefire-booter-2.20.jar:2.20]
Caused by: org.springframework.beans.factory.BeanCreationException: Error creating bean with name 'appointmentControllerHCP' defined in file [/var/lib/jenkins/workspace/itrust-test/iTrust2/target/classes/edu/ncsu/csc/itrust2/controllers/hcp/AppointmentControllerHCP.class]: Initialization of bean failed; nested exception is java.lang.IllegalArgumentException: Failed to parse expression 'new val'
	at org.springframework.beans.factory.support.AbstractAutowireCapableBeanFactory.doCreateBean(AbstractAutowireCapableBeanFactory.java:563) ~[spring-beans-4.3.5.RELEASE.jar:4.3.5.RELEASE]
	at org.springframework.beans.factory.support.AbstractAutowireCapableBeanFactory.createBean(AbstractAutowireCapableBeanFactory.java:483) ~[spring-beans-4.3.5.RELEASE.jar:4.3.5.RELEASE]
	at org.springframework.beans.factory.support.AbstractBeanFactory$1.getObject(AbstractBeanFactory.java:306) ~[spring-beans-4.3.5.RELEASE.jar:4.3.5.RELEASE]
	at org.springframework.beans.factory.support.DefaultSingletonBeanRegistry.getSingleton(DefaultSingletonBeanRegistry.java:230) ~[spring-beans-4.3.5.RELEASE.jar:4.3.5.RELEASE]
	at org.springframework.beans.factory.support.AbstractBeanFactory.doGetBean(AbstractBeanFactory.java:302) ~[spring-beans-4.3.5.RELEASE.jar:4.3.5.RELEASE]
	at org.springframework.beans.factory.support.AbstractBeanFactory.getBean(AbstractBeanFactory.java:197) ~[spring-beans-4.3.5.RELEASE.jar:4.3.5.RELEASE]
	at org.springframework.beans.factory.support.DefaultListableBeanFactory.preInstantiateSingletons(DefaultListableBeanFactory.java:759) ~[spring-beans-4.3.5.RELEASE.jar:4.3.5.RELEASE]
	at org.springframework.context.support.AbstractApplicationContext.finishBeanFactoryInitialization(AbstractApplicationContext.java:866) ~[spring-context-4.3.5.RELEASE.jar:4.3.5.RELEASE]
	at org.springframework.context.support.AbstractApplicationContext.refresh(AbstractApplicationContext.java:542) ~[spring-context-4.3.5.RELEASE.jar:4.3.5.RELEASE]
	at org.springframework.test.context.web.AbstractGenericWebContextLoader.loadContext(AbstractGenericWebContextLoader.java:134) ~[spring-test-4.3.5.RELEASE.jar:4.3.5.RELEASE]
	at org.springframework.test.context.web.AbstractGenericWebContextLoader.loadContext(AbstractGenericWebContextLoader.java:61) ~[spring-test-4.3.5.RELEASE.jar:4.3.5.RELEASE]
	at org.springframework.test.context.support.AbstractDelegatingSmartContextLoader.delegateLoading(AbstractDelegatingSmartContextLoader.java:108) ~[spring-test-4.3.5.RELEASE.jar:4.3.5.RELEASE]
	at org.springframework.test.context.support.AbstractDelegatingSmartContextLoader.loadContext(AbstractDelegatingSmartContextLoader.java:251) ~[spring-test-4.3.5.RELEASE.jar:4.3.5.RELEASE]
	at org.springframework.test.context.cache.DefaultCacheAwareContextLoaderDelegate.loadContextInternal(DefaultCacheAwareContextLoaderDelegate.java:98) ~[spring-test-4.3.5.RELEASE.jar:4.3.5.RELEASE]
	at org.springframework.test.context.cache.DefaultCacheAwareContextLoaderDelegate.loadContext(DefaultCacheAwareContextLoaderDelegate.java:116) ~[spring-test-4.3.5.RELEASE.jar:4.3.5.RELEASE]
	... 26 common frames omitted
Caused by: java.lang.IllegalArgumentException: Failed to parse expression 'new val'
	at org.springframework.security.access.expression.method.ExpressionBasedAnnotationAttributeFactory.createPreInvocationAttribute(ExpressionBasedAnnotationAttributeFactory.java:59) ~[spring-security-core-4.2.2.RELEASE.jar:4.2.2.RELEASE]
	at org.springframework.security.access.prepost.PrePostAnnotationSecurityMetadataSource.getAttributes(PrePostAnnotationSecurityMetadataSource.java:89) ~[spring-security-core-4.2.2.RELEASE.jar:4.2.2.RELEASE]
	at org.springframework.security.access.method.DelegatingMethodSecurityMetadataSource.getAttributes(DelegatingMethodSecurityMetadataSource.java:73) ~[spring-security-core-4.2.2.RELEASE.jar:4.2.2.RELEASE]
	at org.springframework.security.access.intercept.aopalliance.MethodSecurityMetadataSourceAdvisor$MethodSecurityMetadataSourcePointcut.matches(MethodSecurityMetadataSourceAdvisor.java:134) ~[spring-security-core-4.2.2.RELEASE.jar:4.2.2.RELEASE]
	at org.springframework.aop.support.AopUtils.canApply(AopUtils.java:242) ~[spring-aop-4.3.5.RELEASE.jar:4.3.5.RELEASE]
	at org.springframework.aop.support.AopUtils.canApply(AopUtils.java:279) ~[spring-aop-4.3.5.RELEASE.jar:4.3.5.RELEASE]
	at org.springframework.aop.support.AopUtils.findAdvisorsThatCanApply(AopUtils.java:311) ~[spring-aop-4.3.5.RELEASE.jar:4.3.5.RELEASE]
	at org.springframework.aop.framework.autoproxy.AbstractAdvisorAutoProxyCreator.findAdvisorsThatCanApply(AbstractAdvisorAutoProxyCreator.java:118) ~[spring-aop-4.3.5.RELEASE.jar:4.3.5.RELEASE]
	at org.springframework.aop.framework.autoproxy.AbstractAdvisorAutoProxyCreator.findEligibleAdvisors(AbstractAdvisorAutoProxyCreator.java:88) ~[spring-aop-4.3.5.RELEASE.jar:4.3.5.RELEASE]
	at org.springframework.aop.framework.autoproxy.AbstractAdvisorAutoProxyCreator.getAdvicesAndAdvisorsForBean(AbstractAdvisorAutoProxyCreator.java:69) ~[spring-aop-4.3.5.RELEASE.jar:4.3.5.RELEASE]
	at org.springframework.aop.framework.autoproxy.AbstractAutoProxyCreator.wrapIfNecessary(AbstractAutoProxyCreator.java:347) ~[spring-aop-4.3.5.RELEASE.jar:4.3.5.RELEASE]
	at org.springframework.aop.framework.autoproxy.AbstractAutoProxyCreator.postProcessAfterInitialization(AbstractAutoProxyCreator.java:299) ~[spring-aop-4.3.5.RELEASE.jar:4.3.5.RELEASE]
	at org.springframework.beans.factory.support.AbstractAutowireCapableBeanFactory.applyBeanPostProcessorsAfterInitialization(AbstractAutowireCapableBeanFactory.java:423) ~[spring-beans-4.3.5.RELEASE.jar:4.3.5.RELEASE]
	at org.springframework.beans.factory.support.AbstractAutowireCapableBeanFactory.initializeBean(AbstractAutowireCapableBeanFactory.java:1594) ~[spring-beans-4.3.5.RELEASE.jar:4.3.5.RELEASE]
	at org.springframework.beans.factory.support.AbstractAutowireCapableBeanFactory.doCreateBean(AbstractAutowireCapableBeanFactory.java:554) ~[spring-beans-4.3.5.RELEASE.jar:4.3.5.RELEASE]
	... 40 common frames omitted
Caused by: org.springframework.expression.spel.SpelParseException: Expression [new val] @7: EL1050E: The arguments (...) for the constructor call are missing
	at org.springframework.expression.spel.standard.InternalSpelExpressionParser.eatConstructorArgs(InternalSpelExpressionParser.java:450) ~[spring-expression-4.3.5.RELEASE.jar:4.3.5.RELEASE]
	at org.springframework.expression.spel.standard.InternalSpelExpressionParser.maybeEatConstructorReference(InternalSpelExpressionParser.java:799) ~[spring-expression-4.3.5.RELEASE.jar:4.3.5.RELEASE]
	at org.springframework.expression.spel.standard.InternalSpelExpressionParser.eatStartNode(InternalSpelExpressionParser.java:507) ~[spring-expression-4.3.5.RELEASE.jar:4.3.5.RELEASE]
	at org.springframework.expression.spel.standard.InternalSpelExpressionParser.eatPrimaryExpression(InternalSpelExpressionParser.java:343) ~[spring-expression-4.3.5.RELEASE.jar:4.3.5.RELEASE]
	at org.springframework.expression.spel.standard.InternalSpelExpressionParser.eatUnaryExpression(InternalSpelExpressionParser.java:337) ~[spring-expression-4.3.5.RELEASE.jar:4.3.5.RELEASE]
	at org.springframework.expression.spel.standard.InternalSpelExpressionParser.eatPowerIncDecExpression(InternalSpelExpressionParser.java:293) ~[spring-expression-4.3.5.RELEASE.jar:4.3.5.RELEASE]
	at org.springframework.expression.spel.standard.InternalSpelExpressionParser.eatProductExpression(InternalSpelExpressionParser.java:272) ~[spring-expression-4.3.5.RELEASE.jar:4.3.5.RELEASE]
	at org.springframework.expression.spel.standard.InternalSpelExpressionParser.eatSumExpression(InternalSpelExpressionParser.java:255) ~[spring-expression-4.3.5.RELEASE.jar:4.3.5.RELEASE]
	at org.springframework.expression.spel.standard.InternalSpelExpressionParser.eatRelationalExpression(InternalSpelExpressionParser.java:210) ~[spring-expression-4.3.5.RELEASE.jar:4.3.5.RELEASE]
	at org.springframework.expression.spel.standard.InternalSpelExpressionParser.eatLogicalAndExpression(InternalSpelExpressionParser.java:198) ~[spring-expression-4.3.5.RELEASE.jar:4.3.5.RELEASE]
	at org.springframework.expression.spel.standard.InternalSpelExpressionParser.eatLogicalOrExpression(InternalSpelExpressionParser.java:186) ~[spring-expression-4.3.5.RELEASE.jar:4.3.5.RELEASE]
	at org.springframework.expression.spel.standard.InternalSpelExpressionParser.eatExpression(InternalSpelExpressionParser.java:146) ~[spring-expression-4.3.5.RELEASE.jar:4.3.5.RELEASE]
	at org.springframework.expression.spel.standard.InternalSpelExpressionParser.doParseExpression(InternalSpelExpressionParser.java:127) ~[spring-expression-4.3.5.RELEASE.jar:4.3.5.RELEASE]
	at org.springframework.expression.spel.standard.SpelExpressionParser.doParseExpression(SpelExpressionParser.java:60) ~[spring-expression-4.3.5.RELEASE.jar:4.3.5.RELEASE]
	at org.springframework.expression.spel.standard.SpelExpressionParser.doParseExpression(SpelExpressionParser.java:32) ~[spring-expression-4.3.5.RELEASE.jar:4.3.5.RELEASE]
	at org.springframework.expression.common.TemplateAwareExpressionParser.parseExpression(TemplateAwareExpressionParser.java:76) ~[spring-expression-4.3.5.RELEASE.jar:4.3.5.RELEASE]
	at org.springframework.expression.common.TemplateAwareExpressionParser.parseExpression(TemplateAwareExpressionParser.java:62) ~[spring-expression-4.3.5.RELEASE.jar:4.3.5.RELEASE]
	at org.springframework.security.access.expression.method.ExpressionBasedAnnotationAttributeFactory.createPreInvocationAttribute(ExpressionBasedAnnotationAttributeFactory.java:51) ~[spring-security-core-4.2.2.RELEASE.jar:4.2.2.RELEASE]
	... 54 common frames omitted
]]></system-out>
  </testcase>
  <testcase name="testLogByDate" classname="edu.ncsu.csc.itrust2.apitest.APILogEntryTest" time="0">
    <error message="Failed to load ApplicationContext" type="java.lang.IllegalStateException">java.lang.IllegalStateException: Failed to load ApplicationContext
Caused by: org.springframework.beans.factory.BeanCreationException: Error creating bean with name 'appointmentControllerHCP' defined in file [/var/lib/jenkins/workspace/itrust-test/iTrust2/target/classes/edu/ncsu/csc/itrust2/controllers/hcp/AppointmentControllerHCP.class]: Initialization of bean failed; nested exception is java.lang.IllegalArgumentException: Failed to parse expression 'new val'
Caused by: java.lang.IllegalArgumentException: Failed to parse expression 'new val'
Caused by: org.springframework.expression.spel.SpelParseException: Expression [new val] @7: EL1050E: The arguments (...) for the constructor call are missing
</error>
    <system-out><![CDATA[06:47:00.775 [main] DEBUG o.s.t.annotation.ProfileValueUtils - Retrieved @ProfileValueSourceConfiguration [null] for test class [edu.ncsu.csc.itrust2.apitest.APILogEntryTest]
06:47:00.775 [main] DEBUG o.s.t.annotation.ProfileValueUtils - Retrieved ProfileValueSource type [class org.springframework.test.annotation.SystemProfileValueSource] for class [edu.ncsu.csc.itrust2.apitest.APILogEntryTest]
06:47:00.775 [main] DEBUG o.s.t.c.s.AbstractDelegatingSmartContextLoader - Delegating to AnnotationConfigWebContextLoader to load context from [WebMergedContextConfiguration@240c1f28 testClass = APILogEntryTest, locations = '{}', classes = '{class edu.ncsu.csc.itrust2.config.RootConfiguration, class edu.ncsu.csc.itrust2.mvc.config.WebMvcConfiguration}', contextInitializerClasses = '[]', activeProfiles = '{}', propertySourceLocations = '{}', propertySourceProperties = '{}', contextCustomizers = set[[empty]], resourceBasePath = 'src/main/webapp', contextLoader = 'org.springframework.test.context.web.WebDelegatingSmartContextLoader', parent = [null]].
06:47:00.775 [main] DEBUG o.s.t.c.w.AbstractGenericWebContextLoader - Loading WebApplicationContext for merged context configuration [WebMergedContextConfiguration@240c1f28 testClass = APILogEntryTest, locations = '{}', classes = '{class edu.ncsu.csc.itrust2.config.RootConfiguration, class edu.ncsu.csc.itrust2.mvc.config.WebMvcConfiguration}', contextInitializerClasses = '[]', activeProfiles = '{}', propertySourceLocations = '{}', propertySourceProperties = '{}', contextCustomizers = set[[empty]], resourceBasePath = 'src/main/webapp', contextLoader = 'org.springframework.test.context.web.WebDelegatingSmartContextLoader', parent = [null]].
06:47:00.775 [main] DEBUG o.s.w.c.s.StandardServletEnvironment - Adding [servletConfigInitParams] PropertySource with lowest search precedence
06:47:00.775 [main] DEBUG o.s.w.c.s.StandardServletEnvironment - Adding [servletContextInitParams] PropertySource with lowest search precedence
06:47:00.776 [main] DEBUG o.s.w.c.s.StandardServletEnvironment - Adding [systemProperties] PropertySource with lowest search precedence
06:47:00.776 [main] DEBUG o.s.w.c.s.StandardServletEnvironment - Adding [systemEnvironment] PropertySource with lowest search precedence
06:47:00.776 [main] DEBUG o.s.w.c.s.StandardServletEnvironment - Initialized StandardServletEnvironment with PropertySources [servletConfigInitParams,servletContextInitParams,systemProperties,systemEnvironment]
06:47:00.776 [main] DEBUG o.s.t.c.w.AnnotationConfigWebContextLoader - Registering annotated classes: {class edu.ncsu.csc.itrust2.config.RootConfiguration, class edu.ncsu.csc.itrust2.mvc.config.WebMvcConfiguration}
06:47:00.777 [main] INFO  o.s.w.c.s.GenericWebApplicationContext - Refreshing org.springframework.web.context.support.GenericWebApplicationContext@6c1f67a7: startup date [Thu Mar 22 06:47:00 UTC 2018]; root of context hierarchy
06:47:00.777 [main] DEBUG o.s.w.c.s.StandardServletEnvironment - Replacing [servletContextInitParams] PropertySource with [servletContextInitParams]
06:47:00.777 [main] DEBUG o.s.w.c.s.GenericWebApplicationContext - Bean factory for org.springframework.web.context.support.GenericWebApplicationContext@6c1f67a7: org.springframework.beans.factory.support.DefaultListableBeanFactory@1800f14: defining beans [org.springframework.context.annotation.internalConfigurationAnnotationProcessor,org.springframework.context.annotation.internalAutowiredAnnotationProcessor,org.springframework.context.annotation.internalRequiredAnnotationProcessor,org.springframework.context.annotation.internalCommonAnnotationProcessor,org.springframework.context.annotation.internalPersistenceAnnotationProcessor,org.springframework.context.event.internalEventListenerProcessor,org.springframework.context.event.internalEventListenerFactory,rootConfiguration,webMvcConfiguration]; root of factory hierarchy
06:47:00.778 [main] DEBUG o.s.b.f.s.DefaultListableBeanFactory - Registering scope 'request' with implementation [org.springframework.web.context.request.RequestScope@26b1a8e8]
06:47:00.778 [main] DEBUG o.s.b.f.s.DefaultListableBeanFactory - Registering scope 'session' with implementation [org.springframework.web.context.request.SessionScope@3184c1c6]
06:47:00.778 [main] DEBUG o.s.b.f.s.DefaultListableBeanFactory - Registering scope 'globalSession' with implementation [org.springframework.web.context.request.SessionScope@307d804d]
06:47:00.778 [main] DEBUG o.s.b.f.s.DefaultListableBeanFactory - Registering scope 'application' with implementation [org.springframework.web.context.support.ServletContextScope@57478181]
06:47:00.778 [main] DEBUG o.s.b.f.s.DefaultListableBeanFactory - Creating shared instance of singleton bean 'org.springframework.context.annotation.internalConfigurationAnnotationProcessor'
06:47:00.778 [main] DEBUG o.s.b.f.s.DefaultListableBeanFactory - Creating instance of bean 'org.springframework.context.annotation.internalConfigurationAnnotationProcessor'
06:47:00.778 [main] DEBUG o.s.b.f.s.DefaultListableBeanFactory - Eagerly caching bean 'org.springframework.context.annotation.internalConfigurationAnnotationProcessor' to allow for resolving potential circular references
06:47:00.778 [main] DEBUG o.s.b.f.s.DefaultListableBeanFactory - Finished creating instance of bean 'org.springframework.context.annotation.internalConfigurationAnnotationProcessor'
06:47:00.778 [main] DEBUG o.s.core.env.StandardEnvironment - Adding [systemProperties] PropertySource with lowest search precedence
06:47:00.778 [main] DEBUG o.s.core.env.StandardEnvironment - Adding [systemEnvironment] PropertySource with lowest search precedence
06:47:00.778 [main] DEBUG o.s.core.env.StandardEnvironment - Initialized StandardEnvironment with PropertySources [systemProperties,systemEnvironment]
06:47:00.780 [main] DEBUG o.s.c.i.s.PathMatchingResourcePatternResolver - Resolved classpath location [edu/ncsu/csc/itrust2/config/] to resources [URL [file:/var/lib/jenkins/workspace/itrust-test/iTrust2/target/classes/edu/ncsu/csc/itrust2/config/]]
06:47:00.780 [main] DEBUG o.s.c.i.s.PathMatchingResourcePatternResolver - Looking for matching resources in directory tree [/var/lib/jenkins/workspace/itrust-test/iTrust2/target/classes/edu/ncsu/csc/itrust2/config]
06:47:00.780 [main] DEBUG o.s.c.i.s.PathMatchingResourcePatternResolver - Searching directory [/var/lib/jenkins/workspace/itrust-test/iTrust2/target/classes/edu/ncsu/csc/itrust2/config] for files matching pattern [/var/lib/jenkins/workspace/itrust-test/iTrust2/target/classes/edu/ncsu/csc/itrust2/config/**/*.class]
06:47:00.781 [main] DEBUG o.s.c.i.s.PathMatchingResourcePatternResolver - Resolved location pattern [classpath*:edu/ncsu/csc/itrust2/config/**/*.class] to resources [file [/var/lib/jenkins/workspace/itrust-test/iTrust2/target/classes/edu/ncsu/csc/itrust2/config/ContextListener.class], file [/var/lib/jenkins/workspace/itrust-test/iTrust2/target/classes/edu/ncsu/csc/itrust2/config/DataConfiguration.class], file [/var/lib/jenkins/workspace/itrust-test/iTrust2/target/classes/edu/ncsu/csc/itrust2/config/FailureHandler.class], file [/var/lib/jenkins/workspace/itrust-test/iTrust2/target/classes/edu/ncsu/csc/itrust2/config/IPFilter.class], file [/var/lib/jenkins/workspace/itrust-test/iTrust2/target/classes/edu/ncsu/csc/itrust2/config/ITrust2ApplicationInitializer.class], file [/var/lib/jenkins/workspace/itrust-test/iTrust2/target/classes/edu/ncsu/csc/itrust2/config/ITrust2WebApplicationInitializer.class], file [/var/lib/jenkins/workspace/itrust-test/iTrust2/target/classes/edu/ncsu/csc/itrust2/config/LoginAuditingListener.class], file [/var/lib/jenkins/workspace/itrust-test/iTrust2/target/classes/edu/ncsu/csc/itrust2/config/RootConfiguration.class], file [/var/lib/jenkins/workspace/itrust-test/iTrust2/target/classes/edu/ncsu/csc/itrust2/config/SecurityConfig.class]]
06:47:00.781 [main] DEBUG o.s.c.a.ClassPathBeanDefinitionScanner - Identified candidate component class: file [/var/lib/jenkins/workspace/itrust-test/iTrust2/target/classes/edu/ncsu/csc/itrust2/config/DataConfiguration.class]
06:47:00.782 [main] DEBUG o.s.c.a.ClassPathBeanDefinitionScanner - Identified candidate component class: file [/var/lib/jenkins/workspace/itrust-test/iTrust2/target/classes/edu/ncsu/csc/itrust2/config/LoginAuditingListener.class]
06:47:00.783 [main] DEBUG o.s.c.a.ClassPathBeanDefinitionScanner - Identified candidate component class: file [/var/lib/jenkins/workspace/itrust-test/iTrust2/target/classes/edu/ncsu/csc/itrust2/config/SecurityConfig.class]
06:47:00.795 [main] DEBUG o.s.core.env.StandardEnvironment - Adding [systemProperties] PropertySource with lowest search precedence
06:47:00.795 [main] DEBUG o.s.core.env.StandardEnvironment - Adding [systemEnvironment] PropertySource with lowest search precedence
06:47:00.795 [main] DEBUG o.s.core.env.StandardEnvironment - Initialized StandardEnvironment with PropertySources [systemProperties,systemEnvironment]
06:47:00.797 [main] DEBUG o.s.c.i.s.PathMatchingResourcePatternResolver - Resolved classpath location [edu/ncsu/csc/itrust2/controllers/] to resources [URL [file:/var/lib/jenkins/workspace/itrust-test/iTrust2/target/classes/edu/ncsu/csc/itrust2/controllers/]]
06:47:00.797 [main] DEBUG o.s.c.i.s.PathMatchingResourcePatternResolver - Looking for matching resources in directory tree [/var/lib/jenkins/workspace/itrust-test/iTrust2/target/classes/edu/ncsu/csc/itrust2/controllers]
06:47:00.797 [main] DEBUG o.s.c.i.s.PathMatchingResourcePatternResolver - Searching directory [/var/lib/jenkins/workspace/itrust-test/iTrust2/target/classes/edu/ncsu/csc/itrust2/controllers] for files matching pattern [/var/lib/jenkins/workspace/itrust-test/iTrust2/target/classes/edu/ncsu/csc/itrust2/controllers/**/*.class]
06:47:00.797 [main] DEBUG o.s.c.i.s.PathMatchingResourcePatternResolver - Searching directory [/var/lib/jenkins/workspace/itrust-test/iTrust2/target/classes/edu/ncsu/csc/itrust2/controllers/admin] for files matching pattern [/var/lib/jenkins/workspace/itrust-test/iTrust2/target/classes/edu/ncsu/csc/itrust2/controllers/**/*.class]
06:47:00.797 [main] DEBUG o.s.c.i.s.PathMatchingResourcePatternResolver - Searching directory [/var/lib/jenkins/workspace/itrust-test/iTrust2/target/classes/edu/ncsu/csc/itrust2/controllers/api] for files matching pattern [/var/lib/jenkins/workspace/itrust-test/iTrust2/target/classes/edu/ncsu/csc/itrust2/controllers/**/*.class]
06:47:00.798 [main] DEBUG o.s.c.i.s.PathMatchingResourcePatternResolver - Searching directory [/var/lib/jenkins/workspace/itrust-test/iTrust2/target/classes/edu/ncsu/csc/itrust2/controllers/api/comm] for files matching pattern [/var/lib/jenkins/workspace/itrust-test/iTrust2/target/classes/edu/ncsu/csc/itrust2/controllers/**/*.class]
06:47:00.798 [main] DEBUG o.s.c.i.s.PathMatchingResourcePatternResolver - Searching directory [/var/lib/jenkins/workspace/itrust-test/iTrust2/target/classes/edu/ncsu/csc/itrust2/controllers/hcp] for files matching pattern [/var/lib/jenkins/workspace/itrust-test/iTrust2/target/classes/edu/ncsu/csc/itrust2/controllers/**/*.class]
06:47:00.798 [main] DEBUG o.s.c.i.s.PathMatchingResourcePatternResolver - Searching directory [/var/lib/jenkins/workspace/itrust-test/iTrust2/target/classes/edu/ncsu/csc/itrust2/controllers/patient] for files matching pattern [/var/lib/jenkins/workspace/itrust-test/iTrust2/target/classes/edu/ncsu/csc/itrust2/controllers/**/*.class]
06:47:00.798 [main] DEBUG o.s.c.i.s.PathMatchingResourcePatternResolver - Searching directory [/var/lib/jenkins/workspace/itrust-test/iTrust2/target/classes/edu/ncsu/csc/itrust2/controllers/personnel] for files matching pattern [/var/lib/jenkins/workspace/itrust-test/iTrust2/target/classes/edu/ncsu/csc/itrust2/controllers/**/*.class]
06:47:00.799 [main] DEBUG o.s.c.i.s.PathMatchingResourcePatternResolver - Resolved location pattern [classpath*:edu/ncsu/csc/itrust2/controllers/**/*.class] to resources [file [/var/lib/jenkins/workspace/itrust-test/iTrust2/target/classes/edu/ncsu/csc/itrust2/controllers/DefaultController.class], file [/var/lib/jenkins/workspace/itrust-test/iTrust2/target/classes/edu/ncsu/csc/itrust2/controllers/admin/AdminController.class], file [/var/lib/jenkins/workspace/itrust-test/iTrust2/target/classes/edu/ncsu/csc/itrust2/controllers/admin/AdminUserController$1.class], file [/var/lib/jenkins/workspace/itrust-test/iTrust2/target/classes/edu/ncsu/csc/itrust2/controllers/admin/AdminUserController.class], file [/var/lib/jenkins/workspace/itrust-test/iTrust2/target/classes/edu/ncsu/csc/itrust2/controllers/admin/HospitalController.class], file [/var/lib/jenkins/workspace/itrust-test/iTrust2/target/classes/edu/ncsu/csc/itrust2/controllers/admin/ICDCodesController.class], file [/var/lib/jenkins/workspace/itrust-test/iTrust2/target/classes/edu/ncsu/csc/itrust2/controllers/api/APIAppointmentRequestController.class], file [/var/lib/jenkins/workspace/itrust-test/iTrust2/target/classes/edu/ncsu/csc/itrust2/controllers/api/APIController$JSONResponse.class], file [/var/lib/jenkins/workspace/itrust-test/iTrust2/target/classes/edu/ncsu/csc/itrust2/controllers/api/APIController.class], file [/var/lib/jenkins/workspace/itrust-test/iTrust2/target/classes/edu/ncsu/csc/itrust2/controllers/api/APIDiagnosisController.class], file [/var/lib/jenkins/workspace/itrust-test/iTrust2/target/classes/edu/ncsu/csc/itrust2/controllers/api/APIDrugController.class], file [/var/lib/jenkins/workspace/itrust-test/iTrust2/target/classes/edu/ncsu/csc/itrust2/controllers/api/APIEnumController.class], file [/var/lib/jenkins/workspace/itrust-test/iTrust2/target/classes/edu/ncsu/csc/itrust2/controllers/api/APIHospitalController.class], file [/var/lib/jenkins/workspace/itrust-test/iTrust2/target/classes/edu/ncsu/csc/itrust2/controllers/api/APIICDCodeController.class], file [/var/lib/jenkins/workspace/itrust-test/iTrust2/target/classes/edu/ncsu/csc/itrust2/controllers/api/APILogEntryController.class], file [/var/lib/jenkins/workspace/itrust-test/iTrust2/target/classes/edu/ncsu/csc/itrust2/controllers/api/APIOfficeVisitController.class], file [/var/lib/jenkins/workspace/itrust-test/iTrust2/target/classes/edu/ncsu/csc/itrust2/controllers/api/APIPasswordController.class], file [/var/lib/jenkins/workspace/itrust-test/iTrust2/target/classes/edu/ncsu/csc/itrust2/controllers/api/APIPatientController.class], file [/var/lib/jenkins/workspace/itrust-test/iTrust2/target/classes/edu/ncsu/csc/itrust2/controllers/api/APIPersonnelController.class], file [/var/lib/jenkins/workspace/itrust-test/iTrust2/target/classes/edu/ncsu/csc/itrust2/controllers/api/APIPrescriptionController.class], file [/var/lib/jenkins/workspace/itrust-test/iTrust2/target/classes/edu/ncsu/csc/itrust2/controllers/api/APIUserController.class], file [/var/lib/jenkins/workspace/itrust-test/iTrust2/target/classes/edu/ncsu/csc/itrust2/controllers/api/comm/LogEntryRequestBody.class], file [/var/lib/jenkins/workspace/itrust-test/iTrust2/target/classes/edu/ncsu/csc/itrust2/controllers/api/comm/LogEntryTableRow.class], file [/var/lib/jenkins/workspace/itrust-test/iTrust2/target/classes/edu/ncsu/csc/itrust2/controllers/hcp/AppointmentControllerHCP.class], file [/var/lib/jenkins/workspace/itrust-test/iTrust2/target/classes/edu/ncsu/csc/itrust2/controllers/hcp/HCPController.class], file [/var/lib/jenkins/workspace/itrust-test/iTrust2/target/classes/edu/ncsu/csc/itrust2/controllers/hcp/OfficeVisitController.class], file [/var/lib/jenkins/workspace/itrust-test/iTrust2/target/classes/edu/ncsu/csc/itrust2/controllers/patient/AppointmentController.class], file [/var/lib/jenkins/workspace/itrust-test/iTrust2/target/classes/edu/ncsu/csc/itrust2/controllers/patient/DiagnosesController.class], file [/var/lib/jenkins/workspace/itrust-test/iTrust2/target/classes/edu/ncsu/csc/itrust2/controllers/patient/PatientController.class], file [/var/lib/jenkins/workspace/itrust-test/iTrust2/target/classes/edu/ncsu/csc/itrust2/controllers/personnel/PasswordController.class], file [/var/lib/jenkins/workspace/itrust-test/iTrust2/target/classes/edu/ncsu/csc/itrust2/controllers/personnel/UserController.class]]
06:47:00.799 [main] DEBUG o.s.c.a.ClassPathBeanDefinitionScanner - Identified candidate component class: file [/var/lib/jenkins/workspace/itrust-test/iTrust2/target/classes/edu/ncsu/csc/itrust2/controllers/DefaultController.class]
06:47:00.799 [main] DEBUG o.s.c.a.ClassPathBeanDefinitionScanner - Identified candidate component class: file [/var/lib/jenkins/workspace/itrust-test/iTrust2/target/classes/edu/ncsu/csc/itrust2/controllers/admin/AdminController.class]
06:47:00.800 [main] DEBUG o.s.c.a.ClassPathBeanDefinitionScanner - Identified candidate component class: file [/var/lib/jenkins/workspace/itrust-test/iTrust2/target/classes/edu/ncsu/csc/itrust2/controllers/admin/AdminUserController.class]
06:47:00.800 [main] DEBUG o.s.c.a.ClassPathBeanDefinitionScanner - Identified candidate component class: file [/var/lib/jenkins/workspace/itrust-test/iTrust2/target/classes/edu/ncsu/csc/itrust2/controllers/admin/HospitalController.class]
06:47:00.800 [main] DEBUG o.s.c.a.ClassPathBeanDefinitionScanner - Identified candidate component class: file [/var/lib/jenkins/workspace/itrust-test/iTrust2/target/classes/edu/ncsu/csc/itrust2/controllers/admin/ICDCodesController.class]
06:47:00.800 [main] DEBUG o.s.c.a.ClassPathBeanDefinitionScanner - Identified candidate component class: file [/var/lib/jenkins/workspace/itrust-test/iTrust2/target/classes/edu/ncsu/csc/itrust2/controllers/api/APIAppointmentRequestController.class]
06:47:00.801 [main] DEBUG o.s.c.a.ClassPathBeanDefinitionScanner - Identified candidate component class: file [/var/lib/jenkins/workspace/itrust-test/iTrust2/target/classes/edu/ncsu/csc/itrust2/controllers/api/APIDiagnosisController.class]
06:47:00.801 [main] DEBUG o.s.c.a.ClassPathBeanDefinitionScanner - Identified candidate component class: file [/var/lib/jenkins/workspace/itrust-test/iTrust2/target/classes/edu/ncsu/csc/itrust2/controllers/api/APIDrugController.class]
06:47:00.801 [main] DEBUG o.s.c.a.ClassPathBeanDefinitionScanner - Identified candidate component class: file [/var/lib/jenkins/workspace/itrust-test/iTrust2/target/classes/edu/ncsu/csc/itrust2/controllers/api/APIEnumController.class]
06:47:00.802 [main] DEBUG o.s.c.a.ClassPathBeanDefinitionScanner - Identified candidate component class: file [/var/lib/jenkins/workspace/itrust-test/iTrust2/target/classes/edu/ncsu/csc/itrust2/controllers/api/APIHospitalController.class]
06:47:00.803 [main] DEBUG o.s.c.a.ClassPathBeanDefinitionScanner - Identified candidate component class: file [/var/lib/jenkins/workspace/itrust-test/iTrust2/target/classes/edu/ncsu/csc/itrust2/controllers/api/APIICDCodeController.class]
06:47:00.803 [main] DEBUG o.s.c.a.ClassPathBeanDefinitionScanner - Identified candidate component class: file [/var/lib/jenkins/workspace/itrust-test/iTrust2/target/classes/edu/ncsu/csc/itrust2/controllers/api/APILogEntryController.class]
06:47:00.804 [main] DEBUG o.s.c.a.ClassPathBeanDefinitionScanner - Identified candidate component class: file [/var/lib/jenkins/workspace/itrust-test/iTrust2/target/classes/edu/ncsu/csc/itrust2/controllers/api/APIOfficeVisitController.class]
06:47:00.804 [main] DEBUG o.s.c.a.ClassPathBeanDefinitionScanner - Identified candidate component class: file [/var/lib/jenkins/workspace/itrust-test/iTrust2/target/classes/edu/ncsu/csc/itrust2/controllers/api/APIPasswordController.class]
06:47:00.805 [main] DEBUG o.s.c.a.ClassPathBeanDefinitionScanner - Identified candidate component class: file [/var/lib/jenkins/workspace/itrust-test/iTrust2/target/classes/edu/ncsu/csc/itrust2/controllers/api/APIPatientController.class]
06:47:00.805 [main] DEBUG o.s.c.a.ClassPathBeanDefinitionScanner - Identified candidate component class: file [/var/lib/jenkins/workspace/itrust-test/iTrust2/target/classes/edu/ncsu/csc/itrust2/controllers/api/APIPersonnelController.class]
06:47:00.806 [main] DEBUG o.s.c.a.ClassPathBeanDefinitionScanner - Identified candidate component class: file [/var/lib/jenkins/workspace/itrust-test/iTrust2/target/classes/edu/ncsu/csc/itrust2/controllers/api/APIPrescriptionController.class]
06:47:00.806 [main] DEBUG o.s.c.a.ClassPathBeanDefinitionScanner - Identified candidate component class: file [/var/lib/jenkins/workspace/itrust-test/iTrust2/target/classes/edu/ncsu/csc/itrust2/controllers/api/APIUserController.class]
06:47:00.807 [main] DEBUG o.s.c.a.ClassPathBeanDefinitionScanner - Identified candidate component class: file [/var/lib/jenkins/workspace/itrust-test/iTrust2/target/classes/edu/ncsu/csc/itrust2/controllers/hcp/AppointmentControllerHCP.class]
06:47:00.807 [main] DEBUG o.s.c.a.ClassPathBeanDefinitionScanner - Identified candidate component class: file [/var/lib/jenkins/workspace/itrust-test/iTrust2/target/classes/edu/ncsu/csc/itrust2/controllers/hcp/HCPController.class]
06:47:00.807 [main] DEBUG o.s.c.a.ClassPathBeanDefinitionScanner - Identified candidate component class: file [/var/lib/jenkins/workspace/itrust-test/iTrust2/target/classes/edu/ncsu/csc/itrust2/controllers/hcp/OfficeVisitController.class]
06:47:00.808 [main] DEBUG o.s.c.a.ClassPathBeanDefinitionScanner - Identified candidate component class: file [/var/lib/jenkins/workspace/itrust-test/iTrust2/target/classes/edu/ncsu/csc/itrust2/controllers/patient/AppointmentController.class]
06:47:00.808 [main] DEBUG o.s.c.a.ClassPathBeanDefinitionScanner - Identified candidate component class: file [/var/lib/jenkins/workspace/itrust-test/iTrust2/target/classes/edu/ncsu/csc/itrust2/controllers/patient/DiagnosesController.class]
06:47:00.808 [main] DEBUG o.s.c.a.ClassPathBeanDefinitionScanner - Identified candidate component class: file [/var/lib/jenkins/workspace/itrust-test/iTrust2/target/classes/edu/ncsu/csc/itrust2/controllers/patient/PatientController.class]
06:47:00.808 [main] DEBUG o.s.c.a.ClassPathBeanDefinitionScanner - Identified candidate component class: file [/var/lib/jenkins/workspace/itrust-test/iTrust2/target/classes/edu/ncsu/csc/itrust2/controllers/personnel/PasswordController.class]
06:47:00.809 [main] DEBUG o.s.c.a.ClassPathBeanDefinitionScanner - Identified candidate component class: file [/var/lib/jenkins/workspace/itrust-test/iTrust2/target/classes/edu/ncsu/csc/itrust2/controllers/personnel/UserController.class]
06:47:00.809 [main] DEBUG o.s.c.i.s.PathMatchingResourcePatternResolver - Resolved classpath location [edu/ncsu/csc/itrust2/config/] to resources [URL [file:/var/lib/jenkins/workspace/itrust-test/iTrust2/target/classes/edu/ncsu/csc/itrust2/config/]]
06:47:00.809 [main] DEBUG o.s.c.i.s.PathMatchingResourcePatternResolver - Looking for matching resources in directory tree [/var/lib/jenkins/workspace/itrust-test/iTrust2/target/classes/edu/ncsu/csc/itrust2/config]
06:47:00.809 [main] DEBUG o.s.c.i.s.PathMatchingResourcePatternResolver - Searching directory [/var/lib/jenkins/workspace/itrust-test/iTrust2/target/classes/edu/ncsu/csc/itrust2/config] for files matching pattern [/var/lib/jenkins/workspace/itrust-test/iTrust2/target/classes/edu/ncsu/csc/itrust2/config/**/*.class]
06:47:00.810 [main] DEBUG o.s.c.i.s.PathMatchingResourcePatternResolver - Resolved location pattern [classpath*:edu/ncsu/csc/itrust2/config/**/*.class] to resources [file [/var/lib/jenkins/workspace/itrust-test/iTrust2/target/classes/edu/ncsu/csc/itrust2/config/ContextListener.class], file [/var/lib/jenkins/workspace/itrust-test/iTrust2/target/classes/edu/ncsu/csc/itrust2/config/DataConfiguration.class], file [/var/lib/jenkins/workspace/itrust-test/iTrust2/target/classes/edu/ncsu/csc/itrust2/config/FailureHandler.class], file [/var/lib/jenkins/workspace/itrust-test/iTrust2/target/classes/edu/ncsu/csc/itrust2/config/IPFilter.class], file [/var/lib/jenkins/workspace/itrust-test/iTrust2/target/classes/edu/ncsu/csc/itrust2/config/ITrust2ApplicationInitializer.class], file [/var/lib/jenkins/workspace/itrust-test/iTrust2/target/classes/edu/ncsu/csc/itrust2/config/ITrust2WebApplicationInitializer.class], file [/var/lib/jenkins/workspace/itrust-test/iTrust2/target/classes/edu/ncsu/csc/itrust2/config/LoginAuditingListener.class], file [/var/lib/jenkins/workspace/itrust-test/iTrust2/target/classes/edu/ncsu/csc/itrust2/config/RootConfiguration.class], file [/var/lib/jenkins/workspace/itrust-test/iTrust2/target/classes/edu/ncsu/csc/itrust2/config/SecurityConfig.class]]
06:47:00.810 [main] DEBUG o.s.c.a.ClassPathBeanDefinitionScanner - Identified candidate component class: file [/var/lib/jenkins/workspace/itrust-test/iTrust2/target/classes/edu/ncsu/csc/itrust2/config/DataConfiguration.class]
06:47:00.811 [main] DEBUG o.s.c.a.ClassPathBeanDefinitionScanner - Identified candidate component class: file [/var/lib/jenkins/workspace/itrust-test/iTrust2/target/classes/edu/ncsu/csc/itrust2/config/LoginAuditingListener.class]
06:47:00.811 [main] DEBUG o.s.c.a.ClassPathBeanDefinitionScanner - Identified candidate component class: file [/var/lib/jenkins/workspace/itrust-test/iTrust2/target/classes/edu/ncsu/csc/itrust2/config/RootConfiguration.class]
06:47:00.811 [main] DEBUG o.s.c.a.ClassPathBeanDefinitionScanner - Identified candidate component class: file [/var/lib/jenkins/workspace/itrust-test/iTrust2/target/classes/edu/ncsu/csc/itrust2/config/SecurityConfig.class]
06:47:00.834 [main] DEBUG o.s.c.a.ConfigurationClassBeanDefinitionReader - Registering bean definition for @Bean method edu.ncsu.csc.itrust2.config.DataConfiguration.dataSource()
06:47:00.834 [main] DEBUG o.s.c.a.ConfigurationClassBeanDefinitionReader - Registered bean definition for imported class 'org.springframework.security.config.annotation.configuration.ObjectPostProcessorConfiguration'
06:47:00.834 [main] DEBUG o.s.c.a.ConfigurationClassBeanDefinitionReader - Registering bean definition for @Bean method org.springframework.security.config.annotation.configuration.ObjectPostProcessorConfiguration.objectPostProcessor()
06:47:00.834 [main] DEBUG o.s.c.a.ConfigurationClassBeanDefinitionReader - Registered bean definition for imported class 'org.springframework.security.config.annotation.authentication.configuration.AuthenticationConfiguration'
06:47:00.834 [main] DEBUG o.s.c.a.ConfigurationClassBeanDefinitionReader - Registering bean definition for @Bean method org.springframework.security.config.annotation.authentication.configuration.AuthenticationConfiguration.authenticationManagerBuilder()
06:47:00.834 [main] DEBUG o.s.c.a.ConfigurationClassBeanDefinitionReader - Registering bean definition for @Bean method org.springframework.security.config.annotation.authentication.configuration.AuthenticationConfiguration.enableGlobalAuthenticationAutowiredConfigurer()
06:47:00.834 [main] DEBUG o.s.c.a.ConfigurationClassBeanDefinitionReader - Registering bean definition for @Bean method org.springframework.security.config.annotation.authentication.configuration.AuthenticationConfiguration.initializeUserDetailsBeanManagerConfigurer()
06:47:00.834 [main] DEBUG o.s.c.a.ConfigurationClassBeanDefinitionReader - Registering bean definition for @Bean method org.springframework.security.config.annotation.authentication.configuration.AuthenticationConfiguration.initializeAuthenticationProviderBeanManagerConfigurer()
06:47:00.834 [main] DEBUG o.s.c.a.ConfigurationClassBeanDefinitionReader - Registered bean definition for imported class 'org.springframework.security.config.annotation.web.configuration.WebSecurityConfiguration'
06:47:00.834 [main] DEBUG o.s.c.a.ConfigurationClassBeanDefinitionReader - Registering bean definition for @Bean method org.springframework.security.config.annotation.web.configuration.WebSecurityConfiguration.delegatingApplicationListener()
06:47:00.834 [main] DEBUG o.s.c.a.ConfigurationClassBeanDefinitionReader - Registering bean definition for @Bean method org.springframework.security.config.annotation.web.configuration.WebSecurityConfiguration.webSecurityExpressionHandler()
06:47:00.834 [main] DEBUG o.s.c.a.ConfigurationClassBeanDefinitionReader - Registering bean definition for @Bean method org.springframework.security.config.annotation.web.configuration.WebSecurityConfiguration.springSecurityFilterChain()
06:47:00.834 [main] DEBUG o.s.c.a.ConfigurationClassBeanDefinitionReader - Registering bean definition for @Bean method org.springframework.security.config.annotation.web.configuration.WebSecurityConfiguration.privilegeEvaluator()
06:47:00.834 [main] DEBUG o.s.c.a.ConfigurationClassBeanDefinitionReader - Registering bean definition for @Bean method org.springframework.security.config.annotation.web.configuration.WebSecurityConfiguration.autowiredWebSecurityConfigurersIgnoreParents()
06:47:00.834 [main] DEBUG o.s.c.a.ConfigurationClassBeanDefinitionReader - Registered bean definition for imported class 'org.springframework.security.config.annotation.web.configuration.WebMvcSecurityConfiguration'
06:47:00.834 [main] DEBUG o.s.c.a.ConfigurationClassBeanDefinitionReader - Registering bean definition for @Bean method org.springframework.security.config.annotation.web.configuration.WebMvcSecurityConfiguration.requestDataValueProcessor()
06:47:00.834 [main] DEBUG o.s.c.a.ConfigurationClassBeanDefinitionReader - Registering bean definition for @Bean method edu.ncsu.csc.itrust2.config.SecurityConfig.passwordEncoder()
06:47:00.835 [main] DEBUG o.s.c.a.ConfigurationClassBeanDefinitionReader - Registering bean definition for @Bean method edu.ncsu.csc.itrust2.config.SecurityConfig.defaultAuthenticationEventPublisher()
06:47:00.835 [main] DEBUG o.s.c.a.ConfigurationClassBeanDefinitionReader - Registering bean definition for @Bean method edu.ncsu.csc.itrust2.config.SecurityConfig.failureHandler()
06:47:00.835 [main] DEBUG o.s.c.a.ConfigurationClassBeanDefinitionReader - Registering bean definition for @Bean method edu.ncsu.csc.itrust2.config.SecurityConfig.ipBlockFilter()
06:47:00.835 [main] DEBUG o.s.c.a.ConfigurationClassBeanDefinitionReader - Registered bean definition for imported class 'org.springframework.web.servlet.config.annotation.DelegatingWebMvcConfiguration'
06:47:00.835 [main] DEBUG o.s.c.a.ConfigurationClassBeanDefinitionReader - Registering bean definition for @Bean method org.springframework.web.servlet.config.annotation.DelegatingWebMvcConfiguration.requestMappingHandlerMapping()
06:47:00.835 [main] DEBUG o.s.c.a.ConfigurationClassBeanDefinitionReader - Registering bean definition for @Bean method org.springframework.web.servlet.config.annotation.DelegatingWebMvcConfiguration.mvcPathMatcher()
06:47:00.835 [main] DEBUG o.s.c.a.ConfigurationClassBeanDefinitionReader - Registering bean definition for @Bean method org.springframework.web.servlet.config.annotation.DelegatingWebMvcConfiguration.mvcUrlPathHelper()
06:47:00.835 [main] DEBUG o.s.c.a.ConfigurationClassBeanDefinitionReader - Registering bean definition for @Bean method org.springframework.web.servlet.config.annotation.DelegatingWebMvcConfiguration.mvcContentNegotiationManager()
06:47:00.836 [main] DEBUG o.s.c.a.ConfigurationClassBeanDefinitionReader - Registering bean definition for @Bean method org.springframework.web.servlet.config.annotation.DelegatingWebMvcConfiguration.viewControllerHandlerMapping()
06:47:00.836 [main] DEBUG o.s.c.a.ConfigurationClassBeanDefinitionReader - Registering bean definition for @Bean method org.springframework.web.servlet.config.annotation.DelegatingWebMvcConfiguration.beanNameHandlerMapping()
06:47:00.836 [main] DEBUG o.s.c.a.ConfigurationClassBeanDefinitionReader - Registering bean definition for @Bean method org.springframework.web.servlet.config.annotation.DelegatingWebMvcConfiguration.resourceHandlerMapping()
06:47:00.836 [main] DEBUG o.s.c.a.ConfigurationClassBeanDefinitionReader - Registering bean definition for @Bean method org.springframework.web.servlet.config.annotation.DelegatingWebMvcConfiguration.mvcResourceUrlProvider()
06:47:00.836 [main] DEBUG o.s.c.a.ConfigurationClassBeanDefinitionReader - Registering bean definition for @Bean method org.springframework.web.servlet.config.annotation.DelegatingWebMvcConfiguration.defaultServletHandlerMapping()
06:47:00.836 [main] DEBUG o.s.c.a.ConfigurationClassBeanDefinitionReader - Registering bean definition for @Bean method org.springframework.web.servlet.config.annotation.DelegatingWebMvcConfiguration.requestMappingHandlerAdapter()
06:47:00.836 [main] DEBUG o.s.c.a.ConfigurationClassBeanDefinitionReader - Registering bean definition for @Bean method org.springframework.web.servlet.config.annotation.DelegatingWebMvcConfiguration.mvcValidator()
06:47:00.836 [main] DEBUG o.s.c.a.ConfigurationClassBeanDefinitionReader - Registering bean definition for @Bean method org.springframework.web.servlet.config.annotation.DelegatingWebMvcConfiguration.mvcUriComponentsContributor()
06:47:00.836 [main] DEBUG o.s.c.a.ConfigurationClassBeanDefinitionReader - Registering bean definition for @Bean method org.springframework.web.servlet.config.annotation.DelegatingWebMvcConfiguration.httpRequestHandlerAdapter()
06:47:00.836 [main] DEBUG o.s.c.a.ConfigurationClassBeanDefinitionReader - Registering bean definition for @Bean method org.springframework.web.servlet.config.annotation.DelegatingWebMvcConfiguration.simpleControllerHandlerAdapter()
06:47:00.836 [main] DEBUG o.s.c.a.ConfigurationClassBeanDefinitionReader - Registering bean definition for @Bean method org.springframework.web.servlet.config.annotation.DelegatingWebMvcConfiguration.handlerExceptionResolver()
06:47:00.837 [main] DEBUG o.s.c.a.ConfigurationClassBeanDefinitionReader - Registering bean definition for @Bean method org.springframework.web.servlet.config.annotation.DelegatingWebMvcConfiguration.mvcViewResolver()
06:47:00.837 [main] DEBUG o.s.c.a.ConfigurationClassBeanDefinitionReader - Registering bean definition for @Bean method org.springframework.web.servlet.config.annotation.DelegatingWebMvcConfiguration.mvcConversionService()
06:47:00.837 [main] DEBUG o.s.c.a.ConfigurationClassBeanDefinitionReader - Registered bean definition for imported class 'org.springframework.security.config.annotation.method.configuration.GlobalMethodSecurityConfiguration'
06:47:00.837 [main] DEBUG o.s.c.a.ConfigurationClassBeanDefinitionReader - Registering bean definition for @Bean method org.springframework.security.config.annotation.method.configuration.GlobalMethodSecurityConfiguration.methodSecurityInterceptor()
06:47:00.837 [main] DEBUG o.s.c.a.ConfigurationClassBeanDefinitionReader - Registering bean definition for @Bean method org.springframework.security.config.annotation.method.configuration.GlobalMethodSecurityConfiguration.methodSecurityMetadataSource()
06:47:00.837 [main] DEBUG o.s.c.a.ConfigurationClassBeanDefinitionReader - Registering bean definition for @Bean method org.springframework.security.config.annotation.method.configuration.GlobalMethodSecurityConfiguration.preInvocationAuthorizationAdvice()
06:47:00.837 [main] DEBUG o.s.c.a.ConfigurationClassBeanDefinitionReader - Registering bean definition for @Bean method edu.ncsu.csc.itrust2.mvc.config.WebMvcConfiguration.templateEngine()
06:47:00.837 [main] DEBUG o.s.c.a.ConfigurationClassBeanDefinitionReader - Registering bean definition for @Bean method edu.ncsu.csc.itrust2.mvc.config.WebMvcConfiguration.domainClassConverter()
06:47:00.837 [main] DEBUG o.s.c.a.ConfigurationClassBeanDefinitionReader - Registering bean definition for @Bean method edu.ncsu.csc.itrust2.mvc.config.WebMvcConfiguration.viewResolver()
06:47:00.840 [main] DEBUG o.s.c.a.ConfigurationClassEnhancer - Successfully enhanced edu.ncsu.csc.itrust2.config.RootConfiguration; enhanced class name is: edu.ncsu.csc.itrust2.config.RootConfiguration$$EnhancerBySpringCGLIB$$531f067d
06:47:00.840 [main] DEBUG o.s.c.a.ConfigurationClassPostProcessor - Replacing bean definition 'rootConfiguration' existing class 'edu.ncsu.csc.itrust2.config.RootConfiguration' with enhanced class 'edu.ncsu.csc.itrust2.config.RootConfiguration$$EnhancerBySpringCGLIB$$531f067d'
06:47:00.840 [main] DEBUG o.s.c.a.ConfigurationClassEnhancer - Successfully enhanced edu.ncsu.csc.itrust2.mvc.config.WebMvcConfiguration; enhanced class name is: edu.ncsu.csc.itrust2.mvc.config.WebMvcConfiguration$$EnhancerBySpringCGLIB$$6fca09cd
06:47:00.840 [main] DEBUG o.s.c.a.ConfigurationClassPostProcessor - Replacing bean definition 'webMvcConfiguration' existing class 'edu.ncsu.csc.itrust2.mvc.config.WebMvcConfiguration' with enhanced class 'edu.ncsu.csc.itrust2.mvc.config.WebMvcConfiguration$$EnhancerBySpringCGLIB$$6fca09cd'
06:47:00.840 [main] DEBUG o.s.c.a.ConfigurationClassEnhancer - Successfully enhanced edu.ncsu.csc.itrust2.config.DataConfiguration; enhanced class name is: edu.ncsu.csc.itrust2.config.DataConfiguration$$EnhancerBySpringCGLIB$$975e4bb5
06:47:00.841 [main] DEBUG o.s.c.a.ConfigurationClassPostProcessor - Replacing bean definition 'dataConfiguration' existing class 'edu.ncsu.csc.itrust2.config.DataConfiguration' with enhanced class 'edu.ncsu.csc.itrust2.config.DataConfiguration$$EnhancerBySpringCGLIB$$975e4bb5'
06:47:00.841 [main] DEBUG o.s.c.a.ConfigurationClassEnhancer - Successfully enhanced edu.ncsu.csc.itrust2.config.SecurityConfig; enhanced class name is: edu.ncsu.csc.itrust2.config.SecurityConfig$$EnhancerBySpringCGLIB$$89ded359
06:47:00.841 [main] DEBUG o.s.c.a.ConfigurationClassPostProcessor - Replacing bean definition 'securityConfig' existing class 'edu.ncsu.csc.itrust2.config.SecurityConfig' with enhanced class 'edu.ncsu.csc.itrust2.config.SecurityConfig$$EnhancerBySpringCGLIB$$89ded359'
06:47:00.841 [main] DEBUG o.s.c.a.ConfigurationClassEnhancer - Successfully enhanced org.springframework.security.config.annotation.configuration.ObjectPostProcessorConfiguration; enhanced class name is: org.springframework.security.config.annotation.configuration.ObjectPostProcessorConfiguration$$EnhancerBySpringCGLIB$$97d41d25
06:47:00.841 [main] DEBUG o.s.c.a.ConfigurationClassPostProcessor - Replacing bean definition 'org.springframework.security.config.annotation.configuration.ObjectPostProcessorConfiguration' existing class 'org.springframework.security.config.annotation.configuration.ObjectPostProcessorConfiguration' with enhanced class 'org.springframework.security.config.annotation.configuration.ObjectPostProcessorConfiguration$$EnhancerBySpringCGLIB$$97d41d25'
06:47:00.841 [main] DEBUG o.s.c.a.ConfigurationClassEnhancer - Successfully enhanced org.springframework.security.config.annotation.authentication.configuration.AuthenticationConfiguration; enhanced class name is: org.springframework.security.config.annotation.authentication.configuration.AuthenticationConfiguration$$EnhancerBySpringCGLIB$$e39d279a
06:47:00.841 [main] DEBUG o.s.c.a.ConfigurationClassPostProcessor - Replacing bean definition 'org.springframework.security.config.annotation.authentication.configuration.AuthenticationConfiguration' existing class 'org.springframework.security.config.annotation.authentication.configuration.AuthenticationConfiguration' with enhanced class 'org.springframework.security.config.annotation.authentication.configuration.AuthenticationConfiguration$$EnhancerBySpringCGLIB$$e39d279a'
06:47:00.841 [main] DEBUG o.s.c.a.ConfigurationClassEnhancer - Successfully enhanced org.springframework.security.config.annotation.authentication.configuration.AuthenticationConfiguration; enhanced class name is: org.springframework.security.config.annotation.authentication.configuration.AuthenticationConfiguration$$EnhancerBySpringCGLIB$$e39d279a
06:47:00.841 [main] DEBUG o.s.c.a.ConfigurationClassPostProcessor - Replacing bean definition 'enableGlobalAuthenticationAutowiredConfigurer' existing class 'org.springframework.security.config.annotation.authentication.configuration.AuthenticationConfiguration' with enhanced class 'org.springframework.security.config.annotation.authentication.configuration.AuthenticationConfiguration$$EnhancerBySpringCGLIB$$e39d279a'
06:47:00.841 [main] DEBUG o.s.c.a.ConfigurationClassEnhancer - Successfully enhanced org.springframework.security.config.annotation.authentication.configuration.AuthenticationConfiguration; enhanced class name is: org.springframework.security.config.annotation.authentication.configuration.AuthenticationConfiguration$$EnhancerBySpringCGLIB$$e39d279a
06:47:00.841 [main] DEBUG o.s.c.a.ConfigurationClassPostProcessor - Replacing bean definition 'initializeUserDetailsBeanManagerConfigurer' existing class 'org.springframework.security.config.annotation.authentication.configuration.AuthenticationConfiguration' with enhanced class 'org.springframework.security.config.annotation.authentication.configuration.AuthenticationConfiguration$$EnhancerBySpringCGLIB$$e39d279a'
06:47:00.841 [main] DEBUG o.s.c.a.ConfigurationClassEnhancer - Successfully enhanced org.springframework.security.config.annotation.authentication.configuration.AuthenticationConfiguration; enhanced class name is: org.springframework.security.config.annotation.authentication.configuration.AuthenticationConfiguration$$EnhancerBySpringCGLIB$$e39d279a
06:47:00.841 [main] DEBUG o.s.c.a.ConfigurationClassPostProcessor - Replacing bean definition 'initializeAuthenticationProviderBeanManagerConfigurer' existing class 'org.springframework.security.config.annotation.authentication.configuration.AuthenticationConfiguration' with enhanced class 'org.springframework.security.config.annotation.authentication.configuration.AuthenticationConfiguration$$EnhancerBySpringCGLIB$$e39d279a'
06:47:00.841 [main] DEBUG o.s.c.a.ConfigurationClassEnhancer - Successfully enhanced org.springframework.security.config.annotation.web.configuration.WebSecurityConfiguration; enhanced class name is: org.springframework.security.config.annotation.web.configuration.WebSecurityConfiguration$$EnhancerBySpringCGLIB$$a65781de
06:47:00.841 [main] DEBUG o.s.c.a.ConfigurationClassPostProcessor - Replacing bean definition 'org.springframework.security.config.annotation.web.configuration.WebSecurityConfiguration' existing class 'org.springframework.security.config.annotation.web.configuration.WebSecurityConfiguration' with enhanced class 'org.springframework.security.config.annotation.web.configuration.WebSecurityConfiguration$$EnhancerBySpringCGLIB$$a65781de'
06:47:00.841 [main] DEBUG o.s.c.a.ConfigurationClassEnhancer - Successfully enhanced org.springframework.security.config.annotation.web.configuration.WebSecurityConfiguration; enhanced class name is: org.springframework.security.config.annotation.web.configuration.WebSecurityConfiguration$$EnhancerBySpringCGLIB$$a65781de
06:47:00.841 [main] DEBUG o.s.c.a.ConfigurationClassPostProcessor - Replacing bean definition 'delegatingApplicationListener' existing class 'org.springframework.security.config.annotation.web.configuration.WebSecurityConfiguration' with enhanced class 'org.springframework.security.config.annotation.web.configuration.WebSecurityConfiguration$$EnhancerBySpringCGLIB$$a65781de'
06:47:00.841 [main] DEBUG o.s.c.a.ConfigurationClassEnhancer - Successfully enhanced org.springframework.web.servlet.config.annotation.DelegatingWebMvcConfiguration; enhanced class name is: org.springframework.web.servlet.config.annotation.DelegatingWebMvcConfiguration$$EnhancerBySpringCGLIB$$c3e73a21
06:47:00.841 [main] DEBUG o.s.c.a.ConfigurationClassPostProcessor - Replacing bean definition 'org.springframework.web.servlet.config.annotation.DelegatingWebMvcConfiguration' existing class 'org.springframework.web.servlet.config.annotation.DelegatingWebMvcConfiguration' with enhanced class 'org.springframework.web.servlet.config.annotation.DelegatingWebMvcConfiguration$$EnhancerBySpringCGLIB$$c3e73a21'
06:47:00.841 [main] DEBUG o.s.c.a.ConfigurationClassEnhancer - Successfully enhanced org.springframework.security.config.annotation.method.configuration.GlobalMethodSecurityConfiguration; enhanced class name is: org.springframework.security.config.annotation.method.configuration.GlobalMethodSecurityConfiguration$$EnhancerBySpringCGLIB$$bca8bfd7
06:47:00.841 [main] DEBUG o.s.c.a.ConfigurationClassPostProcessor - Replacing bean definition 'org.springframework.security.config.annotation.method.configuration.GlobalMethodSecurityConfiguration' existing class 'org.springframework.security.config.annotation.method.configuration.GlobalMethodSecurityConfiguration' with enhanced class 'org.springframework.security.config.annotation.method.configuration.GlobalMethodSecurityConfiguration$$EnhancerBySpringCGLIB$$bca8bfd7'
06:47:00.842 [main] DEBUG o.s.b.f.s.DefaultListableBeanFactory - Creating shared instance of singleton bean 'org.springframework.context.annotation.internalAutowiredAnnotationProcessor'
06:47:00.842 [main] DEBUG o.s.b.f.s.DefaultListableBeanFactory - Creating instance of bean 'org.springframework.context.annotation.internalAutowiredAnnotationProcessor'
06:47:00.843 [main] DEBUG o.s.b.f.s.DefaultListableBeanFactory - Eagerly caching bean 'org.springframework.context.annotation.internalAutowiredAnnotationProcessor' to allow for resolving potential circular references
06:47:00.846 [main] DEBUG o.s.b.f.s.DefaultListableBeanFactory - Finished creating instance of bean 'org.springframework.context.annotation.internalAutowiredAnnotationProcessor'
06:47:00.846 [main] DEBUG o.s.b.f.s.DefaultListableBeanFactory - Creating shared instance of singleton bean 'org.springframework.context.annotation.internalRequiredAnnotationProcessor'
06:47:00.846 [main] DEBUG o.s.b.f.s.DefaultListableBeanFactory - Creating instance of bean 'org.springframework.context.annotation.internalRequiredAnnotationProcessor'
06:47:00.846 [main] DEBUG o.s.b.f.s.DefaultListableBeanFactory - Eagerly caching bean 'org.springframework.context.annotation.internalRequiredAnnotationProcessor' to allow for resolving potential circular references
06:47:00.849 [main] DEBUG o.s.b.f.s.DefaultListableBeanFactory - Finished creating instance of bean 'org.springframework.context.annotation.internalRequiredAnnotationProcessor'
06:47:00.849 [main] DEBUG o.s.b.f.s.DefaultListableBeanFactory - Creating shared instance of singleton bean 'org.springframework.context.annotation.internalCommonAnnotationProcessor'
06:47:00.849 [main] DEBUG o.s.b.f.s.DefaultListableBeanFactory - Creating instance of bean 'org.springframework.context.annotation.internalCommonAnnotationProcessor'
06:47:00.849 [main] DEBUG o.s.b.f.s.DefaultListableBeanFactory - Eagerly caching bean 'org.springframework.context.annotation.internalCommonAnnotationProcessor' to allow for resolving potential circular references
06:47:00.851 [main] DEBUG o.s.b.f.s.DefaultListableBeanFactory - Finished creating instance of bean 'org.springframework.context.annotation.internalCommonAnnotationProcessor'
06:47:00.851 [main] DEBUG o.s.b.f.s.DefaultListableBeanFactory - Creating shared instance of singleton bean 'org.springframework.context.annotation.internalPersistenceAnnotationProcessor'
06:47:00.851 [main] DEBUG o.s.b.f.s.DefaultListableBeanFactory - Creating instance of bean 'org.springframework.context.annotation.internalPersistenceAnnotationProcessor'
06:47:00.851 [main] DEBUG o.s.b.f.s.DefaultListableBeanFactory - Eagerly caching bean 'org.springframework.context.annotation.internalPersistenceAnnotationProcessor' to allow for resolving potential circular references
06:47:00.853 [main] DEBUG o.s.b.f.s.DefaultListableBeanFactory - Finished creating instance of bean 'org.springframework.context.annotation.internalPersistenceAnnotationProcessor'
06:47:00.854 [main] DEBUG o.s.b.f.s.DefaultListableBeanFactory - Creating shared instance of singleton bean 'org.springframework.aop.config.internalAutoProxyCreator'
06:47:00.854 [main] DEBUG o.s.b.f.s.DefaultListableBeanFactory - Creating instance of bean 'org.springframework.aop.config.internalAutoProxyCreator'
06:47:00.854 [main] DEBUG o.s.b.f.s.DefaultListableBeanFactory - Eagerly caching bean 'org.springframework.aop.config.internalAutoProxyCreator' to allow for resolving potential circular references
06:47:00.856 [main] DEBUG o.s.b.f.s.DefaultListableBeanFactory - Finished creating instance of bean 'org.springframework.aop.config.internalAutoProxyCreator'
06:47:00.857 [main] DEBUG o.s.w.c.s.GenericWebApplicationContext - Unable to locate MessageSource with name 'messageSource': using default [org.springframework.context.support.DelegatingMessageSource@3756a606]
06:47:00.857 [main] DEBUG o.s.w.c.s.GenericWebApplicationContext - Unable to locate ApplicationEventMulticaster with name 'applicationEventMulticaster': using default [org.springframework.context.event.SimpleApplicationEventMulticaster@3671bc1b]
06:47:00.857 [main] DEBUG o.s.u.c.s.UiApplicationContextUtils - Unable to locate ThemeSource with name 'themeSource': using default [org.springframework.ui.context.support.ResourceBundleThemeSource@6f3f82c1]
06:47:00.857 [main] DEBUG o.s.b.f.s.DefaultListableBeanFactory - Pre-instantiating singletons in org.springframework.beans.factory.support.DefaultListableBeanFactory@1800f14: defining beans [org.springframework.context.annotation.internalConfigurationAnnotationProcessor,org.springframework.context.annotation.internalAutowiredAnnotationProcessor,org.springframework.context.annotation.internalRequiredAnnotationProcessor,org.springframework.context.annotation.internalCommonAnnotationProcessor,org.springframework.context.annotation.internalPersistenceAnnotationProcessor,org.springframework.context.event.internalEventListenerProcessor,org.springframework.context.event.internalEventListenerFactory,rootConfiguration,webMvcConfiguration,dataConfiguration,loginAuditingListener,securityConfig,defaultController,adminController,adminUserController,hospitalController,ICDCodesController,APIAppointmentRequestController,APIDiagnosisController,APIDrugController,APIEnumController,APIHospitalController,APIICDCodeController,APILogEntryController,APIOfficeVisitController,APIPasswordController,APIPatientController,APIPersonnelController,APIPrescriptionController,APIUserController,appointmentControllerHCP,HCPController,officeVisitController,appointmentController,diagnosesController,patientController,passwordController,userController,dataSource,org.springframework.security.config.annotation.configuration.ObjectPostProcessorConfiguration,objectPostProcessor,org.springframework.security.config.annotation.authentication.configuration.AuthenticationConfiguration,authenticationManagerBuilder,enableGlobalAuthenticationAutowiredConfigurer,initializeUserDetailsBeanManagerConfigurer,initializeAuthenticationProviderBeanManagerConfigurer,org.springframework.security.config.annotation.web.configuration.WebSecurityConfiguration,delegatingApplicationListener,webSecurityExpressionHandler,springSecurityFilterChain,privilegeEvaluator,autowiredWebSecurityConfigurersIgnoreParents,org.springframework.security.config.annotation.web.configuration.WebMvcSecurityConfiguration,requestDataValueProcessor,passwordEncoder,defaultAuthenticationEventPublisher,failureHandler,ipBlockFilter,org.springframework.web.servlet.config.annotation.DelegatingWebMvcConfiguration,requestMappingHandlerMapping,mvcPathMatcher,mvcUrlPathHelper,mvcContentNegotiationManager,viewControllerHandlerMapping,beanNameHandlerMapping,resourceHandlerMapping,mvcResourceUrlProvider,defaultServletHandlerMapping,requestMappingHandlerAdapter,mvcValidator,mvcUriComponentsContributor,httpRequestHandlerAdapter,simpleControllerHandlerAdapter,handlerExceptionResolver,mvcViewResolver,mvcConversionService,org.springframework.security.config.annotation.method.configuration.GlobalMethodSecurityConfiguration,methodSecurityInterceptor,methodSecurityMetadataSource,preInvocationAuthorizationAdvice,templateEngine,domainClassConverter,viewResolver,metaDataSourceAdvisor,org.springframework.aop.config.internalAutoProxyCreator]; root of factory hierarchy
06:47:00.858 [main] DEBUG o.s.b.f.s.DefaultListableBeanFactory - Returning cached instance of singleton bean 'org.springframework.context.annotation.internalConfigurationAnnotationProcessor'
06:47:00.858 [main] DEBUG o.s.b.f.s.DefaultListableBeanFactory - Returning cached instance of singleton bean 'org.springframework.context.annotation.internalAutowiredAnnotationProcessor'
06:47:00.858 [main] DEBUG o.s.b.f.s.DefaultListableBeanFactory - Returning cached instance of singleton bean 'org.springframework.context.annotation.internalRequiredAnnotationProcessor'
06:47:00.858 [main] DEBUG o.s.b.f.s.DefaultListableBeanFactory - Returning cached instance of singleton bean 'org.springframework.context.annotation.internalCommonAnnotationProcessor'
06:47:00.858 [main] DEBUG o.s.b.f.s.DefaultListableBeanFactory - Returning cached instance of singleton bean 'org.springframework.context.annotation.internalPersistenceAnnotationProcessor'
06:47:00.858 [main] DEBUG o.s.b.f.s.DefaultListableBeanFactory - Creating shared instance of singleton bean 'org.springframework.context.event.internalEventListenerProcessor'
06:47:00.858 [main] DEBUG o.s.b.f.s.DefaultListableBeanFactory - Creating instance of bean 'org.springframework.context.event.internalEventListenerProcessor'
06:47:00.858 [main] DEBUG o.s.b.f.s.DefaultListableBeanFactory - Eagerly caching bean 'org.springframework.context.event.internalEventListenerProcessor' to allow for resolving potential circular references
06:47:00.860 [main] DEBUG o.s.b.f.s.DefaultListableBeanFactory - Creating shared instance of singleton bean 'metaDataSourceAdvisor'
06:47:00.860 [main] DEBUG o.s.b.f.s.DefaultListableBeanFactory - Creating instance of bean 'metaDataSourceAdvisor'
06:47:00.861 [main] DEBUG o.s.b.f.s.DefaultListableBeanFactory - Creating shared instance of singleton bean 'methodSecurityMetadataSource'
06:47:00.861 [main] DEBUG o.s.b.f.s.DefaultListableBeanFactory - Creating instance of bean 'methodSecurityMetadataSource'
06:47:00.861 [main] DEBUG o.s.b.f.s.DefaultListableBeanFactory - Creating shared instance of singleton bean 'org.springframework.security.config.annotation.method.configuration.GlobalMethodSecurityConfiguration'
06:47:00.861 [main] DEBUG o.s.b.f.s.DefaultListableBeanFactory - Creating instance of bean 'org.springframework.security.config.annotation.method.configuration.GlobalMethodSecurityConfiguration'
06:47:00.863 [main] DEBUG o.s.b.f.annotation.InjectionMetadata - Registered injected element on class [org.springframework.security.config.annotation.method.configuration.GlobalMethodSecurityConfiguration$$EnhancerBySpringCGLIB$$bca8bfd7]: AutowiredMethodElement for public void org.springframework.security.config.annotation.method.configuration.GlobalMethodSecurityConfiguration.setApplicationContext(org.springframework.context.ApplicationContext)
06:47:00.863 [main] DEBUG o.s.b.f.annotation.InjectionMetadata - Registered injected element on class [org.springframework.security.config.annotation.method.configuration.GlobalMethodSecurityConfiguration$$EnhancerBySpringCGLIB$$bca8bfd7]: AutowiredMethodElement for public void org.springframework.security.config.annotation.method.configuration.GlobalMethodSecurityConfiguration.setJsr250MethodSecurityMetadataSource(org.springframework.security.access.annotation.Jsr250MethodSecurityMetadataSource)
06:47:00.863 [main] DEBUG o.s.b.f.annotation.InjectionMetadata - Registered injected element on class [org.springframework.security.config.annotation.method.configuration.GlobalMethodSecurityConfiguration$$EnhancerBySpringCGLIB$$bca8bfd7]: AutowiredMethodElement for public void org.springframework.security.config.annotation.method.configuration.GlobalMethodSecurityConfiguration.setMethodSecurityExpressionHandler(java.util.List)
06:47:00.863 [main] DEBUG o.s.b.f.annotation.InjectionMetadata - Registered injected element on class [org.springframework.security.config.annotation.method.configuration.GlobalMethodSecurityConfiguration$$EnhancerBySpringCGLIB$$bca8bfd7]: AutowiredMethodElement for public void org.springframework.security.config.annotation.method.configuration.GlobalMethodSecurityConfiguration.setObjectPostProcessor(org.springframework.security.config.annotation.ObjectPostProcessor)
06:47:00.863 [main] DEBUG o.s.b.f.s.DefaultListableBeanFactory - Eagerly caching bean 'org.springframework.security.config.annotation.method.configuration.GlobalMethodSecurityConfiguration' to allow for resolving potential circular references
06:47:00.864 [main] DEBUG o.s.b.f.annotation.InjectionMetadata - Processing injected element of bean 'org.springframework.security.config.annotation.method.configuration.GlobalMethodSecurityConfiguration': AutowiredMethodElement for public void org.springframework.security.config.annotation.method.configuration.GlobalMethodSecurityConfiguration.setApplicationContext(org.springframework.context.ApplicationContext)
06:47:00.864 [main] DEBUG o.s.b.f.a.AutowiredAnnotationBeanPostProcessor - Autowiring by type from bean name 'org.springframework.security.config.annotation.method.configuration.GlobalMethodSecurityConfiguration' to bean named 'org.springframework.web.context.support.GenericWebApplicationContext@6c1f67a7'
06:47:00.864 [main] DEBUG o.s.b.f.annotation.InjectionMetadata - Processing injected element of bean 'org.springframework.security.config.annotation.method.configuration.GlobalMethodSecurityConfiguration': AutowiredMethodElement for public void org.springframework.security.config.annotation.method.configuration.GlobalMethodSecurityConfiguration.setJsr250MethodSecurityMetadataSource(org.springframework.security.access.annotation.Jsr250MethodSecurityMetadataSource)
06:47:00.864 [main] DEBUG o.s.b.f.annotation.InjectionMetadata - Processing injected element of bean 'org.springframework.security.config.annotation.method.configuration.GlobalMethodSecurityConfiguration': AutowiredMethodElement for public void org.springframework.security.config.annotation.method.configuration.GlobalMethodSecurityConfiguration.setMethodSecurityExpressionHandler(java.util.List)
06:47:00.865 [main] DEBUG o.s.b.f.annotation.InjectionMetadata - Processing injected element of bean 'org.springframework.security.config.annotation.method.configuration.GlobalMethodSecurityConfiguration': AutowiredMethodElement for public void org.springframework.security.config.annotation.method.configuration.GlobalMethodSecurityConfiguration.setObjectPostProcessor(org.springframework.security.config.annotation.ObjectPostProcessor)
06:47:00.865 [main] DEBUG o.s.b.f.s.DefaultListableBeanFactory - Creating shared instance of singleton bean 'objectPostProcessor'
06:47:00.865 [main] DEBUG o.s.b.f.s.DefaultListableBeanFactory - Creating instance of bean 'objectPostProcessor'
06:47:00.865 [main] DEBUG o.s.b.f.s.DefaultListableBeanFactory - Creating shared instance of singleton bean 'org.springframework.security.config.annotation.configuration.ObjectPostProcessorConfiguration'
06:47:00.865 [main] DEBUG o.s.b.f.s.DefaultListableBeanFactory - Creating instance of bean 'org.springframework.security.config.annotation.configuration.ObjectPostProcessorConfiguration'
06:47:00.865 [main] DEBUG o.s.b.f.s.DefaultListableBeanFactory - Eagerly caching bean 'org.springframework.security.config.annotation.configuration.ObjectPostProcessorConfiguration' to allow for resolving potential circular references
06:47:00.866 [main] DEBUG o.s.a.f.a.BeanFactoryAdvisorRetrievalHelper - Skipping currently created advisor 'metaDataSourceAdvisor'
06:47:00.866 [main] DEBUG o.s.b.f.s.DefaultListableBeanFactory - Finished creating instance of bean 'org.springframework.security.config.annotation.configuration.ObjectPostProcessorConfiguration'
06:47:00.867 [main] DEBUG o.s.b.f.s.DefaultListableBeanFactory - Autowiring by type from bean name 'objectPostProcessor' via factory method to bean named 'org.springframework.beans.factory.support.DefaultListableBeanFactory@1800f14'
06:47:00.868 [main] DEBUG o.s.b.f.s.DefaultListableBeanFactory - Eagerly caching bean 'objectPostProcessor' to allow for resolving potential circular references
06:47:00.870 [main] DEBUG o.s.a.f.a.BeanFactoryAdvisorRetrievalHelper - Skipping currently created advisor 'metaDataSourceAdvisor'
06:47:00.870 [main] DEBUG o.s.b.f.s.DefaultListableBeanFactory - Finished creating instance of bean 'objectPostProcessor'
06:47:00.870 [main] DEBUG o.s.b.f.a.AutowiredAnnotationBeanPostProcessor - Autowiring by type from bean name 'org.springframework.security.config.annotation.method.configuration.GlobalMethodSecurityConfiguration' to bean named 'objectPostProcessor'
06:47:00.873 [main] DEBUG o.s.b.f.s.DefaultListableBeanFactory - Returning cached instance of singleton bean 'org.springframework.context.annotation.ConfigurationClassPostProcessor.importRegistry'
06:47:00.873 [main] DEBUG o.s.a.f.a.BeanFactoryAdvisorRetrievalHelper - Skipping currently created advisor 'metaDataSourceAdvisor'
06:47:00.873 [main] DEBUG o.s.b.f.s.DefaultListableBeanFactory - Finished creating instance of bean 'org.springframework.security.config.annotation.method.configuration.GlobalMethodSecurityConfiguration'
06:47:00.873 [main] DEBUG o.s.b.f.s.DefaultListableBeanFactory - Eagerly caching bean 'methodSecurityMetadataSource' to allow for resolving potential circular references
06:47:00.874 [main] DEBUG o.s.b.f.s.DefaultListableBeanFactory - Finished creating instance of bean 'methodSecurityMetadataSource'
06:47:00.875 [main] DEBUG o.s.b.f.s.DefaultListableBeanFactory - Eagerly caching bean 'metaDataSourceAdvisor' to allow for resolving potential circular references
06:47:00.876 [main] DEBUG o.s.b.f.s.DefaultListableBeanFactory - Finished creating instance of bean 'metaDataSourceAdvisor'
06:47:00.877 [main] DEBUG o.s.b.f.s.DefaultListableBeanFactory - Finished creating instance of bean 'org.springframework.context.event.internalEventListenerProcessor'
06:47:00.877 [main] DEBUG o.s.b.f.s.DefaultListableBeanFactory - Creating shared instance of singleton bean 'org.springframework.context.event.internalEventListenerFactory'
06:47:00.877 [main] DEBUG o.s.b.f.s.DefaultListableBeanFactory - Creating instance of bean 'org.springframework.context.event.internalEventListenerFactory'
06:47:00.877 [main] DEBUG o.s.b.f.s.DefaultListableBeanFactory - Eagerly caching bean 'org.springframework.context.event.internalEventListenerFactory' to allow for resolving potential circular references
06:47:00.878 [main] DEBUG o.s.b.f.s.DefaultListableBeanFactory - Returning cached instance of singleton bean 'metaDataSourceAdvisor'
06:47:00.878 [main] DEBUG o.s.b.f.s.DefaultListableBeanFactory - Finished creating instance of bean 'org.springframework.context.event.internalEventListenerFactory'
06:47:00.878 [main] DEBUG o.s.b.f.s.DefaultListableBeanFactory - Creating shared instance of singleton bean 'rootConfiguration'
06:47:00.878 [main] DEBUG o.s.b.f.s.DefaultListableBeanFactory - Creating instance of bean 'rootConfiguration'
06:47:00.878 [main] DEBUG o.s.b.f.s.DefaultListableBeanFactory - Eagerly caching bean 'rootConfiguration' to allow for resolving potential circular references
06:47:00.879 [main] DEBUG o.s.b.f.s.DefaultListableBeanFactory - Returning cached instance of singleton bean 'metaDataSourceAdvisor'
06:47:00.879 [main] DEBUG o.s.b.f.s.DefaultListableBeanFactory - Finished creating instance of bean 'rootConfiguration'
06:47:00.879 [main] DEBUG o.s.b.f.s.DefaultListableBeanFactory - Creating shared instance of singleton bean 'webMvcConfiguration'
06:47:00.879 [main] DEBUG o.s.b.f.s.DefaultListableBeanFactory - Creating instance of bean 'webMvcConfiguration'
06:47:00.880 [main] DEBUG o.s.b.f.annotation.InjectionMetadata - Registered injected element on class [edu.ncsu.csc.itrust2.mvc.config.WebMvcConfiguration$$EnhancerBySpringCGLIB$$6fca09cd]: AutowiredFieldElement for private org.springframework.context.ApplicationContext edu.ncsu.csc.itrust2.mvc.config.WebMvcConfiguration.applicationContext
06:47:00.880 [main] DEBUG o.s.b.f.annotation.InjectionMetadata - Registered injected element on class [edu.ncsu.csc.itrust2.mvc.config.WebMvcConfiguration$$EnhancerBySpringCGLIB$$6fca09cd]: AutowiredFieldElement for private org.springframework.format.support.FormattingConversionService edu.ncsu.csc.itrust2.mvc.config.WebMvcConfiguration.mvcConversionService
06:47:00.880 [main] DEBUG o.s.b.f.s.DefaultListableBeanFactory - Eagerly caching bean 'webMvcConfiguration' to allow for resolving potential circular references
06:47:00.881 [main] DEBUG o.s.b.f.annotation.InjectionMetadata - Processing injected element of bean 'webMvcConfiguration': AutowiredFieldElement for private org.springframework.context.ApplicationContext edu.ncsu.csc.itrust2.mvc.config.WebMvcConfiguration.applicationContext
06:47:00.881 [main] DEBUG o.s.b.f.a.AutowiredAnnotationBeanPostProcessor - Autowiring by type from bean name 'webMvcConfiguration' to bean named 'org.springframework.web.context.support.GenericWebApplicationContext@6c1f67a7'
06:47:00.881 [main] DEBUG o.s.b.f.annotation.InjectionMetadata - Processing injected element of bean 'webMvcConfiguration': AutowiredFieldElement for private org.springframework.format.support.FormattingConversionService edu.ncsu.csc.itrust2.mvc.config.WebMvcConfiguration.mvcConversionService
06:47:00.881 [main] DEBUG o.s.b.f.s.DefaultListableBeanFactory - Creating shared instance of singleton bean 'mvcConversionService'
06:47:00.881 [main] DEBUG o.s.b.f.s.DefaultListableBeanFactory - Creating instance of bean 'mvcConversionService'
06:47:00.881 [main] DEBUG o.s.b.f.s.DefaultListableBeanFactory - Creating shared instance of singleton bean 'org.springframework.web.servlet.config.annotation.DelegatingWebMvcConfiguration'
06:47:00.881 [main] DEBUG o.s.b.f.s.DefaultListableBeanFactory - Creating instance of bean 'org.springframework.web.servlet.config.annotation.DelegatingWebMvcConfiguration'
06:47:00.883 [main] DEBUG o.s.b.f.annotation.InjectionMetadata - Registered injected element on class [org.springframework.web.servlet.config.annotation.DelegatingWebMvcConfiguration$$EnhancerBySpringCGLIB$$c3e73a21]: AutowiredMethodElement for public void org.springframework.web.servlet.config.annotation.DelegatingWebMvcConfiguration.setConfigurers(java.util.List)
06:47:00.883 [main] DEBUG o.s.b.f.s.DefaultListableBeanFactory - Eagerly caching bean 'org.springframework.web.servlet.config.annotation.DelegatingWebMvcConfiguration' to allow for resolving potential circular references
06:47:00.883 [main] DEBUG o.s.b.f.annotation.InjectionMetadata - Processing injected element of bean 'org.springframework.web.servlet.config.annotation.DelegatingWebMvcConfiguration': AutowiredMethodElement for public void org.springframework.web.servlet.config.annotation.DelegatingWebMvcConfiguration.setConfigurers(java.util.List)
06:47:00.884 [main] DEBUG o.s.b.f.s.DefaultListableBeanFactory - Returning cached instance of singleton bean 'metaDataSourceAdvisor'
06:47:00.886 [main] DEBUG o.s.b.f.s.DefaultListableBeanFactory - Returning eagerly cached instance of singleton bean 'webMvcConfiguration' that is not fully initialized yet - a consequence of a circular reference
06:47:00.886 [main] DEBUG o.s.b.f.s.DefaultListableBeanFactory - Creating shared instance of singleton bean 'org.springframework.security.config.annotation.web.configuration.WebMvcSecurityConfiguration'
06:47:00.886 [main] DEBUG o.s.b.f.s.DefaultListableBeanFactory - Creating instance of bean 'org.springframework.security.config.annotation.web.configuration.WebMvcSecurityConfiguration'
06:47:00.887 [main] DEBUG o.s.b.f.s.DefaultListableBeanFactory - Eagerly caching bean 'org.springframework.security.config.annotation.web.configuration.WebMvcSecurityConfiguration' to allow for resolving potential circular references
06:47:00.889 [main] DEBUG o.s.b.f.s.DefaultListableBeanFactory - Returning cached instance of singleton bean 'metaDataSourceAdvisor'
06:47:00.889 [main] DEBUG o.s.b.f.s.DefaultListableBeanFactory - Finished creating instance of bean 'org.springframework.security.config.annotation.web.configuration.WebMvcSecurityConfiguration'
06:47:00.890 [main] DEBUG o.s.b.f.a.AutowiredAnnotationBeanPostProcessor - Autowiring by type from bean name 'org.springframework.web.servlet.config.annotation.DelegatingWebMvcConfiguration' to bean named 'webMvcConfiguration'
06:47:00.890 [main] DEBUG o.s.b.f.a.AutowiredAnnotationBeanPostProcessor - Autowiring by type from bean name 'org.springframework.web.servlet.config.annotation.DelegatingWebMvcConfiguration' to bean named 'org.springframework.security.config.annotation.web.configuration.WebMvcSecurityConfiguration'
06:47:00.890 [main] DEBUG o.s.b.f.s.DefaultListableBeanFactory - Returning cached instance of singleton bean 'metaDataSourceAdvisor'
06:47:00.895 [main] DEBUG o.s.b.f.s.DefaultListableBeanFactory - Finished creating instance of bean 'org.springframework.web.servlet.config.annotation.DelegatingWebMvcConfiguration'
06:47:00.896 [main] DEBUG o.s.b.f.s.DefaultListableBeanFactory - Eagerly caching bean 'mvcConversionService' to allow for resolving potential circular references
06:47:00.898 [main] DEBUG o.s.b.f.s.DefaultListableBeanFactory - Returning cached instance of singleton bean 'metaDataSourceAdvisor'
06:47:00.899 [main] DEBUG o.s.b.f.s.DefaultListableBeanFactory - Finished creating instance of bean 'mvcConversionService'
06:47:00.899 [main] DEBUG o.s.b.f.a.AutowiredAnnotationBeanPostProcessor - Autowiring by type from bean name 'webMvcConfiguration' to bean named 'mvcConversionService'
06:47:00.899 [main] DEBUG o.s.b.f.s.DefaultListableBeanFactory - Finished creating instance of bean 'webMvcConfiguration'
06:47:00.899 [main] DEBUG o.s.b.f.s.DefaultListableBeanFactory - Creating shared instance of singleton bean 'dataConfiguration'
06:47:00.899 [main] DEBUG o.s.b.f.s.DefaultListableBeanFactory - Creating instance of bean 'dataConfiguration'
06:47:00.899 [main] DEBUG o.s.b.f.s.DefaultListableBeanFactory - Eagerly caching bean 'dataConfiguration' to allow for resolving potential circular references
06:47:00.900 [main] DEBUG o.s.b.f.s.DefaultListableBeanFactory - Returning cached instance of singleton bean 'metaDataSourceAdvisor'
06:47:00.901 [main] DEBUG o.s.b.f.s.DefaultListableBeanFactory - Finished creating instance of bean 'dataConfiguration'
06:47:00.901 [main] DEBUG o.s.b.f.s.DefaultListableBeanFactory - Creating shared instance of singleton bean 'loginAuditingListener'
06:47:00.901 [main] DEBUG o.s.b.f.s.DefaultListableBeanFactory - Creating instance of bean 'loginAuditingListener'
06:47:00.901 [main] DEBUG o.s.b.f.s.DefaultListableBeanFactory - Eagerly caching bean 'loginAuditingListener' to allow for resolving potential circular references
06:47:00.902 [main] DEBUG o.s.b.f.s.DefaultListableBeanFactory - Returning cached instance of singleton bean 'metaDataSourceAdvisor'
06:47:00.903 [main] DEBUG o.s.b.f.s.DefaultListableBeanFactory - Finished creating instance of bean 'loginAuditingListener'
06:47:00.903 [main] DEBUG o.s.b.f.s.DefaultListableBeanFactory - Creating shared instance of singleton bean 'securityConfig'
06:47:00.903 [main] DEBUG o.s.b.f.s.DefaultListableBeanFactory - Creating instance of bean 'securityConfig'
06:47:00.906 [main] DEBUG o.s.b.f.annotation.InjectionMetadata - Registered injected element on class [edu.ncsu.csc.itrust2.config.SecurityConfig$$EnhancerBySpringCGLIB$$89ded359]: AutowiredMethodElement for public void org.springframework.security.config.annotation.web.configuration.WebSecurityConfigurerAdapter.setApplicationContext(org.springframework.context.ApplicationContext)
06:47:00.906 [main] DEBUG o.s.b.f.annotation.InjectionMetadata - Registered injected element on class [edu.ncsu.csc.itrust2.config.SecurityConfig$$EnhancerBySpringCGLIB$$89ded359]: AutowiredMethodElement for public void org.springframework.security.config.annotation.web.configuration.WebSecurityConfigurerAdapter.setContentNegotationStrategy(org.springframework.web.accept.ContentNegotiationStrategy)
06:47:00.906 [main] DEBUG o.s.b.f.annotation.InjectionMetadata - Registered injected element on class [edu.ncsu.csc.itrust2.config.SecurityConfig$$EnhancerBySpringCGLIB$$89ded359]: AutowiredMethodElement for public void org.springframework.security.config.annotation.web.configuration.WebSecurityConfigurerAdapter.setAuthenticationConfiguration(org.springframework.security.config.annotation.authentication.configuration.AuthenticationConfiguration)
06:47:00.906 [main] DEBUG o.s.b.f.annotation.InjectionMetadata - Registered injected element on class [edu.ncsu.csc.itrust2.config.SecurityConfig$$EnhancerBySpringCGLIB$$89ded359]: AutowiredMethodElement for public void org.springframework.security.config.annotation.web.configuration.WebSecurityConfigurerAdapter.setTrustResolver(org.springframework.security.authentication.AuthenticationTrustResolver)
06:47:00.906 [main] DEBUG o.s.b.f.annotation.InjectionMetadata - Registered injected element on class [edu.ncsu.csc.itrust2.config.SecurityConfig$$EnhancerBySpringCGLIB$$89ded359]: AutowiredMethodElement for public void org.springframework.security.config.annotation.web.configuration.WebSecurityConfigurerAdapter.setObjectPostProcessor(org.springframework.security.config.annotation.ObjectPostProcessor)
06:47:00.906 [main] DEBUG o.s.b.f.annotation.InjectionMetadata - Registered injected element on class [edu.ncsu.csc.itrust2.config.SecurityConfig$$EnhancerBySpringCGLIB$$89ded359]: AutowiredFieldElement for javax.sql.DataSource edu.ncsu.csc.itrust2.config.SecurityConfig.dataSource
06:47:00.906 [main] DEBUG o.s.b.f.annotation.InjectionMetadata - Registered injected element on class [edu.ncsu.csc.itrust2.config.SecurityConfig$$EnhancerBySpringCGLIB$$89ded359]: AutowiredMethodElement for public void edu.ncsu.csc.itrust2.config.SecurityConfig.configureGlobal(org.springframework.security.config.annotation.authentication.builders.AuthenticationManagerBuilder) throws java.lang.Exception
06:47:00.906 [main] DEBUG o.s.b.f.s.DefaultListableBeanFactory - Eagerly caching bean 'securityConfig' to allow for resolving potential circular references
06:47:00.906 [main] DEBUG o.s.b.f.annotation.InjectionMetadata - Processing injected element of bean 'securityConfig': AutowiredMethodElement for public void org.springframework.security.config.annotation.web.configuration.WebSecurityConfigurerAdapter.setApplicationContext(org.springframework.context.ApplicationContext)
06:47:00.907 [main] DEBUG o.s.b.f.a.AutowiredAnnotationBeanPostProcessor - Autowiring by type from bean name 'securityConfig' to bean named 'org.springframework.web.context.support.GenericWebApplicationContext@6c1f67a7'
06:47:00.907 [main] DEBUG o.s.b.f.annotation.InjectionMetadata - Processing injected element of bean 'securityConfig': AutowiredMethodElement for public void org.springframework.security.config.annotation.web.configuration.WebSecurityConfigurerAdapter.setContentNegotationStrategy(org.springframework.web.accept.ContentNegotiationStrategy)
06:47:00.907 [main] DEBUG o.s.b.f.s.DefaultListableBeanFactory - Creating shared instance of singleton bean 'mvcContentNegotiationManager'
06:47:00.907 [main] DEBUG o.s.b.f.s.DefaultListableBeanFactory - Creating instance of bean 'mvcContentNegotiationManager'
06:47:00.907 [main] DEBUG o.s.b.f.s.DefaultListableBeanFactory - Returning cached instance of singleton bean 'org.springframework.web.servlet.config.annotation.DelegatingWebMvcConfiguration'
06:47:00.908 [main] DEBUG o.s.b.f.s.DefaultListableBeanFactory - Eagerly caching bean 'mvcContentNegotiationManager' to allow for resolving potential circular references
06:47:00.909 [main] DEBUG o.s.b.f.s.DefaultListableBeanFactory - Returning cached instance of singleton bean 'metaDataSourceAdvisor'
06:47:00.909 [main] DEBUG o.s.b.f.s.DefaultListableBeanFactory - Finished creating instance of bean 'mvcContentNegotiationManager'
06:47:00.909 [main] DEBUG o.s.b.f.a.AutowiredAnnotationBeanPostProcessor - Autowiring by type from bean name 'securityConfig' to bean named 'mvcContentNegotiationManager'
06:47:00.909 [main] DEBUG o.s.b.f.annotation.InjectionMetadata - Processing injected element of bean 'securityConfig': AutowiredMethodElement for public void org.springframework.security.config.annotation.web.configuration.WebSecurityConfigurerAdapter.setAuthenticationConfiguration(org.springframework.security.config.annotation.authentication.configuration.AuthenticationConfiguration)
06:47:00.910 [main] DEBUG o.s.b.f.s.DefaultListableBeanFactory - Creating shared instance of singleton bean 'org.springframework.security.config.annotation.authentication.configuration.AuthenticationConfiguration'
06:47:00.910 [main] DEBUG o.s.b.f.s.DefaultListableBeanFactory - Creating instance of bean 'org.springframework.security.config.annotation.authentication.configuration.AuthenticationConfiguration'
06:47:00.911 [main] DEBUG o.s.b.f.annotation.InjectionMetadata - Registered injected element on class [org.springframework.security.config.annotation.authentication.configuration.AuthenticationConfiguration$$EnhancerBySpringCGLIB$$e39d279a]: AutowiredMethodElement for public void org.springframework.security.config.annotation.authentication.configuration.AuthenticationConfiguration.setApplicationContext(org.springframework.context.ApplicationContext)
06:47:00.911 [main] DEBUG o.s.b.f.annotation.InjectionMetadata - Registered injected element on class [org.springframework.security.config.annotation.authentication.configuration.AuthenticationConfiguration$$EnhancerBySpringCGLIB$$e39d279a]: AutowiredMethodElement for public void org.springframework.security.config.annotation.authentication.configuration.AuthenticationConfiguration.setGlobalAuthenticationConfigurers(java.util.List) throws java.lang.Exception
06:47:00.911 [main] DEBUG o.s.b.f.annotation.InjectionMetadata - Registered injected element on class [org.springframework.security.config.annotation.authentication.configuration.AuthenticationConfiguration$$EnhancerBySpringCGLIB$$e39d279a]: AutowiredMethodElement for public void org.springframework.security.config.annotation.authentication.configuration.AuthenticationConfiguration.setObjectPostProcessor(org.springframework.security.config.annotation.ObjectPostProcessor)
06:47:00.911 [main] DEBUG o.s.b.f.s.DefaultListableBeanFactory - Eagerly caching bean 'org.springframework.security.config.annotation.authentication.configuration.AuthenticationConfiguration' to allow for resolving potential circular references
06:47:00.911 [main] DEBUG o.s.b.f.annotation.InjectionMetadata - Processing injected element of bean 'org.springframework.security.config.annotation.authentication.configuration.AuthenticationConfiguration': AutowiredMethodElement for public void org.springframework.security.config.annotation.authentication.configuration.AuthenticationConfiguration.setApplicationContext(org.springframework.context.ApplicationContext)
06:47:00.911 [main] DEBUG o.s.b.f.a.AutowiredAnnotationBeanPostProcessor - Autowiring by type from bean name 'org.springframework.security.config.annotation.authentication.configuration.AuthenticationConfiguration' to bean named 'org.springframework.web.context.support.GenericWebApplicationContext@6c1f67a7'
06:47:00.911 [main] DEBUG o.s.b.f.annotation.InjectionMetadata - Processing injected element of bean 'org.springframework.security.config.annotation.authentication.configuration.AuthenticationConfiguration': AutowiredMethodElement for public void org.springframework.security.config.annotation.authentication.configuration.AuthenticationConfiguration.setGlobalAuthenticationConfigurers(java.util.List) throws java.lang.Exception
06:47:00.912 [main] DEBUG o.s.b.f.s.DefaultListableBeanFactory - Creating shared instance of singleton bean 'enableGlobalAuthenticationAutowiredConfigurer'
06:47:00.912 [main] DEBUG o.s.b.f.s.DefaultListableBeanFactory - Creating instance of bean 'enableGlobalAuthenticationAutowiredConfigurer'
06:47:00.912 [main] DEBUG o.s.b.f.s.DefaultListableBeanFactory - Autowiring by type from bean name 'enableGlobalAuthenticationAutowiredConfigurer' via factory method to bean named 'org.springframework.web.context.support.GenericWebApplicationContext@6c1f67a7'
06:47:00.913 [main] DEBUG o.s.b.f.s.DefaultListableBeanFactory - Eagerly caching bean 'enableGlobalAuthenticationAutowiredConfigurer' to allow for resolving potential circular references
06:47:00.914 [main] DEBUG o.s.b.f.s.DefaultListableBeanFactory - Returning cached instance of singleton bean 'metaDataSourceAdvisor'
06:47:00.914 [main] DEBUG o.s.b.f.s.DefaultListableBeanFactory - Finished creating instance of bean 'enableGlobalAuthenticationAutowiredConfigurer'
06:47:00.914 [main] DEBUG o.s.b.f.s.DefaultListableBeanFactory - Creating shared instance of singleton bean 'initializeUserDetailsBeanManagerConfigurer'
06:47:00.914 [main] DEBUG o.s.b.f.s.DefaultListableBeanFactory - Creating instance of bean 'initializeUserDetailsBeanManagerConfigurer'
06:47:00.914 [main] DEBUG o.s.b.f.s.DefaultListableBeanFactory - Autowiring by type from bean name 'initializeUserDetailsBeanManagerConfigurer' via factory method to bean named 'org.springframework.web.context.support.GenericWebApplicationContext@6c1f67a7'
06:47:00.915 [main] DEBUG o.s.b.f.s.DefaultListableBeanFactory - Eagerly caching bean 'initializeUserDetailsBeanManagerConfigurer' to allow for resolving potential circular references
06:47:00.916 [main] DEBUG o.s.b.f.s.DefaultListableBeanFactory - Returning cached instance of singleton bean 'metaDataSourceAdvisor'
06:47:00.916 [main] DEBUG o.s.b.f.s.DefaultListableBeanFactory - Finished creating instance of bean 'initializeUserDetailsBeanManagerConfigurer'
06:47:00.916 [main] DEBUG o.s.b.f.s.DefaultListableBeanFactory - Creating shared instance of singleton bean 'initializeAuthenticationProviderBeanManagerConfigurer'
06:47:00.916 [main] DEBUG o.s.b.f.s.DefaultListableBeanFactory - Creating instance of bean 'initializeAuthenticationProviderBeanManagerConfigurer'
06:47:00.917 [main] DEBUG o.s.b.f.s.DefaultListableBeanFactory - Autowiring by type from bean name 'initializeAuthenticationProviderBeanManagerConfigurer' via factory method to bean named 'org.springframework.web.context.support.GenericWebApplicationContext@6c1f67a7'
06:47:00.917 [main] DEBUG o.s.b.f.s.DefaultListableBeanFactory - Eagerly caching bean 'initializeAuthenticationProviderBeanManagerConfigurer' to allow for resolving potential circular references
06:47:00.918 [main] DEBUG o.s.b.f.s.DefaultListableBeanFactory - Returning cached instance of singleton bean 'metaDataSourceAdvisor'
06:47:00.918 [main] DEBUG o.s.b.f.s.DefaultListableBeanFactory - Finished creating instance of bean 'initializeAuthenticationProviderBeanManagerConfigurer'
06:47:00.919 [main] DEBUG o.s.b.f.a.AutowiredAnnotationBeanPostProcessor - Autowiring by type from bean name 'org.springframework.security.config.annotation.authentication.configuration.AuthenticationConfiguration' to bean named 'enableGlobalAuthenticationAutowiredConfigurer'
06:47:00.919 [main] DEBUG o.s.b.f.a.AutowiredAnnotationBeanPostProcessor - Autowiring by type from bean name 'org.springframework.security.config.annotation.authentication.configuration.AuthenticationConfiguration' to bean named 'initializeUserDetailsBeanManagerConfigurer'
06:47:00.919 [main] DEBUG o.s.b.f.a.AutowiredAnnotationBeanPostProcessor - Autowiring by type from bean name 'org.springframework.security.config.annotation.authentication.configuration.AuthenticationConfiguration' to bean named 'initializeAuthenticationProviderBeanManagerConfigurer'
06:47:00.919 [main] DEBUG o.s.b.f.annotation.InjectionMetadata - Processing injected element of bean 'org.springframework.security.config.annotation.authentication.configuration.AuthenticationConfiguration': AutowiredMethodElement for public void org.springframework.security.config.annotation.authentication.configuration.AuthenticationConfiguration.setObjectPostProcessor(org.springframework.security.config.annotation.ObjectPostProcessor)
06:47:00.919 [main] DEBUG o.s.b.f.s.DefaultListableBeanFactory - Returning cached instance of singleton bean 'objectPostProcessor'
06:47:00.919 [main] DEBUG o.s.b.f.a.AutowiredAnnotationBeanPostProcessor - Autowiring by type from bean name 'org.springframework.security.config.annotation.authentication.configuration.AuthenticationConfiguration' to bean named 'objectPostProcessor'
06:47:00.919 [main] DEBUG o.s.b.f.s.DefaultListableBeanFactory - Returning cached instance of singleton bean 'metaDataSourceAdvisor'
06:47:00.920 [main] DEBUG o.s.b.f.s.DefaultListableBeanFactory - Finished creating instance of bean 'org.springframework.security.config.annotation.authentication.configuration.AuthenticationConfiguration'
06:47:00.921 [main] DEBUG o.s.b.f.a.AutowiredAnnotationBeanPostProcessor - Autowiring by type from bean name 'securityConfig' to bean named 'org.springframework.security.config.annotation.authentication.configuration.AuthenticationConfiguration'
06:47:00.921 [main] DEBUG o.s.b.f.annotation.InjectionMetadata - Processing injected element of bean 'securityConfig': AutowiredMethodElement for public void org.springframework.security.config.annotation.web.configuration.WebSecurityConfigurerAdapter.setTrustResolver(org.springframework.security.authentication.AuthenticationTrustResolver)
06:47:00.921 [main] DEBUG o.s.b.f.annotation.InjectionMetadata - Processing injected element of bean 'securityConfig': AutowiredMethodElement for public void org.springframework.security.config.annotation.web.configuration.WebSecurityConfigurerAdapter.setObjectPostProcessor(org.springframework.security.config.annotation.ObjectPostProcessor)
06:47:00.921 [main] DEBUG o.s.b.f.s.DefaultListableBeanFactory - Returning cached instance of singleton bean 'objectPostProcessor'
06:47:00.921 [main] DEBUG o.s.b.f.a.AutowiredAnnotationBeanPostProcessor - Autowiring by type from bean name 'securityConfig' to bean named 'objectPostProcessor'
06:47:00.921 [main] DEBUG o.s.b.f.annotation.InjectionMetadata - Processing injected element of bean 'securityConfig': AutowiredFieldElement for javax.sql.DataSource edu.ncsu.csc.itrust2.config.SecurityConfig.dataSource
06:47:00.922 [main] DEBUG o.s.b.f.s.DefaultListableBeanFactory - Creating shared instance of singleton bean 'dataSource'
06:47:00.922 [main] DEBUG o.s.b.f.s.DefaultListableBeanFactory - Creating instance of bean 'dataSource'
06:47:00.922 [main] DEBUG o.s.b.f.s.DefaultListableBeanFactory - Returning cached instance of singleton bean 'dataConfiguration'
06:47:00.922 [main] INFO  o.s.j.d.DriverManagerDataSource - Loaded JDBC driver: com.mysql.jdbc.Driver
06:47:00.922 [main] DEBUG o.s.b.f.s.DefaultListableBeanFactory - Eagerly caching bean 'dataSource' to allow for resolving potential circular references
06:47:00.923 [main] DEBUG o.s.b.f.s.DefaultListableBeanFactory - Returning cached instance of singleton bean 'metaDataSourceAdvisor'
06:47:00.925 [main] DEBUG o.s.b.f.s.DefaultListableBeanFactory - Finished creating instance of bean 'dataSource'
06:47:00.925 [main] DEBUG o.s.b.f.a.AutowiredAnnotationBeanPostProcessor - Autowiring by type from bean name 'securityConfig' to bean named 'dataSource'
06:47:00.925 [main] DEBUG o.s.b.f.annotation.InjectionMetadata - Processing injected element of bean 'securityConfig': AutowiredMethodElement for public void edu.ncsu.csc.itrust2.config.SecurityConfig.configureGlobal(org.springframework.security.config.annotation.authentication.builders.AuthenticationManagerBuilder) throws java.lang.Exception
06:47:00.925 [main] DEBUG o.s.b.f.s.DefaultListableBeanFactory - Creating shared instance of singleton bean 'authenticationManagerBuilder'
06:47:00.925 [main] DEBUG o.s.b.f.s.DefaultListableBeanFactory - Creating instance of bean 'authenticationManagerBuilder'
06:47:00.925 [main] DEBUG o.s.b.f.s.DefaultListableBeanFactory - Returning cached instance of singleton bean 'org.springframework.security.config.annotation.authentication.configuration.AuthenticationConfiguration'
06:47:00.926 [main] DEBUG o.s.b.f.s.DefaultListableBeanFactory - Returning cached instance of singleton bean 'objectPostProcessor'
06:47:00.926 [main] DEBUG o.s.b.f.s.DefaultListableBeanFactory - Autowiring by type from bean name 'authenticationManagerBuilder' via factory method to bean named 'objectPostProcessor'
06:47:00.926 [main] DEBUG o.s.b.f.s.DefaultListableBeanFactory - Eagerly caching bean 'authenticationManagerBuilder' to allow for resolving potential circular references
06:47:00.927 [main] DEBUG o.s.b.f.s.DefaultListableBeanFactory - Returning cached instance of singleton bean 'metaDataSourceAdvisor'
06:47:00.929 [main] DEBUG o.s.b.f.s.DefaultListableBeanFactory - Finished creating instance of bean 'authenticationManagerBuilder'
06:47:00.929 [main] DEBUG o.s.b.f.a.AutowiredAnnotationBeanPostProcessor - Autowiring by type from bean name 'securityConfig' to bean named 'authenticationManagerBuilder'
06:47:00.929 [main] DEBUG o.s.b.f.s.DefaultListableBeanFactory - Creating shared instance of singleton bean 'passwordEncoder'
06:47:00.929 [main] DEBUG o.s.b.f.s.DefaultListableBeanFactory - Creating instance of bean 'passwordEncoder'
06:47:00.929 [main] DEBUG o.s.b.f.s.DefaultListableBeanFactory - Returning cached instance of singleton bean 'metaDataSourceAdvisor'
06:47:00.933 [main] DEBUG o.s.b.f.s.DefaultListableBeanFactory - Returning eagerly cached instance of singleton bean 'securityConfig' that is not fully initialized yet - a consequence of a circular reference
06:47:00.933 [main] DEBUG o.s.b.f.s.DefaultListableBeanFactory - Eagerly caching bean 'passwordEncoder' to allow for resolving potential circular references
06:47:00.934 [main] DEBUG o.s.b.f.s.DefaultListableBeanFactory - Returning cached instance of singleton bean 'metaDataSourceAdvisor'
06:47:00.934 [main] DEBUG o.s.b.f.s.DefaultListableBeanFactory - Finished creating instance of bean 'passwordEncoder'
06:47:01.029 [main] DEBUG o.s.b.f.s.DefaultListableBeanFactory - Creating shared instance of singleton bean 'defaultAuthenticationEventPublisher'
06:47:01.029 [main] DEBUG o.s.b.f.s.DefaultListableBeanFactory - Creating instance of bean 'defaultAuthenticationEventPublisher'
06:47:01.030 [main] DEBUG o.s.b.f.s.DefaultListableBeanFactory - Returning eagerly cached instance of singleton bean 'securityConfig' that is not fully initialized yet - a consequence of a circular reference
06:47:01.030 [main] DEBUG o.s.b.f.s.DefaultListableBeanFactory - Eagerly caching bean 'defaultAuthenticationEventPublisher' to allow for resolving potential circular references
06:47:01.032 [main] DEBUG o.s.b.f.s.DefaultListableBeanFactory - Returning cached instance of singleton bean 'metaDataSourceAdvisor'
06:47:01.032 [main] DEBUG o.s.b.f.s.DefaultListableBeanFactory - Finished creating instance of bean 'defaultAuthenticationEventPublisher'
06:47:01.032 [main] DEBUG o.s.b.f.s.DefaultListableBeanFactory - Finished creating instance of bean 'securityConfig'
06:47:01.033 [main] DEBUG o.s.b.f.s.DefaultListableBeanFactory - Creating shared instance of singleton bean 'defaultController'
06:47:01.033 [main] DEBUG o.s.b.f.s.DefaultListableBeanFactory - Creating instance of bean 'defaultController'
06:47:01.033 [main] DEBUG o.s.b.f.s.DefaultListableBeanFactory - Eagerly caching bean 'defaultController' to allow for resolving potential circular references
06:47:01.033 [main] DEBUG o.s.b.f.s.DefaultListableBeanFactory - Returning cached instance of singleton bean 'metaDataSourceAdvisor'
06:47:01.033 [main] DEBUG o.s.b.f.s.DefaultListableBeanFactory - Finished creating instance of bean 'defaultController'
06:47:01.033 [main] DEBUG o.s.b.f.s.DefaultListableBeanFactory - Creating shared instance of singleton bean 'adminController'
06:47:01.033 [main] DEBUG o.s.b.f.s.DefaultListableBeanFactory - Creating instance of bean 'adminController'
06:47:01.033 [main] DEBUG o.s.b.f.s.DefaultListableBeanFactory - Eagerly caching bean 'adminController' to allow for resolving potential circular references
06:47:01.033 [main] DEBUG o.s.b.f.s.DefaultListableBeanFactory - Returning cached instance of singleton bean 'metaDataSourceAdvisor'
06:47:01.033 [main] DEBUG o.s.s.a.p.PrePostAnnotationSecurityMetadataSource - @org.springframework.security.access.prepost.PreAuthorize(value=hasRole('ROLE_ADMIN')) found on specific method: public java.lang.String edu.ncsu.csc.itrust2.controllers.admin.AdminController.index(org.springframework.ui.Model)
06:47:01.033 [main] DEBUG o.s.s.a.m.DelegatingMethodSecurityMetadataSource - Caching method [CacheKey[edu.ncsu.csc.itrust2.controllers.admin.AdminController; public java.lang.String edu.ncsu.csc.itrust2.controllers.admin.AdminController.index(org.springframework.ui.Model)]] with attributes [[authorize: 'hasRole('ROLE_ADMIN')', filter: 'null', filterTarget: 'null']]
06:47:01.034 [main] DEBUG o.s.a.f.a.InfrastructureAdvisorAutoProxyCreator - Creating implicit proxy for bean 'adminController' with 0 common interceptors and 1 specific interceptors
06:47:01.034 [main] DEBUG o.s.aop.framework.CglibAopProxy - Creating CGLIB proxy: target source is SingletonTargetSource for target object [edu.ncsu.csc.itrust2.controllers.admin.AdminController@5db0c45f]
06:47:01.034 [main] DEBUG o.s.b.f.s.DefaultListableBeanFactory - Creating shared instance of singleton bean 'methodSecurityInterceptor'
06:47:01.034 [main] DEBUG o.s.b.f.s.DefaultListableBeanFactory - Creating instance of bean 'methodSecurityInterceptor'
06:47:01.034 [main] DEBUG o.s.b.f.s.DefaultListableBeanFactory - Returning cached instance of singleton bean 'org.springframework.security.config.annotation.method.configuration.GlobalMethodSecurityConfiguration'
06:47:01.034 [main] DEBUG o.s.b.f.s.DefaultListableBeanFactory - Returning cached instance of singleton bean 'methodSecurityMetadataSource'
06:47:01.034 [main] DEBUG o.s.b.f.s.DefaultListableBeanFactory - Eagerly caching bean 'methodSecurityInterceptor' to allow for resolving potential circular references
06:47:01.037 [main] DEBUG o.s.b.f.s.DefaultListableBeanFactory - Invoking afterPropertiesSet() on bean with name 'methodSecurityInterceptor'
06:47:01.037 [main] DEBUG o.s.s.a.i.a.MethodSecurityInterceptor - Validated configuration attributes
06:47:01.037 [main] DEBUG o.s.b.f.s.DefaultListableBeanFactory - Finished creating instance of bean 'methodSecurityInterceptor'
06:47:01.038 [main] DEBUG o.s.aop.framework.CglibAopProxy - Unable to apply any optimisations to advised method: public java.lang.String edu.ncsu.csc.itrust2.controllers.admin.AdminController.index(org.springframework.ui.Model)
06:47:01.038 [main] DEBUG o.s.aop.framework.CglibAopProxy - Found 'equals' method: public boolean java.lang.Object.equals(java.lang.Object)
06:47:01.038 [main] DEBUG o.s.aop.framework.CglibAopProxy - Unable to apply any optimisations to advised method: public java.lang.String java.lang.Object.toString()
06:47:01.038 [main] DEBUG o.s.aop.framework.CglibAopProxy - Found 'hashCode' method: public native int java.lang.Object.hashCode()
06:47:01.038 [main] DEBUG o.s.aop.framework.CglibAopProxy - Unable to apply any optimisations to advised method: protected native java.lang.Object java.lang.Object.clone() throws java.lang.CloneNotSupportedException
06:47:01.038 [main] DEBUG o.s.aop.framework.CglibAopProxy - Method is declared on Advised interface: public abstract void org.springframework.aop.framework.Advised.setTargetSource(org.springframework.aop.TargetSource)
06:47:01.038 [main] DEBUG o.s.aop.framework.CglibAopProxy - Method is declared on Advised interface: public abstract void org.springframework.aop.framework.Advised.addAdvice(org.aopalliance.aop.Advice) throws org.springframework.aop.framework.AopConfigException
06:47:01.038 [main] DEBUG o.s.aop.framework.CglibAopProxy - Method is declared on Advised interface: public abstract void org.springframework.aop.framework.Advised.addAdvice(int,org.aopalliance.aop.Advice) throws org.springframework.aop.framework.AopConfigException
06:47:01.038 [main] DEBUG o.s.aop.framework.CglibAopProxy - Method is declared on Advised interface: public abstract boolean org.springframework.aop.framework.Advised.isPreFiltered()
06:47:01.038 [main] DEBUG o.s.aop.framework.CglibAopProxy - Method is declared on Advised interface: public abstract java.lang.Class[] org.springframework.aop.framework.Advised.getProxiedInterfaces()
06:47:01.038 [main] DEBUG o.s.aop.framework.CglibAopProxy - Method is declared on Advised interface: public abstract boolean org.springframework.aop.framework.Advised.isInterfaceProxied(java.lang.Class)
06:47:01.038 [main] DEBUG o.s.aop.framework.CglibAopProxy - Method is declared on Advised interface: public abstract org.springframework.aop.Advisor[] org.springframework.aop.framework.Advised.getAdvisors()
06:47:01.038 [main] DEBUG o.s.aop.framework.CglibAopProxy - Method is declared on Advised interface: public abstract void org.springframework.aop.framework.Advised.removeAdvisor(int) throws org.springframework.aop.framework.AopConfigException
06:47:01.038 [main] DEBUG o.s.aop.framework.CglibAopProxy - Method is declared on Advised interface: public abstract boolean org.springframework.aop.framework.Advised.removeAdvisor(org.springframework.aop.Advisor)
06:47:01.038 [main] DEBUG o.s.aop.framework.CglibAopProxy - Method is declared on Advised interface: public abstract boolean org.springframework.aop.framework.Advised.replaceAdvisor(org.springframework.aop.Advisor,org.springframework.aop.Advisor) throws org.springframework.aop.framework.AopConfigException
06:47:01.038 [main] DEBUG o.s.aop.framework.CglibAopProxy - Method is declared on Advised interface: public abstract boolean org.springframework.aop.framework.Advised.removeAdvice(org.aopalliance.aop.Advice)
06:47:01.038 [main] DEBUG o.s.aop.framework.CglibAopProxy - Method is declared on Advised interface: public abstract java.lang.String org.springframework.aop.framework.Advised.toProxyConfigString()
06:47:01.038 [main] DEBUG o.s.aop.framework.CglibAopProxy - Method is declared on Advised interface: public abstract org.springframework.aop.TargetSource org.springframework.aop.framework.Advised.getTargetSource()
06:47:01.038 [main] DEBUG o.s.aop.framework.CglibAopProxy - Method is declared on Advised interface: public abstract boolean org.springframework.aop.framework.Advised.isProxyTargetClass()
06:47:01.038 [main] DEBUG o.s.aop.framework.CglibAopProxy - Method is declared on Advised interface: public abstract void org.springframework.aop.framework.Advised.addAdvisor(org.springframework.aop.Advisor) throws org.springframework.aop.framework.AopConfigException
06:47:01.038 [main] DEBUG o.s.aop.framework.CglibAopProxy - Method is declared on Advised interface: public abstract void org.springframework.aop.framework.Advised.addAdvisor(int,org.springframework.aop.Advisor) throws org.springframework.aop.framework.AopConfigException
06:47:01.038 [main] DEBUG o.s.aop.framework.CglibAopProxy - Method is declared on Advised interface: public abstract void org.springframework.aop.framework.Advised.setPreFiltered(boolean)
06:47:01.038 [main] DEBUG o.s.aop.framework.CglibAopProxy - Method is declared on Advised interface: public abstract void org.springframework.aop.framework.Advised.setExposeProxy(boolean)
06:47:01.038 [main] DEBUG o.s.aop.framework.CglibAopProxy - Method is declared on Advised interface: public abstract boolean org.springframework.aop.framework.Advised.isExposeProxy()
06:47:01.038 [main] DEBUG o.s.aop.framework.CglibAopProxy - Method is declared on Advised interface: public abstract int org.springframework.aop.framework.Advised.indexOf(org.springframework.aop.Advisor)
06:47:01.038 [main] DEBUG o.s.aop.framework.CglibAopProxy - Method is declared on Advised interface: public abstract int org.springframework.aop.framework.Advised.indexOf(org.aopalliance.aop.Advice)
06:47:01.038 [main] DEBUG o.s.aop.framework.CglibAopProxy - Method is declared on Advised interface: public abstract boolean org.springframework.aop.framework.Advised.isFrozen()
06:47:01.038 [main] DEBUG o.s.aop.framework.CglibAopProxy - Method is declared on Advised interface: public abstract java.lang.Class org.springframework.aop.TargetClassAware.getTargetClass()
06:47:01.043 [main] DEBUG o.s.b.f.s.DefaultListableBeanFactory - Finished creating instance of bean 'adminController'
06:47:01.043 [main] DEBUG o.s.b.f.s.DefaultListableBeanFactory - Creating shared instance of singleton bean 'adminUserController'
06:47:01.043 [main] DEBUG o.s.b.f.s.DefaultListableBeanFactory - Creating instance of bean 'adminUserController'
06:47:01.043 [main] DEBUG o.s.b.f.s.DefaultListableBeanFactory - Eagerly caching bean 'adminUserController' to allow for resolving potential circular references
06:47:01.043 [main] DEBUG o.s.b.f.s.DefaultListableBeanFactory - Returning cached instance of singleton bean 'metaDataSourceAdvisor'
06:47:01.044 [main] DEBUG o.s.s.a.p.PrePostAnnotationSecurityMetadataSource - @org.springframework.security.access.prepost.PreAuthorize(value=hasRole('ROLE_ADMIN')) found on specific method: public java.lang.String edu.ncsu.csc.itrust2.controllers.admin.AdminUserController.addUserSubmit(edu.ncsu.csc.itrust2.forms.admin.UserForm,org.springframework.validation.BindingResult,org.springframework.ui.Model)
06:47:01.044 [main] DEBUG o.s.s.a.m.DelegatingMethodSecurityMetadataSource - Caching method [CacheKey[edu.ncsu.csc.itrust2.controllers.admin.AdminUserController; public java.lang.String edu.ncsu.csc.itrust2.controllers.admin.AdminUserController.addUserSubmit(edu.ncsu.csc.itrust2.forms.admin.UserForm,org.springframework.validation.BindingResult,org.springframework.ui.Model)]] with attributes [[authorize: 'hasRole('ROLE_ADMIN')', filter: 'null', filterTarget: 'null']]
06:47:01.044 [main] DEBUG o.s.a.f.a.InfrastructureAdvisorAutoProxyCreator - Creating implicit proxy for bean 'adminUserController' with 0 common interceptors and 1 specific interceptors
06:47:01.044 [main] DEBUG o.s.aop.framework.CglibAopProxy - Creating CGLIB proxy: target source is SingletonTargetSource for target object [edu.ncsu.csc.itrust2.controllers.admin.AdminUserController@33e06d8]
06:47:01.044 [main] DEBUG o.s.aop.framework.CglibAopProxy - Unable to apply any optimisations to advised method: public java.lang.String edu.ncsu.csc.itrust2.controllers.admin.AdminUserController.addUserSubmit(edu.ncsu.csc.itrust2.forms.admin.UserForm,org.springframework.validation.BindingResult,org.springframework.ui.Model)
06:47:01.044 [main] DEBUG o.s.s.a.p.PrePostAnnotationSecurityMetadataSource - @org.springframework.security.access.prepost.PreAuthorize(value=hasRole('ROLE_ADMIN')) found on specific method: public java.lang.String edu.ncsu.csc.itrust2.controllers.admin.AdminUserController.deleteUser(org.springframework.ui.Model)
06:47:01.044 [main] DEBUG o.s.s.a.m.DelegatingMethodSecurityMetadataSource - Caching method [CacheKey[edu.ncsu.csc.itrust2.controllers.admin.AdminUserController; public java.lang.String edu.ncsu.csc.itrust2.controllers.admin.AdminUserController.deleteUser(org.springframework.ui.Model)]] with attributes [[authorize: 'hasRole('ROLE_ADMIN')', filter: 'null', filterTarget: 'null']]
06:47:01.044 [main] DEBUG o.s.aop.framework.CglibAopProxy - Unable to apply any optimisations to advised method: public java.lang.String edu.ncsu.csc.itrust2.controllers.admin.AdminUserController.deleteUser(org.springframework.ui.Model)
06:47:01.044 [main] DEBUG o.s.s.a.p.PrePostAnnotationSecurityMetadataSource - @org.springframework.security.access.prepost.PreAuthorize(value=hasRole('ROLE_ADMIN')) found on specific method: public java.lang.String edu.ncsu.csc.itrust2.controllers.admin.AdminUserController.deleteUserSubmit(edu.ncsu.csc.itrust2.forms.admin.DeleteUserForm,org.springframework.validation.BindingResult,org.springframework.ui.Model)
06:47:01.044 [main] DEBUG o.s.s.a.m.DelegatingMethodSecurityMetadataSource - Caching method [CacheKey[edu.ncsu.csc.itrust2.controllers.admin.AdminUserController; public java.lang.String edu.ncsu.csc.itrust2.controllers.admin.AdminUserController.deleteUserSubmit(edu.ncsu.csc.itrust2.forms.admin.DeleteUserForm,org.springframework.validation.BindingResult,org.springframework.ui.Model)]] with attributes [[authorize: 'hasRole('ROLE_ADMIN')', filter: 'null', filterTarget: 'null']]
06:47:01.044 [main] DEBUG o.s.aop.framework.CglibAopProxy - Unable to apply any optimisations to advised method: public java.lang.String edu.ncsu.csc.itrust2.controllers.admin.AdminUserController.deleteUserSubmit(edu.ncsu.csc.itrust2.forms.admin.DeleteUserForm,org.springframework.validation.BindingResult,org.springframework.ui.Model)
06:47:01.044 [main] DEBUG o.s.s.a.p.PrePostAnnotationSecurityMetadataSource - @org.springframework.security.access.prepost.PreAuthorize(value=hasRole('ROLE_ADMIN')) found on specific method: public java.lang.String edu.ncsu.csc.itrust2.controllers.admin.AdminUserController.drugs(org.springframework.ui.Model)
06:47:01.045 [main] DEBUG o.s.s.a.m.DelegatingMethodSecurityMetadataSource - Caching method [CacheKey[edu.ncsu.csc.itrust2.controllers.admin.AdminUserController; public java.lang.String edu.ncsu.csc.itrust2.controllers.admin.AdminUserController.drugs(org.springframework.ui.Model)]] with attributes [[authorize: 'hasRole('ROLE_ADMIN')', filter: 'null', filterTarget: 'null']]
06:47:01.045 [main] DEBUG o.s.aop.framework.CglibAopProxy - Unable to apply any optimisations to advised method: public java.lang.String edu.ncsu.csc.itrust2.controllers.admin.AdminUserController.drugs(org.springframework.ui.Model)
06:47:01.045 [main] DEBUG o.s.s.a.p.PrePostAnnotationSecurityMetadataSource - @org.springframework.security.access.prepost.PreAuthorize(value=hasRole('ROLE_ADMIN')) found on specific method: public java.lang.String edu.ncsu.csc.itrust2.controllers.admin.AdminUserController.addUser(org.springframework.ui.Model)
06:47:01.045 [main] DEBUG o.s.s.a.m.DelegatingMethodSecurityMetadataSource - Caching method [CacheKey[edu.ncsu.csc.itrust2.controllers.admin.AdminUserController; public java.lang.String edu.ncsu.csc.itrust2.controllers.admin.AdminUserController.addUser(org.springframework.ui.Model)]] with attributes [[authorize: 'hasRole('ROLE_ADMIN')', filter: 'null', filterTarget: 'null']]
06:47:01.045 [main] DEBUG o.s.aop.framework.CglibAopProxy - Unable to apply any optimisations to advised method: public java.lang.String edu.ncsu.csc.itrust2.controllers.admin.AdminUserController.addUser(org.springframework.ui.Model)
06:47:01.045 [main] DEBUG o.s.aop.framework.CglibAopProxy - Found 'equals' method: public boolean java.lang.Object.equals(java.lang.Object)
06:47:01.045 [main] DEBUG o.s.aop.framework.CglibAopProxy - Unable to apply any optimisations to advised method: public java.lang.String java.lang.Object.toString()
06:47:01.045 [main] DEBUG o.s.aop.framework.CglibAopProxy - Found 'hashCode' method: public native int java.lang.Object.hashCode()
06:47:01.045 [main] DEBUG o.s.aop.framework.CglibAopProxy - Unable to apply any optimisations to advised method: protected native java.lang.Object java.lang.Object.clone() throws java.lang.CloneNotSupportedException
06:47:01.045 [main] DEBUG o.s.aop.framework.CglibAopProxy - Method is declared on Advised interface: public abstract void org.springframework.aop.framework.Advised.setTargetSource(org.springframework.aop.TargetSource)
06:47:01.045 [main] DEBUG o.s.aop.framework.CglibAopProxy - Method is declared on Advised interface: public abstract void org.springframework.aop.framework.Advised.addAdvice(org.aopalliance.aop.Advice) throws org.springframework.aop.framework.AopConfigException
06:47:01.045 [main] DEBUG o.s.aop.framework.CglibAopProxy - Method is declared on Advised interface: public abstract void org.springframework.aop.framework.Advised.addAdvice(int,org.aopalliance.aop.Advice) throws org.springframework.aop.framework.AopConfigException
06:47:01.045 [main] DEBUG o.s.aop.framework.CglibAopProxy - Method is declared on Advised interface: public abstract boolean org.springframework.aop.framework.Advised.isPreFiltered()
06:47:01.045 [main] DEBUG o.s.aop.framework.CglibAopProxy - Method is declared on Advised interface: public abstract java.lang.Class[] org.springframework.aop.framework.Advised.getProxiedInterfaces()
06:47:01.045 [main] DEBUG o.s.aop.framework.CglibAopProxy - Method is declared on Advised interface: public abstract boolean org.springframework.aop.framework.Advised.isInterfaceProxied(java.lang.Class)
06:47:01.045 [main] DEBUG o.s.aop.framework.CglibAopProxy - Method is declared on Advised interface: public abstract org.springframework.aop.Advisor[] org.springframework.aop.framework.Advised.getAdvisors()
06:47:01.045 [main] DEBUG o.s.aop.framework.CglibAopProxy - Method is declared on Advised interface: public abstract void org.springframework.aop.framework.Advised.removeAdvisor(int) throws org.springframework.aop.framework.AopConfigException
06:47:01.045 [main] DEBUG o.s.aop.framework.CglibAopProxy - Method is declared on Advised interface: public abstract boolean org.springframework.aop.framework.Advised.removeAdvisor(org.springframework.aop.Advisor)
06:47:01.045 [main] DEBUG o.s.aop.framework.CglibAopProxy - Method is declared on Advised interface: public abstract boolean org.springframework.aop.framework.Advised.replaceAdvisor(org.springframework.aop.Advisor,org.springframework.aop.Advisor) throws org.springframework.aop.framework.AopConfigException
06:47:01.045 [main] DEBUG o.s.aop.framework.CglibAopProxy - Method is declared on Advised interface: public abstract boolean org.springframework.aop.framework.Advised.removeAdvice(org.aopalliance.aop.Advice)
06:47:01.045 [main] DEBUG o.s.aop.framework.CglibAopProxy - Method is declared on Advised interface: public abstract java.lang.String org.springframework.aop.framework.Advised.toProxyConfigString()
06:47:01.045 [main] DEBUG o.s.aop.framework.CglibAopProxy - Method is declared on Advised interface: public abstract org.springframework.aop.TargetSource org.springframework.aop.framework.Advised.getTargetSource()
06:47:01.045 [main] DEBUG o.s.aop.framework.CglibAopProxy - Method is declared on Advised interface: public abstract boolean org.springframework.aop.framework.Advised.isProxyTargetClass()
06:47:01.045 [main] DEBUG o.s.aop.framework.CglibAopProxy - Method is declared on Advised interface: public abstract void org.springframework.aop.framework.Advised.addAdvisor(org.springframework.aop.Advisor) throws org.springframework.aop.framework.AopConfigException
06:47:01.045 [main] DEBUG o.s.aop.framework.CglibAopProxy - Method is declared on Advised interface: public abstract void org.springframework.aop.framework.Advised.addAdvisor(int,org.springframework.aop.Advisor) throws org.springframework.aop.framework.AopConfigException
06:47:01.045 [main] DEBUG o.s.aop.framework.CglibAopProxy - Method is declared on Advised interface: public abstract void org.springframework.aop.framework.Advised.setPreFiltered(boolean)
06:47:01.045 [main] DEBUG o.s.aop.framework.CglibAopProxy - Method is declared on Advised interface: public abstract void org.springframework.aop.framework.Advised.setExposeProxy(boolean)
06:47:01.045 [main] DEBUG o.s.aop.framework.CglibAopProxy - Method is declared on Advised interface: public abstract boolean org.springframework.aop.framework.Advised.isExposeProxy()
06:47:01.045 [main] DEBUG o.s.aop.framework.CglibAopProxy - Method is declared on Advised interface: public abstract int org.springframework.aop.framework.Advised.indexOf(org.springframework.aop.Advisor)
06:47:01.045 [main] DEBUG o.s.aop.framework.CglibAopProxy - Method is declared on Advised interface: public abstract int org.springframework.aop.framework.Advised.indexOf(org.aopalliance.aop.Advice)
06:47:01.045 [main] DEBUG o.s.aop.framework.CglibAopProxy - Method is declared on Advised interface: public abstract boolean org.springframework.aop.framework.Advised.isFrozen()
06:47:01.045 [main] DEBUG o.s.aop.framework.CglibAopProxy - Method is declared on Advised interface: public abstract java.lang.Class org.springframework.aop.TargetClassAware.getTargetClass()
06:47:01.050 [main] DEBUG o.s.b.f.s.DefaultListableBeanFactory - Finished creating instance of bean 'adminUserController'
06:47:01.050 [main] DEBUG o.s.b.f.s.DefaultListableBeanFactory - Creating shared instance of singleton bean 'hospitalController'
06:47:01.051 [main] DEBUG o.s.b.f.s.DefaultListableBeanFactory - Creating instance of bean 'hospitalController'
06:47:01.051 [main] DEBUG o.s.b.f.s.DefaultListableBeanFactory - Eagerly caching bean 'hospitalController' to allow for resolving potential circular references
06:47:01.051 [main] DEBUG o.s.b.f.s.DefaultListableBeanFactory - Returning cached instance of singleton bean 'metaDataSourceAdvisor'
06:47:01.051 [main] DEBUG o.s.s.a.p.PrePostAnnotationSecurityMetadataSource - @org.springframework.security.access.prepost.PreAuthorize(value=hasRole('ROLE_ADMIN')) found on specific method: public java.lang.String edu.ncsu.csc.itrust2.controllers.admin.HospitalController.addHospital(org.springframework.ui.Model)
06:47:01.051 [main] DEBUG o.s.s.a.m.DelegatingMethodSecurityMetadataSource - Caching method [CacheKey[edu.ncsu.csc.itrust2.controllers.admin.HospitalController; public java.lang.String edu.ncsu.csc.itrust2.controllers.admin.HospitalController.addHospital(org.springframework.ui.Model)]] with attributes [[authorize: 'hasRole('ROLE_ADMIN')', filter: 'null', filterTarget: 'null']]
06:47:01.052 [main] DEBUG o.s.a.f.a.InfrastructureAdvisorAutoProxyCreator - Creating implicit proxy for bean 'hospitalController' with 0 common interceptors and 1 specific interceptors
06:47:01.052 [main] DEBUG o.s.aop.framework.CglibAopProxy - Creating CGLIB proxy: target source is SingletonTargetSource for target object [edu.ncsu.csc.itrust2.controllers.admin.HospitalController@2e0311c9]
06:47:01.052 [main] DEBUG o.s.aop.framework.CglibAopProxy - Unable to apply any optimisations to advised method: public java.lang.String edu.ncsu.csc.itrust2.controllers.admin.HospitalController.addHospital(org.springframework.ui.Model)
06:47:01.052 [main] DEBUG o.s.s.a.p.PrePostAnnotationSecurityMetadataSource - @org.springframework.security.access.prepost.PreAuthorize(value=hasRole('ROLE_ADMIN')) found on specific method: public java.lang.String edu.ncsu.csc.itrust2.controllers.admin.HospitalController.addHospitalSubmit(edu.ncsu.csc.itrust2.forms.admin.HospitalForm,org.springframework.validation.BindingResult,org.springframework.ui.Model)
06:47:01.052 [main] DEBUG o.s.s.a.m.DelegatingMethodSecurityMetadataSource - Caching method [CacheKey[edu.ncsu.csc.itrust2.controllers.admin.HospitalController; public java.lang.String edu.ncsu.csc.itrust2.controllers.admin.HospitalController.addHospitalSubmit(edu.ncsu.csc.itrust2.forms.admin.HospitalForm,org.springframework.validation.BindingResult,org.springframework.ui.Model)]] with attributes [[authorize: 'hasRole('ROLE_ADMIN')', filter: 'null', filterTarget: 'null']]
06:47:01.053 [main] DEBUG o.s.aop.framework.CglibAopProxy - Unable to apply any optimisations to advised method: public java.lang.String edu.ncsu.csc.itrust2.controllers.admin.HospitalController.addHospitalSubmit(edu.ncsu.csc.itrust2.forms.admin.HospitalForm,org.springframework.validation.BindingResult,org.springframework.ui.Model)
06:47:01.053 [main] DEBUG o.s.s.a.p.PrePostAnnotationSecurityMetadataSource - @org.springframework.security.access.prepost.PreAuthorize(value=hasRole('ROLE_ADMIN')) found on specific method: public java.lang.String edu.ncsu.csc.itrust2.controllers.admin.HospitalController.deleteHospital(org.springframework.ui.Model)
06:47:01.053 [main] DEBUG o.s.s.a.m.DelegatingMethodSecurityMetadataSource - Caching method [CacheKey[edu.ncsu.csc.itrust2.controllers.admin.HospitalController; public java.lang.String edu.ncsu.csc.itrust2.controllers.admin.HospitalController.deleteHospital(org.springframework.ui.Model)]] with attributes [[authorize: 'hasRole('ROLE_ADMIN')', filter: 'null', filterTarget: 'null']]
06:47:01.053 [main] DEBUG o.s.aop.framework.CglibAopProxy - Unable to apply any optimisations to advised method: public java.lang.String edu.ncsu.csc.itrust2.controllers.admin.HospitalController.deleteHospital(org.springframework.ui.Model)
06:47:01.053 [main] DEBUG o.s.s.a.p.PrePostAnnotationSecurityMetadataSource - @org.springframework.security.access.prepost.PreAuthorize(value=hasRole('ROLE_ADMIN')) found on specific method: public java.lang.String edu.ncsu.csc.itrust2.controllers.admin.HospitalController.deleteHospitalSubmit(edu.ncsu.csc.itrust2.forms.admin.DeleteHospitalForm,org.springframework.validation.BindingResult,org.springframework.ui.Model)
06:47:01.053 [main] DEBUG o.s.s.a.m.DelegatingMethodSecurityMetadataSource - Caching method [CacheKey[edu.ncsu.csc.itrust2.controllers.admin.HospitalController; public java.lang.String edu.ncsu.csc.itrust2.controllers.admin.HospitalController.deleteHospitalSubmit(edu.ncsu.csc.itrust2.forms.admin.DeleteHospitalForm,org.springframework.validation.BindingResult,org.springframework.ui.Model)]] with attributes [[authorize: 'hasRole('ROLE_ADMIN')', filter: 'null', filterTarget: 'null']]
06:47:01.053 [main] DEBUG o.s.aop.framework.CglibAopProxy - Unable to apply any optimisations to advised method: public java.lang.String edu.ncsu.csc.itrust2.controllers.admin.HospitalController.deleteHospitalSubmit(edu.ncsu.csc.itrust2.forms.admin.DeleteHospitalForm,org.springframework.validation.BindingResult,org.springframework.ui.Model)
06:47:01.053 [main] DEBUG o.s.aop.framework.CglibAopProxy - Found 'equals' method: public boolean java.lang.Object.equals(java.lang.Object)
06:47:01.053 [main] DEBUG o.s.aop.framework.CglibAopProxy - Unable to apply any optimisations to advised method: public java.lang.String java.lang.Object.toString()
06:47:01.053 [main] DEBUG o.s.aop.framework.CglibAopProxy - Found 'hashCode' method: public native int java.lang.Object.hashCode()
06:47:01.053 [main] DEBUG o.s.aop.framework.CglibAopProxy - Unable to apply any optimisations to advised method: protected native java.lang.Object java.lang.Object.clone() throws java.lang.CloneNotSupportedException
06:47:01.053 [main] DEBUG o.s.aop.framework.CglibAopProxy - Method is declared on Advised interface: public abstract void org.springframework.aop.framework.Advised.setTargetSource(org.springframework.aop.TargetSource)
06:47:01.053 [main] DEBUG o.s.aop.framework.CglibAopProxy - Method is declared on Advised interface: public abstract void org.springframework.aop.framework.Advised.addAdvice(org.aopalliance.aop.Advice) throws org.springframework.aop.framework.AopConfigException
06:47:01.053 [main] DEBUG o.s.aop.framework.CglibAopProxy - Method is declared on Advised interface: public abstract void org.springframework.aop.framework.Advised.addAdvice(int,org.aopalliance.aop.Advice) throws org.springframework.aop.framework.AopConfigException
06:47:01.053 [main] DEBUG o.s.aop.framework.CglibAopProxy - Method is declared on Advised interface: public abstract boolean org.springframework.aop.framework.Advised.isPreFiltered()
06:47:01.053 [main] DEBUG o.s.aop.framework.CglibAopProxy - Method is declared on Advised interface: public abstract java.lang.Class[] org.springframework.aop.framework.Advised.getProxiedInterfaces()
06:47:01.053 [main] DEBUG o.s.aop.framework.CglibAopProxy - Method is declared on Advised interface: public abstract boolean org.springframework.aop.framework.Advised.isInterfaceProxied(java.lang.Class)
06:47:01.053 [main] DEBUG o.s.aop.framework.CglibAopProxy - Method is declared on Advised interface: public abstract org.springframework.aop.Advisor[] org.springframework.aop.framework.Advised.getAdvisors()
06:47:01.053 [main] DEBUG o.s.aop.framework.CglibAopProxy - Method is declared on Advised interface: public abstract void org.springframework.aop.framework.Advised.removeAdvisor(int) throws org.springframework.aop.framework.AopConfigException
06:47:01.053 [main] DEBUG o.s.aop.framework.CglibAopProxy - Method is declared on Advised interface: public abstract boolean org.springframework.aop.framework.Advised.removeAdvisor(org.springframework.aop.Advisor)
06:47:01.053 [main] DEBUG o.s.aop.framework.CglibAopProxy - Method is declared on Advised interface: public abstract boolean org.springframework.aop.framework.Advised.replaceAdvisor(org.springframework.aop.Advisor,org.springframework.aop.Advisor) throws org.springframework.aop.framework.AopConfigException
06:47:01.053 [main] DEBUG o.s.aop.framework.CglibAopProxy - Method is declared on Advised interface: public abstract boolean org.springframework.aop.framework.Advised.removeAdvice(org.aopalliance.aop.Advice)
06:47:01.053 [main] DEBUG o.s.aop.framework.CglibAopProxy - Method is declared on Advised interface: public abstract java.lang.String org.springframework.aop.framework.Advised.toProxyConfigString()
06:47:01.053 [main] DEBUG o.s.aop.framework.CglibAopProxy - Method is declared on Advised interface: public abstract org.springframework.aop.TargetSource org.springframework.aop.framework.Advised.getTargetSource()
06:47:01.053 [main] DEBUG o.s.aop.framework.CglibAopProxy - Method is declared on Advised interface: public abstract boolean org.springframework.aop.framework.Advised.isProxyTargetClass()
06:47:01.053 [main] DEBUG o.s.aop.framework.CglibAopProxy - Method is declared on Advised interface: public abstract void org.springframework.aop.framework.Advised.addAdvisor(org.springframework.aop.Advisor) throws org.springframework.aop.framework.AopConfigException
06:47:01.053 [main] DEBUG o.s.aop.framework.CglibAopProxy - Method is declared on Advised interface: public abstract void org.springframework.aop.framework.Advised.addAdvisor(int,org.springframework.aop.Advisor) throws org.springframework.aop.framework.AopConfigException
06:47:01.053 [main] DEBUG o.s.aop.framework.CglibAopProxy - Method is declared on Advised interface: public abstract void org.springframework.aop.framework.Advised.setPreFiltered(boolean)
06:47:01.053 [main] DEBUG o.s.aop.framework.CglibAopProxy - Method is declared on Advised interface: public abstract void org.springframework.aop.framework.Advised.setExposeProxy(boolean)
06:47:01.053 [main] DEBUG o.s.aop.framework.CglibAopProxy - Method is declared on Advised interface: public abstract boolean org.springframework.aop.framework.Advised.isExposeProxy()
06:47:01.053 [main] DEBUG o.s.aop.framework.CglibAopProxy - Method is declared on Advised interface: public abstract int org.springframework.aop.framework.Advised.indexOf(org.springframework.aop.Advisor)
06:47:01.053 [main] DEBUG o.s.aop.framework.CglibAopProxy - Method is declared on Advised interface: public abstract int org.springframework.aop.framework.Advised.indexOf(org.aopalliance.aop.Advice)
06:47:01.053 [main] DEBUG o.s.aop.framework.CglibAopProxy - Method is declared on Advised interface: public abstract boolean org.springframework.aop.framework.Advised.isFrozen()
06:47:01.053 [main] DEBUG o.s.aop.framework.CglibAopProxy - Method is declared on Advised interface: public abstract java.lang.Class org.springframework.aop.TargetClassAware.getTargetClass()
06:47:01.059 [main] DEBUG o.s.b.f.s.DefaultListableBeanFactory - Finished creating instance of bean 'hospitalController'
06:47:01.060 [main] DEBUG o.s.b.f.s.DefaultListableBeanFactory - Creating shared instance of singleton bean 'ICDCodesController'
06:47:01.060 [main] DEBUG o.s.b.f.s.DefaultListableBeanFactory - Creating instance of bean 'ICDCodesController'
06:47:01.060 [main] DEBUG o.s.b.f.s.DefaultListableBeanFactory - Eagerly caching bean 'ICDCodesController' to allow for resolving potential circular references
06:47:01.060 [main] DEBUG o.s.b.f.s.DefaultListableBeanFactory - Returning cached instance of singleton bean 'metaDataSourceAdvisor'
06:47:01.060 [main] DEBUG o.s.s.a.p.PrePostAnnotationSecurityMetadataSource - @org.springframework.security.access.prepost.PreAuthorize(value=hasRole('ROLE_ADMIN')) found on specific method: public java.lang.String edu.ncsu.csc.itrust2.controllers.admin.ICDCodesController.addCode(org.springframework.ui.Model)
06:47:01.060 [main] DEBUG o.s.s.a.m.DelegatingMethodSecurityMetadataSource - Caching method [CacheKey[edu.ncsu.csc.itrust2.controllers.admin.ICDCodesController; public java.lang.String edu.ncsu.csc.itrust2.controllers.admin.ICDCodesController.addCode(org.springframework.ui.Model)]] with attributes [[authorize: 'hasRole('ROLE_ADMIN')', filter: 'null', filterTarget: 'null']]
06:47:01.060 [main] DEBUG o.s.a.f.a.InfrastructureAdvisorAutoProxyCreator - Creating implicit proxy for bean 'ICDCodesController' with 0 common interceptors and 1 specific interceptors
06:47:01.060 [main] DEBUG o.s.aop.framework.CglibAopProxy - Creating CGLIB proxy: target source is SingletonTargetSource for target object [edu.ncsu.csc.itrust2.controllers.admin.ICDCodesController@121257fb]
06:47:01.061 [main] DEBUG o.s.aop.framework.CglibAopProxy - Unable to apply any optimisations to advised method: public java.lang.String edu.ncsu.csc.itrust2.controllers.admin.ICDCodesController.addCode(org.springframework.ui.Model)
06:47:01.061 [main] DEBUG o.s.aop.framework.CglibAopProxy - Found 'equals' method: public boolean java.lang.Object.equals(java.lang.Object)
06:47:01.061 [main] DEBUG o.s.aop.framework.CglibAopProxy - Unable to apply any optimisations to advised method: public java.lang.String java.lang.Object.toString()
06:47:01.061 [main] DEBUG o.s.aop.framework.CglibAopProxy - Found 'hashCode' method: public native int java.lang.Object.hashCode()
06:47:01.061 [main] DEBUG o.s.aop.framework.CglibAopProxy - Unable to apply any optimisations to advised method: protected native java.lang.Object java.lang.Object.clone() throws java.lang.CloneNotSupportedException
06:47:01.061 [main] DEBUG o.s.aop.framework.CglibAopProxy - Method is declared on Advised interface: public abstract void org.springframework.aop.framework.Advised.setTargetSource(org.springframework.aop.TargetSource)
06:47:01.061 [main] DEBUG o.s.aop.framework.CglibAopProxy - Method is declared on Advised interface: public abstract void org.springframework.aop.framework.Advised.addAdvice(org.aopalliance.aop.Advice) throws org.springframework.aop.framework.AopConfigException
06:47:01.061 [main] DEBUG o.s.aop.framework.CglibAopProxy - Method is declared on Advised interface: public abstract void org.springframework.aop.framework.Advised.addAdvice(int,org.aopalliance.aop.Advice) throws org.springframework.aop.framework.AopConfigException
06:47:01.061 [main] DEBUG o.s.aop.framework.CglibAopProxy - Method is declared on Advised interface: public abstract boolean org.springframework.aop.framework.Advised.isPreFiltered()
06:47:01.061 [main] DEBUG o.s.aop.framework.CglibAopProxy - Method is declared on Advised interface: public abstract java.lang.Class[] org.springframework.aop.framework.Advised.getProxiedInterfaces()
06:47:01.061 [main] DEBUG o.s.aop.framework.CglibAopProxy - Method is declared on Advised interface: public abstract boolean org.springframework.aop.framework.Advised.isInterfaceProxied(java.lang.Class)
06:47:01.061 [main] DEBUG o.s.aop.framework.CglibAopProxy - Method is declared on Advised interface: public abstract org.springframework.aop.Advisor[] org.springframework.aop.framework.Advised.getAdvisors()
06:47:01.061 [main] DEBUG o.s.aop.framework.CglibAopProxy - Method is declared on Advised interface: public abstract void org.springframework.aop.framework.Advised.removeAdvisor(int) throws org.springframework.aop.framework.AopConfigException
06:47:01.061 [main] DEBUG o.s.aop.framework.CglibAopProxy - Method is declared on Advised interface: public abstract boolean org.springframework.aop.framework.Advised.removeAdvisor(org.springframework.aop.Advisor)
06:47:01.061 [main] DEBUG o.s.aop.framework.CglibAopProxy - Method is declared on Advised interface: public abstract boolean org.springframework.aop.framework.Advised.replaceAdvisor(org.springframework.aop.Advisor,org.springframework.aop.Advisor) throws org.springframework.aop.framework.AopConfigException
06:47:01.061 [main] DEBUG o.s.aop.framework.CglibAopProxy - Method is declared on Advised interface: public abstract boolean org.springframework.aop.framework.Advised.removeAdvice(org.aopalliance.aop.Advice)
06:47:01.061 [main] DEBUG o.s.aop.framework.CglibAopProxy - Method is declared on Advised interface: public abstract java.lang.String org.springframework.aop.framework.Advised.toProxyConfigString()
06:47:01.061 [main] DEBUG o.s.aop.framework.CglibAopProxy - Method is declared on Advised interface: public abstract org.springframework.aop.TargetSource org.springframework.aop.framework.Advised.getTargetSource()
06:47:01.061 [main] DEBUG o.s.aop.framework.CglibAopProxy - Method is declared on Advised interface: public abstract boolean org.springframework.aop.framework.Advised.isProxyTargetClass()
06:47:01.061 [main] DEBUG o.s.aop.framework.CglibAopProxy - Method is declared on Advised interface: public abstract void org.springframework.aop.framework.Advised.addAdvisor(org.springframework.aop.Advisor) throws org.springframework.aop.framework.AopConfigException
06:47:01.061 [main] DEBUG o.s.aop.framework.CglibAopProxy - Method is declared on Advised interface: public abstract void org.springframework.aop.framework.Advised.addAdvisor(int,org.springframework.aop.Advisor) throws org.springframework.aop.framework.AopConfigException
06:47:01.061 [main] DEBUG o.s.aop.framework.CglibAopProxy - Method is declared on Advised interface: public abstract void org.springframework.aop.framework.Advised.setPreFiltered(boolean)
06:47:01.061 [main] DEBUG o.s.aop.framework.CglibAopProxy - Method is declared on Advised interface: public abstract void org.springframework.aop.framework.Advised.setExposeProxy(boolean)
06:47:01.061 [main] DEBUG o.s.aop.framework.CglibAopProxy - Method is declared on Advised interface: public abstract boolean org.springframework.aop.framework.Advised.isExposeProxy()
06:47:01.061 [main] DEBUG o.s.aop.framework.CglibAopProxy - Method is declared on Advised interface: public abstract int org.springframework.aop.framework.Advised.indexOf(org.springframework.aop.Advisor)
06:47:01.061 [main] DEBUG o.s.aop.framework.CglibAopProxy - Method is declared on Advised interface: public abstract int org.springframework.aop.framework.Advised.indexOf(org.aopalliance.aop.Advice)
06:47:01.061 [main] DEBUG o.s.aop.framework.CglibAopProxy - Method is declared on Advised interface: public abstract boolean org.springframework.aop.framework.Advised.isFrozen()
06:47:01.061 [main] DEBUG o.s.aop.framework.CglibAopProxy - Method is declared on Advised interface: public abstract java.lang.Class org.springframework.aop.TargetClassAware.getTargetClass()
06:47:01.067 [main] DEBUG o.s.b.f.s.DefaultListableBeanFactory - Finished creating instance of bean 'ICDCodesController'
06:47:01.067 [main] DEBUG o.s.b.f.s.DefaultListableBeanFactory - Creating shared instance of singleton bean 'APIAppointmentRequestController'
06:47:01.067 [main] DEBUG o.s.b.f.s.DefaultListableBeanFactory - Creating instance of bean 'APIAppointmentRequestController'
06:47:01.068 [main] DEBUG o.s.b.f.s.DefaultListableBeanFactory - Eagerly caching bean 'APIAppointmentRequestController' to allow for resolving potential circular references
06:47:01.068 [main] DEBUG o.s.b.f.s.DefaultListableBeanFactory - Returning cached instance of singleton bean 'metaDataSourceAdvisor'
06:47:01.068 [main] DEBUG o.s.b.f.s.DefaultListableBeanFactory - Finished creating instance of bean 'APIAppointmentRequestController'
06:47:01.068 [main] DEBUG o.s.b.f.s.DefaultListableBeanFactory - Creating shared instance of singleton bean 'APIDiagnosisController'
06:47:01.068 [main] DEBUG o.s.b.f.s.DefaultListableBeanFactory - Creating instance of bean 'APIDiagnosisController'
06:47:01.069 [main] DEBUG o.s.b.f.s.DefaultListableBeanFactory - Eagerly caching bean 'APIDiagnosisController' to allow for resolving potential circular references
06:47:01.069 [main] DEBUG o.s.b.f.s.DefaultListableBeanFactory - Returning cached instance of singleton bean 'metaDataSourceAdvisor'
06:47:01.069 [main] DEBUG o.s.b.f.s.DefaultListableBeanFactory - Finished creating instance of bean 'APIDiagnosisController'
06:47:01.069 [main] DEBUG o.s.b.f.s.DefaultListableBeanFactory - Creating shared instance of singleton bean 'APIDrugController'
06:47:01.069 [main] DEBUG o.s.b.f.s.DefaultListableBeanFactory - Creating instance of bean 'APIDrugController'
06:47:01.069 [main] DEBUG o.s.b.f.s.DefaultListableBeanFactory - Eagerly caching bean 'APIDrugController' to allow for resolving potential circular references
06:47:01.069 [main] DEBUG o.s.b.f.s.DefaultListableBeanFactory - Returning cached instance of singleton bean 'metaDataSourceAdvisor'
06:47:01.070 [main] DEBUG o.s.s.a.p.PrePostAnnotationSecurityMetadataSource - @org.springframework.security.access.prepost.PreAuthorize(value=hasRole('ROLE_ADMIN')) found on specific method: public org.springframework.http.ResponseEntity edu.ncsu.csc.itrust2.controllers.api.APIDrugController.addDrug(edu.ncsu.csc.itrust2.forms.admin.DrugForm)
06:47:01.070 [main] DEBUG o.s.s.a.m.DelegatingMethodSecurityMetadataSource - Caching method [CacheKey[edu.ncsu.csc.itrust2.controllers.api.APIDrugController; public org.springframework.http.ResponseEntity edu.ncsu.csc.itrust2.controllers.api.APIDrugController.addDrug(edu.ncsu.csc.itrust2.forms.admin.DrugForm)]] with attributes [[authorize: 'hasRole('ROLE_ADMIN')', filter: 'null', filterTarget: 'null']]
06:47:01.070 [main] DEBUG o.s.a.f.a.InfrastructureAdvisorAutoProxyCreator - Creating implicit proxy for bean 'APIDrugController' with 0 common interceptors and 1 specific interceptors
06:47:01.070 [main] DEBUG o.s.aop.framework.CglibAopProxy - Creating CGLIB proxy: target source is SingletonTargetSource for target object [edu.ncsu.csc.itrust2.controllers.api.APIDrugController@5aae1812]
06:47:01.070 [main] DEBUG o.s.aop.framework.CglibAopProxy - Unable to apply any optimisations to advised method: public org.springframework.http.ResponseEntity edu.ncsu.csc.itrust2.controllers.api.APIDrugController.addDrug(edu.ncsu.csc.itrust2.forms.admin.DrugForm)
06:47:01.071 [main] DEBUG o.s.s.a.p.PrePostAnnotationSecurityMetadataSource - @org.springframework.security.access.prepost.PreAuthorize(value=hasRole('ROLE_ADMIN')) found on specific method: public org.springframework.http.ResponseEntity edu.ncsu.csc.itrust2.controllers.api.APIDrugController.editDrug(edu.ncsu.csc.itrust2.forms.admin.DrugForm)
06:47:01.071 [main] DEBUG o.s.s.a.m.DelegatingMethodSecurityMetadataSource - Caching method [CacheKey[edu.ncsu.csc.itrust2.controllers.api.APIDrugController; public org.springframework.http.ResponseEntity edu.ncsu.csc.itrust2.controllers.api.APIDrugController.editDrug(edu.ncsu.csc.itrust2.forms.admin.DrugForm)]] with attributes [[authorize: 'hasRole('ROLE_ADMIN')', filter: 'null', filterTarget: 'null']]
06:47:01.071 [main] DEBUG o.s.aop.framework.CglibAopProxy - Unable to apply any optimisations to advised method: public org.springframework.http.ResponseEntity edu.ncsu.csc.itrust2.controllers.api.APIDrugController.editDrug(edu.ncsu.csc.itrust2.forms.admin.DrugForm)
06:47:01.071 [main] DEBUG o.s.s.a.p.PrePostAnnotationSecurityMetadataSource - @org.springframework.security.access.prepost.PreAuthorize(value=hasRole('ROLE_ADMIN')) found on specific method: public org.springframework.http.ResponseEntity edu.ncsu.csc.itrust2.controllers.api.APIDrugController.deleteDrug(java.lang.String)
06:47:01.071 [main] DEBUG o.s.s.a.m.DelegatingMethodSecurityMetadataSource - Caching method [CacheKey[edu.ncsu.csc.itrust2.controllers.api.APIDrugController; public org.springframework.http.ResponseEntity edu.ncsu.csc.itrust2.controllers.api.APIDrugController.deleteDrug(java.lang.String)]] with attributes [[authorize: 'hasRole('ROLE_ADMIN')', filter: 'null', filterTarget: 'null']]
06:47:01.071 [main] DEBUG o.s.aop.framework.CglibAopProxy - Unable to apply any optimisations to advised method: public org.springframework.http.ResponseEntity edu.ncsu.csc.itrust2.controllers.api.APIDrugController.deleteDrug(java.lang.String)
06:47:01.071 [main] DEBUG o.s.aop.framework.CglibAopProxy - Unable to apply any optimisations to advised method: public java.util.List edu.ncsu.csc.itrust2.controllers.api.APIDrugController.getDrugs()
06:47:01.071 [main] DEBUG o.s.aop.framework.CglibAopProxy - Found 'equals' method: public boolean java.lang.Object.equals(java.lang.Object)
06:47:01.071 [main] DEBUG o.s.aop.framework.CglibAopProxy - Unable to apply any optimisations to advised method: public java.lang.String java.lang.Object.toString()
06:47:01.071 [main] DEBUG o.s.aop.framework.CglibAopProxy - Found 'hashCode' method: public native int java.lang.Object.hashCode()
06:47:01.071 [main] DEBUG o.s.aop.framework.CglibAopProxy - Unable to apply any optimisations to advised method: protected native java.lang.Object java.lang.Object.clone() throws java.lang.CloneNotSupportedException
06:47:01.071 [main] DEBUG o.s.aop.framework.CglibAopProxy - Method is declared on Advised interface: public abstract void org.springframework.aop.framework.Advised.setTargetSource(org.springframework.aop.TargetSource)
06:47:01.071 [main] DEBUG o.s.aop.framework.CglibAopProxy - Method is declared on Advised interface: public abstract void org.springframework.aop.framework.Advised.addAdvice(org.aopalliance.aop.Advice) throws org.springframework.aop.framework.AopConfigException
06:47:01.071 [main] DEBUG o.s.aop.framework.CglibAopProxy - Method is declared on Advised interface: public abstract void org.springframework.aop.framework.Advised.addAdvice(int,org.aopalliance.aop.Advice) throws org.springframework.aop.framework.AopConfigException
06:47:01.071 [main] DEBUG o.s.aop.framework.CglibAopProxy - Method is declared on Advised interface: public abstract boolean org.springframework.aop.framework.Advised.isPreFiltered()
06:47:01.071 [main] DEBUG o.s.aop.framework.CglibAopProxy - Method is declared on Advised interface: public abstract java.lang.Class[] org.springframework.aop.framework.Advised.getProxiedInterfaces()
06:47:01.071 [main] DEBUG o.s.aop.framework.CglibAopProxy - Method is declared on Advised interface: public abstract boolean org.springframework.aop.framework.Advised.isInterfaceProxied(java.lang.Class)
06:47:01.071 [main] DEBUG o.s.aop.framework.CglibAopProxy - Method is declared on Advised interface: public abstract org.springframework.aop.Advisor[] org.springframework.aop.framework.Advised.getAdvisors()
06:47:01.071 [main] DEBUG o.s.aop.framework.CglibAopProxy - Method is declared on Advised interface: public abstract void org.springframework.aop.framework.Advised.removeAdvisor(int) throws org.springframework.aop.framework.AopConfigException
06:47:01.071 [main] DEBUG o.s.aop.framework.CglibAopProxy - Method is declared on Advised interface: public abstract boolean org.springframework.aop.framework.Advised.removeAdvisor(org.springframework.aop.Advisor)
06:47:01.071 [main] DEBUG o.s.aop.framework.CglibAopProxy - Method is declared on Advised interface: public abstract boolean org.springframework.aop.framework.Advised.replaceAdvisor(org.springframework.aop.Advisor,org.springframework.aop.Advisor) throws org.springframework.aop.framework.AopConfigException
06:47:01.071 [main] DEBUG o.s.aop.framework.CglibAopProxy - Method is declared on Advised interface: public abstract boolean org.springframework.aop.framework.Advised.removeAdvice(org.aopalliance.aop.Advice)
06:47:01.071 [main] DEBUG o.s.aop.framework.CglibAopProxy - Method is declared on Advised interface: public abstract java.lang.String org.springframework.aop.framework.Advised.toProxyConfigString()
06:47:01.071 [main] DEBUG o.s.aop.framework.CglibAopProxy - Method is declared on Advised interface: public abstract org.springframework.aop.TargetSource org.springframework.aop.framework.Advised.getTargetSource()
06:47:01.071 [main] DEBUG o.s.aop.framework.CglibAopProxy - Method is declared on Advised interface: public abstract boolean org.springframework.aop.framework.Advised.isProxyTargetClass()
06:47:01.071 [main] DEBUG o.s.aop.framework.CglibAopProxy - Method is declared on Advised interface: public abstract void org.springframework.aop.framework.Advised.addAdvisor(org.springframework.aop.Advisor) throws org.springframework.aop.framework.AopConfigException
06:47:01.071 [main] DEBUG o.s.aop.framework.CglibAopProxy - Method is declared on Advised interface: public abstract void org.springframework.aop.framework.Advised.addAdvisor(int,org.springframework.aop.Advisor) throws org.springframework.aop.framework.AopConfigException
06:47:01.071 [main] DEBUG o.s.aop.framework.CglibAopProxy - Method is declared on Advised interface: public abstract void org.springframework.aop.framework.Advised.setPreFiltered(boolean)
06:47:01.071 [main] DEBUG o.s.aop.framework.CglibAopProxy - Method is declared on Advised interface: public abstract void org.springframework.aop.framework.Advised.setExposeProxy(boolean)
06:47:01.071 [main] DEBUG o.s.aop.framework.CglibAopProxy - Method is declared on Advised interface: public abstract boolean org.springframework.aop.framework.Advised.isExposeProxy()
06:47:01.071 [main] DEBUG o.s.aop.framework.CglibAopProxy - Method is declared on Advised interface: public abstract int org.springframework.aop.framework.Advised.indexOf(org.springframework.aop.Advisor)
06:47:01.071 [main] DEBUG o.s.aop.framework.CglibAopProxy - Method is declared on Advised interface: public abstract int org.springframework.aop.framework.Advised.indexOf(org.aopalliance.aop.Advice)
06:47:01.071 [main] DEBUG o.s.aop.framework.CglibAopProxy - Method is declared on Advised interface: public abstract boolean org.springframework.aop.framework.Advised.isFrozen()
06:47:01.071 [main] DEBUG o.s.aop.framework.CglibAopProxy - Method is declared on Advised interface: public abstract java.lang.Class org.springframework.aop.TargetClassAware.getTargetClass()
06:47:01.076 [main] DEBUG o.s.b.f.s.DefaultListableBeanFactory - Finished creating instance of bean 'APIDrugController'
06:47:01.076 [main] DEBUG o.s.b.f.s.DefaultListableBeanFactory - Creating shared instance of singleton bean 'APIEnumController'
06:47:01.076 [main] DEBUG o.s.b.f.s.DefaultListableBeanFactory - Creating instance of bean 'APIEnumController'
06:47:01.077 [main] DEBUG o.s.b.f.s.DefaultListableBeanFactory - Eagerly caching bean 'APIEnumController' to allow for resolving potential circular references
06:47:01.077 [main] DEBUG o.s.b.f.s.DefaultListableBeanFactory - Returning cached instance of singleton bean 'metaDataSourceAdvisor'
06:47:01.078 [main] DEBUG o.s.b.f.s.DefaultListableBeanFactory - Finished creating instance of bean 'APIEnumController'
06:47:01.078 [main] DEBUG o.s.b.f.s.DefaultListableBeanFactory - Creating shared instance of singleton bean 'APIHospitalController'
06:47:01.078 [main] DEBUG o.s.b.f.s.DefaultListableBeanFactory - Creating instance of bean 'APIHospitalController'
06:47:01.078 [main] DEBUG o.s.b.f.s.DefaultListableBeanFactory - Eagerly caching bean 'APIHospitalController' to allow for resolving potential circular references
06:47:01.078 [main] DEBUG o.s.b.f.s.DefaultListableBeanFactory - Returning cached instance of singleton bean 'metaDataSourceAdvisor'
06:47:01.078 [main] DEBUG o.s.b.f.s.DefaultListableBeanFactory - Finished creating instance of bean 'APIHospitalController'
06:47:01.078 [main] DEBUG o.s.b.f.s.DefaultListableBeanFactory - Creating shared instance of singleton bean 'APIICDCodeController'
06:47:01.078 [main] DEBUG o.s.b.f.s.DefaultListableBeanFactory - Creating instance of bean 'APIICDCodeController'
06:47:01.078 [main] DEBUG o.s.b.f.s.DefaultListableBeanFactory - Eagerly caching bean 'APIICDCodeController' to allow for resolving potential circular references
06:47:01.079 [main] DEBUG o.s.b.f.s.DefaultListableBeanFactory - Returning cached instance of singleton bean 'metaDataSourceAdvisor'
06:47:01.079 [main] DEBUG o.s.s.a.p.PrePostAnnotationSecurityMetadataSource - @org.springframework.security.access.prepost.PreAuthorize(value=hasRole('ROLE_ADMIN')) found on specific method: public org.springframework.http.ResponseEntity edu.ncsu.csc.itrust2.controllers.api.APIICDCodeController.addCode(edu.ncsu.csc.itrust2.forms.admin.ICDCodeForm)
06:47:01.079 [main] DEBUG o.s.s.a.m.DelegatingMethodSecurityMetadataSource - Caching method [CacheKey[edu.ncsu.csc.itrust2.controllers.api.APIICDCodeController; public org.springframework.http.ResponseEntity edu.ncsu.csc.itrust2.controllers.api.APIICDCodeController.addCode(edu.ncsu.csc.itrust2.forms.admin.ICDCodeForm)]] with attributes [[authorize: 'hasRole('ROLE_ADMIN')', filter: 'null', filterTarget: 'null']]
06:47:01.079 [main] DEBUG o.s.a.f.a.InfrastructureAdvisorAutoProxyCreator - Creating implicit proxy for bean 'APIICDCodeController' with 0 common interceptors and 1 specific interceptors
06:47:01.079 [main] DEBUG o.s.aop.framework.CglibAopProxy - Creating CGLIB proxy: target source is SingletonTargetSource for target object [edu.ncsu.csc.itrust2.controllers.api.APIICDCodeController@5c11b887]
06:47:01.079 [main] DEBUG o.s.aop.framework.CglibAopProxy - Unable to apply any optimisations to advised method: public org.springframework.http.ResponseEntity edu.ncsu.csc.itrust2.controllers.api.APIICDCodeController.getCode(java.lang.Long)
06:47:01.079 [main] DEBUG o.s.aop.framework.CglibAopProxy - Unable to apply any optimisations to advised method: public org.springframework.http.ResponseEntity edu.ncsu.csc.itrust2.controllers.api.APIICDCodeController.addCode(edu.ncsu.csc.itrust2.forms.admin.ICDCodeForm)
06:47:01.079 [main] DEBUG o.s.aop.framework.CglibAopProxy - Unable to apply any optimisations to advised method: public java.util.List edu.ncsu.csc.itrust2.controllers.api.APIICDCodeController.getCodes()
06:47:01.080 [main] DEBUG o.s.s.a.p.PrePostAnnotationSecurityMetadataSource - @org.springframework.security.access.prepost.PreAuthorize(value=hasRole('ROLE_ADMIN')) found on specific method: public org.springframework.http.ResponseEntity edu.ncsu.csc.itrust2.controllers.api.APIICDCodeController.updateCode(java.lang.Long,edu.ncsu.csc.itrust2.forms.admin.ICDCodeForm)
06:47:01.080 [main] DEBUG o.s.s.a.m.DelegatingMethodSecurityMetadataSource - Caching method [CacheKey[edu.ncsu.csc.itrust2.controllers.api.APIICDCodeController; public org.springframework.http.ResponseEntity edu.ncsu.csc.itrust2.controllers.api.APIICDCodeController.updateCode(java.lang.Long,edu.ncsu.csc.itrust2.forms.admin.ICDCodeForm)]] with attributes [[authorize: 'hasRole('ROLE_ADMIN')', filter: 'null', filterTarget: 'null']]
06:47:01.080 [main] DEBUG o.s.aop.framework.CglibAopProxy - Unable to apply any optimisations to advised method: public org.springframework.http.ResponseEntity edu.ncsu.csc.itrust2.controllers.api.APIICDCodeController.updateCode(java.lang.Long,edu.ncsu.csc.itrust2.forms.admin.ICDCodeForm)
06:47:01.080 [main] DEBUG o.s.s.a.p.PrePostAnnotationSecurityMetadataSource - @org.springframework.security.access.prepost.PreAuthorize(value=hasRole('ROLE_ADMIN')) found on specific method: public org.springframework.http.ResponseEntity edu.ncsu.csc.itrust2.controllers.api.APIICDCodeController.deleteCode(java.lang.Long)
06:47:01.080 [main] DEBUG o.s.s.a.m.DelegatingMethodSecurityMetadataSource - Caching method [CacheKey[edu.ncsu.csc.itrust2.controllers.api.APIICDCodeController; public org.springframework.http.ResponseEntity edu.ncsu.csc.itrust2.controllers.api.APIICDCodeController.deleteCode(java.lang.Long)]] with attributes [[authorize: 'hasRole('ROLE_ADMIN')', filter: 'null', filterTarget: 'null']]
06:47:01.080 [main] DEBUG o.s.aop.framework.CglibAopProxy - Unable to apply any optimisations to advised method: public org.springframework.http.ResponseEntity edu.ncsu.csc.itrust2.controllers.api.APIICDCodeController.deleteCode(java.lang.Long)
06:47:01.080 [main] DEBUG o.s.aop.framework.CglibAopProxy - Found 'equals' method: public boolean java.lang.Object.equals(java.lang.Object)
06:47:01.080 [main] DEBUG o.s.aop.framework.CglibAopProxy - Unable to apply any optimisations to advised method: public java.lang.String java.lang.Object.toString()
06:47:01.080 [main] DEBUG o.s.aop.framework.CglibAopProxy - Found 'hashCode' method: public native int java.lang.Object.hashCode()
06:47:01.080 [main] DEBUG o.s.aop.framework.CglibAopProxy - Unable to apply any optimisations to advised method: protected native java.lang.Object java.lang.Object.clone() throws java.lang.CloneNotSupportedException
06:47:01.080 [main] DEBUG o.s.aop.framework.CglibAopProxy - Method is declared on Advised interface: public abstract void org.springframework.aop.framework.Advised.setTargetSource(org.springframework.aop.TargetSource)
06:47:01.080 [main] DEBUG o.s.aop.framework.CglibAopProxy - Method is declared on Advised interface: public abstract void org.springframework.aop.framework.Advised.addAdvice(org.aopalliance.aop.Advice) throws org.springframework.aop.framework.AopConfigException
06:47:01.080 [main] DEBUG o.s.aop.framework.CglibAopProxy - Method is declared on Advised interface: public abstract void org.springframework.aop.framework.Advised.addAdvice(int,org.aopalliance.aop.Advice) throws org.springframework.aop.framework.AopConfigException
06:47:01.080 [main] DEBUG o.s.aop.framework.CglibAopProxy - Method is declared on Advised interface: public abstract boolean org.springframework.aop.framework.Advised.isPreFiltered()
06:47:01.080 [main] DEBUG o.s.aop.framework.CglibAopProxy - Method is declared on Advised interface: public abstract java.lang.Class[] org.springframework.aop.framework.Advised.getProxiedInterfaces()
06:47:01.080 [main] DEBUG o.s.aop.framework.CglibAopProxy - Method is declared on Advised interface: public abstract boolean org.springframework.aop.framework.Advised.isInterfaceProxied(java.lang.Class)
06:47:01.080 [main] DEBUG o.s.aop.framework.CglibAopProxy - Method is declared on Advised interface: public abstract org.springframework.aop.Advisor[] org.springframework.aop.framework.Advised.getAdvisors()
06:47:01.080 [main] DEBUG o.s.aop.framework.CglibAopProxy - Method is declared on Advised interface: public abstract void org.springframework.aop.framework.Advised.removeAdvisor(int) throws org.springframework.aop.framework.AopConfigException
06:47:01.080 [main] DEBUG o.s.aop.framework.CglibAopProxy - Method is declared on Advised interface: public abstract boolean org.springframework.aop.framework.Advised.removeAdvisor(org.springframework.aop.Advisor)
06:47:01.080 [main] DEBUG o.s.aop.framework.CglibAopProxy - Method is declared on Advised interface: public abstract boolean org.springframework.aop.framework.Advised.replaceAdvisor(org.springframework.aop.Advisor,org.springframework.aop.Advisor) throws org.springframework.aop.framework.AopConfigException
06:47:01.080 [main] DEBUG o.s.aop.framework.CglibAopProxy - Method is declared on Advised interface: public abstract boolean org.springframework.aop.framework.Advised.removeAdvice(org.aopalliance.aop.Advice)
06:47:01.080 [main] DEBUG o.s.aop.framework.CglibAopProxy - Method is declared on Advised interface: public abstract java.lang.String org.springframework.aop.framework.Advised.toProxyConfigString()
06:47:01.080 [main] DEBUG o.s.aop.framework.CglibAopProxy - Method is declared on Advised interface: public abstract org.springframework.aop.TargetSource org.springframework.aop.framework.Advised.getTargetSource()
06:47:01.080 [main] DEBUG o.s.aop.framework.CglibAopProxy - Method is declared on Advised interface: public abstract boolean org.springframework.aop.framework.Advised.isProxyTargetClass()
06:47:01.080 [main] DEBUG o.s.aop.framework.CglibAopProxy - Method is declared on Advised interface: public abstract void org.springframework.aop.framework.Advised.addAdvisor(org.springframework.aop.Advisor) throws org.springframework.aop.framework.AopConfigException
06:47:01.080 [main] DEBUG o.s.aop.framework.CglibAopProxy - Method is declared on Advised interface: public abstract void org.springframework.aop.framework.Advised.addAdvisor(int,org.springframework.aop.Advisor) throws org.springframework.aop.framework.AopConfigException
06:47:01.080 [main] DEBUG o.s.aop.framework.CglibAopProxy - Method is declared on Advised interface: public abstract void org.springframework.aop.framework.Advised.setPreFiltered(boolean)
06:47:01.080 [main] DEBUG o.s.aop.framework.CglibAopProxy - Method is declared on Advised interface: public abstract void org.springframework.aop.framework.Advised.setExposeProxy(boolean)
06:47:01.080 [main] DEBUG o.s.aop.framework.CglibAopProxy - Method is declared on Advised interface: public abstract boolean org.springframework.aop.framework.Advised.isExposeProxy()
06:47:01.080 [main] DEBUG o.s.aop.framework.CglibAopProxy - Method is declared on Advised interface: public abstract int org.springframework.aop.framework.Advised.indexOf(org.springframework.aop.Advisor)
06:47:01.080 [main] DEBUG o.s.aop.framework.CglibAopProxy - Method is declared on Advised interface: public abstract int org.springframework.aop.framework.Advised.indexOf(org.aopalliance.aop.Advice)
06:47:01.080 [main] DEBUG o.s.aop.framework.CglibAopProxy - Method is declared on Advised interface: public abstract boolean org.springframework.aop.framework.Advised.isFrozen()
06:47:01.080 [main] DEBUG o.s.aop.framework.CglibAopProxy - Method is declared on Advised interface: public abstract java.lang.Class org.springframework.aop.TargetClassAware.getTargetClass()
06:47:01.086 [main] DEBUG o.s.b.f.s.DefaultListableBeanFactory - Finished creating instance of bean 'APIICDCodeController'
06:47:01.086 [main] DEBUG o.s.b.f.s.DefaultListableBeanFactory - Creating shared instance of singleton bean 'APILogEntryController'
06:47:01.087 [main] DEBUG o.s.b.f.s.DefaultListableBeanFactory - Creating instance of bean 'APILogEntryController'
06:47:01.087 [main] DEBUG o.s.b.f.s.DefaultListableBeanFactory - Eagerly caching bean 'APILogEntryController' to allow for resolving potential circular references
06:47:01.087 [main] DEBUG o.s.b.f.s.DefaultListableBeanFactory - Returning cached instance of singleton bean 'metaDataSourceAdvisor'
06:47:01.087 [main] DEBUG o.s.b.f.s.DefaultListableBeanFactory - Finished creating instance of bean 'APILogEntryController'
06:47:01.087 [main] DEBUG o.s.b.f.s.DefaultListableBeanFactory - Creating shared instance of singleton bean 'APIOfficeVisitController'
06:47:01.087 [main] DEBUG o.s.b.f.s.DefaultListableBeanFactory - Creating instance of bean 'APIOfficeVisitController'
06:47:01.088 [main] DEBUG o.s.b.f.s.DefaultListableBeanFactory - Eagerly caching bean 'APIOfficeVisitController' to allow for resolving potential circular references
06:47:01.088 [main] DEBUG o.s.b.f.s.DefaultListableBeanFactory - Returning cached instance of singleton bean 'metaDataSourceAdvisor'
06:47:01.088 [main] DEBUG o.s.s.a.p.PrePostAnnotationSecurityMetadataSource - @org.springframework.security.access.prepost.PreAuthorize(value=hasRole('ROLE_PATIENT')) found on specific method: public java.util.List edu.ncsu.csc.itrust2.controllers.api.APIOfficeVisitController.getMyOfficeVisits()
06:47:01.088 [main] DEBUG o.s.s.a.m.DelegatingMethodSecurityMetadataSource - Caching method [CacheKey[edu.ncsu.csc.itrust2.controllers.api.APIOfficeVisitController; public java.util.List edu.ncsu.csc.itrust2.controllers.api.APIOfficeVisitController.getMyOfficeVisits()]] with attributes [[authorize: 'hasRole('ROLE_PATIENT')', filter: 'null', filterTarget: 'null']]
06:47:01.089 [main] DEBUG o.s.a.f.a.InfrastructureAdvisorAutoProxyCreator - Creating implicit proxy for bean 'APIOfficeVisitController' with 0 common interceptors and 1 specific interceptors
06:47:01.089 [main] DEBUG o.s.aop.framework.CglibAopProxy - Creating CGLIB proxy: target source is SingletonTargetSource for target object [edu.ncsu.csc.itrust2.controllers.api.APIOfficeVisitController@165e521c]
06:47:01.089 [main] DEBUG o.s.aop.framework.CglibAopProxy - Unable to apply any optimisations to advised method: public java.util.List edu.ncsu.csc.itrust2.controllers.api.APIOfficeVisitController.getMyOfficeVisits()
06:47:01.089 [main] DEBUG o.s.aop.framework.CglibAopProxy - Unable to apply any optimisations to advised method: public org.springframework.http.ResponseEntity edu.ncsu.csc.itrust2.controllers.api.APIOfficeVisitController.getOfficeVisit(java.lang.Long)
06:47:01.090 [main] DEBUG o.s.aop.framework.CglibAopProxy - Unable to apply any optimisations to advised method: public void edu.ncsu.csc.itrust2.controllers.api.APIOfficeVisitController.deleteOfficeVisits()
06:47:01.090 [main] DEBUG o.s.aop.framework.CglibAopProxy - Unable to apply any optimisations to advised method: public org.springframework.http.ResponseEntity edu.ncsu.csc.itrust2.controllers.api.APIOfficeVisitController.createOfficeVisit(edu.ncsu.csc.itrust2.forms.hcp.OfficeVisitForm)
06:47:01.090 [main] DEBUG o.s.aop.framework.CglibAopProxy - Unable to apply any optimisations to advised method: public org.springframework.http.ResponseEntity edu.ncsu.csc.itrust2.controllers.api.APIOfficeVisitController.deleteOfficeVisit(java.lang.Long)
06:47:01.090 [main] DEBUG o.s.aop.framework.CglibAopProxy - Unable to apply any optimisations to advised method: public org.springframework.http.ResponseEntity edu.ncsu.csc.itrust2.controllers.api.APIOfficeVisitController.updateOfficeVisit(java.lang.Long,edu.ncsu.csc.itrust2.forms.hcp.OfficeVisitForm)
06:47:01.090 [main] DEBUG o.s.s.a.p.PrePostAnnotationSecurityMetadataSource - @org.springframework.security.access.prepost.PreAuthorize(value=hasRole('ROLE_HCP')) found on specific method: public org.springframework.http.ResponseEntity edu.ncsu.csc.itrust2.controllers.api.APIOfficeVisitController.viewOfficeVisitHCP(java.lang.Long,edu.ncsu.csc.itrust2.forms.hcp.OfficeVisitForm)
06:47:01.090 [main] DEBUG o.s.s.a.m.DelegatingMethodSecurityMetadataSource - Caching method [CacheKey[edu.ncsu.csc.itrust2.controllers.api.APIOfficeVisitController; public org.springframework.http.ResponseEntity edu.ncsu.csc.itrust2.controllers.api.APIOfficeVisitController.viewOfficeVisitHCP(java.lang.Long,edu.ncsu.csc.itrust2.forms.hcp.OfficeVisitForm)]] with attributes [[authorize: 'hasRole('ROLE_HCP')', filter: 'null', filterTarget: 'null']]
06:47:01.090 [main] DEBUG o.s.aop.framework.CglibAopProxy - Unable to apply any optimisations to advised method: public org.springframework.http.ResponseEntity edu.ncsu.csc.itrust2.controllers.api.APIOfficeVisitController.viewOfficeVisitHCP(java.lang.Long,edu.ncsu.csc.itrust2.forms.hcp.OfficeVisitForm)
06:47:01.090 [main] DEBUG o.s.s.a.p.PrePostAnnotationSecurityMetadataSource - @org.springframework.security.access.prepost.PreAuthorize(value=hasRole('ROLE_PATIENT')) found on specific method: public org.springframework.http.ResponseEntity edu.ncsu.csc.itrust2.controllers.api.APIOfficeVisitController.viewOfficeVisitPatient(java.lang.Long,edu.ncsu.csc.itrust2.forms.hcp.OfficeVisitForm)
06:47:01.090 [main] DEBUG o.s.s.a.m.DelegatingMethodSecurityMetadataSource - Caching method [CacheKey[edu.ncsu.csc.itrust2.controllers.api.APIOfficeVisitController; public org.springframework.http.ResponseEntity edu.ncsu.csc.itrust2.controllers.api.APIOfficeVisitController.viewOfficeVisitPatient(java.lang.Long,edu.ncsu.csc.itrust2.forms.hcp.OfficeVisitForm)]] with attributes [[authorize: 'hasRole('ROLE_PATIENT')', filter: 'null', filterTarget: 'null']]
06:47:01.090 [main] DEBUG o.s.aop.framework.CglibAopProxy - Unable to apply any optimisations to advised method: public org.springframework.http.ResponseEntity edu.ncsu.csc.itrust2.controllers.api.APIOfficeVisitController.viewOfficeVisitPatient(java.lang.Long,edu.ncsu.csc.itrust2.forms.hcp.OfficeVisitForm)
06:47:01.091 [main] DEBUG o.s.aop.framework.CglibAopProxy - Unable to apply any optimisations to advised method: public java.util.List edu.ncsu.csc.itrust2.controllers.api.APIOfficeVisitController.getOfficeVisits()
06:47:01.091 [main] DEBUG o.s.aop.framework.CglibAopProxy - Found 'equals' method: public boolean java.lang.Object.equals(java.lang.Object)
06:47:01.091 [main] DEBUG o.s.aop.framework.CglibAopProxy - Unable to apply any optimisations to advised method: public java.lang.String java.lang.Object.toString()
06:47:01.091 [main] DEBUG o.s.aop.framework.CglibAopProxy - Found 'hashCode' method: public native int java.lang.Object.hashCode()
06:47:01.091 [main] DEBUG o.s.aop.framework.CglibAopProxy - Unable to apply any optimisations to advised method: protected native java.lang.Object java.lang.Object.clone() throws java.lang.CloneNotSupportedException
06:47:01.091 [main] DEBUG o.s.aop.framework.CglibAopProxy - Method is declared on Advised interface: public abstract void org.springframework.aop.framework.Advised.setTargetSource(org.springframework.aop.TargetSource)
06:47:01.091 [main] DEBUG o.s.aop.framework.CglibAopProxy - Method is declared on Advised interface: public abstract void org.springframework.aop.framework.Advised.addAdvice(org.aopalliance.aop.Advice) throws org.springframework.aop.framework.AopConfigException
06:47:01.091 [main] DEBUG o.s.aop.framework.CglibAopProxy - Method is declared on Advised interface: public abstract void org.springframework.aop.framework.Advised.addAdvice(int,org.aopalliance.aop.Advice) throws org.springframework.aop.framework.AopConfigException
06:47:01.091 [main] DEBUG o.s.aop.framework.CglibAopProxy - Method is declared on Advised interface: public abstract boolean org.springframework.aop.framework.Advised.isPreFiltered()
06:47:01.091 [main] DEBUG o.s.aop.framework.CglibAopProxy - Method is declared on Advised interface: public abstract java.lang.Class[] org.springframework.aop.framework.Advised.getProxiedInterfaces()
06:47:01.091 [main] DEBUG o.s.aop.framework.CglibAopProxy - Method is declared on Advised interface: public abstract boolean org.springframework.aop.framework.Advised.isInterfaceProxied(java.lang.Class)
06:47:01.091 [main] DEBUG o.s.aop.framework.CglibAopProxy - Method is declared on Advised interface: public abstract org.springframework.aop.Advisor[] org.springframework.aop.framework.Advised.getAdvisors()
06:47:01.091 [main] DEBUG o.s.aop.framework.CglibAopProxy - Method is declared on Advised interface: public abstract void org.springframework.aop.framework.Advised.removeAdvisor(int) throws org.springframework.aop.framework.AopConfigException
06:47:01.091 [main] DEBUG o.s.aop.framework.CglibAopProxy - Method is declared on Advised interface: public abstract boolean org.springframework.aop.framework.Advised.removeAdvisor(org.springframework.aop.Advisor)
06:47:01.091 [main] DEBUG o.s.aop.framework.CglibAopProxy - Method is declared on Advised interface: public abstract boolean org.springframework.aop.framework.Advised.replaceAdvisor(org.springframework.aop.Advisor,org.springframework.aop.Advisor) throws org.springframework.aop.framework.AopConfigException
06:47:01.091 [main] DEBUG o.s.aop.framework.CglibAopProxy - Method is declared on Advised interface: public abstract boolean org.springframework.aop.framework.Advised.removeAdvice(org.aopalliance.aop.Advice)
06:47:01.091 [main] DEBUG o.s.aop.framework.CglibAopProxy - Method is declared on Advised interface: public abstract java.lang.String org.springframework.aop.framework.Advised.toProxyConfigString()
06:47:01.091 [main] DEBUG o.s.aop.framework.CglibAopProxy - Method is declared on Advised interface: public abstract org.springframework.aop.TargetSource org.springframework.aop.framework.Advised.getTargetSource()
06:47:01.091 [main] DEBUG o.s.aop.framework.CglibAopProxy - Method is declared on Advised interface: public abstract boolean org.springframework.aop.framework.Advised.isProxyTargetClass()
06:47:01.091 [main] DEBUG o.s.aop.framework.CglibAopProxy - Method is declared on Advised interface: public abstract void org.springframework.aop.framework.Advised.addAdvisor(org.springframework.aop.Advisor) throws org.springframework.aop.framework.AopConfigException
06:47:01.091 [main] DEBUG o.s.aop.framework.CglibAopProxy - Method is declared on Advised interface: public abstract void org.springframework.aop.framework.Advised.addAdvisor(int,org.springframework.aop.Advisor) throws org.springframework.aop.framework.AopConfigException
06:47:01.091 [main] DEBUG o.s.aop.framework.CglibAopProxy - Method is declared on Advised interface: public abstract void org.springframework.aop.framework.Advised.setPreFiltered(boolean)
06:47:01.091 [main] DEBUG o.s.aop.framework.CglibAopProxy - Method is declared on Advised interface: public abstract void org.springframework.aop.framework.Advised.setExposeProxy(boolean)
06:47:01.091 [main] DEBUG o.s.aop.framework.CglibAopProxy - Method is declared on Advised interface: public abstract boolean org.springframework.aop.framework.Advised.isExposeProxy()
06:47:01.091 [main] DEBUG o.s.aop.framework.CglibAopProxy - Method is declared on Advised interface: public abstract int org.springframework.aop.framework.Advised.indexOf(org.springframework.aop.Advisor)
06:47:01.091 [main] DEBUG o.s.aop.framework.CglibAopProxy - Method is declared on Advised interface: public abstract int org.springframework.aop.framework.Advised.indexOf(org.aopalliance.aop.Advice)
06:47:01.091 [main] DEBUG o.s.aop.framework.CglibAopProxy - Method is declared on Advised interface: public abstract boolean org.springframework.aop.framework.Advised.isFrozen()
06:47:01.091 [main] DEBUG o.s.aop.framework.CglibAopProxy - Method is declared on Advised interface: public abstract java.lang.Class org.springframework.aop.TargetClassAware.getTargetClass()
06:47:01.097 [main] DEBUG o.s.b.f.s.DefaultListableBeanFactory - Finished creating instance of bean 'APIOfficeVisitController'
06:47:01.098 [main] DEBUG o.s.b.f.s.DefaultListableBeanFactory - Creating shared instance of singleton bean 'APIPasswordController'
06:47:01.098 [main] DEBUG o.s.b.f.s.DefaultListableBeanFactory - Creating instance of bean 'APIPasswordController'
06:47:01.098 [main] DEBUG o.s.b.f.annotation.InjectionMetadata - Registered injected element on class [edu.ncsu.csc.itrust2.controllers.api.APIPasswordController]: AutowiredFieldElement for org.springframework.core.env.Environment edu.ncsu.csc.itrust2.controllers.api.APIPasswordController.environment
06:47:01.098 [main] DEBUG o.s.b.f.s.DefaultListableBeanFactory - Eagerly caching bean 'APIPasswordController' to allow for resolving potential circular references
06:47:01.098 [main] DEBUG o.s.b.f.annotation.InjectionMetadata - Processing injected element of bean 'APIPasswordController': AutowiredFieldElement for org.springframework.core.env.Environment edu.ncsu.csc.itrust2.controllers.api.APIPasswordController.environment
06:47:01.098 [main] DEBUG o.s.b.f.s.DefaultListableBeanFactory - Returning cached instance of singleton bean 'environment'
06:47:01.099 [main] DEBUG o.s.b.f.a.AutowiredAnnotationBeanPostProcessor - Autowiring by type from bean name 'APIPasswordController' to bean named 'environment'
06:47:01.099 [main] DEBUG o.s.b.f.s.DefaultListableBeanFactory - Returning cached instance of singleton bean 'metaDataSourceAdvisor'
06:47:01.099 [main] DEBUG o.s.b.f.s.DefaultListableBeanFactory - Finished creating instance of bean 'APIPasswordController'
06:47:01.099 [main] DEBUG o.s.b.f.s.DefaultListableBeanFactory - Creating shared instance of singleton bean 'APIPatientController'
06:47:01.099 [main] DEBUG o.s.b.f.s.DefaultListableBeanFactory - Creating instance of bean 'APIPatientController'
06:47:01.099 [main] DEBUG o.s.b.f.s.DefaultListableBeanFactory - Eagerly caching bean 'APIPatientController' to allow for resolving potential circular references
06:47:01.099 [main] DEBUG o.s.b.f.s.DefaultListableBeanFactory - Returning cached instance of singleton bean 'metaDataSourceAdvisor'
06:47:01.099 [main] DEBUG o.s.s.a.p.PrePostAnnotationSecurityMetadataSource - @org.springframework.security.access.prepost.PreAuthorize(value=hasRole('ROLE_PATIENT')) found on specific method: public org.springframework.http.ResponseEntity edu.ncsu.csc.itrust2.controllers.api.APIPatientController.getPatient()
06:47:01.099 [main] DEBUG o.s.s.a.m.DelegatingMethodSecurityMetadataSource - Caching method [CacheKey[edu.ncsu.csc.itrust2.controllers.api.APIPatientController; public org.springframework.http.ResponseEntity edu.ncsu.csc.itrust2.controllers.api.APIPatientController.getPatient()]] with attributes [[authorize: 'hasRole('ROLE_PATIENT')', filter: 'null', filterTarget: 'null']]
06:47:01.100 [main] DEBUG o.s.a.f.a.InfrastructureAdvisorAutoProxyCreator - Creating implicit proxy for bean 'APIPatientController' with 0 common interceptors and 1 specific interceptors
06:47:01.100 [main] DEBUG o.s.aop.framework.CglibAopProxy - Creating CGLIB proxy: target source is SingletonTargetSource for target object [edu.ncsu.csc.itrust2.controllers.api.APIPatientController@3f92d27e]
06:47:01.100 [main] DEBUG o.s.aop.framework.CglibAopProxy - Unable to apply any optimisations to advised method: public org.springframework.http.ResponseEntity edu.ncsu.csc.itrust2.controllers.api.APIPatientController.getPatient(java.lang.String)
06:47:01.100 [main] DEBUG o.s.aop.framework.CglibAopProxy - Unable to apply any optimisations to advised method: public org.springframework.http.ResponseEntity edu.ncsu.csc.itrust2.controllers.api.APIPatientController.getPatient()
06:47:01.100 [main] DEBUG o.s.aop.framework.CglibAopProxy - Unable to apply any optimisations to advised method: public java.util.List edu.ncsu.csc.itrust2.controllers.api.APIPatientController.getPatients()
06:47:01.100 [main] DEBUG o.s.aop.framework.CglibAopProxy - Unable to apply any optimisations to advised method: public org.springframework.http.ResponseEntity edu.ncsu.csc.itrust2.controllers.api.APIPatientController.createPatient(edu.ncsu.csc.itrust2.forms.hcp_patient.PatientForm)
06:47:01.101 [main] DEBUG o.s.aop.framework.CglibAopProxy - Unable to apply any optimisations to advised method: public org.springframework.http.ResponseEntity edu.ncsu.csc.itrust2.controllers.api.APIPatientController.updatePatient(java.lang.String,edu.ncsu.csc.itrust2.forms.hcp_patient.PatientForm)
06:47:01.101 [main] DEBUG o.s.aop.framework.CglibAopProxy - Found 'equals' method: public boolean java.lang.Object.equals(java.lang.Object)
06:47:01.101 [main] DEBUG o.s.aop.framework.CglibAopProxy - Unable to apply any optimisations to advised method: public java.lang.String java.lang.Object.toString()
06:47:01.101 [main] DEBUG o.s.aop.framework.CglibAopProxy - Found 'hashCode' method: public native int java.lang.Object.hashCode()
06:47:01.101 [main] DEBUG o.s.aop.framework.CglibAopProxy - Unable to apply any optimisations to advised method: protected native java.lang.Object java.lang.Object.clone() throws java.lang.CloneNotSupportedException
06:47:01.101 [main] DEBUG o.s.aop.framework.CglibAopProxy - Method is declared on Advised interface: public abstract void org.springframework.aop.framework.Advised.setTargetSource(org.springframework.aop.TargetSource)
06:47:01.101 [main] DEBUG o.s.aop.framework.CglibAopProxy - Method is declared on Advised interface: public abstract void org.springframework.aop.framework.Advised.addAdvice(org.aopalliance.aop.Advice) throws org.springframework.aop.framework.AopConfigException
06:47:01.101 [main] DEBUG o.s.aop.framework.CglibAopProxy - Method is declared on Advised interface: public abstract void org.springframework.aop.framework.Advised.addAdvice(int,org.aopalliance.aop.Advice) throws org.springframework.aop.framework.AopConfigException
06:47:01.101 [main] DEBUG o.s.aop.framework.CglibAopProxy - Method is declared on Advised interface: public abstract boolean org.springframework.aop.framework.Advised.isPreFiltered()
06:47:01.101 [main] DEBUG o.s.aop.framework.CglibAopProxy - Method is declared on Advised interface: public abstract java.lang.Class[] org.springframework.aop.framework.Advised.getProxiedInterfaces()
06:47:01.101 [main] DEBUG o.s.aop.framework.CglibAopProxy - Method is declared on Advised interface: public abstract boolean org.springframework.aop.framework.Advised.isInterfaceProxied(java.lang.Class)
06:47:01.101 [main] DEBUG o.s.aop.framework.CglibAopProxy - Method is declared on Advised interface: public abstract org.springframework.aop.Advisor[] org.springframework.aop.framework.Advised.getAdvisors()
06:47:01.101 [main] DEBUG o.s.aop.framework.CglibAopProxy - Method is declared on Advised interface: public abstract void org.springframework.aop.framework.Advised.removeAdvisor(int) throws org.springframework.aop.framework.AopConfigException
06:47:01.101 [main] DEBUG o.s.aop.framework.CglibAopProxy - Method is declared on Advised interface: public abstract boolean org.springframework.aop.framework.Advised.removeAdvisor(org.springframework.aop.Advisor)
06:47:01.101 [main] DEBUG o.s.aop.framework.CglibAopProxy - Method is declared on Advised interface: public abstract boolean org.springframework.aop.framework.Advised.replaceAdvisor(org.springframework.aop.Advisor,org.springframework.aop.Advisor) throws org.springframework.aop.framework.AopConfigException
06:47:01.101 [main] DEBUG o.s.aop.framework.CglibAopProxy - Method is declared on Advised interface: public abstract boolean org.springframework.aop.framework.Advised.removeAdvice(org.aopalliance.aop.Advice)
06:47:01.101 [main] DEBUG o.s.aop.framework.CglibAopProxy - Method is declared on Advised interface: public abstract java.lang.String org.springframework.aop.framework.Advised.toProxyConfigString()
06:47:01.101 [main] DEBUG o.s.aop.framework.CglibAopProxy - Method is declared on Advised interface: public abstract org.springframework.aop.TargetSource org.springframework.aop.framework.Advised.getTargetSource()
06:47:01.101 [main] DEBUG o.s.aop.framework.CglibAopProxy - Method is declared on Advised interface: public abstract boolean org.springframework.aop.framework.Advised.isProxyTargetClass()
06:47:01.101 [main] DEBUG o.s.aop.framework.CglibAopProxy - Method is declared on Advised interface: public abstract void org.springframework.aop.framework.Advised.addAdvisor(org.springframework.aop.Advisor) throws org.springframework.aop.framework.AopConfigException
06:47:01.101 [main] DEBUG o.s.aop.framework.CglibAopProxy - Method is declared on Advised interface: public abstract void org.springframework.aop.framework.Advised.addAdvisor(int,org.springframework.aop.Advisor) throws org.springframework.aop.framework.AopConfigException
06:47:01.101 [main] DEBUG o.s.aop.framework.CglibAopProxy - Method is declared on Advised interface: public abstract void org.springframework.aop.framework.Advised.setPreFiltered(boolean)
06:47:01.101 [main] DEBUG o.s.aop.framework.CglibAopProxy - Method is declared on Advised interface: public abstract void org.springframework.aop.framework.Advised.setExposeProxy(boolean)
06:47:01.101 [main] DEBUG o.s.aop.framework.CglibAopProxy - Method is declared on Advised interface: public abstract boolean org.springframework.aop.framework.Advised.isExposeProxy()
06:47:01.101 [main] DEBUG o.s.aop.framework.CglibAopProxy - Method is declared on Advised interface: public abstract int org.springframework.aop.framework.Advised.indexOf(org.springframework.aop.Advisor)
06:47:01.101 [main] DEBUG o.s.aop.framework.CglibAopProxy - Method is declared on Advised interface: public abstract int org.springframework.aop.framework.Advised.indexOf(org.aopalliance.aop.Advice)
06:47:01.101 [main] DEBUG o.s.aop.framework.CglibAopProxy - Method is declared on Advised interface: public abstract boolean org.springframework.aop.framework.Advised.isFrozen()
06:47:01.101 [main] DEBUG o.s.aop.framework.CglibAopProxy - Method is declared on Advised interface: public abstract java.lang.Class org.springframework.aop.TargetClassAware.getTargetClass()
06:47:01.110 [main] DEBUG o.s.b.f.s.DefaultListableBeanFactory - Finished creating instance of bean 'APIPatientController'
06:47:01.110 [main] DEBUG o.s.b.f.s.DefaultListableBeanFactory - Creating shared instance of singleton bean 'APIPersonnelController'
06:47:01.110 [main] DEBUG o.s.b.f.s.DefaultListableBeanFactory - Creating instance of bean 'APIPersonnelController'
06:47:01.110 [main] DEBUG o.s.b.f.s.DefaultListableBeanFactory - Eagerly caching bean 'APIPersonnelController' to allow for resolving potential circular references
06:47:01.110 [main] DEBUG o.s.b.f.s.DefaultListableBeanFactory - Returning cached instance of singleton bean 'metaDataSourceAdvisor'
06:47:01.111 [main] DEBUG o.s.b.f.s.DefaultListableBeanFactory - Finished creating instance of bean 'APIPersonnelController'
06:47:01.111 [main] DEBUG o.s.b.f.s.DefaultListableBeanFactory - Creating shared instance of singleton bean 'APIPrescriptionController'
06:47:01.111 [main] DEBUG o.s.b.f.s.DefaultListableBeanFactory - Creating instance of bean 'APIPrescriptionController'
06:47:01.111 [main] DEBUG o.s.b.f.s.DefaultListableBeanFactory - Eagerly caching bean 'APIPrescriptionController' to allow for resolving potential circular references
06:47:01.111 [main] DEBUG o.s.b.f.s.DefaultListableBeanFactory - Returning cached instance of singleton bean 'metaDataSourceAdvisor'
06:47:01.111 [main] DEBUG o.s.s.a.p.PrePostAnnotationSecurityMetadataSource - @org.springframework.security.access.prepost.PreAuthorize(value=hasRole('ROLE_HCP')) found on specific method: public org.springframework.http.ResponseEntity edu.ncsu.csc.itrust2.controllers.api.APIPrescriptionController.addPrescription(edu.ncsu.csc.itrust2.forms.hcp.PrescriptionForm)
06:47:01.111 [main] DEBUG o.s.s.a.m.DelegatingMethodSecurityMetadataSource - Caching method [CacheKey[edu.ncsu.csc.itrust2.controllers.api.APIPrescriptionController; public org.springframework.http.ResponseEntity edu.ncsu.csc.itrust2.controllers.api.APIPrescriptionController.addPrescription(edu.ncsu.csc.itrust2.forms.hcp.PrescriptionForm)]] with attributes [[authorize: 'hasRole('ROLE_HCP')', filter: 'null', filterTarget: 'null']]
06:47:01.111 [main] DEBUG o.s.a.f.a.InfrastructureAdvisorAutoProxyCreator - Creating implicit proxy for bean 'APIPrescriptionController' with 0 common interceptors and 1 specific interceptors
06:47:01.111 [main] DEBUG o.s.aop.framework.CglibAopProxy - Creating CGLIB proxy: target source is SingletonTargetSource for target object [edu.ncsu.csc.itrust2.controllers.api.APIPrescriptionController@3c61d132]
06:47:01.112 [main] DEBUG o.s.aop.framework.CglibAopProxy - Unable to apply any optimisations to advised method: public org.springframework.http.ResponseEntity edu.ncsu.csc.itrust2.controllers.api.APIPrescriptionController.addPrescription(edu.ncsu.csc.itrust2.forms.hcp.PrescriptionForm)
06:47:01.112 [main] DEBUG o.s.s.a.p.PrePostAnnotationSecurityMetadataSource - @org.springframework.security.access.prepost.PreAuthorize(value=hasRole('ROLE_HCP')) found on specific method: public org.springframework.http.ResponseEntity edu.ncsu.csc.itrust2.controllers.api.APIPrescriptionController.editPrescription(edu.ncsu.csc.itrust2.forms.hcp.PrescriptionForm)
06:47:01.112 [main] DEBUG o.s.s.a.m.DelegatingMethodSecurityMetadataSource - Caching method [CacheKey[edu.ncsu.csc.itrust2.controllers.api.APIPrescriptionController; public org.springframework.http.ResponseEntity edu.ncsu.csc.itrust2.controllers.api.APIPrescriptionController.editPrescription(edu.ncsu.csc.itrust2.forms.hcp.PrescriptionForm)]] with attributes [[authorize: 'hasRole('ROLE_HCP')', filter: 'null', filterTarget: 'null']]
06:47:01.112 [main] DEBUG o.s.aop.framework.CglibAopProxy - Unable to apply any optimisations to advised method: public org.springframework.http.ResponseEntity edu.ncsu.csc.itrust2.controllers.api.APIPrescriptionController.editPrescription(edu.ncsu.csc.itrust2.forms.hcp.PrescriptionForm)
06:47:01.112 [main] DEBUG o.s.s.a.p.PrePostAnnotationSecurityMetadataSource - @org.springframework.security.access.prepost.PreAuthorize(value=hasRole('ROLE_HCP')) found on specific method: public org.springframework.http.ResponseEntity edu.ncsu.csc.itrust2.controllers.api.APIPrescriptionController.deletePrescription(java.lang.Long)
06:47:01.113 [main] DEBUG o.s.s.a.m.DelegatingMethodSecurityMetadataSource - Caching method [CacheKey[edu.ncsu.csc.itrust2.controllers.api.APIPrescriptionController; public org.springframework.http.ResponseEntity edu.ncsu.csc.itrust2.controllers.api.APIPrescriptionController.deletePrescription(java.lang.Long)]] with attributes [[authorize: 'hasRole('ROLE_HCP')', filter: 'null', filterTarget: 'null']]
06:47:01.113 [main] DEBUG o.s.aop.framework.CglibAopProxy - Unable to apply any optimisations to advised method: public org.springframework.http.ResponseEntity edu.ncsu.csc.itrust2.controllers.api.APIPrescriptionController.deletePrescription(java.lang.Long)
06:47:01.113 [main] DEBUG o.s.s.a.p.PrePostAnnotationSecurityMetadataSource - @org.springframework.security.access.prepost.PreAuthorize(value=hasRole('ROLE_HCP')) found on specific method: public org.springframework.http.ResponseEntity edu.ncsu.csc.itrust2.controllers.api.APIPrescriptionController.getPrescription(java.lang.Long)
06:47:01.113 [main] DEBUG o.s.s.a.m.DelegatingMethodSecurityMetadataSource - Caching method [CacheKey[edu.ncsu.csc.itrust2.controllers.api.APIPrescriptionController; public org.springframework.http.ResponseEntity edu.ncsu.csc.itrust2.controllers.api.APIPrescriptionController.getPrescription(java.lang.Long)]] with attributes [[authorize: 'hasRole('ROLE_HCP')', filter: 'null', filterTarget: 'null']]
06:47:01.113 [main] DEBUG o.s.aop.framework.CglibAopProxy - Unable to apply any optimisations to advised method: public org.springframework.http.ResponseEntity edu.ncsu.csc.itrust2.controllers.api.APIPrescriptionController.getPrescription(java.lang.Long)
06:47:01.113 [main] DEBUG o.s.s.a.p.PrePostAnnotationSecurityMetadataSource - @org.springframework.security.access.prepost.PreAuthorize(value=hasAnyRole('ROLE_HCP', 'ROLE_PATIENT')) found on specific method: public java.util.List edu.ncsu.csc.itrust2.controllers.api.APIPrescriptionController.getPrescriptions()
06:47:01.113 [main] DEBUG o.s.s.a.m.DelegatingMethodSecurityMetadataSource - Caching method [CacheKey[edu.ncsu.csc.itrust2.controllers.api.APIPrescriptionController; public java.util.List edu.ncsu.csc.itrust2.controllers.api.APIPrescriptionController.getPrescriptions()]] with attributes [[authorize: 'hasAnyRole('ROLE_HCP', 'ROLE_PATIENT')', filter: 'null', filterTarget: 'null']]
06:47:01.113 [main] DEBUG o.s.aop.framework.CglibAopProxy - Unable to apply any optimisations to advised method: public java.util.List edu.ncsu.csc.itrust2.controllers.api.APIPrescriptionController.getPrescriptions()
06:47:01.113 [main] DEBUG o.s.aop.framework.CglibAopProxy - Found 'equals' method: public boolean java.lang.Object.equals(java.lang.Object)
06:47:01.113 [main] DEBUG o.s.aop.framework.CglibAopProxy - Unable to apply any optimisations to advised method: public java.lang.String java.lang.Object.toString()
06:47:01.113 [main] DEBUG o.s.aop.framework.CglibAopProxy - Found 'hashCode' method: public native int java.lang.Object.hashCode()
06:47:01.113 [main] DEBUG o.s.aop.framework.CglibAopProxy - Unable to apply any optimisations to advised method: protected native java.lang.Object java.lang.Object.clone() throws java.lang.CloneNotSupportedException
06:47:01.113 [main] DEBUG o.s.aop.framework.CglibAopProxy - Method is declared on Advised interface: public abstract void org.springframework.aop.framework.Advised.setTargetSource(org.springframework.aop.TargetSource)
06:47:01.113 [main] DEBUG o.s.aop.framework.CglibAopProxy - Method is declared on Advised interface: public abstract void org.springframework.aop.framework.Advised.addAdvice(org.aopalliance.aop.Advice) throws org.springframework.aop.framework.AopConfigException
06:47:01.113 [main] DEBUG o.s.aop.framework.CglibAopProxy - Method is declared on Advised interface: public abstract void org.springframework.aop.framework.Advised.addAdvice(int,org.aopalliance.aop.Advice) throws org.springframework.aop.framework.AopConfigException
06:47:01.113 [main] DEBUG o.s.aop.framework.CglibAopProxy - Method is declared on Advised interface: public abstract boolean org.springframework.aop.framework.Advised.isPreFiltered()
06:47:01.113 [main] DEBUG o.s.aop.framework.CglibAopProxy - Method is declared on Advised interface: public abstract java.lang.Class[] org.springframework.aop.framework.Advised.getProxiedInterfaces()
06:47:01.113 [main] DEBUG o.s.aop.framework.CglibAopProxy - Method is declared on Advised interface: public abstract boolean org.springframework.aop.framework.Advised.isInterfaceProxied(java.lang.Class)
06:47:01.113 [main] DEBUG o.s.aop.framework.CglibAopProxy - Method is declared on Advised interface: public abstract org.springframework.aop.Advisor[] org.springframework.aop.framework.Advised.getAdvisors()
06:47:01.113 [main] DEBUG o.s.aop.framework.CglibAopProxy - Method is declared on Advised interface: public abstract void org.springframework.aop.framework.Advised.removeAdvisor(int) throws org.springframework.aop.framework.AopConfigException
06:47:01.113 [main] DEBUG o.s.aop.framework.CglibAopProxy - Method is declared on Advised interface: public abstract boolean org.springframework.aop.framework.Advised.removeAdvisor(org.springframework.aop.Advisor)
06:47:01.113 [main] DEBUG o.s.aop.framework.CglibAopProxy - Method is declared on Advised interface: public abstract boolean org.springframework.aop.framework.Advised.replaceAdvisor(org.springframework.aop.Advisor,org.springframework.aop.Advisor) throws org.springframework.aop.framework.AopConfigException
06:47:01.113 [main] DEBUG o.s.aop.framework.CglibAopProxy - Method is declared on Advised interface: public abstract boolean org.springframework.aop.framework.Advised.removeAdvice(org.aopalliance.aop.Advice)
06:47:01.113 [main] DEBUG o.s.aop.framework.CglibAopProxy - Method is declared on Advised interface: public abstract java.lang.String org.springframework.aop.framework.Advised.toProxyConfigString()
06:47:01.113 [main] DEBUG o.s.aop.framework.CglibAopProxy - Method is declared on Advised interface: public abstract org.springframework.aop.TargetSource org.springframework.aop.framework.Advised.getTargetSource()
06:47:01.113 [main] DEBUG o.s.aop.framework.CglibAopProxy - Method is declared on Advised interface: public abstract boolean org.springframework.aop.framework.Advised.isProxyTargetClass()
06:47:01.113 [main] DEBUG o.s.aop.framework.CglibAopProxy - Method is declared on Advised interface: public abstract void org.springframework.aop.framework.Advised.addAdvisor(org.springframework.aop.Advisor) throws org.springframework.aop.framework.AopConfigException
06:47:01.113 [main] DEBUG o.s.aop.framework.CglibAopProxy - Method is declared on Advised interface: public abstract void org.springframework.aop.framework.Advised.addAdvisor(int,org.springframework.aop.Advisor) throws org.springframework.aop.framework.AopConfigException
06:47:01.113 [main] DEBUG o.s.aop.framework.CglibAopProxy - Method is declared on Advised interface: public abstract void org.springframework.aop.framework.Advised.setPreFiltered(boolean)
06:47:01.113 [main] DEBUG o.s.aop.framework.CglibAopProxy - Method is declared on Advised interface: public abstract void org.springframework.aop.framework.Advised.setExposeProxy(boolean)
06:47:01.113 [main] DEBUG o.s.aop.framework.CglibAopProxy - Method is declared on Advised interface: public abstract boolean org.springframework.aop.framework.Advised.isExposeProxy()
06:47:01.113 [main] DEBUG o.s.aop.framework.CglibAopProxy - Method is declared on Advised interface: public abstract int org.springframework.aop.framework.Advised.indexOf(org.springframework.aop.Advisor)
06:47:01.113 [main] DEBUG o.s.aop.framework.CglibAopProxy - Method is declared on Advised interface: public abstract int org.springframework.aop.framework.Advised.indexOf(org.aopalliance.aop.Advice)
06:47:01.113 [main] DEBUG o.s.aop.framework.CglibAopProxy - Method is declared on Advised interface: public abstract boolean org.springframework.aop.framework.Advised.isFrozen()
06:47:01.114 [main] DEBUG o.s.aop.framework.CglibAopProxy - Method is declared on Advised interface: public abstract java.lang.Class org.springframework.aop.TargetClassAware.getTargetClass()
06:47:01.121 [main] DEBUG o.s.b.f.s.DefaultListableBeanFactory - Finished creating instance of bean 'APIPrescriptionController'
06:47:01.121 [main] DEBUG o.s.b.f.s.DefaultListableBeanFactory - Creating shared instance of singleton bean 'APIUserController'
06:47:01.121 [main] DEBUG o.s.b.f.s.DefaultListableBeanFactory - Creating instance of bean 'APIUserController'
06:47:01.122 [main] DEBUG o.s.b.f.s.DefaultListableBeanFactory - Eagerly caching bean 'APIUserController' to allow for resolving potential circular references
06:47:01.122 [main] DEBUG o.s.b.f.s.DefaultListableBeanFactory - Returning cached instance of singleton bean 'metaDataSourceAdvisor'
06:47:01.122 [main] DEBUG o.s.b.f.s.DefaultListableBeanFactory - Finished creating instance of bean 'APIUserController'
06:47:01.122 [main] DEBUG o.s.b.f.s.DefaultListableBeanFactory - Creating shared instance of singleton bean 'appointmentControllerHCP'
06:47:01.122 [main] DEBUG o.s.b.f.s.DefaultListableBeanFactory - Creating instance of bean 'appointmentControllerHCP'
06:47:01.123 [main] DEBUG o.s.b.f.s.DefaultListableBeanFactory - Eagerly caching bean 'appointmentControllerHCP' to allow for resolving potential circular references
06:47:01.123 [main] DEBUG o.s.b.f.s.DefaultListableBeanFactory - Returning cached instance of singleton bean 'metaDataSourceAdvisor'
06:47:01.123 [main] DEBUG o.s.s.a.p.PrePostAnnotationSecurityMetadataSource - @org.springframework.security.access.prepost.PreAuthorize(value=new val) found on specific method: public java.lang.String edu.ncsu.csc.itrust2.controllers.hcp.AppointmentControllerHCP.requestAppointmentForm(org.springframework.ui.Model)
06:47:01.123 [main] WARN  o.s.w.c.s.GenericWebApplicationContext - Exception encountered during context initialization - cancelling refresh attempt: org.springframework.beans.factory.BeanCreationException: Error creating bean with name 'appointmentControllerHCP' defined in file [/var/lib/jenkins/workspace/itrust-test/iTrust2/target/classes/edu/ncsu/csc/itrust2/controllers/hcp/AppointmentControllerHCP.class]: Initialization of bean failed; nested exception is java.lang.IllegalArgumentException: Failed to parse expression 'new val'
06:47:01.123 [main] DEBUG o.s.b.f.s.DefaultListableBeanFactory - Destroying singletons in org.springframework.beans.factory.support.DefaultListableBeanFactory@1800f14: defining beans [org.springframework.context.annotation.internalConfigurationAnnotationProcessor,org.springframework.context.annotation.internalAutowiredAnnotationProcessor,org.springframework.context.annotation.internalRequiredAnnotationProcessor,org.springframework.context.annotation.internalCommonAnnotationProcessor,org.springframework.context.annotation.internalPersistenceAnnotationProcessor,org.springframework.context.event.internalEventListenerProcessor,org.springframework.context.event.internalEventListenerFactory,rootConfiguration,webMvcConfiguration,dataConfiguration,loginAuditingListener,securityConfig,defaultController,adminController,adminUserController,hospitalController,ICDCodesController,APIAppointmentRequestController,APIDiagnosisController,APIDrugController,APIEnumController,APIHospitalController,APIICDCodeController,APILogEntryController,APIOfficeVisitController,APIPasswordController,APIPatientController,APIPersonnelController,APIPrescriptionController,APIUserController,appointmentControllerHCP,HCPController,officeVisitController,appointmentController,diagnosesController,patientController,passwordController,userController,dataSource,org.springframework.security.config.annotation.configuration.ObjectPostProcessorConfiguration,objectPostProcessor,org.springframework.security.config.annotation.authentication.configuration.AuthenticationConfiguration,authenticationManagerBuilder,enableGlobalAuthenticationAutowiredConfigurer,initializeUserDetailsBeanManagerConfigurer,initializeAuthenticationProviderBeanManagerConfigurer,org.springframework.security.config.annotation.web.configuration.WebSecurityConfiguration,delegatingApplicationListener,webSecurityExpressionHandler,springSecurityFilterChain,privilegeEvaluator,autowiredWebSecurityConfigurersIgnoreParents,org.springframework.security.config.annotation.web.configuration.WebMvcSecurityConfiguration,requestDataValueProcessor,passwordEncoder,defaultAuthenticationEventPublisher,failureHandler,ipBlockFilter,org.springframework.web.servlet.config.annotation.DelegatingWebMvcConfiguration,requestMappingHandlerMapping,mvcPathMatcher,mvcUrlPathHelper,mvcContentNegotiationManager,viewControllerHandlerMapping,beanNameHandlerMapping,resourceHandlerMapping,mvcResourceUrlProvider,defaultServletHandlerMapping,requestMappingHandlerAdapter,mvcValidator,mvcUriComponentsContributor,httpRequestHandlerAdapter,simpleControllerHandlerAdapter,handlerExceptionResolver,mvcViewResolver,mvcConversionService,org.springframework.security.config.annotation.method.configuration.GlobalMethodSecurityConfiguration,methodSecurityInterceptor,methodSecurityMetadataSource,preInvocationAuthorizationAdvice,templateEngine,domainClassConverter,viewResolver,metaDataSourceAdvisor,org.springframework.aop.config.internalAutoProxyCreator]; root of factory hierarchy
06:47:01.123 [main] DEBUG o.s.b.f.s.DefaultListableBeanFactory - Retrieved dependent beans for bean 'objectPostProcessor': [org.springframework.security.config.annotation.method.configuration.GlobalMethodSecurityConfiguration, org.springframework.security.config.annotation.authentication.configuration.AuthenticationConfiguration, securityConfig, authenticationManagerBuilder]
06:47:01.123 [main] DEBUG o.s.b.f.s.DefaultListableBeanFactory - Retrieved dependent beans for bean 'org.springframework.security.config.annotation.authentication.configuration.AuthenticationConfiguration': [securityConfig]
06:47:01.123 [main] DEBUG o.s.b.f.s.DisposableBeanAdapter - Invoking destroy() on bean with name 'objectPostProcessor'
06:47:01.125 [main] ERROR o.s.test.context.TestContextManager - Caught exception while allowing TestExecutionListener [org.springframework.test.context.web.ServletTestExecutionListener@18679066] to prepare test instance [edu.ncsu.csc.itrust2.apitest.APILogEntryTest@11e7cbe9]
java.lang.IllegalStateException: Failed to load ApplicationContext
	at org.springframework.test.context.cache.DefaultCacheAwareContextLoaderDelegate.loadContext(DefaultCacheAwareContextLoaderDelegate.java:124) ~[spring-test-4.3.5.RELEASE.jar:4.3.5.RELEASE]
	at org.springframework.test.context.support.DefaultTestContext.getApplicationContext(DefaultTestContext.java:83) ~[spring-test-4.3.5.RELEASE.jar:4.3.5.RELEASE]
	at org.springframework.test.context.web.ServletTestExecutionListener.setUpRequestContextIfNecessary(ServletTestExecutionListener.java:189) ~[spring-test-4.3.5.RELEASE.jar:4.3.5.RELEASE]
	at org.springframework.test.context.web.ServletTestExecutionListener.prepareTestInstance(ServletTestExecutionListener.java:131) ~[spring-test-4.3.5.RELEASE.jar:4.3.5.RELEASE]
	at org.springframework.test.context.TestContextManager.prepareTestInstance(TestContextManager.java:230) ~[spring-test-4.3.5.RELEASE.jar:4.3.5.RELEASE]
	at org.springframework.test.context.junit4.SpringJUnit4ClassRunner.createTest(SpringJUnit4ClassRunner.java:228) [spring-test-4.3.5.RELEASE.jar:4.3.5.RELEASE]
	at org.springframework.test.context.junit4.SpringJUnit4ClassRunner$1.runReflectiveCall(SpringJUnit4ClassRunner.java:287) [spring-test-4.3.5.RELEASE.jar:4.3.5.RELEASE]
	at org.junit.internal.runners.model.ReflectiveCallable.run(ReflectiveCallable.java:12) [junit-4.12.jar:4.12]
	at org.springframework.test.context.junit4.SpringJUnit4ClassRunner.methodBlock(SpringJUnit4ClassRunner.java:289) [spring-test-4.3.5.RELEASE.jar:4.3.5.RELEASE]
	at org.springframework.test.context.junit4.SpringJUnit4ClassRunner.runChild(SpringJUnit4ClassRunner.java:247) [spring-test-4.3.5.RELEASE.jar:4.3.5.RELEASE]
	at org.springframework.test.context.junit4.SpringJUnit4ClassRunner.runChild(SpringJUnit4ClassRunner.java:94) [spring-test-4.3.5.RELEASE.jar:4.3.5.RELEASE]
	at org.junit.runners.ParentRunner$3.run(ParentRunner.java:290) [junit-4.12.jar:4.12]
	at org.junit.runners.ParentRunner$1.schedule(ParentRunner.java:71) [junit-4.12.jar:4.12]
	at org.junit.runners.ParentRunner.runChildren(ParentRunner.java:288) [junit-4.12.jar:4.12]
	at org.junit.runners.ParentRunner.access$000(ParentRunner.java:58) [junit-4.12.jar:4.12]
	at org.junit.runners.ParentRunner$2.evaluate(ParentRunner.java:268) [junit-4.12.jar:4.12]
	at org.springframework.test.context.junit4.statements.RunBeforeTestClassCallbacks.evaluate(RunBeforeTestClassCallbacks.java:61) [spring-test-4.3.5.RELEASE.jar:4.3.5.RELEASE]
	at org.springframework.test.context.junit4.statements.RunAfterTestClassCallbacks.evaluate(RunAfterTestClassCallbacks.java:70) [spring-test-4.3.5.RELEASE.jar:4.3.5.RELEASE]
	at org.junit.runners.ParentRunner.run(ParentRunner.java:363) [junit-4.12.jar:4.12]
	at org.springframework.test.context.junit4.SpringJUnit4ClassRunner.run(SpringJUnit4ClassRunner.java:191) [spring-test-4.3.5.RELEASE.jar:4.3.5.RELEASE]
	at org.apache.maven.surefire.junit4.JUnit4Provider.execute(JUnit4Provider.java:365) [surefire-junit4-2.20.jar:2.20]
	at org.apache.maven.surefire.junit4.JUnit4Provider.executeWithRerun(JUnit4Provider.java:272) [surefire-junit4-2.20.jar:2.20]
	at org.apache.maven.surefire.junit4.JUnit4Provider.executeTestSet(JUnit4Provider.java:236) [surefire-junit4-2.20.jar:2.20]
	at org.apache.maven.surefire.junit4.JUnit4Provider.invoke(JUnit4Provider.java:159) [surefire-junit4-2.20.jar:2.20]
	at org.apache.maven.surefire.booter.ForkedBooter.invokeProviderInSameClassLoader(ForkedBooter.java:386) [surefire-booter-2.20.jar:2.20]
	at org.apache.maven.surefire.booter.ForkedBooter.runSuitesInProcess(ForkedBooter.java:323) [surefire-booter-2.20.jar:2.20]
	at org.apache.maven.surefire.booter.ForkedBooter.main(ForkedBooter.java:143) [surefire-booter-2.20.jar:2.20]
Caused by: org.springframework.beans.factory.BeanCreationException: Error creating bean with name 'appointmentControllerHCP' defined in file [/var/lib/jenkins/workspace/itrust-test/iTrust2/target/classes/edu/ncsu/csc/itrust2/controllers/hcp/AppointmentControllerHCP.class]: Initialization of bean failed; nested exception is java.lang.IllegalArgumentException: Failed to parse expression 'new val'
	at org.springframework.beans.factory.support.AbstractAutowireCapableBeanFactory.doCreateBean(AbstractAutowireCapableBeanFactory.java:563) ~[spring-beans-4.3.5.RELEASE.jar:4.3.5.RELEASE]
	at org.springframework.beans.factory.support.AbstractAutowireCapableBeanFactory.createBean(AbstractAutowireCapableBeanFactory.java:483) ~[spring-beans-4.3.5.RELEASE.jar:4.3.5.RELEASE]
	at org.springframework.beans.factory.support.AbstractBeanFactory$1.getObject(AbstractBeanFactory.java:306) ~[spring-beans-4.3.5.RELEASE.jar:4.3.5.RELEASE]
	at org.springframework.beans.factory.support.DefaultSingletonBeanRegistry.getSingleton(DefaultSingletonBeanRegistry.java:230) ~[spring-beans-4.3.5.RELEASE.jar:4.3.5.RELEASE]
	at org.springframework.beans.factory.support.AbstractBeanFactory.doGetBean(AbstractBeanFactory.java:302) ~[spring-beans-4.3.5.RELEASE.jar:4.3.5.RELEASE]
	at org.springframework.beans.factory.support.AbstractBeanFactory.getBean(AbstractBeanFactory.java:197) ~[spring-beans-4.3.5.RELEASE.jar:4.3.5.RELEASE]
	at org.springframework.beans.factory.support.DefaultListableBeanFactory.preInstantiateSingletons(DefaultListableBeanFactory.java:759) ~[spring-beans-4.3.5.RELEASE.jar:4.3.5.RELEASE]
	at org.springframework.context.support.AbstractApplicationContext.finishBeanFactoryInitialization(AbstractApplicationContext.java:866) ~[spring-context-4.3.5.RELEASE.jar:4.3.5.RELEASE]
	at org.springframework.context.support.AbstractApplicationContext.refresh(AbstractApplicationContext.java:542) ~[spring-context-4.3.5.RELEASE.jar:4.3.5.RELEASE]
	at org.springframework.test.context.web.AbstractGenericWebContextLoader.loadContext(AbstractGenericWebContextLoader.java:134) ~[spring-test-4.3.5.RELEASE.jar:4.3.5.RELEASE]
	at org.springframework.test.context.web.AbstractGenericWebContextLoader.loadContext(AbstractGenericWebContextLoader.java:61) ~[spring-test-4.3.5.RELEASE.jar:4.3.5.RELEASE]
	at org.springframework.test.context.support.AbstractDelegatingSmartContextLoader.delegateLoading(AbstractDelegatingSmartContextLoader.java:108) ~[spring-test-4.3.5.RELEASE.jar:4.3.5.RELEASE]
	at org.springframework.test.context.support.AbstractDelegatingSmartContextLoader.loadContext(AbstractDelegatingSmartContextLoader.java:251) ~[spring-test-4.3.5.RELEASE.jar:4.3.5.RELEASE]
	at org.springframework.test.context.cache.DefaultCacheAwareContextLoaderDelegate.loadContextInternal(DefaultCacheAwareContextLoaderDelegate.java:98) ~[spring-test-4.3.5.RELEASE.jar:4.3.5.RELEASE]
	at org.springframework.test.context.cache.DefaultCacheAwareContextLoaderDelegate.loadContext(DefaultCacheAwareContextLoaderDelegate.java:116) ~[spring-test-4.3.5.RELEASE.jar:4.3.5.RELEASE]
	... 26 common frames omitted
Caused by: java.lang.IllegalArgumentException: Failed to parse expression 'new val'
	at org.springframework.security.access.expression.method.ExpressionBasedAnnotationAttributeFactory.createPreInvocationAttribute(ExpressionBasedAnnotationAttributeFactory.java:59) ~[spring-security-core-4.2.2.RELEASE.jar:4.2.2.RELEASE]
	at org.springframework.security.access.prepost.PrePostAnnotationSecurityMetadataSource.getAttributes(PrePostAnnotationSecurityMetadataSource.java:89) ~[spring-security-core-4.2.2.RELEASE.jar:4.2.2.RELEASE]
	at org.springframework.security.access.method.DelegatingMethodSecurityMetadataSource.getAttributes(DelegatingMethodSecurityMetadataSource.java:73) ~[spring-security-core-4.2.2.RELEASE.jar:4.2.2.RELEASE]
	at org.springframework.security.access.intercept.aopalliance.MethodSecurityMetadataSourceAdvisor$MethodSecurityMetadataSourcePointcut.matches(MethodSecurityMetadataSourceAdvisor.java:134) ~[spring-security-core-4.2.2.RELEASE.jar:4.2.2.RELEASE]
	at org.springframework.aop.support.AopUtils.canApply(AopUtils.java:242) ~[spring-aop-4.3.5.RELEASE.jar:4.3.5.RELEASE]
	at org.springframework.aop.support.AopUtils.canApply(AopUtils.java:279) ~[spring-aop-4.3.5.RELEASE.jar:4.3.5.RELEASE]
	at org.springframework.aop.support.AopUtils.findAdvisorsThatCanApply(AopUtils.java:311) ~[spring-aop-4.3.5.RELEASE.jar:4.3.5.RELEASE]
	at org.springframework.aop.framework.autoproxy.AbstractAdvisorAutoProxyCreator.findAdvisorsThatCanApply(AbstractAdvisorAutoProxyCreator.java:118) ~[spring-aop-4.3.5.RELEASE.jar:4.3.5.RELEASE]
	at org.springframework.aop.framework.autoproxy.AbstractAdvisorAutoProxyCreator.findEligibleAdvisors(AbstractAdvisorAutoProxyCreator.java:88) ~[spring-aop-4.3.5.RELEASE.jar:4.3.5.RELEASE]
	at org.springframework.aop.framework.autoproxy.AbstractAdvisorAutoProxyCreator.getAdvicesAndAdvisorsForBean(AbstractAdvisorAutoProxyCreator.java:69) ~[spring-aop-4.3.5.RELEASE.jar:4.3.5.RELEASE]
	at org.springframework.aop.framework.autoproxy.AbstractAutoProxyCreator.wrapIfNecessary(AbstractAutoProxyCreator.java:347) ~[spring-aop-4.3.5.RELEASE.jar:4.3.5.RELEASE]
	at org.springframework.aop.framework.autoproxy.AbstractAutoProxyCreator.postProcessAfterInitialization(AbstractAutoProxyCreator.java:299) ~[spring-aop-4.3.5.RELEASE.jar:4.3.5.RELEASE]
	at org.springframework.beans.factory.support.AbstractAutowireCapableBeanFactory.applyBeanPostProcessorsAfterInitialization(AbstractAutowireCapableBeanFactory.java:423) ~[spring-beans-4.3.5.RELEASE.jar:4.3.5.RELEASE]
	at org.springframework.beans.factory.support.AbstractAutowireCapableBeanFactory.initializeBean(AbstractAutowireCapableBeanFactory.java:1594) ~[spring-beans-4.3.5.RELEASE.jar:4.3.5.RELEASE]
	at org.springframework.beans.factory.support.AbstractAutowireCapableBeanFactory.doCreateBean(AbstractAutowireCapableBeanFactory.java:554) ~[spring-beans-4.3.5.RELEASE.jar:4.3.5.RELEASE]
	... 40 common frames omitted
Caused by: org.springframework.expression.spel.SpelParseException: Expression [new val] @7: EL1050E: The arguments (...) for the constructor call are missing
	at org.springframework.expression.spel.standard.InternalSpelExpressionParser.eatConstructorArgs(InternalSpelExpressionParser.java:450) ~[spring-expression-4.3.5.RELEASE.jar:4.3.5.RELEASE]
	at org.springframework.expression.spel.standard.InternalSpelExpressionParser.maybeEatConstructorReference(InternalSpelExpressionParser.java:799) ~[spring-expression-4.3.5.RELEASE.jar:4.3.5.RELEASE]
	at org.springframework.expression.spel.standard.InternalSpelExpressionParser.eatStartNode(InternalSpelExpressionParser.java:507) ~[spring-expression-4.3.5.RELEASE.jar:4.3.5.RELEASE]
	at org.springframework.expression.spel.standard.InternalSpelExpressionParser.eatPrimaryExpression(InternalSpelExpressionParser.java:343) ~[spring-expression-4.3.5.RELEASE.jar:4.3.5.RELEASE]
	at org.springframework.expression.spel.standard.InternalSpelExpressionParser.eatUnaryExpression(InternalSpelExpressionParser.java:337) ~[spring-expression-4.3.5.RELEASE.jar:4.3.5.RELEASE]
	at org.springframework.expression.spel.standard.InternalSpelExpressionParser.eatPowerIncDecExpression(InternalSpelExpressionParser.java:293) ~[spring-expression-4.3.5.RELEASE.jar:4.3.5.RELEASE]
	at org.springframework.expression.spel.standard.InternalSpelExpressionParser.eatProductExpression(InternalSpelExpressionParser.java:272) ~[spring-expression-4.3.5.RELEASE.jar:4.3.5.RELEASE]
	at org.springframework.expression.spel.standard.InternalSpelExpressionParser.eatSumExpression(InternalSpelExpressionParser.java:255) ~[spring-expression-4.3.5.RELEASE.jar:4.3.5.RELEASE]
	at org.springframework.expression.spel.standard.InternalSpelExpressionParser.eatRelationalExpression(InternalSpelExpressionParser.java:210) ~[spring-expression-4.3.5.RELEASE.jar:4.3.5.RELEASE]
	at org.springframework.expression.spel.standard.InternalSpelExpressionParser.eatLogicalAndExpression(InternalSpelExpressionParser.java:198) ~[spring-expression-4.3.5.RELEASE.jar:4.3.5.RELEASE]
	at org.springframework.expression.spel.standard.InternalSpelExpressionParser.eatLogicalOrExpression(InternalSpelExpressionParser.java:186) ~[spring-expression-4.3.5.RELEASE.jar:4.3.5.RELEASE]
	at org.springframework.expression.spel.standard.InternalSpelExpressionParser.eatExpression(InternalSpelExpressionParser.java:146) ~[spring-expression-4.3.5.RELEASE.jar:4.3.5.RELEASE]
	at org.springframework.expression.spel.standard.InternalSpelExpressionParser.doParseExpression(InternalSpelExpressionParser.java:127) ~[spring-expression-4.3.5.RELEASE.jar:4.3.5.RELEASE]
	at org.springframework.expression.spel.standard.SpelExpressionParser.doParseExpression(SpelExpressionParser.java:60) ~[spring-expression-4.3.5.RELEASE.jar:4.3.5.RELEASE]
	at org.springframework.expression.spel.standard.SpelExpressionParser.doParseExpression(SpelExpressionParser.java:32) ~[spring-expression-4.3.5.RELEASE.jar:4.3.5.RELEASE]
	at org.springframework.expression.common.TemplateAwareExpressionParser.parseExpression(TemplateAwareExpressionParser.java:76) ~[spring-expression-4.3.5.RELEASE.jar:4.3.5.RELEASE]
	at org.springframework.expression.common.TemplateAwareExpressionParser.parseExpression(TemplateAwareExpressionParser.java:62) ~[spring-expression-4.3.5.RELEASE.jar:4.3.5.RELEASE]
	at org.springframework.security.access.expression.method.ExpressionBasedAnnotationAttributeFactory.createPreInvocationAttribute(ExpressionBasedAnnotationAttributeFactory.java:51) ~[spring-security-core-4.2.2.RELEASE.jar:4.2.2.RELEASE]
	... 54 common frames omitted
]]></system-out>
  </testcase>
</testsuite>