<?xml version="1.0" encoding="UTF-8"?>
<testsuite xmlns:xsi="http://www.w3.org/2001/XMLSchema-instance" xsi:noNamespaceSchemaLocation="https://maven.apache.org/surefire/maven-surefire-plugin/xsd/surefire-test-report.xsd" name="edu.ncsu.csc.itrust2.unit.LogTest" time="0.051" tests="1" errors="1" skipped="0" failures="0">
  <properties>
    <property name="java.runtime.name" value="Java(TM) SE Runtime Environment"/>
    <property name="sun.boot.library.path" value="/usr/lib/jvm/java-8-oracle/jre/lib/amd64"/>
    <property name="java.vm.version" value="25.161-b12"/>
    <property name="java.vm.vendor" value="Oracle Corporation"/>
    <property name="maven.multiModuleProjectDirectory" value="/var/lib/jenkins/workspace/itrust-test/iTrust2"/>
    <property name="java.vendor.url" value="http://java.oracle.com/"/>
    <property name="path.separator" value=":"/>
    <property name="guice.disable.misplaced.annotation.check" value="true"/>
    <property name="java.vm.name" value="Java HotSpot(TM) 64-Bit Server VM"/>
    <property name="file.encoding.pkg" value="sun.io"/>
    <property name="user.country" value="US"/>
    <property name="sun.java.launcher" value="SUN_STANDARD"/>
    <property name="sun.os.patch.level" value="unknown"/>
    <property name="java.vm.specification.name" value="Java Virtual Machine Specification"/>
    <property name="user.dir" value="/var/lib/jenkins/workspace/itrust-test/iTrust2"/>
    <property name="java.runtime.version" value="1.8.0_161-b12"/>
    <property name="java.awt.graphicsenv" value="sun.awt.X11GraphicsEnvironment"/>
    <property name="java.endorsed.dirs" value="/usr/lib/jvm/java-8-oracle/jre/lib/endorsed"/>
    <property name="os.arch" value="amd64"/>
    <property name="java.io.tmpdir" value="/tmp"/>
    <property name="line.separator" value="&#10;"/>
    <property name="java.vm.specification.vendor" value="Oracle Corporation"/>
    <property name="os.name" value="Linux"/>
    <property name="classworlds.conf" value="/usr/share/maven/bin/m2.conf"/>
    <property name="sun.jnu.encoding" value="UTF-8"/>
    <property name="java.library.path" value="/usr/java/packages/lib/amd64:/usr/lib64:/lib64:/lib:/usr/lib"/>
    <property name="java.specification.name" value="Java Platform API Specification"/>
    <property name="java.class.version" value="52.0"/>
    <property name="sun.management.compiler" value="HotSpot 64-Bit Tiered Compilers"/>
    <property name="os.version" value="4.4.0-112-generic"/>
    <property name="user.home" value="/var/lib/jenkins"/>
    <property name="user.timezone" value="Etc/UTC"/>
    <property name="java.awt.printerjob" value="sun.print.PSPrinterJob"/>
    <property name="file.encoding" value="UTF-8"/>
    <property name="java.specification.version" value="1.8"/>
    <property name="user.name" value="jenkins"/>
    <property name="java.class.path" value="/usr/share/maven/boot/plexus-classworlds-2.x.jar"/>
    <property name="java.vm.specification.version" value="1.8"/>
    <property name="sun.arch.data.model" value="64"/>
    <property name="java.home" value="/usr/lib/jvm/java-8-oracle/jre"/>
    <property name="sun.java.command" value="org.codehaus.plexus.classworlds.launcher.Launcher clean test verify"/>
    <property name="java.specification.vendor" value="Oracle Corporation"/>
    <property name="user.language" value="en"/>
    <property name="awt.toolkit" value="sun.awt.X11.XToolkit"/>
    <property name="java.vm.info" value="mixed mode"/>
    <property name="java.version" value="1.8.0_161"/>
    <property name="java.ext.dirs" value="/usr/lib/jvm/java-8-oracle/jre/lib/ext:/usr/java/packages/lib/ext"/>
    <property name="securerandom.source" value="file:/dev/./urandom"/>
    <property name="sun.boot.class.path" value="/usr/lib/jvm/java-8-oracle/jre/lib/resources.jar:/usr/lib/jvm/java-8-oracle/jre/lib/rt.jar:/usr/lib/jvm/java-8-oracle/jre/lib/sunrsasign.jar:/usr/lib/jvm/java-8-oracle/jre/lib/jsse.jar:/usr/lib/jvm/java-8-oracle/jre/lib/jce.jar:/usr/lib/jvm/java-8-oracle/jre/lib/charsets.jar:/usr/lib/jvm/java-8-oracle/jre/lib/jfr.jar:/usr/lib/jvm/java-8-oracle/jre/classes"/>
    <property name="java.vendor" value="Oracle Corporation"/>
    <property name="maven.home" value="/usr/share/maven"/>
    <property name="file.separator" value="/"/>
    <property name="java.vendor.url.bug" value="http://bugreport.sun.com/bugreport/"/>
    <property name="sun.cpu.endian" value="little"/>
    <property name="sun.io.unicode.encoding" value="UnicodeLittle"/>
    <property name="sun.cpu.isalist" value=""/>
  </properties>
  <testcase name="testLogging" classname="edu.ncsu.csc.itrust2.unit.LogTest" time="0.051">
    <error message="fromIndex(1783787227) &gt; toIndex(1)" type="java.lang.IllegalArgumentException">java.lang.IllegalArgumentException: fromIndex(1783787227) > toIndex(1)
	at edu.ncsu.csc.itrust2.unit.LogTest.testLogging(LogTest.java:45)
</error>
    <system-out><![CDATA[07:04:55.309 [main] DEBUG o.h.e.t.internal.TransactionImpl - begin
07:04:55.310 [main] DEBUG org.hibernate.SQL - select this_.id as id1_6_0_, this_.logCode as logCode2_6_0_, this_.message as message3_6_0_, this_.primaryUser as primaryU4_6_0_, this_.secondaryUser as secondar5_6_0_, this_.time as time6_6_0_ from LogEntries this_ where (this_.primaryUser=? or this_.secondaryUser=?)
Hibernate: select this_.id as id1_6_0_, this_.logCode as logCode2_6_0_, this_.message as message3_6_0_, this_.primaryUser as primaryU4_6_0_, this_.secondaryUser as secondar5_6_0_, this_.time as time6_6_0_ from LogEntries this_ where (this_.primaryUser=? or this_.secondaryUser=?)
07:04:55.311 [main] DEBUG o.h.e.t.internal.TransactionImpl - committing
07:04:55.312 [main] DEBUG o.h.e.t.internal.TransactionImpl - begin
07:04:55.313 [main] DEBUG org.hibernate.SQL - select next_val as id_val from hibernate_sequence for update
Hibernate: select next_val as id_val from hibernate_sequence for update
07:04:55.313 [main] DEBUG org.hibernate.SQL - update hibernate_sequence set next_val= ? where next_val=?
Hibernate: update hibernate_sequence set next_val= ? where next_val=?
07:04:55.316 [main] DEBUG o.h.e.i.AbstractSaveEventListener - Generated identifier: 20, using strategy: org.hibernate.id.enhanced.SequenceStyleGenerator
07:04:55.316 [main] DEBUG o.h.e.t.internal.TransactionImpl - committing
07:04:55.316 [main] DEBUG o.h.e.i.AbstractFlushingEventListener - Processing flush-time cascades
07:04:55.316 [main] DEBUG o.h.e.i.AbstractFlushingEventListener - Dirty checking collections
07:04:55.317 [main] DEBUG o.h.e.i.AbstractFlushingEventListener - Flushed: 1 insertions, 0 updates, 0 deletions to 1 objects
07:04:55.317 [main] DEBUG o.h.e.i.AbstractFlushingEventListener - Flushed: 0 (re)creations, 0 updates, 0 removals to 0 collections
07:04:55.317 [main] DEBUG o.h.internal.util.EntityPrinter - Listing entities:
07:04:55.317 [main] DEBUG o.h.internal.util.EntityPrinter - edu.ncsu.csc.itrust2.models.persistent.LogEntry{secondaryUser=logHcp, logCode=19, primaryUser=logPatient, id=20, time=java.util.GregorianCalendar[time=1521702295312,areFieldsSet=true,areAllFieldsSet=true,lenient=true,zone=sun.util.calendar.ZoneInfo[id="Etc/UTC",offset=0,dstSavings=0,useDaylight=false,transitions=0,lastRule=null],firstDayOfWeek=1,minimalDaysInFirstWeek=1,ERA=1,YEAR=2018,MONTH=2,WEEK_OF_YEAR=12,WEEK_OF_MONTH=4,DAY_OF_MONTH=22,DAY_OF_YEAR=81,DAY_OF_WEEK=5,DAY_OF_WEEK_IN_MONTH=4,AM_PM=0,HOUR=7,HOUR_OF_DAY=7,MINUTE=4,SECOND=55,MILLISECOND=312,ZONE_OFFSET=0,DST_OFFSET=0], message=test log entry with patient and hcp}
07:04:55.318 [main] DEBUG org.hibernate.SQL - insert into LogEntries (logCode, message, primaryUser, secondaryUser, time, id) values (?, ?, ?, ?, ?, ?)
Hibernate: insert into LogEntries (logCode, message, primaryUser, secondaryUser, time, id) values (?, ?, ?, ?, ?, ?)
07:04:55.320 [main] DEBUG o.h.e.j.internal.JdbcCoordinatorImpl - HHH000420: Closing un-released batch
07:04:55.320 [main] DEBUG o.h.e.t.internal.TransactionImpl - begin
07:04:55.321 [main] DEBUG org.hibernate.SQL - select next_val as id_val from hibernate_sequence for update
Hibernate: select next_val as id_val from hibernate_sequence for update
07:04:55.322 [main] DEBUG org.hibernate.SQL - update hibernate_sequence set next_val= ? where next_val=?
Hibernate: update hibernate_sequence set next_val= ? where next_val=?
07:04:55.323 [main] DEBUG o.h.e.i.AbstractSaveEventListener - Generated identifier: 21, using strategy: org.hibernate.id.enhanced.SequenceStyleGenerator
07:04:55.324 [main] DEBUG o.h.e.t.internal.TransactionImpl - committing
07:04:55.324 [main] DEBUG o.h.e.i.AbstractFlushingEventListener - Processing flush-time cascades
07:04:55.324 [main] DEBUG o.h.e.i.AbstractFlushingEventListener - Dirty checking collections
07:04:55.324 [main] DEBUG o.h.e.i.AbstractFlushingEventListener - Flushed: 1 insertions, 0 updates, 0 deletions to 1 objects
07:04:55.324 [main] DEBUG o.h.e.i.AbstractFlushingEventListener - Flushed: 0 (re)creations, 0 updates, 0 removals to 0 collections
07:04:55.324 [main] DEBUG o.h.internal.util.EntityPrinter - Listing entities:
07:04:55.324 [main] DEBUG o.h.internal.util.EntityPrinter - edu.ncsu.csc.itrust2.models.persistent.LogEntry{secondaryUser=null, logCode=15, primaryUser=logAdmin, id=21, time=java.util.GregorianCalendar[time=1521702295320,areFieldsSet=true,areAllFieldsSet=true,lenient=true,zone=sun.util.calendar.ZoneInfo[id="Etc/UTC",offset=0,dstSavings=0,useDaylight=false,transitions=0,lastRule=null],firstDayOfWeek=1,minimalDaysInFirstWeek=1,ERA=1,YEAR=2018,MONTH=2,WEEK_OF_YEAR=12,WEEK_OF_MONTH=4,DAY_OF_MONTH=22,DAY_OF_YEAR=81,DAY_OF_WEEK=5,DAY_OF_WEEK_IN_MONTH=4,AM_PM=0,HOUR=7,HOUR_OF_DAY=7,MINUTE=4,SECOND=55,MILLISECOND=320,ZONE_OFFSET=0,DST_OFFSET=0], message=null}
07:04:55.325 [main] DEBUG org.hibernate.SQL - insert into LogEntries (logCode, message, primaryUser, secondaryUser, time, id) values (?, ?, ?, ?, ?, ?)
Hibernate: insert into LogEntries (logCode, message, primaryUser, secondaryUser, time, id) values (?, ?, ?, ?, ?, ?)
07:04:55.327 [main] DEBUG o.h.e.j.internal.JdbcCoordinatorImpl - HHH000420: Closing un-released batch
07:04:55.328 [main] DEBUG o.h.e.t.internal.TransactionImpl - begin
07:04:55.328 [main] DEBUG org.hibernate.SQL - select next_val as id_val from hibernate_sequence for update
Hibernate: select next_val as id_val from hibernate_sequence for update
07:04:55.329 [main] DEBUG org.hibernate.SQL - update hibernate_sequence set next_val= ? where next_val=?
Hibernate: update hibernate_sequence set next_val= ? where next_val=?
07:04:55.331 [main] DEBUG o.h.e.i.AbstractSaveEventListener - Generated identifier: 22, using strategy: org.hibernate.id.enhanced.SequenceStyleGenerator
07:04:55.331 [main] DEBUG o.h.e.t.internal.TransactionImpl - committing
07:04:55.331 [main] DEBUG o.h.e.i.AbstractFlushingEventListener - Processing flush-time cascades
07:04:55.332 [main] DEBUG o.h.e.i.AbstractFlushingEventListener - Dirty checking collections
07:04:55.332 [main] DEBUG o.h.e.i.AbstractFlushingEventListener - Flushed: 1 insertions, 0 updates, 0 deletions to 1 objects
07:04:55.332 [main] DEBUG o.h.e.i.AbstractFlushingEventListener - Flushed: 0 (re)creations, 0 updates, 0 removals to 0 collections
07:04:55.332 [main] DEBUG o.h.internal.util.EntityPrinter - Listing entities:
07:04:55.332 [main] DEBUG o.h.internal.util.EntityPrinter - edu.ncsu.csc.itrust2.models.persistent.LogEntry{secondaryUser=null, logCode=1, primaryUser=logPatient, id=22, time=java.util.GregorianCalendar[time=1521702295328,areFieldsSet=true,areAllFieldsSet=true,lenient=true,zone=sun.util.calendar.ZoneInfo[id="Etc/UTC",offset=0,dstSavings=0,useDaylight=false,transitions=0,lastRule=null],firstDayOfWeek=1,minimalDaysInFirstWeek=1,ERA=1,YEAR=2018,MONTH=2,WEEK_OF_YEAR=12,WEEK_OF_MONTH=4,DAY_OF_MONTH=22,DAY_OF_YEAR=81,DAY_OF_WEEK=5,DAY_OF_WEEK_IN_MONTH=4,AM_PM=0,HOUR=7,HOUR_OF_DAY=7,MINUTE=4,SECOND=55,MILLISECOND=328,ZONE_OFFSET=0,DST_OFFSET=0], message=login succeeded for logPatient.}
07:04:55.333 [main] DEBUG org.hibernate.SQL - insert into LogEntries (logCode, message, primaryUser, secondaryUser, time, id) values (?, ?, ?, ?, ?, ?)
Hibernate: insert into LogEntries (logCode, message, primaryUser, secondaryUser, time, id) values (?, ?, ?, ?, ?, ?)
07:04:55.335 [main] DEBUG o.h.e.j.internal.JdbcCoordinatorImpl - HHH000420: Closing un-released batch
07:04:55.335 [main] DEBUG o.h.e.t.internal.TransactionImpl - begin
07:04:55.336 [main] DEBUG org.hibernate.SQL - select this_.id as id1_6_0_, this_.logCode as logCode2_6_0_, this_.message as message3_6_0_, this_.primaryUser as primaryU4_6_0_, this_.secondaryUser as secondar5_6_0_, this_.time as time6_6_0_ from LogEntries this_ where (this_.primaryUser=? or this_.secondaryUser=?)
Hibernate: select this_.id as id1_6_0_, this_.logCode as logCode2_6_0_, this_.message as message3_6_0_, this_.primaryUser as primaryU4_6_0_, this_.secondaryUser as secondar5_6_0_, this_.time as time6_6_0_ from LogEntries this_ where (this_.primaryUser=? or this_.secondaryUser=?)
07:04:55.337 [main] DEBUG org.hibernate.loader.Loader - Result set row: 0
07:04:55.337 [main] DEBUG org.hibernate.loader.Loader - Result row: EntityKey[edu.ncsu.csc.itrust2.models.persistent.LogEntry#20]
07:04:55.338 [main] DEBUG o.h.engine.internal.TwoPhaseLoad - Resolving associations for [edu.ncsu.csc.itrust2.models.persistent.LogEntry#20]
07:04:55.338 [main] DEBUG o.h.engine.internal.TwoPhaseLoad - Done materializing entity [edu.ncsu.csc.itrust2.models.persistent.LogEntry#20]
07:04:55.338 [main] DEBUG o.h.e.t.internal.TransactionImpl - committing
07:04:55.338 [main] DEBUG o.h.e.i.AbstractFlushingEventListener - Processing flush-time cascades
07:04:55.338 [main] DEBUG o.h.e.i.AbstractFlushingEventListener - Dirty checking collections
07:04:55.338 [main] DEBUG o.h.e.i.AbstractFlushingEventListener - Flushed: 0 insertions, 0 updates, 0 deletions to 1 objects
07:04:55.338 [main] DEBUG o.h.e.i.AbstractFlushingEventListener - Flushed: 0 (re)creations, 0 updates, 0 removals to 0 collections
07:04:55.338 [main] DEBUG o.h.internal.util.EntityPrinter - Listing entities:
07:04:55.339 [main] DEBUG o.h.internal.util.EntityPrinter - edu.ncsu.csc.itrust2.models.persistent.LogEntry{secondaryUser=logHcp, logCode=19, primaryUser=logPatient, id=20, time=java.util.GregorianCalendar[time=1521702295000,areFieldsSet=true,areAllFieldsSet=true,lenient=true,zone=sun.util.calendar.ZoneInfo[id="Etc/UTC",offset=0,dstSavings=0,useDaylight=false,transitions=0,lastRule=null],firstDayOfWeek=1,minimalDaysInFirstWeek=1,ERA=1,YEAR=2018,MONTH=2,WEEK_OF_YEAR=12,WEEK_OF_MONTH=4,DAY_OF_MONTH=22,DAY_OF_YEAR=81,DAY_OF_WEEK=5,DAY_OF_WEEK_IN_MONTH=4,AM_PM=0,HOUR=7,HOUR_OF_DAY=7,MINUTE=4,SECOND=55,MILLISECOND=0,ZONE_OFFSET=0,DST_OFFSET=0], message=test log entry with patient and hcp}
07:04:55.340 [main] DEBUG o.h.e.t.internal.TransactionImpl - begin
07:04:55.341 [main] DEBUG org.hibernate.SQL - select this_.id as id1_6_0_, this_.logCode as logCode2_6_0_, this_.message as message3_6_0_, this_.primaryUser as primaryU4_6_0_, this_.secondaryUser as secondar5_6_0_, this_.time as time6_6_0_ from LogEntries this_ where (this_.primaryUser=? or this_.secondaryUser=?)
Hibernate: select this_.id as id1_6_0_, this_.logCode as logCode2_6_0_, this_.message as message3_6_0_, this_.primaryUser as primaryU4_6_0_, this_.secondaryUser as secondar5_6_0_, this_.time as time6_6_0_ from LogEntries this_ where (this_.primaryUser=? or this_.secondaryUser=?)
07:04:55.344 [main] DEBUG org.hibernate.loader.Loader - Result set row: 0
07:04:55.344 [main] DEBUG org.hibernate.loader.Loader - Result row: EntityKey[edu.ncsu.csc.itrust2.models.persistent.LogEntry#20]
07:04:55.345 [main] DEBUG o.h.engine.internal.TwoPhaseLoad - Resolving associations for [edu.ncsu.csc.itrust2.models.persistent.LogEntry#20]
07:04:55.345 [main] DEBUG o.h.engine.internal.TwoPhaseLoad - Done materializing entity [edu.ncsu.csc.itrust2.models.persistent.LogEntry#20]
07:04:55.345 [main] DEBUG o.h.e.t.internal.TransactionImpl - committing
07:04:55.345 [main] DEBUG o.h.e.i.AbstractFlushingEventListener - Processing flush-time cascades
07:04:55.345 [main] DEBUG o.h.e.i.AbstractFlushingEventListener - Dirty checking collections
07:04:55.345 [main] DEBUG o.h.e.i.AbstractFlushingEventListener - Flushed: 0 insertions, 0 updates, 0 deletions to 1 objects
07:04:55.345 [main] DEBUG o.h.e.i.AbstractFlushingEventListener - Flushed: 0 (re)creations, 0 updates, 0 removals to 0 collections
07:04:55.345 [main] DEBUG o.h.internal.util.EntityPrinter - Listing entities:
07:04:55.346 [main] DEBUG o.h.internal.util.EntityPrinter - edu.ncsu.csc.itrust2.models.persistent.LogEntry{secondaryUser=logHcp, logCode=19, primaryUser=logPatient, id=20, time=java.util.GregorianCalendar[time=1521702295000,areFieldsSet=true,areAllFieldsSet=true,lenient=true,zone=sun.util.calendar.ZoneInfo[id="Etc/UTC",offset=0,dstSavings=0,useDaylight=false,transitions=0,lastRule=null],firstDayOfWeek=1,minimalDaysInFirstWeek=1,ERA=1,YEAR=2018,MONTH=2,WEEK_OF_YEAR=12,WEEK_OF_MONTH=4,DAY_OF_MONTH=22,DAY_OF_YEAR=81,DAY_OF_WEEK=5,DAY_OF_WEEK_IN_MONTH=4,AM_PM=0,HOUR=7,HOUR_OF_DAY=7,MINUTE=4,SECOND=55,MILLISECOND=0,ZONE_OFFSET=0,DST_OFFSET=0], message=test log entry with patient and hcp}
07:04:55.347 [main] DEBUG o.h.e.t.internal.TransactionImpl - begin
07:04:55.348 [main] DEBUG org.hibernate.SQL - select this_.id as id1_6_0_, this_.logCode as logCode2_6_0_, this_.message as message3_6_0_, this_.primaryUser as primaryU4_6_0_, this_.secondaryUser as secondar5_6_0_, this_.time as time6_6_0_ from LogEntries this_ where (this_.primaryUser=? or this_.secondaryUser=?)
Hibernate: select this_.id as id1_6_0_, this_.logCode as logCode2_6_0_, this_.message as message3_6_0_, this_.primaryUser as primaryU4_6_0_, this_.secondaryUser as secondar5_6_0_, this_.time as time6_6_0_ from LogEntries this_ where (this_.primaryUser=? or this_.secondaryUser=?)
07:04:55.349 [main] DEBUG org.hibernate.loader.Loader - Result set row: 0
07:04:55.349 [main] DEBUG org.hibernate.loader.Loader - Result row: EntityKey[edu.ncsu.csc.itrust2.models.persistent.LogEntry#20]
07:04:55.349 [main] DEBUG o.h.engine.internal.TwoPhaseLoad - Resolving associations for [edu.ncsu.csc.itrust2.models.persistent.LogEntry#20]
07:04:55.350 [main] DEBUG o.h.engine.internal.TwoPhaseLoad - Done materializing entity [edu.ncsu.csc.itrust2.models.persistent.LogEntry#20]
07:04:55.350 [main] DEBUG o.h.e.t.internal.TransactionImpl - committing
07:04:55.350 [main] DEBUG o.h.e.i.AbstractFlushingEventListener - Processing flush-time cascades
07:04:55.350 [main] DEBUG o.h.e.i.AbstractFlushingEventListener - Dirty checking collections
07:04:55.350 [main] DEBUG o.h.e.i.AbstractFlushingEventListener - Flushed: 0 insertions, 0 updates, 0 deletions to 1 objects
07:04:55.350 [main] DEBUG o.h.e.i.AbstractFlushingEventListener - Flushed: 0 (re)creations, 0 updates, 0 removals to 0 collections
07:04:55.350 [main] DEBUG o.h.internal.util.EntityPrinter - Listing entities:
07:04:55.350 [main] DEBUG o.h.internal.util.EntityPrinter - edu.ncsu.csc.itrust2.models.persistent.LogEntry{secondaryUser=logHcp, logCode=19, primaryUser=logPatient, id=20, time=java.util.GregorianCalendar[time=1521702295000,areFieldsSet=true,areAllFieldsSet=true,lenient=true,zone=sun.util.calendar.ZoneInfo[id="Etc/UTC",offset=0,dstSavings=0,useDaylight=false,transitions=0,lastRule=null],firstDayOfWeek=1,minimalDaysInFirstWeek=1,ERA=1,YEAR=2018,MONTH=2,WEEK_OF_YEAR=12,WEEK_OF_MONTH=4,DAY_OF_MONTH=22,DAY_OF_YEAR=81,DAY_OF_WEEK=5,DAY_OF_WEEK_IN_MONTH=4,AM_PM=0,HOUR=7,HOUR_OF_DAY=7,MINUTE=4,SECOND=55,MILLISECOND=0,ZONE_OFFSET=0,DST_OFFSET=0], message=test log entry with patient and hcp}
]]></system-out>
  </testcase>
</testsuite>