<?xml version="1.0" encoding="UTF-8"?>
<testsuite xmlns:xsi="http://www.w3.org/2001/XMLSchema-instance" xsi:noNamespaceSchemaLocation="https://maven.apache.org/surefire/maven-surefire-plugin/xsd/surefire-test-report.xsd" name="edu.ncsu.csc.itrust2.apitest.APIUserTest" time="0.095" tests="2" errors="2" skipped="0" failures="0">
  <properties>
    <property name="java.runtime.name" value="Java(TM) SE Runtime Environment"/>
    <property name="sun.boot.library.path" value="/usr/lib/jvm/java-8-oracle/jre/lib/amd64"/>
    <property name="java.vm.version" value="25.161-b12"/>
    <property name="java.vm.vendor" value="Oracle Corporation"/>
    <property name="maven.multiModuleProjectDirectory" value="/var/lib/jenkins/workspace/itrust-test/iTrust2"/>
    <property name="java.vendor.url" value="http://java.oracle.com/"/>
    <property name="path.separator" value=":"/>
    <property name="guice.disable.misplaced.annotation.check" value="true"/>
    <property name="java.vm.name" value="Java HotSpot(TM) 64-Bit Server VM"/>
    <property name="file.encoding.pkg" value="sun.io"/>
    <property name="user.country" value="US"/>
    <property name="sun.java.launcher" value="SUN_STANDARD"/>
    <property name="sun.os.patch.level" value="unknown"/>
    <property name="java.vm.specification.name" value="Java Virtual Machine Specification"/>
    <property name="user.dir" value="/var/lib/jenkins/workspace/itrust-test/iTrust2"/>
    <property name="java.runtime.version" value="1.8.0_161-b12"/>
    <property name="java.awt.graphicsenv" value="sun.awt.X11GraphicsEnvironment"/>
    <property name="java.endorsed.dirs" value="/usr/lib/jvm/java-8-oracle/jre/lib/endorsed"/>
    <property name="os.arch" value="amd64"/>
    <property name="java.io.tmpdir" value="/tmp"/>
    <property name="line.separator" value="&#10;"/>
    <property name="java.vm.specification.vendor" value="Oracle Corporation"/>
    <property name="os.name" value="Linux"/>
    <property name="classworlds.conf" value="/usr/share/maven/bin/m2.conf"/>
    <property name="sun.jnu.encoding" value="UTF-8"/>
    <property name="java.library.path" value="/usr/java/packages/lib/amd64:/usr/lib64:/lib64:/lib:/usr/lib"/>
    <property name="java.specification.name" value="Java Platform API Specification"/>
    <property name="java.class.version" value="52.0"/>
    <property name="sun.management.compiler" value="HotSpot 64-Bit Tiered Compilers"/>
    <property name="os.version" value="4.4.0-112-generic"/>
    <property name="user.home" value="/var/lib/jenkins"/>
    <property name="user.timezone" value="Etc/UTC"/>
    <property name="java.awt.printerjob" value="sun.print.PSPrinterJob"/>
    <property name="file.encoding" value="UTF-8"/>
    <property name="java.specification.version" value="1.8"/>
    <property name="user.name" value="jenkins"/>
    <property name="java.class.path" value="/usr/share/maven/boot/plexus-classworlds-2.x.jar"/>
    <property name="java.vm.specification.version" value="1.8"/>
    <property name="sun.arch.data.model" value="64"/>
    <property name="java.home" value="/usr/lib/jvm/java-8-oracle/jre"/>
    <property name="sun.java.command" value="org.codehaus.plexus.classworlds.launcher.Launcher clean test verify"/>
    <property name="java.specification.vendor" value="Oracle Corporation"/>
    <property name="user.language" value="en"/>
    <property name="awt.toolkit" value="sun.awt.X11.XToolkit"/>
    <property name="java.vm.info" value="mixed mode"/>
    <property name="java.version" value="1.8.0_161"/>
    <property name="java.ext.dirs" value="/usr/lib/jvm/java-8-oracle/jre/lib/ext:/usr/java/packages/lib/ext"/>
    <property name="securerandom.source" value="file:/dev/./urandom"/>
    <property name="sun.boot.class.path" value="/usr/lib/jvm/java-8-oracle/jre/lib/resources.jar:/usr/lib/jvm/java-8-oracle/jre/lib/rt.jar:/usr/lib/jvm/java-8-oracle/jre/lib/sunrsasign.jar:/usr/lib/jvm/java-8-oracle/jre/lib/jsse.jar:/usr/lib/jvm/java-8-oracle/jre/lib/jce.jar:/usr/lib/jvm/java-8-oracle/jre/lib/charsets.jar:/usr/lib/jvm/java-8-oracle/jre/lib/jfr.jar:/usr/lib/jvm/java-8-oracle/jre/classes"/>
    <property name="java.vendor" value="Oracle Corporation"/>
    <property name="maven.home" value="/usr/share/maven"/>
    <property name="file.separator" value="/"/>
    <property name="java.vendor.url.bug" value="http://bugreport.sun.com/bugreport/"/>
    <property name="sun.cpu.endian" value="little"/>
    <property name="sun.io.unicode.encoding" value="UnicodeLittle"/>
    <property name="sun.cpu.isalist" value=""/>
  </properties>
  <testcase name="testUserAPI" classname="edu.ncsu.csc.itrust2.apitest.APIUserTest" time="0">
    <error message="Failed to load ApplicationContext" type="java.lang.IllegalStateException">java.lang.IllegalStateException: Failed to load ApplicationContext
Caused by: org.springframework.beans.factory.BeanCreationException: 
Error creating bean with name 'requestMappingHandlerMapping' defined in org.springframework.web.servlet.config.annotation.DelegatingWebMvcConfiguration: Invocation of init method failed; nested exception is java.lang.IllegalStateException: Ambiguous mapping. Cannot map 'APIHospitalController' method 
public org.springframework.http.ResponseEntity edu.ncsu.csc.itrust2.controllers.api.APIHospitalController.getHospital(java.lang.String)
to {[/api/v1/new val],methods=[GET]}: There is already 'APIAppointmentRequestController' bean method
public org.springframework.http.ResponseEntity edu.ncsu.csc.itrust2.controllers.api.APIAppointmentRequestController.getAppointmentRequest(java.lang.Long) mapped.
Caused by: java.lang.IllegalStateException: 
Ambiguous mapping. Cannot map 'APIHospitalController' method 
public org.springframework.http.ResponseEntity edu.ncsu.csc.itrust2.controllers.api.APIHospitalController.getHospital(java.lang.String)
to {[/api/v1/new val],methods=[GET]}: There is already 'APIAppointmentRequestController' bean method
public org.springframework.http.ResponseEntity edu.ncsu.csc.itrust2.controllers.api.APIAppointmentRequestController.getAppointmentRequest(java.lang.Long) mapped.
</error>
    <system-out><![CDATA[06:33:39.895 [main] DEBUG o.s.t.c.j.SpringJUnit4ClassRunner - SpringJUnit4ClassRunner constructor called with [class edu.ncsu.csc.itrust2.apitest.APIUserTest]
06:33:39.895 [main] DEBUG o.s.test.context.BootstrapUtils - Instantiating CacheAwareContextLoaderDelegate from class [org.springframework.test.context.cache.DefaultCacheAwareContextLoaderDelegate]
06:33:39.895 [main] DEBUG o.s.test.context.BootstrapUtils - Instantiating BootstrapContext using constructor [public org.springframework.test.context.support.DefaultBootstrapContext(java.lang.Class,org.springframework.test.context.CacheAwareContextLoaderDelegate)]
06:33:39.895 [main] DEBUG o.s.test.context.BootstrapUtils - Instantiating TestContextBootstrapper for test class [edu.ncsu.csc.itrust2.apitest.APIUserTest] from class [org.springframework.test.context.web.WebTestContextBootstrapper]
06:33:39.896 [main] DEBUG o.s.t.c.s.AbstractDelegatingSmartContextLoader - Delegating to AnnotationConfigWebContextLoader to process context configuration [ContextConfigurationAttributes@89cb29a declaringClass = 'edu.ncsu.csc.itrust2.apitest.APIUserTest', classes = '{class edu.ncsu.csc.itrust2.config.RootConfiguration, class edu.ncsu.csc.itrust2.mvc.config.WebMvcConfiguration}', locations = '{}', inheritLocations = true, initializers = '{}', inheritInitializers = true, name = [null], contextLoaderClass = 'org.springframework.test.context.ContextLoader'].
06:33:39.897 [main] DEBUG o.s.t.c.support.ActiveProfilesUtils - Could not find an 'annotation declaring class' for annotation type [org.springframework.test.context.ActiveProfiles] and class [edu.ncsu.csc.itrust2.apitest.APIUserTest]
06:33:39.897 [main] DEBUG o.s.t.c.w.WebTestContextBootstrapper - @TestExecutionListeners is not present for class [edu.ncsu.csc.itrust2.apitest.APIUserTest]: using defaults.
06:33:39.898 [main] INFO  o.s.t.c.w.WebTestContextBootstrapper - Loaded default TestExecutionListener class names from location [META-INF/spring.factories]: [org.springframework.security.test.context.support.WithSecurityContextTestExecutionListener, org.springframework.test.context.web.ServletTestExecutionListener, org.springframework.test.context.support.DirtiesContextBeforeModesTestExecutionListener, org.springframework.test.context.support.DependencyInjectionTestExecutionListener, org.springframework.test.context.support.DirtiesContextTestExecutionListener, org.springframework.test.context.transaction.TransactionalTestExecutionListener, org.springframework.test.context.jdbc.SqlScriptsTestExecutionListener]
06:33:39.899 [main] INFO  o.s.t.c.w.WebTestContextBootstrapper - Using TestExecutionListeners: [org.springframework.test.context.web.ServletTestExecutionListener@4c4b468b, org.springframework.test.context.support.DirtiesContextBeforeModesTestExecutionListener@3c659d8f, org.springframework.test.context.support.DependencyInjectionTestExecutionListener@67d12c0d, org.springframework.test.context.support.DirtiesContextTestExecutionListener@3e8b010a, org.springframework.test.context.transaction.TransactionalTestExecutionListener@2862774e, org.springframework.test.context.jdbc.SqlScriptsTestExecutionListener@38fb1e28, org.springframework.security.test.context.support.WithSecurityContextTestExecutionListener@5624ec7e]
06:33:39.899 [main] DEBUG o.s.t.annotation.ProfileValueUtils - Retrieved @ProfileValueSourceConfiguration [null] for test class [edu.ncsu.csc.itrust2.apitest.APIUserTest]
06:33:39.899 [main] DEBUG o.s.t.annotation.ProfileValueUtils - Retrieved ProfileValueSource type [class org.springframework.test.annotation.SystemProfileValueSource] for class [edu.ncsu.csc.itrust2.apitest.APIUserTest]
06:33:39.899 [main] DEBUG o.s.t.annotation.ProfileValueUtils - Retrieved @ProfileValueSourceConfiguration [null] for test class [edu.ncsu.csc.itrust2.apitest.APIUserTest]
06:33:39.899 [main] DEBUG o.s.t.annotation.ProfileValueUtils - Retrieved ProfileValueSource type [class org.springframework.test.annotation.SystemProfileValueSource] for class [edu.ncsu.csc.itrust2.apitest.APIUserTest]
06:33:39.899 [main] DEBUG o.s.t.annotation.ProfileValueUtils - Retrieved @ProfileValueSourceConfiguration [null] for test class [edu.ncsu.csc.itrust2.apitest.APIUserTest]
06:33:39.899 [main] DEBUG o.s.t.annotation.ProfileValueUtils - Retrieved ProfileValueSource type [class org.springframework.test.annotation.SystemProfileValueSource] for class [edu.ncsu.csc.itrust2.apitest.APIUserTest]
06:33:39.899 [main] DEBUG o.s.t.c.s.AbstractDirtiesContextTestExecutionListener - Before test class: context [DefaultTestContext@304134e1 testClass = APIUserTest, testInstance = [null], testMethod = [null], testException = [null], mergedContextConfiguration = [WebMergedContextConfiguration@ba2fda0 testClass = APIUserTest, locations = '{}', classes = '{class edu.ncsu.csc.itrust2.config.RootConfiguration, class edu.ncsu.csc.itrust2.mvc.config.WebMvcConfiguration}', contextInitializerClasses = '[]', activeProfiles = '{}', propertySourceLocations = '{}', propertySourceProperties = '{}', contextCustomizers = set[[empty]], resourceBasePath = 'src/main/webapp', contextLoader = 'org.springframework.test.context.web.WebDelegatingSmartContextLoader', parent = [null]]], class annotated with @DirtiesContext [false] with mode [null].
06:33:39.899 [main] DEBUG o.s.t.annotation.ProfileValueUtils - Retrieved @ProfileValueSourceConfiguration [null] for test class [edu.ncsu.csc.itrust2.apitest.APIUserTest]
06:33:39.899 [main] DEBUG o.s.t.annotation.ProfileValueUtils - Retrieved ProfileValueSource type [class org.springframework.test.annotation.SystemProfileValueSource] for class [edu.ncsu.csc.itrust2.apitest.APIUserTest]
06:33:39.899 [main] DEBUG o.s.t.c.s.AbstractDelegatingSmartContextLoader - Delegating to AnnotationConfigWebContextLoader to load context from [WebMergedContextConfiguration@ba2fda0 testClass = APIUserTest, locations = '{}', classes = '{class edu.ncsu.csc.itrust2.config.RootConfiguration, class edu.ncsu.csc.itrust2.mvc.config.WebMvcConfiguration}', contextInitializerClasses = '[]', activeProfiles = '{}', propertySourceLocations = '{}', propertySourceProperties = '{}', contextCustomizers = set[[empty]], resourceBasePath = 'src/main/webapp', contextLoader = 'org.springframework.test.context.web.WebDelegatingSmartContextLoader', parent = [null]].
06:33:39.900 [main] DEBUG o.s.t.c.w.AbstractGenericWebContextLoader - Loading WebApplicationContext for merged context configuration [WebMergedContextConfiguration@ba2fda0 testClass = APIUserTest, locations = '{}', classes = '{class edu.ncsu.csc.itrust2.config.RootConfiguration, class edu.ncsu.csc.itrust2.mvc.config.WebMvcConfiguration}', contextInitializerClasses = '[]', activeProfiles = '{}', propertySourceLocations = '{}', propertySourceProperties = '{}', contextCustomizers = set[[empty]], resourceBasePath = 'src/main/webapp', contextLoader = 'org.springframework.test.context.web.WebDelegatingSmartContextLoader', parent = [null]].
06:33:39.900 [main] DEBUG o.s.w.c.s.StandardServletEnvironment - Adding [servletConfigInitParams] PropertySource with lowest search precedence
06:33:39.900 [main] DEBUG o.s.w.c.s.StandardServletEnvironment - Adding [servletContextInitParams] PropertySource with lowest search precedence
06:33:39.900 [main] DEBUG o.s.w.c.s.StandardServletEnvironment - Adding [systemProperties] PropertySource with lowest search precedence
06:33:39.900 [main] DEBUG o.s.w.c.s.StandardServletEnvironment - Adding [systemEnvironment] PropertySource with lowest search precedence
06:33:39.900 [main] DEBUG o.s.w.c.s.StandardServletEnvironment - Initialized StandardServletEnvironment with PropertySources [servletConfigInitParams,servletContextInitParams,systemProperties,systemEnvironment]
06:33:39.900 [main] DEBUG o.s.t.c.w.AnnotationConfigWebContextLoader - Registering annotated classes: {class edu.ncsu.csc.itrust2.config.RootConfiguration, class edu.ncsu.csc.itrust2.mvc.config.WebMvcConfiguration}
06:33:39.901 [main] INFO  o.s.w.c.s.GenericWebApplicationContext - Refreshing org.springframework.web.context.support.GenericWebApplicationContext@6b48b8a2: startup date [Thu Mar 22 06:33:39 UTC 2018]; root of context hierarchy
06:33:39.901 [main] DEBUG o.s.w.c.s.StandardServletEnvironment - Replacing [servletContextInitParams] PropertySource with [servletContextInitParams]
06:33:39.901 [main] DEBUG o.s.w.c.s.GenericWebApplicationContext - Bean factory for org.springframework.web.context.support.GenericWebApplicationContext@6b48b8a2: org.springframework.beans.factory.support.DefaultListableBeanFactory@1a7eeea9: defining beans [org.springframework.context.annotation.internalConfigurationAnnotationProcessor,org.springframework.context.annotation.internalAutowiredAnnotationProcessor,org.springframework.context.annotation.internalRequiredAnnotationProcessor,org.springframework.context.annotation.internalCommonAnnotationProcessor,org.springframework.context.annotation.internalPersistenceAnnotationProcessor,org.springframework.context.event.internalEventListenerProcessor,org.springframework.context.event.internalEventListenerFactory,rootConfiguration,webMvcConfiguration]; root of factory hierarchy
06:33:39.902 [main] DEBUG o.s.b.f.s.DefaultListableBeanFactory - Registering scope 'request' with implementation [org.springframework.web.context.request.RequestScope@3ff29102]
06:33:39.902 [main] DEBUG o.s.b.f.s.DefaultListableBeanFactory - Registering scope 'session' with implementation [org.springframework.web.context.request.SessionScope@1151b3f6]
06:33:39.902 [main] DEBUG o.s.b.f.s.DefaultListableBeanFactory - Registering scope 'globalSession' with implementation [org.springframework.web.context.request.SessionScope@7cb71cd3]
06:33:39.902 [main] DEBUG o.s.b.f.s.DefaultListableBeanFactory - Registering scope 'application' with implementation [org.springframework.web.context.support.ServletContextScope@56857491]
06:33:39.902 [main] DEBUG o.s.b.f.s.DefaultListableBeanFactory - Creating shared instance of singleton bean 'org.springframework.context.annotation.internalConfigurationAnnotationProcessor'
06:33:39.902 [main] DEBUG o.s.b.f.s.DefaultListableBeanFactory - Creating instance of bean 'org.springframework.context.annotation.internalConfigurationAnnotationProcessor'
06:33:39.902 [main] DEBUG o.s.b.f.s.DefaultListableBeanFactory - Eagerly caching bean 'org.springframework.context.annotation.internalConfigurationAnnotationProcessor' to allow for resolving potential circular references
06:33:39.902 [main] DEBUG o.s.b.f.s.DefaultListableBeanFactory - Finished creating instance of bean 'org.springframework.context.annotation.internalConfigurationAnnotationProcessor'
06:33:39.902 [main] DEBUG o.s.core.env.StandardEnvironment - Adding [systemProperties] PropertySource with lowest search precedence
06:33:39.902 [main] DEBUG o.s.core.env.StandardEnvironment - Adding [systemEnvironment] PropertySource with lowest search precedence
06:33:39.902 [main] DEBUG o.s.core.env.StandardEnvironment - Initialized StandardEnvironment with PropertySources [systemProperties,systemEnvironment]
06:33:39.904 [main] DEBUG o.s.c.i.s.PathMatchingResourcePatternResolver - Resolved classpath location [edu/ncsu/csc/itrust2/config/] to resources [URL [file:/var/lib/jenkins/workspace/itrust-test/iTrust2/target/classes/edu/ncsu/csc/itrust2/config/]]
06:33:39.904 [main] DEBUG o.s.c.i.s.PathMatchingResourcePatternResolver - Looking for matching resources in directory tree [/var/lib/jenkins/workspace/itrust-test/iTrust2/target/classes/edu/ncsu/csc/itrust2/config]
06:33:39.904 [main] DEBUG o.s.c.i.s.PathMatchingResourcePatternResolver - Searching directory [/var/lib/jenkins/workspace/itrust-test/iTrust2/target/classes/edu/ncsu/csc/itrust2/config] for files matching pattern [/var/lib/jenkins/workspace/itrust-test/iTrust2/target/classes/edu/ncsu/csc/itrust2/config/**/*.class]
06:33:39.904 [main] DEBUG o.s.c.i.s.PathMatchingResourcePatternResolver - Resolved location pattern [classpath*:edu/ncsu/csc/itrust2/config/**/*.class] to resources [file [/var/lib/jenkins/workspace/itrust-test/iTrust2/target/classes/edu/ncsu/csc/itrust2/config/ContextListener.class], file [/var/lib/jenkins/workspace/itrust-test/iTrust2/target/classes/edu/ncsu/csc/itrust2/config/DataConfiguration.class], file [/var/lib/jenkins/workspace/itrust-test/iTrust2/target/classes/edu/ncsu/csc/itrust2/config/FailureHandler.class], file [/var/lib/jenkins/workspace/itrust-test/iTrust2/target/classes/edu/ncsu/csc/itrust2/config/IPFilter.class], file [/var/lib/jenkins/workspace/itrust-test/iTrust2/target/classes/edu/ncsu/csc/itrust2/config/ITrust2ApplicationInitializer.class], file [/var/lib/jenkins/workspace/itrust-test/iTrust2/target/classes/edu/ncsu/csc/itrust2/config/ITrust2WebApplicationInitializer.class], file [/var/lib/jenkins/workspace/itrust-test/iTrust2/target/classes/edu/ncsu/csc/itrust2/config/LoginAuditingListener.class], file [/var/lib/jenkins/workspace/itrust-test/iTrust2/target/classes/edu/ncsu/csc/itrust2/config/RootConfiguration.class], file [/var/lib/jenkins/workspace/itrust-test/iTrust2/target/classes/edu/ncsu/csc/itrust2/config/SecurityConfig.class]]
06:33:39.904 [main] DEBUG o.s.c.a.ClassPathBeanDefinitionScanner - Identified candidate component class: file [/var/lib/jenkins/workspace/itrust-test/iTrust2/target/classes/edu/ncsu/csc/itrust2/config/DataConfiguration.class]
06:33:39.905 [main] DEBUG o.s.c.a.ClassPathBeanDefinitionScanner - Identified candidate component class: file [/var/lib/jenkins/workspace/itrust-test/iTrust2/target/classes/edu/ncsu/csc/itrust2/config/LoginAuditingListener.class]
06:33:39.906 [main] DEBUG o.s.c.a.ClassPathBeanDefinitionScanner - Identified candidate component class: file [/var/lib/jenkins/workspace/itrust-test/iTrust2/target/classes/edu/ncsu/csc/itrust2/config/SecurityConfig.class]
06:33:39.921 [main] DEBUG o.s.core.env.StandardEnvironment - Adding [systemProperties] PropertySource with lowest search precedence
06:33:39.921 [main] DEBUG o.s.core.env.StandardEnvironment - Adding [systemEnvironment] PropertySource with lowest search precedence
06:33:39.921 [main] DEBUG o.s.core.env.StandardEnvironment - Initialized StandardEnvironment with PropertySources [systemProperties,systemEnvironment]
06:33:39.923 [main] DEBUG o.s.c.i.s.PathMatchingResourcePatternResolver - Resolved classpath location [edu/ncsu/csc/itrust2/controllers/] to resources [URL [file:/var/lib/jenkins/workspace/itrust-test/iTrust2/target/classes/edu/ncsu/csc/itrust2/controllers/]]
06:33:39.923 [main] DEBUG o.s.c.i.s.PathMatchingResourcePatternResolver - Looking for matching resources in directory tree [/var/lib/jenkins/workspace/itrust-test/iTrust2/target/classes/edu/ncsu/csc/itrust2/controllers]
06:33:39.923 [main] DEBUG o.s.c.i.s.PathMatchingResourcePatternResolver - Searching directory [/var/lib/jenkins/workspace/itrust-test/iTrust2/target/classes/edu/ncsu/csc/itrust2/controllers] for files matching pattern [/var/lib/jenkins/workspace/itrust-test/iTrust2/target/classes/edu/ncsu/csc/itrust2/controllers/**/*.class]
06:33:39.923 [main] DEBUG o.s.c.i.s.PathMatchingResourcePatternResolver - Searching directory [/var/lib/jenkins/workspace/itrust-test/iTrust2/target/classes/edu/ncsu/csc/itrust2/controllers/admin] for files matching pattern [/var/lib/jenkins/workspace/itrust-test/iTrust2/target/classes/edu/ncsu/csc/itrust2/controllers/**/*.class]
06:33:39.923 [main] DEBUG o.s.c.i.s.PathMatchingResourcePatternResolver - Searching directory [/var/lib/jenkins/workspace/itrust-test/iTrust2/target/classes/edu/ncsu/csc/itrust2/controllers/api] for files matching pattern [/var/lib/jenkins/workspace/itrust-test/iTrust2/target/classes/edu/ncsu/csc/itrust2/controllers/**/*.class]
06:33:39.924 [main] DEBUG o.s.c.i.s.PathMatchingResourcePatternResolver - Searching directory [/var/lib/jenkins/workspace/itrust-test/iTrust2/target/classes/edu/ncsu/csc/itrust2/controllers/api/comm] for files matching pattern [/var/lib/jenkins/workspace/itrust-test/iTrust2/target/classes/edu/ncsu/csc/itrust2/controllers/**/*.class]
06:33:39.924 [main] DEBUG o.s.c.i.s.PathMatchingResourcePatternResolver - Searching directory [/var/lib/jenkins/workspace/itrust-test/iTrust2/target/classes/edu/ncsu/csc/itrust2/controllers/hcp] for files matching pattern [/var/lib/jenkins/workspace/itrust-test/iTrust2/target/classes/edu/ncsu/csc/itrust2/controllers/**/*.class]
06:33:39.924 [main] DEBUG o.s.c.i.s.PathMatchingResourcePatternResolver - Searching directory [/var/lib/jenkins/workspace/itrust-test/iTrust2/target/classes/edu/ncsu/csc/itrust2/controllers/patient] for files matching pattern [/var/lib/jenkins/workspace/itrust-test/iTrust2/target/classes/edu/ncsu/csc/itrust2/controllers/**/*.class]
06:33:39.925 [main] DEBUG o.s.c.i.s.PathMatchingResourcePatternResolver - Searching directory [/var/lib/jenkins/workspace/itrust-test/iTrust2/target/classes/edu/ncsu/csc/itrust2/controllers/personnel] for files matching pattern [/var/lib/jenkins/workspace/itrust-test/iTrust2/target/classes/edu/ncsu/csc/itrust2/controllers/**/*.class]
06:33:39.925 [main] DEBUG o.s.c.i.s.PathMatchingResourcePatternResolver - Resolved location pattern [classpath*:edu/ncsu/csc/itrust2/controllers/**/*.class] to resources [file [/var/lib/jenkins/workspace/itrust-test/iTrust2/target/classes/edu/ncsu/csc/itrust2/controllers/DefaultController.class], file [/var/lib/jenkins/workspace/itrust-test/iTrust2/target/classes/edu/ncsu/csc/itrust2/controllers/admin/AdminController.class], file [/var/lib/jenkins/workspace/itrust-test/iTrust2/target/classes/edu/ncsu/csc/itrust2/controllers/admin/AdminUserController$1.class], file [/var/lib/jenkins/workspace/itrust-test/iTrust2/target/classes/edu/ncsu/csc/itrust2/controllers/admin/AdminUserController.class], file [/var/lib/jenkins/workspace/itrust-test/iTrust2/target/classes/edu/ncsu/csc/itrust2/controllers/admin/HospitalController.class], file [/var/lib/jenkins/workspace/itrust-test/iTrust2/target/classes/edu/ncsu/csc/itrust2/controllers/admin/ICDCodesController.class], file [/var/lib/jenkins/workspace/itrust-test/iTrust2/target/classes/edu/ncsu/csc/itrust2/controllers/api/APIAppointmentRequestController.class], file [/var/lib/jenkins/workspace/itrust-test/iTrust2/target/classes/edu/ncsu/csc/itrust2/controllers/api/APIController$JSONResponse.class], file [/var/lib/jenkins/workspace/itrust-test/iTrust2/target/classes/edu/ncsu/csc/itrust2/controllers/api/APIController.class], file [/var/lib/jenkins/workspace/itrust-test/iTrust2/target/classes/edu/ncsu/csc/itrust2/controllers/api/APIDiagnosisController.class], file [/var/lib/jenkins/workspace/itrust-test/iTrust2/target/classes/edu/ncsu/csc/itrust2/controllers/api/APIDrugController.class], file [/var/lib/jenkins/workspace/itrust-test/iTrust2/target/classes/edu/ncsu/csc/itrust2/controllers/api/APIEnumController.class], file [/var/lib/jenkins/workspace/itrust-test/iTrust2/target/classes/edu/ncsu/csc/itrust2/controllers/api/APIHospitalController.class], file [/var/lib/jenkins/workspace/itrust-test/iTrust2/target/classes/edu/ncsu/csc/itrust2/controllers/api/APIICDCodeController.class], file [/var/lib/jenkins/workspace/itrust-test/iTrust2/target/classes/edu/ncsu/csc/itrust2/controllers/api/APILogEntryController.class], file [/var/lib/jenkins/workspace/itrust-test/iTrust2/target/classes/edu/ncsu/csc/itrust2/controllers/api/APIOfficeVisitController.class], file [/var/lib/jenkins/workspace/itrust-test/iTrust2/target/classes/edu/ncsu/csc/itrust2/controllers/api/APIPasswordController.class], file [/var/lib/jenkins/workspace/itrust-test/iTrust2/target/classes/edu/ncsu/csc/itrust2/controllers/api/APIPatientController.class], file [/var/lib/jenkins/workspace/itrust-test/iTrust2/target/classes/edu/ncsu/csc/itrust2/controllers/api/APIPersonnelController.class], file [/var/lib/jenkins/workspace/itrust-test/iTrust2/target/classes/edu/ncsu/csc/itrust2/controllers/api/APIPrescriptionController.class], file [/var/lib/jenkins/workspace/itrust-test/iTrust2/target/classes/edu/ncsu/csc/itrust2/controllers/api/APIUserController.class], file [/var/lib/jenkins/workspace/itrust-test/iTrust2/target/classes/edu/ncsu/csc/itrust2/controllers/api/comm/LogEntryRequestBody.class], file [/var/lib/jenkins/workspace/itrust-test/iTrust2/target/classes/edu/ncsu/csc/itrust2/controllers/api/comm/LogEntryTableRow.class], file [/var/lib/jenkins/workspace/itrust-test/iTrust2/target/classes/edu/ncsu/csc/itrust2/controllers/hcp/AppointmentControllerHCP.class], file [/var/lib/jenkins/workspace/itrust-test/iTrust2/target/classes/edu/ncsu/csc/itrust2/controllers/hcp/HCPController.class], file [/var/lib/jenkins/workspace/itrust-test/iTrust2/target/classes/edu/ncsu/csc/itrust2/controllers/hcp/OfficeVisitController.class], file [/var/lib/jenkins/workspace/itrust-test/iTrust2/target/classes/edu/ncsu/csc/itrust2/controllers/patient/AppointmentController.class], file [/var/lib/jenkins/workspace/itrust-test/iTrust2/target/classes/edu/ncsu/csc/itrust2/controllers/patient/DiagnosesController.class], file [/var/lib/jenkins/workspace/itrust-test/iTrust2/target/classes/edu/ncsu/csc/itrust2/controllers/patient/PatientController.class], file [/var/lib/jenkins/workspace/itrust-test/iTrust2/target/classes/edu/ncsu/csc/itrust2/controllers/personnel/PasswordController.class], file [/var/lib/jenkins/workspace/itrust-test/iTrust2/target/classes/edu/ncsu/csc/itrust2/controllers/personnel/UserController.class]]
06:33:39.926 [main] DEBUG o.s.c.a.ClassPathBeanDefinitionScanner - Identified candidate component class: file [/var/lib/jenkins/workspace/itrust-test/iTrust2/target/classes/edu/ncsu/csc/itrust2/controllers/DefaultController.class]
06:33:39.926 [main] DEBUG o.s.c.a.ClassPathBeanDefinitionScanner - Identified candidate component class: file [/var/lib/jenkins/workspace/itrust-test/iTrust2/target/classes/edu/ncsu/csc/itrust2/controllers/admin/AdminController.class]
06:33:39.927 [main] DEBUG o.s.c.a.ClassPathBeanDefinitionScanner - Identified candidate component class: file [/var/lib/jenkins/workspace/itrust-test/iTrust2/target/classes/edu/ncsu/csc/itrust2/controllers/admin/AdminUserController.class]
06:33:39.927 [main] DEBUG o.s.c.a.ClassPathBeanDefinitionScanner - Identified candidate component class: file [/var/lib/jenkins/workspace/itrust-test/iTrust2/target/classes/edu/ncsu/csc/itrust2/controllers/admin/HospitalController.class]
06:33:39.928 [main] DEBUG o.s.c.a.ClassPathBeanDefinitionScanner - Identified candidate component class: file [/var/lib/jenkins/workspace/itrust-test/iTrust2/target/classes/edu/ncsu/csc/itrust2/controllers/admin/ICDCodesController.class]
06:33:39.929 [main] DEBUG o.s.c.a.ClassPathBeanDefinitionScanner - Identified candidate component class: file [/var/lib/jenkins/workspace/itrust-test/iTrust2/target/classes/edu/ncsu/csc/itrust2/controllers/api/APIAppointmentRequestController.class]
06:33:39.929 [main] DEBUG o.s.c.a.ClassPathBeanDefinitionScanner - Identified candidate component class: file [/var/lib/jenkins/workspace/itrust-test/iTrust2/target/classes/edu/ncsu/csc/itrust2/controllers/api/APIDiagnosisController.class]
06:33:39.930 [main] DEBUG o.s.c.a.ClassPathBeanDefinitionScanner - Identified candidate component class: file [/var/lib/jenkins/workspace/itrust-test/iTrust2/target/classes/edu/ncsu/csc/itrust2/controllers/api/APIDrugController.class]
06:33:39.931 [main] DEBUG o.s.c.a.ClassPathBeanDefinitionScanner - Identified candidate component class: file [/var/lib/jenkins/workspace/itrust-test/iTrust2/target/classes/edu/ncsu/csc/itrust2/controllers/api/APIEnumController.class]
06:33:39.932 [main] DEBUG o.s.c.a.ClassPathBeanDefinitionScanner - Identified candidate component class: file [/var/lib/jenkins/workspace/itrust-test/iTrust2/target/classes/edu/ncsu/csc/itrust2/controllers/api/APIHospitalController.class]
06:33:39.933 [main] DEBUG o.s.c.a.ClassPathBeanDefinitionScanner - Identified candidate component class: file [/var/lib/jenkins/workspace/itrust-test/iTrust2/target/classes/edu/ncsu/csc/itrust2/controllers/api/APIICDCodeController.class]
06:33:39.933 [main] DEBUG o.s.c.a.ClassPathBeanDefinitionScanner - Identified candidate component class: file [/var/lib/jenkins/workspace/itrust-test/iTrust2/target/classes/edu/ncsu/csc/itrust2/controllers/api/APILogEntryController.class]
06:33:39.934 [main] DEBUG o.s.c.a.ClassPathBeanDefinitionScanner - Identified candidate component class: file [/var/lib/jenkins/workspace/itrust-test/iTrust2/target/classes/edu/ncsu/csc/itrust2/controllers/api/APIOfficeVisitController.class]
06:33:39.935 [main] DEBUG o.s.c.a.ClassPathBeanDefinitionScanner - Identified candidate component class: file [/var/lib/jenkins/workspace/itrust-test/iTrust2/target/classes/edu/ncsu/csc/itrust2/controllers/api/APIPasswordController.class]
06:33:39.936 [main] DEBUG o.s.c.a.ClassPathBeanDefinitionScanner - Identified candidate component class: file [/var/lib/jenkins/workspace/itrust-test/iTrust2/target/classes/edu/ncsu/csc/itrust2/controllers/api/APIPatientController.class]
06:33:39.937 [main] DEBUG o.s.c.a.ClassPathBeanDefinitionScanner - Identified candidate component class: file [/var/lib/jenkins/workspace/itrust-test/iTrust2/target/classes/edu/ncsu/csc/itrust2/controllers/api/APIPersonnelController.class]
06:33:39.938 [main] DEBUG o.s.c.a.ClassPathBeanDefinitionScanner - Identified candidate component class: file [/var/lib/jenkins/workspace/itrust-test/iTrust2/target/classes/edu/ncsu/csc/itrust2/controllers/api/APIPrescriptionController.class]
06:33:39.939 [main] DEBUG o.s.c.a.ClassPathBeanDefinitionScanner - Identified candidate component class: file [/var/lib/jenkins/workspace/itrust-test/iTrust2/target/classes/edu/ncsu/csc/itrust2/controllers/api/APIUserController.class]
06:33:39.940 [main] DEBUG o.s.c.a.ClassPathBeanDefinitionScanner - Identified candidate component class: file [/var/lib/jenkins/workspace/itrust-test/iTrust2/target/classes/edu/ncsu/csc/itrust2/controllers/hcp/AppointmentControllerHCP.class]
06:33:39.940 [main] DEBUG o.s.c.a.ClassPathBeanDefinitionScanner - Identified candidate component class: file [/var/lib/jenkins/workspace/itrust-test/iTrust2/target/classes/edu/ncsu/csc/itrust2/controllers/hcp/HCPController.class]
06:33:39.941 [main] DEBUG o.s.c.a.ClassPathBeanDefinitionScanner - Identified candidate component class: file [/var/lib/jenkins/workspace/itrust-test/iTrust2/target/classes/edu/ncsu/csc/itrust2/controllers/hcp/OfficeVisitController.class]
06:33:39.941 [main] DEBUG o.s.c.a.ClassPathBeanDefinitionScanner - Identified candidate component class: file [/var/lib/jenkins/workspace/itrust-test/iTrust2/target/classes/edu/ncsu/csc/itrust2/controllers/patient/AppointmentController.class]
06:33:39.942 [main] DEBUG o.s.c.a.ClassPathBeanDefinitionScanner - Identified candidate component class: file [/var/lib/jenkins/workspace/itrust-test/iTrust2/target/classes/edu/ncsu/csc/itrust2/controllers/patient/DiagnosesController.class]
06:33:39.942 [main] DEBUG o.s.c.a.ClassPathBeanDefinitionScanner - Identified candidate component class: file [/var/lib/jenkins/workspace/itrust-test/iTrust2/target/classes/edu/ncsu/csc/itrust2/controllers/patient/PatientController.class]
06:33:39.943 [main] DEBUG o.s.c.a.ClassPathBeanDefinitionScanner - Identified candidate component class: file [/var/lib/jenkins/workspace/itrust-test/iTrust2/target/classes/edu/ncsu/csc/itrust2/controllers/personnel/PasswordController.class]
06:33:39.943 [main] DEBUG o.s.c.a.ClassPathBeanDefinitionScanner - Identified candidate component class: file [/var/lib/jenkins/workspace/itrust-test/iTrust2/target/classes/edu/ncsu/csc/itrust2/controllers/personnel/UserController.class]
06:33:39.944 [main] DEBUG o.s.c.i.s.PathMatchingResourcePatternResolver - Resolved classpath location [edu/ncsu/csc/itrust2/config/] to resources [URL [file:/var/lib/jenkins/workspace/itrust-test/iTrust2/target/classes/edu/ncsu/csc/itrust2/config/]]
06:33:39.944 [main] DEBUG o.s.c.i.s.PathMatchingResourcePatternResolver - Looking for matching resources in directory tree [/var/lib/jenkins/workspace/itrust-test/iTrust2/target/classes/edu/ncsu/csc/itrust2/config]
06:33:39.944 [main] DEBUG o.s.c.i.s.PathMatchingResourcePatternResolver - Searching directory [/var/lib/jenkins/workspace/itrust-test/iTrust2/target/classes/edu/ncsu/csc/itrust2/config] for files matching pattern [/var/lib/jenkins/workspace/itrust-test/iTrust2/target/classes/edu/ncsu/csc/itrust2/config/**/*.class]
06:33:39.945 [main] DEBUG o.s.c.i.s.PathMatchingResourcePatternResolver - Resolved location pattern [classpath*:edu/ncsu/csc/itrust2/config/**/*.class] to resources [file [/var/lib/jenkins/workspace/itrust-test/iTrust2/target/classes/edu/ncsu/csc/itrust2/config/ContextListener.class], file [/var/lib/jenkins/workspace/itrust-test/iTrust2/target/classes/edu/ncsu/csc/itrust2/config/DataConfiguration.class], file [/var/lib/jenkins/workspace/itrust-test/iTrust2/target/classes/edu/ncsu/csc/itrust2/config/FailureHandler.class], file [/var/lib/jenkins/workspace/itrust-test/iTrust2/target/classes/edu/ncsu/csc/itrust2/config/IPFilter.class], file [/var/lib/jenkins/workspace/itrust-test/iTrust2/target/classes/edu/ncsu/csc/itrust2/config/ITrust2ApplicationInitializer.class], file [/var/lib/jenkins/workspace/itrust-test/iTrust2/target/classes/edu/ncsu/csc/itrust2/config/ITrust2WebApplicationInitializer.class], file [/var/lib/jenkins/workspace/itrust-test/iTrust2/target/classes/edu/ncsu/csc/itrust2/config/LoginAuditingListener.class], file [/var/lib/jenkins/workspace/itrust-test/iTrust2/target/classes/edu/ncsu/csc/itrust2/config/RootConfiguration.class], file [/var/lib/jenkins/workspace/itrust-test/iTrust2/target/classes/edu/ncsu/csc/itrust2/config/SecurityConfig.class]]
06:33:39.945 [main] DEBUG o.s.c.a.ClassPathBeanDefinitionScanner - Identified candidate component class: file [/var/lib/jenkins/workspace/itrust-test/iTrust2/target/classes/edu/ncsu/csc/itrust2/config/DataConfiguration.class]
06:33:39.946 [main] DEBUG o.s.c.a.ClassPathBeanDefinitionScanner - Identified candidate component class: file [/var/lib/jenkins/workspace/itrust-test/iTrust2/target/classes/edu/ncsu/csc/itrust2/config/LoginAuditingListener.class]
06:33:39.946 [main] DEBUG o.s.c.a.ClassPathBeanDefinitionScanner - Identified candidate component class: file [/var/lib/jenkins/workspace/itrust-test/iTrust2/target/classes/edu/ncsu/csc/itrust2/config/RootConfiguration.class]
06:33:39.946 [main] DEBUG o.s.c.a.ClassPathBeanDefinitionScanner - Identified candidate component class: file [/var/lib/jenkins/workspace/itrust-test/iTrust2/target/classes/edu/ncsu/csc/itrust2/config/SecurityConfig.class]
06:33:39.975 [main] DEBUG o.s.c.a.ConfigurationClassBeanDefinitionReader - Registering bean definition for @Bean method edu.ncsu.csc.itrust2.config.DataConfiguration.dataSource()
06:33:39.975 [main] DEBUG o.s.c.a.ConfigurationClassBeanDefinitionReader - Registered bean definition for imported class 'org.springframework.security.config.annotation.configuration.ObjectPostProcessorConfiguration'
06:33:39.975 [main] DEBUG o.s.c.a.ConfigurationClassBeanDefinitionReader - Registering bean definition for @Bean method org.springframework.security.config.annotation.configuration.ObjectPostProcessorConfiguration.objectPostProcessor()
06:33:39.975 [main] DEBUG o.s.c.a.ConfigurationClassBeanDefinitionReader - Registered bean definition for imported class 'org.springframework.security.config.annotation.authentication.configuration.AuthenticationConfiguration'
06:33:39.975 [main] DEBUG o.s.c.a.ConfigurationClassBeanDefinitionReader - Registering bean definition for @Bean method org.springframework.security.config.annotation.authentication.configuration.AuthenticationConfiguration.authenticationManagerBuilder()
06:33:39.975 [main] DEBUG o.s.c.a.ConfigurationClassBeanDefinitionReader - Registering bean definition for @Bean method org.springframework.security.config.annotation.authentication.configuration.AuthenticationConfiguration.enableGlobalAuthenticationAutowiredConfigurer()
06:33:39.975 [main] DEBUG o.s.c.a.ConfigurationClassBeanDefinitionReader - Registering bean definition for @Bean method org.springframework.security.config.annotation.authentication.configuration.AuthenticationConfiguration.initializeUserDetailsBeanManagerConfigurer()
06:33:39.975 [main] DEBUG o.s.c.a.ConfigurationClassBeanDefinitionReader - Registering bean definition for @Bean method org.springframework.security.config.annotation.authentication.configuration.AuthenticationConfiguration.initializeAuthenticationProviderBeanManagerConfigurer()
06:33:39.976 [main] DEBUG o.s.c.a.ConfigurationClassBeanDefinitionReader - Registered bean definition for imported class 'org.springframework.security.config.annotation.web.configuration.WebSecurityConfiguration'
06:33:39.976 [main] DEBUG o.s.c.a.ConfigurationClassBeanDefinitionReader - Registering bean definition for @Bean method org.springframework.security.config.annotation.web.configuration.WebSecurityConfiguration.delegatingApplicationListener()
06:33:39.976 [main] DEBUG o.s.c.a.ConfigurationClassBeanDefinitionReader - Registering bean definition for @Bean method org.springframework.security.config.annotation.web.configuration.WebSecurityConfiguration.webSecurityExpressionHandler()
06:33:39.976 [main] DEBUG o.s.c.a.ConfigurationClassBeanDefinitionReader - Registering bean definition for @Bean method org.springframework.security.config.annotation.web.configuration.WebSecurityConfiguration.springSecurityFilterChain()
06:33:39.976 [main] DEBUG o.s.c.a.ConfigurationClassBeanDefinitionReader - Registering bean definition for @Bean method org.springframework.security.config.annotation.web.configuration.WebSecurityConfiguration.privilegeEvaluator()
06:33:39.976 [main] DEBUG o.s.c.a.ConfigurationClassBeanDefinitionReader - Registering bean definition for @Bean method org.springframework.security.config.annotation.web.configuration.WebSecurityConfiguration.autowiredWebSecurityConfigurersIgnoreParents()
06:33:39.976 [main] DEBUG o.s.c.a.ConfigurationClassBeanDefinitionReader - Registered bean definition for imported class 'org.springframework.security.config.annotation.web.configuration.WebMvcSecurityConfiguration'
06:33:39.976 [main] DEBUG o.s.c.a.ConfigurationClassBeanDefinitionReader - Registering bean definition for @Bean method org.springframework.security.config.annotation.web.configuration.WebMvcSecurityConfiguration.requestDataValueProcessor()
06:33:39.976 [main] DEBUG o.s.c.a.ConfigurationClassBeanDefinitionReader - Registering bean definition for @Bean method edu.ncsu.csc.itrust2.config.SecurityConfig.passwordEncoder()
06:33:39.976 [main] DEBUG o.s.c.a.ConfigurationClassBeanDefinitionReader - Registering bean definition for @Bean method edu.ncsu.csc.itrust2.config.SecurityConfig.defaultAuthenticationEventPublisher()
06:33:39.976 [main] DEBUG o.s.c.a.ConfigurationClassBeanDefinitionReader - Registering bean definition for @Bean method edu.ncsu.csc.itrust2.config.SecurityConfig.failureHandler()
06:33:39.976 [main] DEBUG o.s.c.a.ConfigurationClassBeanDefinitionReader - Registering bean definition for @Bean method edu.ncsu.csc.itrust2.config.SecurityConfig.ipBlockFilter()
06:33:39.976 [main] DEBUG o.s.c.a.ConfigurationClassBeanDefinitionReader - Registered bean definition for imported class 'org.springframework.web.servlet.config.annotation.DelegatingWebMvcConfiguration'
06:33:39.977 [main] DEBUG o.s.c.a.ConfigurationClassBeanDefinitionReader - Registering bean definition for @Bean method org.springframework.web.servlet.config.annotation.DelegatingWebMvcConfiguration.mvcPathMatcher()
06:33:39.977 [main] DEBUG o.s.c.a.ConfigurationClassBeanDefinitionReader - Registering bean definition for @Bean method org.springframework.web.servlet.config.annotation.DelegatingWebMvcConfiguration.mvcUrlPathHelper()
06:33:39.977 [main] DEBUG o.s.c.a.ConfigurationClassBeanDefinitionReader - Registering bean definition for @Bean method org.springframework.web.servlet.config.annotation.DelegatingWebMvcConfiguration.mvcContentNegotiationManager()
06:33:39.977 [main] DEBUG o.s.c.a.ConfigurationClassBeanDefinitionReader - Registering bean definition for @Bean method org.springframework.web.servlet.config.annotation.DelegatingWebMvcConfiguration.viewControllerHandlerMapping()
06:33:39.977 [main] DEBUG o.s.c.a.ConfigurationClassBeanDefinitionReader - Registering bean definition for @Bean method org.springframework.web.servlet.config.annotation.DelegatingWebMvcConfiguration.beanNameHandlerMapping()
06:33:39.977 [main] DEBUG o.s.c.a.ConfigurationClassBeanDefinitionReader - Registering bean definition for @Bean method org.springframework.web.servlet.config.annotation.DelegatingWebMvcConfiguration.resourceHandlerMapping()
06:33:39.977 [main] DEBUG o.s.c.a.ConfigurationClassBeanDefinitionReader - Registering bean definition for @Bean method org.springframework.web.servlet.config.annotation.DelegatingWebMvcConfiguration.mvcResourceUrlProvider()
06:33:39.977 [main] DEBUG o.s.c.a.ConfigurationClassBeanDefinitionReader - Registering bean definition for @Bean method org.springframework.web.servlet.config.annotation.DelegatingWebMvcConfiguration.defaultServletHandlerMapping()
06:33:39.977 [main] DEBUG o.s.c.a.ConfigurationClassBeanDefinitionReader - Registering bean definition for @Bean method org.springframework.web.servlet.config.annotation.DelegatingWebMvcConfiguration.requestMappingHandlerAdapter()
06:33:39.977 [main] DEBUG o.s.c.a.ConfigurationClassBeanDefinitionReader - Registering bean definition for @Bean method org.springframework.web.servlet.config.annotation.DelegatingWebMvcConfiguration.mvcValidator()
06:33:39.978 [main] DEBUG o.s.c.a.ConfigurationClassBeanDefinitionReader - Registering bean definition for @Bean method org.springframework.web.servlet.config.annotation.DelegatingWebMvcConfiguration.mvcUriComponentsContributor()
06:33:39.978 [main] DEBUG o.s.c.a.ConfigurationClassBeanDefinitionReader - Registering bean definition for @Bean method org.springframework.web.servlet.config.annotation.DelegatingWebMvcConfiguration.httpRequestHandlerAdapter()
06:33:39.978 [main] DEBUG o.s.c.a.ConfigurationClassBeanDefinitionReader - Registering bean definition for @Bean method org.springframework.web.servlet.config.annotation.DelegatingWebMvcConfiguration.simpleControllerHandlerAdapter()
06:33:39.978 [main] DEBUG o.s.c.a.ConfigurationClassBeanDefinitionReader - Registering bean definition for @Bean method org.springframework.web.servlet.config.annotation.DelegatingWebMvcConfiguration.handlerExceptionResolver()
06:33:39.978 [main] DEBUG o.s.c.a.ConfigurationClassBeanDefinitionReader - Registering bean definition for @Bean method org.springframework.web.servlet.config.annotation.DelegatingWebMvcConfiguration.mvcViewResolver()
06:33:39.978 [main] DEBUG o.s.c.a.ConfigurationClassBeanDefinitionReader - Registering bean definition for @Bean method org.springframework.web.servlet.config.annotation.DelegatingWebMvcConfiguration.mvcConversionService()
06:33:39.978 [main] DEBUG o.s.c.a.ConfigurationClassBeanDefinitionReader - Registering bean definition for @Bean method org.springframework.web.servlet.config.annotation.DelegatingWebMvcConfiguration.requestMappingHandlerMapping()
06:33:39.978 [main] DEBUG o.s.c.a.ConfigurationClassBeanDefinitionReader - Registered bean definition for imported class 'org.springframework.security.config.annotation.method.configuration.GlobalMethodSecurityConfiguration'
06:33:39.978 [main] DEBUG o.s.c.a.ConfigurationClassBeanDefinitionReader - Registering bean definition for @Bean method org.springframework.security.config.annotation.method.configuration.GlobalMethodSecurityConfiguration.methodSecurityInterceptor()
06:33:39.978 [main] DEBUG o.s.c.a.ConfigurationClassBeanDefinitionReader - Registering bean definition for @Bean method org.springframework.security.config.annotation.method.configuration.GlobalMethodSecurityConfiguration.methodSecurityMetadataSource()
06:33:39.978 [main] DEBUG o.s.c.a.ConfigurationClassBeanDefinitionReader - Registering bean definition for @Bean method org.springframework.security.config.annotation.method.configuration.GlobalMethodSecurityConfiguration.preInvocationAuthorizationAdvice()
06:33:39.978 [main] DEBUG o.s.c.a.ConfigurationClassBeanDefinitionReader - Registering bean definition for @Bean method edu.ncsu.csc.itrust2.mvc.config.WebMvcConfiguration.viewResolver()
06:33:39.979 [main] DEBUG o.s.c.a.ConfigurationClassBeanDefinitionReader - Registering bean definition for @Bean method edu.ncsu.csc.itrust2.mvc.config.WebMvcConfiguration.templateEngine()
06:33:39.979 [main] DEBUG o.s.c.a.ConfigurationClassBeanDefinitionReader - Registering bean definition for @Bean method edu.ncsu.csc.itrust2.mvc.config.WebMvcConfiguration.domainClassConverter()
06:33:39.981 [main] DEBUG o.s.c.a.ConfigurationClassEnhancer - Successfully enhanced edu.ncsu.csc.itrust2.config.RootConfiguration; enhanced class name is: edu.ncsu.csc.itrust2.config.RootConfiguration$$EnhancerBySpringCGLIB$$5a5bdda4
06:33:39.981 [main] DEBUG o.s.c.a.ConfigurationClassPostProcessor - Replacing bean definition 'rootConfiguration' existing class 'edu.ncsu.csc.itrust2.config.RootConfiguration' with enhanced class 'edu.ncsu.csc.itrust2.config.RootConfiguration$$EnhancerBySpringCGLIB$$5a5bdda4'
06:33:39.981 [main] DEBUG o.s.c.a.ConfigurationClassEnhancer - Successfully enhanced edu.ncsu.csc.itrust2.mvc.config.WebMvcConfiguration; enhanced class name is: edu.ncsu.csc.itrust2.mvc.config.WebMvcConfiguration$$EnhancerBySpringCGLIB$$7706e0f4
06:33:39.981 [main] DEBUG o.s.c.a.ConfigurationClassPostProcessor - Replacing bean definition 'webMvcConfiguration' existing class 'edu.ncsu.csc.itrust2.mvc.config.WebMvcConfiguration' with enhanced class 'edu.ncsu.csc.itrust2.mvc.config.WebMvcConfiguration$$EnhancerBySpringCGLIB$$7706e0f4'
06:33:39.981 [main] DEBUG o.s.c.a.ConfigurationClassEnhancer - Successfully enhanced edu.ncsu.csc.itrust2.config.DataConfiguration; enhanced class name is: edu.ncsu.csc.itrust2.config.DataConfiguration$$EnhancerBySpringCGLIB$$9e9b22dc
06:33:39.981 [main] DEBUG o.s.c.a.ConfigurationClassPostProcessor - Replacing bean definition 'dataConfiguration' existing class 'edu.ncsu.csc.itrust2.config.DataConfiguration' with enhanced class 'edu.ncsu.csc.itrust2.config.DataConfiguration$$EnhancerBySpringCGLIB$$9e9b22dc'
06:33:39.981 [main] DEBUG o.s.c.a.ConfigurationClassEnhancer - Successfully enhanced edu.ncsu.csc.itrust2.config.SecurityConfig; enhanced class name is: edu.ncsu.csc.itrust2.config.SecurityConfig$$EnhancerBySpringCGLIB$$911baa80
06:33:39.981 [main] DEBUG o.s.c.a.ConfigurationClassPostProcessor - Replacing bean definition 'securityConfig' existing class 'edu.ncsu.csc.itrust2.config.SecurityConfig' with enhanced class 'edu.ncsu.csc.itrust2.config.SecurityConfig$$EnhancerBySpringCGLIB$$911baa80'
06:33:39.982 [main] DEBUG o.s.c.a.ConfigurationClassEnhancer - Successfully enhanced org.springframework.security.config.annotation.configuration.ObjectPostProcessorConfiguration; enhanced class name is: org.springframework.security.config.annotation.configuration.ObjectPostProcessorConfiguration$$EnhancerBySpringCGLIB$$9f10f44c
06:33:39.982 [main] DEBUG o.s.c.a.ConfigurationClassPostProcessor - Replacing bean definition 'org.springframework.security.config.annotation.configuration.ObjectPostProcessorConfiguration' existing class 'org.springframework.security.config.annotation.configuration.ObjectPostProcessorConfiguration' with enhanced class 'org.springframework.security.config.annotation.configuration.ObjectPostProcessorConfiguration$$EnhancerBySpringCGLIB$$9f10f44c'
06:33:39.982 [main] DEBUG o.s.c.a.ConfigurationClassEnhancer - Successfully enhanced org.springframework.security.config.annotation.authentication.configuration.AuthenticationConfiguration; enhanced class name is: org.springframework.security.config.annotation.authentication.configuration.AuthenticationConfiguration$$EnhancerBySpringCGLIB$$ead9fec1
06:33:39.982 [main] DEBUG o.s.c.a.ConfigurationClassPostProcessor - Replacing bean definition 'org.springframework.security.config.annotation.authentication.configuration.AuthenticationConfiguration' existing class 'org.springframework.security.config.annotation.authentication.configuration.AuthenticationConfiguration' with enhanced class 'org.springframework.security.config.annotation.authentication.configuration.AuthenticationConfiguration$$EnhancerBySpringCGLIB$$ead9fec1'
06:33:39.982 [main] DEBUG o.s.c.a.ConfigurationClassEnhancer - Successfully enhanced org.springframework.security.config.annotation.authentication.configuration.AuthenticationConfiguration; enhanced class name is: org.springframework.security.config.annotation.authentication.configuration.AuthenticationConfiguration$$EnhancerBySpringCGLIB$$ead9fec1
06:33:39.982 [main] DEBUG o.s.c.a.ConfigurationClassPostProcessor - Replacing bean definition 'enableGlobalAuthenticationAutowiredConfigurer' existing class 'org.springframework.security.config.annotation.authentication.configuration.AuthenticationConfiguration' with enhanced class 'org.springframework.security.config.annotation.authentication.configuration.AuthenticationConfiguration$$EnhancerBySpringCGLIB$$ead9fec1'
06:33:39.982 [main] DEBUG o.s.c.a.ConfigurationClassEnhancer - Successfully enhanced org.springframework.security.config.annotation.authentication.configuration.AuthenticationConfiguration; enhanced class name is: org.springframework.security.config.annotation.authentication.configuration.AuthenticationConfiguration$$EnhancerBySpringCGLIB$$ead9fec1
06:33:39.982 [main] DEBUG o.s.c.a.ConfigurationClassPostProcessor - Replacing bean definition 'initializeUserDetailsBeanManagerConfigurer' existing class 'org.springframework.security.config.annotation.authentication.configuration.AuthenticationConfiguration' with enhanced class 'org.springframework.security.config.annotation.authentication.configuration.AuthenticationConfiguration$$EnhancerBySpringCGLIB$$ead9fec1'
06:33:39.982 [main] DEBUG o.s.c.a.ConfigurationClassEnhancer - Successfully enhanced org.springframework.security.config.annotation.authentication.configuration.AuthenticationConfiguration; enhanced class name is: org.springframework.security.config.annotation.authentication.configuration.AuthenticationConfiguration$$EnhancerBySpringCGLIB$$ead9fec1
06:33:39.982 [main] DEBUG o.s.c.a.ConfigurationClassPostProcessor - Replacing bean definition 'initializeAuthenticationProviderBeanManagerConfigurer' existing class 'org.springframework.security.config.annotation.authentication.configuration.AuthenticationConfiguration' with enhanced class 'org.springframework.security.config.annotation.authentication.configuration.AuthenticationConfiguration$$EnhancerBySpringCGLIB$$ead9fec1'
06:33:39.982 [main] DEBUG o.s.c.a.ConfigurationClassEnhancer - Successfully enhanced org.springframework.security.config.annotation.web.configuration.WebSecurityConfiguration; enhanced class name is: org.springframework.security.config.annotation.web.configuration.WebSecurityConfiguration$$EnhancerBySpringCGLIB$$ad945905
06:33:39.982 [main] DEBUG o.s.c.a.ConfigurationClassPostProcessor - Replacing bean definition 'org.springframework.security.config.annotation.web.configuration.WebSecurityConfiguration' existing class 'org.springframework.security.config.annotation.web.configuration.WebSecurityConfiguration' with enhanced class 'org.springframework.security.config.annotation.web.configuration.WebSecurityConfiguration$$EnhancerBySpringCGLIB$$ad945905'
06:33:39.982 [main] DEBUG o.s.c.a.ConfigurationClassEnhancer - Successfully enhanced org.springframework.security.config.annotation.web.configuration.WebSecurityConfiguration; enhanced class name is: org.springframework.security.config.annotation.web.configuration.WebSecurityConfiguration$$EnhancerBySpringCGLIB$$ad945905
06:33:39.982 [main] DEBUG o.s.c.a.ConfigurationClassPostProcessor - Replacing bean definition 'delegatingApplicationListener' existing class 'org.springframework.security.config.annotation.web.configuration.WebSecurityConfiguration' with enhanced class 'org.springframework.security.config.annotation.web.configuration.WebSecurityConfiguration$$EnhancerBySpringCGLIB$$ad945905'
06:33:39.982 [main] DEBUG o.s.c.a.ConfigurationClassEnhancer - Successfully enhanced org.springframework.web.servlet.config.annotation.DelegatingWebMvcConfiguration; enhanced class name is: org.springframework.web.servlet.config.annotation.DelegatingWebMvcConfiguration$$EnhancerBySpringCGLIB$$cb241148
06:33:39.982 [main] DEBUG o.s.c.a.ConfigurationClassPostProcessor - Replacing bean definition 'org.springframework.web.servlet.config.annotation.DelegatingWebMvcConfiguration' existing class 'org.springframework.web.servlet.config.annotation.DelegatingWebMvcConfiguration' with enhanced class 'org.springframework.web.servlet.config.annotation.DelegatingWebMvcConfiguration$$EnhancerBySpringCGLIB$$cb241148'
06:33:39.982 [main] DEBUG o.s.c.a.ConfigurationClassEnhancer - Successfully enhanced org.springframework.security.config.annotation.method.configuration.GlobalMethodSecurityConfiguration; enhanced class name is: org.springframework.security.config.annotation.method.configuration.GlobalMethodSecurityConfiguration$$EnhancerBySpringCGLIB$$c3e596fe
06:33:39.982 [main] DEBUG o.s.c.a.ConfigurationClassPostProcessor - Replacing bean definition 'org.springframework.security.config.annotation.method.configuration.GlobalMethodSecurityConfiguration' existing class 'org.springframework.security.config.annotation.method.configuration.GlobalMethodSecurityConfiguration' with enhanced class 'org.springframework.security.config.annotation.method.configuration.GlobalMethodSecurityConfiguration$$EnhancerBySpringCGLIB$$c3e596fe'
06:33:39.983 [main] DEBUG o.s.b.f.s.DefaultListableBeanFactory - Creating shared instance of singleton bean 'org.springframework.context.annotation.internalAutowiredAnnotationProcessor'
06:33:39.983 [main] DEBUG o.s.b.f.s.DefaultListableBeanFactory - Creating instance of bean 'org.springframework.context.annotation.internalAutowiredAnnotationProcessor'
06:33:39.984 [main] DEBUG o.s.b.f.s.DefaultListableBeanFactory - Eagerly caching bean 'org.springframework.context.annotation.internalAutowiredAnnotationProcessor' to allow for resolving potential circular references
06:33:39.986 [main] DEBUG o.s.b.f.s.DefaultListableBeanFactory - Finished creating instance of bean 'org.springframework.context.annotation.internalAutowiredAnnotationProcessor'
06:33:39.986 [main] DEBUG o.s.b.f.s.DefaultListableBeanFactory - Creating shared instance of singleton bean 'org.springframework.context.annotation.internalRequiredAnnotationProcessor'
06:33:39.986 [main] DEBUG o.s.b.f.s.DefaultListableBeanFactory - Creating instance of bean 'org.springframework.context.annotation.internalRequiredAnnotationProcessor'
06:33:39.986 [main] DEBUG o.s.b.f.s.DefaultListableBeanFactory - Eagerly caching bean 'org.springframework.context.annotation.internalRequiredAnnotationProcessor' to allow for resolving potential circular references
06:33:39.988 [main] DEBUG o.s.b.f.s.DefaultListableBeanFactory - Finished creating instance of bean 'org.springframework.context.annotation.internalRequiredAnnotationProcessor'
06:33:39.988 [main] DEBUG o.s.b.f.s.DefaultListableBeanFactory - Creating shared instance of singleton bean 'org.springframework.context.annotation.internalCommonAnnotationProcessor'
06:33:39.988 [main] DEBUG o.s.b.f.s.DefaultListableBeanFactory - Creating instance of bean 'org.springframework.context.annotation.internalCommonAnnotationProcessor'
06:33:39.988 [main] DEBUG o.s.b.f.s.DefaultListableBeanFactory - Eagerly caching bean 'org.springframework.context.annotation.internalCommonAnnotationProcessor' to allow for resolving potential circular references
06:33:39.990 [main] DEBUG o.s.b.f.s.DefaultListableBeanFactory - Finished creating instance of bean 'org.springframework.context.annotation.internalCommonAnnotationProcessor'
06:33:39.990 [main] DEBUG o.s.b.f.s.DefaultListableBeanFactory - Creating shared instance of singleton bean 'org.springframework.context.annotation.internalPersistenceAnnotationProcessor'
06:33:39.990 [main] DEBUG o.s.b.f.s.DefaultListableBeanFactory - Creating instance of bean 'org.springframework.context.annotation.internalPersistenceAnnotationProcessor'
06:33:39.990 [main] DEBUG o.s.b.f.s.DefaultListableBeanFactory - Eagerly caching bean 'org.springframework.context.annotation.internalPersistenceAnnotationProcessor' to allow for resolving potential circular references
06:33:39.992 [main] DEBUG o.s.b.f.s.DefaultListableBeanFactory - Finished creating instance of bean 'org.springframework.context.annotation.internalPersistenceAnnotationProcessor'
06:33:39.993 [main] DEBUG o.s.b.f.s.DefaultListableBeanFactory - Creating shared instance of singleton bean 'org.springframework.aop.config.internalAutoProxyCreator'
06:33:39.993 [main] DEBUG o.s.b.f.s.DefaultListableBeanFactory - Creating instance of bean 'org.springframework.aop.config.internalAutoProxyCreator'
06:33:39.993 [main] DEBUG o.s.b.f.s.DefaultListableBeanFactory - Eagerly caching bean 'org.springframework.aop.config.internalAutoProxyCreator' to allow for resolving potential circular references
06:33:39.998 [main] DEBUG o.s.b.f.s.DefaultListableBeanFactory - Finished creating instance of bean 'org.springframework.aop.config.internalAutoProxyCreator'
06:33:39.998 [main] DEBUG o.s.w.c.s.GenericWebApplicationContext - Unable to locate MessageSource with name 'messageSource': using default [org.springframework.context.support.DelegatingMessageSource@3caac472]
06:33:39.998 [main] DEBUG o.s.w.c.s.GenericWebApplicationContext - Unable to locate ApplicationEventMulticaster with name 'applicationEventMulticaster': using default [org.springframework.context.event.SimpleApplicationEventMulticaster@6d7fda3a]
06:33:39.998 [main] DEBUG o.s.u.c.s.UiApplicationContextUtils - Unable to locate ThemeSource with name 'themeSource': using default [org.springframework.ui.context.support.ResourceBundleThemeSource@4380b275]
06:33:39.999 [main] DEBUG o.s.b.f.s.DefaultListableBeanFactory - Pre-instantiating singletons in org.springframework.beans.factory.support.DefaultListableBeanFactory@1a7eeea9: defining beans [org.springframework.context.annotation.internalConfigurationAnnotationProcessor,org.springframework.context.annotation.internalAutowiredAnnotationProcessor,org.springframework.context.annotation.internalRequiredAnnotationProcessor,org.springframework.context.annotation.internalCommonAnnotationProcessor,org.springframework.context.annotation.internalPersistenceAnnotationProcessor,org.springframework.context.event.internalEventListenerProcessor,org.springframework.context.event.internalEventListenerFactory,rootConfiguration,webMvcConfiguration,dataConfiguration,loginAuditingListener,securityConfig,defaultController,adminController,adminUserController,hospitalController,ICDCodesController,APIAppointmentRequestController,APIDiagnosisController,APIDrugController,APIEnumController,APIHospitalController,APIICDCodeController,APILogEntryController,APIOfficeVisitController,APIPasswordController,APIPatientController,APIPersonnelController,APIPrescriptionController,APIUserController,appointmentControllerHCP,HCPController,officeVisitController,appointmentController,diagnosesController,patientController,passwordController,userController,dataSource,org.springframework.security.config.annotation.configuration.ObjectPostProcessorConfiguration,objectPostProcessor,org.springframework.security.config.annotation.authentication.configuration.AuthenticationConfiguration,authenticationManagerBuilder,enableGlobalAuthenticationAutowiredConfigurer,initializeUserDetailsBeanManagerConfigurer,initializeAuthenticationProviderBeanManagerConfigurer,org.springframework.security.config.annotation.web.configuration.WebSecurityConfiguration,delegatingApplicationListener,webSecurityExpressionHandler,springSecurityFilterChain,privilegeEvaluator,autowiredWebSecurityConfigurersIgnoreParents,org.springframework.security.config.annotation.web.configuration.WebMvcSecurityConfiguration,requestDataValueProcessor,passwordEncoder,defaultAuthenticationEventPublisher,failureHandler,ipBlockFilter,org.springframework.web.servlet.config.annotation.DelegatingWebMvcConfiguration,mvcPathMatcher,mvcUrlPathHelper,mvcContentNegotiationManager,viewControllerHandlerMapping,beanNameHandlerMapping,resourceHandlerMapping,mvcResourceUrlProvider,defaultServletHandlerMapping,requestMappingHandlerAdapter,mvcValidator,mvcUriComponentsContributor,httpRequestHandlerAdapter,simpleControllerHandlerAdapter,handlerExceptionResolver,mvcViewResolver,mvcConversionService,requestMappingHandlerMapping,org.springframework.security.config.annotation.method.configuration.GlobalMethodSecurityConfiguration,methodSecurityInterceptor,methodSecurityMetadataSource,preInvocationAuthorizationAdvice,viewResolver,templateEngine,domainClassConverter,metaDataSourceAdvisor,org.springframework.aop.config.internalAutoProxyCreator]; root of factory hierarchy
06:33:39.999 [main] DEBUG o.s.b.f.s.DefaultListableBeanFactory - Returning cached instance of singleton bean 'org.springframework.context.annotation.internalConfigurationAnnotationProcessor'
06:33:39.999 [main] DEBUG o.s.b.f.s.DefaultListableBeanFactory - Returning cached instance of singleton bean 'org.springframework.context.annotation.internalAutowiredAnnotationProcessor'
06:33:39.999 [main] DEBUG o.s.b.f.s.DefaultListableBeanFactory - Returning cached instance of singleton bean 'org.springframework.context.annotation.internalRequiredAnnotationProcessor'
06:33:39.999 [main] DEBUG o.s.b.f.s.DefaultListableBeanFactory - Returning cached instance of singleton bean 'org.springframework.context.annotation.internalCommonAnnotationProcessor'
06:33:39.999 [main] DEBUG o.s.b.f.s.DefaultListableBeanFactory - Returning cached instance of singleton bean 'org.springframework.context.annotation.internalPersistenceAnnotationProcessor'
06:33:39.999 [main] DEBUG o.s.b.f.s.DefaultListableBeanFactory - Creating shared instance of singleton bean 'org.springframework.context.event.internalEventListenerProcessor'
06:33:39.999 [main] DEBUG o.s.b.f.s.DefaultListableBeanFactory - Creating instance of bean 'org.springframework.context.event.internalEventListenerProcessor'
06:33:40.000 [main] DEBUG o.s.b.f.s.DefaultListableBeanFactory - Eagerly caching bean 'org.springframework.context.event.internalEventListenerProcessor' to allow for resolving potential circular references
06:33:40.002 [main] DEBUG o.s.b.f.s.DefaultListableBeanFactory - Creating shared instance of singleton bean 'metaDataSourceAdvisor'
06:33:40.002 [main] DEBUG o.s.b.f.s.DefaultListableBeanFactory - Creating instance of bean 'metaDataSourceAdvisor'
06:33:40.002 [main] DEBUG o.s.b.f.s.DefaultListableBeanFactory - Creating shared instance of singleton bean 'methodSecurityMetadataSource'
06:33:40.002 [main] DEBUG o.s.b.f.s.DefaultListableBeanFactory - Creating instance of bean 'methodSecurityMetadataSource'
06:33:40.002 [main] DEBUG o.s.b.f.s.DefaultListableBeanFactory - Creating shared instance of singleton bean 'org.springframework.security.config.annotation.method.configuration.GlobalMethodSecurityConfiguration'
06:33:40.002 [main] DEBUG o.s.b.f.s.DefaultListableBeanFactory - Creating instance of bean 'org.springframework.security.config.annotation.method.configuration.GlobalMethodSecurityConfiguration'
06:33:40.005 [main] DEBUG o.s.b.f.annotation.InjectionMetadata - Registered injected element on class [org.springframework.security.config.annotation.method.configuration.GlobalMethodSecurityConfiguration$$EnhancerBySpringCGLIB$$c3e596fe]: AutowiredMethodElement for public void org.springframework.security.config.annotation.method.configuration.GlobalMethodSecurityConfiguration.setApplicationContext(org.springframework.context.ApplicationContext)
06:33:40.005 [main] DEBUG o.s.b.f.annotation.InjectionMetadata - Registered injected element on class [org.springframework.security.config.annotation.method.configuration.GlobalMethodSecurityConfiguration$$EnhancerBySpringCGLIB$$c3e596fe]: AutowiredMethodElement for public void org.springframework.security.config.annotation.method.configuration.GlobalMethodSecurityConfiguration.setJsr250MethodSecurityMetadataSource(org.springframework.security.access.annotation.Jsr250MethodSecurityMetadataSource)
06:33:40.005 [main] DEBUG o.s.b.f.annotation.InjectionMetadata - Registered injected element on class [org.springframework.security.config.annotation.method.configuration.GlobalMethodSecurityConfiguration$$EnhancerBySpringCGLIB$$c3e596fe]: AutowiredMethodElement for public void org.springframework.security.config.annotation.method.configuration.GlobalMethodSecurityConfiguration.setMethodSecurityExpressionHandler(java.util.List)
06:33:40.005 [main] DEBUG o.s.b.f.annotation.InjectionMetadata - Registered injected element on class [org.springframework.security.config.annotation.method.configuration.GlobalMethodSecurityConfiguration$$EnhancerBySpringCGLIB$$c3e596fe]: AutowiredMethodElement for public void org.springframework.security.config.annotation.method.configuration.GlobalMethodSecurityConfiguration.setObjectPostProcessor(org.springframework.security.config.annotation.ObjectPostProcessor)
06:33:40.005 [main] DEBUG o.s.b.f.s.DefaultListableBeanFactory - Eagerly caching bean 'org.springframework.security.config.annotation.method.configuration.GlobalMethodSecurityConfiguration' to allow for resolving potential circular references
06:33:40.006 [main] DEBUG o.s.b.f.annotation.InjectionMetadata - Processing injected element of bean 'org.springframework.security.config.annotation.method.configuration.GlobalMethodSecurityConfiguration': AutowiredMethodElement for public void org.springframework.security.config.annotation.method.configuration.GlobalMethodSecurityConfiguration.setApplicationContext(org.springframework.context.ApplicationContext)
06:33:40.006 [main] DEBUG o.s.b.f.a.AutowiredAnnotationBeanPostProcessor - Autowiring by type from bean name 'org.springframework.security.config.annotation.method.configuration.GlobalMethodSecurityConfiguration' to bean named 'org.springframework.web.context.support.GenericWebApplicationContext@6b48b8a2'
06:33:40.006 [main] DEBUG o.s.b.f.annotation.InjectionMetadata - Processing injected element of bean 'org.springframework.security.config.annotation.method.configuration.GlobalMethodSecurityConfiguration': AutowiredMethodElement for public void org.springframework.security.config.annotation.method.configuration.GlobalMethodSecurityConfiguration.setJsr250MethodSecurityMetadataSource(org.springframework.security.access.annotation.Jsr250MethodSecurityMetadataSource)
06:33:40.007 [main] DEBUG o.s.b.f.annotation.InjectionMetadata - Processing injected element of bean 'org.springframework.security.config.annotation.method.configuration.GlobalMethodSecurityConfiguration': AutowiredMethodElement for public void org.springframework.security.config.annotation.method.configuration.GlobalMethodSecurityConfiguration.setMethodSecurityExpressionHandler(java.util.List)
06:33:40.008 [main] DEBUG o.s.b.f.annotation.InjectionMetadata - Processing injected element of bean 'org.springframework.security.config.annotation.method.configuration.GlobalMethodSecurityConfiguration': AutowiredMethodElement for public void org.springframework.security.config.annotation.method.configuration.GlobalMethodSecurityConfiguration.setObjectPostProcessor(org.springframework.security.config.annotation.ObjectPostProcessor)
06:33:40.008 [main] DEBUG o.s.b.f.s.DefaultListableBeanFactory - Creating shared instance of singleton bean 'objectPostProcessor'
06:33:40.008 [main] DEBUG o.s.b.f.s.DefaultListableBeanFactory - Creating instance of bean 'objectPostProcessor'
06:33:40.009 [main] DEBUG o.s.b.f.s.DefaultListableBeanFactory - Creating shared instance of singleton bean 'org.springframework.security.config.annotation.configuration.ObjectPostProcessorConfiguration'
06:33:40.009 [main] DEBUG o.s.b.f.s.DefaultListableBeanFactory - Creating instance of bean 'org.springframework.security.config.annotation.configuration.ObjectPostProcessorConfiguration'
06:33:40.009 [main] DEBUG o.s.b.f.s.DefaultListableBeanFactory - Eagerly caching bean 'org.springframework.security.config.annotation.configuration.ObjectPostProcessorConfiguration' to allow for resolving potential circular references
06:33:40.011 [main] DEBUG o.s.a.f.a.BeanFactoryAdvisorRetrievalHelper - Skipping currently created advisor 'metaDataSourceAdvisor'
06:33:40.011 [main] DEBUG o.s.b.f.s.DefaultListableBeanFactory - Finished creating instance of bean 'org.springframework.security.config.annotation.configuration.ObjectPostProcessorConfiguration'
06:33:40.012 [main] DEBUG o.s.b.f.s.DefaultListableBeanFactory - Autowiring by type from bean name 'objectPostProcessor' via factory method to bean named 'org.springframework.beans.factory.support.DefaultListableBeanFactory@1a7eeea9'
06:33:40.012 [main] DEBUG o.s.b.f.s.DefaultListableBeanFactory - Eagerly caching bean 'objectPostProcessor' to allow for resolving potential circular references
06:33:40.016 [main] DEBUG o.s.a.f.a.BeanFactoryAdvisorRetrievalHelper - Skipping currently created advisor 'metaDataSourceAdvisor'
06:33:40.016 [main] DEBUG o.s.b.f.s.DefaultListableBeanFactory - Finished creating instance of bean 'objectPostProcessor'
06:33:40.016 [main] DEBUG o.s.b.f.a.AutowiredAnnotationBeanPostProcessor - Autowiring by type from bean name 'org.springframework.security.config.annotation.method.configuration.GlobalMethodSecurityConfiguration' to bean named 'objectPostProcessor'
06:33:40.019 [main] DEBUG o.s.b.f.s.DefaultListableBeanFactory - Returning cached instance of singleton bean 'org.springframework.context.annotation.ConfigurationClassPostProcessor.importRegistry'
06:33:40.019 [main] DEBUG o.s.a.f.a.BeanFactoryAdvisorRetrievalHelper - Skipping currently created advisor 'metaDataSourceAdvisor'
06:33:40.019 [main] DEBUG o.s.b.f.s.DefaultListableBeanFactory - Finished creating instance of bean 'org.springframework.security.config.annotation.method.configuration.GlobalMethodSecurityConfiguration'
06:33:40.020 [main] DEBUG o.s.b.f.s.DefaultListableBeanFactory - Eagerly caching bean 'methodSecurityMetadataSource' to allow for resolving potential circular references
06:33:40.021 [main] DEBUG o.s.b.f.s.DefaultListableBeanFactory - Finished creating instance of bean 'methodSecurityMetadataSource'
06:33:40.021 [main] DEBUG o.s.b.f.s.DefaultListableBeanFactory - Eagerly caching bean 'metaDataSourceAdvisor' to allow for resolving potential circular references
06:33:40.023 [main] DEBUG o.s.b.f.s.DefaultListableBeanFactory - Finished creating instance of bean 'metaDataSourceAdvisor'
06:33:40.023 [main] DEBUG o.s.b.f.s.DefaultListableBeanFactory - Finished creating instance of bean 'org.springframework.context.event.internalEventListenerProcessor'
06:33:40.023 [main] DEBUG o.s.b.f.s.DefaultListableBeanFactory - Creating shared instance of singleton bean 'org.springframework.context.event.internalEventListenerFactory'
06:33:40.023 [main] DEBUG o.s.b.f.s.DefaultListableBeanFactory - Creating instance of bean 'org.springframework.context.event.internalEventListenerFactory'
06:33:40.023 [main] DEBUG o.s.b.f.s.DefaultListableBeanFactory - Eagerly caching bean 'org.springframework.context.event.internalEventListenerFactory' to allow for resolving potential circular references
06:33:40.024 [main] DEBUG o.s.b.f.s.DefaultListableBeanFactory - Returning cached instance of singleton bean 'metaDataSourceAdvisor'
06:33:40.024 [main] DEBUG o.s.b.f.s.DefaultListableBeanFactory - Finished creating instance of bean 'org.springframework.context.event.internalEventListenerFactory'
06:33:40.024 [main] DEBUG o.s.b.f.s.DefaultListableBeanFactory - Creating shared instance of singleton bean 'rootConfiguration'
06:33:40.024 [main] DEBUG o.s.b.f.s.DefaultListableBeanFactory - Creating instance of bean 'rootConfiguration'
06:33:40.024 [main] DEBUG o.s.b.f.s.DefaultListableBeanFactory - Eagerly caching bean 'rootConfiguration' to allow for resolving potential circular references
06:33:40.025 [main] DEBUG o.s.b.f.s.DefaultListableBeanFactory - Returning cached instance of singleton bean 'metaDataSourceAdvisor'
06:33:40.026 [main] DEBUG o.s.b.f.s.DefaultListableBeanFactory - Finished creating instance of bean 'rootConfiguration'
06:33:40.026 [main] DEBUG o.s.b.f.s.DefaultListableBeanFactory - Creating shared instance of singleton bean 'webMvcConfiguration'
06:33:40.026 [main] DEBUG o.s.b.f.s.DefaultListableBeanFactory - Creating instance of bean 'webMvcConfiguration'
06:33:40.027 [main] DEBUG o.s.b.f.annotation.InjectionMetadata - Registered injected element on class [edu.ncsu.csc.itrust2.mvc.config.WebMvcConfiguration$$EnhancerBySpringCGLIB$$7706e0f4]: AutowiredFieldElement for private org.springframework.context.ApplicationContext edu.ncsu.csc.itrust2.mvc.config.WebMvcConfiguration.applicationContext
06:33:40.027 [main] DEBUG o.s.b.f.annotation.InjectionMetadata - Registered injected element on class [edu.ncsu.csc.itrust2.mvc.config.WebMvcConfiguration$$EnhancerBySpringCGLIB$$7706e0f4]: AutowiredFieldElement for private org.springframework.format.support.FormattingConversionService edu.ncsu.csc.itrust2.mvc.config.WebMvcConfiguration.mvcConversionService
06:33:40.027 [main] DEBUG o.s.b.f.s.DefaultListableBeanFactory - Eagerly caching bean 'webMvcConfiguration' to allow for resolving potential circular references
06:33:40.029 [main] DEBUG o.s.b.f.annotation.InjectionMetadata - Processing injected element of bean 'webMvcConfiguration': AutowiredFieldElement for private org.springframework.context.ApplicationContext edu.ncsu.csc.itrust2.mvc.config.WebMvcConfiguration.applicationContext
06:33:40.029 [main] DEBUG o.s.b.f.a.AutowiredAnnotationBeanPostProcessor - Autowiring by type from bean name 'webMvcConfiguration' to bean named 'org.springframework.web.context.support.GenericWebApplicationContext@6b48b8a2'
06:33:40.029 [main] DEBUG o.s.b.f.annotation.InjectionMetadata - Processing injected element of bean 'webMvcConfiguration': AutowiredFieldElement for private org.springframework.format.support.FormattingConversionService edu.ncsu.csc.itrust2.mvc.config.WebMvcConfiguration.mvcConversionService
06:33:40.030 [main] DEBUG o.s.b.f.s.DefaultListableBeanFactory - Creating shared instance of singleton bean 'mvcConversionService'
06:33:40.030 [main] DEBUG o.s.b.f.s.DefaultListableBeanFactory - Creating instance of bean 'mvcConversionService'
06:33:40.030 [main] DEBUG o.s.b.f.s.DefaultListableBeanFactory - Creating shared instance of singleton bean 'org.springframework.web.servlet.config.annotation.DelegatingWebMvcConfiguration'
06:33:40.030 [main] DEBUG o.s.b.f.s.DefaultListableBeanFactory - Creating instance of bean 'org.springframework.web.servlet.config.annotation.DelegatingWebMvcConfiguration'
06:33:40.033 [main] DEBUG o.s.b.f.annotation.InjectionMetadata - Registered injected element on class [org.springframework.web.servlet.config.annotation.DelegatingWebMvcConfiguration$$EnhancerBySpringCGLIB$$cb241148]: AutowiredMethodElement for public void org.springframework.web.servlet.config.annotation.DelegatingWebMvcConfiguration.setConfigurers(java.util.List)
06:33:40.033 [main] DEBUG o.s.b.f.s.DefaultListableBeanFactory - Eagerly caching bean 'org.springframework.web.servlet.config.annotation.DelegatingWebMvcConfiguration' to allow for resolving potential circular references
06:33:40.033 [main] DEBUG o.s.b.f.annotation.InjectionMetadata - Processing injected element of bean 'org.springframework.web.servlet.config.annotation.DelegatingWebMvcConfiguration': AutowiredMethodElement for public void org.springframework.web.servlet.config.annotation.DelegatingWebMvcConfiguration.setConfigurers(java.util.List)
06:33:40.034 [main] DEBUG o.s.b.f.s.DefaultListableBeanFactory - Returning cached instance of singleton bean 'metaDataSourceAdvisor'
06:33:40.038 [main] DEBUG o.s.b.f.s.DefaultListableBeanFactory - Returning eagerly cached instance of singleton bean 'webMvcConfiguration' that is not fully initialized yet - a consequence of a circular reference
06:33:40.038 [main] DEBUG o.s.b.f.s.DefaultListableBeanFactory - Creating shared instance of singleton bean 'org.springframework.security.config.annotation.web.configuration.WebMvcSecurityConfiguration'
06:33:40.038 [main] DEBUG o.s.b.f.s.DefaultListableBeanFactory - Creating instance of bean 'org.springframework.security.config.annotation.web.configuration.WebMvcSecurityConfiguration'
06:33:40.038 [main] DEBUG o.s.b.f.s.DefaultListableBeanFactory - Eagerly caching bean 'org.springframework.security.config.annotation.web.configuration.WebMvcSecurityConfiguration' to allow for resolving potential circular references
06:33:40.040 [main] DEBUG o.s.b.f.s.DefaultListableBeanFactory - Returning cached instance of singleton bean 'metaDataSourceAdvisor'
06:33:40.041 [main] DEBUG o.s.b.f.s.DefaultListableBeanFactory - Finished creating instance of bean 'org.springframework.security.config.annotation.web.configuration.WebMvcSecurityConfiguration'
06:33:40.041 [main] DEBUG o.s.b.f.a.AutowiredAnnotationBeanPostProcessor - Autowiring by type from bean name 'org.springframework.web.servlet.config.annotation.DelegatingWebMvcConfiguration' to bean named 'webMvcConfiguration'
06:33:40.041 [main] DEBUG o.s.b.f.a.AutowiredAnnotationBeanPostProcessor - Autowiring by type from bean name 'org.springframework.web.servlet.config.annotation.DelegatingWebMvcConfiguration' to bean named 'org.springframework.security.config.annotation.web.configuration.WebMvcSecurityConfiguration'
06:33:40.042 [main] DEBUG o.s.b.f.s.DefaultListableBeanFactory - Returning cached instance of singleton bean 'metaDataSourceAdvisor'
06:33:40.047 [main] DEBUG o.s.b.f.s.DefaultListableBeanFactory - Finished creating instance of bean 'org.springframework.web.servlet.config.annotation.DelegatingWebMvcConfiguration'
06:33:40.048 [main] DEBUG o.s.b.f.s.DefaultListableBeanFactory - Eagerly caching bean 'mvcConversionService' to allow for resolving potential circular references
06:33:40.050 [main] DEBUG o.s.b.f.s.DefaultListableBeanFactory - Returning cached instance of singleton bean 'metaDataSourceAdvisor'
06:33:40.052 [main] DEBUG o.s.b.f.s.DefaultListableBeanFactory - Finished creating instance of bean 'mvcConversionService'
06:33:40.052 [main] DEBUG o.s.b.f.a.AutowiredAnnotationBeanPostProcessor - Autowiring by type from bean name 'webMvcConfiguration' to bean named 'mvcConversionService'
06:33:40.052 [main] DEBUG o.s.b.f.s.DefaultListableBeanFactory - Finished creating instance of bean 'webMvcConfiguration'
06:33:40.052 [main] DEBUG o.s.b.f.s.DefaultListableBeanFactory - Creating shared instance of singleton bean 'dataConfiguration'
06:33:40.052 [main] DEBUG o.s.b.f.s.DefaultListableBeanFactory - Creating instance of bean 'dataConfiguration'
06:33:40.052 [main] DEBUG o.s.b.f.s.DefaultListableBeanFactory - Eagerly caching bean 'dataConfiguration' to allow for resolving potential circular references
06:33:40.053 [main] DEBUG o.s.b.f.s.DefaultListableBeanFactory - Returning cached instance of singleton bean 'metaDataSourceAdvisor'
06:33:40.054 [main] DEBUG o.s.b.f.s.DefaultListableBeanFactory - Finished creating instance of bean 'dataConfiguration'
06:33:40.054 [main] DEBUG o.s.b.f.s.DefaultListableBeanFactory - Creating shared instance of singleton bean 'loginAuditingListener'
06:33:40.054 [main] DEBUG o.s.b.f.s.DefaultListableBeanFactory - Creating instance of bean 'loginAuditingListener'
06:33:40.054 [main] DEBUG o.s.b.f.s.DefaultListableBeanFactory - Eagerly caching bean 'loginAuditingListener' to allow for resolving potential circular references
06:33:40.054 [main] DEBUG o.s.b.f.s.DefaultListableBeanFactory - Returning cached instance of singleton bean 'metaDataSourceAdvisor'
06:33:40.054 [main] DEBUG o.s.b.f.s.DefaultListableBeanFactory - Finished creating instance of bean 'loginAuditingListener'
06:33:40.054 [main] DEBUG o.s.b.f.s.DefaultListableBeanFactory - Creating shared instance of singleton bean 'securityConfig'
06:33:40.054 [main] DEBUG o.s.b.f.s.DefaultListableBeanFactory - Creating instance of bean 'securityConfig'
06:33:40.056 [main] DEBUG o.s.b.f.annotation.InjectionMetadata - Registered injected element on class [edu.ncsu.csc.itrust2.config.SecurityConfig$$EnhancerBySpringCGLIB$$911baa80]: AutowiredMethodElement for public void org.springframework.security.config.annotation.web.configuration.WebSecurityConfigurerAdapter.setApplicationContext(org.springframework.context.ApplicationContext)
06:33:40.056 [main] DEBUG o.s.b.f.annotation.InjectionMetadata - Registered injected element on class [edu.ncsu.csc.itrust2.config.SecurityConfig$$EnhancerBySpringCGLIB$$911baa80]: AutowiredMethodElement for public void org.springframework.security.config.annotation.web.configuration.WebSecurityConfigurerAdapter.setContentNegotationStrategy(org.springframework.web.accept.ContentNegotiationStrategy)
06:33:40.056 [main] DEBUG o.s.b.f.annotation.InjectionMetadata - Registered injected element on class [edu.ncsu.csc.itrust2.config.SecurityConfig$$EnhancerBySpringCGLIB$$911baa80]: AutowiredMethodElement for public void org.springframework.security.config.annotation.web.configuration.WebSecurityConfigurerAdapter.setAuthenticationConfiguration(org.springframework.security.config.annotation.authentication.configuration.AuthenticationConfiguration)
06:33:40.056 [main] DEBUG o.s.b.f.annotation.InjectionMetadata - Registered injected element on class [edu.ncsu.csc.itrust2.config.SecurityConfig$$EnhancerBySpringCGLIB$$911baa80]: AutowiredMethodElement for public void org.springframework.security.config.annotation.web.configuration.WebSecurityConfigurerAdapter.setTrustResolver(org.springframework.security.authentication.AuthenticationTrustResolver)
06:33:40.056 [main] DEBUG o.s.b.f.annotation.InjectionMetadata - Registered injected element on class [edu.ncsu.csc.itrust2.config.SecurityConfig$$EnhancerBySpringCGLIB$$911baa80]: AutowiredMethodElement for public void org.springframework.security.config.annotation.web.configuration.WebSecurityConfigurerAdapter.setObjectPostProcessor(org.springframework.security.config.annotation.ObjectPostProcessor)
06:33:40.056 [main] DEBUG o.s.b.f.annotation.InjectionMetadata - Registered injected element on class [edu.ncsu.csc.itrust2.config.SecurityConfig$$EnhancerBySpringCGLIB$$911baa80]: AutowiredFieldElement for javax.sql.DataSource edu.ncsu.csc.itrust2.config.SecurityConfig.dataSource
06:33:40.056 [main] DEBUG o.s.b.f.annotation.InjectionMetadata - Registered injected element on class [edu.ncsu.csc.itrust2.config.SecurityConfig$$EnhancerBySpringCGLIB$$911baa80]: AutowiredMethodElement for public void edu.ncsu.csc.itrust2.config.SecurityConfig.configureGlobal(org.springframework.security.config.annotation.authentication.builders.AuthenticationManagerBuilder) throws java.lang.Exception
06:33:40.056 [main] DEBUG o.s.b.f.s.DefaultListableBeanFactory - Eagerly caching bean 'securityConfig' to allow for resolving potential circular references
06:33:40.057 [main] DEBUG o.s.b.f.annotation.InjectionMetadata - Processing injected element of bean 'securityConfig': AutowiredMethodElement for public void org.springframework.security.config.annotation.web.configuration.WebSecurityConfigurerAdapter.setApplicationContext(org.springframework.context.ApplicationContext)
06:33:40.057 [main] DEBUG o.s.b.f.a.AutowiredAnnotationBeanPostProcessor - Autowiring by type from bean name 'securityConfig' to bean named 'org.springframework.web.context.support.GenericWebApplicationContext@6b48b8a2'
06:33:40.057 [main] DEBUG o.s.b.f.annotation.InjectionMetadata - Processing injected element of bean 'securityConfig': AutowiredMethodElement for public void org.springframework.security.config.annotation.web.configuration.WebSecurityConfigurerAdapter.setContentNegotationStrategy(org.springframework.web.accept.ContentNegotiationStrategy)
06:33:40.057 [main] DEBUG o.s.b.f.s.DefaultListableBeanFactory - Creating shared instance of singleton bean 'mvcContentNegotiationManager'
06:33:40.057 [main] DEBUG o.s.b.f.s.DefaultListableBeanFactory - Creating instance of bean 'mvcContentNegotiationManager'
06:33:40.062 [main] DEBUG o.s.b.f.s.DefaultListableBeanFactory - Returning cached instance of singleton bean 'org.springframework.web.servlet.config.annotation.DelegatingWebMvcConfiguration'
06:33:40.063 [main] DEBUG o.s.b.f.s.DefaultListableBeanFactory - Eagerly caching bean 'mvcContentNegotiationManager' to allow for resolving potential circular references
06:33:40.065 [main] DEBUG o.s.b.f.s.DefaultListableBeanFactory - Returning cached instance of singleton bean 'metaDataSourceAdvisor'
06:33:40.065 [main] DEBUG o.s.b.f.s.DefaultListableBeanFactory - Finished creating instance of bean 'mvcContentNegotiationManager'
06:33:40.065 [main] DEBUG o.s.b.f.a.AutowiredAnnotationBeanPostProcessor - Autowiring by type from bean name 'securityConfig' to bean named 'mvcContentNegotiationManager'
06:33:40.065 [main] DEBUG o.s.b.f.annotation.InjectionMetadata - Processing injected element of bean 'securityConfig': AutowiredMethodElement for public void org.springframework.security.config.annotation.web.configuration.WebSecurityConfigurerAdapter.setAuthenticationConfiguration(org.springframework.security.config.annotation.authentication.configuration.AuthenticationConfiguration)
06:33:40.066 [main] DEBUG o.s.b.f.s.DefaultListableBeanFactory - Creating shared instance of singleton bean 'org.springframework.security.config.annotation.authentication.configuration.AuthenticationConfiguration'
06:33:40.066 [main] DEBUG o.s.b.f.s.DefaultListableBeanFactory - Creating instance of bean 'org.springframework.security.config.annotation.authentication.configuration.AuthenticationConfiguration'
06:33:40.067 [main] DEBUG o.s.b.f.annotation.InjectionMetadata - Registered injected element on class [org.springframework.security.config.annotation.authentication.configuration.AuthenticationConfiguration$$EnhancerBySpringCGLIB$$ead9fec1]: AutowiredMethodElement for public void org.springframework.security.config.annotation.authentication.configuration.AuthenticationConfiguration.setApplicationContext(org.springframework.context.ApplicationContext)
06:33:40.068 [main] DEBUG o.s.b.f.annotation.InjectionMetadata - Registered injected element on class [org.springframework.security.config.annotation.authentication.configuration.AuthenticationConfiguration$$EnhancerBySpringCGLIB$$ead9fec1]: AutowiredMethodElement for public void org.springframework.security.config.annotation.authentication.configuration.AuthenticationConfiguration.setGlobalAuthenticationConfigurers(java.util.List) throws java.lang.Exception
06:33:40.068 [main] DEBUG o.s.b.f.annotation.InjectionMetadata - Registered injected element on class [org.springframework.security.config.annotation.authentication.configuration.AuthenticationConfiguration$$EnhancerBySpringCGLIB$$ead9fec1]: AutowiredMethodElement for public void org.springframework.security.config.annotation.authentication.configuration.AuthenticationConfiguration.setObjectPostProcessor(org.springframework.security.config.annotation.ObjectPostProcessor)
06:33:40.068 [main] DEBUG o.s.b.f.s.DefaultListableBeanFactory - Eagerly caching bean 'org.springframework.security.config.annotation.authentication.configuration.AuthenticationConfiguration' to allow for resolving potential circular references
06:33:40.068 [main] DEBUG o.s.b.f.annotation.InjectionMetadata - Processing injected element of bean 'org.springframework.security.config.annotation.authentication.configuration.AuthenticationConfiguration': AutowiredMethodElement for public void org.springframework.security.config.annotation.authentication.configuration.AuthenticationConfiguration.setApplicationContext(org.springframework.context.ApplicationContext)
06:33:40.068 [main] DEBUG o.s.b.f.a.AutowiredAnnotationBeanPostProcessor - Autowiring by type from bean name 'org.springframework.security.config.annotation.authentication.configuration.AuthenticationConfiguration' to bean named 'org.springframework.web.context.support.GenericWebApplicationContext@6b48b8a2'
06:33:40.068 [main] DEBUG o.s.b.f.annotation.InjectionMetadata - Processing injected element of bean 'org.springframework.security.config.annotation.authentication.configuration.AuthenticationConfiguration': AutowiredMethodElement for public void org.springframework.security.config.annotation.authentication.configuration.AuthenticationConfiguration.setGlobalAuthenticationConfigurers(java.util.List) throws java.lang.Exception
06:33:40.069 [main] DEBUG o.s.b.f.s.DefaultListableBeanFactory - Creating shared instance of singleton bean 'enableGlobalAuthenticationAutowiredConfigurer'
06:33:40.069 [main] DEBUG o.s.b.f.s.DefaultListableBeanFactory - Creating instance of bean 'enableGlobalAuthenticationAutowiredConfigurer'
06:33:40.070 [main] DEBUG o.s.b.f.s.DefaultListableBeanFactory - Autowiring by type from bean name 'enableGlobalAuthenticationAutowiredConfigurer' via factory method to bean named 'org.springframework.web.context.support.GenericWebApplicationContext@6b48b8a2'
06:33:40.070 [main] DEBUG o.s.b.f.s.DefaultListableBeanFactory - Eagerly caching bean 'enableGlobalAuthenticationAutowiredConfigurer' to allow for resolving potential circular references
06:33:40.071 [main] DEBUG o.s.b.f.s.DefaultListableBeanFactory - Returning cached instance of singleton bean 'metaDataSourceAdvisor'
06:33:40.072 [main] DEBUG o.s.b.f.s.DefaultListableBeanFactory - Finished creating instance of bean 'enableGlobalAuthenticationAutowiredConfigurer'
06:33:40.072 [main] DEBUG o.s.b.f.s.DefaultListableBeanFactory - Creating shared instance of singleton bean 'initializeUserDetailsBeanManagerConfigurer'
06:33:40.072 [main] DEBUG o.s.b.f.s.DefaultListableBeanFactory - Creating instance of bean 'initializeUserDetailsBeanManagerConfigurer'
06:33:40.073 [main] DEBUG o.s.b.f.s.DefaultListableBeanFactory - Autowiring by type from bean name 'initializeUserDetailsBeanManagerConfigurer' via factory method to bean named 'org.springframework.web.context.support.GenericWebApplicationContext@6b48b8a2'
06:33:40.073 [main] DEBUG o.s.b.f.s.DefaultListableBeanFactory - Eagerly caching bean 'initializeUserDetailsBeanManagerConfigurer' to allow for resolving potential circular references
06:33:40.074 [main] DEBUG o.s.b.f.s.DefaultListableBeanFactory - Returning cached instance of singleton bean 'metaDataSourceAdvisor'
06:33:40.075 [main] DEBUG o.s.b.f.s.DefaultListableBeanFactory - Finished creating instance of bean 'initializeUserDetailsBeanManagerConfigurer'
06:33:40.075 [main] DEBUG o.s.b.f.s.DefaultListableBeanFactory - Creating shared instance of singleton bean 'initializeAuthenticationProviderBeanManagerConfigurer'
06:33:40.075 [main] DEBUG o.s.b.f.s.DefaultListableBeanFactory - Creating instance of bean 'initializeAuthenticationProviderBeanManagerConfigurer'
06:33:40.075 [main] DEBUG o.s.b.f.s.DefaultListableBeanFactory - Autowiring by type from bean name 'initializeAuthenticationProviderBeanManagerConfigurer' via factory method to bean named 'org.springframework.web.context.support.GenericWebApplicationContext@6b48b8a2'
06:33:40.076 [main] DEBUG o.s.b.f.s.DefaultListableBeanFactory - Eagerly caching bean 'initializeAuthenticationProviderBeanManagerConfigurer' to allow for resolving potential circular references
06:33:40.077 [main] DEBUG o.s.b.f.s.DefaultListableBeanFactory - Returning cached instance of singleton bean 'metaDataSourceAdvisor'
06:33:40.078 [main] DEBUG o.s.b.f.s.DefaultListableBeanFactory - Finished creating instance of bean 'initializeAuthenticationProviderBeanManagerConfigurer'
06:33:40.078 [main] DEBUG o.s.b.f.a.AutowiredAnnotationBeanPostProcessor - Autowiring by type from bean name 'org.springframework.security.config.annotation.authentication.configuration.AuthenticationConfiguration' to bean named 'enableGlobalAuthenticationAutowiredConfigurer'
06:33:40.078 [main] DEBUG o.s.b.f.a.AutowiredAnnotationBeanPostProcessor - Autowiring by type from bean name 'org.springframework.security.config.annotation.authentication.configuration.AuthenticationConfiguration' to bean named 'initializeUserDetailsBeanManagerConfigurer'
06:33:40.078 [main] DEBUG o.s.b.f.a.AutowiredAnnotationBeanPostProcessor - Autowiring by type from bean name 'org.springframework.security.config.annotation.authentication.configuration.AuthenticationConfiguration' to bean named 'initializeAuthenticationProviderBeanManagerConfigurer'
06:33:40.078 [main] DEBUG o.s.b.f.annotation.InjectionMetadata - Processing injected element of bean 'org.springframework.security.config.annotation.authentication.configuration.AuthenticationConfiguration': AutowiredMethodElement for public void org.springframework.security.config.annotation.authentication.configuration.AuthenticationConfiguration.setObjectPostProcessor(org.springframework.security.config.annotation.ObjectPostProcessor)
06:33:40.079 [main] DEBUG o.s.b.f.s.DefaultListableBeanFactory - Returning cached instance of singleton bean 'objectPostProcessor'
06:33:40.079 [main] DEBUG o.s.b.f.a.AutowiredAnnotationBeanPostProcessor - Autowiring by type from bean name 'org.springframework.security.config.annotation.authentication.configuration.AuthenticationConfiguration' to bean named 'objectPostProcessor'
06:33:40.079 [main] DEBUG o.s.b.f.s.DefaultListableBeanFactory - Returning cached instance of singleton bean 'metaDataSourceAdvisor'
06:33:40.080 [main] DEBUG o.s.b.f.s.DefaultListableBeanFactory - Finished creating instance of bean 'org.springframework.security.config.annotation.authentication.configuration.AuthenticationConfiguration'
06:33:40.080 [main] DEBUG o.s.b.f.a.AutowiredAnnotationBeanPostProcessor - Autowiring by type from bean name 'securityConfig' to bean named 'org.springframework.security.config.annotation.authentication.configuration.AuthenticationConfiguration'
06:33:40.080 [main] DEBUG o.s.b.f.annotation.InjectionMetadata - Processing injected element of bean 'securityConfig': AutowiredMethodElement for public void org.springframework.security.config.annotation.web.configuration.WebSecurityConfigurerAdapter.setTrustResolver(org.springframework.security.authentication.AuthenticationTrustResolver)
06:33:40.081 [main] DEBUG o.s.b.f.annotation.InjectionMetadata - Processing injected element of bean 'securityConfig': AutowiredMethodElement for public void org.springframework.security.config.annotation.web.configuration.WebSecurityConfigurerAdapter.setObjectPostProcessor(org.springframework.security.config.annotation.ObjectPostProcessor)
06:33:40.081 [main] DEBUG o.s.b.f.s.DefaultListableBeanFactory - Returning cached instance of singleton bean 'objectPostProcessor'
06:33:40.081 [main] DEBUG o.s.b.f.a.AutowiredAnnotationBeanPostProcessor - Autowiring by type from bean name 'securityConfig' to bean named 'objectPostProcessor'
06:33:40.081 [main] DEBUG o.s.b.f.annotation.InjectionMetadata - Processing injected element of bean 'securityConfig': AutowiredFieldElement for javax.sql.DataSource edu.ncsu.csc.itrust2.config.SecurityConfig.dataSource
06:33:40.081 [main] DEBUG o.s.b.f.s.DefaultListableBeanFactory - Creating shared instance of singleton bean 'dataSource'
06:33:40.081 [main] DEBUG o.s.b.f.s.DefaultListableBeanFactory - Creating instance of bean 'dataSource'
06:33:40.081 [main] DEBUG o.s.b.f.s.DefaultListableBeanFactory - Returning cached instance of singleton bean 'dataConfiguration'
06:33:40.082 [main] INFO  o.s.j.d.DriverManagerDataSource - Loaded JDBC driver: com.mysql.jdbc.Driver
06:33:40.082 [main] DEBUG o.s.b.f.s.DefaultListableBeanFactory - Eagerly caching bean 'dataSource' to allow for resolving potential circular references
06:33:40.083 [main] DEBUG o.s.b.f.s.DefaultListableBeanFactory - Returning cached instance of singleton bean 'metaDataSourceAdvisor'
06:33:40.084 [main] DEBUG o.s.b.f.s.DefaultListableBeanFactory - Finished creating instance of bean 'dataSource'
06:33:40.084 [main] DEBUG o.s.b.f.a.AutowiredAnnotationBeanPostProcessor - Autowiring by type from bean name 'securityConfig' to bean named 'dataSource'
06:33:40.084 [main] DEBUG o.s.b.f.annotation.InjectionMetadata - Processing injected element of bean 'securityConfig': AutowiredMethodElement for public void edu.ncsu.csc.itrust2.config.SecurityConfig.configureGlobal(org.springframework.security.config.annotation.authentication.builders.AuthenticationManagerBuilder) throws java.lang.Exception
06:33:40.085 [main] DEBUG o.s.b.f.s.DefaultListableBeanFactory - Creating shared instance of singleton bean 'authenticationManagerBuilder'
06:33:40.085 [main] DEBUG o.s.b.f.s.DefaultListableBeanFactory - Creating instance of bean 'authenticationManagerBuilder'
06:33:40.085 [main] DEBUG o.s.b.f.s.DefaultListableBeanFactory - Returning cached instance of singleton bean 'org.springframework.security.config.annotation.authentication.configuration.AuthenticationConfiguration'
06:33:40.085 [main] DEBUG o.s.b.f.s.DefaultListableBeanFactory - Returning cached instance of singleton bean 'objectPostProcessor'
06:33:40.085 [main] DEBUG o.s.b.f.s.DefaultListableBeanFactory - Autowiring by type from bean name 'authenticationManagerBuilder' via factory method to bean named 'objectPostProcessor'
06:33:40.086 [main] DEBUG o.s.b.f.s.DefaultListableBeanFactory - Eagerly caching bean 'authenticationManagerBuilder' to allow for resolving potential circular references
06:33:40.087 [main] DEBUG o.s.b.f.s.DefaultListableBeanFactory - Returning cached instance of singleton bean 'metaDataSourceAdvisor'
06:33:40.089 [main] DEBUG o.s.b.f.s.DefaultListableBeanFactory - Finished creating instance of bean 'authenticationManagerBuilder'
06:33:40.089 [main] DEBUG o.s.b.f.a.AutowiredAnnotationBeanPostProcessor - Autowiring by type from bean name 'securityConfig' to bean named 'authenticationManagerBuilder'
06:33:40.090 [main] DEBUG o.s.b.f.s.DefaultListableBeanFactory - Creating shared instance of singleton bean 'passwordEncoder'
06:33:40.090 [main] DEBUG o.s.b.f.s.DefaultListableBeanFactory - Creating instance of bean 'passwordEncoder'
06:33:40.090 [main] DEBUG o.s.b.f.s.DefaultListableBeanFactory - Returning cached instance of singleton bean 'metaDataSourceAdvisor'
06:33:40.096 [main] DEBUG o.s.b.f.s.DefaultListableBeanFactory - Returning eagerly cached instance of singleton bean 'securityConfig' that is not fully initialized yet - a consequence of a circular reference
06:33:40.097 [main] DEBUG o.s.b.f.s.DefaultListableBeanFactory - Eagerly caching bean 'passwordEncoder' to allow for resolving potential circular references
06:33:40.098 [main] DEBUG o.s.b.f.s.DefaultListableBeanFactory - Returning cached instance of singleton bean 'metaDataSourceAdvisor'
06:33:40.099 [main] DEBUG o.s.b.f.s.DefaultListableBeanFactory - Finished creating instance of bean 'passwordEncoder'
06:33:40.191 [main] DEBUG o.s.b.f.s.DefaultListableBeanFactory - Creating shared instance of singleton bean 'defaultAuthenticationEventPublisher'
06:33:40.191 [main] DEBUG o.s.b.f.s.DefaultListableBeanFactory - Creating instance of bean 'defaultAuthenticationEventPublisher'
06:33:40.191 [main] DEBUG o.s.b.f.s.DefaultListableBeanFactory - Returning eagerly cached instance of singleton bean 'securityConfig' that is not fully initialized yet - a consequence of a circular reference
06:33:40.192 [main] DEBUG o.s.b.f.s.DefaultListableBeanFactory - Eagerly caching bean 'defaultAuthenticationEventPublisher' to allow for resolving potential circular references
06:33:40.194 [main] DEBUG o.s.b.f.s.DefaultListableBeanFactory - Returning cached instance of singleton bean 'metaDataSourceAdvisor'
06:33:40.194 [main] DEBUG o.s.b.f.s.DefaultListableBeanFactory - Finished creating instance of bean 'defaultAuthenticationEventPublisher'
06:33:40.194 [main] DEBUG o.s.b.f.s.DefaultListableBeanFactory - Finished creating instance of bean 'securityConfig'
06:33:40.194 [main] DEBUG o.s.b.f.s.DefaultListableBeanFactory - Creating shared instance of singleton bean 'defaultController'
06:33:40.194 [main] DEBUG o.s.b.f.s.DefaultListableBeanFactory - Creating instance of bean 'defaultController'
06:33:40.194 [main] DEBUG o.s.b.f.s.DefaultListableBeanFactory - Eagerly caching bean 'defaultController' to allow for resolving potential circular references
06:33:40.194 [main] DEBUG o.s.b.f.s.DefaultListableBeanFactory - Returning cached instance of singleton bean 'metaDataSourceAdvisor'
06:33:40.195 [main] DEBUG o.s.b.f.s.DefaultListableBeanFactory - Finished creating instance of bean 'defaultController'
06:33:40.195 [main] DEBUG o.s.b.f.s.DefaultListableBeanFactory - Creating shared instance of singleton bean 'adminController'
06:33:40.195 [main] DEBUG o.s.b.f.s.DefaultListableBeanFactory - Creating instance of bean 'adminController'
06:33:40.195 [main] DEBUG o.s.b.f.s.DefaultListableBeanFactory - Eagerly caching bean 'adminController' to allow for resolving potential circular references
06:33:40.195 [main] DEBUG o.s.b.f.s.DefaultListableBeanFactory - Returning cached instance of singleton bean 'metaDataSourceAdvisor'
06:33:40.195 [main] DEBUG o.s.s.a.p.PrePostAnnotationSecurityMetadataSource - @org.springframework.security.access.prepost.PreAuthorize(value=hasRole('ROLE_ADMIN')) found on specific method: public java.lang.String edu.ncsu.csc.itrust2.controllers.admin.AdminController.index(org.springframework.ui.Model)
06:33:40.195 [main] DEBUG o.s.s.a.m.DelegatingMethodSecurityMetadataSource - Caching method [CacheKey[edu.ncsu.csc.itrust2.controllers.admin.AdminController; public java.lang.String edu.ncsu.csc.itrust2.controllers.admin.AdminController.index(org.springframework.ui.Model)]] with attributes [[authorize: 'hasRole('ROLE_ADMIN')', filter: 'null', filterTarget: 'null']]
06:33:40.195 [main] DEBUG o.s.a.f.a.InfrastructureAdvisorAutoProxyCreator - Creating implicit proxy for bean 'adminController' with 0 common interceptors and 1 specific interceptors
06:33:40.195 [main] DEBUG o.s.aop.framework.CglibAopProxy - Creating CGLIB proxy: target source is SingletonTargetSource for target object [edu.ncsu.csc.itrust2.controllers.admin.AdminController@1e2f3d8e]
06:33:40.196 [main] DEBUG o.s.b.f.s.DefaultListableBeanFactory - Creating shared instance of singleton bean 'methodSecurityInterceptor'
06:33:40.196 [main] DEBUG o.s.b.f.s.DefaultListableBeanFactory - Creating instance of bean 'methodSecurityInterceptor'
06:33:40.196 [main] DEBUG o.s.b.f.s.DefaultListableBeanFactory - Returning cached instance of singleton bean 'org.springframework.security.config.annotation.method.configuration.GlobalMethodSecurityConfiguration'
06:33:40.196 [main] DEBUG o.s.b.f.s.DefaultListableBeanFactory - Returning cached instance of singleton bean 'methodSecurityMetadataSource'
06:33:40.196 [main] DEBUG o.s.b.f.s.DefaultListableBeanFactory - Eagerly caching bean 'methodSecurityInterceptor' to allow for resolving potential circular references
06:33:40.199 [main] DEBUG o.s.b.f.s.DefaultListableBeanFactory - Invoking afterPropertiesSet() on bean with name 'methodSecurityInterceptor'
06:33:40.200 [main] DEBUG o.s.s.a.i.a.MethodSecurityInterceptor - Validated configuration attributes
06:33:40.200 [main] DEBUG o.s.b.f.s.DefaultListableBeanFactory - Finished creating instance of bean 'methodSecurityInterceptor'
06:33:40.200 [main] DEBUG o.s.aop.framework.CglibAopProxy - Unable to apply any optimisations to advised method: public java.lang.String edu.ncsu.csc.itrust2.controllers.admin.AdminController.index(org.springframework.ui.Model)
06:33:40.200 [main] DEBUG o.s.aop.framework.CglibAopProxy - Found 'equals' method: public boolean java.lang.Object.equals(java.lang.Object)
06:33:40.200 [main] DEBUG o.s.aop.framework.CglibAopProxy - Unable to apply any optimisations to advised method: public java.lang.String java.lang.Object.toString()
06:33:40.200 [main] DEBUG o.s.aop.framework.CglibAopProxy - Found 'hashCode' method: public native int java.lang.Object.hashCode()
06:33:40.200 [main] DEBUG o.s.aop.framework.CglibAopProxy - Unable to apply any optimisations to advised method: protected native java.lang.Object java.lang.Object.clone() throws java.lang.CloneNotSupportedException
06:33:40.200 [main] DEBUG o.s.aop.framework.CglibAopProxy - Method is declared on Advised interface: public abstract void org.springframework.aop.framework.Advised.addAdvice(int,org.aopalliance.aop.Advice) throws org.springframework.aop.framework.AopConfigException
06:33:40.200 [main] DEBUG o.s.aop.framework.CglibAopProxy - Method is declared on Advised interface: public abstract void org.springframework.aop.framework.Advised.addAdvice(org.aopalliance.aop.Advice) throws org.springframework.aop.framework.AopConfigException
06:33:40.200 [main] DEBUG o.s.aop.framework.CglibAopProxy - Method is declared on Advised interface: public abstract boolean org.springframework.aop.framework.Advised.isPreFiltered()
06:33:40.201 [main] DEBUG o.s.aop.framework.CglibAopProxy - Method is declared on Advised interface: public abstract java.lang.Class[] org.springframework.aop.framework.Advised.getProxiedInterfaces()
06:33:40.201 [main] DEBUG o.s.aop.framework.CglibAopProxy - Method is declared on Advised interface: public abstract boolean org.springframework.aop.framework.Advised.isInterfaceProxied(java.lang.Class)
06:33:40.201 [main] DEBUG o.s.aop.framework.CglibAopProxy - Method is declared on Advised interface: public abstract org.springframework.aop.Advisor[] org.springframework.aop.framework.Advised.getAdvisors()
06:33:40.201 [main] DEBUG o.s.aop.framework.CglibAopProxy - Method is declared on Advised interface: public abstract void org.springframework.aop.framework.Advised.removeAdvisor(int) throws org.springframework.aop.framework.AopConfigException
06:33:40.201 [main] DEBUG o.s.aop.framework.CglibAopProxy - Method is declared on Advised interface: public abstract boolean org.springframework.aop.framework.Advised.removeAdvisor(org.springframework.aop.Advisor)
06:33:40.201 [main] DEBUG o.s.aop.framework.CglibAopProxy - Method is declared on Advised interface: public abstract boolean org.springframework.aop.framework.Advised.replaceAdvisor(org.springframework.aop.Advisor,org.springframework.aop.Advisor) throws org.springframework.aop.framework.AopConfigException
06:33:40.201 [main] DEBUG o.s.aop.framework.CglibAopProxy - Method is declared on Advised interface: public abstract void org.springframework.aop.framework.Advised.setTargetSource(org.springframework.aop.TargetSource)
06:33:40.201 [main] DEBUG o.s.aop.framework.CglibAopProxy - Method is declared on Advised interface: public abstract boolean org.springframework.aop.framework.Advised.removeAdvice(org.aopalliance.aop.Advice)
06:33:40.201 [main] DEBUG o.s.aop.framework.CglibAopProxy - Method is declared on Advised interface: public abstract java.lang.String org.springframework.aop.framework.Advised.toProxyConfigString()
06:33:40.201 [main] DEBUG o.s.aop.framework.CglibAopProxy - Method is declared on Advised interface: public abstract org.springframework.aop.TargetSource org.springframework.aop.framework.Advised.getTargetSource()
06:33:40.201 [main] DEBUG o.s.aop.framework.CglibAopProxy - Method is declared on Advised interface: public abstract boolean org.springframework.aop.framework.Advised.isProxyTargetClass()
06:33:40.201 [main] DEBUG o.s.aop.framework.CglibAopProxy - Method is declared on Advised interface: public abstract void org.springframework.aop.framework.Advised.addAdvisor(org.springframework.aop.Advisor) throws org.springframework.aop.framework.AopConfigException
06:33:40.201 [main] DEBUG o.s.aop.framework.CglibAopProxy - Method is declared on Advised interface: public abstract void org.springframework.aop.framework.Advised.addAdvisor(int,org.springframework.aop.Advisor) throws org.springframework.aop.framework.AopConfigException
06:33:40.201 [main] DEBUG o.s.aop.framework.CglibAopProxy - Method is declared on Advised interface: public abstract void org.springframework.aop.framework.Advised.setPreFiltered(boolean)
06:33:40.201 [main] DEBUG o.s.aop.framework.CglibAopProxy - Method is declared on Advised interface: public abstract void org.springframework.aop.framework.Advised.setExposeProxy(boolean)
06:33:40.201 [main] DEBUG o.s.aop.framework.CglibAopProxy - Method is declared on Advised interface: public abstract boolean org.springframework.aop.framework.Advised.isExposeProxy()
06:33:40.201 [main] DEBUG o.s.aop.framework.CglibAopProxy - Method is declared on Advised interface: public abstract int org.springframework.aop.framework.Advised.indexOf(org.springframework.aop.Advisor)
06:33:40.201 [main] DEBUG o.s.aop.framework.CglibAopProxy - Method is declared on Advised interface: public abstract int org.springframework.aop.framework.Advised.indexOf(org.aopalliance.aop.Advice)
06:33:40.201 [main] DEBUG o.s.aop.framework.CglibAopProxy - Method is declared on Advised interface: public abstract boolean org.springframework.aop.framework.Advised.isFrozen()
06:33:40.201 [main] DEBUG o.s.aop.framework.CglibAopProxy - Method is declared on Advised interface: public abstract java.lang.Class org.springframework.aop.TargetClassAware.getTargetClass()
06:33:40.207 [main] DEBUG o.s.b.f.s.DefaultListableBeanFactory - Finished creating instance of bean 'adminController'
06:33:40.207 [main] DEBUG o.s.b.f.s.DefaultListableBeanFactory - Creating shared instance of singleton bean 'adminUserController'
06:33:40.207 [main] DEBUG o.s.b.f.s.DefaultListableBeanFactory - Creating instance of bean 'adminUserController'
06:33:40.208 [main] DEBUG o.s.b.f.s.DefaultListableBeanFactory - Eagerly caching bean 'adminUserController' to allow for resolving potential circular references
06:33:40.208 [main] DEBUG o.s.b.f.s.DefaultListableBeanFactory - Returning cached instance of singleton bean 'metaDataSourceAdvisor'
06:33:40.208 [main] DEBUG o.s.s.a.p.PrePostAnnotationSecurityMetadataSource - @org.springframework.security.access.prepost.PreAuthorize(value=hasRole('ROLE_ADMIN')) found on specific method: public java.lang.String edu.ncsu.csc.itrust2.controllers.admin.AdminUserController.addUserSubmit(edu.ncsu.csc.itrust2.forms.admin.UserForm,org.springframework.validation.BindingResult,org.springframework.ui.Model)
06:33:40.209 [main] DEBUG o.s.s.a.m.DelegatingMethodSecurityMetadataSource - Caching method [CacheKey[edu.ncsu.csc.itrust2.controllers.admin.AdminUserController; public java.lang.String edu.ncsu.csc.itrust2.controllers.admin.AdminUserController.addUserSubmit(edu.ncsu.csc.itrust2.forms.admin.UserForm,org.springframework.validation.BindingResult,org.springframework.ui.Model)]] with attributes [[authorize: 'hasRole('ROLE_ADMIN')', filter: 'null', filterTarget: 'null']]
06:33:40.209 [main] DEBUG o.s.a.f.a.InfrastructureAdvisorAutoProxyCreator - Creating implicit proxy for bean 'adminUserController' with 0 common interceptors and 1 specific interceptors
06:33:40.209 [main] DEBUG o.s.aop.framework.CglibAopProxy - Creating CGLIB proxy: target source is SingletonTargetSource for target object [edu.ncsu.csc.itrust2.controllers.admin.AdminUserController@2ef3a3a4]
06:33:40.209 [main] DEBUG o.s.aop.framework.CglibAopProxy - Unable to apply any optimisations to advised method: public java.lang.String edu.ncsu.csc.itrust2.controllers.admin.AdminUserController.addUserSubmit(edu.ncsu.csc.itrust2.forms.admin.UserForm,org.springframework.validation.BindingResult,org.springframework.ui.Model)
06:33:40.210 [main] DEBUG o.s.s.a.p.PrePostAnnotationSecurityMetadataSource - @org.springframework.security.access.prepost.PreAuthorize(value=hasRole('ROLE_ADMIN')) found on specific method: public java.lang.String edu.ncsu.csc.itrust2.controllers.admin.AdminUserController.deleteUser(org.springframework.ui.Model)
06:33:40.210 [main] DEBUG o.s.s.a.m.DelegatingMethodSecurityMetadataSource - Caching method [CacheKey[edu.ncsu.csc.itrust2.controllers.admin.AdminUserController; public java.lang.String edu.ncsu.csc.itrust2.controllers.admin.AdminUserController.deleteUser(org.springframework.ui.Model)]] with attributes [[authorize: 'hasRole('ROLE_ADMIN')', filter: 'null', filterTarget: 'null']]
06:33:40.210 [main] DEBUG o.s.aop.framework.CglibAopProxy - Unable to apply any optimisations to advised method: public java.lang.String edu.ncsu.csc.itrust2.controllers.admin.AdminUserController.deleteUser(org.springframework.ui.Model)
06:33:40.210 [main] DEBUG o.s.s.a.p.PrePostAnnotationSecurityMetadataSource - @org.springframework.security.access.prepost.PreAuthorize(value=hasRole('ROLE_ADMIN')) found on specific method: public java.lang.String edu.ncsu.csc.itrust2.controllers.admin.AdminUserController.deleteUserSubmit(edu.ncsu.csc.itrust2.forms.admin.DeleteUserForm,org.springframework.validation.BindingResult,org.springframework.ui.Model)
06:33:40.210 [main] DEBUG o.s.s.a.m.DelegatingMethodSecurityMetadataSource - Caching method [CacheKey[edu.ncsu.csc.itrust2.controllers.admin.AdminUserController; public java.lang.String edu.ncsu.csc.itrust2.controllers.admin.AdminUserController.deleteUserSubmit(edu.ncsu.csc.itrust2.forms.admin.DeleteUserForm,org.springframework.validation.BindingResult,org.springframework.ui.Model)]] with attributes [[authorize: 'hasRole('ROLE_ADMIN')', filter: 'null', filterTarget: 'null']]
06:33:40.210 [main] DEBUG o.s.aop.framework.CglibAopProxy - Unable to apply any optimisations to advised method: public java.lang.String edu.ncsu.csc.itrust2.controllers.admin.AdminUserController.deleteUserSubmit(edu.ncsu.csc.itrust2.forms.admin.DeleteUserForm,org.springframework.validation.BindingResult,org.springframework.ui.Model)
06:33:40.210 [main] DEBUG o.s.s.a.p.PrePostAnnotationSecurityMetadataSource - @org.springframework.security.access.prepost.PreAuthorize(value=hasRole('ROLE_ADMIN')) found on specific method: public java.lang.String edu.ncsu.csc.itrust2.controllers.admin.AdminUserController.drugs(org.springframework.ui.Model)
06:33:40.210 [main] DEBUG o.s.s.a.m.DelegatingMethodSecurityMetadataSource - Caching method [CacheKey[edu.ncsu.csc.itrust2.controllers.admin.AdminUserController; public java.lang.String edu.ncsu.csc.itrust2.controllers.admin.AdminUserController.drugs(org.springframework.ui.Model)]] with attributes [[authorize: 'hasRole('ROLE_ADMIN')', filter: 'null', filterTarget: 'null']]
06:33:40.210 [main] DEBUG o.s.aop.framework.CglibAopProxy - Unable to apply any optimisations to advised method: public java.lang.String edu.ncsu.csc.itrust2.controllers.admin.AdminUserController.drugs(org.springframework.ui.Model)
06:33:40.210 [main] DEBUG o.s.s.a.p.PrePostAnnotationSecurityMetadataSource - @org.springframework.security.access.prepost.PreAuthorize(value=hasRole('ROLE_ADMIN')) found on specific method: public java.lang.String edu.ncsu.csc.itrust2.controllers.admin.AdminUserController.addUser(org.springframework.ui.Model)
06:33:40.211 [main] DEBUG o.s.s.a.m.DelegatingMethodSecurityMetadataSource - Caching method [CacheKey[edu.ncsu.csc.itrust2.controllers.admin.AdminUserController; public java.lang.String edu.ncsu.csc.itrust2.controllers.admin.AdminUserController.addUser(org.springframework.ui.Model)]] with attributes [[authorize: 'hasRole('ROLE_ADMIN')', filter: 'null', filterTarget: 'null']]
06:33:40.211 [main] DEBUG o.s.aop.framework.CglibAopProxy - Unable to apply any optimisations to advised method: public java.lang.String edu.ncsu.csc.itrust2.controllers.admin.AdminUserController.addUser(org.springframework.ui.Model)
06:33:40.211 [main] DEBUG o.s.aop.framework.CglibAopProxy - Found 'equals' method: public boolean java.lang.Object.equals(java.lang.Object)
06:33:40.211 [main] DEBUG o.s.aop.framework.CglibAopProxy - Unable to apply any optimisations to advised method: public java.lang.String java.lang.Object.toString()
06:33:40.211 [main] DEBUG o.s.aop.framework.CglibAopProxy - Found 'hashCode' method: public native int java.lang.Object.hashCode()
06:33:40.211 [main] DEBUG o.s.aop.framework.CglibAopProxy - Unable to apply any optimisations to advised method: protected native java.lang.Object java.lang.Object.clone() throws java.lang.CloneNotSupportedException
06:33:40.211 [main] DEBUG o.s.aop.framework.CglibAopProxy - Method is declared on Advised interface: public abstract void org.springframework.aop.framework.Advised.addAdvice(int,org.aopalliance.aop.Advice) throws org.springframework.aop.framework.AopConfigException
06:33:40.211 [main] DEBUG o.s.aop.framework.CglibAopProxy - Method is declared on Advised interface: public abstract void org.springframework.aop.framework.Advised.addAdvice(org.aopalliance.aop.Advice) throws org.springframework.aop.framework.AopConfigException
06:33:40.211 [main] DEBUG o.s.aop.framework.CglibAopProxy - Method is declared on Advised interface: public abstract boolean org.springframework.aop.framework.Advised.isPreFiltered()
06:33:40.211 [main] DEBUG o.s.aop.framework.CglibAopProxy - Method is declared on Advised interface: public abstract java.lang.Class[] org.springframework.aop.framework.Advised.getProxiedInterfaces()
06:33:40.211 [main] DEBUG o.s.aop.framework.CglibAopProxy - Method is declared on Advised interface: public abstract boolean org.springframework.aop.framework.Advised.isInterfaceProxied(java.lang.Class)
06:33:40.211 [main] DEBUG o.s.aop.framework.CglibAopProxy - Method is declared on Advised interface: public abstract org.springframework.aop.Advisor[] org.springframework.aop.framework.Advised.getAdvisors()
06:33:40.211 [main] DEBUG o.s.aop.framework.CglibAopProxy - Method is declared on Advised interface: public abstract void org.springframework.aop.framework.Advised.removeAdvisor(int) throws org.springframework.aop.framework.AopConfigException
06:33:40.211 [main] DEBUG o.s.aop.framework.CglibAopProxy - Method is declared on Advised interface: public abstract boolean org.springframework.aop.framework.Advised.removeAdvisor(org.springframework.aop.Advisor)
06:33:40.211 [main] DEBUG o.s.aop.framework.CglibAopProxy - Method is declared on Advised interface: public abstract boolean org.springframework.aop.framework.Advised.replaceAdvisor(org.springframework.aop.Advisor,org.springframework.aop.Advisor) throws org.springframework.aop.framework.AopConfigException
06:33:40.211 [main] DEBUG o.s.aop.framework.CglibAopProxy - Method is declared on Advised interface: public abstract void org.springframework.aop.framework.Advised.setTargetSource(org.springframework.aop.TargetSource)
06:33:40.211 [main] DEBUG o.s.aop.framework.CglibAopProxy - Method is declared on Advised interface: public abstract boolean org.springframework.aop.framework.Advised.removeAdvice(org.aopalliance.aop.Advice)
06:33:40.211 [main] DEBUG o.s.aop.framework.CglibAopProxy - Method is declared on Advised interface: public abstract java.lang.String org.springframework.aop.framework.Advised.toProxyConfigString()
06:33:40.211 [main] DEBUG o.s.aop.framework.CglibAopProxy - Method is declared on Advised interface: public abstract org.springframework.aop.TargetSource org.springframework.aop.framework.Advised.getTargetSource()
06:33:40.211 [main] DEBUG o.s.aop.framework.CglibAopProxy - Method is declared on Advised interface: public abstract boolean org.springframework.aop.framework.Advised.isProxyTargetClass()
06:33:40.211 [main] DEBUG o.s.aop.framework.CglibAopProxy - Method is declared on Advised interface: public abstract void org.springframework.aop.framework.Advised.addAdvisor(org.springframework.aop.Advisor) throws org.springframework.aop.framework.AopConfigException
06:33:40.211 [main] DEBUG o.s.aop.framework.CglibAopProxy - Method is declared on Advised interface: public abstract void org.springframework.aop.framework.Advised.addAdvisor(int,org.springframework.aop.Advisor) throws org.springframework.aop.framework.AopConfigException
06:33:40.211 [main] DEBUG o.s.aop.framework.CglibAopProxy - Method is declared on Advised interface: public abstract void org.springframework.aop.framework.Advised.setPreFiltered(boolean)
06:33:40.212 [main] DEBUG o.s.aop.framework.CglibAopProxy - Method is declared on Advised interface: public abstract void org.springframework.aop.framework.Advised.setExposeProxy(boolean)
06:33:40.212 [main] DEBUG o.s.aop.framework.CglibAopProxy - Method is declared on Advised interface: public abstract boolean org.springframework.aop.framework.Advised.isExposeProxy()
06:33:40.212 [main] DEBUG o.s.aop.framework.CglibAopProxy - Method is declared on Advised interface: public abstract int org.springframework.aop.framework.Advised.indexOf(org.springframework.aop.Advisor)
06:33:40.212 [main] DEBUG o.s.aop.framework.CglibAopProxy - Method is declared on Advised interface: public abstract int org.springframework.aop.framework.Advised.indexOf(org.aopalliance.aop.Advice)
06:33:40.212 [main] DEBUG o.s.aop.framework.CglibAopProxy - Method is declared on Advised interface: public abstract boolean org.springframework.aop.framework.Advised.isFrozen()
06:33:40.212 [main] DEBUG o.s.aop.framework.CglibAopProxy - Method is declared on Advised interface: public abstract java.lang.Class org.springframework.aop.TargetClassAware.getTargetClass()
06:33:40.220 [main] DEBUG o.s.b.f.s.DefaultListableBeanFactory - Finished creating instance of bean 'adminUserController'
06:33:40.220 [main] DEBUG o.s.b.f.s.DefaultListableBeanFactory - Creating shared instance of singleton bean 'hospitalController'
06:33:40.220 [main] DEBUG o.s.b.f.s.DefaultListableBeanFactory - Creating instance of bean 'hospitalController'
06:33:40.221 [main] DEBUG o.s.b.f.s.DefaultListableBeanFactory - Eagerly caching bean 'hospitalController' to allow for resolving potential circular references
06:33:40.221 [main] DEBUG o.s.b.f.s.DefaultListableBeanFactory - Returning cached instance of singleton bean 'metaDataSourceAdvisor'
06:33:40.221 [main] DEBUG o.s.s.a.p.PrePostAnnotationSecurityMetadataSource - @org.springframework.security.access.prepost.PreAuthorize(value=hasRole('ROLE_ADMIN')) found on specific method: public java.lang.String edu.ncsu.csc.itrust2.controllers.admin.HospitalController.addHospital(org.springframework.ui.Model)
06:33:40.221 [main] DEBUG o.s.s.a.m.DelegatingMethodSecurityMetadataSource - Caching method [CacheKey[edu.ncsu.csc.itrust2.controllers.admin.HospitalController; public java.lang.String edu.ncsu.csc.itrust2.controllers.admin.HospitalController.addHospital(org.springframework.ui.Model)]] with attributes [[authorize: 'hasRole('ROLE_ADMIN')', filter: 'null', filterTarget: 'null']]
06:33:40.221 [main] DEBUG o.s.a.f.a.InfrastructureAdvisorAutoProxyCreator - Creating implicit proxy for bean 'hospitalController' with 0 common interceptors and 1 specific interceptors
06:33:40.221 [main] DEBUG o.s.aop.framework.CglibAopProxy - Creating CGLIB proxy: target source is SingletonTargetSource for target object [edu.ncsu.csc.itrust2.controllers.admin.HospitalController@3a578dc2]
06:33:40.222 [main] DEBUG o.s.aop.framework.CglibAopProxy - Unable to apply any optimisations to advised method: public java.lang.String edu.ncsu.csc.itrust2.controllers.admin.HospitalController.addHospital(org.springframework.ui.Model)
06:33:40.222 [main] DEBUG o.s.s.a.p.PrePostAnnotationSecurityMetadataSource - @org.springframework.security.access.prepost.PreAuthorize(value=hasRole('ROLE_ADMIN')) found on specific method: public java.lang.String edu.ncsu.csc.itrust2.controllers.admin.HospitalController.addHospitalSubmit(edu.ncsu.csc.itrust2.forms.admin.HospitalForm,org.springframework.validation.BindingResult,org.springframework.ui.Model)
06:33:40.222 [main] DEBUG o.s.s.a.m.DelegatingMethodSecurityMetadataSource - Caching method [CacheKey[edu.ncsu.csc.itrust2.controllers.admin.HospitalController; public java.lang.String edu.ncsu.csc.itrust2.controllers.admin.HospitalController.addHospitalSubmit(edu.ncsu.csc.itrust2.forms.admin.HospitalForm,org.springframework.validation.BindingResult,org.springframework.ui.Model)]] with attributes [[authorize: 'hasRole('ROLE_ADMIN')', filter: 'null', filterTarget: 'null']]
06:33:40.222 [main] DEBUG o.s.aop.framework.CglibAopProxy - Unable to apply any optimisations to advised method: public java.lang.String edu.ncsu.csc.itrust2.controllers.admin.HospitalController.addHospitalSubmit(edu.ncsu.csc.itrust2.forms.admin.HospitalForm,org.springframework.validation.BindingResult,org.springframework.ui.Model)
06:33:40.222 [main] DEBUG o.s.s.a.p.PrePostAnnotationSecurityMetadataSource - @org.springframework.security.access.prepost.PreAuthorize(value=hasRole('ROLE_ADMIN')) found on specific method: public java.lang.String edu.ncsu.csc.itrust2.controllers.admin.HospitalController.deleteHospital(org.springframework.ui.Model)
06:33:40.222 [main] DEBUG o.s.s.a.m.DelegatingMethodSecurityMetadataSource - Caching method [CacheKey[edu.ncsu.csc.itrust2.controllers.admin.HospitalController; public java.lang.String edu.ncsu.csc.itrust2.controllers.admin.HospitalController.deleteHospital(org.springframework.ui.Model)]] with attributes [[authorize: 'hasRole('ROLE_ADMIN')', filter: 'null', filterTarget: 'null']]
06:33:40.222 [main] DEBUG o.s.aop.framework.CglibAopProxy - Unable to apply any optimisations to advised method: public java.lang.String edu.ncsu.csc.itrust2.controllers.admin.HospitalController.deleteHospital(org.springframework.ui.Model)
06:33:40.222 [main] DEBUG o.s.s.a.p.PrePostAnnotationSecurityMetadataSource - @org.springframework.security.access.prepost.PreAuthorize(value=hasRole('ROLE_ADMIN')) found on specific method: public java.lang.String edu.ncsu.csc.itrust2.controllers.admin.HospitalController.deleteHospitalSubmit(edu.ncsu.csc.itrust2.forms.admin.DeleteHospitalForm,org.springframework.validation.BindingResult,org.springframework.ui.Model)
06:33:40.222 [main] DEBUG o.s.s.a.m.DelegatingMethodSecurityMetadataSource - Caching method [CacheKey[edu.ncsu.csc.itrust2.controllers.admin.HospitalController; public java.lang.String edu.ncsu.csc.itrust2.controllers.admin.HospitalController.deleteHospitalSubmit(edu.ncsu.csc.itrust2.forms.admin.DeleteHospitalForm,org.springframework.validation.BindingResult,org.springframework.ui.Model)]] with attributes [[authorize: 'hasRole('ROLE_ADMIN')', filter: 'null', filterTarget: 'null']]
06:33:40.222 [main] DEBUG o.s.aop.framework.CglibAopProxy - Unable to apply any optimisations to advised method: public java.lang.String edu.ncsu.csc.itrust2.controllers.admin.HospitalController.deleteHospitalSubmit(edu.ncsu.csc.itrust2.forms.admin.DeleteHospitalForm,org.springframework.validation.BindingResult,org.springframework.ui.Model)
06:33:40.222 [main] DEBUG o.s.aop.framework.CglibAopProxy - Found 'equals' method: public boolean java.lang.Object.equals(java.lang.Object)
06:33:40.222 [main] DEBUG o.s.aop.framework.CglibAopProxy - Unable to apply any optimisations to advised method: public java.lang.String java.lang.Object.toString()
06:33:40.222 [main] DEBUG o.s.aop.framework.CglibAopProxy - Found 'hashCode' method: public native int java.lang.Object.hashCode()
06:33:40.222 [main] DEBUG o.s.aop.framework.CglibAopProxy - Unable to apply any optimisations to advised method: protected native java.lang.Object java.lang.Object.clone() throws java.lang.CloneNotSupportedException
06:33:40.222 [main] DEBUG o.s.aop.framework.CglibAopProxy - Method is declared on Advised interface: public abstract void org.springframework.aop.framework.Advised.addAdvice(int,org.aopalliance.aop.Advice) throws org.springframework.aop.framework.AopConfigException
06:33:40.222 [main] DEBUG o.s.aop.framework.CglibAopProxy - Method is declared on Advised interface: public abstract void org.springframework.aop.framework.Advised.addAdvice(org.aopalliance.aop.Advice) throws org.springframework.aop.framework.AopConfigException
06:33:40.222 [main] DEBUG o.s.aop.framework.CglibAopProxy - Method is declared on Advised interface: public abstract boolean org.springframework.aop.framework.Advised.isPreFiltered()
06:33:40.222 [main] DEBUG o.s.aop.framework.CglibAopProxy - Method is declared on Advised interface: public abstract java.lang.Class[] org.springframework.aop.framework.Advised.getProxiedInterfaces()
06:33:40.222 [main] DEBUG o.s.aop.framework.CglibAopProxy - Method is declared on Advised interface: public abstract boolean org.springframework.aop.framework.Advised.isInterfaceProxied(java.lang.Class)
06:33:40.222 [main] DEBUG o.s.aop.framework.CglibAopProxy - Method is declared on Advised interface: public abstract org.springframework.aop.Advisor[] org.springframework.aop.framework.Advised.getAdvisors()
06:33:40.222 [main] DEBUG o.s.aop.framework.CglibAopProxy - Method is declared on Advised interface: public abstract void org.springframework.aop.framework.Advised.removeAdvisor(int) throws org.springframework.aop.framework.AopConfigException
06:33:40.222 [main] DEBUG o.s.aop.framework.CglibAopProxy - Method is declared on Advised interface: public abstract boolean org.springframework.aop.framework.Advised.removeAdvisor(org.springframework.aop.Advisor)
06:33:40.222 [main] DEBUG o.s.aop.framework.CglibAopProxy - Method is declared on Advised interface: public abstract boolean org.springframework.aop.framework.Advised.replaceAdvisor(org.springframework.aop.Advisor,org.springframework.aop.Advisor) throws org.springframework.aop.framework.AopConfigException
06:33:40.222 [main] DEBUG o.s.aop.framework.CglibAopProxy - Method is declared on Advised interface: public abstract void org.springframework.aop.framework.Advised.setTargetSource(org.springframework.aop.TargetSource)
06:33:40.222 [main] DEBUG o.s.aop.framework.CglibAopProxy - Method is declared on Advised interface: public abstract boolean org.springframework.aop.framework.Advised.removeAdvice(org.aopalliance.aop.Advice)
06:33:40.222 [main] DEBUG o.s.aop.framework.CglibAopProxy - Method is declared on Advised interface: public abstract java.lang.String org.springframework.aop.framework.Advised.toProxyConfigString()
06:33:40.222 [main] DEBUG o.s.aop.framework.CglibAopProxy - Method is declared on Advised interface: public abstract org.springframework.aop.TargetSource org.springframework.aop.framework.Advised.getTargetSource()
06:33:40.222 [main] DEBUG o.s.aop.framework.CglibAopProxy - Method is declared on Advised interface: public abstract boolean org.springframework.aop.framework.Advised.isProxyTargetClass()
06:33:40.222 [main] DEBUG o.s.aop.framework.CglibAopProxy - Method is declared on Advised interface: public abstract void org.springframework.aop.framework.Advised.addAdvisor(org.springframework.aop.Advisor) throws org.springframework.aop.framework.AopConfigException
06:33:40.222 [main] DEBUG o.s.aop.framework.CglibAopProxy - Method is declared on Advised interface: public abstract void org.springframework.aop.framework.Advised.addAdvisor(int,org.springframework.aop.Advisor) throws org.springframework.aop.framework.AopConfigException
06:33:40.223 [main] DEBUG o.s.aop.framework.CglibAopProxy - Method is declared on Advised interface: public abstract void org.springframework.aop.framework.Advised.setPreFiltered(boolean)
06:33:40.223 [main] DEBUG o.s.aop.framework.CglibAopProxy - Method is declared on Advised interface: public abstract void org.springframework.aop.framework.Advised.setExposeProxy(boolean)
06:33:40.223 [main] DEBUG o.s.aop.framework.CglibAopProxy - Method is declared on Advised interface: public abstract boolean org.springframework.aop.framework.Advised.isExposeProxy()
06:33:40.223 [main] DEBUG o.s.aop.framework.CglibAopProxy - Method is declared on Advised interface: public abstract int org.springframework.aop.framework.Advised.indexOf(org.springframework.aop.Advisor)
06:33:40.223 [main] DEBUG o.s.aop.framework.CglibAopProxy - Method is declared on Advised interface: public abstract int org.springframework.aop.framework.Advised.indexOf(org.aopalliance.aop.Advice)
06:33:40.223 [main] DEBUG o.s.aop.framework.CglibAopProxy - Method is declared on Advised interface: public abstract boolean org.springframework.aop.framework.Advised.isFrozen()
06:33:40.223 [main] DEBUG o.s.aop.framework.CglibAopProxy - Method is declared on Advised interface: public abstract java.lang.Class org.springframework.aop.TargetClassAware.getTargetClass()
06:33:40.230 [main] DEBUG o.s.b.f.s.DefaultListableBeanFactory - Finished creating instance of bean 'hospitalController'
06:33:40.230 [main] DEBUG o.s.b.f.s.DefaultListableBeanFactory - Creating shared instance of singleton bean 'ICDCodesController'
06:33:40.231 [main] DEBUG o.s.b.f.s.DefaultListableBeanFactory - Creating instance of bean 'ICDCodesController'
06:33:40.231 [main] DEBUG o.s.b.f.s.DefaultListableBeanFactory - Eagerly caching bean 'ICDCodesController' to allow for resolving potential circular references
06:33:40.231 [main] DEBUG o.s.b.f.s.DefaultListableBeanFactory - Returning cached instance of singleton bean 'metaDataSourceAdvisor'
06:33:40.231 [main] DEBUG o.s.s.a.p.PrePostAnnotationSecurityMetadataSource - @org.springframework.security.access.prepost.PreAuthorize(value=hasRole('ROLE_ADMIN')) found on specific method: public java.lang.String edu.ncsu.csc.itrust2.controllers.admin.ICDCodesController.addCode(org.springframework.ui.Model)
06:33:40.232 [main] DEBUG o.s.s.a.m.DelegatingMethodSecurityMetadataSource - Caching method [CacheKey[edu.ncsu.csc.itrust2.controllers.admin.ICDCodesController; public java.lang.String edu.ncsu.csc.itrust2.controllers.admin.ICDCodesController.addCode(org.springframework.ui.Model)]] with attributes [[authorize: 'hasRole('ROLE_ADMIN')', filter: 'null', filterTarget: 'null']]
06:33:40.232 [main] DEBUG o.s.a.f.a.InfrastructureAdvisorAutoProxyCreator - Creating implicit proxy for bean 'ICDCodesController' with 0 common interceptors and 1 specific interceptors
06:33:40.232 [main] DEBUG o.s.aop.framework.CglibAopProxy - Creating CGLIB proxy: target source is SingletonTargetSource for target object [edu.ncsu.csc.itrust2.controllers.admin.ICDCodesController@260e3cc7]
06:33:40.233 [main] DEBUG o.s.aop.framework.CglibAopProxy - Unable to apply any optimisations to advised method: public java.lang.String edu.ncsu.csc.itrust2.controllers.admin.ICDCodesController.addCode(org.springframework.ui.Model)
06:33:40.233 [main] DEBUG o.s.aop.framework.CglibAopProxy - Found 'equals' method: public boolean java.lang.Object.equals(java.lang.Object)
06:33:40.233 [main] DEBUG o.s.aop.framework.CglibAopProxy - Unable to apply any optimisations to advised method: public java.lang.String java.lang.Object.toString()
06:33:40.233 [main] DEBUG o.s.aop.framework.CglibAopProxy - Found 'hashCode' method: public native int java.lang.Object.hashCode()
06:33:40.233 [main] DEBUG o.s.aop.framework.CglibAopProxy - Unable to apply any optimisations to advised method: protected native java.lang.Object java.lang.Object.clone() throws java.lang.CloneNotSupportedException
06:33:40.233 [main] DEBUG o.s.aop.framework.CglibAopProxy - Method is declared on Advised interface: public abstract void org.springframework.aop.framework.Advised.addAdvice(int,org.aopalliance.aop.Advice) throws org.springframework.aop.framework.AopConfigException
06:33:40.233 [main] DEBUG o.s.aop.framework.CglibAopProxy - Method is declared on Advised interface: public abstract void org.springframework.aop.framework.Advised.addAdvice(org.aopalliance.aop.Advice) throws org.springframework.aop.framework.AopConfigException
06:33:40.233 [main] DEBUG o.s.aop.framework.CglibAopProxy - Method is declared on Advised interface: public abstract boolean org.springframework.aop.framework.Advised.isPreFiltered()
06:33:40.233 [main] DEBUG o.s.aop.framework.CglibAopProxy - Method is declared on Advised interface: public abstract java.lang.Class[] org.springframework.aop.framework.Advised.getProxiedInterfaces()
06:33:40.233 [main] DEBUG o.s.aop.framework.CglibAopProxy - Method is declared on Advised interface: public abstract boolean org.springframework.aop.framework.Advised.isInterfaceProxied(java.lang.Class)
06:33:40.233 [main] DEBUG o.s.aop.framework.CglibAopProxy - Method is declared on Advised interface: public abstract org.springframework.aop.Advisor[] org.springframework.aop.framework.Advised.getAdvisors()
06:33:40.233 [main] DEBUG o.s.aop.framework.CglibAopProxy - Method is declared on Advised interface: public abstract void org.springframework.aop.framework.Advised.removeAdvisor(int) throws org.springframework.aop.framework.AopConfigException
06:33:40.233 [main] DEBUG o.s.aop.framework.CglibAopProxy - Method is declared on Advised interface: public abstract boolean org.springframework.aop.framework.Advised.removeAdvisor(org.springframework.aop.Advisor)
06:33:40.233 [main] DEBUG o.s.aop.framework.CglibAopProxy - Method is declared on Advised interface: public abstract boolean org.springframework.aop.framework.Advised.replaceAdvisor(org.springframework.aop.Advisor,org.springframework.aop.Advisor) throws org.springframework.aop.framework.AopConfigException
06:33:40.233 [main] DEBUG o.s.aop.framework.CglibAopProxy - Method is declared on Advised interface: public abstract void org.springframework.aop.framework.Advised.setTargetSource(org.springframework.aop.TargetSource)
06:33:40.233 [main] DEBUG o.s.aop.framework.CglibAopProxy - Method is declared on Advised interface: public abstract boolean org.springframework.aop.framework.Advised.removeAdvice(org.aopalliance.aop.Advice)
06:33:40.233 [main] DEBUG o.s.aop.framework.CglibAopProxy - Method is declared on Advised interface: public abstract java.lang.String org.springframework.aop.framework.Advised.toProxyConfigString()
06:33:40.233 [main] DEBUG o.s.aop.framework.CglibAopProxy - Method is declared on Advised interface: public abstract org.springframework.aop.TargetSource org.springframework.aop.framework.Advised.getTargetSource()
06:33:40.233 [main] DEBUG o.s.aop.framework.CglibAopProxy - Method is declared on Advised interface: public abstract boolean org.springframework.aop.framework.Advised.isProxyTargetClass()
06:33:40.233 [main] DEBUG o.s.aop.framework.CglibAopProxy - Method is declared on Advised interface: public abstract void org.springframework.aop.framework.Advised.addAdvisor(org.springframework.aop.Advisor) throws org.springframework.aop.framework.AopConfigException
06:33:40.233 [main] DEBUG o.s.aop.framework.CglibAopProxy - Method is declared on Advised interface: public abstract void org.springframework.aop.framework.Advised.addAdvisor(int,org.springframework.aop.Advisor) throws org.springframework.aop.framework.AopConfigException
06:33:40.233 [main] DEBUG o.s.aop.framework.CglibAopProxy - Method is declared on Advised interface: public abstract void org.springframework.aop.framework.Advised.setPreFiltered(boolean)
06:33:40.233 [main] DEBUG o.s.aop.framework.CglibAopProxy - Method is declared on Advised interface: public abstract void org.springframework.aop.framework.Advised.setExposeProxy(boolean)
06:33:40.233 [main] DEBUG o.s.aop.framework.CglibAopProxy - Method is declared on Advised interface: public abstract boolean org.springframework.aop.framework.Advised.isExposeProxy()
06:33:40.233 [main] DEBUG o.s.aop.framework.CglibAopProxy - Method is declared on Advised interface: public abstract int org.springframework.aop.framework.Advised.indexOf(org.springframework.aop.Advisor)
06:33:40.233 [main] DEBUG o.s.aop.framework.CglibAopProxy - Method is declared on Advised interface: public abstract int org.springframework.aop.framework.Advised.indexOf(org.aopalliance.aop.Advice)
06:33:40.233 [main] DEBUG o.s.aop.framework.CglibAopProxy - Method is declared on Advised interface: public abstract boolean org.springframework.aop.framework.Advised.isFrozen()
06:33:40.233 [main] DEBUG o.s.aop.framework.CglibAopProxy - Method is declared on Advised interface: public abstract java.lang.Class org.springframework.aop.TargetClassAware.getTargetClass()
06:33:40.241 [main] DEBUG o.s.b.f.s.DefaultListableBeanFactory - Finished creating instance of bean 'ICDCodesController'
06:33:40.242 [main] DEBUG o.s.b.f.s.DefaultListableBeanFactory - Creating shared instance of singleton bean 'APIAppointmentRequestController'
06:33:40.242 [main] DEBUG o.s.b.f.s.DefaultListableBeanFactory - Creating instance of bean 'APIAppointmentRequestController'
06:33:40.242 [main] DEBUG o.s.b.f.s.DefaultListableBeanFactory - Eagerly caching bean 'APIAppointmentRequestController' to allow for resolving potential circular references
06:33:40.242 [main] DEBUG o.s.b.f.s.DefaultListableBeanFactory - Returning cached instance of singleton bean 'metaDataSourceAdvisor'
06:33:40.243 [main] DEBUG o.s.b.f.s.DefaultListableBeanFactory - Finished creating instance of bean 'APIAppointmentRequestController'
06:33:40.244 [main] DEBUG o.s.b.f.s.DefaultListableBeanFactory - Creating shared instance of singleton bean 'APIDiagnosisController'
06:33:40.244 [main] DEBUG o.s.b.f.s.DefaultListableBeanFactory - Creating instance of bean 'APIDiagnosisController'
06:33:40.244 [main] DEBUG o.s.b.f.s.DefaultListableBeanFactory - Eagerly caching bean 'APIDiagnosisController' to allow for resolving potential circular references
06:33:40.244 [main] DEBUG o.s.b.f.s.DefaultListableBeanFactory - Returning cached instance of singleton bean 'metaDataSourceAdvisor'
06:33:40.244 [main] DEBUG o.s.b.f.s.DefaultListableBeanFactory - Finished creating instance of bean 'APIDiagnosisController'
06:33:40.244 [main] DEBUG o.s.b.f.s.DefaultListableBeanFactory - Creating shared instance of singleton bean 'APIDrugController'
06:33:40.244 [main] DEBUG o.s.b.f.s.DefaultListableBeanFactory - Creating instance of bean 'APIDrugController'
06:33:40.245 [main] DEBUG o.s.b.f.s.DefaultListableBeanFactory - Eagerly caching bean 'APIDrugController' to allow for resolving potential circular references
06:33:40.245 [main] DEBUG o.s.b.f.s.DefaultListableBeanFactory - Returning cached instance of singleton bean 'metaDataSourceAdvisor'
06:33:40.245 [main] DEBUG o.s.s.a.p.PrePostAnnotationSecurityMetadataSource - @org.springframework.security.access.prepost.PreAuthorize(value=hasRole('ROLE_ADMIN')) found on specific method: public org.springframework.http.ResponseEntity edu.ncsu.csc.itrust2.controllers.api.APIDrugController.addDrug(edu.ncsu.csc.itrust2.forms.admin.DrugForm)
06:33:40.245 [main] DEBUG o.s.s.a.m.DelegatingMethodSecurityMetadataSource - Caching method [CacheKey[edu.ncsu.csc.itrust2.controllers.api.APIDrugController; public org.springframework.http.ResponseEntity edu.ncsu.csc.itrust2.controllers.api.APIDrugController.addDrug(edu.ncsu.csc.itrust2.forms.admin.DrugForm)]] with attributes [[authorize: 'hasRole('ROLE_ADMIN')', filter: 'null', filterTarget: 'null']]
06:33:40.245 [main] DEBUG o.s.a.f.a.InfrastructureAdvisorAutoProxyCreator - Creating implicit proxy for bean 'APIDrugController' with 0 common interceptors and 1 specific interceptors
06:33:40.245 [main] DEBUG o.s.aop.framework.CglibAopProxy - Creating CGLIB proxy: target source is SingletonTargetSource for target object [edu.ncsu.csc.itrust2.controllers.api.APIDrugController@581935cd]
06:33:40.246 [main] DEBUG o.s.aop.framework.CglibAopProxy - Unable to apply any optimisations to advised method: public org.springframework.http.ResponseEntity edu.ncsu.csc.itrust2.controllers.api.APIDrugController.addDrug(edu.ncsu.csc.itrust2.forms.admin.DrugForm)
06:33:40.246 [main] DEBUG o.s.s.a.p.PrePostAnnotationSecurityMetadataSource - @org.springframework.security.access.prepost.PreAuthorize(value=hasRole('ROLE_ADMIN')) found on specific method: public org.springframework.http.ResponseEntity edu.ncsu.csc.itrust2.controllers.api.APIDrugController.editDrug(edu.ncsu.csc.itrust2.forms.admin.DrugForm)
06:33:40.246 [main] DEBUG o.s.s.a.m.DelegatingMethodSecurityMetadataSource - Caching method [CacheKey[edu.ncsu.csc.itrust2.controllers.api.APIDrugController; public org.springframework.http.ResponseEntity edu.ncsu.csc.itrust2.controllers.api.APIDrugController.editDrug(edu.ncsu.csc.itrust2.forms.admin.DrugForm)]] with attributes [[authorize: 'hasRole('ROLE_ADMIN')', filter: 'null', filterTarget: 'null']]
06:33:40.246 [main] DEBUG o.s.aop.framework.CglibAopProxy - Unable to apply any optimisations to advised method: public org.springframework.http.ResponseEntity edu.ncsu.csc.itrust2.controllers.api.APIDrugController.editDrug(edu.ncsu.csc.itrust2.forms.admin.DrugForm)
06:33:40.246 [main] DEBUG o.s.s.a.p.PrePostAnnotationSecurityMetadataSource - @org.springframework.security.access.prepost.PreAuthorize(value=hasRole('ROLE_ADMIN')) found on specific method: public org.springframework.http.ResponseEntity edu.ncsu.csc.itrust2.controllers.api.APIDrugController.deleteDrug(java.lang.String)
06:33:40.246 [main] DEBUG o.s.s.a.m.DelegatingMethodSecurityMetadataSource - Caching method [CacheKey[edu.ncsu.csc.itrust2.controllers.api.APIDrugController; public org.springframework.http.ResponseEntity edu.ncsu.csc.itrust2.controllers.api.APIDrugController.deleteDrug(java.lang.String)]] with attributes [[authorize: 'hasRole('ROLE_ADMIN')', filter: 'null', filterTarget: 'null']]
06:33:40.246 [main] DEBUG o.s.aop.framework.CglibAopProxy - Unable to apply any optimisations to advised method: public org.springframework.http.ResponseEntity edu.ncsu.csc.itrust2.controllers.api.APIDrugController.deleteDrug(java.lang.String)
06:33:40.246 [main] DEBUG o.s.aop.framework.CglibAopProxy - Unable to apply any optimisations to advised method: public java.util.List edu.ncsu.csc.itrust2.controllers.api.APIDrugController.getDrugs()
06:33:40.246 [main] DEBUG o.s.aop.framework.CglibAopProxy - Found 'equals' method: public boolean java.lang.Object.equals(java.lang.Object)
06:33:40.246 [main] DEBUG o.s.aop.framework.CglibAopProxy - Unable to apply any optimisations to advised method: public java.lang.String java.lang.Object.toString()
06:33:40.246 [main] DEBUG o.s.aop.framework.CglibAopProxy - Found 'hashCode' method: public native int java.lang.Object.hashCode()
06:33:40.246 [main] DEBUG o.s.aop.framework.CglibAopProxy - Unable to apply any optimisations to advised method: protected native java.lang.Object java.lang.Object.clone() throws java.lang.CloneNotSupportedException
06:33:40.246 [main] DEBUG o.s.aop.framework.CglibAopProxy - Method is declared on Advised interface: public abstract void org.springframework.aop.framework.Advised.addAdvice(int,org.aopalliance.aop.Advice) throws org.springframework.aop.framework.AopConfigException
06:33:40.246 [main] DEBUG o.s.aop.framework.CglibAopProxy - Method is declared on Advised interface: public abstract void org.springframework.aop.framework.Advised.addAdvice(org.aopalliance.aop.Advice) throws org.springframework.aop.framework.AopConfigException
06:33:40.246 [main] DEBUG o.s.aop.framework.CglibAopProxy - Method is declared on Advised interface: public abstract boolean org.springframework.aop.framework.Advised.isPreFiltered()
06:33:40.246 [main] DEBUG o.s.aop.framework.CglibAopProxy - Method is declared on Advised interface: public abstract java.lang.Class[] org.springframework.aop.framework.Advised.getProxiedInterfaces()
06:33:40.246 [main] DEBUG o.s.aop.framework.CglibAopProxy - Method is declared on Advised interface: public abstract boolean org.springframework.aop.framework.Advised.isInterfaceProxied(java.lang.Class)
06:33:40.246 [main] DEBUG o.s.aop.framework.CglibAopProxy - Method is declared on Advised interface: public abstract org.springframework.aop.Advisor[] org.springframework.aop.framework.Advised.getAdvisors()
06:33:40.247 [main] DEBUG o.s.aop.framework.CglibAopProxy - Method is declared on Advised interface: public abstract void org.springframework.aop.framework.Advised.removeAdvisor(int) throws org.springframework.aop.framework.AopConfigException
06:33:40.247 [main] DEBUG o.s.aop.framework.CglibAopProxy - Method is declared on Advised interface: public abstract boolean org.springframework.aop.framework.Advised.removeAdvisor(org.springframework.aop.Advisor)
06:33:40.247 [main] DEBUG o.s.aop.framework.CglibAopProxy - Method is declared on Advised interface: public abstract boolean org.springframework.aop.framework.Advised.replaceAdvisor(org.springframework.aop.Advisor,org.springframework.aop.Advisor) throws org.springframework.aop.framework.AopConfigException
06:33:40.247 [main] DEBUG o.s.aop.framework.CglibAopProxy - Method is declared on Advised interface: public abstract void org.springframework.aop.framework.Advised.setTargetSource(org.springframework.aop.TargetSource)
06:33:40.247 [main] DEBUG o.s.aop.framework.CglibAopProxy - Method is declared on Advised interface: public abstract boolean org.springframework.aop.framework.Advised.removeAdvice(org.aopalliance.aop.Advice)
06:33:40.247 [main] DEBUG o.s.aop.framework.CglibAopProxy - Method is declared on Advised interface: public abstract java.lang.String org.springframework.aop.framework.Advised.toProxyConfigString()
06:33:40.247 [main] DEBUG o.s.aop.framework.CglibAopProxy - Method is declared on Advised interface: public abstract org.springframework.aop.TargetSource org.springframework.aop.framework.Advised.getTargetSource()
06:33:40.247 [main] DEBUG o.s.aop.framework.CglibAopProxy - Method is declared on Advised interface: public abstract boolean org.springframework.aop.framework.Advised.isProxyTargetClass()
06:33:40.247 [main] DEBUG o.s.aop.framework.CglibAopProxy - Method is declared on Advised interface: public abstract void org.springframework.aop.framework.Advised.addAdvisor(org.springframework.aop.Advisor) throws org.springframework.aop.framework.AopConfigException
06:33:40.247 [main] DEBUG o.s.aop.framework.CglibAopProxy - Method is declared on Advised interface: public abstract void org.springframework.aop.framework.Advised.addAdvisor(int,org.springframework.aop.Advisor) throws org.springframework.aop.framework.AopConfigException
06:33:40.247 [main] DEBUG o.s.aop.framework.CglibAopProxy - Method is declared on Advised interface: public abstract void org.springframework.aop.framework.Advised.setPreFiltered(boolean)
06:33:40.247 [main] DEBUG o.s.aop.framework.CglibAopProxy - Method is declared on Advised interface: public abstract void org.springframework.aop.framework.Advised.setExposeProxy(boolean)
06:33:40.247 [main] DEBUG o.s.aop.framework.CglibAopProxy - Method is declared on Advised interface: public abstract boolean org.springframework.aop.framework.Advised.isExposeProxy()
06:33:40.247 [main] DEBUG o.s.aop.framework.CglibAopProxy - Method is declared on Advised interface: public abstract int org.springframework.aop.framework.Advised.indexOf(org.springframework.aop.Advisor)
06:33:40.247 [main] DEBUG o.s.aop.framework.CglibAopProxy - Method is declared on Advised interface: public abstract int org.springframework.aop.framework.Advised.indexOf(org.aopalliance.aop.Advice)
06:33:40.247 [main] DEBUG o.s.aop.framework.CglibAopProxy - Method is declared on Advised interface: public abstract boolean org.springframework.aop.framework.Advised.isFrozen()
06:33:40.247 [main] DEBUG o.s.aop.framework.CglibAopProxy - Method is declared on Advised interface: public abstract java.lang.Class org.springframework.aop.TargetClassAware.getTargetClass()
06:33:40.252 [main] DEBUG o.s.b.f.s.DefaultListableBeanFactory - Finished creating instance of bean 'APIDrugController'
06:33:40.253 [main] DEBUG o.s.b.f.s.DefaultListableBeanFactory - Creating shared instance of singleton bean 'APIEnumController'
06:33:40.253 [main] DEBUG o.s.b.f.s.DefaultListableBeanFactory - Creating instance of bean 'APIEnumController'
06:33:40.253 [main] DEBUG o.s.b.f.s.DefaultListableBeanFactory - Eagerly caching bean 'APIEnumController' to allow for resolving potential circular references
06:33:40.253 [main] DEBUG o.s.b.f.s.DefaultListableBeanFactory - Returning cached instance of singleton bean 'metaDataSourceAdvisor'
06:33:40.254 [main] DEBUG o.s.b.f.s.DefaultListableBeanFactory - Finished creating instance of bean 'APIEnumController'
06:33:40.254 [main] DEBUG o.s.b.f.s.DefaultListableBeanFactory - Creating shared instance of singleton bean 'APIHospitalController'
06:33:40.254 [main] DEBUG o.s.b.f.s.DefaultListableBeanFactory - Creating instance of bean 'APIHospitalController'
06:33:40.254 [main] DEBUG o.s.b.f.s.DefaultListableBeanFactory - Eagerly caching bean 'APIHospitalController' to allow for resolving potential circular references
06:33:40.254 [main] DEBUG o.s.b.f.s.DefaultListableBeanFactory - Returning cached instance of singleton bean 'metaDataSourceAdvisor'
06:33:40.255 [main] DEBUG o.s.b.f.s.DefaultListableBeanFactory - Finished creating instance of bean 'APIHospitalController'
06:33:40.255 [main] DEBUG o.s.b.f.s.DefaultListableBeanFactory - Creating shared instance of singleton bean 'APIICDCodeController'
06:33:40.255 [main] DEBUG o.s.b.f.s.DefaultListableBeanFactory - Creating instance of bean 'APIICDCodeController'
06:33:40.255 [main] DEBUG o.s.b.f.s.DefaultListableBeanFactory - Eagerly caching bean 'APIICDCodeController' to allow for resolving potential circular references
06:33:40.255 [main] DEBUG o.s.b.f.s.DefaultListableBeanFactory - Returning cached instance of singleton bean 'metaDataSourceAdvisor'
06:33:40.255 [main] DEBUG o.s.s.a.p.PrePostAnnotationSecurityMetadataSource - @org.springframework.security.access.prepost.PreAuthorize(value=hasRole('ROLE_ADMIN')) found on specific method: public org.springframework.http.ResponseEntity edu.ncsu.csc.itrust2.controllers.api.APIICDCodeController.addCode(edu.ncsu.csc.itrust2.forms.admin.ICDCodeForm)
06:33:40.256 [main] DEBUG o.s.s.a.m.DelegatingMethodSecurityMetadataSource - Caching method [CacheKey[edu.ncsu.csc.itrust2.controllers.api.APIICDCodeController; public org.springframework.http.ResponseEntity edu.ncsu.csc.itrust2.controllers.api.APIICDCodeController.addCode(edu.ncsu.csc.itrust2.forms.admin.ICDCodeForm)]] with attributes [[authorize: 'hasRole('ROLE_ADMIN')', filter: 'null', filterTarget: 'null']]
06:33:40.256 [main] DEBUG o.s.a.f.a.InfrastructureAdvisorAutoProxyCreator - Creating implicit proxy for bean 'APIICDCodeController' with 0 common interceptors and 1 specific interceptors
06:33:40.256 [main] DEBUG o.s.aop.framework.CglibAopProxy - Creating CGLIB proxy: target source is SingletonTargetSource for target object [edu.ncsu.csc.itrust2.controllers.api.APIICDCodeController@66e65a87]
06:33:40.256 [main] DEBUG o.s.aop.framework.CglibAopProxy - Unable to apply any optimisations to advised method: public org.springframework.http.ResponseEntity edu.ncsu.csc.itrust2.controllers.api.APIICDCodeController.getCode(java.lang.Long)
06:33:40.256 [main] DEBUG o.s.aop.framework.CglibAopProxy - Unable to apply any optimisations to advised method: public org.springframework.http.ResponseEntity edu.ncsu.csc.itrust2.controllers.api.APIICDCodeController.addCode(edu.ncsu.csc.itrust2.forms.admin.ICDCodeForm)
06:33:40.256 [main] DEBUG o.s.aop.framework.CglibAopProxy - Unable to apply any optimisations to advised method: public java.util.List edu.ncsu.csc.itrust2.controllers.api.APIICDCodeController.getCodes()
06:33:40.256 [main] DEBUG o.s.s.a.p.PrePostAnnotationSecurityMetadataSource - @org.springframework.security.access.prepost.PreAuthorize(value=hasRole('ROLE_ADMIN')) found on specific method: public org.springframework.http.ResponseEntity edu.ncsu.csc.itrust2.controllers.api.APIICDCodeController.updateCode(java.lang.Long,edu.ncsu.csc.itrust2.forms.admin.ICDCodeForm)
06:33:40.256 [main] DEBUG o.s.s.a.m.DelegatingMethodSecurityMetadataSource - Caching method [CacheKey[edu.ncsu.csc.itrust2.controllers.api.APIICDCodeController; public org.springframework.http.ResponseEntity edu.ncsu.csc.itrust2.controllers.api.APIICDCodeController.updateCode(java.lang.Long,edu.ncsu.csc.itrust2.forms.admin.ICDCodeForm)]] with attributes [[authorize: 'hasRole('ROLE_ADMIN')', filter: 'null', filterTarget: 'null']]
06:33:40.256 [main] DEBUG o.s.aop.framework.CglibAopProxy - Unable to apply any optimisations to advised method: public org.springframework.http.ResponseEntity edu.ncsu.csc.itrust2.controllers.api.APIICDCodeController.updateCode(java.lang.Long,edu.ncsu.csc.itrust2.forms.admin.ICDCodeForm)
06:33:40.257 [main] DEBUG o.s.s.a.p.PrePostAnnotationSecurityMetadataSource - @org.springframework.security.access.prepost.PreAuthorize(value=hasRole('ROLE_ADMIN')) found on specific method: public org.springframework.http.ResponseEntity edu.ncsu.csc.itrust2.controllers.api.APIICDCodeController.deleteCode(java.lang.Long)
06:33:40.257 [main] DEBUG o.s.s.a.m.DelegatingMethodSecurityMetadataSource - Caching method [CacheKey[edu.ncsu.csc.itrust2.controllers.api.APIICDCodeController; public org.springframework.http.ResponseEntity edu.ncsu.csc.itrust2.controllers.api.APIICDCodeController.deleteCode(java.lang.Long)]] with attributes [[authorize: 'hasRole('ROLE_ADMIN')', filter: 'null', filterTarget: 'null']]
06:33:40.257 [main] DEBUG o.s.aop.framework.CglibAopProxy - Unable to apply any optimisations to advised method: public org.springframework.http.ResponseEntity edu.ncsu.csc.itrust2.controllers.api.APIICDCodeController.deleteCode(java.lang.Long)
06:33:40.257 [main] DEBUG o.s.aop.framework.CglibAopProxy - Found 'equals' method: public boolean java.lang.Object.equals(java.lang.Object)
06:33:40.257 [main] DEBUG o.s.aop.framework.CglibAopProxy - Unable to apply any optimisations to advised method: public java.lang.String java.lang.Object.toString()
06:33:40.257 [main] DEBUG o.s.aop.framework.CglibAopProxy - Found 'hashCode' method: public native int java.lang.Object.hashCode()
06:33:40.257 [main] DEBUG o.s.aop.framework.CglibAopProxy - Unable to apply any optimisations to advised method: protected native java.lang.Object java.lang.Object.clone() throws java.lang.CloneNotSupportedException
06:33:40.257 [main] DEBUG o.s.aop.framework.CglibAopProxy - Method is declared on Advised interface: public abstract void org.springframework.aop.framework.Advised.addAdvice(int,org.aopalliance.aop.Advice) throws org.springframework.aop.framework.AopConfigException
06:33:40.257 [main] DEBUG o.s.aop.framework.CglibAopProxy - Method is declared on Advised interface: public abstract void org.springframework.aop.framework.Advised.addAdvice(org.aopalliance.aop.Advice) throws org.springframework.aop.framework.AopConfigException
06:33:40.257 [main] DEBUG o.s.aop.framework.CglibAopProxy - Method is declared on Advised interface: public abstract boolean org.springframework.aop.framework.Advised.isPreFiltered()
06:33:40.257 [main] DEBUG o.s.aop.framework.CglibAopProxy - Method is declared on Advised interface: public abstract java.lang.Class[] org.springframework.aop.framework.Advised.getProxiedInterfaces()
06:33:40.257 [main] DEBUG o.s.aop.framework.CglibAopProxy - Method is declared on Advised interface: public abstract boolean org.springframework.aop.framework.Advised.isInterfaceProxied(java.lang.Class)
06:33:40.257 [main] DEBUG o.s.aop.framework.CglibAopProxy - Method is declared on Advised interface: public abstract org.springframework.aop.Advisor[] org.springframework.aop.framework.Advised.getAdvisors()
06:33:40.257 [main] DEBUG o.s.aop.framework.CglibAopProxy - Method is declared on Advised interface: public abstract void org.springframework.aop.framework.Advised.removeAdvisor(int) throws org.springframework.aop.framework.AopConfigException
06:33:40.257 [main] DEBUG o.s.aop.framework.CglibAopProxy - Method is declared on Advised interface: public abstract boolean org.springframework.aop.framework.Advised.removeAdvisor(org.springframework.aop.Advisor)
06:33:40.257 [main] DEBUG o.s.aop.framework.CglibAopProxy - Method is declared on Advised interface: public abstract boolean org.springframework.aop.framework.Advised.replaceAdvisor(org.springframework.aop.Advisor,org.springframework.aop.Advisor) throws org.springframework.aop.framework.AopConfigException
06:33:40.257 [main] DEBUG o.s.aop.framework.CglibAopProxy - Method is declared on Advised interface: public abstract void org.springframework.aop.framework.Advised.setTargetSource(org.springframework.aop.TargetSource)
06:33:40.257 [main] DEBUG o.s.aop.framework.CglibAopProxy - Method is declared on Advised interface: public abstract boolean org.springframework.aop.framework.Advised.removeAdvice(org.aopalliance.aop.Advice)
06:33:40.257 [main] DEBUG o.s.aop.framework.CglibAopProxy - Method is declared on Advised interface: public abstract java.lang.String org.springframework.aop.framework.Advised.toProxyConfigString()
06:33:40.257 [main] DEBUG o.s.aop.framework.CglibAopProxy - Method is declared on Advised interface: public abstract org.springframework.aop.TargetSource org.springframework.aop.framework.Advised.getTargetSource()
06:33:40.257 [main] DEBUG o.s.aop.framework.CglibAopProxy - Method is declared on Advised interface: public abstract boolean org.springframework.aop.framework.Advised.isProxyTargetClass()
06:33:40.257 [main] DEBUG o.s.aop.framework.CglibAopProxy - Method is declared on Advised interface: public abstract void org.springframework.aop.framework.Advised.addAdvisor(org.springframework.aop.Advisor) throws org.springframework.aop.framework.AopConfigException
06:33:40.257 [main] DEBUG o.s.aop.framework.CglibAopProxy - Method is declared on Advised interface: public abstract void org.springframework.aop.framework.Advised.addAdvisor(int,org.springframework.aop.Advisor) throws org.springframework.aop.framework.AopConfigException
06:33:40.257 [main] DEBUG o.s.aop.framework.CglibAopProxy - Method is declared on Advised interface: public abstract void org.springframework.aop.framework.Advised.setPreFiltered(boolean)
06:33:40.257 [main] DEBUG o.s.aop.framework.CglibAopProxy - Method is declared on Advised interface: public abstract void org.springframework.aop.framework.Advised.setExposeProxy(boolean)
06:33:40.257 [main] DEBUG o.s.aop.framework.CglibAopProxy - Method is declared on Advised interface: public abstract boolean org.springframework.aop.framework.Advised.isExposeProxy()
06:33:40.257 [main] DEBUG o.s.aop.framework.CglibAopProxy - Method is declared on Advised interface: public abstract int org.springframework.aop.framework.Advised.indexOf(org.springframework.aop.Advisor)
06:33:40.257 [main] DEBUG o.s.aop.framework.CglibAopProxy - Method is declared on Advised interface: public abstract int org.springframework.aop.framework.Advised.indexOf(org.aopalliance.aop.Advice)
06:33:40.257 [main] DEBUG o.s.aop.framework.CglibAopProxy - Method is declared on Advised interface: public abstract boolean org.springframework.aop.framework.Advised.isFrozen()
06:33:40.257 [main] DEBUG o.s.aop.framework.CglibAopProxy - Method is declared on Advised interface: public abstract java.lang.Class org.springframework.aop.TargetClassAware.getTargetClass()
06:33:40.266 [main] DEBUG o.s.b.f.s.DefaultListableBeanFactory - Finished creating instance of bean 'APIICDCodeController'
06:33:40.266 [main] DEBUG o.s.b.f.s.DefaultListableBeanFactory - Creating shared instance of singleton bean 'APILogEntryController'
06:33:40.266 [main] DEBUG o.s.b.f.s.DefaultListableBeanFactory - Creating instance of bean 'APILogEntryController'
06:33:40.266 [main] DEBUG o.s.b.f.s.DefaultListableBeanFactory - Eagerly caching bean 'APILogEntryController' to allow for resolving potential circular references
06:33:40.267 [main] DEBUG o.s.b.f.s.DefaultListableBeanFactory - Returning cached instance of singleton bean 'metaDataSourceAdvisor'
06:33:40.267 [main] DEBUG o.s.b.f.s.DefaultListableBeanFactory - Finished creating instance of bean 'APILogEntryController'
06:33:40.267 [main] DEBUG o.s.b.f.s.DefaultListableBeanFactory - Creating shared instance of singleton bean 'APIOfficeVisitController'
06:33:40.267 [main] DEBUG o.s.b.f.s.DefaultListableBeanFactory - Creating instance of bean 'APIOfficeVisitController'
06:33:40.268 [main] DEBUG o.s.b.f.s.DefaultListableBeanFactory - Eagerly caching bean 'APIOfficeVisitController' to allow for resolving potential circular references
06:33:40.268 [main] DEBUG o.s.b.f.s.DefaultListableBeanFactory - Returning cached instance of singleton bean 'metaDataSourceAdvisor'
06:33:40.268 [main] DEBUG o.s.s.a.p.PrePostAnnotationSecurityMetadataSource - @org.springframework.security.access.prepost.PreAuthorize(value=hasRole('ROLE_PATIENT')) found on specific method: public java.util.List edu.ncsu.csc.itrust2.controllers.api.APIOfficeVisitController.getMyOfficeVisits()
06:33:40.268 [main] DEBUG o.s.s.a.m.DelegatingMethodSecurityMetadataSource - Caching method [CacheKey[edu.ncsu.csc.itrust2.controllers.api.APIOfficeVisitController; public java.util.List edu.ncsu.csc.itrust2.controllers.api.APIOfficeVisitController.getMyOfficeVisits()]] with attributes [[authorize: 'hasRole('ROLE_PATIENT')', filter: 'null', filterTarget: 'null']]
06:33:40.268 [main] DEBUG o.s.a.f.a.InfrastructureAdvisorAutoProxyCreator - Creating implicit proxy for bean 'APIOfficeVisitController' with 0 common interceptors and 1 specific interceptors
06:33:40.268 [main] DEBUG o.s.aop.framework.CglibAopProxy - Creating CGLIB proxy: target source is SingletonTargetSource for target object [edu.ncsu.csc.itrust2.controllers.api.APIOfficeVisitController@59a1bda7]
06:33:40.269 [main] DEBUG o.s.aop.framework.CglibAopProxy - Unable to apply any optimisations to advised method: public java.util.List edu.ncsu.csc.itrust2.controllers.api.APIOfficeVisitController.getMyOfficeVisits()
06:33:40.269 [main] DEBUG o.s.aop.framework.CglibAopProxy - Unable to apply any optimisations to advised method: public org.springframework.http.ResponseEntity edu.ncsu.csc.itrust2.controllers.api.APIOfficeVisitController.getOfficeVisit(java.lang.Long)
06:33:40.269 [main] DEBUG o.s.aop.framework.CglibAopProxy - Unable to apply any optimisations to advised method: public void edu.ncsu.csc.itrust2.controllers.api.APIOfficeVisitController.deleteOfficeVisits()
06:33:40.269 [main] DEBUG o.s.aop.framework.CglibAopProxy - Unable to apply any optimisations to advised method: public org.springframework.http.ResponseEntity edu.ncsu.csc.itrust2.controllers.api.APIOfficeVisitController.createOfficeVisit(edu.ncsu.csc.itrust2.forms.hcp.OfficeVisitForm)
06:33:40.269 [main] DEBUG o.s.aop.framework.CglibAopProxy - Unable to apply any optimisations to advised method: public org.springframework.http.ResponseEntity edu.ncsu.csc.itrust2.controllers.api.APIOfficeVisitController.deleteOfficeVisit(java.lang.Long)
06:33:40.269 [main] DEBUG o.s.aop.framework.CglibAopProxy - Unable to apply any optimisations to advised method: public org.springframework.http.ResponseEntity edu.ncsu.csc.itrust2.controllers.api.APIOfficeVisitController.updateOfficeVisit(java.lang.Long,edu.ncsu.csc.itrust2.forms.hcp.OfficeVisitForm)
06:33:40.269 [main] DEBUG o.s.s.a.p.PrePostAnnotationSecurityMetadataSource - @org.springframework.security.access.prepost.PreAuthorize(value=hasRole('ROLE_HCP')) found on specific method: public org.springframework.http.ResponseEntity edu.ncsu.csc.itrust2.controllers.api.APIOfficeVisitController.viewOfficeVisitHCP(java.lang.Long,edu.ncsu.csc.itrust2.forms.hcp.OfficeVisitForm)
06:33:40.270 [main] DEBUG o.s.s.a.m.DelegatingMethodSecurityMetadataSource - Caching method [CacheKey[edu.ncsu.csc.itrust2.controllers.api.APIOfficeVisitController; public org.springframework.http.ResponseEntity edu.ncsu.csc.itrust2.controllers.api.APIOfficeVisitController.viewOfficeVisitHCP(java.lang.Long,edu.ncsu.csc.itrust2.forms.hcp.OfficeVisitForm)]] with attributes [[authorize: 'hasRole('ROLE_HCP')', filter: 'null', filterTarget: 'null']]
06:33:40.270 [main] DEBUG o.s.aop.framework.CglibAopProxy - Unable to apply any optimisations to advised method: public org.springframework.http.ResponseEntity edu.ncsu.csc.itrust2.controllers.api.APIOfficeVisitController.viewOfficeVisitHCP(java.lang.Long,edu.ncsu.csc.itrust2.forms.hcp.OfficeVisitForm)
06:33:40.270 [main] DEBUG o.s.s.a.p.PrePostAnnotationSecurityMetadataSource - @org.springframework.security.access.prepost.PreAuthorize(value=hasRole('ROLE_PATIENT')) found on specific method: public org.springframework.http.ResponseEntity edu.ncsu.csc.itrust2.controllers.api.APIOfficeVisitController.viewOfficeVisitPatient(java.lang.Long,edu.ncsu.csc.itrust2.forms.hcp.OfficeVisitForm)
06:33:40.270 [main] DEBUG o.s.s.a.m.DelegatingMethodSecurityMetadataSource - Caching method [CacheKey[edu.ncsu.csc.itrust2.controllers.api.APIOfficeVisitController; public org.springframework.http.ResponseEntity edu.ncsu.csc.itrust2.controllers.api.APIOfficeVisitController.viewOfficeVisitPatient(java.lang.Long,edu.ncsu.csc.itrust2.forms.hcp.OfficeVisitForm)]] with attributes [[authorize: 'hasRole('ROLE_PATIENT')', filter: 'null', filterTarget: 'null']]
06:33:40.270 [main] DEBUG o.s.aop.framework.CglibAopProxy - Unable to apply any optimisations to advised method: public org.springframework.http.ResponseEntity edu.ncsu.csc.itrust2.controllers.api.APIOfficeVisitController.viewOfficeVisitPatient(java.lang.Long,edu.ncsu.csc.itrust2.forms.hcp.OfficeVisitForm)
06:33:40.270 [main] DEBUG o.s.aop.framework.CglibAopProxy - Unable to apply any optimisations to advised method: public java.util.List edu.ncsu.csc.itrust2.controllers.api.APIOfficeVisitController.getOfficeVisits()
06:33:40.270 [main] DEBUG o.s.aop.framework.CglibAopProxy - Found 'equals' method: public boolean java.lang.Object.equals(java.lang.Object)
06:33:40.270 [main] DEBUG o.s.aop.framework.CglibAopProxy - Unable to apply any optimisations to advised method: public java.lang.String java.lang.Object.toString()
06:33:40.270 [main] DEBUG o.s.aop.framework.CglibAopProxy - Found 'hashCode' method: public native int java.lang.Object.hashCode()
06:33:40.270 [main] DEBUG o.s.aop.framework.CglibAopProxy - Unable to apply any optimisations to advised method: protected native java.lang.Object java.lang.Object.clone() throws java.lang.CloneNotSupportedException
06:33:40.270 [main] DEBUG o.s.aop.framework.CglibAopProxy - Method is declared on Advised interface: public abstract void org.springframework.aop.framework.Advised.addAdvice(int,org.aopalliance.aop.Advice) throws org.springframework.aop.framework.AopConfigException
06:33:40.270 [main] DEBUG o.s.aop.framework.CglibAopProxy - Method is declared on Advised interface: public abstract void org.springframework.aop.framework.Advised.addAdvice(org.aopalliance.aop.Advice) throws org.springframework.aop.framework.AopConfigException
06:33:40.270 [main] DEBUG o.s.aop.framework.CglibAopProxy - Method is declared on Advised interface: public abstract boolean org.springframework.aop.framework.Advised.isPreFiltered()
06:33:40.270 [main] DEBUG o.s.aop.framework.CglibAopProxy - Method is declared on Advised interface: public abstract java.lang.Class[] org.springframework.aop.framework.Advised.getProxiedInterfaces()
06:33:40.270 [main] DEBUG o.s.aop.framework.CglibAopProxy - Method is declared on Advised interface: public abstract boolean org.springframework.aop.framework.Advised.isInterfaceProxied(java.lang.Class)
06:33:40.270 [main] DEBUG o.s.aop.framework.CglibAopProxy - Method is declared on Advised interface: public abstract org.springframework.aop.Advisor[] org.springframework.aop.framework.Advised.getAdvisors()
06:33:40.270 [main] DEBUG o.s.aop.framework.CglibAopProxy - Method is declared on Advised interface: public abstract void org.springframework.aop.framework.Advised.removeAdvisor(int) throws org.springframework.aop.framework.AopConfigException
06:33:40.270 [main] DEBUG o.s.aop.framework.CglibAopProxy - Method is declared on Advised interface: public abstract boolean org.springframework.aop.framework.Advised.removeAdvisor(org.springframework.aop.Advisor)
06:33:40.270 [main] DEBUG o.s.aop.framework.CglibAopProxy - Method is declared on Advised interface: public abstract boolean org.springframework.aop.framework.Advised.replaceAdvisor(org.springframework.aop.Advisor,org.springframework.aop.Advisor) throws org.springframework.aop.framework.AopConfigException
06:33:40.270 [main] DEBUG o.s.aop.framework.CglibAopProxy - Method is declared on Advised interface: public abstract void org.springframework.aop.framework.Advised.setTargetSource(org.springframework.aop.TargetSource)
06:33:40.270 [main] DEBUG o.s.aop.framework.CglibAopProxy - Method is declared on Advised interface: public abstract boolean org.springframework.aop.framework.Advised.removeAdvice(org.aopalliance.aop.Advice)
06:33:40.270 [main] DEBUG o.s.aop.framework.CglibAopProxy - Method is declared on Advised interface: public abstract java.lang.String org.springframework.aop.framework.Advised.toProxyConfigString()
06:33:40.270 [main] DEBUG o.s.aop.framework.CglibAopProxy - Method is declared on Advised interface: public abstract org.springframework.aop.TargetSource org.springframework.aop.framework.Advised.getTargetSource()
06:33:40.270 [main] DEBUG o.s.aop.framework.CglibAopProxy - Method is declared on Advised interface: public abstract boolean org.springframework.aop.framework.Advised.isProxyTargetClass()
06:33:40.270 [main] DEBUG o.s.aop.framework.CglibAopProxy - Method is declared on Advised interface: public abstract void org.springframework.aop.framework.Advised.addAdvisor(org.springframework.aop.Advisor) throws org.springframework.aop.framework.AopConfigException
06:33:40.270 [main] DEBUG o.s.aop.framework.CglibAopProxy - Method is declared on Advised interface: public abstract void org.springframework.aop.framework.Advised.addAdvisor(int,org.springframework.aop.Advisor) throws org.springframework.aop.framework.AopConfigException
06:33:40.270 [main] DEBUG o.s.aop.framework.CglibAopProxy - Method is declared on Advised interface: public abstract void org.springframework.aop.framework.Advised.setPreFiltered(boolean)
06:33:40.270 [main] DEBUG o.s.aop.framework.CglibAopProxy - Method is declared on Advised interface: public abstract void org.springframework.aop.framework.Advised.setExposeProxy(boolean)
06:33:40.270 [main] DEBUG o.s.aop.framework.CglibAopProxy - Method is declared on Advised interface: public abstract boolean org.springframework.aop.framework.Advised.isExposeProxy()
06:33:40.270 [main] DEBUG o.s.aop.framework.CglibAopProxy - Method is declared on Advised interface: public abstract int org.springframework.aop.framework.Advised.indexOf(org.springframework.aop.Advisor)
06:33:40.270 [main] DEBUG o.s.aop.framework.CglibAopProxy - Method is declared on Advised interface: public abstract int org.springframework.aop.framework.Advised.indexOf(org.aopalliance.aop.Advice)
06:33:40.270 [main] DEBUG o.s.aop.framework.CglibAopProxy - Method is declared on Advised interface: public abstract boolean org.springframework.aop.framework.Advised.isFrozen()
06:33:40.270 [main] DEBUG o.s.aop.framework.CglibAopProxy - Method is declared on Advised interface: public abstract java.lang.Class org.springframework.aop.TargetClassAware.getTargetClass()
06:33:40.277 [main] DEBUG o.s.b.f.s.DefaultListableBeanFactory - Finished creating instance of bean 'APIOfficeVisitController'
06:33:40.277 [main] DEBUG o.s.b.f.s.DefaultListableBeanFactory - Creating shared instance of singleton bean 'APIPasswordController'
06:33:40.277 [main] DEBUG o.s.b.f.s.DefaultListableBeanFactory - Creating instance of bean 'APIPasswordController'
06:33:40.278 [main] DEBUG o.s.b.f.annotation.InjectionMetadata - Registered injected element on class [edu.ncsu.csc.itrust2.controllers.api.APIPasswordController]: AutowiredFieldElement for org.springframework.core.env.Environment edu.ncsu.csc.itrust2.controllers.api.APIPasswordController.environment
06:33:40.278 [main] DEBUG o.s.b.f.s.DefaultListableBeanFactory - Eagerly caching bean 'APIPasswordController' to allow for resolving potential circular references
06:33:40.278 [main] DEBUG o.s.b.f.annotation.InjectionMetadata - Processing injected element of bean 'APIPasswordController': AutowiredFieldElement for org.springframework.core.env.Environment edu.ncsu.csc.itrust2.controllers.api.APIPasswordController.environment
06:33:40.279 [main] DEBUG o.s.b.f.s.DefaultListableBeanFactory - Returning cached instance of singleton bean 'environment'
06:33:40.279 [main] DEBUG o.s.b.f.a.AutowiredAnnotationBeanPostProcessor - Autowiring by type from bean name 'APIPasswordController' to bean named 'environment'
06:33:40.279 [main] DEBUG o.s.b.f.s.DefaultListableBeanFactory - Returning cached instance of singleton bean 'metaDataSourceAdvisor'
06:33:40.279 [main] DEBUG o.s.b.f.s.DefaultListableBeanFactory - Finished creating instance of bean 'APIPasswordController'
06:33:40.280 [main] DEBUG o.s.b.f.s.DefaultListableBeanFactory - Creating shared instance of singleton bean 'APIPatientController'
06:33:40.280 [main] DEBUG o.s.b.f.s.DefaultListableBeanFactory - Creating instance of bean 'APIPatientController'
06:33:40.280 [main] DEBUG o.s.b.f.s.DefaultListableBeanFactory - Eagerly caching bean 'APIPatientController' to allow for resolving potential circular references
06:33:40.280 [main] DEBUG o.s.b.f.s.DefaultListableBeanFactory - Returning cached instance of singleton bean 'metaDataSourceAdvisor'
06:33:40.281 [main] DEBUG o.s.s.a.p.PrePostAnnotationSecurityMetadataSource - @org.springframework.security.access.prepost.PreAuthorize(value=hasRole('ROLE_PATIENT')) found on specific method: public org.springframework.http.ResponseEntity edu.ncsu.csc.itrust2.controllers.api.APIPatientController.getPatient()
06:33:40.281 [main] DEBUG o.s.s.a.m.DelegatingMethodSecurityMetadataSource - Caching method [CacheKey[edu.ncsu.csc.itrust2.controllers.api.APIPatientController; public org.springframework.http.ResponseEntity edu.ncsu.csc.itrust2.controllers.api.APIPatientController.getPatient()]] with attributes [[authorize: 'hasRole('ROLE_PATIENT')', filter: 'null', filterTarget: 'null']]
06:33:40.281 [main] DEBUG o.s.a.f.a.InfrastructureAdvisorAutoProxyCreator - Creating implicit proxy for bean 'APIPatientController' with 0 common interceptors and 1 specific interceptors
06:33:40.281 [main] DEBUG o.s.aop.framework.CglibAopProxy - Creating CGLIB proxy: target source is SingletonTargetSource for target object [edu.ncsu.csc.itrust2.controllers.api.APIPatientController@3a22980f]
06:33:40.282 [main] DEBUG o.s.aop.framework.CglibAopProxy - Unable to apply any optimisations to advised method: public org.springframework.http.ResponseEntity edu.ncsu.csc.itrust2.controllers.api.APIPatientController.getPatient(java.lang.String)
06:33:40.282 [main] DEBUG o.s.aop.framework.CglibAopProxy - Unable to apply any optimisations to advised method: public org.springframework.http.ResponseEntity edu.ncsu.csc.itrust2.controllers.api.APIPatientController.getPatient()
06:33:40.282 [main] DEBUG o.s.aop.framework.CglibAopProxy - Unable to apply any optimisations to advised method: public java.util.List edu.ncsu.csc.itrust2.controllers.api.APIPatientController.getPatients()
06:33:40.282 [main] DEBUG o.s.aop.framework.CglibAopProxy - Unable to apply any optimisations to advised method: public org.springframework.http.ResponseEntity edu.ncsu.csc.itrust2.controllers.api.APIPatientController.createPatient(edu.ncsu.csc.itrust2.forms.hcp_patient.PatientForm)
06:33:40.282 [main] DEBUG o.s.aop.framework.CglibAopProxy - Unable to apply any optimisations to advised method: public org.springframework.http.ResponseEntity edu.ncsu.csc.itrust2.controllers.api.APIPatientController.updatePatient(java.lang.String,edu.ncsu.csc.itrust2.forms.hcp_patient.PatientForm)
06:33:40.282 [main] DEBUG o.s.aop.framework.CglibAopProxy - Found 'equals' method: public boolean java.lang.Object.equals(java.lang.Object)
06:33:40.282 [main] DEBUG o.s.aop.framework.CglibAopProxy - Unable to apply any optimisations to advised method: public java.lang.String java.lang.Object.toString()
06:33:40.282 [main] DEBUG o.s.aop.framework.CglibAopProxy - Found 'hashCode' method: public native int java.lang.Object.hashCode()
06:33:40.282 [main] DEBUG o.s.aop.framework.CglibAopProxy - Unable to apply any optimisations to advised method: protected native java.lang.Object java.lang.Object.clone() throws java.lang.CloneNotSupportedException
06:33:40.282 [main] DEBUG o.s.aop.framework.CglibAopProxy - Method is declared on Advised interface: public abstract void org.springframework.aop.framework.Advised.addAdvice(int,org.aopalliance.aop.Advice) throws org.springframework.aop.framework.AopConfigException
06:33:40.282 [main] DEBUG o.s.aop.framework.CglibAopProxy - Method is declared on Advised interface: public abstract void org.springframework.aop.framework.Advised.addAdvice(org.aopalliance.aop.Advice) throws org.springframework.aop.framework.AopConfigException
06:33:40.282 [main] DEBUG o.s.aop.framework.CglibAopProxy - Method is declared on Advised interface: public abstract boolean org.springframework.aop.framework.Advised.isPreFiltered()
06:33:40.282 [main] DEBUG o.s.aop.framework.CglibAopProxy - Method is declared on Advised interface: public abstract java.lang.Class[] org.springframework.aop.framework.Advised.getProxiedInterfaces()
06:33:40.282 [main] DEBUG o.s.aop.framework.CglibAopProxy - Method is declared on Advised interface: public abstract boolean org.springframework.aop.framework.Advised.isInterfaceProxied(java.lang.Class)
06:33:40.282 [main] DEBUG o.s.aop.framework.CglibAopProxy - Method is declared on Advised interface: public abstract org.springframework.aop.Advisor[] org.springframework.aop.framework.Advised.getAdvisors()
06:33:40.282 [main] DEBUG o.s.aop.framework.CglibAopProxy - Method is declared on Advised interface: public abstract void org.springframework.aop.framework.Advised.removeAdvisor(int) throws org.springframework.aop.framework.AopConfigException
06:33:40.282 [main] DEBUG o.s.aop.framework.CglibAopProxy - Method is declared on Advised interface: public abstract boolean org.springframework.aop.framework.Advised.removeAdvisor(org.springframework.aop.Advisor)
06:33:40.282 [main] DEBUG o.s.aop.framework.CglibAopProxy - Method is declared on Advised interface: public abstract boolean org.springframework.aop.framework.Advised.replaceAdvisor(org.springframework.aop.Advisor,org.springframework.aop.Advisor) throws org.springframework.aop.framework.AopConfigException
06:33:40.282 [main] DEBUG o.s.aop.framework.CglibAopProxy - Method is declared on Advised interface: public abstract void org.springframework.aop.framework.Advised.setTargetSource(org.springframework.aop.TargetSource)
06:33:40.282 [main] DEBUG o.s.aop.framework.CglibAopProxy - Method is declared on Advised interface: public abstract boolean org.springframework.aop.framework.Advised.removeAdvice(org.aopalliance.aop.Advice)
06:33:40.282 [main] DEBUG o.s.aop.framework.CglibAopProxy - Method is declared on Advised interface: public abstract java.lang.String org.springframework.aop.framework.Advised.toProxyConfigString()
06:33:40.282 [main] DEBUG o.s.aop.framework.CglibAopProxy - Method is declared on Advised interface: public abstract org.springframework.aop.TargetSource org.springframework.aop.framework.Advised.getTargetSource()
06:33:40.282 [main] DEBUG o.s.aop.framework.CglibAopProxy - Method is declared on Advised interface: public abstract boolean org.springframework.aop.framework.Advised.isProxyTargetClass()
06:33:40.282 [main] DEBUG o.s.aop.framework.CglibAopProxy - Method is declared on Advised interface: public abstract void org.springframework.aop.framework.Advised.addAdvisor(org.springframework.aop.Advisor) throws org.springframework.aop.framework.AopConfigException
06:33:40.282 [main] DEBUG o.s.aop.framework.CglibAopProxy - Method is declared on Advised interface: public abstract void org.springframework.aop.framework.Advised.addAdvisor(int,org.springframework.aop.Advisor) throws org.springframework.aop.framework.AopConfigException
06:33:40.282 [main] DEBUG o.s.aop.framework.CglibAopProxy - Method is declared on Advised interface: public abstract void org.springframework.aop.framework.Advised.setPreFiltered(boolean)
06:33:40.282 [main] DEBUG o.s.aop.framework.CglibAopProxy - Method is declared on Advised interface: public abstract void org.springframework.aop.framework.Advised.setExposeProxy(boolean)
06:33:40.282 [main] DEBUG o.s.aop.framework.CglibAopProxy - Method is declared on Advised interface: public abstract boolean org.springframework.aop.framework.Advised.isExposeProxy()
06:33:40.283 [main] DEBUG o.s.aop.framework.CglibAopProxy - Method is declared on Advised interface: public abstract int org.springframework.aop.framework.Advised.indexOf(org.springframework.aop.Advisor)
06:33:40.283 [main] DEBUG o.s.aop.framework.CglibAopProxy - Method is declared on Advised interface: public abstract int org.springframework.aop.framework.Advised.indexOf(org.aopalliance.aop.Advice)
06:33:40.283 [main] DEBUG o.s.aop.framework.CglibAopProxy - Method is declared on Advised interface: public abstract boolean org.springframework.aop.framework.Advised.isFrozen()
06:33:40.283 [main] DEBUG o.s.aop.framework.CglibAopProxy - Method is declared on Advised interface: public abstract java.lang.Class org.springframework.aop.TargetClassAware.getTargetClass()
06:33:40.289 [main] DEBUG o.s.b.f.s.DefaultListableBeanFactory - Finished creating instance of bean 'APIPatientController'
06:33:40.289 [main] DEBUG o.s.b.f.s.DefaultListableBeanFactory - Creating shared instance of singleton bean 'APIPersonnelController'
06:33:40.289 [main] DEBUG o.s.b.f.s.DefaultListableBeanFactory - Creating instance of bean 'APIPersonnelController'
06:33:40.289 [main] DEBUG o.s.b.f.s.DefaultListableBeanFactory - Eagerly caching bean 'APIPersonnelController' to allow for resolving potential circular references
06:33:40.290 [main] DEBUG o.s.b.f.s.DefaultListableBeanFactory - Returning cached instance of singleton bean 'metaDataSourceAdvisor'
06:33:40.290 [main] DEBUG o.s.b.f.s.DefaultListableBeanFactory - Finished creating instance of bean 'APIPersonnelController'
06:33:40.290 [main] DEBUG o.s.b.f.s.DefaultListableBeanFactory - Creating shared instance of singleton bean 'APIPrescriptionController'
06:33:40.290 [main] DEBUG o.s.b.f.s.DefaultListableBeanFactory - Creating instance of bean 'APIPrescriptionController'
06:33:40.290 [main] DEBUG o.s.b.f.s.DefaultListableBeanFactory - Eagerly caching bean 'APIPrescriptionController' to allow for resolving potential circular references
06:33:40.290 [main] DEBUG o.s.b.f.s.DefaultListableBeanFactory - Returning cached instance of singleton bean 'metaDataSourceAdvisor'
06:33:40.291 [main] DEBUG o.s.s.a.p.PrePostAnnotationSecurityMetadataSource - @org.springframework.security.access.prepost.PreAuthorize(value=hasAnyRole('ROLE_HCP', 'ROLE_PATIENT')) found on specific method: public java.util.List edu.ncsu.csc.itrust2.controllers.api.APIPrescriptionController.getPrescriptions()
06:33:40.291 [main] DEBUG o.s.s.a.m.DelegatingMethodSecurityMetadataSource - Caching method [CacheKey[edu.ncsu.csc.itrust2.controllers.api.APIPrescriptionController; public java.util.List edu.ncsu.csc.itrust2.controllers.api.APIPrescriptionController.getPrescriptions()]] with attributes [[authorize: 'hasAnyRole('ROLE_HCP', 'ROLE_PATIENT')', filter: 'null', filterTarget: 'null']]
06:33:40.291 [main] DEBUG o.s.a.f.a.InfrastructureAdvisorAutoProxyCreator - Creating implicit proxy for bean 'APIPrescriptionController' with 0 common interceptors and 1 specific interceptors
06:33:40.291 [main] DEBUG o.s.aop.framework.CglibAopProxy - Creating CGLIB proxy: target source is SingletonTargetSource for target object [edu.ncsu.csc.itrust2.controllers.api.APIPrescriptionController@baea9e3]
06:33:40.291 [main] DEBUG o.s.aop.framework.CglibAopProxy - Unable to apply any optimisations to advised method: public java.util.List edu.ncsu.csc.itrust2.controllers.api.APIPrescriptionController.getPrescriptions()
06:33:40.292 [main] DEBUG o.s.s.a.p.PrePostAnnotationSecurityMetadataSource - @org.springframework.security.access.prepost.PreAuthorize(value=hasRole('ROLE_HCP')) found on specific method: public org.springframework.http.ResponseEntity edu.ncsu.csc.itrust2.controllers.api.APIPrescriptionController.addPrescription(edu.ncsu.csc.itrust2.forms.hcp.PrescriptionForm)
06:33:40.292 [main] DEBUG o.s.s.a.m.DelegatingMethodSecurityMetadataSource - Caching method [CacheKey[edu.ncsu.csc.itrust2.controllers.api.APIPrescriptionController; public org.springframework.http.ResponseEntity edu.ncsu.csc.itrust2.controllers.api.APIPrescriptionController.addPrescription(edu.ncsu.csc.itrust2.forms.hcp.PrescriptionForm)]] with attributes [[authorize: 'hasRole('ROLE_HCP')', filter: 'null', filterTarget: 'null']]
06:33:40.292 [main] DEBUG o.s.aop.framework.CglibAopProxy - Unable to apply any optimisations to advised method: public org.springframework.http.ResponseEntity edu.ncsu.csc.itrust2.controllers.api.APIPrescriptionController.addPrescription(edu.ncsu.csc.itrust2.forms.hcp.PrescriptionForm)
06:33:40.292 [main] DEBUG o.s.s.a.p.PrePostAnnotationSecurityMetadataSource - @org.springframework.security.access.prepost.PreAuthorize(value=hasRole('ROLE_HCP')) found on specific method: public org.springframework.http.ResponseEntity edu.ncsu.csc.itrust2.controllers.api.APIPrescriptionController.editPrescription(edu.ncsu.csc.itrust2.forms.hcp.PrescriptionForm)
06:33:40.292 [main] DEBUG o.s.s.a.m.DelegatingMethodSecurityMetadataSource - Caching method [CacheKey[edu.ncsu.csc.itrust2.controllers.api.APIPrescriptionController; public org.springframework.http.ResponseEntity edu.ncsu.csc.itrust2.controllers.api.APIPrescriptionController.editPrescription(edu.ncsu.csc.itrust2.forms.hcp.PrescriptionForm)]] with attributes [[authorize: 'hasRole('ROLE_HCP')', filter: 'null', filterTarget: 'null']]
06:33:40.292 [main] DEBUG o.s.aop.framework.CglibAopProxy - Unable to apply any optimisations to advised method: public org.springframework.http.ResponseEntity edu.ncsu.csc.itrust2.controllers.api.APIPrescriptionController.editPrescription(edu.ncsu.csc.itrust2.forms.hcp.PrescriptionForm)
06:33:40.292 [main] DEBUG o.s.s.a.p.PrePostAnnotationSecurityMetadataSource - @org.springframework.security.access.prepost.PreAuthorize(value=hasRole('ROLE_HCP')) found on specific method: public org.springframework.http.ResponseEntity edu.ncsu.csc.itrust2.controllers.api.APIPrescriptionController.deletePrescription(java.lang.Long)
06:33:40.293 [main] DEBUG o.s.s.a.m.DelegatingMethodSecurityMetadataSource - Caching method [CacheKey[edu.ncsu.csc.itrust2.controllers.api.APIPrescriptionController; public org.springframework.http.ResponseEntity edu.ncsu.csc.itrust2.controllers.api.APIPrescriptionController.deletePrescription(java.lang.Long)]] with attributes [[authorize: 'hasRole('ROLE_HCP')', filter: 'null', filterTarget: 'null']]
06:33:40.293 [main] DEBUG o.s.aop.framework.CglibAopProxy - Unable to apply any optimisations to advised method: public org.springframework.http.ResponseEntity edu.ncsu.csc.itrust2.controllers.api.APIPrescriptionController.deletePrescription(java.lang.Long)
06:33:40.293 [main] DEBUG o.s.s.a.p.PrePostAnnotationSecurityMetadataSource - @org.springframework.security.access.prepost.PreAuthorize(value=hasRole('ROLE_HCP')) found on specific method: public org.springframework.http.ResponseEntity edu.ncsu.csc.itrust2.controllers.api.APIPrescriptionController.getPrescription(java.lang.Long)
06:33:40.293 [main] DEBUG o.s.s.a.m.DelegatingMethodSecurityMetadataSource - Caching method [CacheKey[edu.ncsu.csc.itrust2.controllers.api.APIPrescriptionController; public org.springframework.http.ResponseEntity edu.ncsu.csc.itrust2.controllers.api.APIPrescriptionController.getPrescription(java.lang.Long)]] with attributes [[authorize: 'hasRole('ROLE_HCP')', filter: 'null', filterTarget: 'null']]
06:33:40.293 [main] DEBUG o.s.aop.framework.CglibAopProxy - Unable to apply any optimisations to advised method: public org.springframework.http.ResponseEntity edu.ncsu.csc.itrust2.controllers.api.APIPrescriptionController.getPrescription(java.lang.Long)
06:33:40.293 [main] DEBUG o.s.aop.framework.CglibAopProxy - Found 'equals' method: public boolean java.lang.Object.equals(java.lang.Object)
06:33:40.293 [main] DEBUG o.s.aop.framework.CglibAopProxy - Unable to apply any optimisations to advised method: public java.lang.String java.lang.Object.toString()
06:33:40.293 [main] DEBUG o.s.aop.framework.CglibAopProxy - Found 'hashCode' method: public native int java.lang.Object.hashCode()
06:33:40.293 [main] DEBUG o.s.aop.framework.CglibAopProxy - Unable to apply any optimisations to advised method: protected native java.lang.Object java.lang.Object.clone() throws java.lang.CloneNotSupportedException
06:33:40.293 [main] DEBUG o.s.aop.framework.CglibAopProxy - Method is declared on Advised interface: public abstract void org.springframework.aop.framework.Advised.addAdvice(int,org.aopalliance.aop.Advice) throws org.springframework.aop.framework.AopConfigException
06:33:40.293 [main] DEBUG o.s.aop.framework.CglibAopProxy - Method is declared on Advised interface: public abstract void org.springframework.aop.framework.Advised.addAdvice(org.aopalliance.aop.Advice) throws org.springframework.aop.framework.AopConfigException
06:33:40.293 [main] DEBUG o.s.aop.framework.CglibAopProxy - Method is declared on Advised interface: public abstract boolean org.springframework.aop.framework.Advised.isPreFiltered()
06:33:40.293 [main] DEBUG o.s.aop.framework.CglibAopProxy - Method is declared on Advised interface: public abstract java.lang.Class[] org.springframework.aop.framework.Advised.getProxiedInterfaces()
06:33:40.293 [main] DEBUG o.s.aop.framework.CglibAopProxy - Method is declared on Advised interface: public abstract boolean org.springframework.aop.framework.Advised.isInterfaceProxied(java.lang.Class)
06:33:40.293 [main] DEBUG o.s.aop.framework.CglibAopProxy - Method is declared on Advised interface: public abstract org.springframework.aop.Advisor[] org.springframework.aop.framework.Advised.getAdvisors()
06:33:40.293 [main] DEBUG o.s.aop.framework.CglibAopProxy - Method is declared on Advised interface: public abstract void org.springframework.aop.framework.Advised.removeAdvisor(int) throws org.springframework.aop.framework.AopConfigException
06:33:40.293 [main] DEBUG o.s.aop.framework.CglibAopProxy - Method is declared on Advised interface: public abstract boolean org.springframework.aop.framework.Advised.removeAdvisor(org.springframework.aop.Advisor)
06:33:40.293 [main] DEBUG o.s.aop.framework.CglibAopProxy - Method is declared on Advised interface: public abstract boolean org.springframework.aop.framework.Advised.replaceAdvisor(org.springframework.aop.Advisor,org.springframework.aop.Advisor) throws org.springframework.aop.framework.AopConfigException
06:33:40.293 [main] DEBUG o.s.aop.framework.CglibAopProxy - Method is declared on Advised interface: public abstract void org.springframework.aop.framework.Advised.setTargetSource(org.springframework.aop.TargetSource)
06:33:40.294 [main] DEBUG o.s.aop.framework.CglibAopProxy - Method is declared on Advised interface: public abstract boolean org.springframework.aop.framework.Advised.removeAdvice(org.aopalliance.aop.Advice)
06:33:40.294 [main] DEBUG o.s.aop.framework.CglibAopProxy - Method is declared on Advised interface: public abstract java.lang.String org.springframework.aop.framework.Advised.toProxyConfigString()
06:33:40.294 [main] DEBUG o.s.aop.framework.CglibAopProxy - Method is declared on Advised interface: public abstract org.springframework.aop.TargetSource org.springframework.aop.framework.Advised.getTargetSource()
06:33:40.294 [main] DEBUG o.s.aop.framework.CglibAopProxy - Method is declared on Advised interface: public abstract boolean org.springframework.aop.framework.Advised.isProxyTargetClass()
06:33:40.294 [main] DEBUG o.s.aop.framework.CglibAopProxy - Method is declared on Advised interface: public abstract void org.springframework.aop.framework.Advised.addAdvisor(org.springframework.aop.Advisor) throws org.springframework.aop.framework.AopConfigException
06:33:40.294 [main] DEBUG o.s.aop.framework.CglibAopProxy - Method is declared on Advised interface: public abstract void org.springframework.aop.framework.Advised.addAdvisor(int,org.springframework.aop.Advisor) throws org.springframework.aop.framework.AopConfigException
06:33:40.294 [main] DEBUG o.s.aop.framework.CglibAopProxy - Method is declared on Advised interface: public abstract void org.springframework.aop.framework.Advised.setPreFiltered(boolean)
06:33:40.294 [main] DEBUG o.s.aop.framework.CglibAopProxy - Method is declared on Advised interface: public abstract void org.springframework.aop.framework.Advised.setExposeProxy(boolean)
06:33:40.294 [main] DEBUG o.s.aop.framework.CglibAopProxy - Method is declared on Advised interface: public abstract boolean org.springframework.aop.framework.Advised.isExposeProxy()
06:33:40.294 [main] DEBUG o.s.aop.framework.CglibAopProxy - Method is declared on Advised interface: public abstract int org.springframework.aop.framework.Advised.indexOf(org.springframework.aop.Advisor)
06:33:40.294 [main] DEBUG o.s.aop.framework.CglibAopProxy - Method is declared on Advised interface: public abstract int org.springframework.aop.framework.Advised.indexOf(org.aopalliance.aop.Advice)
06:33:40.294 [main] DEBUG o.s.aop.framework.CglibAopProxy - Method is declared on Advised interface: public abstract boolean org.springframework.aop.framework.Advised.isFrozen()
06:33:40.294 [main] DEBUG o.s.aop.framework.CglibAopProxy - Method is declared on Advised interface: public abstract java.lang.Class org.springframework.aop.TargetClassAware.getTargetClass()
06:33:40.302 [main] DEBUG o.s.b.f.s.DefaultListableBeanFactory - Finished creating instance of bean 'APIPrescriptionController'
06:33:40.302 [main] DEBUG o.s.b.f.s.DefaultListableBeanFactory - Creating shared instance of singleton bean 'APIUserController'
06:33:40.302 [main] DEBUG o.s.b.f.s.DefaultListableBeanFactory - Creating instance of bean 'APIUserController'
06:33:40.302 [main] DEBUG o.s.b.f.s.DefaultListableBeanFactory - Eagerly caching bean 'APIUserController' to allow for resolving potential circular references
06:33:40.303 [main] DEBUG o.s.b.f.s.DefaultListableBeanFactory - Returning cached instance of singleton bean 'metaDataSourceAdvisor'
06:33:40.304 [main] DEBUG o.s.b.f.s.DefaultListableBeanFactory - Finished creating instance of bean 'APIUserController'
06:33:40.304 [main] DEBUG o.s.b.f.s.DefaultListableBeanFactory - Creating shared instance of singleton bean 'appointmentControllerHCP'
06:33:40.304 [main] DEBUG o.s.b.f.s.DefaultListableBeanFactory - Creating instance of bean 'appointmentControllerHCP'
06:33:40.304 [main] DEBUG o.s.b.f.s.DefaultListableBeanFactory - Eagerly caching bean 'appointmentControllerHCP' to allow for resolving potential circular references
06:33:40.305 [main] DEBUG o.s.b.f.s.DefaultListableBeanFactory - Returning cached instance of singleton bean 'metaDataSourceAdvisor'
06:33:40.305 [main] DEBUG o.s.s.a.p.PrePostAnnotationSecurityMetadataSource - @org.springframework.security.access.prepost.PreAuthorize(value=hasRole('ROLE_HCP')) found on specific method: public java.lang.String edu.ncsu.csc.itrust2.controllers.hcp.AppointmentControllerHCP.requestAppointmentForm(org.springframework.ui.Model)
06:33:40.305 [main] DEBUG o.s.s.a.m.DelegatingMethodSecurityMetadataSource - Caching method [CacheKey[edu.ncsu.csc.itrust2.controllers.hcp.AppointmentControllerHCP; public java.lang.String edu.ncsu.csc.itrust2.controllers.hcp.AppointmentControllerHCP.requestAppointmentForm(org.springframework.ui.Model)]] with attributes [[authorize: 'hasRole('ROLE_HCP')', filter: 'null', filterTarget: 'null']]
06:33:40.305 [main] DEBUG o.s.a.f.a.InfrastructureAdvisorAutoProxyCreator - Creating implicit proxy for bean 'appointmentControllerHCP' with 0 common interceptors and 1 specific interceptors
06:33:40.305 [main] DEBUG o.s.aop.framework.CglibAopProxy - Creating CGLIB proxy: target source is SingletonTargetSource for target object [edu.ncsu.csc.itrust2.controllers.hcp.AppointmentControllerHCP@3ef323c7]
06:33:40.305 [main] DEBUG o.s.aop.framework.CglibAopProxy - Unable to apply any optimisations to advised method: public java.lang.String edu.ncsu.csc.itrust2.controllers.hcp.AppointmentControllerHCP.requestAppointmentForm(org.springframework.ui.Model)
06:33:40.306 [main] DEBUG o.s.s.a.p.PrePostAnnotationSecurityMetadataSource - @org.springframework.security.access.prepost.PreAuthorize(value=hasRole('ROLE_HCP')) found on specific method: public java.lang.String edu.ncsu.csc.itrust2.controllers.hcp.AppointmentControllerHCP.appointmentActionSubmit(edu.ncsu.csc.itrust2.forms.patient.AppointmentForm)
06:33:40.306 [main] DEBUG o.s.s.a.m.DelegatingMethodSecurityMetadataSource - Caching method [CacheKey[edu.ncsu.csc.itrust2.controllers.hcp.AppointmentControllerHCP; public java.lang.String edu.ncsu.csc.itrust2.controllers.hcp.AppointmentControllerHCP.appointmentActionSubmit(edu.ncsu.csc.itrust2.forms.patient.AppointmentForm)]] with attributes [[authorize: 'hasRole('ROLE_HCP')', filter: 'null', filterTarget: 'null']]
06:33:40.306 [main] DEBUG o.s.aop.framework.CglibAopProxy - Unable to apply any optimisations to advised method: public java.lang.String edu.ncsu.csc.itrust2.controllers.hcp.AppointmentControllerHCP.appointmentActionSubmit(edu.ncsu.csc.itrust2.forms.patient.AppointmentForm)
06:33:40.306 [main] DEBUG o.s.s.a.p.PrePostAnnotationSecurityMetadataSource - @org.springframework.security.access.prepost.PreAuthorize(value=hasRole('ROLE_HCP')) found on specific method: public java.lang.String edu.ncsu.csc.itrust2.controllers.hcp.AppointmentControllerHCP.upcomingAppointments(org.springframework.ui.Model)
06:33:40.306 [main] DEBUG o.s.s.a.m.DelegatingMethodSecurityMetadataSource - Caching method [CacheKey[edu.ncsu.csc.itrust2.controllers.hcp.AppointmentControllerHCP; public java.lang.String edu.ncsu.csc.itrust2.controllers.hcp.AppointmentControllerHCP.upcomingAppointments(org.springframework.ui.Model)]] with attributes [[authorize: 'hasRole('ROLE_HCP')', filter: 'null', filterTarget: 'null']]
06:33:40.306 [main] DEBUG o.s.aop.framework.CglibAopProxy - Unable to apply any optimisations to advised method: public java.lang.String edu.ncsu.csc.itrust2.controllers.hcp.AppointmentControllerHCP.upcomingAppointments(org.springframework.ui.Model)
06:33:40.306 [main] DEBUG o.s.aop.framework.CglibAopProxy - Found 'equals' method: public boolean java.lang.Object.equals(java.lang.Object)
06:33:40.306 [main] DEBUG o.s.aop.framework.CglibAopProxy - Unable to apply any optimisations to advised method: public java.lang.String java.lang.Object.toString()
06:33:40.306 [main] DEBUG o.s.aop.framework.CglibAopProxy - Found 'hashCode' method: public native int java.lang.Object.hashCode()
06:33:40.306 [main] DEBUG o.s.aop.framework.CglibAopProxy - Unable to apply any optimisations to advised method: protected native java.lang.Object java.lang.Object.clone() throws java.lang.CloneNotSupportedException
06:33:40.306 [main] DEBUG o.s.aop.framework.CglibAopProxy - Method is declared on Advised interface: public abstract void org.springframework.aop.framework.Advised.addAdvice(int,org.aopalliance.aop.Advice) throws org.springframework.aop.framework.AopConfigException
06:33:40.306 [main] DEBUG o.s.aop.framework.CglibAopProxy - Method is declared on Advised interface: public abstract void org.springframework.aop.framework.Advised.addAdvice(org.aopalliance.aop.Advice) throws org.springframework.aop.framework.AopConfigException
06:33:40.306 [main] DEBUG o.s.aop.framework.CglibAopProxy - Method is declared on Advised interface: public abstract boolean org.springframework.aop.framework.Advised.isPreFiltered()
06:33:40.306 [main] DEBUG o.s.aop.framework.CglibAopProxy - Method is declared on Advised interface: public abstract java.lang.Class[] org.springframework.aop.framework.Advised.getProxiedInterfaces()
06:33:40.306 [main] DEBUG o.s.aop.framework.CglibAopProxy - Method is declared on Advised interface: public abstract boolean org.springframework.aop.framework.Advised.isInterfaceProxied(java.lang.Class)
06:33:40.306 [main] DEBUG o.s.aop.framework.CglibAopProxy - Method is declared on Advised interface: public abstract org.springframework.aop.Advisor[] org.springframework.aop.framework.Advised.getAdvisors()
06:33:40.306 [main] DEBUG o.s.aop.framework.CglibAopProxy - Method is declared on Advised interface: public abstract void org.springframework.aop.framework.Advised.removeAdvisor(int) throws org.springframework.aop.framework.AopConfigException
06:33:40.306 [main] DEBUG o.s.aop.framework.CglibAopProxy - Method is declared on Advised interface: public abstract boolean org.springframework.aop.framework.Advised.removeAdvisor(org.springframework.aop.Advisor)
06:33:40.306 [main] DEBUG o.s.aop.framework.CglibAopProxy - Method is declared on Advised interface: public abstract boolean org.springframework.aop.framework.Advised.replaceAdvisor(org.springframework.aop.Advisor,org.springframework.aop.Advisor) throws org.springframework.aop.framework.AopConfigException
06:33:40.306 [main] DEBUG o.s.aop.framework.CglibAopProxy - Method is declared on Advised interface: public abstract void org.springframework.aop.framework.Advised.setTargetSource(org.springframework.aop.TargetSource)
06:33:40.306 [main] DEBUG o.s.aop.framework.CglibAopProxy - Method is declared on Advised interface: public abstract boolean org.springframework.aop.framework.Advised.removeAdvice(org.aopalliance.aop.Advice)
06:33:40.306 [main] DEBUG o.s.aop.framework.CglibAopProxy - Method is declared on Advised interface: public abstract java.lang.String org.springframework.aop.framework.Advised.toProxyConfigString()
06:33:40.306 [main] DEBUG o.s.aop.framework.CglibAopProxy - Method is declared on Advised interface: public abstract org.springframework.aop.TargetSource org.springframework.aop.framework.Advised.getTargetSource()
06:33:40.306 [main] DEBUG o.s.aop.framework.CglibAopProxy - Method is declared on Advised interface: public abstract boolean org.springframework.aop.framework.Advised.isProxyTargetClass()
06:33:40.306 [main] DEBUG o.s.aop.framework.CglibAopProxy - Method is declared on Advised interface: public abstract void org.springframework.aop.framework.Advised.addAdvisor(org.springframework.aop.Advisor) throws org.springframework.aop.framework.AopConfigException
06:33:40.306 [main] DEBUG o.s.aop.framework.CglibAopProxy - Method is declared on Advised interface: public abstract void org.springframework.aop.framework.Advised.addAdvisor(int,org.springframework.aop.Advisor) throws org.springframework.aop.framework.AopConfigException
06:33:40.306 [main] DEBUG o.s.aop.framework.CglibAopProxy - Method is declared on Advised interface: public abstract void org.springframework.aop.framework.Advised.setPreFiltered(boolean)
06:33:40.306 [main] DEBUG o.s.aop.framework.CglibAopProxy - Method is declared on Advised interface: public abstract void org.springframework.aop.framework.Advised.setExposeProxy(boolean)
06:33:40.306 [main] DEBUG o.s.aop.framework.CglibAopProxy - Method is declared on Advised interface: public abstract boolean org.springframework.aop.framework.Advised.isExposeProxy()
06:33:40.306 [main] DEBUG o.s.aop.framework.CglibAopProxy - Method is declared on Advised interface: public abstract int org.springframework.aop.framework.Advised.indexOf(org.springframework.aop.Advisor)
06:33:40.306 [main] DEBUG o.s.aop.framework.CglibAopProxy - Method is declared on Advised interface: public abstract int org.springframework.aop.framework.Advised.indexOf(org.aopalliance.aop.Advice)
06:33:40.306 [main] DEBUG o.s.aop.framework.CglibAopProxy - Method is declared on Advised interface: public abstract boolean org.springframework.aop.framework.Advised.isFrozen()
06:33:40.307 [main] DEBUG o.s.aop.framework.CglibAopProxy - Method is declared on Advised interface: public abstract java.lang.Class org.springframework.aop.TargetClassAware.getTargetClass()
06:33:40.314 [main] DEBUG o.s.b.f.s.DefaultListableBeanFactory - Finished creating instance of bean 'appointmentControllerHCP'
06:33:40.314 [main] DEBUG o.s.b.f.s.DefaultListableBeanFactory - Creating shared instance of singleton bean 'HCPController'
06:33:40.314 [main] DEBUG o.s.b.f.s.DefaultListableBeanFactory - Creating instance of bean 'HCPController'
06:33:40.314 [main] DEBUG o.s.b.f.s.DefaultListableBeanFactory - Eagerly caching bean 'HCPController' to allow for resolving potential circular references
06:33:40.314 [main] DEBUG o.s.b.f.s.DefaultListableBeanFactory - Returning cached instance of singleton bean 'metaDataSourceAdvisor'
06:33:40.315 [main] DEBUG o.s.s.a.p.PrePostAnnotationSecurityMetadataSource - @org.springframework.security.access.prepost.PreAuthorize(value=hasRole('ROLE_HCP')) found on specific method: public java.lang.String edu.ncsu.csc.itrust2.controllers.hcp.HCPController.editPatientDemographics()
06:33:40.315 [main] DEBUG o.s.s.a.m.DelegatingMethodSecurityMetadataSource - Caching method [CacheKey[edu.ncsu.csc.itrust2.controllers.hcp.HCPController; public java.lang.String edu.ncsu.csc.itrust2.controllers.hcp.HCPController.editPatientDemographics()]] with attributes [[authorize: 'hasRole('ROLE_HCP')', filter: 'null', filterTarget: 'null']]
06:33:40.315 [main] DEBUG o.s.a.f.a.InfrastructureAdvisorAutoProxyCreator - Creating implicit proxy for bean 'HCPController' with 0 common interceptors and 1 specific interceptors
06:33:40.315 [main] DEBUG o.s.aop.framework.CglibAopProxy - Creating CGLIB proxy: target source is SingletonTargetSource for target object [edu.ncsu.csc.itrust2.controllers.hcp.HCPController@79e3d7fc]
06:33:40.315 [main] DEBUG o.s.aop.framework.CglibAopProxy - Unable to apply any optimisations to advised method: public java.lang.String edu.ncsu.csc.itrust2.controllers.hcp.HCPController.editPatientDemographics()
06:33:40.315 [main] DEBUG o.s.s.a.p.PrePostAnnotationSecurityMetadataSource - @org.springframework.security.access.prepost.PreAuthorize(value=hasRole('ROLE_HCP')) found on specific method: public java.lang.String edu.ncsu.csc.itrust2.controllers.hcp.HCPController.editPrescriptions()
06:33:40.316 [main] DEBUG o.s.s.a.m.DelegatingMethodSecurityMetadataSource - Caching method [CacheKey[edu.ncsu.csc.itrust2.controllers.hcp.HCPController; public java.lang.String edu.ncsu.csc.itrust2.controllers.hcp.HCPController.editPrescriptions()]] with attributes [[authorize: 'hasRole('ROLE_HCP')', filter: 'null', filterTarget: 'null']]
06:33:40.316 [main] DEBUG o.s.aop.framework.CglibAopProxy - Unable to apply any optimisations to advised method: public java.lang.String edu.ncsu.csc.itrust2.controllers.hcp.HCPController.editPrescriptions()
06:33:40.316 [main] DEBUG o.s.s.a.p.PrePostAnnotationSecurityMetadataSource - @org.springframework.security.access.prepost.PreAuthorize(value=hasRole('ROLE_HCP')) found on specific method: public java.lang.String edu.ncsu.csc.itrust2.controllers.hcp.HCPController.index(org.springframework.ui.Model)
06:33:40.316 [main] DEBUG o.s.s.a.m.DelegatingMethodSecurityMetadataSource - Caching method [CacheKey[edu.ncsu.csc.itrust2.controllers.hcp.HCPController; public java.lang.String edu.ncsu.csc.itrust2.controllers.hcp.HCPController.index(org.springframework.ui.Model)]] with attributes [[authorize: 'hasRole('ROLE_HCP')', filter: 'null', filterTarget: 'null']]
06:33:40.316 [main] DEBUG o.s.aop.framework.CglibAopProxy - Unable to apply any optimisations to advised method: public java.lang.String edu.ncsu.csc.itrust2.controllers.hcp.HCPController.index(org.springframework.ui.Model)
06:33:40.316 [main] DEBUG o.s.aop.framework.CglibAopProxy - Found 'equals' method: public boolean java.lang.Object.equals(java.lang.Object)
06:33:40.316 [main] DEBUG o.s.aop.framework.CglibAopProxy - Unable to apply any optimisations to advised method: public java.lang.String java.lang.Object.toString()
06:33:40.316 [main] DEBUG o.s.aop.framework.CglibAopProxy - Found 'hashCode' method: public native int java.lang.Object.hashCode()
06:33:40.316 [main] DEBUG o.s.aop.framework.CglibAopProxy - Unable to apply any optimisations to advised method: protected native java.lang.Object java.lang.Object.clone() throws java.lang.CloneNotSupportedException
06:33:40.316 [main] DEBUG o.s.aop.framework.CglibAopProxy - Method is declared on Advised interface: public abstract void org.springframework.aop.framework.Advised.addAdvice(int,org.aopalliance.aop.Advice) throws org.springframework.aop.framework.AopConfigException
06:33:40.316 [main] DEBUG o.s.aop.framework.CglibAopProxy - Method is declared on Advised interface: public abstract void org.springframework.aop.framework.Advised.addAdvice(org.aopalliance.aop.Advice) throws org.springframework.aop.framework.AopConfigException
06:33:40.316 [main] DEBUG o.s.aop.framework.CglibAopProxy - Method is declared on Advised interface: public abstract boolean org.springframework.aop.framework.Advised.isPreFiltered()
06:33:40.316 [main] DEBUG o.s.aop.framework.CglibAopProxy - Method is declared on Advised interface: public abstract java.lang.Class[] org.springframework.aop.framework.Advised.getProxiedInterfaces()
06:33:40.316 [main] DEBUG o.s.aop.framework.CglibAopProxy - Method is declared on Advised interface: public abstract boolean org.springframework.aop.framework.Advised.isInterfaceProxied(java.lang.Class)
06:33:40.316 [main] DEBUG o.s.aop.framework.CglibAopProxy - Method is declared on Advised interface: public abstract org.springframework.aop.Advisor[] org.springframework.aop.framework.Advised.getAdvisors()
06:33:40.316 [main] DEBUG o.s.aop.framework.CglibAopProxy - Method is declared on Advised interface: public abstract void org.springframework.aop.framework.Advised.removeAdvisor(int) throws org.springframework.aop.framework.AopConfigException
06:33:40.316 [main] DEBUG o.s.aop.framework.CglibAopProxy - Method is declared on Advised interface: public abstract boolean org.springframework.aop.framework.Advised.removeAdvisor(org.springframework.aop.Advisor)
06:33:40.316 [main] DEBUG o.s.aop.framework.CglibAopProxy - Method is declared on Advised interface: public abstract boolean org.springframework.aop.framework.Advised.replaceAdvisor(org.springframework.aop.Advisor,org.springframework.aop.Advisor) throws org.springframework.aop.framework.AopConfigException
06:33:40.316 [main] DEBUG o.s.aop.framework.CglibAopProxy - Method is declared on Advised interface: public abstract void org.springframework.aop.framework.Advised.setTargetSource(org.springframework.aop.TargetSource)
06:33:40.316 [main] DEBUG o.s.aop.framework.CglibAopProxy - Method is declared on Advised interface: public abstract boolean org.springframework.aop.framework.Advised.removeAdvice(org.aopalliance.aop.Advice)
06:33:40.316 [main] DEBUG o.s.aop.framework.CglibAopProxy - Method is declared on Advised interface: public abstract java.lang.String org.springframework.aop.framework.Advised.toProxyConfigString()
06:33:40.316 [main] DEBUG o.s.aop.framework.CglibAopProxy - Method is declared on Advised interface: public abstract org.springframework.aop.TargetSource org.springframework.aop.framework.Advised.getTargetSource()
06:33:40.316 [main] DEBUG o.s.aop.framework.CglibAopProxy - Method is declared on Advised interface: public abstract boolean org.springframework.aop.framework.Advised.isProxyTargetClass()
06:33:40.316 [main] DEBUG o.s.aop.framework.CglibAopProxy - Method is declared on Advised interface: public abstract void org.springframework.aop.framework.Advised.addAdvisor(org.springframework.aop.Advisor) throws org.springframework.aop.framework.AopConfigException
06:33:40.316 [main] DEBUG o.s.aop.framework.CglibAopProxy - Method is declared on Advised interface: public abstract void org.springframework.aop.framework.Advised.addAdvisor(int,org.springframework.aop.Advisor) throws org.springframework.aop.framework.AopConfigException
06:33:40.316 [main] DEBUG o.s.aop.framework.CglibAopProxy - Method is declared on Advised interface: public abstract void org.springframework.aop.framework.Advised.setPreFiltered(boolean)
06:33:40.316 [main] DEBUG o.s.aop.framework.CglibAopProxy - Method is declared on Advised interface: public abstract void org.springframework.aop.framework.Advised.setExposeProxy(boolean)
06:33:40.316 [main] DEBUG o.s.aop.framework.CglibAopProxy - Method is declared on Advised interface: public abstract boolean org.springframework.aop.framework.Advised.isExposeProxy()
06:33:40.316 [main] DEBUG o.s.aop.framework.CglibAopProxy - Method is declared on Advised interface: public abstract int org.springframework.aop.framework.Advised.indexOf(org.springframework.aop.Advisor)
06:33:40.316 [main] DEBUG o.s.aop.framework.CglibAopProxy - Method is declared on Advised interface: public abstract int org.springframework.aop.framework.Advised.indexOf(org.aopalliance.aop.Advice)
06:33:40.316 [main] DEBUG o.s.aop.framework.CglibAopProxy - Method is declared on Advised interface: public abstract boolean org.springframework.aop.framework.Advised.isFrozen()
06:33:40.316 [main] DEBUG o.s.aop.framework.CglibAopProxy - Method is declared on Advised interface: public abstract java.lang.Class org.springframework.aop.TargetClassAware.getTargetClass()
06:33:40.322 [main] DEBUG o.s.b.f.s.DefaultListableBeanFactory - Finished creating instance of bean 'HCPController'
06:33:40.323 [main] DEBUG o.s.b.f.s.DefaultListableBeanFactory - Creating shared instance of singleton bean 'officeVisitController'
06:33:40.323 [main] DEBUG o.s.b.f.s.DefaultListableBeanFactory - Creating instance of bean 'officeVisitController'
06:33:40.323 [main] DEBUG o.s.b.f.s.DefaultListableBeanFactory - Eagerly caching bean 'officeVisitController' to allow for resolving potential circular references
06:33:40.323 [main] DEBUG o.s.b.f.s.DefaultListableBeanFactory - Returning cached instance of singleton bean 'metaDataSourceAdvisor'
06:33:40.323 [main] DEBUG o.s.s.a.p.PrePostAnnotationSecurityMetadataSource - @org.springframework.security.access.prepost.PreAuthorize(value=hasRole('ROLE_HCP')) found on specific method: public java.lang.String edu.ncsu.csc.itrust2.controllers.hcp.OfficeVisitController.documentOfficeVisit(org.springframework.ui.Model)
06:33:40.324 [main] DEBUG o.s.s.a.m.DelegatingMethodSecurityMetadataSource - Caching method [CacheKey[edu.ncsu.csc.itrust2.controllers.hcp.OfficeVisitController; public java.lang.String edu.ncsu.csc.itrust2.controllers.hcp.OfficeVisitController.documentOfficeVisit(org.springframework.ui.Model)]] with attributes [[authorize: 'hasRole('ROLE_HCP')', filter: 'null', filterTarget: 'null']]
06:33:40.324 [main] DEBUG o.s.a.f.a.InfrastructureAdvisorAutoProxyCreator - Creating implicit proxy for bean 'officeVisitController' with 0 common interceptors and 1 specific interceptors
06:33:40.324 [main] DEBUG o.s.aop.framework.CglibAopProxy - Creating CGLIB proxy: target source is SingletonTargetSource for target object [edu.ncsu.csc.itrust2.controllers.hcp.OfficeVisitController@60f69a0b]
06:33:40.325 [main] DEBUG o.s.aop.framework.CglibAopProxy - Unable to apply any optimisations to advised method: public java.lang.String edu.ncsu.csc.itrust2.controllers.hcp.OfficeVisitController.documentOfficeVisit(org.springframework.ui.Model)
06:33:40.325 [main] DEBUG o.s.s.a.p.PrePostAnnotationSecurityMetadataSource - @org.springframework.security.access.prepost.PreAuthorize(value=hasRole('ROLE_HCP')) found on specific method: public java.lang.String edu.ncsu.csc.itrust2.controllers.hcp.OfficeVisitController.documentVisitSubmit(edu.ncsu.csc.itrust2.forms.hcp.OfficeVisitForm,org.springframework.validation.BindingResult,org.springframework.ui.Model)
06:33:40.325 [main] DEBUG o.s.s.a.m.DelegatingMethodSecurityMetadataSource - Caching method [CacheKey[edu.ncsu.csc.itrust2.controllers.hcp.OfficeVisitController; public java.lang.String edu.ncsu.csc.itrust2.controllers.hcp.OfficeVisitController.documentVisitSubmit(edu.ncsu.csc.itrust2.forms.hcp.OfficeVisitForm,org.springframework.validation.BindingResult,org.springframework.ui.Model)]] with attributes [[authorize: 'hasRole('ROLE_HCP')', filter: 'null', filterTarget: 'null']]
06:33:40.325 [main] DEBUG o.s.aop.framework.CglibAopProxy - Unable to apply any optimisations to advised method: public java.lang.String edu.ncsu.csc.itrust2.controllers.hcp.OfficeVisitController.documentVisitSubmit(edu.ncsu.csc.itrust2.forms.hcp.OfficeVisitForm,org.springframework.validation.BindingResult,org.springframework.ui.Model)
06:33:40.325 [main] DEBUG o.s.s.a.p.PrePostAnnotationSecurityMetadataSource - @org.springframework.security.access.prepost.PreAuthorize(value=hasRole('ROLE_HCP')) found on specific method: public java.lang.String edu.ncsu.csc.itrust2.controllers.hcp.OfficeVisitController.getAllOfficeVisits(org.springframework.ui.Model)
06:33:40.326 [main] DEBUG o.s.s.a.m.DelegatingMethodSecurityMetadataSource - Caching method [CacheKey[edu.ncsu.csc.itrust2.controllers.hcp.OfficeVisitController; public java.lang.String edu.ncsu.csc.itrust2.controllers.hcp.OfficeVisitController.getAllOfficeVisits(org.springframework.ui.Model)]] with attributes [[authorize: 'hasRole('ROLE_HCP')', filter: 'null', filterTarget: 'null']]
06:33:40.326 [main] DEBUG o.s.aop.framework.CglibAopProxy - Unable to apply any optimisations to advised method: public java.lang.String edu.ncsu.csc.itrust2.controllers.hcp.OfficeVisitController.getAllOfficeVisits(org.springframework.ui.Model)
06:33:40.326 [main] DEBUG o.s.aop.framework.CglibAopProxy - Found 'equals' method: public boolean java.lang.Object.equals(java.lang.Object)
06:33:40.326 [main] DEBUG o.s.aop.framework.CglibAopProxy - Unable to apply any optimisations to advised method: public java.lang.String java.lang.Object.toString()
06:33:40.326 [main] DEBUG o.s.aop.framework.CglibAopProxy - Found 'hashCode' method: public native int java.lang.Object.hashCode()
06:33:40.326 [main] DEBUG o.s.aop.framework.CglibAopProxy - Unable to apply any optimisations to advised method: protected native java.lang.Object java.lang.Object.clone() throws java.lang.CloneNotSupportedException
06:33:40.326 [main] DEBUG o.s.aop.framework.CglibAopProxy - Method is declared on Advised interface: public abstract void org.springframework.aop.framework.Advised.addAdvice(int,org.aopalliance.aop.Advice) throws org.springframework.aop.framework.AopConfigException
06:33:40.326 [main] DEBUG o.s.aop.framework.CglibAopProxy - Method is declared on Advised interface: public abstract void org.springframework.aop.framework.Advised.addAdvice(org.aopalliance.aop.Advice) throws org.springframework.aop.framework.AopConfigException
06:33:40.326 [main] DEBUG o.s.aop.framework.CglibAopProxy - Method is declared on Advised interface: public abstract boolean org.springframework.aop.framework.Advised.isPreFiltered()
06:33:40.326 [main] DEBUG o.s.aop.framework.CglibAopProxy - Method is declared on Advised interface: public abstract java.lang.Class[] org.springframework.aop.framework.Advised.getProxiedInterfaces()
06:33:40.326 [main] DEBUG o.s.aop.framework.CglibAopProxy - Method is declared on Advised interface: public abstract boolean org.springframework.aop.framework.Advised.isInterfaceProxied(java.lang.Class)
06:33:40.326 [main] DEBUG o.s.aop.framework.CglibAopProxy - Method is declared on Advised interface: public abstract org.springframework.aop.Advisor[] org.springframework.aop.framework.Advised.getAdvisors()
06:33:40.326 [main] DEBUG o.s.aop.framework.CglibAopProxy - Method is declared on Advised interface: public abstract void org.springframework.aop.framework.Advised.removeAdvisor(int) throws org.springframework.aop.framework.AopConfigException
06:33:40.326 [main] DEBUG o.s.aop.framework.CglibAopProxy - Method is declared on Advised interface: public abstract boolean org.springframework.aop.framework.Advised.removeAdvisor(org.springframework.aop.Advisor)
06:33:40.326 [main] DEBUG o.s.aop.framework.CglibAopProxy - Method is declared on Advised interface: public abstract boolean org.springframework.aop.framework.Advised.replaceAdvisor(org.springframework.aop.Advisor,org.springframework.aop.Advisor) throws org.springframework.aop.framework.AopConfigException
06:33:40.326 [main] DEBUG o.s.aop.framework.CglibAopProxy - Method is declared on Advised interface: public abstract void org.springframework.aop.framework.Advised.setTargetSource(org.springframework.aop.TargetSource)
06:33:40.326 [main] DEBUG o.s.aop.framework.CglibAopProxy - Method is declared on Advised interface: public abstract boolean org.springframework.aop.framework.Advised.removeAdvice(org.aopalliance.aop.Advice)
06:33:40.326 [main] DEBUG o.s.aop.framework.CglibAopProxy - Method is declared on Advised interface: public abstract java.lang.String org.springframework.aop.framework.Advised.toProxyConfigString()
06:33:40.326 [main] DEBUG o.s.aop.framework.CglibAopProxy - Method is declared on Advised interface: public abstract org.springframework.aop.TargetSource org.springframework.aop.framework.Advised.getTargetSource()
06:33:40.326 [main] DEBUG o.s.aop.framework.CglibAopProxy - Method is declared on Advised interface: public abstract boolean org.springframework.aop.framework.Advised.isProxyTargetClass()
06:33:40.326 [main] DEBUG o.s.aop.framework.CglibAopProxy - Method is declared on Advised interface: public abstract void org.springframework.aop.framework.Advised.addAdvisor(org.springframework.aop.Advisor) throws org.springframework.aop.framework.AopConfigException
06:33:40.326 [main] DEBUG o.s.aop.framework.CglibAopProxy - Method is declared on Advised interface: public abstract void org.springframework.aop.framework.Advised.addAdvisor(int,org.springframework.aop.Advisor) throws org.springframework.aop.framework.AopConfigException
06:33:40.326 [main] DEBUG o.s.aop.framework.CglibAopProxy - Method is declared on Advised interface: public abstract void org.springframework.aop.framework.Advised.setPreFiltered(boolean)
06:33:40.326 [main] DEBUG o.s.aop.framework.CglibAopProxy - Method is declared on Advised interface: public abstract void org.springframework.aop.framework.Advised.setExposeProxy(boolean)
06:33:40.326 [main] DEBUG o.s.aop.framework.CglibAopProxy - Method is declared on Advised interface: public abstract boolean org.springframework.aop.framework.Advised.isExposeProxy()
06:33:40.326 [main] DEBUG o.s.aop.framework.CglibAopProxy - Method is declared on Advised interface: public abstract int org.springframework.aop.framework.Advised.indexOf(org.springframework.aop.Advisor)
06:33:40.326 [main] DEBUG o.s.aop.framework.CglibAopProxy - Method is declared on Advised interface: public abstract int org.springframework.aop.framework.Advised.indexOf(org.aopalliance.aop.Advice)
06:33:40.326 [main] DEBUG o.s.aop.framework.CglibAopProxy - Method is declared on Advised interface: public abstract boolean org.springframework.aop.framework.Advised.isFrozen()
06:33:40.326 [main] DEBUG o.s.aop.framework.CglibAopProxy - Method is declared on Advised interface: public abstract java.lang.Class org.springframework.aop.TargetClassAware.getTargetClass()
06:33:40.334 [main] DEBUG o.s.b.f.s.DefaultListableBeanFactory - Finished creating instance of bean 'officeVisitController'
06:33:40.334 [main] DEBUG o.s.b.f.s.DefaultListableBeanFactory - Creating shared instance of singleton bean 'appointmentController'
06:33:40.334 [main] DEBUG o.s.b.f.s.DefaultListableBeanFactory - Creating instance of bean 'appointmentController'
06:33:40.334 [main] DEBUG o.s.b.f.s.DefaultListableBeanFactory - Eagerly caching bean 'appointmentController' to allow for resolving potential circular references
06:33:40.335 [main] DEBUG o.s.b.f.s.DefaultListableBeanFactory - Returning cached instance of singleton bean 'metaDataSourceAdvisor'
06:33:40.335 [main] DEBUG o.s.s.a.p.PrePostAnnotationSecurityMetadataSource - @org.springframework.security.access.prepost.PreAuthorize(value=hasRole('ROLE_PATIENT')) found on specific method: public java.lang.String edu.ncsu.csc.itrust2.controllers.patient.AppointmentController.requestAppointmentForm(org.springframework.ui.Model)
06:33:40.335 [main] DEBUG o.s.s.a.m.DelegatingMethodSecurityMetadataSource - Caching method [CacheKey[edu.ncsu.csc.itrust2.controllers.patient.AppointmentController; public java.lang.String edu.ncsu.csc.itrust2.controllers.patient.AppointmentController.requestAppointmentForm(org.springframework.ui.Model)]] with attributes [[authorize: 'hasRole('ROLE_PATIENT')', filter: 'null', filterTarget: 'null']]
06:33:40.335 [main] DEBUG o.s.a.f.a.InfrastructureAdvisorAutoProxyCreator - Creating implicit proxy for bean 'appointmentController' with 0 common interceptors and 1 specific interceptors
06:33:40.335 [main] DEBUG o.s.aop.framework.CglibAopProxy - Creating CGLIB proxy: target source is SingletonTargetSource for target object [edu.ncsu.csc.itrust2.controllers.patient.AppointmentController@49fcd446]
06:33:40.336 [main] DEBUG o.s.aop.framework.CglibAopProxy - Unable to apply any optimisations to advised method: public java.lang.String edu.ncsu.csc.itrust2.controllers.patient.AppointmentController.requestAppointmentForm(org.springframework.ui.Model)
06:33:40.336 [main] DEBUG o.s.s.a.p.PrePostAnnotationSecurityMetadataSource - @org.springframework.security.access.prepost.PreAuthorize(value=hasRole('ROLE_PATIENT')) found on specific method: public java.lang.String edu.ncsu.csc.itrust2.controllers.patient.AppointmentController.inventorySubmit(edu.ncsu.csc.itrust2.forms.patient.AppointmentRequestForm,org.springframework.validation.BindingResult,org.springframework.ui.Model)
06:33:40.336 [main] DEBUG o.s.s.a.m.DelegatingMethodSecurityMetadataSource - Caching method [CacheKey[edu.ncsu.csc.itrust2.controllers.patient.AppointmentController; public java.lang.String edu.ncsu.csc.itrust2.controllers.patient.AppointmentController.inventorySubmit(edu.ncsu.csc.itrust2.forms.patient.AppointmentRequestForm,org.springframework.validation.BindingResult,org.springframework.ui.Model)]] with attributes [[authorize: 'hasRole('ROLE_PATIENT')', filter: 'null', filterTarget: 'null']]
06:33:40.336 [main] DEBUG o.s.aop.framework.CglibAopProxy - Unable to apply any optimisations to advised method: public java.lang.String edu.ncsu.csc.itrust2.controllers.patient.AppointmentController.inventorySubmit(edu.ncsu.csc.itrust2.forms.patient.AppointmentRequestForm,org.springframework.validation.BindingResult,org.springframework.ui.Model)
06:33:40.336 [main] DEBUG o.s.s.a.p.PrePostAnnotationSecurityMetadataSource - @org.springframework.security.access.prepost.PreAuthorize(value=hasRole('ROLE_PATIENT')) found on specific method: public java.lang.String edu.ncsu.csc.itrust2.controllers.patient.AppointmentController.viewAppointmentRequests(org.springframework.ui.Model)
06:33:40.336 [main] DEBUG o.s.s.a.m.DelegatingMethodSecurityMetadataSource - Caching method [CacheKey[edu.ncsu.csc.itrust2.controllers.patient.AppointmentController; public java.lang.String edu.ncsu.csc.itrust2.controllers.patient.AppointmentController.viewAppointmentRequests(org.springframework.ui.Model)]] with attributes [[authorize: 'hasRole('ROLE_PATIENT')', filter: 'null', filterTarget: 'null']]
06:33:40.336 [main] DEBUG o.s.aop.framework.CglibAopProxy - Unable to apply any optimisations to advised method: public java.lang.String edu.ncsu.csc.itrust2.controllers.patient.AppointmentController.viewAppointmentRequests(org.springframework.ui.Model)
06:33:40.336 [main] DEBUG o.s.s.a.p.PrePostAnnotationSecurityMetadataSource - @org.springframework.security.access.prepost.PreAuthorize(value=hasRole('ROLE_PATIENT')) found on specific method: public java.lang.String edu.ncsu.csc.itrust2.controllers.patient.AppointmentController.viewRequestsSubmit(edu.ncsu.csc.itrust2.forms.patient.AppointmentForm)
06:33:40.336 [main] DEBUG o.s.s.a.m.DelegatingMethodSecurityMetadataSource - Caching method [CacheKey[edu.ncsu.csc.itrust2.controllers.patient.AppointmentController; public java.lang.String edu.ncsu.csc.itrust2.controllers.patient.AppointmentController.viewRequestsSubmit(edu.ncsu.csc.itrust2.forms.patient.AppointmentForm)]] with attributes [[authorize: 'hasRole('ROLE_PATIENT')', filter: 'null', filterTarget: 'null']]
06:33:40.336 [main] DEBUG o.s.aop.framework.CglibAopProxy - Unable to apply any optimisations to advised method: public java.lang.String edu.ncsu.csc.itrust2.controllers.patient.AppointmentController.viewRequestsSubmit(edu.ncsu.csc.itrust2.forms.patient.AppointmentForm)
06:33:40.336 [main] DEBUG o.s.aop.framework.CglibAopProxy - Found 'equals' method: public boolean java.lang.Object.equals(java.lang.Object)
06:33:40.336 [main] DEBUG o.s.aop.framework.CglibAopProxy - Unable to apply any optimisations to advised method: public java.lang.String java.lang.Object.toString()
06:33:40.336 [main] DEBUG o.s.aop.framework.CglibAopProxy - Found 'hashCode' method: public native int java.lang.Object.hashCode()
06:33:40.336 [main] DEBUG o.s.aop.framework.CglibAopProxy - Unable to apply any optimisations to advised method: protected native java.lang.Object java.lang.Object.clone() throws java.lang.CloneNotSupportedException
06:33:40.336 [main] DEBUG o.s.aop.framework.CglibAopProxy - Method is declared on Advised interface: public abstract void org.springframework.aop.framework.Advised.addAdvice(int,org.aopalliance.aop.Advice) throws org.springframework.aop.framework.AopConfigException
06:33:40.336 [main] DEBUG o.s.aop.framework.CglibAopProxy - Method is declared on Advised interface: public abstract void org.springframework.aop.framework.Advised.addAdvice(org.aopalliance.aop.Advice) throws org.springframework.aop.framework.AopConfigException
06:33:40.336 [main] DEBUG o.s.aop.framework.CglibAopProxy - Method is declared on Advised interface: public abstract boolean org.springframework.aop.framework.Advised.isPreFiltered()
06:33:40.336 [main] DEBUG o.s.aop.framework.CglibAopProxy - Method is declared on Advised interface: public abstract java.lang.Class[] org.springframework.aop.framework.Advised.getProxiedInterfaces()
06:33:40.336 [main] DEBUG o.s.aop.framework.CglibAopProxy - Method is declared on Advised interface: public abstract boolean org.springframework.aop.framework.Advised.isInterfaceProxied(java.lang.Class)
06:33:40.336 [main] DEBUG o.s.aop.framework.CglibAopProxy - Method is declared on Advised interface: public abstract org.springframework.aop.Advisor[] org.springframework.aop.framework.Advised.getAdvisors()
06:33:40.336 [main] DEBUG o.s.aop.framework.CglibAopProxy - Method is declared on Advised interface: public abstract void org.springframework.aop.framework.Advised.removeAdvisor(int) throws org.springframework.aop.framework.AopConfigException
06:33:40.336 [main] DEBUG o.s.aop.framework.CglibAopProxy - Method is declared on Advised interface: public abstract boolean org.springframework.aop.framework.Advised.removeAdvisor(org.springframework.aop.Advisor)
06:33:40.336 [main] DEBUG o.s.aop.framework.CglibAopProxy - Method is declared on Advised interface: public abstract boolean org.springframework.aop.framework.Advised.replaceAdvisor(org.springframework.aop.Advisor,org.springframework.aop.Advisor) throws org.springframework.aop.framework.AopConfigException
06:33:40.336 [main] DEBUG o.s.aop.framework.CglibAopProxy - Method is declared on Advised interface: public abstract void org.springframework.aop.framework.Advised.setTargetSource(org.springframework.aop.TargetSource)
06:33:40.337 [main] DEBUG o.s.aop.framework.CglibAopProxy - Method is declared on Advised interface: public abstract boolean org.springframework.aop.framework.Advised.removeAdvice(org.aopalliance.aop.Advice)
06:33:40.337 [main] DEBUG o.s.aop.framework.CglibAopProxy - Method is declared on Advised interface: public abstract java.lang.String org.springframework.aop.framework.Advised.toProxyConfigString()
06:33:40.337 [main] DEBUG o.s.aop.framework.CglibAopProxy - Method is declared on Advised interface: public abstract org.springframework.aop.TargetSource org.springframework.aop.framework.Advised.getTargetSource()
06:33:40.337 [main] DEBUG o.s.aop.framework.CglibAopProxy - Method is declared on Advised interface: public abstract boolean org.springframework.aop.framework.Advised.isProxyTargetClass()
06:33:40.337 [main] DEBUG o.s.aop.framework.CglibAopProxy - Method is declared on Advised interface: public abstract void org.springframework.aop.framework.Advised.addAdvisor(org.springframework.aop.Advisor) throws org.springframework.aop.framework.AopConfigException
06:33:40.337 [main] DEBUG o.s.aop.framework.CglibAopProxy - Method is declared on Advised interface: public abstract void org.springframework.aop.framework.Advised.addAdvisor(int,org.springframework.aop.Advisor) throws org.springframework.aop.framework.AopConfigException
06:33:40.337 [main] DEBUG o.s.aop.framework.CglibAopProxy - Method is declared on Advised interface: public abstract void org.springframework.aop.framework.Advised.setPreFiltered(boolean)
06:33:40.337 [main] DEBUG o.s.aop.framework.CglibAopProxy - Method is declared on Advised interface: public abstract void org.springframework.aop.framework.Advised.setExposeProxy(boolean)
06:33:40.337 [main] DEBUG o.s.aop.framework.CglibAopProxy - Method is declared on Advised interface: public abstract boolean org.springframework.aop.framework.Advised.isExposeProxy()
06:33:40.337 [main] DEBUG o.s.aop.framework.CglibAopProxy - Method is declared on Advised interface: public abstract int org.springframework.aop.framework.Advised.indexOf(org.springframework.aop.Advisor)
06:33:40.337 [main] DEBUG o.s.aop.framework.CglibAopProxy - Method is declared on Advised interface: public abstract int org.springframework.aop.framework.Advised.indexOf(org.aopalliance.aop.Advice)
06:33:40.337 [main] DEBUG o.s.aop.framework.CglibAopProxy - Method is declared on Advised interface: public abstract boolean org.springframework.aop.framework.Advised.isFrozen()
06:33:40.337 [main] DEBUG o.s.aop.framework.CglibAopProxy - Method is declared on Advised interface: public abstract java.lang.Class org.springframework.aop.TargetClassAware.getTargetClass()
06:33:40.343 [main] DEBUG o.s.b.f.s.DefaultListableBeanFactory - Finished creating instance of bean 'appointmentController'
06:33:40.343 [main] DEBUG o.s.b.f.s.DefaultListableBeanFactory - Creating shared instance of singleton bean 'diagnosesController'
06:33:40.343 [main] DEBUG o.s.b.f.s.DefaultListableBeanFactory - Creating instance of bean 'diagnosesController'
06:33:40.344 [main] DEBUG o.s.b.f.s.DefaultListableBeanFactory - Eagerly caching bean 'diagnosesController' to allow for resolving potential circular references
06:33:40.344 [main] DEBUG o.s.b.f.s.DefaultListableBeanFactory - Returning cached instance of singleton bean 'metaDataSourceAdvisor'
06:33:40.344 [main] DEBUG o.s.s.a.p.PrePostAnnotationSecurityMetadataSource - @org.springframework.security.access.prepost.PreAuthorize(value=hasRole('ROLE_PATIENT')) found on specific method: public java.lang.String edu.ncsu.csc.itrust2.controllers.patient.DiagnosesController.viewDiagnoses(org.springframework.ui.Model)
06:33:40.344 [main] DEBUG o.s.s.a.m.DelegatingMethodSecurityMetadataSource - Caching method [CacheKey[edu.ncsu.csc.itrust2.controllers.patient.DiagnosesController; public java.lang.String edu.ncsu.csc.itrust2.controllers.patient.DiagnosesController.viewDiagnoses(org.springframework.ui.Model)]] with attributes [[authorize: 'hasRole('ROLE_PATIENT')', filter: 'null', filterTarget: 'null']]
06:33:40.344 [main] DEBUG o.s.a.f.a.InfrastructureAdvisorAutoProxyCreator - Creating implicit proxy for bean 'diagnosesController' with 0 common interceptors and 1 specific interceptors
06:33:40.344 [main] DEBUG o.s.aop.framework.CglibAopProxy - Creating CGLIB proxy: target source is SingletonTargetSource for target object [edu.ncsu.csc.itrust2.controllers.patient.DiagnosesController@50bec9fc]
06:33:40.345 [main] DEBUG o.s.aop.framework.CglibAopProxy - Unable to apply any optimisations to advised method: public java.lang.String edu.ncsu.csc.itrust2.controllers.patient.DiagnosesController.viewDiagnoses(org.springframework.ui.Model)
06:33:40.345 [main] DEBUG o.s.aop.framework.CglibAopProxy - Found 'equals' method: public boolean java.lang.Object.equals(java.lang.Object)
06:33:40.345 [main] DEBUG o.s.aop.framework.CglibAopProxy - Unable to apply any optimisations to advised method: public java.lang.String java.lang.Object.toString()
06:33:40.345 [main] DEBUG o.s.aop.framework.CglibAopProxy - Found 'hashCode' method: public native int java.lang.Object.hashCode()
06:33:40.345 [main] DEBUG o.s.aop.framework.CglibAopProxy - Unable to apply any optimisations to advised method: protected native java.lang.Object java.lang.Object.clone() throws java.lang.CloneNotSupportedException
06:33:40.345 [main] DEBUG o.s.aop.framework.CglibAopProxy - Method is declared on Advised interface: public abstract void org.springframework.aop.framework.Advised.addAdvice(int,org.aopalliance.aop.Advice) throws org.springframework.aop.framework.AopConfigException
06:33:40.345 [main] DEBUG o.s.aop.framework.CglibAopProxy - Method is declared on Advised interface: public abstract void org.springframework.aop.framework.Advised.addAdvice(org.aopalliance.aop.Advice) throws org.springframework.aop.framework.AopConfigException
06:33:40.345 [main] DEBUG o.s.aop.framework.CglibAopProxy - Method is declared on Advised interface: public abstract boolean org.springframework.aop.framework.Advised.isPreFiltered()
06:33:40.345 [main] DEBUG o.s.aop.framework.CglibAopProxy - Method is declared on Advised interface: public abstract java.lang.Class[] org.springframework.aop.framework.Advised.getProxiedInterfaces()
06:33:40.345 [main] DEBUG o.s.aop.framework.CglibAopProxy - Method is declared on Advised interface: public abstract boolean org.springframework.aop.framework.Advised.isInterfaceProxied(java.lang.Class)
06:33:40.345 [main] DEBUG o.s.aop.framework.CglibAopProxy - Method is declared on Advised interface: public abstract org.springframework.aop.Advisor[] org.springframework.aop.framework.Advised.getAdvisors()
06:33:40.345 [main] DEBUG o.s.aop.framework.CglibAopProxy - Method is declared on Advised interface: public abstract void org.springframework.aop.framework.Advised.removeAdvisor(int) throws org.springframework.aop.framework.AopConfigException
06:33:40.345 [main] DEBUG o.s.aop.framework.CglibAopProxy - Method is declared on Advised interface: public abstract boolean org.springframework.aop.framework.Advised.removeAdvisor(org.springframework.aop.Advisor)
06:33:40.345 [main] DEBUG o.s.aop.framework.CglibAopProxy - Method is declared on Advised interface: public abstract boolean org.springframework.aop.framework.Advised.replaceAdvisor(org.springframework.aop.Advisor,org.springframework.aop.Advisor) throws org.springframework.aop.framework.AopConfigException
06:33:40.345 [main] DEBUG o.s.aop.framework.CglibAopProxy - Method is declared on Advised interface: public abstract void org.springframework.aop.framework.Advised.setTargetSource(org.springframework.aop.TargetSource)
06:33:40.345 [main] DEBUG o.s.aop.framework.CglibAopProxy - Method is declared on Advised interface: public abstract boolean org.springframework.aop.framework.Advised.removeAdvice(org.aopalliance.aop.Advice)
06:33:40.345 [main] DEBUG o.s.aop.framework.CglibAopProxy - Method is declared on Advised interface: public abstract java.lang.String org.springframework.aop.framework.Advised.toProxyConfigString()
06:33:40.345 [main] DEBUG o.s.aop.framework.CglibAopProxy - Method is declared on Advised interface: public abstract org.springframework.aop.TargetSource org.springframework.aop.framework.Advised.getTargetSource()
06:33:40.345 [main] DEBUG o.s.aop.framework.CglibAopProxy - Method is declared on Advised interface: public abstract boolean org.springframework.aop.framework.Advised.isProxyTargetClass()
06:33:40.345 [main] DEBUG o.s.aop.framework.CglibAopProxy - Method is declared on Advised interface: public abstract void org.springframework.aop.framework.Advised.addAdvisor(org.springframework.aop.Advisor) throws org.springframework.aop.framework.AopConfigException
06:33:40.345 [main] DEBUG o.s.aop.framework.CglibAopProxy - Method is declared on Advised interface: public abstract void org.springframework.aop.framework.Advised.addAdvisor(int,org.springframework.aop.Advisor) throws org.springframework.aop.framework.AopConfigException
06:33:40.345 [main] DEBUG o.s.aop.framework.CglibAopProxy - Method is declared on Advised interface: public abstract void org.springframework.aop.framework.Advised.setPreFiltered(boolean)
06:33:40.345 [main] DEBUG o.s.aop.framework.CglibAopProxy - Method is declared on Advised interface: public abstract void org.springframework.aop.framework.Advised.setExposeProxy(boolean)
06:33:40.345 [main] DEBUG o.s.aop.framework.CglibAopProxy - Method is declared on Advised interface: public abstract boolean org.springframework.aop.framework.Advised.isExposeProxy()
06:33:40.345 [main] DEBUG o.s.aop.framework.CglibAopProxy - Method is declared on Advised interface: public abstract int org.springframework.aop.framework.Advised.indexOf(org.springframework.aop.Advisor)
06:33:40.345 [main] DEBUG o.s.aop.framework.CglibAopProxy - Method is declared on Advised interface: public abstract int org.springframework.aop.framework.Advised.indexOf(org.aopalliance.aop.Advice)
06:33:40.345 [main] DEBUG o.s.aop.framework.CglibAopProxy - Method is declared on Advised interface: public abstract boolean org.springframework.aop.framework.Advised.isFrozen()
06:33:40.345 [main] DEBUG o.s.aop.framework.CglibAopProxy - Method is declared on Advised interface: public abstract java.lang.Class org.springframework.aop.TargetClassAware.getTargetClass()
06:33:40.351 [main] DEBUG o.s.b.f.s.DefaultListableBeanFactory - Finished creating instance of bean 'diagnosesController'
06:33:40.351 [main] DEBUG o.s.b.f.s.DefaultListableBeanFactory - Creating shared instance of singleton bean 'patientController'
06:33:40.351 [main] DEBUG o.s.b.f.s.DefaultListableBeanFactory - Creating instance of bean 'patientController'
06:33:40.352 [main] DEBUG o.s.b.f.s.DefaultListableBeanFactory - Eagerly caching bean 'patientController' to allow for resolving potential circular references
06:33:40.352 [main] DEBUG o.s.b.f.s.DefaultListableBeanFactory - Returning cached instance of singleton bean 'metaDataSourceAdvisor'
06:33:40.352 [main] DEBUG o.s.s.a.p.PrePostAnnotationSecurityMetadataSource - @org.springframework.security.access.prepost.PreAuthorize(value=hasRole('ROLE_PATIENT')) found on specific method: public java.lang.String edu.ncsu.csc.itrust2.controllers.patient.PatientController.viewOfficeVisits(org.springframework.ui.Model)
06:33:40.352 [main] DEBUG o.s.s.a.m.DelegatingMethodSecurityMetadataSource - Caching method [CacheKey[edu.ncsu.csc.itrust2.controllers.patient.PatientController; public java.lang.String edu.ncsu.csc.itrust2.controllers.patient.PatientController.viewOfficeVisits(org.springframework.ui.Model)]] with attributes [[authorize: 'hasRole('ROLE_PATIENT')', filter: 'null', filterTarget: 'null']]
06:33:40.352 [main] DEBUG o.s.a.f.a.InfrastructureAdvisorAutoProxyCreator - Creating implicit proxy for bean 'patientController' with 0 common interceptors and 1 specific interceptors
06:33:40.352 [main] DEBUG o.s.aop.framework.CglibAopProxy - Creating CGLIB proxy: target source is SingletonTargetSource for target object [edu.ncsu.csc.itrust2.controllers.patient.PatientController@1319ad36]
06:33:40.353 [main] DEBUG o.s.aop.framework.CglibAopProxy - Unable to apply any optimisations to advised method: public java.lang.String edu.ncsu.csc.itrust2.controllers.patient.PatientController.viewOfficeVisits(org.springframework.ui.Model)
06:33:40.353 [main] DEBUG o.s.s.a.p.PrePostAnnotationSecurityMetadataSource - @org.springframework.security.access.prepost.PreAuthorize(value=hasRole('ROLE_PATIENT')) found on specific method: public java.lang.String edu.ncsu.csc.itrust2.controllers.patient.PatientController.viewPrescriptions(org.springframework.ui.Model)
06:33:40.353 [main] DEBUG o.s.s.a.m.DelegatingMethodSecurityMetadataSource - Caching method [CacheKey[edu.ncsu.csc.itrust2.controllers.patient.PatientController; public java.lang.String edu.ncsu.csc.itrust2.controllers.patient.PatientController.viewPrescriptions(org.springframework.ui.Model)]] with attributes [[authorize: 'hasRole('ROLE_PATIENT')', filter: 'null', filterTarget: 'null']]
06:33:40.353 [main] DEBUG o.s.aop.framework.CglibAopProxy - Unable to apply any optimisations to advised method: public java.lang.String edu.ncsu.csc.itrust2.controllers.patient.PatientController.viewPrescriptions(org.springframework.ui.Model)
06:33:40.353 [main] DEBUG o.s.s.a.p.PrePostAnnotationSecurityMetadataSource - @org.springframework.security.access.prepost.PreAuthorize(value=hasRole('ROLE_PATIENT')) found on specific method: public java.lang.String edu.ncsu.csc.itrust2.controllers.patient.PatientController.viewDemographics(org.springframework.ui.Model)
06:33:40.353 [main] DEBUG o.s.s.a.m.DelegatingMethodSecurityMetadataSource - Caching method [CacheKey[edu.ncsu.csc.itrust2.controllers.patient.PatientController; public java.lang.String edu.ncsu.csc.itrust2.controllers.patient.PatientController.viewDemographics(org.springframework.ui.Model)]] with attributes [[authorize: 'hasRole('ROLE_PATIENT')', filter: 'null', filterTarget: 'null']]
06:33:40.353 [main] DEBUG o.s.aop.framework.CglibAopProxy - Unable to apply any optimisations to advised method: public java.lang.String edu.ncsu.csc.itrust2.controllers.patient.PatientController.viewDemographics(org.springframework.ui.Model)
06:33:40.353 [main] DEBUG o.s.s.a.p.PrePostAnnotationSecurityMetadataSource - @org.springframework.security.access.prepost.PreAuthorize(value=hasRole('ROLE_PATIENT')) found on specific method: public java.lang.String edu.ncsu.csc.itrust2.controllers.patient.PatientController.demographicsSubmit(edu.ncsu.csc.itrust2.forms.hcp_patient.PatientForm,org.springframework.validation.BindingResult,org.springframework.ui.Model)
06:33:40.353 [main] DEBUG o.s.s.a.m.DelegatingMethodSecurityMetadataSource - Caching method [CacheKey[edu.ncsu.csc.itrust2.controllers.patient.PatientController; public java.lang.String edu.ncsu.csc.itrust2.controllers.patient.PatientController.demographicsSubmit(edu.ncsu.csc.itrust2.forms.hcp_patient.PatientForm,org.springframework.validation.BindingResult,org.springframework.ui.Model)]] with attributes [[authorize: 'hasRole('ROLE_PATIENT')', filter: 'null', filterTarget: 'null']]
06:33:40.353 [main] DEBUG o.s.aop.framework.CglibAopProxy - Unable to apply any optimisations to advised method: public java.lang.String edu.ncsu.csc.itrust2.controllers.patient.PatientController.demographicsSubmit(edu.ncsu.csc.itrust2.forms.hcp_patient.PatientForm,org.springframework.validation.BindingResult,org.springframework.ui.Model)
06:33:40.353 [main] DEBUG o.s.s.a.p.PrePostAnnotationSecurityMetadataSource - @org.springframework.security.access.prepost.PreAuthorize(value=hasRole('ROLE_PATIENT')) found on specific method: public java.lang.String edu.ncsu.csc.itrust2.controllers.patient.PatientController.index(org.springframework.ui.Model)
06:33:40.353 [main] DEBUG o.s.s.a.m.DelegatingMethodSecurityMetadataSource - Caching method [CacheKey[edu.ncsu.csc.itrust2.controllers.patient.PatientController; public java.lang.String edu.ncsu.csc.itrust2.controllers.patient.PatientController.index(org.springframework.ui.Model)]] with attributes [[authorize: 'hasRole('ROLE_PATIENT')', filter: 'null', filterTarget: 'null']]
06:33:40.353 [main] DEBUG o.s.aop.framework.CglibAopProxy - Unable to apply any optimisations to advised method: public java.lang.String edu.ncsu.csc.itrust2.controllers.patient.PatientController.index(org.springframework.ui.Model)
06:33:40.353 [main] DEBUG o.s.aop.framework.CglibAopProxy - Found 'equals' method: public boolean java.lang.Object.equals(java.lang.Object)
06:33:40.353 [main] DEBUG o.s.aop.framework.CglibAopProxy - Unable to apply any optimisations to advised method: public java.lang.String java.lang.Object.toString()
06:33:40.353 [main] DEBUG o.s.aop.framework.CglibAopProxy - Found 'hashCode' method: public native int java.lang.Object.hashCode()
06:33:40.353 [main] DEBUG o.s.aop.framework.CglibAopProxy - Unable to apply any optimisations to advised method: protected native java.lang.Object java.lang.Object.clone() throws java.lang.CloneNotSupportedException
06:33:40.353 [main] DEBUG o.s.aop.framework.CglibAopProxy - Method is declared on Advised interface: public abstract void org.springframework.aop.framework.Advised.addAdvice(int,org.aopalliance.aop.Advice) throws org.springframework.aop.framework.AopConfigException
06:33:40.354 [main] DEBUG o.s.aop.framework.CglibAopProxy - Method is declared on Advised interface: public abstract void org.springframework.aop.framework.Advised.addAdvice(org.aopalliance.aop.Advice) throws org.springframework.aop.framework.AopConfigException
06:33:40.354 [main] DEBUG o.s.aop.framework.CglibAopProxy - Method is declared on Advised interface: public abstract boolean org.springframework.aop.framework.Advised.isPreFiltered()
06:33:40.354 [main] DEBUG o.s.aop.framework.CglibAopProxy - Method is declared on Advised interface: public abstract java.lang.Class[] org.springframework.aop.framework.Advised.getProxiedInterfaces()
06:33:40.354 [main] DEBUG o.s.aop.framework.CglibAopProxy - Method is declared on Advised interface: public abstract boolean org.springframework.aop.framework.Advised.isInterfaceProxied(java.lang.Class)
06:33:40.354 [main] DEBUG o.s.aop.framework.CglibAopProxy - Method is declared on Advised interface: public abstract org.springframework.aop.Advisor[] org.springframework.aop.framework.Advised.getAdvisors()
06:33:40.354 [main] DEBUG o.s.aop.framework.CglibAopProxy - Method is declared on Advised interface: public abstract void org.springframework.aop.framework.Advised.removeAdvisor(int) throws org.springframework.aop.framework.AopConfigException
06:33:40.354 [main] DEBUG o.s.aop.framework.CglibAopProxy - Method is declared on Advised interface: public abstract boolean org.springframework.aop.framework.Advised.removeAdvisor(org.springframework.aop.Advisor)
06:33:40.354 [main] DEBUG o.s.aop.framework.CglibAopProxy - Method is declared on Advised interface: public abstract boolean org.springframework.aop.framework.Advised.replaceAdvisor(org.springframework.aop.Advisor,org.springframework.aop.Advisor) throws org.springframework.aop.framework.AopConfigException
06:33:40.354 [main] DEBUG o.s.aop.framework.CglibAopProxy - Method is declared on Advised interface: public abstract void org.springframework.aop.framework.Advised.setTargetSource(org.springframework.aop.TargetSource)
06:33:40.354 [main] DEBUG o.s.aop.framework.CglibAopProxy - Method is declared on Advised interface: public abstract boolean org.springframework.aop.framework.Advised.removeAdvice(org.aopalliance.aop.Advice)
06:33:40.354 [main] DEBUG o.s.aop.framework.CglibAopProxy - Method is declared on Advised interface: public abstract java.lang.String org.springframework.aop.framework.Advised.toProxyConfigString()
06:33:40.354 [main] DEBUG o.s.aop.framework.CglibAopProxy - Method is declared on Advised interface: public abstract org.springframework.aop.TargetSource org.springframework.aop.framework.Advised.getTargetSource()
06:33:40.354 [main] DEBUG o.s.aop.framework.CglibAopProxy - Method is declared on Advised interface: public abstract boolean org.springframework.aop.framework.Advised.isProxyTargetClass()
06:33:40.354 [main] DEBUG o.s.aop.framework.CglibAopProxy - Method is declared on Advised interface: public abstract void org.springframework.aop.framework.Advised.addAdvisor(org.springframework.aop.Advisor) throws org.springframework.aop.framework.AopConfigException
06:33:40.354 [main] DEBUG o.s.aop.framework.CglibAopProxy - Method is declared on Advised interface: public abstract void org.springframework.aop.framework.Advised.addAdvisor(int,org.springframework.aop.Advisor) throws org.springframework.aop.framework.AopConfigException
06:33:40.354 [main] DEBUG o.s.aop.framework.CglibAopProxy - Method is declared on Advised interface: public abstract void org.springframework.aop.framework.Advised.setPreFiltered(boolean)
06:33:40.354 [main] DEBUG o.s.aop.framework.CglibAopProxy - Method is declared on Advised interface: public abstract void org.springframework.aop.framework.Advised.setExposeProxy(boolean)
06:33:40.354 [main] DEBUG o.s.aop.framework.CglibAopProxy - Method is declared on Advised interface: public abstract boolean org.springframework.aop.framework.Advised.isExposeProxy()
06:33:40.354 [main] DEBUG o.s.aop.framework.CglibAopProxy - Method is declared on Advised interface: public abstract int org.springframework.aop.framework.Advised.indexOf(org.springframework.aop.Advisor)
06:33:40.354 [main] DEBUG o.s.aop.framework.CglibAopProxy - Method is declared on Advised interface: public abstract int org.springframework.aop.framework.Advised.indexOf(org.aopalliance.aop.Advice)
06:33:40.354 [main] DEBUG o.s.aop.framework.CglibAopProxy - Method is declared on Advised interface: public abstract boolean org.springframework.aop.framework.Advised.isFrozen()
06:33:40.354 [main] DEBUG o.s.aop.framework.CglibAopProxy - Method is declared on Advised interface: public abstract java.lang.Class org.springframework.aop.TargetClassAware.getTargetClass()
06:33:40.360 [main] DEBUG o.s.b.f.s.DefaultListableBeanFactory - Finished creating instance of bean 'patientController'
06:33:40.360 [main] DEBUG o.s.b.f.s.DefaultListableBeanFactory - Creating shared instance of singleton bean 'passwordController'
06:33:40.360 [main] DEBUG o.s.b.f.s.DefaultListableBeanFactory - Creating instance of bean 'passwordController'
06:33:40.360 [main] DEBUG o.s.b.f.s.DefaultListableBeanFactory - Eagerly caching bean 'passwordController' to allow for resolving potential circular references
06:33:40.360 [main] DEBUG o.s.b.f.s.DefaultListableBeanFactory - Returning cached instance of singleton bean 'metaDataSourceAdvisor'
06:33:40.360 [main] DEBUG o.s.b.f.s.DefaultListableBeanFactory - Finished creating instance of bean 'passwordController'
06:33:40.361 [main] DEBUG o.s.b.f.s.DefaultListableBeanFactory - Creating shared instance of singleton bean 'userController'
06:33:40.361 [main] DEBUG o.s.b.f.s.DefaultListableBeanFactory - Creating instance of bean 'userController'
06:33:40.361 [main] DEBUG o.s.b.f.s.DefaultListableBeanFactory - Eagerly caching bean 'userController' to allow for resolving potential circular references
06:33:40.361 [main] DEBUG o.s.b.f.s.DefaultListableBeanFactory - Returning cached instance of singleton bean 'metaDataSourceAdvisor'
06:33:40.361 [main] DEBUG o.s.s.a.p.PrePostAnnotationSecurityMetadataSource - @org.springframework.security.access.prepost.PreAuthorize(value=hasRole('ROLE_HCP') or hasRole('ROLE_ADMIN')) found on specific method: public java.lang.String edu.ncsu.csc.itrust2.controllers.personnel.UserController.viewDemographics(org.springframework.ui.Model)
06:33:40.361 [main] DEBUG o.s.s.a.m.DelegatingMethodSecurityMetadataSource - Caching method [CacheKey[edu.ncsu.csc.itrust2.controllers.personnel.UserController; public java.lang.String edu.ncsu.csc.itrust2.controllers.personnel.UserController.viewDemographics(org.springframework.ui.Model)]] with attributes [[authorize: 'hasRole('ROLE_HCP') or hasRole('ROLE_ADMIN')', filter: 'null', filterTarget: 'null']]
06:33:40.362 [main] DEBUG o.s.a.f.a.InfrastructureAdvisorAutoProxyCreator - Creating implicit proxy for bean 'userController' with 0 common interceptors and 1 specific interceptors
06:33:40.362 [main] DEBUG o.s.aop.framework.CglibAopProxy - Creating CGLIB proxy: target source is SingletonTargetSource for target object [edu.ncsu.csc.itrust2.controllers.personnel.UserController@299cddab]
06:33:40.362 [main] DEBUG o.s.aop.framework.CglibAopProxy - Unable to apply any optimisations to advised method: public java.lang.String edu.ncsu.csc.itrust2.controllers.personnel.UserController.viewDemographics(org.springframework.ui.Model)
06:33:40.362 [main] DEBUG o.s.s.a.p.PrePostAnnotationSecurityMetadataSource - @org.springframework.security.access.prepost.PreAuthorize(value=hasRole('ROLE_HCP') or hasRole('ROLE_ADMIN')) found on specific method: public java.lang.String edu.ncsu.csc.itrust2.controllers.personnel.UserController.demographicsSubmit(edu.ncsu.csc.itrust2.forms.personnel.PersonnelForm,org.springframework.validation.BindingResult,org.springframework.ui.Model)
06:33:40.362 [main] DEBUG o.s.s.a.m.DelegatingMethodSecurityMetadataSource - Caching method [CacheKey[edu.ncsu.csc.itrust2.controllers.personnel.UserController; public java.lang.String edu.ncsu.csc.itrust2.controllers.personnel.UserController.demographicsSubmit(edu.ncsu.csc.itrust2.forms.personnel.PersonnelForm,org.springframework.validation.BindingResult,org.springframework.ui.Model)]] with attributes [[authorize: 'hasRole('ROLE_HCP') or hasRole('ROLE_ADMIN')', filter: 'null', filterTarget: 'null']]
06:33:40.362 [main] DEBUG o.s.aop.framework.CglibAopProxy - Unable to apply any optimisations to advised method: public java.lang.String edu.ncsu.csc.itrust2.controllers.personnel.UserController.demographicsSubmit(edu.ncsu.csc.itrust2.forms.personnel.PersonnelForm,org.springframework.validation.BindingResult,org.springframework.ui.Model)
06:33:40.362 [main] DEBUG o.s.aop.framework.CglibAopProxy - Found 'equals' method: public boolean java.lang.Object.equals(java.lang.Object)
06:33:40.362 [main] DEBUG o.s.aop.framework.CglibAopProxy - Unable to apply any optimisations to advised method: public java.lang.String java.lang.Object.toString()
06:33:40.363 [main] DEBUG o.s.aop.framework.CglibAopProxy - Found 'hashCode' method: public native int java.lang.Object.hashCode()
06:33:40.363 [main] DEBUG o.s.aop.framework.CglibAopProxy - Unable to apply any optimisations to advised method: protected native java.lang.Object java.lang.Object.clone() throws java.lang.CloneNotSupportedException
06:33:40.363 [main] DEBUG o.s.aop.framework.CglibAopProxy - Method is declared on Advised interface: public abstract void org.springframework.aop.framework.Advised.addAdvice(int,org.aopalliance.aop.Advice) throws org.springframework.aop.framework.AopConfigException
06:33:40.363 [main] DEBUG o.s.aop.framework.CglibAopProxy - Method is declared on Advised interface: public abstract void org.springframework.aop.framework.Advised.addAdvice(org.aopalliance.aop.Advice) throws org.springframework.aop.framework.AopConfigException
06:33:40.363 [main] DEBUG o.s.aop.framework.CglibAopProxy - Method is declared on Advised interface: public abstract boolean org.springframework.aop.framework.Advised.isPreFiltered()
06:33:40.363 [main] DEBUG o.s.aop.framework.CglibAopProxy - Method is declared on Advised interface: public abstract java.lang.Class[] org.springframework.aop.framework.Advised.getProxiedInterfaces()
06:33:40.363 [main] DEBUG o.s.aop.framework.CglibAopProxy - Method is declared on Advised interface: public abstract boolean org.springframework.aop.framework.Advised.isInterfaceProxied(java.lang.Class)
06:33:40.363 [main] DEBUG o.s.aop.framework.CglibAopProxy - Method is declared on Advised interface: public abstract org.springframework.aop.Advisor[] org.springframework.aop.framework.Advised.getAdvisors()
06:33:40.363 [main] DEBUG o.s.aop.framework.CglibAopProxy - Method is declared on Advised interface: public abstract void org.springframework.aop.framework.Advised.removeAdvisor(int) throws org.springframework.aop.framework.AopConfigException
06:33:40.363 [main] DEBUG o.s.aop.framework.CglibAopProxy - Method is declared on Advised interface: public abstract boolean org.springframework.aop.framework.Advised.removeAdvisor(org.springframework.aop.Advisor)
06:33:40.363 [main] DEBUG o.s.aop.framework.CglibAopProxy - Method is declared on Advised interface: public abstract boolean org.springframework.aop.framework.Advised.replaceAdvisor(org.springframework.aop.Advisor,org.springframework.aop.Advisor) throws org.springframework.aop.framework.AopConfigException
06:33:40.363 [main] DEBUG o.s.aop.framework.CglibAopProxy - Method is declared on Advised interface: public abstract void org.springframework.aop.framework.Advised.setTargetSource(org.springframework.aop.TargetSource)
06:33:40.363 [main] DEBUG o.s.aop.framework.CglibAopProxy - Method is declared on Advised interface: public abstract boolean org.springframework.aop.framework.Advised.removeAdvice(org.aopalliance.aop.Advice)
06:33:40.363 [main] DEBUG o.s.aop.framework.CglibAopProxy - Method is declared on Advised interface: public abstract java.lang.String org.springframework.aop.framework.Advised.toProxyConfigString()
06:33:40.363 [main] DEBUG o.s.aop.framework.CglibAopProxy - Method is declared on Advised interface: public abstract org.springframework.aop.TargetSource org.springframework.aop.framework.Advised.getTargetSource()
06:33:40.363 [main] DEBUG o.s.aop.framework.CglibAopProxy - Method is declared on Advised interface: public abstract boolean org.springframework.aop.framework.Advised.isProxyTargetClass()
06:33:40.363 [main] DEBUG o.s.aop.framework.CglibAopProxy - Method is declared on Advised interface: public abstract void org.springframework.aop.framework.Advised.addAdvisor(org.springframework.aop.Advisor) throws org.springframework.aop.framework.AopConfigException
06:33:40.363 [main] DEBUG o.s.aop.framework.CglibAopProxy - Method is declared on Advised interface: public abstract void org.springframework.aop.framework.Advised.addAdvisor(int,org.springframework.aop.Advisor) throws org.springframework.aop.framework.AopConfigException
06:33:40.363 [main] DEBUG o.s.aop.framework.CglibAopProxy - Method is declared on Advised interface: public abstract void org.springframework.aop.framework.Advised.setPreFiltered(boolean)
06:33:40.363 [main] DEBUG o.s.aop.framework.CglibAopProxy - Method is declared on Advised interface: public abstract void org.springframework.aop.framework.Advised.setExposeProxy(boolean)
06:33:40.363 [main] DEBUG o.s.aop.framework.CglibAopProxy - Method is declared on Advised interface: public abstract boolean org.springframework.aop.framework.Advised.isExposeProxy()
06:33:40.363 [main] DEBUG o.s.aop.framework.CglibAopProxy - Method is declared on Advised interface: public abstract int org.springframework.aop.framework.Advised.indexOf(org.springframework.aop.Advisor)
06:33:40.363 [main] DEBUG o.s.aop.framework.CglibAopProxy - Method is declared on Advised interface: public abstract int org.springframework.aop.framework.Advised.indexOf(org.aopalliance.aop.Advice)
06:33:40.363 [main] DEBUG o.s.aop.framework.CglibAopProxy - Method is declared on Advised interface: public abstract boolean org.springframework.aop.framework.Advised.isFrozen()
06:33:40.363 [main] DEBUG o.s.aop.framework.CglibAopProxy - Method is declared on Advised interface: public abstract java.lang.Class org.springframework.aop.TargetClassAware.getTargetClass()
06:33:40.368 [main] DEBUG o.s.b.f.s.DefaultListableBeanFactory - Finished creating instance of bean 'userController'
06:33:40.369 [main] DEBUG o.s.b.f.s.DefaultListableBeanFactory - Returning cached instance of singleton bean 'dataSource'
06:33:40.369 [main] DEBUG o.s.b.f.s.DefaultListableBeanFactory - Returning cached instance of singleton bean 'org.springframework.security.config.annotation.configuration.ObjectPostProcessorConfiguration'
06:33:40.369 [main] DEBUG o.s.b.f.s.DefaultListableBeanFactory - Returning cached instance of singleton bean 'objectPostProcessor'
06:33:40.369 [main] DEBUG o.s.b.f.s.DefaultListableBeanFactory - Returning cached instance of singleton bean 'org.springframework.security.config.annotation.authentication.configuration.AuthenticationConfiguration'
06:33:40.369 [main] DEBUG o.s.b.f.s.DefaultListableBeanFactory - Returning cached instance of singleton bean 'authenticationManagerBuilder'
06:33:40.369 [main] DEBUG o.s.b.f.s.DefaultListableBeanFactory - Returning cached instance of singleton bean 'enableGlobalAuthenticationAutowiredConfigurer'
06:33:40.369 [main] DEBUG o.s.b.f.s.DefaultListableBeanFactory - Returning cached instance of singleton bean 'initializeUserDetailsBeanManagerConfigurer'
06:33:40.369 [main] DEBUG o.s.b.f.s.DefaultListableBeanFactory - Returning cached instance of singleton bean 'initializeAuthenticationProviderBeanManagerConfigurer'
06:33:40.369 [main] DEBUG o.s.b.f.s.DefaultListableBeanFactory - Creating shared instance of singleton bean 'org.springframework.security.config.annotation.web.configuration.WebSecurityConfiguration'
06:33:40.369 [main] DEBUG o.s.b.f.s.DefaultListableBeanFactory - Creating instance of bean 'org.springframework.security.config.annotation.web.configuration.WebSecurityConfiguration'
06:33:40.371 [main] DEBUG o.s.b.f.annotation.InjectionMetadata - Registered injected element on class [org.springframework.security.config.annotation.web.configuration.WebSecurityConfiguration$$EnhancerBySpringCGLIB$$ad945905]: AutowiredFieldElement for private org.springframework.security.config.annotation.ObjectPostProcessor org.springframework.security.config.annotation.web.configuration.WebSecurityConfiguration.objectObjectPostProcessor
06:33:40.371 [main] DEBUG o.s.b.f.annotation.InjectionMetadata - Registered injected element on class [org.springframework.security.config.annotation.web.configuration.WebSecurityConfiguration$$EnhancerBySpringCGLIB$$ad945905]: AutowiredMethodElement for public void org.springframework.security.config.annotation.web.configuration.WebSecurityConfiguration.setFilterChainProxySecurityConfigurer(org.springframework.security.config.annotation.ObjectPostProcessor,java.util.List) throws java.lang.Exception
06:33:40.371 [main] DEBUG o.s.b.f.s.DefaultListableBeanFactory - Eagerly caching bean 'org.springframework.security.config.annotation.web.configuration.WebSecurityConfiguration' to allow for resolving potential circular references
06:33:40.372 [main] DEBUG o.s.b.f.annotation.InjectionMetadata - Processing injected element of bean 'org.springframework.security.config.annotation.web.configuration.WebSecurityConfiguration': AutowiredFieldElement for private org.springframework.security.config.annotation.ObjectPostProcessor org.springframework.security.config.annotation.web.configuration.WebSecurityConfiguration.objectObjectPostProcessor
06:33:40.372 [main] DEBUG o.s.b.f.s.DefaultListableBeanFactory - Returning cached instance of singleton bean 'objectPostProcessor'
06:33:40.372 [main] DEBUG o.s.b.f.a.AutowiredAnnotationBeanPostProcessor - Autowiring by type from bean name 'org.springframework.security.config.annotation.web.configuration.WebSecurityConfiguration' to bean named 'objectPostProcessor'
06:33:40.372 [main] DEBUG o.s.b.f.annotation.InjectionMetadata - Processing injected element of bean 'org.springframework.security.config.annotation.web.configuration.WebSecurityConfiguration': AutowiredMethodElement for public void org.springframework.security.config.annotation.web.configuration.WebSecurityConfiguration.setFilterChainProxySecurityConfigurer(org.springframework.security.config.annotation.ObjectPostProcessor,java.util.List) throws java.lang.Exception
06:33:40.372 [main] DEBUG o.s.b.f.s.DefaultListableBeanFactory - Returning cached instance of singleton bean 'objectPostProcessor'
06:33:40.373 [main] DEBUG o.s.b.f.s.DefaultListableBeanFactory - Creating shared instance of singleton bean 'autowiredWebSecurityConfigurersIgnoreParents'
06:33:40.373 [main] DEBUG o.s.b.f.s.DefaultListableBeanFactory - Creating instance of bean 'autowiredWebSecurityConfigurersIgnoreParents'
06:33:40.373 [main] DEBUG o.s.b.f.s.DefaultListableBeanFactory - Returning cached instance of singleton bean 'metaDataSourceAdvisor'
06:33:40.374 [main] DEBUG o.s.b.f.s.DefaultListableBeanFactory - Returning eagerly cached instance of singleton bean 'org.springframework.security.config.annotation.web.configuration.WebSecurityConfiguration' that is not fully initialized yet - a consequence of a circular reference
06:33:40.375 [main] DEBUG o.s.b.f.s.DefaultListableBeanFactory - Autowiring by type from bean name 'autowiredWebSecurityConfigurersIgnoreParents' via factory method to bean named 'org.springframework.beans.factory.support.DefaultListableBeanFactory@1a7eeea9'
06:33:40.376 [main] DEBUG o.s.b.f.s.DefaultListableBeanFactory - Eagerly caching bean 'autowiredWebSecurityConfigurersIgnoreParents' to allow for resolving potential circular references
06:33:40.376 [main] DEBUG o.s.b.f.s.DefaultListableBeanFactory - Returning cached instance of singleton bean 'metaDataSourceAdvisor'
06:33:40.376 [main] DEBUG o.s.b.f.s.DefaultListableBeanFactory - Finished creating instance of bean 'autowiredWebSecurityConfigurersIgnoreParents'
06:33:40.377 [main] DEBUG o.s.b.f.s.DefaultListableBeanFactory - Returning cached instance of singleton bean 'securityConfig'
06:33:40.377 [main] DEBUG o.s.b.f.a.AutowiredAnnotationBeanPostProcessor - Autowiring by type from bean name 'org.springframework.security.config.annotation.web.configuration.WebSecurityConfiguration' to bean named 'objectPostProcessor'
06:33:40.377 [main] DEBUG o.s.b.f.s.DefaultListableBeanFactory - Returning cached instance of singleton bean 'metaDataSourceAdvisor'
06:33:40.383 [main] DEBUG o.s.b.f.s.DefaultListableBeanFactory - Returning cached instance of singleton bean 'org.springframework.context.annotation.ConfigurationClassPostProcessor.importRegistry'
06:33:40.383 [main] DEBUG o.s.b.f.s.DefaultListableBeanFactory - Finished creating instance of bean 'org.springframework.security.config.annotation.web.configuration.WebSecurityConfiguration'
06:33:40.383 [main] DEBUG o.s.b.f.s.DefaultListableBeanFactory - Creating shared instance of singleton bean 'delegatingApplicationListener'
06:33:40.383 [main] DEBUG o.s.b.f.s.DefaultListableBeanFactory - Creating instance of bean 'delegatingApplicationListener'
06:33:40.383 [main] DEBUG o.s.b.f.s.DefaultListableBeanFactory - Eagerly caching bean 'delegatingApplicationListener' to allow for resolving potential circular references
06:33:40.384 [main] DEBUG o.s.b.f.s.DefaultListableBeanFactory - Returning cached instance of singleton bean 'metaDataSourceAdvisor'
06:33:40.384 [main] DEBUG o.s.b.f.s.DefaultListableBeanFactory - Finished creating instance of bean 'delegatingApplicationListener'
06:33:40.385 [main] DEBUG o.s.b.f.s.DefaultListableBeanFactory - Creating shared instance of singleton bean 'springSecurityFilterChain'
06:33:40.385 [main] DEBUG o.s.b.f.s.DefaultListableBeanFactory - Creating instance of bean 'springSecurityFilterChain'
06:33:40.385 [main] DEBUG o.s.b.f.s.DefaultListableBeanFactory - Returning cached instance of singleton bean 'org.springframework.security.config.annotation.web.configuration.WebSecurityConfiguration'
06:33:40.385 [main] DEBUG o.s.b.f.s.DefaultListableBeanFactory - Returning cached instance of singleton bean 'metaDataSourceAdvisor'
06:33:40.386 [main] DEBUG o.s.b.f.s.DefaultListableBeanFactory - Returning cached instance of singleton bean 'webMvcConfiguration'
06:33:40.386 [main] DEBUG o.s.b.f.s.DefaultListableBeanFactory - Returning cached instance of singleton bean 'securityConfig'
06:33:40.386 [main] DEBUG o.s.s.c.a.a.c.AuthenticationConfiguration$EnableGlobalAuthenticationAutowiredConfigurer - Eagerly initializing {webMvcConfiguration=edu.ncsu.csc.itrust2.mvc.config.WebMvcConfiguration$$EnhancerBySpringCGLIB$$7706e0f4@40f4238, securityConfig=edu.ncsu.csc.itrust2.config.SecurityConfig$$EnhancerBySpringCGLIB$$911baa80@24a9a78c}
06:33:40.386 [main] DEBUG o.s.b.f.s.DefaultListableBeanFactory - Invoking afterPropertiesSet() on bean with name 'org.springframework.security.authentication.dao.DaoAuthenticationProvider@44bb344d'
06:33:40.386 [main] DEBUG o.s.b.f.s.DefaultListableBeanFactory - Returning cached instance of singleton bean 'metaDataSourceAdvisor'
06:33:40.389 [main] DEBUG o.s.b.f.s.DefaultListableBeanFactory - Invoking afterPropertiesSet() on bean with name 'org.springframework.security.authentication.ProviderManager@46ea7f65'
06:33:40.389 [main] DEBUG o.s.b.f.s.DefaultListableBeanFactory - Returning cached instance of singleton bean 'metaDataSourceAdvisor'
06:33:40.391 [main] DEBUG o.s.b.f.s.DefaultListableBeanFactory - Returning cached instance of singleton bean 'authenticationManagerBuilder'
06:33:40.391 [main] DEBUG o.s.w.c.s.StandardServletEnvironment - Adding [servletConfigInitParams] PropertySource with lowest search precedence
06:33:40.391 [main] DEBUG o.s.w.c.s.StandardServletEnvironment - Adding [servletContextInitParams] PropertySource with lowest search precedence
06:33:40.392 [main] DEBUG o.s.w.c.s.StandardServletEnvironment - Adding [systemProperties] PropertySource with lowest search precedence
06:33:40.392 [main] DEBUG o.s.w.c.s.StandardServletEnvironment - Adding [systemEnvironment] PropertySource with lowest search precedence
06:33:40.392 [main] DEBUG o.s.w.c.s.StandardServletEnvironment - Initialized StandardServletEnvironment with PropertySources [servletConfigInitParams,servletContextInitParams,systemProperties,systemEnvironment]
06:33:40.392 [main] DEBUG o.s.w.c.s.StandardServletEnvironment - Adding [servletConfigInitParams] PropertySource with lowest search precedence
06:33:40.392 [main] DEBUG o.s.w.c.s.StandardServletEnvironment - Adding [servletContextInitParams] PropertySource with lowest search precedence
06:33:40.392 [main] DEBUG o.s.w.c.s.StandardServletEnvironment - Adding [systemProperties] PropertySource with lowest search precedence
06:33:40.392 [main] DEBUG o.s.w.c.s.StandardServletEnvironment - Adding [systemEnvironment] PropertySource with lowest search precedence
06:33:40.392 [main] DEBUG o.s.w.c.s.StandardServletEnvironment - Initialized StandardServletEnvironment with PropertySources [servletConfigInitParams,servletContextInitParams,systemProperties,systemEnvironment]
06:33:40.392 [main] DEBUG o.s.w.c.s.StandardServletEnvironment - Adding [servletConfigInitParams] PropertySource with lowest search precedence
06:33:40.392 [main] DEBUG o.s.w.c.s.StandardServletEnvironment - Adding [servletContextInitParams] PropertySource with lowest search precedence
06:33:40.392 [main] DEBUG o.s.w.c.s.StandardServletEnvironment - Adding [systemProperties] PropertySource with lowest search precedence
06:33:40.392 [main] DEBUG o.s.w.c.s.StandardServletEnvironment - Adding [systemEnvironment] PropertySource with lowest search precedence
06:33:40.392 [main] DEBUG o.s.w.c.s.StandardServletEnvironment - Initialized StandardServletEnvironment with PropertySources [servletConfigInitParams,servletContextInitParams,systemProperties,systemEnvironment]
06:33:40.394 [main] DEBUG o.s.b.f.s.DefaultListableBeanFactory - Creating shared instance of singleton bean 'ipBlockFilter'
06:33:40.395 [main] DEBUG o.s.b.f.s.DefaultListableBeanFactory - Creating instance of bean 'ipBlockFilter'
06:33:40.395 [main] DEBUG o.s.b.f.s.DefaultListableBeanFactory - Returning cached instance of singleton bean 'securityConfig'
06:33:40.396 [main] DEBUG o.s.w.c.s.StandardServletEnvironment - Adding [servletConfigInitParams] PropertySource with lowest search precedence
06:33:40.396 [main] DEBUG o.s.w.c.s.StandardServletEnvironment - Adding [servletContextInitParams] PropertySource with lowest search precedence
06:33:40.396 [main] DEBUG o.s.w.c.s.StandardServletEnvironment - Adding [systemProperties] PropertySource with lowest search precedence
06:33:40.396 [main] DEBUG o.s.w.c.s.StandardServletEnvironment - Adding [systemEnvironment] PropertySource with lowest search precedence
06:33:40.396 [main] DEBUG o.s.w.c.s.StandardServletEnvironment - Initialized StandardServletEnvironment with PropertySources [servletConfigInitParams,servletContextInitParams,systemProperties,systemEnvironment]
06:33:40.396 [main] DEBUG o.s.b.f.s.DefaultListableBeanFactory - Eagerly caching bean 'ipBlockFilter' to allow for resolving potential circular references
06:33:40.400 [main] DEBUG o.s.b.f.s.DefaultListableBeanFactory - Invoking afterPropertiesSet() on bean with name 'ipBlockFilter'
06:33:40.400 [main] DEBUG o.s.b.f.s.DefaultListableBeanFactory - Returning cached instance of singleton bean 'metaDataSourceAdvisor'
06:33:40.400 [main] DEBUG o.s.b.f.s.DefaultListableBeanFactory - Finished creating instance of bean 'ipBlockFilter'
06:33:40.400 [main] DEBUG o.s.w.c.s.StandardServletEnvironment - Adding [servletConfigInitParams] PropertySource with lowest search precedence
06:33:40.400 [main] DEBUG o.s.w.c.s.StandardServletEnvironment - Adding [servletContextInitParams] PropertySource with lowest search precedence
06:33:40.400 [main] DEBUG o.s.w.c.s.StandardServletEnvironment - Adding [systemProperties] PropertySource with lowest search precedence
06:33:40.400 [main] DEBUG o.s.w.c.s.StandardServletEnvironment - Adding [systemEnvironment] PropertySource with lowest search precedence
06:33:40.401 [main] DEBUG o.s.w.c.s.StandardServletEnvironment - Initialized StandardServletEnvironment with PropertySources [servletConfigInitParams,servletContextInitParams,systemProperties,systemEnvironment]
06:33:40.401 [main] DEBUG o.s.b.f.s.DefaultListableBeanFactory - Creating shared instance of singleton bean 'failureHandler'
06:33:40.401 [main] DEBUG o.s.b.f.s.DefaultListableBeanFactory - Creating instance of bean 'failureHandler'
06:33:40.401 [main] DEBUG o.s.b.f.s.DefaultListableBeanFactory - Returning cached instance of singleton bean 'securityConfig'
06:33:40.401 [main] DEBUG o.s.b.f.s.DefaultListableBeanFactory - Eagerly caching bean 'failureHandler' to allow for resolving potential circular references
06:33:40.402 [main] DEBUG o.s.b.f.s.DefaultListableBeanFactory - Returning cached instance of singleton bean 'metaDataSourceAdvisor'
06:33:40.402 [main] DEBUG o.s.b.f.s.DefaultListableBeanFactory - Finished creating instance of bean 'failureHandler'
06:33:40.402 [main] INFO  o.s.s.web.DefaultSecurityFilterChain - Creating filter chain: Ant [pattern='/api/v1/requestPasswordReset'], []
06:33:40.402 [main] INFO  o.s.s.web.DefaultSecurityFilterChain - Creating filter chain: Ant [pattern='/api/v1/resetPassword/*'], []
06:33:40.402 [main] INFO  o.s.s.web.DefaultSecurityFilterChain - Creating filter chain: Ant [pattern='/requestPasswordReset'], []
06:33:40.402 [main] INFO  o.s.s.web.DefaultSecurityFilterChain - Creating filter chain: Ant [pattern='/resetPassword'], []
06:33:40.402 [main] DEBUG o.s.b.f.s.DefaultListableBeanFactory - Returning cached instance of singleton bean 'metaDataSourceAdvisor'
06:33:40.405 [main] DEBUG o.s.b.f.s.DefaultListableBeanFactory - Returning cached instance of singleton bean 'metaDataSourceAdvisor'
06:33:40.406 [main] DEBUG o.s.w.c.s.StandardServletEnvironment - Adding [servletConfigInitParams] PropertySource with lowest search precedence
06:33:40.406 [main] DEBUG o.s.w.c.s.StandardServletEnvironment - Adding [servletContextInitParams] PropertySource with lowest search precedence
06:33:40.407 [main] DEBUG o.s.w.c.s.StandardServletEnvironment - Adding [systemProperties] PropertySource with lowest search precedence
06:33:40.407 [main] DEBUG o.s.w.c.s.StandardServletEnvironment - Adding [systemEnvironment] PropertySource with lowest search precedence
06:33:40.407 [main] DEBUG o.s.w.c.s.StandardServletEnvironment - Initialized StandardServletEnvironment with PropertySources [servletConfigInitParams,servletContextInitParams,systemProperties,systemEnvironment]
06:33:40.407 [main] DEBUG o.s.b.f.s.DefaultListableBeanFactory - Returning cached instance of singleton bean 'metaDataSourceAdvisor'
06:33:40.410 [main] DEBUG o.s.b.f.s.DefaultListableBeanFactory - Invoking afterPropertiesSet() on bean with name 'org.springframework.security.web.authentication.LoginUrlAuthenticationEntryPoint@3292c1d3'
06:33:40.410 [main] DEBUG o.s.b.f.s.DefaultListableBeanFactory - Returning cached instance of singleton bean 'metaDataSourceAdvisor'
06:33:40.413 [main] DEBUG o.s.b.f.s.DefaultListableBeanFactory - Invoking afterPropertiesSet() on bean with name 'org.springframework.security.authentication.ProviderManager@ec228d4'
06:33:40.413 [main] DEBUG o.s.b.f.s.DefaultListableBeanFactory - Returning cached instance of singleton bean 'metaDataSourceAdvisor'
06:33:40.413 [main] DEBUG o.s.w.c.s.StandardServletEnvironment - Adding [servletConfigInitParams] PropertySource with lowest search precedence
06:33:40.413 [main] DEBUG o.s.w.c.s.StandardServletEnvironment - Adding [servletContextInitParams] PropertySource with lowest search precedence
06:33:40.413 [main] DEBUG o.s.w.c.s.StandardServletEnvironment - Adding [systemProperties] PropertySource with lowest search precedence
06:33:40.414 [main] DEBUG o.s.w.c.s.StandardServletEnvironment - Adding [systemEnvironment] PropertySource with lowest search precedence
06:33:40.414 [main] DEBUG o.s.w.c.s.StandardServletEnvironment - Initialized StandardServletEnvironment with PropertySources [servletConfigInitParams,servletContextInitParams,systemProperties,systemEnvironment]
06:33:40.414 [main] DEBUG o.s.b.f.s.DefaultListableBeanFactory - Invoking afterPropertiesSet() on bean with name 'org.springframework.security.web.csrf.CsrfFilter@6209e275'
06:33:40.414 [main] DEBUG o.s.b.f.s.DefaultListableBeanFactory - Returning cached instance of singleton bean 'metaDataSourceAdvisor'
06:33:40.419 [main] DEBUG o.s.w.c.s.StandardServletEnvironment - Adding [servletConfigInitParams] PropertySource with lowest search precedence
06:33:40.419 [main] DEBUG o.s.w.c.s.StandardServletEnvironment - Adding [servletContextInitParams] PropertySource with lowest search precedence
06:33:40.419 [main] DEBUG o.s.w.c.s.StandardServletEnvironment - Adding [systemProperties] PropertySource with lowest search precedence
06:33:40.420 [main] DEBUG o.s.w.c.s.StandardServletEnvironment - Adding [systemEnvironment] PropertySource with lowest search precedence
06:33:40.420 [main] DEBUG o.s.w.c.s.StandardServletEnvironment - Initialized StandardServletEnvironment with PropertySources [servletConfigInitParams,servletContextInitParams,systemProperties,systemEnvironment]
06:33:40.420 [main] DEBUG o.s.b.f.s.DefaultListableBeanFactory - Invoking afterPropertiesSet() on bean with name 'org.springframework.security.web.access.ExceptionTranslationFilter@46312bbe'
06:33:40.420 [main] DEBUG o.s.b.f.s.DefaultListableBeanFactory - Returning cached instance of singleton bean 'metaDataSourceAdvisor'
06:33:40.424 [main] DEBUG o.s.w.c.s.StandardServletEnvironment - Adding [servletConfigInitParams] PropertySource with lowest search precedence
06:33:40.424 [main] DEBUG o.s.w.c.s.StandardServletEnvironment - Adding [servletContextInitParams] PropertySource with lowest search precedence
06:33:40.424 [main] DEBUG o.s.w.c.s.StandardServletEnvironment - Adding [systemProperties] PropertySource with lowest search precedence
06:33:40.424 [main] DEBUG o.s.w.c.s.StandardServletEnvironment - Adding [systemEnvironment] PropertySource with lowest search precedence
06:33:40.424 [main] DEBUG o.s.w.c.s.StandardServletEnvironment - Initialized StandardServletEnvironment with PropertySources [servletConfigInitParams,servletContextInitParams,systemProperties,systemEnvironment]
06:33:40.424 [main] DEBUG o.s.b.f.s.DefaultListableBeanFactory - Invoking afterPropertiesSet() on bean with name 'org.springframework.security.web.header.HeaderWriterFilter@4e497051'
06:33:40.424 [main] DEBUG o.s.b.f.s.DefaultListableBeanFactory - Returning cached instance of singleton bean 'metaDataSourceAdvisor'
06:33:40.431 [main] DEBUG o.s.w.c.s.StandardServletEnvironment - Adding [servletConfigInitParams] PropertySource with lowest search precedence
06:33:40.431 [main] DEBUG o.s.w.c.s.StandardServletEnvironment - Adding [servletContextInitParams] PropertySource with lowest search precedence
06:33:40.432 [main] DEBUG o.s.w.c.s.StandardServletEnvironment - Adding [systemProperties] PropertySource with lowest search precedence
06:33:40.432 [main] DEBUG o.s.w.c.s.StandardServletEnvironment - Adding [systemEnvironment] PropertySource with lowest search precedence
06:33:40.432 [main] DEBUG o.s.w.c.s.StandardServletEnvironment - Initialized StandardServletEnvironment with PropertySources [servletConfigInitParams,servletContextInitParams,systemProperties,systemEnvironment]
06:33:40.432 [main] DEBUG o.s.b.f.s.DefaultListableBeanFactory - Invoking afterPropertiesSet() on bean with name 'org.springframework.security.web.session.SessionManagementFilter@515265c4'
06:33:40.432 [main] DEBUG o.s.b.f.s.DefaultListableBeanFactory - Returning cached instance of singleton bean 'metaDataSourceAdvisor'
06:33:40.437 [main] DEBUG o.s.w.c.s.StandardServletEnvironment - Adding [servletConfigInitParams] PropertySource with lowest search precedence
06:33:40.437 [main] DEBUG o.s.w.c.s.StandardServletEnvironment - Adding [servletContextInitParams] PropertySource with lowest search precedence
06:33:40.437 [main] DEBUG o.s.w.c.s.StandardServletEnvironment - Adding [systemProperties] PropertySource with lowest search precedence
06:33:40.437 [main] DEBUG o.s.w.c.s.StandardServletEnvironment - Adding [systemEnvironment] PropertySource with lowest search precedence
06:33:40.437 [main] DEBUG o.s.w.c.s.StandardServletEnvironment - Initialized StandardServletEnvironment with PropertySources [servletConfigInitParams,servletContextInitParams,systemProperties,systemEnvironment]
06:33:40.438 [main] DEBUG o.s.b.f.s.DefaultListableBeanFactory - Invoking afterPropertiesSet() on bean with name 'org.springframework.security.web.context.SecurityContextPersistenceFilter@7c653fd1'
06:33:40.438 [main] DEBUG o.s.b.f.s.DefaultListableBeanFactory - Returning cached instance of singleton bean 'metaDataSourceAdvisor'
06:33:40.442 [main] DEBUG o.s.w.c.s.StandardServletEnvironment - Adding [servletConfigInitParams] PropertySource with lowest search precedence
06:33:40.442 [main] DEBUG o.s.w.c.s.StandardServletEnvironment - Adding [servletContextInitParams] PropertySource with lowest search precedence
06:33:40.442 [main] DEBUG o.s.w.c.s.StandardServletEnvironment - Adding [systemProperties] PropertySource with lowest search precedence
06:33:40.442 [main] DEBUG o.s.w.c.s.StandardServletEnvironment - Adding [systemEnvironment] PropertySource with lowest search precedence
06:33:40.442 [main] DEBUG o.s.w.c.s.StandardServletEnvironment - Initialized StandardServletEnvironment with PropertySources [servletConfigInitParams,servletContextInitParams,systemProperties,systemEnvironment]
06:33:40.442 [main] DEBUG o.s.b.f.s.DefaultListableBeanFactory - Invoking afterPropertiesSet() on bean with name 'org.springframework.security.web.savedrequest.RequestCacheAwareFilter@33468738'
06:33:40.442 [main] DEBUG o.s.b.f.s.DefaultListableBeanFactory - Returning cached instance of singleton bean 'metaDataSourceAdvisor'
06:33:40.447 [main] DEBUG o.s.b.f.s.DefaultListableBeanFactory - Invoking afterPropertiesSet() on bean with name 'org.springframework.security.web.servletapi.SecurityContextHolderAwareRequestFilter@3608b2f9'
06:33:40.447 [main] DEBUG o.s.b.f.s.DefaultListableBeanFactory - Returning cached instance of singleton bean 'metaDataSourceAdvisor'
06:33:40.451 [main] DEBUG o.s.w.c.s.StandardServletEnvironment - Adding [servletConfigInitParams] PropertySource with lowest search precedence
06:33:40.451 [main] DEBUG o.s.w.c.s.StandardServletEnvironment - Adding [servletContextInitParams] PropertySource with lowest search precedence
06:33:40.451 [main] DEBUG o.s.w.c.s.StandardServletEnvironment - Adding [systemProperties] PropertySource with lowest search precedence
06:33:40.451 [main] DEBUG o.s.w.c.s.StandardServletEnvironment - Adding [systemEnvironment] PropertySource with lowest search precedence
06:33:40.451 [main] DEBUG o.s.w.c.s.StandardServletEnvironment - Initialized StandardServletEnvironment with PropertySources [servletConfigInitParams,servletContextInitParams,systemProperties,systemEnvironment]
06:33:40.451 [main] DEBUG o.s.b.f.s.DefaultListableBeanFactory - Invoking afterPropertiesSet() on bean with name 'org.springframework.security.web.authentication.logout.LogoutFilter@74b69db9'
06:33:40.451 [main] DEBUG o.s.b.f.s.DefaultListableBeanFactory - Returning cached instance of singleton bean 'metaDataSourceAdvisor'
06:33:40.457 [main] DEBUG o.s.s.w.a.e.ExpressionBasedFilterInvocationSecurityMetadataSource - Adding web access control expression 'anonymous', for Ant [pattern='/login*']
06:33:40.457 [main] DEBUG o.s.s.w.a.e.ExpressionBasedFilterInvocationSecurityMetadataSource - Adding web access control expression 'authenticated', for org.springframework.security.web.util.matcher.AnyRequestMatcher@1
06:33:40.457 [main] DEBUG o.s.b.f.s.DefaultListableBeanFactory - Invoking afterPropertiesSet() on bean with name 'org.springframework.security.access.vote.AffirmativeBased@26008319'
06:33:40.457 [main] DEBUG o.s.b.f.s.DefaultListableBeanFactory - Returning cached instance of singleton bean 'metaDataSourceAdvisor'
06:33:40.459 [main] DEBUG o.s.s.w.a.i.FilterSecurityInterceptor - Validated configuration attributes
06:33:40.459 [main] DEBUG o.s.b.f.s.DefaultListableBeanFactory - Invoking afterPropertiesSet() on bean with name 'org.springframework.security.web.access.intercept.FilterSecurityInterceptor@7191011b'
06:33:40.460 [main] DEBUG o.s.s.w.a.i.FilterSecurityInterceptor - Validated configuration attributes
06:33:40.460 [main] DEBUG o.s.b.f.s.DefaultListableBeanFactory - Returning cached instance of singleton bean 'metaDataSourceAdvisor'
06:33:40.463 [main] DEBUG o.s.b.f.s.DefaultListableBeanFactory - Invoking afterPropertiesSet() on bean with name 'org.springframework.security.web.authentication.UsernamePasswordAuthenticationFilter@53ab4c7b'
06:33:40.463 [main] DEBUG o.s.b.f.s.DefaultListableBeanFactory - Returning cached instance of singleton bean 'metaDataSourceAdvisor'
06:33:40.471 [main] INFO  o.s.s.web.DefaultSecurityFilterChain - Creating filter chain: org.springframework.security.web.util.matcher.AnyRequestMatcher@1, [edu.ncsu.csc.itrust2.config.IPFilter@79073adc, org.springframework.security.web.context.request.async.WebAsyncManagerIntegrationFilter@65639ae6, org.springframework.security.web.context.SecurityContextPersistenceFilter@7c653fd1, org.springframework.security.web.header.HeaderWriterFilter@4e497051, org.springframework.security.web.csrf.CsrfFilter@6209e275, org.springframework.security.web.authentication.logout.LogoutFilter@74b69db9, org.springframework.security.web.authentication.UsernamePasswordAuthenticationFilter@53ab4c7b, org.springframework.security.web.savedrequest.RequestCacheAwareFilter@33468738, org.springframework.security.web.servletapi.SecurityContextHolderAwareRequestFilter@3608b2f9, org.springframework.security.web.authentication.AnonymousAuthenticationFilter@4b8a7fff, org.springframework.security.web.session.SessionManagementFilter@515265c4, org.springframework.security.web.access.ExceptionTranslationFilter@46312bbe, org.springframework.security.web.access.intercept.FilterSecurityInterceptor@7191011b]
06:33:40.471 [main] DEBUG o.s.w.c.s.StandardServletEnvironment - Adding [servletConfigInitParams] PropertySource with lowest search precedence
06:33:40.471 [main] DEBUG o.s.w.c.s.StandardServletEnvironment - Adding [servletContextInitParams] PropertySource with lowest search precedence
06:33:40.471 [main] DEBUG o.s.w.c.s.StandardServletEnvironment - Adding [systemProperties] PropertySource with lowest search precedence
06:33:40.471 [main] DEBUG o.s.w.c.s.StandardServletEnvironment - Adding [systemEnvironment] PropertySource with lowest search precedence
06:33:40.472 [main] DEBUG o.s.w.c.s.StandardServletEnvironment - Initialized StandardServletEnvironment with PropertySources [servletConfigInitParams,servletContextInitParams,systemProperties,systemEnvironment]
06:33:40.472 [main] DEBUG o.s.b.f.s.DefaultListableBeanFactory - Eagerly caching bean 'springSecurityFilterChain' to allow for resolving potential circular references
06:33:40.474 [main] DEBUG o.s.b.f.s.DefaultListableBeanFactory - Invoking afterPropertiesSet() on bean with name 'springSecurityFilterChain'
06:33:40.474 [main] DEBUG o.s.b.f.s.DefaultListableBeanFactory - Returning cached instance of singleton bean 'metaDataSourceAdvisor'
06:33:40.475 [main] DEBUG o.s.b.f.s.DefaultListableBeanFactory - Finished creating instance of bean 'springSecurityFilterChain'
06:33:40.475 [main] DEBUG o.s.b.f.s.DefaultListableBeanFactory - Creating shared instance of singleton bean 'webSecurityExpressionHandler'
06:33:40.475 [main] DEBUG o.s.b.f.s.DefaultListableBeanFactory - Creating instance of bean 'webSecurityExpressionHandler'
06:33:40.475 [main] DEBUG o.s.b.f.s.DefaultListableBeanFactory - Returning cached instance of singleton bean 'org.springframework.security.config.annotation.web.configuration.WebSecurityConfiguration'
06:33:40.475 [main] DEBUG o.s.b.f.s.DefaultListableBeanFactory - Eagerly caching bean 'webSecurityExpressionHandler' to allow for resolving potential circular references
06:33:40.475 [main] DEBUG o.s.b.f.s.DefaultListableBeanFactory - Finished creating instance of bean 'webSecurityExpressionHandler'
06:33:40.476 [main] DEBUG o.s.b.f.s.DefaultListableBeanFactory - Returning cached instance of singleton bean 'springSecurityFilterChain'
06:33:40.476 [main] DEBUG o.s.b.f.s.DefaultListableBeanFactory - Returning cached instance of singleton bean 'springSecurityFilterChain'
06:33:40.476 [main] DEBUG o.s.b.f.s.DefaultListableBeanFactory - Creating shared instance of singleton bean 'privilegeEvaluator'
06:33:40.476 [main] DEBUG o.s.b.f.s.DefaultListableBeanFactory - Creating instance of bean 'privilegeEvaluator'
06:33:40.476 [main] DEBUG o.s.b.f.s.DefaultListableBeanFactory - Returning cached instance of singleton bean 'org.springframework.security.config.annotation.web.configuration.WebSecurityConfiguration'
06:33:40.476 [main] DEBUG o.s.b.f.s.DefaultListableBeanFactory - Eagerly caching bean 'privilegeEvaluator' to allow for resolving potential circular references
06:33:40.477 [main] DEBUG o.s.b.f.s.DefaultListableBeanFactory - Returning cached instance of singleton bean 'metaDataSourceAdvisor'
06:33:40.477 [main] DEBUG o.s.b.f.s.DefaultListableBeanFactory - Finished creating instance of bean 'privilegeEvaluator'
06:33:40.477 [main] DEBUG o.s.b.f.s.DefaultListableBeanFactory - Returning cached instance of singleton bean 'autowiredWebSecurityConfigurersIgnoreParents'
06:33:40.477 [main] DEBUG o.s.b.f.s.DefaultListableBeanFactory - Returning cached instance of singleton bean 'org.springframework.security.config.annotation.web.configuration.WebMvcSecurityConfiguration'
06:33:40.477 [main] DEBUG o.s.b.f.s.DefaultListableBeanFactory - Creating shared instance of singleton bean 'requestDataValueProcessor'
06:33:40.477 [main] DEBUG o.s.b.f.s.DefaultListableBeanFactory - Creating instance of bean 'requestDataValueProcessor'
06:33:40.477 [main] DEBUG o.s.b.f.s.DefaultListableBeanFactory - Returning cached instance of singleton bean 'org.springframework.security.config.annotation.web.configuration.WebMvcSecurityConfiguration'
06:33:40.477 [main] DEBUG o.s.b.f.s.DefaultListableBeanFactory - Eagerly caching bean 'requestDataValueProcessor' to allow for resolving potential circular references
06:33:40.478 [main] DEBUG o.s.b.f.s.DefaultListableBeanFactory - Returning cached instance of singleton bean 'metaDataSourceAdvisor'
06:33:40.478 [main] DEBUG o.s.b.f.s.DefaultListableBeanFactory - Finished creating instance of bean 'requestDataValueProcessor'
06:33:40.478 [main] DEBUG o.s.b.f.s.DefaultListableBeanFactory - Returning cached instance of singleton bean 'passwordEncoder'
06:33:40.478 [main] DEBUG o.s.b.f.s.DefaultListableBeanFactory - Returning cached instance of singleton bean 'defaultAuthenticationEventPublisher'
06:33:40.478 [main] DEBUG o.s.b.f.s.DefaultListableBeanFactory - Returning cached instance of singleton bean 'failureHandler'
06:33:40.478 [main] DEBUG o.s.b.f.s.DefaultListableBeanFactory - Returning cached instance of singleton bean 'ipBlockFilter'
06:33:40.478 [main] DEBUG o.s.b.f.s.DefaultListableBeanFactory - Returning cached instance of singleton bean 'org.springframework.web.servlet.config.annotation.DelegatingWebMvcConfiguration'
06:33:40.478 [main] DEBUG o.s.b.f.s.DefaultListableBeanFactory - Creating shared instance of singleton bean 'mvcPathMatcher'
06:33:40.478 [main] DEBUG o.s.b.f.s.DefaultListableBeanFactory - Creating instance of bean 'mvcPathMatcher'
06:33:40.478 [main] DEBUG o.s.b.f.s.DefaultListableBeanFactory - Returning cached instance of singleton bean 'org.springframework.web.servlet.config.annotation.DelegatingWebMvcConfiguration'
06:33:40.479 [main] DEBUG o.s.b.f.s.DefaultListableBeanFactory - Eagerly caching bean 'mvcPathMatcher' to allow for resolving potential circular references
06:33:40.479 [main] DEBUG o.s.b.f.s.DefaultListableBeanFactory - Returning cached instance of singleton bean 'metaDataSourceAdvisor'
06:33:40.480 [main] DEBUG o.s.b.f.s.DefaultListableBeanFactory - Finished creating instance of bean 'mvcPathMatcher'
06:33:40.480 [main] DEBUG o.s.b.f.s.DefaultListableBeanFactory - Creating shared instance of singleton bean 'mvcUrlPathHelper'
06:33:40.480 [main] DEBUG o.s.b.f.s.DefaultListableBeanFactory - Creating instance of bean 'mvcUrlPathHelper'
06:33:40.480 [main] DEBUG o.s.b.f.s.DefaultListableBeanFactory - Returning cached instance of singleton bean 'org.springframework.web.servlet.config.annotation.DelegatingWebMvcConfiguration'
06:33:40.480 [main] DEBUG o.s.b.f.s.DefaultListableBeanFactory - Eagerly caching bean 'mvcUrlPathHelper' to allow for resolving potential circular references
06:33:40.480 [main] DEBUG o.s.b.f.s.DefaultListableBeanFactory - Returning cached instance of singleton bean 'metaDataSourceAdvisor'
06:33:40.481 [main] DEBUG o.s.b.f.s.DefaultListableBeanFactory - Finished creating instance of bean 'mvcUrlPathHelper'
06:33:40.481 [main] DEBUG o.s.b.f.s.DefaultListableBeanFactory - Returning cached instance of singleton bean 'mvcContentNegotiationManager'
06:33:40.481 [main] DEBUG o.s.b.f.s.DefaultListableBeanFactory - Creating shared instance of singleton bean 'viewControllerHandlerMapping'
06:33:40.481 [main] DEBUG o.s.b.f.s.DefaultListableBeanFactory - Creating instance of bean 'viewControllerHandlerMapping'
06:33:40.481 [main] DEBUG o.s.b.f.s.DefaultListableBeanFactory - Returning cached instance of singleton bean 'org.springframework.web.servlet.config.annotation.DelegatingWebMvcConfiguration'
06:33:40.481 [main] DEBUG o.s.b.f.s.DefaultListableBeanFactory - Returning cached instance of singleton bean 'mvcPathMatcher'
06:33:40.481 [main] DEBUG o.s.b.f.s.DefaultListableBeanFactory - Returning cached instance of singleton bean 'mvcUrlPathHelper'
06:33:40.481 [main] DEBUG o.s.b.f.s.DefaultListableBeanFactory - Returning cached instance of singleton bean 'mvcConversionService'
06:33:40.481 [main] DEBUG o.s.b.f.s.DefaultListableBeanFactory - Creating shared instance of singleton bean 'mvcResourceUrlProvider'
06:33:40.481 [main] DEBUG o.s.b.f.s.DefaultListableBeanFactory - Creating instance of bean 'mvcResourceUrlProvider'
06:33:40.481 [main] DEBUG o.s.b.f.s.DefaultListableBeanFactory - Returning cached instance of singleton bean 'org.springframework.web.servlet.config.annotation.DelegatingWebMvcConfiguration'
06:33:40.481 [main] DEBUG o.s.b.f.s.DefaultListableBeanFactory - Eagerly caching bean 'mvcResourceUrlProvider' to allow for resolving potential circular references
06:33:40.482 [main] DEBUG o.s.b.f.s.DefaultListableBeanFactory - Returning cached instance of singleton bean 'metaDataSourceAdvisor'
06:33:40.483 [main] DEBUG o.s.b.f.s.DefaultListableBeanFactory - Finished creating instance of bean 'mvcResourceUrlProvider'
06:33:40.483 [main] DEBUG o.s.b.f.s.DefaultListableBeanFactory - Eagerly caching bean 'viewControllerHandlerMapping' to allow for resolving potential circular references
06:33:40.485 [main] INFO  o.s.w.s.h.SimpleUrlHandlerMapping - Mapped URL path [/login] onto handler of type [class org.springframework.web.servlet.mvc.ParameterizableViewController]
06:33:40.486 [main] DEBUG o.s.b.f.s.DefaultListableBeanFactory - Returning cached instance of singleton bean 'metaDataSourceAdvisor'
06:33:40.491 [main] DEBUG o.s.b.f.s.DefaultListableBeanFactory - Finished creating instance of bean 'viewControllerHandlerMapping'
06:33:40.491 [main] DEBUG o.s.b.f.s.DefaultListableBeanFactory - Creating shared instance of singleton bean 'beanNameHandlerMapping'
06:33:40.491 [main] DEBUG o.s.b.f.s.DefaultListableBeanFactory - Creating instance of bean 'beanNameHandlerMapping'
06:33:40.492 [main] DEBUG o.s.b.f.s.DefaultListableBeanFactory - Returning cached instance of singleton bean 'org.springframework.web.servlet.config.annotation.DelegatingWebMvcConfiguration'
06:33:40.492 [main] DEBUG o.s.b.f.s.DefaultListableBeanFactory - Eagerly caching bean 'beanNameHandlerMapping' to allow for resolving potential circular references
06:33:40.495 [main] DEBUG o.s.w.s.h.BeanNameUrlHandlerMapping - Looking for URL mappings in application context: org.springframework.web.context.support.GenericWebApplicationContext@6b48b8a2: startup date [Thu Mar 22 06:33:39 UTC 2018]; root of context hierarchy
06:33:40.495 [main] DEBUG o.s.w.s.h.BeanNameUrlHandlerMapping - Rejected bean name 'org.springframework.context.annotation.internalConfigurationAnnotationProcessor': no URL paths identified
06:33:40.495 [main] DEBUG o.s.w.s.h.BeanNameUrlHandlerMapping - Rejected bean name 'org.springframework.context.annotation.internalAutowiredAnnotationProcessor': no URL paths identified
06:33:40.495 [main] DEBUG o.s.w.s.h.BeanNameUrlHandlerMapping - Rejected bean name 'org.springframework.context.annotation.internalRequiredAnnotationProcessor': no URL paths identified
06:33:40.495 [main] DEBUG o.s.w.s.h.BeanNameUrlHandlerMapping - Rejected bean name 'org.springframework.context.annotation.internalCommonAnnotationProcessor': no URL paths identified
06:33:40.495 [main] DEBUG o.s.w.s.h.BeanNameUrlHandlerMapping - Rejected bean name 'org.springframework.context.annotation.internalPersistenceAnnotationProcessor': no URL paths identified
06:33:40.496 [main] DEBUG o.s.w.s.h.BeanNameUrlHandlerMapping - Rejected bean name 'org.springframework.context.event.internalEventListenerProcessor': no URL paths identified
06:33:40.496 [main] DEBUG o.s.w.s.h.BeanNameUrlHandlerMapping - Rejected bean name 'org.springframework.context.event.internalEventListenerFactory': no URL paths identified
06:33:40.496 [main] DEBUG o.s.w.s.h.BeanNameUrlHandlerMapping - Rejected bean name 'rootConfiguration': no URL paths identified
06:33:40.496 [main] DEBUG o.s.w.s.h.BeanNameUrlHandlerMapping - Rejected bean name 'webMvcConfiguration': no URL paths identified
06:33:40.496 [main] DEBUG o.s.w.s.h.BeanNameUrlHandlerMapping - Rejected bean name 'dataConfiguration': no URL paths identified
06:33:40.496 [main] DEBUG o.s.w.s.h.BeanNameUrlHandlerMapping - Rejected bean name 'loginAuditingListener': no URL paths identified
06:33:40.496 [main] DEBUG o.s.w.s.h.BeanNameUrlHandlerMapping - Rejected bean name 'securityConfig': no URL paths identified
06:33:40.496 [main] DEBUG o.s.w.s.h.BeanNameUrlHandlerMapping - Rejected bean name 'defaultController': no URL paths identified
06:33:40.496 [main] DEBUG o.s.w.s.h.BeanNameUrlHandlerMapping - Rejected bean name 'adminController': no URL paths identified
06:33:40.496 [main] DEBUG o.s.w.s.h.BeanNameUrlHandlerMapping - Rejected bean name 'adminUserController': no URL paths identified
06:33:40.496 [main] DEBUG o.s.w.s.h.BeanNameUrlHandlerMapping - Rejected bean name 'hospitalController': no URL paths identified
06:33:40.496 [main] DEBUG o.s.w.s.h.BeanNameUrlHandlerMapping - Rejected bean name 'ICDCodesController': no URL paths identified
06:33:40.496 [main] DEBUG o.s.w.s.h.BeanNameUrlHandlerMapping - Rejected bean name 'APIAppointmentRequestController': no URL paths identified
06:33:40.496 [main] DEBUG o.s.w.s.h.BeanNameUrlHandlerMapping - Rejected bean name 'APIDiagnosisController': no URL paths identified
06:33:40.496 [main] DEBUG o.s.w.s.h.BeanNameUrlHandlerMapping - Rejected bean name 'APIDrugController': no URL paths identified
06:33:40.496 [main] DEBUG o.s.w.s.h.BeanNameUrlHandlerMapping - Rejected bean name 'APIEnumController': no URL paths identified
06:33:40.496 [main] DEBUG o.s.w.s.h.BeanNameUrlHandlerMapping - Rejected bean name 'APIHospitalController': no URL paths identified
06:33:40.496 [main] DEBUG o.s.w.s.h.BeanNameUrlHandlerMapping - Rejected bean name 'APIICDCodeController': no URL paths identified
06:33:40.496 [main] DEBUG o.s.w.s.h.BeanNameUrlHandlerMapping - Rejected bean name 'APILogEntryController': no URL paths identified
06:33:40.496 [main] DEBUG o.s.w.s.h.BeanNameUrlHandlerMapping - Rejected bean name 'APIOfficeVisitController': no URL paths identified
06:33:40.496 [main] DEBUG o.s.w.s.h.BeanNameUrlHandlerMapping - Rejected bean name 'APIPasswordController': no URL paths identified
06:33:40.496 [main] DEBUG o.s.w.s.h.BeanNameUrlHandlerMapping - Rejected bean name 'APIPatientController': no URL paths identified
06:33:40.496 [main] DEBUG o.s.w.s.h.BeanNameUrlHandlerMapping - Rejected bean name 'APIPersonnelController': no URL paths identified
06:33:40.496 [main] DEBUG o.s.w.s.h.BeanNameUrlHandlerMapping - Rejected bean name 'APIPrescriptionController': no URL paths identified
06:33:40.496 [main] DEBUG o.s.w.s.h.BeanNameUrlHandlerMapping - Rejected bean name 'APIUserController': no URL paths identified
06:33:40.496 [main] DEBUG o.s.w.s.h.BeanNameUrlHandlerMapping - Rejected bean name 'appointmentControllerHCP': no URL paths identified
06:33:40.496 [main] DEBUG o.s.w.s.h.BeanNameUrlHandlerMapping - Rejected bean name 'HCPController': no URL paths identified
06:33:40.496 [main] DEBUG o.s.w.s.h.BeanNameUrlHandlerMapping - Rejected bean name 'officeVisitController': no URL paths identified
06:33:40.496 [main] DEBUG o.s.w.s.h.BeanNameUrlHandlerMapping - Rejected bean name 'appointmentController': no URL paths identified
06:33:40.496 [main] DEBUG o.s.w.s.h.BeanNameUrlHandlerMapping - Rejected bean name 'diagnosesController': no URL paths identified
06:33:40.496 [main] DEBUG o.s.w.s.h.BeanNameUrlHandlerMapping - Rejected bean name 'patientController': no URL paths identified
06:33:40.496 [main] DEBUG o.s.w.s.h.BeanNameUrlHandlerMapping - Rejected bean name 'passwordController': no URL paths identified
06:33:40.496 [main] DEBUG o.s.w.s.h.BeanNameUrlHandlerMapping - Rejected bean name 'userController': no URL paths identified
06:33:40.496 [main] DEBUG o.s.w.s.h.BeanNameUrlHandlerMapping - Rejected bean name 'dataSource': no URL paths identified
06:33:40.496 [main] DEBUG o.s.w.s.h.BeanNameUrlHandlerMapping - Rejected bean name 'org.springframework.security.config.annotation.configuration.ObjectPostProcessorConfiguration': no URL paths identified
06:33:40.496 [main] DEBUG o.s.w.s.h.BeanNameUrlHandlerMapping - Rejected bean name 'objectPostProcessor': no URL paths identified
06:33:40.496 [main] DEBUG o.s.w.s.h.BeanNameUrlHandlerMapping - Rejected bean name 'org.springframework.security.config.annotation.authentication.configuration.AuthenticationConfiguration': no URL paths identified
06:33:40.496 [main] DEBUG o.s.w.s.h.BeanNameUrlHandlerMapping - Rejected bean name 'authenticationManagerBuilder': no URL paths identified
06:33:40.496 [main] DEBUG o.s.w.s.h.BeanNameUrlHandlerMapping - Rejected bean name 'enableGlobalAuthenticationAutowiredConfigurer': no URL paths identified
06:33:40.496 [main] DEBUG o.s.w.s.h.BeanNameUrlHandlerMapping - Rejected bean name 'initializeUserDetailsBeanManagerConfigurer': no URL paths identified
06:33:40.496 [main] DEBUG o.s.w.s.h.BeanNameUrlHandlerMapping - Rejected bean name 'initializeAuthenticationProviderBeanManagerConfigurer': no URL paths identified
06:33:40.496 [main] DEBUG o.s.w.s.h.BeanNameUrlHandlerMapping - Rejected bean name 'org.springframework.security.config.annotation.web.configuration.WebSecurityConfiguration': no URL paths identified
06:33:40.496 [main] DEBUG o.s.w.s.h.BeanNameUrlHandlerMapping - Rejected bean name 'delegatingApplicationListener': no URL paths identified
06:33:40.496 [main] DEBUG o.s.w.s.h.BeanNameUrlHandlerMapping - Rejected bean name 'webSecurityExpressionHandler': no URL paths identified
06:33:40.497 [main] DEBUG o.s.w.s.h.BeanNameUrlHandlerMapping - Rejected bean name 'springSecurityFilterChain': no URL paths identified
06:33:40.497 [main] DEBUG o.s.w.s.h.BeanNameUrlHandlerMapping - Rejected bean name 'privilegeEvaluator': no URL paths identified
06:33:40.497 [main] DEBUG o.s.w.s.h.BeanNameUrlHandlerMapping - Rejected bean name 'autowiredWebSecurityConfigurersIgnoreParents': no URL paths identified
06:33:40.497 [main] DEBUG o.s.w.s.h.BeanNameUrlHandlerMapping - Rejected bean name 'org.springframework.security.config.annotation.web.configuration.WebMvcSecurityConfiguration': no URL paths identified
06:33:40.497 [main] DEBUG o.s.w.s.h.BeanNameUrlHandlerMapping - Rejected bean name 'requestDataValueProcessor': no URL paths identified
06:33:40.497 [main] DEBUG o.s.w.s.h.BeanNameUrlHandlerMapping - Rejected bean name 'passwordEncoder': no URL paths identified
06:33:40.497 [main] DEBUG o.s.w.s.h.BeanNameUrlHandlerMapping - Rejected bean name 'defaultAuthenticationEventPublisher': no URL paths identified
06:33:40.497 [main] DEBUG o.s.w.s.h.BeanNameUrlHandlerMapping - Rejected bean name 'failureHandler': no URL paths identified
06:33:40.497 [main] DEBUG o.s.w.s.h.BeanNameUrlHandlerMapping - Rejected bean name 'ipBlockFilter': no URL paths identified
06:33:40.497 [main] DEBUG o.s.w.s.h.BeanNameUrlHandlerMapping - Rejected bean name 'org.springframework.web.servlet.config.annotation.DelegatingWebMvcConfiguration': no URL paths identified
06:33:40.497 [main] DEBUG o.s.w.s.h.BeanNameUrlHandlerMapping - Rejected bean name 'mvcPathMatcher': no URL paths identified
06:33:40.497 [main] DEBUG o.s.w.s.h.BeanNameUrlHandlerMapping - Rejected bean name 'mvcUrlPathHelper': no URL paths identified
06:33:40.497 [main] DEBUG o.s.w.s.h.BeanNameUrlHandlerMapping - Rejected bean name 'mvcContentNegotiationManager': no URL paths identified
06:33:40.497 [main] DEBUG o.s.w.s.h.BeanNameUrlHandlerMapping - Rejected bean name 'viewControllerHandlerMapping': no URL paths identified
06:33:40.497 [main] DEBUG o.s.w.s.h.BeanNameUrlHandlerMapping - Rejected bean name 'beanNameHandlerMapping': no URL paths identified
06:33:40.497 [main] DEBUG o.s.w.s.h.BeanNameUrlHandlerMapping - Rejected bean name 'resourceHandlerMapping': no URL paths identified
06:33:40.497 [main] DEBUG o.s.w.s.h.BeanNameUrlHandlerMapping - Rejected bean name 'mvcResourceUrlProvider': no URL paths identified
06:33:40.497 [main] DEBUG o.s.w.s.h.BeanNameUrlHandlerMapping - Rejected bean name 'defaultServletHandlerMapping': no URL paths identified
06:33:40.497 [main] DEBUG o.s.w.s.h.BeanNameUrlHandlerMapping - Rejected bean name 'requestMappingHandlerAdapter': no URL paths identified
06:33:40.497 [main] DEBUG o.s.w.s.h.BeanNameUrlHandlerMapping - Rejected bean name 'mvcValidator': no URL paths identified
06:33:40.497 [main] DEBUG o.s.w.s.h.BeanNameUrlHandlerMapping - Rejected bean name 'mvcUriComponentsContributor': no URL paths identified
06:33:40.497 [main] DEBUG o.s.w.s.h.BeanNameUrlHandlerMapping - Rejected bean name 'httpRequestHandlerAdapter': no URL paths identified
06:33:40.497 [main] DEBUG o.s.w.s.h.BeanNameUrlHandlerMapping - Rejected bean name 'simpleControllerHandlerAdapter': no URL paths identified
06:33:40.497 [main] DEBUG o.s.w.s.h.BeanNameUrlHandlerMapping - Rejected bean name 'handlerExceptionResolver': no URL paths identified
06:33:40.497 [main] DEBUG o.s.w.s.h.BeanNameUrlHandlerMapping - Rejected bean name 'mvcViewResolver': no URL paths identified
06:33:40.497 [main] DEBUG o.s.w.s.h.BeanNameUrlHandlerMapping - Rejected bean name 'mvcConversionService': no URL paths identified
06:33:40.497 [main] DEBUG o.s.w.s.h.BeanNameUrlHandlerMapping - Rejected bean name 'requestMappingHandlerMapping': no URL paths identified
06:33:40.497 [main] DEBUG o.s.w.s.h.BeanNameUrlHandlerMapping - Rejected bean name 'org.springframework.security.config.annotation.method.configuration.GlobalMethodSecurityConfiguration': no URL paths identified
06:33:40.497 [main] DEBUG o.s.w.s.h.BeanNameUrlHandlerMapping - Rejected bean name 'methodSecurityInterceptor': no URL paths identified
06:33:40.497 [main] DEBUG o.s.w.s.h.BeanNameUrlHandlerMapping - Rejected bean name 'methodSecurityMetadataSource': no URL paths identified
06:33:40.497 [main] DEBUG o.s.w.s.h.BeanNameUrlHandlerMapping - Rejected bean name 'preInvocationAuthorizationAdvice': no URL paths identified
06:33:40.497 [main] DEBUG o.s.w.s.h.BeanNameUrlHandlerMapping - Rejected bean name 'viewResolver': no URL paths identified
06:33:40.497 [main] DEBUG o.s.w.s.h.BeanNameUrlHandlerMapping - Rejected bean name 'templateEngine': no URL paths identified
06:33:40.497 [main] DEBUG o.s.w.s.h.BeanNameUrlHandlerMapping - Rejected bean name 'domainClassConverter': no URL paths identified
06:33:40.497 [main] DEBUG o.s.w.s.h.BeanNameUrlHandlerMapping - Rejected bean name 'metaDataSourceAdvisor': no URL paths identified
06:33:40.497 [main] DEBUG o.s.w.s.h.BeanNameUrlHandlerMapping - Rejected bean name 'org.springframework.aop.config.internalAutoProxyCreator': no URL paths identified
06:33:40.497 [main] DEBUG o.s.w.s.h.BeanNameUrlHandlerMapping - Rejected bean name 'environment': no URL paths identified
06:33:40.497 [main] DEBUG o.s.w.s.h.BeanNameUrlHandlerMapping - Rejected bean name 'systemProperties': no URL paths identified
06:33:40.497 [main] DEBUG o.s.w.s.h.BeanNameUrlHandlerMapping - Rejected bean name 'systemEnvironment': no URL paths identified
06:33:40.497 [main] DEBUG o.s.w.s.h.BeanNameUrlHandlerMapping - Rejected bean name 'servletContext': no URL paths identified
06:33:40.497 [main] DEBUG o.s.w.s.h.BeanNameUrlHandlerMapping - Rejected bean name 'contextParameters': no URL paths identified
06:33:40.497 [main] DEBUG o.s.w.s.h.BeanNameUrlHandlerMapping - Rejected bean name 'contextAttributes': no URL paths identified
06:33:40.497 [main] DEBUG o.s.w.s.h.BeanNameUrlHandlerMapping - Rejected bean name 'org.springframework.context.annotation.ConfigurationClassPostProcessor.importRegistry': no URL paths identified
06:33:40.497 [main] DEBUG o.s.w.s.h.BeanNameUrlHandlerMapping - Rejected bean name 'messageSource': no URL paths identified
06:33:40.497 [main] DEBUG o.s.w.s.h.BeanNameUrlHandlerMapping - Rejected bean name 'applicationEventMulticaster': no URL paths identified
06:33:40.498 [main] DEBUG o.s.b.f.s.DefaultListableBeanFactory - Returning cached instance of singleton bean 'metaDataSourceAdvisor'
06:33:40.506 [main] DEBUG o.s.b.f.s.DefaultListableBeanFactory - Finished creating instance of bean 'beanNameHandlerMapping'
06:33:40.506 [main] DEBUG o.s.b.f.s.DefaultListableBeanFactory - Creating shared instance of singleton bean 'resourceHandlerMapping'
06:33:40.506 [main] DEBUG o.s.b.f.s.DefaultListableBeanFactory - Creating instance of bean 'resourceHandlerMapping'
06:33:40.506 [main] DEBUG o.s.b.f.s.DefaultListableBeanFactory - Returning cached instance of singleton bean 'org.springframework.web.servlet.config.annotation.DelegatingWebMvcConfiguration'
06:33:40.506 [main] DEBUG o.s.b.f.s.DefaultListableBeanFactory - Returning cached instance of singleton bean 'mvcContentNegotiationManager'
06:33:40.507 [main] DEBUG o.s.b.f.s.DefaultListableBeanFactory - Returning cached instance of singleton bean 'mvcPathMatcher'
06:33:40.507 [main] DEBUG o.s.b.f.s.DefaultListableBeanFactory - Returning cached instance of singleton bean 'mvcUrlPathHelper'
06:33:40.507 [main] DEBUG o.s.b.f.s.DefaultListableBeanFactory - Returning cached instance of singleton bean 'mvcResourceUrlProvider'
06:33:40.507 [main] DEBUG o.s.b.f.s.DefaultListableBeanFactory - Eagerly caching bean 'resourceHandlerMapping' to allow for resolving potential circular references
06:33:40.507 [main] INFO  o.s.w.s.h.SimpleUrlHandlerMapping - Mapped URL path [/resources/**] onto handler of type [class org.springframework.web.servlet.resource.ResourceHttpRequestHandler]
06:33:40.507 [main] DEBUG o.s.b.f.s.DefaultListableBeanFactory - Returning cached instance of singleton bean 'metaDataSourceAdvisor'
06:33:40.508 [main] DEBUG o.s.b.f.s.DefaultListableBeanFactory - Finished creating instance of bean 'resourceHandlerMapping'
06:33:40.508 [main] DEBUG o.s.b.f.s.DefaultListableBeanFactory - Returning cached instance of singleton bean 'mvcResourceUrlProvider'
06:33:40.508 [main] DEBUG o.s.b.f.s.DefaultListableBeanFactory - Creating shared instance of singleton bean 'defaultServletHandlerMapping'
06:33:40.508 [main] DEBUG o.s.b.f.s.DefaultListableBeanFactory - Creating instance of bean 'defaultServletHandlerMapping'
06:33:40.508 [main] DEBUG o.s.b.f.s.DefaultListableBeanFactory - Returning cached instance of singleton bean 'org.springframework.web.servlet.config.annotation.DelegatingWebMvcConfiguration'
06:33:40.508 [main] DEBUG o.s.b.f.s.DefaultListableBeanFactory - Eagerly caching bean 'defaultServletHandlerMapping' to allow for resolving potential circular references
06:33:40.512 [main] DEBUG o.s.b.f.s.DefaultListableBeanFactory - Returning cached instance of singleton bean 'metaDataSourceAdvisor'
06:33:40.516 [main] DEBUG o.s.b.f.s.DefaultListableBeanFactory - Finished creating instance of bean 'defaultServletHandlerMapping'
06:33:40.517 [main] DEBUG o.s.b.f.s.DefaultListableBeanFactory - Creating shared instance of singleton bean 'requestMappingHandlerAdapter'
06:33:40.517 [main] DEBUG o.s.b.f.s.DefaultListableBeanFactory - Creating instance of bean 'requestMappingHandlerAdapter'
06:33:40.517 [main] DEBUG o.s.b.f.s.DefaultListableBeanFactory - Returning cached instance of singleton bean 'org.springframework.web.servlet.config.annotation.DelegatingWebMvcConfiguration'
06:33:40.519 [main] DEBUG o.s.b.f.s.DefaultListableBeanFactory - Returning cached instance of singleton bean 'mvcContentNegotiationManager'
06:33:40.521 [main] DEBUG o.s.b.f.s.DefaultListableBeanFactory - Returning cached instance of singleton bean 'mvcConversionService'
06:33:40.521 [main] DEBUG o.s.b.f.s.DefaultListableBeanFactory - Creating shared instance of singleton bean 'mvcValidator'
06:33:40.521 [main] DEBUG o.s.b.f.s.DefaultListableBeanFactory - Creating instance of bean 'mvcValidator'
06:33:40.521 [main] DEBUG o.s.b.f.s.DefaultListableBeanFactory - Returning cached instance of singleton bean 'org.springframework.web.servlet.config.annotation.DelegatingWebMvcConfiguration'
06:33:40.522 [main] DEBUG o.s.b.f.s.DefaultListableBeanFactory - Eagerly caching bean 'mvcValidator' to allow for resolving potential circular references
06:33:40.526 [main] DEBUG o.s.b.f.s.DefaultListableBeanFactory - Invoking afterPropertiesSet() on bean with name 'mvcValidator'
06:33:40.526 [main] DEBUG o.h.v.i.e.r.DefaultTraversableResolver - Found javax.persistence.Persistence on classpath containing 'getPersistenceUtil'. Assuming JPA 2 environment. Trying to instantiate JPA aware TraversableResolver
06:33:40.526 [main] DEBUG o.h.v.i.e.r.DefaultTraversableResolver - Instantiated JPA aware TraversableResolver of type org.hibernate.validator.internal.engine.resolver.JPATraversableResolver.
06:33:40.526 [main] DEBUG o.h.v.i.engine.ConfigurationImpl - Setting custom MessageInterpolator of type org.springframework.validation.beanvalidation.LocaleContextMessageInterpolator
06:33:40.527 [main] DEBUG o.h.v.i.engine.ConfigurationImpl - Setting custom ConstraintValidatorFactory of type org.springframework.validation.beanvalidation.SpringConstraintValidatorFactory
06:33:40.527 [main] DEBUG o.h.v.i.engine.ConfigurationImpl - Setting custom ParameterNameProvider of type com.sun.proxy.$Proxy79
06:33:40.527 [main] DEBUG o.h.v.i.xml.ValidationXmlParser - Trying to load META-INF/validation.xml for XML based Validator configuration.
06:33:40.527 [main] DEBUG o.h.v.i.xml.ResourceLoaderHelper - Trying to load META-INF/validation.xml via user class loader
06:33:40.527 [main] DEBUG o.h.v.i.xml.ResourceLoaderHelper - Trying to load META-INF/validation.xml via TCCL
06:33:40.527 [main] DEBUG o.h.v.i.xml.ResourceLoaderHelper - Trying to load META-INF/validation.xml via Hibernate Validator's class loader
06:33:40.527 [main] DEBUG o.h.v.i.xml.ValidationXmlParser - No META-INF/validation.xml found. Using annotation based configuration only.
06:33:40.531 [main] DEBUG o.s.b.f.s.DefaultListableBeanFactory - Returning cached instance of singleton bean 'metaDataSourceAdvisor'
06:33:40.535 [main] DEBUG o.s.b.f.s.DefaultListableBeanFactory - Finished creating instance of bean 'mvcValidator'
06:33:40.535 [main] DEBUG o.s.b.f.s.DefaultListableBeanFactory - Eagerly caching bean 'requestMappingHandlerAdapter' to allow for resolving potential circular references
06:33:40.539 [main] DEBUG o.s.b.f.s.DefaultListableBeanFactory - Invoking afterPropertiesSet() on bean with name 'requestMappingHandlerAdapter'
06:33:40.539 [main] INFO  o.s.w.s.m.m.a.RequestMappingHandlerAdapter - Looking for @ControllerAdvice: org.springframework.web.context.support.GenericWebApplicationContext@6b48b8a2: startup date [Thu Mar 22 06:33:39 UTC 2018]; root of context hierarchy
06:33:40.540 [main] DEBUG o.s.b.f.s.DefaultListableBeanFactory - Returning cached instance of singleton bean 'metaDataSourceAdvisor'
06:33:40.549 [main] DEBUG o.s.b.f.s.DefaultListableBeanFactory - Finished creating instance of bean 'requestMappingHandlerAdapter'
06:33:40.550 [main] DEBUG o.s.b.f.s.DefaultListableBeanFactory - Returning cached instance of singleton bean 'mvcValidator'
06:33:40.550 [main] DEBUG o.s.b.f.s.DefaultListableBeanFactory - Creating shared instance of singleton bean 'mvcUriComponentsContributor'
06:33:40.550 [main] DEBUG o.s.b.f.s.DefaultListableBeanFactory - Creating instance of bean 'mvcUriComponentsContributor'
06:33:40.550 [main] DEBUG o.s.b.f.s.DefaultListableBeanFactory - Returning cached instance of singleton bean 'org.springframework.web.servlet.config.annotation.DelegatingWebMvcConfiguration'
06:33:40.550 [main] DEBUG o.s.b.f.s.DefaultListableBeanFactory - Returning cached instance of singleton bean 'requestMappingHandlerAdapter'
06:33:40.550 [main] DEBUG o.s.b.f.s.DefaultListableBeanFactory - Returning cached instance of singleton bean 'mvcConversionService'
06:33:40.550 [main] DEBUG o.s.b.f.s.DefaultListableBeanFactory - Eagerly caching bean 'mvcUriComponentsContributor' to allow for resolving potential circular references
06:33:40.551 [main] DEBUG o.s.b.f.s.DefaultListableBeanFactory - Returning cached instance of singleton bean 'metaDataSourceAdvisor'
06:33:40.552 [main] DEBUG o.s.b.f.s.DefaultListableBeanFactory - Finished creating instance of bean 'mvcUriComponentsContributor'
06:33:40.552 [main] DEBUG o.s.b.f.s.DefaultListableBeanFactory - Creating shared instance of singleton bean 'httpRequestHandlerAdapter'
06:33:40.552 [main] DEBUG o.s.b.f.s.DefaultListableBeanFactory - Creating instance of bean 'httpRequestHandlerAdapter'
06:33:40.552 [main] DEBUG o.s.b.f.s.DefaultListableBeanFactory - Returning cached instance of singleton bean 'org.springframework.web.servlet.config.annotation.DelegatingWebMvcConfiguration'
06:33:40.552 [main] DEBUG o.s.b.f.s.DefaultListableBeanFactory - Eagerly caching bean 'httpRequestHandlerAdapter' to allow for resolving potential circular references
06:33:40.553 [main] DEBUG o.s.b.f.s.DefaultListableBeanFactory - Returning cached instance of singleton bean 'metaDataSourceAdvisor'
06:33:40.553 [main] DEBUG o.s.b.f.s.DefaultListableBeanFactory - Finished creating instance of bean 'httpRequestHandlerAdapter'
06:33:40.554 [main] DEBUG o.s.b.f.s.DefaultListableBeanFactory - Creating shared instance of singleton bean 'simpleControllerHandlerAdapter'
06:33:40.554 [main] DEBUG o.s.b.f.s.DefaultListableBeanFactory - Creating instance of bean 'simpleControllerHandlerAdapter'
06:33:40.554 [main] DEBUG o.s.b.f.s.DefaultListableBeanFactory - Returning cached instance of singleton bean 'org.springframework.web.servlet.config.annotation.DelegatingWebMvcConfiguration'
06:33:40.554 [main] DEBUG o.s.b.f.s.DefaultListableBeanFactory - Eagerly caching bean 'simpleControllerHandlerAdapter' to allow for resolving potential circular references
06:33:40.555 [main] DEBUG o.s.b.f.s.DefaultListableBeanFactory - Returning cached instance of singleton bean 'metaDataSourceAdvisor'
06:33:40.555 [main] DEBUG o.s.b.f.s.DefaultListableBeanFactory - Finished creating instance of bean 'simpleControllerHandlerAdapter'
06:33:40.555 [main] DEBUG o.s.b.f.s.DefaultListableBeanFactory - Creating shared instance of singleton bean 'handlerExceptionResolver'
06:33:40.555 [main] DEBUG o.s.b.f.s.DefaultListableBeanFactory - Creating instance of bean 'handlerExceptionResolver'
06:33:40.555 [main] DEBUG o.s.b.f.s.DefaultListableBeanFactory - Returning cached instance of singleton bean 'org.springframework.web.servlet.config.annotation.DelegatingWebMvcConfiguration'
06:33:40.558 [main] DEBUG o.s.b.f.s.DefaultListableBeanFactory - Returning cached instance of singleton bean 'mvcContentNegotiationManager'
06:33:40.559 [main] DEBUG o.s.w.s.m.m.a.ExceptionHandlerExceptionResolver - Looking for exception mappings: org.springframework.web.context.support.GenericWebApplicationContext@6b48b8a2: startup date [Thu Mar 22 06:33:39 UTC 2018]; root of context hierarchy
06:33:40.560 [main] DEBUG o.s.b.f.s.DefaultListableBeanFactory - Eagerly caching bean 'handlerExceptionResolver' to allow for resolving potential circular references
06:33:40.562 [main] DEBUG o.s.b.f.s.DefaultListableBeanFactory - Returning cached instance of singleton bean 'metaDataSourceAdvisor'
06:33:40.562 [main] DEBUG o.s.b.f.s.DefaultListableBeanFactory - Finished creating instance of bean 'handlerExceptionResolver'
06:33:40.562 [main] DEBUG o.s.b.f.s.DefaultListableBeanFactory - Creating shared instance of singleton bean 'mvcViewResolver'
06:33:40.562 [main] DEBUG o.s.b.f.s.DefaultListableBeanFactory - Creating instance of bean 'mvcViewResolver'
06:33:40.562 [main] DEBUG o.s.b.f.s.DefaultListableBeanFactory - Returning cached instance of singleton bean 'org.springframework.web.servlet.config.annotation.DelegatingWebMvcConfiguration'
06:33:40.563 [main] DEBUG o.s.b.f.s.DefaultListableBeanFactory - Returning cached instance of singleton bean 'mvcContentNegotiationManager'
06:33:40.563 [main] DEBUG o.s.b.f.s.DefaultListableBeanFactory - Eagerly caching bean 'mvcViewResolver' to allow for resolving potential circular references
06:33:40.566 [main] DEBUG o.s.b.f.s.DefaultListableBeanFactory - Invoking afterPropertiesSet() on bean with name 'mvcViewResolver'
06:33:40.566 [main] DEBUG o.s.b.f.s.DefaultListableBeanFactory - Returning cached instance of singleton bean 'metaDataSourceAdvisor'
06:33:40.566 [main] DEBUG o.s.b.f.s.DefaultListableBeanFactory - Finished creating instance of bean 'mvcViewResolver'
06:33:40.566 [main] DEBUG o.s.b.f.s.DefaultListableBeanFactory - Returning cached instance of singleton bean 'mvcConversionService'
06:33:40.567 [main] DEBUG o.s.b.f.s.DefaultListableBeanFactory - Creating shared instance of singleton bean 'requestMappingHandlerMapping'
06:33:40.567 [main] DEBUG o.s.b.f.s.DefaultListableBeanFactory - Creating instance of bean 'requestMappingHandlerMapping'
06:33:40.567 [main] DEBUG o.s.b.f.s.DefaultListableBeanFactory - Returning cached instance of singleton bean 'org.springframework.web.servlet.config.annotation.DelegatingWebMvcConfiguration'
06:33:40.567 [main] DEBUG o.s.b.f.s.DefaultListableBeanFactory - Returning cached instance of singleton bean 'mvcContentNegotiationManager'
06:33:40.568 [main] DEBUG o.s.b.f.s.DefaultListableBeanFactory - Eagerly caching bean 'requestMappingHandlerMapping' to allow for resolving potential circular references
06:33:40.575 [main] DEBUG o.s.b.f.s.DefaultListableBeanFactory - Invoking afterPropertiesSet() on bean with name 'requestMappingHandlerMapping'
06:33:40.575 [main] DEBUG o.s.w.s.m.m.a.RequestMappingHandlerMapping - Looking for request mappings in application context: org.springframework.web.context.support.GenericWebApplicationContext@6b48b8a2: startup date [Thu Mar 22 06:33:39 UTC 2018]; root of context hierarchy
06:33:40.576 [main] DEBUG o.s.w.s.m.m.a.RequestMappingHandlerMapping - 1 request handler methods found on class edu.ncsu.csc.itrust2.controllers.DefaultController: {public org.springframework.web.servlet.view.RedirectView edu.ncsu.csc.itrust2.controllers.DefaultController.index(org.springframework.ui.Model)={[/]}}
06:33:40.576 [main] INFO  o.s.w.s.m.m.a.RequestMappingHandlerMapping - Mapped "{[/]}" onto public org.springframework.web.servlet.view.RedirectView edu.ncsu.csc.itrust2.controllers.DefaultController.index(org.springframework.ui.Model)
06:33:40.576 [main] DEBUG o.s.w.s.m.m.a.RequestMappingHandlerMapping - 1 request handler methods found on class edu.ncsu.csc.itrust2.controllers.admin.AdminController: {public java.lang.String edu.ncsu.csc.itrust2.controllers.admin.AdminController.index(org.springframework.ui.Model)={[/admin/index]}}
06:33:40.576 [main] INFO  o.s.w.s.m.m.a.RequestMappingHandlerMapping - Mapped "{[/admin/index]}" onto public java.lang.String edu.ncsu.csc.itrust2.controllers.admin.AdminController.index(org.springframework.ui.Model)
06:33:40.578 [main] DEBUG o.s.w.s.m.m.a.RequestMappingHandlerMapping - 5 request handler methods found on class edu.ncsu.csc.itrust2.controllers.admin.AdminUserController: {public java.lang.String edu.ncsu.csc.itrust2.controllers.admin.AdminUserController.addUserSubmit(edu.ncsu.csc.itrust2.forms.admin.UserForm,org.springframework.validation.BindingResult,org.springframework.ui.Model)={[/admin/addUser],methods=[POST]}, public java.lang.String edu.ncsu.csc.itrust2.controllers.admin.AdminUserController.deleteUser(org.springframework.ui.Model)={[/admin/deleteUser]}, public java.lang.String edu.ncsu.csc.itrust2.controllers.admin.AdminUserController.deleteUserSubmit(edu.ncsu.csc.itrust2.forms.admin.DeleteUserForm,org.springframework.validation.BindingResult,org.springframework.ui.Model)={[/admin/deleteUser],methods=[POST]}, public java.lang.String edu.ncsu.csc.itrust2.controllers.admin.AdminUserController.drugs(org.springframework.ui.Model)={[/admin/drugs]}, public java.lang.String edu.ncsu.csc.itrust2.controllers.admin.AdminUserController.addUser(org.springframework.ui.Model)={[/admin/addUser]}}
06:33:40.578 [main] INFO  o.s.w.s.m.m.a.RequestMappingHandlerMapping - Mapped "{[/admin/addUser],methods=[POST]}" onto public java.lang.String edu.ncsu.csc.itrust2.controllers.admin.AdminUserController.addUserSubmit(edu.ncsu.csc.itrust2.forms.admin.UserForm,org.springframework.validation.BindingResult,org.springframework.ui.Model)
06:33:40.578 [main] INFO  o.s.w.s.m.m.a.RequestMappingHandlerMapping - Mapped "{[/admin/deleteUser]}" onto public java.lang.String edu.ncsu.csc.itrust2.controllers.admin.AdminUserController.deleteUser(org.springframework.ui.Model)
06:33:40.578 [main] INFO  o.s.w.s.m.m.a.RequestMappingHandlerMapping - Mapped "{[/admin/deleteUser],methods=[POST]}" onto public java.lang.String edu.ncsu.csc.itrust2.controllers.admin.AdminUserController.deleteUserSubmit(edu.ncsu.csc.itrust2.forms.admin.DeleteUserForm,org.springframework.validation.BindingResult,org.springframework.ui.Model)
06:33:40.578 [main] INFO  o.s.w.s.m.m.a.RequestMappingHandlerMapping - Mapped "{[/admin/drugs]}" onto public java.lang.String edu.ncsu.csc.itrust2.controllers.admin.AdminUserController.drugs(org.springframework.ui.Model)
06:33:40.578 [main] INFO  o.s.w.s.m.m.a.RequestMappingHandlerMapping - Mapped "{[/admin/addUser]}" onto public java.lang.String edu.ncsu.csc.itrust2.controllers.admin.AdminUserController.addUser(org.springframework.ui.Model)
06:33:40.579 [main] DEBUG o.s.w.s.m.m.a.RequestMappingHandlerMapping - 4 request handler methods found on class edu.ncsu.csc.itrust2.controllers.admin.HospitalController: {public java.lang.String edu.ncsu.csc.itrust2.controllers.admin.HospitalController.addHospital(org.springframework.ui.Model)={[/admin/addHospital]}, public java.lang.String edu.ncsu.csc.itrust2.controllers.admin.HospitalController.addHospitalSubmit(edu.ncsu.csc.itrust2.forms.admin.HospitalForm,org.springframework.validation.BindingResult,org.springframework.ui.Model)={[/admin/addHospital],methods=[POST]}, public java.lang.String edu.ncsu.csc.itrust2.controllers.admin.HospitalController.deleteHospital(org.springframework.ui.Model)={[/admin/deleteHospital]}, public java.lang.String edu.ncsu.csc.itrust2.controllers.admin.HospitalController.deleteHospitalSubmit(edu.ncsu.csc.itrust2.forms.admin.DeleteHospitalForm,org.springframework.validation.BindingResult,org.springframework.ui.Model)={[/admin/deleteHospital],methods=[POST]}}
06:33:40.579 [main] INFO  o.s.w.s.m.m.a.RequestMappingHandlerMapping - Mapped "{[/admin/addHospital]}" onto public java.lang.String edu.ncsu.csc.itrust2.controllers.admin.HospitalController.addHospital(org.springframework.ui.Model)
06:33:40.580 [main] INFO  o.s.w.s.m.m.a.RequestMappingHandlerMapping - Mapped "{[/admin/addHospital],methods=[POST]}" onto public java.lang.String edu.ncsu.csc.itrust2.controllers.admin.HospitalController.addHospitalSubmit(edu.ncsu.csc.itrust2.forms.admin.HospitalForm,org.springframework.validation.BindingResult,org.springframework.ui.Model)
06:33:40.580 [main] INFO  o.s.w.s.m.m.a.RequestMappingHandlerMapping - Mapped "{[/admin/deleteHospital]}" onto public java.lang.String edu.ncsu.csc.itrust2.controllers.admin.HospitalController.deleteHospital(org.springframework.ui.Model)
06:33:40.580 [main] INFO  o.s.w.s.m.m.a.RequestMappingHandlerMapping - Mapped "{[/admin/deleteHospital],methods=[POST]}" onto public java.lang.String edu.ncsu.csc.itrust2.controllers.admin.HospitalController.deleteHospitalSubmit(edu.ncsu.csc.itrust2.forms.admin.DeleteHospitalForm,org.springframework.validation.BindingResult,org.springframework.ui.Model)
06:33:40.580 [main] DEBUG o.s.w.s.m.m.a.RequestMappingHandlerMapping - 1 request handler methods found on class edu.ncsu.csc.itrust2.controllers.admin.ICDCodesController: {public java.lang.String edu.ncsu.csc.itrust2.controllers.admin.ICDCodesController.addCode(org.springframework.ui.Model)={[/admin/manageICDCodes]}}
06:33:40.580 [main] INFO  o.s.w.s.m.m.a.RequestMappingHandlerMapping - Mapped "{[/admin/manageICDCodes]}" onto public java.lang.String edu.ncsu.csc.itrust2.controllers.admin.ICDCodesController.addCode(org.springframework.ui.Model)
06:33:40.589 [main] DEBUG o.s.w.s.m.m.a.RequestMappingHandlerMapping - 6 request handler methods found on class edu.ncsu.csc.itrust2.controllers.api.APIAppointmentRequestController: {public org.springframework.http.ResponseEntity edu.ncsu.csc.itrust2.controllers.api.APIAppointmentRequestController.getAppointmentRequest(java.lang.Long)={[/api/v1/new val],methods=[GET]}, public org.springframework.http.ResponseEntity edu.ncsu.csc.itrust2.controllers.api.APIAppointmentRequestController.createAppointmentRequest(edu.ncsu.csc.itrust2.forms.patient.AppointmentRequestForm)={[/api/v1/new val],methods=[POST]}, public org.springframework.http.ResponseEntity edu.ncsu.csc.itrust2.controllers.api.APIAppointmentRequestController.deleteAppointmentRequest(java.lang.Long)={[/api/v1//appointmentrequests/{id}],methods=[DELETE]}, public org.springframework.http.ResponseEntity edu.ncsu.csc.itrust2.controllers.api.APIAppointmentRequestController.updateAppointmentRequest(java.lang.Long,edu.ncsu.csc.itrust2.forms.patient.AppointmentRequestForm)={[/api/v1//appointmentrequests/{id}],methods=[PUT]}, public org.springframework.http.ResponseEntity edu.ncsu.csc.itrust2.controllers.api.APIAppointmentRequestController.deleteAppointmentRequests()={[/api/v1//appointmentrequests],methods=[DELETE]}, public java.util.List edu.ncsu.csc.itrust2.controllers.api.APIAppointmentRequestController.getAppointmentRequests()={[/api/v1//appointmentrequests],methods=[GET]}}
06:33:40.589 [main] INFO  o.s.w.s.m.m.a.RequestMappingHandlerMapping - Mapped "{[/api/v1/new val],methods=[GET]}" onto public org.springframework.http.ResponseEntity edu.ncsu.csc.itrust2.controllers.api.APIAppointmentRequestController.getAppointmentRequest(java.lang.Long)
06:33:40.589 [main] INFO  o.s.w.s.m.m.a.RequestMappingHandlerMapping - Mapped "{[/api/v1/new val],methods=[POST]}" onto public org.springframework.http.ResponseEntity edu.ncsu.csc.itrust2.controllers.api.APIAppointmentRequestController.createAppointmentRequest(edu.ncsu.csc.itrust2.forms.patient.AppointmentRequestForm)
06:33:40.589 [main] INFO  o.s.w.s.m.m.a.RequestMappingHandlerMapping - Mapped "{[/api/v1//appointmentrequests/{id}],methods=[DELETE]}" onto public org.springframework.http.ResponseEntity edu.ncsu.csc.itrust2.controllers.api.APIAppointmentRequestController.deleteAppointmentRequest(java.lang.Long)
06:33:40.590 [main] INFO  o.s.w.s.m.m.a.RequestMappingHandlerMapping - Mapped "{[/api/v1//appointmentrequests/{id}],methods=[PUT]}" onto public org.springframework.http.ResponseEntity edu.ncsu.csc.itrust2.controllers.api.APIAppointmentRequestController.updateAppointmentRequest(java.lang.Long,edu.ncsu.csc.itrust2.forms.patient.AppointmentRequestForm)
06:33:40.590 [main] INFO  o.s.w.s.m.m.a.RequestMappingHandlerMapping - Mapped "{[/api/v1//appointmentrequests],methods=[DELETE]}" onto public org.springframework.http.ResponseEntity edu.ncsu.csc.itrust2.controllers.api.APIAppointmentRequestController.deleteAppointmentRequests()
06:33:40.590 [main] INFO  o.s.w.s.m.m.a.RequestMappingHandlerMapping - Mapped "{[/api/v1//appointmentrequests],methods=[GET]}" onto public java.util.List<edu.ncsu.csc.itrust2.models.persistent.AppointmentRequest> edu.ncsu.csc.itrust2.controllers.api.APIAppointmentRequestController.getAppointmentRequests()
06:33:40.591 [main] DEBUG o.s.w.s.m.m.a.RequestMappingHandlerMapping - 3 request handler methods found on class edu.ncsu.csc.itrust2.controllers.api.APIDiagnosisController: {public org.springframework.http.ResponseEntity edu.ncsu.csc.itrust2.controllers.api.APIDiagnosisController.getDiagnosis(java.lang.Long)={[/api/v1//diagnosis/{id}],methods=[GET]}, public java.util.List edu.ncsu.csc.itrust2.controllers.api.APIDiagnosisController.getDiagnosis()={[/api/v1//diagnoses],methods=[GET]}, public java.util.List edu.ncsu.csc.itrust2.controllers.api.APIDiagnosisController.getDiagnosesForVisit(java.lang.Long)={[/api/v1//diagnosesforvisit/{id}],methods=[GET]}}
06:33:40.591 [main] INFO  o.s.w.s.m.m.a.RequestMappingHandlerMapping - Mapped "{[/api/v1//diagnosis/{id}],methods=[GET]}" onto public org.springframework.http.ResponseEntity edu.ncsu.csc.itrust2.controllers.api.APIDiagnosisController.getDiagnosis(java.lang.Long)
06:33:40.592 [main] INFO  o.s.w.s.m.m.a.RequestMappingHandlerMapping - Mapped "{[/api/v1//diagnoses],methods=[GET]}" onto public java.util.List<edu.ncsu.csc.itrust2.models.persistent.Diagnosis> edu.ncsu.csc.itrust2.controllers.api.APIDiagnosisController.getDiagnosis()
06:33:40.592 [main] INFO  o.s.w.s.m.m.a.RequestMappingHandlerMapping - Mapped "{[/api/v1//diagnosesforvisit/{id}],methods=[GET]}" onto public java.util.List<edu.ncsu.csc.itrust2.models.persistent.Diagnosis> edu.ncsu.csc.itrust2.controllers.api.APIDiagnosisController.getDiagnosesForVisit(java.lang.Long)
06:33:40.593 [main] DEBUG o.s.w.s.m.m.a.RequestMappingHandlerMapping - 4 request handler methods found on class edu.ncsu.csc.itrust2.controllers.api.APIDrugController: {public org.springframework.http.ResponseEntity edu.ncsu.csc.itrust2.controllers.api.APIDrugController.addDrug(edu.ncsu.csc.itrust2.forms.admin.DrugForm)={[/api/v1//drugs],methods=[POST]}, public org.springframework.http.ResponseEntity edu.ncsu.csc.itrust2.controllers.api.APIDrugController.editDrug(edu.ncsu.csc.itrust2.forms.admin.DrugForm)={[/api/v1//drugs],methods=[PUT]}, public org.springframework.http.ResponseEntity edu.ncsu.csc.itrust2.controllers.api.APIDrugController.deleteDrug(java.lang.String)={[/api/v1//drugs/{id}],methods=[DELETE]}, public java.util.List edu.ncsu.csc.itrust2.controllers.api.APIDrugController.getDrugs()={[/api/v1//drugs],methods=[GET]}}
06:33:40.594 [main] INFO  o.s.w.s.m.m.a.RequestMappingHandlerMapping - Mapped "{[/api/v1//drugs],methods=[POST]}" onto public org.springframework.http.ResponseEntity edu.ncsu.csc.itrust2.controllers.api.APIDrugController.addDrug(edu.ncsu.csc.itrust2.forms.admin.DrugForm)
06:33:40.594 [main] INFO  o.s.w.s.m.m.a.RequestMappingHandlerMapping - Mapped "{[/api/v1//drugs],methods=[PUT]}" onto public org.springframework.http.ResponseEntity edu.ncsu.csc.itrust2.controllers.api.APIDrugController.editDrug(edu.ncsu.csc.itrust2.forms.admin.DrugForm)
06:33:40.594 [main] INFO  o.s.w.s.m.m.a.RequestMappingHandlerMapping - Mapped "{[/api/v1//drugs/{id}],methods=[DELETE]}" onto public org.springframework.http.ResponseEntity edu.ncsu.csc.itrust2.controllers.api.APIDrugController.deleteDrug(java.lang.String)
06:33:40.594 [main] INFO  o.s.w.s.m.m.a.RequestMappingHandlerMapping - Mapped "{[/api/v1//drugs],methods=[GET]}" onto public java.util.List<edu.ncsu.csc.itrust2.models.persistent.Drug> edu.ncsu.csc.itrust2.controllers.api.APIDrugController.getDrugs()
06:33:40.597 [main] DEBUG o.s.w.s.m.m.a.RequestMappingHandlerMapping - 7 request handler methods found on class edu.ncsu.csc.itrust2.controllers.api.APIEnumController: {public java.util.List edu.ncsu.csc.itrust2.controllers.api.APIEnumController.getEthnicity()={[/api/v1//ethnicity],methods=[GET]}, public java.util.List edu.ncsu.csc.itrust2.controllers.api.APIEnumController.getGenders()={[/api/v1//gender],methods=[GET]}, public java.util.List edu.ncsu.csc.itrust2.controllers.api.APIEnumController.getStates()={[/api/v1//state],methods=[GET]}, public java.util.List edu.ncsu.csc.itrust2.controllers.api.APIEnumController.getHouseSmokingStatuses()={[/api/v1//housesmoking],methods=[GET]}, public java.util.List edu.ncsu.csc.itrust2.controllers.api.APIEnumController.getPatientSmokingStatuses()={[/api/v1//patientsmoking],methods=[GET]}, public java.util.List edu.ncsu.csc.itrust2.controllers.api.APIEnumController.getAppointmentTypes()={[/api/v1//appointmenttype],methods=[GET]}, public java.util.List edu.ncsu.csc.itrust2.controllers.api.APIEnumController.getBloodTypes()={[/api/v1//bloodtype],methods=[GET]}}
06:33:40.597 [main] INFO  o.s.w.s.m.m.a.RequestMappingHandlerMapping - Mapped "{[/api/v1//ethnicity],methods=[GET]}" onto public java.util.List<java.util.Map<java.lang.String, java.lang.Object>> edu.ncsu.csc.itrust2.controllers.api.APIEnumController.getEthnicity()
06:33:40.597 [main] INFO  o.s.w.s.m.m.a.RequestMappingHandlerMapping - Mapped "{[/api/v1//gender],methods=[GET]}" onto public java.util.List<java.util.Map<java.lang.String, java.lang.Object>> edu.ncsu.csc.itrust2.controllers.api.APIEnumController.getGenders()
06:33:40.597 [main] INFO  o.s.w.s.m.m.a.RequestMappingHandlerMapping - Mapped "{[/api/v1//state],methods=[GET]}" onto public java.util.List<java.util.Map<java.lang.String, java.lang.Object>> edu.ncsu.csc.itrust2.controllers.api.APIEnumController.getStates()
06:33:40.598 [main] INFO  o.s.w.s.m.m.a.RequestMappingHandlerMapping - Mapped "{[/api/v1//housesmoking],methods=[GET]}" onto public java.util.List<edu.ncsu.csc.itrust2.models.enums.HouseholdSmokingStatus> edu.ncsu.csc.itrust2.controllers.api.APIEnumController.getHouseSmokingStatuses()
06:33:40.598 [main] INFO  o.s.w.s.m.m.a.RequestMappingHandlerMapping - Mapped "{[/api/v1//patientsmoking],methods=[GET]}" onto public java.util.List<edu.ncsu.csc.itrust2.models.enums.PatientSmokingStatus> edu.ncsu.csc.itrust2.controllers.api.APIEnumController.getPatientSmokingStatuses()
06:33:40.598 [main] INFO  o.s.w.s.m.m.a.RequestMappingHandlerMapping - Mapped "{[/api/v1//appointmenttype],methods=[GET]}" onto public java.util.List<edu.ncsu.csc.itrust2.models.enums.AppointmentType> edu.ncsu.csc.itrust2.controllers.api.APIEnumController.getAppointmentTypes()
06:33:40.598 [main] INFO  o.s.w.s.m.m.a.RequestMappingHandlerMapping - Mapped "{[/api/v1//bloodtype],methods=[GET]}" onto public java.util.List<java.util.Map<java.lang.String, java.lang.Object>> edu.ncsu.csc.itrust2.controllers.api.APIEnumController.getBloodTypes()
06:33:40.600 [main] DEBUG o.s.w.s.m.m.a.RequestMappingHandlerMapping - 4 request handler methods found on class edu.ncsu.csc.itrust2.controllers.api.APIHospitalController: {public org.springframework.http.ResponseEntity edu.ncsu.csc.itrust2.controllers.api.APIHospitalController.createHospital(edu.ncsu.csc.itrust2.forms.admin.HospitalForm)={[/api/v1//hospitals],methods=[POST]}, public org.springframework.http.ResponseEntity edu.ncsu.csc.itrust2.controllers.api.APIHospitalController.updateHospital(java.lang.String,edu.ncsu.csc.itrust2.forms.admin.HospitalForm)={[/api/v1//hospitals/{id}],methods=[PUT]}, public java.util.List edu.ncsu.csc.itrust2.controllers.api.APIHospitalController.getHospitals()={[/api/v1//hospitals],methods=[GET]}, public org.springframework.http.ResponseEntity edu.ncsu.csc.itrust2.controllers.api.APIHospitalController.getHospital(java.lang.String)={[/api/v1/new val],methods=[GET]}}
06:33:40.600 [main] INFO  o.s.w.s.m.m.a.RequestMappingHandlerMapping - Mapped "{[/api/v1//hospitals],methods=[POST]}" onto public org.springframework.http.ResponseEntity edu.ncsu.csc.itrust2.controllers.api.APIHospitalController.createHospital(edu.ncsu.csc.itrust2.forms.admin.HospitalForm)
06:33:40.600 [main] INFO  o.s.w.s.m.m.a.RequestMappingHandlerMapping - Mapped "{[/api/v1//hospitals/{id}],methods=[PUT]}" onto public org.springframework.http.ResponseEntity edu.ncsu.csc.itrust2.controllers.api.APIHospitalController.updateHospital(java.lang.String,edu.ncsu.csc.itrust2.forms.admin.HospitalForm)
06:33:40.600 [main] INFO  o.s.w.s.m.m.a.RequestMappingHandlerMapping - Mapped "{[/api/v1//hospitals],methods=[GET]}" onto public java.util.List<edu.ncsu.csc.itrust2.models.persistent.Hospital> edu.ncsu.csc.itrust2.controllers.api.APIHospitalController.getHospitals()
06:33:40.600 [main] WARN  o.s.w.c.s.GenericWebApplicationContext - Exception encountered during context initialization - cancelling refresh attempt: org.springframework.beans.factory.BeanCreationException: Error creating bean with name 'requestMappingHandlerMapping' defined in org.springframework.web.servlet.config.annotation.DelegatingWebMvcConfiguration: Invocation of init method failed; nested exception is java.lang.IllegalStateException: Ambiguous mapping. Cannot map 'APIHospitalController' method 
public org.springframework.http.ResponseEntity edu.ncsu.csc.itrust2.controllers.api.APIHospitalController.getHospital(java.lang.String)
to {[/api/v1/new val],methods=[GET]}: There is already 'APIAppointmentRequestController' bean method
public org.springframework.http.ResponseEntity edu.ncsu.csc.itrust2.controllers.api.APIAppointmentRequestController.getAppointmentRequest(java.lang.Long) mapped.
06:33:40.601 [main] DEBUG o.s.b.f.s.DefaultListableBeanFactory - Destroying singletons in org.springframework.beans.factory.support.DefaultListableBeanFactory@1a7eeea9: defining beans [org.springframework.context.annotation.internalConfigurationAnnotationProcessor,org.springframework.context.annotation.internalAutowiredAnnotationProcessor,org.springframework.context.annotation.internalRequiredAnnotationProcessor,org.springframework.context.annotation.internalCommonAnnotationProcessor,org.springframework.context.annotation.internalPersistenceAnnotationProcessor,org.springframework.context.event.internalEventListenerProcessor,org.springframework.context.event.internalEventListenerFactory,rootConfiguration,webMvcConfiguration,dataConfiguration,loginAuditingListener,securityConfig,defaultController,adminController,adminUserController,hospitalController,ICDCodesController,APIAppointmentRequestController,APIDiagnosisController,APIDrugController,APIEnumController,APIHospitalController,APIICDCodeController,APILogEntryController,APIOfficeVisitController,APIPasswordController,APIPatientController,APIPersonnelController,APIPrescriptionController,APIUserController,appointmentControllerHCP,HCPController,officeVisitController,appointmentController,diagnosesController,patientController,passwordController,userController,dataSource,org.springframework.security.config.annotation.configuration.ObjectPostProcessorConfiguration,objectPostProcessor,org.springframework.security.config.annotation.authentication.configuration.AuthenticationConfiguration,authenticationManagerBuilder,enableGlobalAuthenticationAutowiredConfigurer,initializeUserDetailsBeanManagerConfigurer,initializeAuthenticationProviderBeanManagerConfigurer,org.springframework.security.config.annotation.web.configuration.WebSecurityConfiguration,delegatingApplicationListener,webSecurityExpressionHandler,springSecurityFilterChain,privilegeEvaluator,autowiredWebSecurityConfigurersIgnoreParents,org.springframework.security.config.annotation.web.configuration.WebMvcSecurityConfiguration,requestDataValueProcessor,passwordEncoder,defaultAuthenticationEventPublisher,failureHandler,ipBlockFilter,org.springframework.web.servlet.config.annotation.DelegatingWebMvcConfiguration,mvcPathMatcher,mvcUrlPathHelper,mvcContentNegotiationManager,viewControllerHandlerMapping,beanNameHandlerMapping,resourceHandlerMapping,mvcResourceUrlProvider,defaultServletHandlerMapping,requestMappingHandlerAdapter,mvcValidator,mvcUriComponentsContributor,httpRequestHandlerAdapter,simpleControllerHandlerAdapter,handlerExceptionResolver,mvcViewResolver,mvcConversionService,requestMappingHandlerMapping,org.springframework.security.config.annotation.method.configuration.GlobalMethodSecurityConfiguration,methodSecurityInterceptor,methodSecurityMetadataSource,preInvocationAuthorizationAdvice,viewResolver,templateEngine,domainClassConverter,metaDataSourceAdvisor,org.springframework.aop.config.internalAutoProxyCreator]; root of factory hierarchy
06:33:40.601 [main] DEBUG o.s.b.f.s.DisposableBeanAdapter - Invoking destroy() on bean with name 'mvcValidator'
06:33:40.601 [main] DEBUG o.s.b.f.s.DefaultListableBeanFactory - Retrieved dependent beans for bean 'springSecurityFilterChain': [webSecurityExpressionHandler, privilegeEvaluator]
06:33:40.601 [main] DEBUG o.s.b.f.s.DisposableBeanAdapter - Invoking destroy() on bean with name 'springSecurityFilterChain'
06:33:40.601 [main] DEBUG o.s.b.f.s.DisposableBeanAdapter - Invoking destroy() on bean with name 'ipBlockFilter'
06:33:40.601 [main] DEBUG o.s.b.f.s.DefaultListableBeanFactory - Retrieved dependent beans for bean 'objectPostProcessor': [org.springframework.security.config.annotation.method.configuration.GlobalMethodSecurityConfiguration, org.springframework.security.config.annotation.authentication.configuration.AuthenticationConfiguration, securityConfig, authenticationManagerBuilder, org.springframework.security.config.annotation.web.configuration.WebSecurityConfiguration]
06:33:40.601 [main] DEBUG o.s.b.f.s.DefaultListableBeanFactory - Retrieved dependent beans for bean 'org.springframework.security.config.annotation.authentication.configuration.AuthenticationConfiguration': [securityConfig]
06:33:40.601 [main] DEBUG o.s.b.f.s.DisposableBeanAdapter - Invoking destroy() on bean with name 'objectPostProcessor'
06:33:40.603 [main] ERROR o.s.test.context.TestContextManager - Caught exception while allowing TestExecutionListener [org.springframework.test.context.web.ServletTestExecutionListener@4c4b468b] to prepare test instance [edu.ncsu.csc.itrust2.apitest.APIUserTest@21951ceb]
java.lang.IllegalStateException: Failed to load ApplicationContext
	at org.springframework.test.context.cache.DefaultCacheAwareContextLoaderDelegate.loadContext(DefaultCacheAwareContextLoaderDelegate.java:124) ~[spring-test-4.3.5.RELEASE.jar:4.3.5.RELEASE]
	at org.springframework.test.context.support.DefaultTestContext.getApplicationContext(DefaultTestContext.java:83) ~[spring-test-4.3.5.RELEASE.jar:4.3.5.RELEASE]
	at org.springframework.test.context.web.ServletTestExecutionListener.setUpRequestContextIfNecessary(ServletTestExecutionListener.java:189) ~[spring-test-4.3.5.RELEASE.jar:4.3.5.RELEASE]
	at org.springframework.test.context.web.ServletTestExecutionListener.prepareTestInstance(ServletTestExecutionListener.java:131) ~[spring-test-4.3.5.RELEASE.jar:4.3.5.RELEASE]
	at org.springframework.test.context.TestContextManager.prepareTestInstance(TestContextManager.java:230) ~[spring-test-4.3.5.RELEASE.jar:4.3.5.RELEASE]
	at org.springframework.test.context.junit4.SpringJUnit4ClassRunner.createTest(SpringJUnit4ClassRunner.java:228) [spring-test-4.3.5.RELEASE.jar:4.3.5.RELEASE]
	at org.springframework.test.context.junit4.SpringJUnit4ClassRunner$1.runReflectiveCall(SpringJUnit4ClassRunner.java:287) [spring-test-4.3.5.RELEASE.jar:4.3.5.RELEASE]
	at org.junit.internal.runners.model.ReflectiveCallable.run(ReflectiveCallable.java:12) [junit-4.12.jar:4.12]
	at org.springframework.test.context.junit4.SpringJUnit4ClassRunner.methodBlock(SpringJUnit4ClassRunner.java:289) [spring-test-4.3.5.RELEASE.jar:4.3.5.RELEASE]
	at org.springframework.test.context.junit4.SpringJUnit4ClassRunner.runChild(SpringJUnit4ClassRunner.java:247) [spring-test-4.3.5.RELEASE.jar:4.3.5.RELEASE]
	at org.springframework.test.context.junit4.SpringJUnit4ClassRunner.runChild(SpringJUnit4ClassRunner.java:94) [spring-test-4.3.5.RELEASE.jar:4.3.5.RELEASE]
	at org.junit.runners.ParentRunner$3.run(ParentRunner.java:290) [junit-4.12.jar:4.12]
	at org.junit.runners.ParentRunner$1.schedule(ParentRunner.java:71) [junit-4.12.jar:4.12]
	at org.junit.runners.ParentRunner.runChildren(ParentRunner.java:288) [junit-4.12.jar:4.12]
	at org.junit.runners.ParentRunner.access$000(ParentRunner.java:58) [junit-4.12.jar:4.12]
	at org.junit.runners.ParentRunner$2.evaluate(ParentRunner.java:268) [junit-4.12.jar:4.12]
	at org.springframework.test.context.junit4.statements.RunBeforeTestClassCallbacks.evaluate(RunBeforeTestClassCallbacks.java:61) [spring-test-4.3.5.RELEASE.jar:4.3.5.RELEASE]
	at org.springframework.test.context.junit4.statements.RunAfterTestClassCallbacks.evaluate(RunAfterTestClassCallbacks.java:70) [spring-test-4.3.5.RELEASE.jar:4.3.5.RELEASE]
	at org.junit.runners.ParentRunner.run(ParentRunner.java:363) [junit-4.12.jar:4.12]
	at org.springframework.test.context.junit4.SpringJUnit4ClassRunner.run(SpringJUnit4ClassRunner.java:191) [spring-test-4.3.5.RELEASE.jar:4.3.5.RELEASE]
	at org.apache.maven.surefire.junit4.JUnit4Provider.execute(JUnit4Provider.java:365) [surefire-junit4-2.20.jar:2.20]
	at org.apache.maven.surefire.junit4.JUnit4Provider.executeWithRerun(JUnit4Provider.java:272) [surefire-junit4-2.20.jar:2.20]
	at org.apache.maven.surefire.junit4.JUnit4Provider.executeTestSet(JUnit4Provider.java:236) [surefire-junit4-2.20.jar:2.20]
	at org.apache.maven.surefire.junit4.JUnit4Provider.invoke(JUnit4Provider.java:159) [surefire-junit4-2.20.jar:2.20]
	at org.apache.maven.surefire.booter.ForkedBooter.invokeProviderInSameClassLoader(ForkedBooter.java:386) [surefire-booter-2.20.jar:2.20]
	at org.apache.maven.surefire.booter.ForkedBooter.runSuitesInProcess(ForkedBooter.java:323) [surefire-booter-2.20.jar:2.20]
	at org.apache.maven.surefire.booter.ForkedBooter.main(ForkedBooter.java:143) [surefire-booter-2.20.jar:2.20]
Caused by: org.springframework.beans.factory.BeanCreationException: Error creating bean with name 'requestMappingHandlerMapping' defined in org.springframework.web.servlet.config.annotation.DelegatingWebMvcConfiguration: Invocation of init method failed; nested exception is java.lang.IllegalStateException: Ambiguous mapping. Cannot map 'APIHospitalController' method 
public org.springframework.http.ResponseEntity edu.ncsu.csc.itrust2.controllers.api.APIHospitalController.getHospital(java.lang.String)
to {[/api/v1/new val],methods=[GET]}: There is already 'APIAppointmentRequestController' bean method
public org.springframework.http.ResponseEntity edu.ncsu.csc.itrust2.controllers.api.APIAppointmentRequestController.getAppointmentRequest(java.lang.Long) mapped.
	at org.springframework.beans.factory.support.AbstractAutowireCapableBeanFactory.initializeBean(AbstractAutowireCapableBeanFactory.java:1589) ~[spring-beans-4.3.5.RELEASE.jar:4.3.5.RELEASE]
	at org.springframework.beans.factory.support.AbstractAutowireCapableBeanFactory.doCreateBean(AbstractAutowireCapableBeanFactory.java:554) ~[spring-beans-4.3.5.RELEASE.jar:4.3.5.RELEASE]
	at org.springframework.beans.factory.support.AbstractAutowireCapableBeanFactory.createBean(AbstractAutowireCapableBeanFactory.java:483) ~[spring-beans-4.3.5.RELEASE.jar:4.3.5.RELEASE]
	at org.springframework.beans.factory.support.AbstractBeanFactory$1.getObject(AbstractBeanFactory.java:306) ~[spring-beans-4.3.5.RELEASE.jar:4.3.5.RELEASE]
	at org.springframework.beans.factory.support.DefaultSingletonBeanRegistry.getSingleton(DefaultSingletonBeanRegistry.java:230) ~[spring-beans-4.3.5.RELEASE.jar:4.3.5.RELEASE]
	at org.springframework.beans.factory.support.AbstractBeanFactory.doGetBean(AbstractBeanFactory.java:302) ~[spring-beans-4.3.5.RELEASE.jar:4.3.5.RELEASE]
	at org.springframework.beans.factory.support.AbstractBeanFactory.getBean(AbstractBeanFactory.java:197) ~[spring-beans-4.3.5.RELEASE.jar:4.3.5.RELEASE]
	at org.springframework.beans.factory.support.DefaultListableBeanFactory.preInstantiateSingletons(DefaultListableBeanFactory.java:759) ~[spring-beans-4.3.5.RELEASE.jar:4.3.5.RELEASE]
	at org.springframework.context.support.AbstractApplicationContext.finishBeanFactoryInitialization(AbstractApplicationContext.java:866) ~[spring-context-4.3.5.RELEASE.jar:4.3.5.RELEASE]
	at org.springframework.context.support.AbstractApplicationContext.refresh(AbstractApplicationContext.java:542) ~[spring-context-4.3.5.RELEASE.jar:4.3.5.RELEASE]
	at org.springframework.test.context.web.AbstractGenericWebContextLoader.loadContext(AbstractGenericWebContextLoader.java:134) ~[spring-test-4.3.5.RELEASE.jar:4.3.5.RELEASE]
	at org.springframework.test.context.web.AbstractGenericWebContextLoader.loadContext(AbstractGenericWebContextLoader.java:61) ~[spring-test-4.3.5.RELEASE.jar:4.3.5.RELEASE]
	at org.springframework.test.context.support.AbstractDelegatingSmartContextLoader.delegateLoading(AbstractDelegatingSmartContextLoader.java:108) ~[spring-test-4.3.5.RELEASE.jar:4.3.5.RELEASE]
	at org.springframework.test.context.support.AbstractDelegatingSmartContextLoader.loadContext(AbstractDelegatingSmartContextLoader.java:251) ~[spring-test-4.3.5.RELEASE.jar:4.3.5.RELEASE]
	at org.springframework.test.context.cache.DefaultCacheAwareContextLoaderDelegate.loadContextInternal(DefaultCacheAwareContextLoaderDelegate.java:98) ~[spring-test-4.3.5.RELEASE.jar:4.3.5.RELEASE]
	at org.springframework.test.context.cache.DefaultCacheAwareContextLoaderDelegate.loadContext(DefaultCacheAwareContextLoaderDelegate.java:116) ~[spring-test-4.3.5.RELEASE.jar:4.3.5.RELEASE]
	... 26 common frames omitted
Caused by: java.lang.IllegalStateException: Ambiguous mapping. Cannot map 'APIHospitalController' method 
public org.springframework.http.ResponseEntity edu.ncsu.csc.itrust2.controllers.api.APIHospitalController.getHospital(java.lang.String)
to {[/api/v1/new val],methods=[GET]}: There is already 'APIAppointmentRequestController' bean method
public org.springframework.http.ResponseEntity edu.ncsu.csc.itrust2.controllers.api.APIAppointmentRequestController.getAppointmentRequest(java.lang.Long) mapped.
	at org.springframework.web.servlet.handler.AbstractHandlerMethodMapping$MappingRegistry.assertUniqueMethodMapping(AbstractHandlerMethodMapping.java:576) ~[spring-webmvc-4.3.5.RELEASE.jar:4.3.5.RELEASE]
	at org.springframework.web.servlet.handler.AbstractHandlerMethodMapping$MappingRegistry.register(AbstractHandlerMethodMapping.java:540) ~[spring-webmvc-4.3.5.RELEASE.jar:4.3.5.RELEASE]
	at org.springframework.web.servlet.handler.AbstractHandlerMethodMapping.registerHandlerMethod(AbstractHandlerMethodMapping.java:264) ~[spring-webmvc-4.3.5.RELEASE.jar:4.3.5.RELEASE]
	at org.springframework.web.servlet.handler.AbstractHandlerMethodMapping.detectHandlerMethods(AbstractHandlerMethodMapping.java:250) ~[spring-webmvc-4.3.5.RELEASE.jar:4.3.5.RELEASE]
	at org.springframework.web.servlet.handler.AbstractHandlerMethodMapping.initHandlerMethods(AbstractHandlerMethodMapping.java:214) ~[spring-webmvc-4.3.5.RELEASE.jar:4.3.5.RELEASE]
	at org.springframework.web.servlet.handler.AbstractHandlerMethodMapping.afterPropertiesSet(AbstractHandlerMethodMapping.java:184) ~[spring-webmvc-4.3.5.RELEASE.jar:4.3.5.RELEASE]
	at org.springframework.web.servlet.mvc.method.annotation.RequestMappingHandlerMapping.afterPropertiesSet(RequestMappingHandlerMapping.java:127) ~[spring-webmvc-4.3.5.RELEASE.jar:4.3.5.RELEASE]
	at org.springframework.beans.factory.support.AbstractAutowireCapableBeanFactory.invokeInitMethods(AbstractAutowireCapableBeanFactory.java:1648) ~[spring-beans-4.3.5.RELEASE.jar:4.3.5.RELEASE]
	at org.springframework.beans.factory.support.AbstractAutowireCapableBeanFactory.initializeBean(AbstractAutowireCapableBeanFactory.java:1585) ~[spring-beans-4.3.5.RELEASE.jar:4.3.5.RELEASE]
	... 41 common frames omitted
]]></system-out>
  </testcase>
  <testcase name="testGetNonExistentUser" classname="edu.ncsu.csc.itrust2.apitest.APIUserTest" time="0">
    <error message="Failed to load ApplicationContext" type="java.lang.IllegalStateException">java.lang.IllegalStateException: Failed to load ApplicationContext
Caused by: org.springframework.beans.factory.BeanCreationException: 
Error creating bean with name 'requestMappingHandlerMapping' defined in org.springframework.web.servlet.config.annotation.DelegatingWebMvcConfiguration: Invocation of init method failed; nested exception is java.lang.IllegalStateException: Ambiguous mapping. Cannot map 'APIHospitalController' method 
public org.springframework.http.ResponseEntity edu.ncsu.csc.itrust2.controllers.api.APIHospitalController.getHospital(java.lang.String)
to {[/api/v1/new val],methods=[GET]}: There is already 'APIAppointmentRequestController' bean method
public org.springframework.http.ResponseEntity edu.ncsu.csc.itrust2.controllers.api.APIAppointmentRequestController.getAppointmentRequest(java.lang.Long) mapped.
Caused by: java.lang.IllegalStateException: 
Ambiguous mapping. Cannot map 'APIHospitalController' method 
public org.springframework.http.ResponseEntity edu.ncsu.csc.itrust2.controllers.api.APIHospitalController.getHospital(java.lang.String)
to {[/api/v1/new val],methods=[GET]}: There is already 'APIAppointmentRequestController' bean method
public org.springframework.http.ResponseEntity edu.ncsu.csc.itrust2.controllers.api.APIAppointmentRequestController.getAppointmentRequest(java.lang.Long) mapped.
</error>
    <system-out><![CDATA[06:33:40.604 [main] DEBUG o.s.t.annotation.ProfileValueUtils - Retrieved @ProfileValueSourceConfiguration [null] for test class [edu.ncsu.csc.itrust2.apitest.APIUserTest]
06:33:40.604 [main] DEBUG o.s.t.annotation.ProfileValueUtils - Retrieved ProfileValueSource type [class org.springframework.test.annotation.SystemProfileValueSource] for class [edu.ncsu.csc.itrust2.apitest.APIUserTest]
06:33:40.604 [main] DEBUG o.s.t.c.s.AbstractDelegatingSmartContextLoader - Delegating to AnnotationConfigWebContextLoader to load context from [WebMergedContextConfiguration@ba2fda0 testClass = APIUserTest, locations = '{}', classes = '{class edu.ncsu.csc.itrust2.config.RootConfiguration, class edu.ncsu.csc.itrust2.mvc.config.WebMvcConfiguration}', contextInitializerClasses = '[]', activeProfiles = '{}', propertySourceLocations = '{}', propertySourceProperties = '{}', contextCustomizers = set[[empty]], resourceBasePath = 'src/main/webapp', contextLoader = 'org.springframework.test.context.web.WebDelegatingSmartContextLoader', parent = [null]].
06:33:40.604 [main] DEBUG o.s.t.c.w.AbstractGenericWebContextLoader - Loading WebApplicationContext for merged context configuration [WebMergedContextConfiguration@ba2fda0 testClass = APIUserTest, locations = '{}', classes = '{class edu.ncsu.csc.itrust2.config.RootConfiguration, class edu.ncsu.csc.itrust2.mvc.config.WebMvcConfiguration}', contextInitializerClasses = '[]', activeProfiles = '{}', propertySourceLocations = '{}', propertySourceProperties = '{}', contextCustomizers = set[[empty]], resourceBasePath = 'src/main/webapp', contextLoader = 'org.springframework.test.context.web.WebDelegatingSmartContextLoader', parent = [null]].
06:33:40.604 [main] DEBUG o.s.w.c.s.StandardServletEnvironment - Adding [servletConfigInitParams] PropertySource with lowest search precedence
06:33:40.604 [main] DEBUG o.s.w.c.s.StandardServletEnvironment - Adding [servletContextInitParams] PropertySource with lowest search precedence
06:33:40.605 [main] DEBUG o.s.w.c.s.StandardServletEnvironment - Adding [systemProperties] PropertySource with lowest search precedence
06:33:40.605 [main] DEBUG o.s.w.c.s.StandardServletEnvironment - Adding [systemEnvironment] PropertySource with lowest search precedence
06:33:40.605 [main] DEBUG o.s.w.c.s.StandardServletEnvironment - Initialized StandardServletEnvironment with PropertySources [servletConfigInitParams,servletContextInitParams,systemProperties,systemEnvironment]
06:33:40.605 [main] DEBUG o.s.t.c.w.AnnotationConfigWebContextLoader - Registering annotated classes: {class edu.ncsu.csc.itrust2.config.RootConfiguration, class edu.ncsu.csc.itrust2.mvc.config.WebMvcConfiguration}
06:33:40.607 [main] INFO  o.s.w.c.s.GenericWebApplicationContext - Refreshing org.springframework.web.context.support.GenericWebApplicationContext@6cabad07: startup date [Thu Mar 22 06:33:40 UTC 2018]; root of context hierarchy
06:33:40.607 [main] DEBUG o.s.w.c.s.StandardServletEnvironment - Replacing [servletContextInitParams] PropertySource with [servletContextInitParams]
06:33:40.607 [main] DEBUG o.s.w.c.s.GenericWebApplicationContext - Bean factory for org.springframework.web.context.support.GenericWebApplicationContext@6cabad07: org.springframework.beans.factory.support.DefaultListableBeanFactory@3a02dd8c: defining beans [org.springframework.context.annotation.internalConfigurationAnnotationProcessor,org.springframework.context.annotation.internalAutowiredAnnotationProcessor,org.springframework.context.annotation.internalRequiredAnnotationProcessor,org.springframework.context.annotation.internalCommonAnnotationProcessor,org.springframework.context.annotation.internalPersistenceAnnotationProcessor,org.springframework.context.event.internalEventListenerProcessor,org.springframework.context.event.internalEventListenerFactory,rootConfiguration,webMvcConfiguration]; root of factory hierarchy
06:33:40.607 [main] DEBUG o.s.b.f.s.DefaultListableBeanFactory - Registering scope 'request' with implementation [org.springframework.web.context.request.RequestScope@419663ec]
06:33:40.607 [main] DEBUG o.s.b.f.s.DefaultListableBeanFactory - Registering scope 'session' with implementation [org.springframework.web.context.request.SessionScope@70643d4c]
06:33:40.607 [main] DEBUG o.s.b.f.s.DefaultListableBeanFactory - Registering scope 'globalSession' with implementation [org.springframework.web.context.request.SessionScope@5c266071]
06:33:40.607 [main] DEBUG o.s.b.f.s.DefaultListableBeanFactory - Registering scope 'application' with implementation [org.springframework.web.context.support.ServletContextScope@20c08572]
06:33:40.607 [main] DEBUG o.s.b.f.s.DefaultListableBeanFactory - Creating shared instance of singleton bean 'org.springframework.context.annotation.internalConfigurationAnnotationProcessor'
06:33:40.607 [main] DEBUG o.s.b.f.s.DefaultListableBeanFactory - Creating instance of bean 'org.springframework.context.annotation.internalConfigurationAnnotationProcessor'
06:33:40.607 [main] DEBUG o.s.b.f.s.DefaultListableBeanFactory - Eagerly caching bean 'org.springframework.context.annotation.internalConfigurationAnnotationProcessor' to allow for resolving potential circular references
06:33:40.608 [main] DEBUG o.s.b.f.s.DefaultListableBeanFactory - Finished creating instance of bean 'org.springframework.context.annotation.internalConfigurationAnnotationProcessor'
06:33:40.608 [main] DEBUG o.s.core.env.StandardEnvironment - Adding [systemProperties] PropertySource with lowest search precedence
06:33:40.608 [main] DEBUG o.s.core.env.StandardEnvironment - Adding [systemEnvironment] PropertySource with lowest search precedence
06:33:40.608 [main] DEBUG o.s.core.env.StandardEnvironment - Initialized StandardEnvironment with PropertySources [systemProperties,systemEnvironment]
06:33:40.611 [main] DEBUG o.s.c.i.s.PathMatchingResourcePatternResolver - Resolved classpath location [edu/ncsu/csc/itrust2/config/] to resources [URL [file:/var/lib/jenkins/workspace/itrust-test/iTrust2/target/classes/edu/ncsu/csc/itrust2/config/]]
06:33:40.611 [main] DEBUG o.s.c.i.s.PathMatchingResourcePatternResolver - Looking for matching resources in directory tree [/var/lib/jenkins/workspace/itrust-test/iTrust2/target/classes/edu/ncsu/csc/itrust2/config]
06:33:40.611 [main] DEBUG o.s.c.i.s.PathMatchingResourcePatternResolver - Searching directory [/var/lib/jenkins/workspace/itrust-test/iTrust2/target/classes/edu/ncsu/csc/itrust2/config] for files matching pattern [/var/lib/jenkins/workspace/itrust-test/iTrust2/target/classes/edu/ncsu/csc/itrust2/config/**/*.class]
06:33:40.611 [main] DEBUG o.s.c.i.s.PathMatchingResourcePatternResolver - Resolved location pattern [classpath*:edu/ncsu/csc/itrust2/config/**/*.class] to resources [file [/var/lib/jenkins/workspace/itrust-test/iTrust2/target/classes/edu/ncsu/csc/itrust2/config/ContextListener.class], file [/var/lib/jenkins/workspace/itrust-test/iTrust2/target/classes/edu/ncsu/csc/itrust2/config/DataConfiguration.class], file [/var/lib/jenkins/workspace/itrust-test/iTrust2/target/classes/edu/ncsu/csc/itrust2/config/FailureHandler.class], file [/var/lib/jenkins/workspace/itrust-test/iTrust2/target/classes/edu/ncsu/csc/itrust2/config/IPFilter.class], file [/var/lib/jenkins/workspace/itrust-test/iTrust2/target/classes/edu/ncsu/csc/itrust2/config/ITrust2ApplicationInitializer.class], file [/var/lib/jenkins/workspace/itrust-test/iTrust2/target/classes/edu/ncsu/csc/itrust2/config/ITrust2WebApplicationInitializer.class], file [/var/lib/jenkins/workspace/itrust-test/iTrust2/target/classes/edu/ncsu/csc/itrust2/config/LoginAuditingListener.class], file [/var/lib/jenkins/workspace/itrust-test/iTrust2/target/classes/edu/ncsu/csc/itrust2/config/RootConfiguration.class], file [/var/lib/jenkins/workspace/itrust-test/iTrust2/target/classes/edu/ncsu/csc/itrust2/config/SecurityConfig.class]]
06:33:40.612 [main] DEBUG o.s.c.a.ClassPathBeanDefinitionScanner - Identified candidate component class: file [/var/lib/jenkins/workspace/itrust-test/iTrust2/target/classes/edu/ncsu/csc/itrust2/config/DataConfiguration.class]
06:33:40.612 [main] DEBUG o.s.c.a.ClassPathBeanDefinitionScanner - Identified candidate component class: file [/var/lib/jenkins/workspace/itrust-test/iTrust2/target/classes/edu/ncsu/csc/itrust2/config/LoginAuditingListener.class]
06:33:40.613 [main] DEBUG o.s.c.a.ClassPathBeanDefinitionScanner - Identified candidate component class: file [/var/lib/jenkins/workspace/itrust-test/iTrust2/target/classes/edu/ncsu/csc/itrust2/config/SecurityConfig.class]
06:33:40.626 [main] DEBUG o.s.core.env.StandardEnvironment - Adding [systemProperties] PropertySource with lowest search precedence
06:33:40.626 [main] DEBUG o.s.core.env.StandardEnvironment - Adding [systemEnvironment] PropertySource with lowest search precedence
06:33:40.626 [main] DEBUG o.s.core.env.StandardEnvironment - Initialized StandardEnvironment with PropertySources [systemProperties,systemEnvironment]
06:33:40.628 [main] DEBUG o.s.c.i.s.PathMatchingResourcePatternResolver - Resolved classpath location [edu/ncsu/csc/itrust2/controllers/] to resources [URL [file:/var/lib/jenkins/workspace/itrust-test/iTrust2/target/classes/edu/ncsu/csc/itrust2/controllers/]]
06:33:40.628 [main] DEBUG o.s.c.i.s.PathMatchingResourcePatternResolver - Looking for matching resources in directory tree [/var/lib/jenkins/workspace/itrust-test/iTrust2/target/classes/edu/ncsu/csc/itrust2/controllers]
06:33:40.628 [main] DEBUG o.s.c.i.s.PathMatchingResourcePatternResolver - Searching directory [/var/lib/jenkins/workspace/itrust-test/iTrust2/target/classes/edu/ncsu/csc/itrust2/controllers] for files matching pattern [/var/lib/jenkins/workspace/itrust-test/iTrust2/target/classes/edu/ncsu/csc/itrust2/controllers/**/*.class]
06:33:40.629 [main] DEBUG o.s.c.i.s.PathMatchingResourcePatternResolver - Searching directory [/var/lib/jenkins/workspace/itrust-test/iTrust2/target/classes/edu/ncsu/csc/itrust2/controllers/admin] for files matching pattern [/var/lib/jenkins/workspace/itrust-test/iTrust2/target/classes/edu/ncsu/csc/itrust2/controllers/**/*.class]
06:33:40.629 [main] DEBUG o.s.c.i.s.PathMatchingResourcePatternResolver - Searching directory [/var/lib/jenkins/workspace/itrust-test/iTrust2/target/classes/edu/ncsu/csc/itrust2/controllers/api] for files matching pattern [/var/lib/jenkins/workspace/itrust-test/iTrust2/target/classes/edu/ncsu/csc/itrust2/controllers/**/*.class]
06:33:40.630 [main] DEBUG o.s.c.i.s.PathMatchingResourcePatternResolver - Searching directory [/var/lib/jenkins/workspace/itrust-test/iTrust2/target/classes/edu/ncsu/csc/itrust2/controllers/api/comm] for files matching pattern [/var/lib/jenkins/workspace/itrust-test/iTrust2/target/classes/edu/ncsu/csc/itrust2/controllers/**/*.class]
06:33:40.630 [main] DEBUG o.s.c.i.s.PathMatchingResourcePatternResolver - Searching directory [/var/lib/jenkins/workspace/itrust-test/iTrust2/target/classes/edu/ncsu/csc/itrust2/controllers/hcp] for files matching pattern [/var/lib/jenkins/workspace/itrust-test/iTrust2/target/classes/edu/ncsu/csc/itrust2/controllers/**/*.class]
06:33:40.630 [main] DEBUG o.s.c.i.s.PathMatchingResourcePatternResolver - Searching directory [/var/lib/jenkins/workspace/itrust-test/iTrust2/target/classes/edu/ncsu/csc/itrust2/controllers/patient] for files matching pattern [/var/lib/jenkins/workspace/itrust-test/iTrust2/target/classes/edu/ncsu/csc/itrust2/controllers/**/*.class]
06:33:40.630 [main] DEBUG o.s.c.i.s.PathMatchingResourcePatternResolver - Searching directory [/var/lib/jenkins/workspace/itrust-test/iTrust2/target/classes/edu/ncsu/csc/itrust2/controllers/personnel] for files matching pattern [/var/lib/jenkins/workspace/itrust-test/iTrust2/target/classes/edu/ncsu/csc/itrust2/controllers/**/*.class]
06:33:40.630 [main] DEBUG o.s.c.i.s.PathMatchingResourcePatternResolver - Resolved location pattern [classpath*:edu/ncsu/csc/itrust2/controllers/**/*.class] to resources [file [/var/lib/jenkins/workspace/itrust-test/iTrust2/target/classes/edu/ncsu/csc/itrust2/controllers/DefaultController.class], file [/var/lib/jenkins/workspace/itrust-test/iTrust2/target/classes/edu/ncsu/csc/itrust2/controllers/admin/AdminController.class], file [/var/lib/jenkins/workspace/itrust-test/iTrust2/target/classes/edu/ncsu/csc/itrust2/controllers/admin/AdminUserController$1.class], file [/var/lib/jenkins/workspace/itrust-test/iTrust2/target/classes/edu/ncsu/csc/itrust2/controllers/admin/AdminUserController.class], file [/var/lib/jenkins/workspace/itrust-test/iTrust2/target/classes/edu/ncsu/csc/itrust2/controllers/admin/HospitalController.class], file [/var/lib/jenkins/workspace/itrust-test/iTrust2/target/classes/edu/ncsu/csc/itrust2/controllers/admin/ICDCodesController.class], file [/var/lib/jenkins/workspace/itrust-test/iTrust2/target/classes/edu/ncsu/csc/itrust2/controllers/api/APIAppointmentRequestController.class], file [/var/lib/jenkins/workspace/itrust-test/iTrust2/target/classes/edu/ncsu/csc/itrust2/controllers/api/APIController$JSONResponse.class], file [/var/lib/jenkins/workspace/itrust-test/iTrust2/target/classes/edu/ncsu/csc/itrust2/controllers/api/APIController.class], file [/var/lib/jenkins/workspace/itrust-test/iTrust2/target/classes/edu/ncsu/csc/itrust2/controllers/api/APIDiagnosisController.class], file [/var/lib/jenkins/workspace/itrust-test/iTrust2/target/classes/edu/ncsu/csc/itrust2/controllers/api/APIDrugController.class], file [/var/lib/jenkins/workspace/itrust-test/iTrust2/target/classes/edu/ncsu/csc/itrust2/controllers/api/APIEnumController.class], file [/var/lib/jenkins/workspace/itrust-test/iTrust2/target/classes/edu/ncsu/csc/itrust2/controllers/api/APIHospitalController.class], file [/var/lib/jenkins/workspace/itrust-test/iTrust2/target/classes/edu/ncsu/csc/itrust2/controllers/api/APIICDCodeController.class], file [/var/lib/jenkins/workspace/itrust-test/iTrust2/target/classes/edu/ncsu/csc/itrust2/controllers/api/APILogEntryController.class], file [/var/lib/jenkins/workspace/itrust-test/iTrust2/target/classes/edu/ncsu/csc/itrust2/controllers/api/APIOfficeVisitController.class], file [/var/lib/jenkins/workspace/itrust-test/iTrust2/target/classes/edu/ncsu/csc/itrust2/controllers/api/APIPasswordController.class], file [/var/lib/jenkins/workspace/itrust-test/iTrust2/target/classes/edu/ncsu/csc/itrust2/controllers/api/APIPatientController.class], file [/var/lib/jenkins/workspace/itrust-test/iTrust2/target/classes/edu/ncsu/csc/itrust2/controllers/api/APIPersonnelController.class], file [/var/lib/jenkins/workspace/itrust-test/iTrust2/target/classes/edu/ncsu/csc/itrust2/controllers/api/APIPrescriptionController.class], file [/var/lib/jenkins/workspace/itrust-test/iTrust2/target/classes/edu/ncsu/csc/itrust2/controllers/api/APIUserController.class], file [/var/lib/jenkins/workspace/itrust-test/iTrust2/target/classes/edu/ncsu/csc/itrust2/controllers/api/comm/LogEntryRequestBody.class], file [/var/lib/jenkins/workspace/itrust-test/iTrust2/target/classes/edu/ncsu/csc/itrust2/controllers/api/comm/LogEntryTableRow.class], file [/var/lib/jenkins/workspace/itrust-test/iTrust2/target/classes/edu/ncsu/csc/itrust2/controllers/hcp/AppointmentControllerHCP.class], file [/var/lib/jenkins/workspace/itrust-test/iTrust2/target/classes/edu/ncsu/csc/itrust2/controllers/hcp/HCPController.class], file [/var/lib/jenkins/workspace/itrust-test/iTrust2/target/classes/edu/ncsu/csc/itrust2/controllers/hcp/OfficeVisitController.class], file [/var/lib/jenkins/workspace/itrust-test/iTrust2/target/classes/edu/ncsu/csc/itrust2/controllers/patient/AppointmentController.class], file [/var/lib/jenkins/workspace/itrust-test/iTrust2/target/classes/edu/ncsu/csc/itrust2/controllers/patient/DiagnosesController.class], file [/var/lib/jenkins/workspace/itrust-test/iTrust2/target/classes/edu/ncsu/csc/itrust2/controllers/patient/PatientController.class], file [/var/lib/jenkins/workspace/itrust-test/iTrust2/target/classes/edu/ncsu/csc/itrust2/controllers/personnel/PasswordController.class], file [/var/lib/jenkins/workspace/itrust-test/iTrust2/target/classes/edu/ncsu/csc/itrust2/controllers/personnel/UserController.class]]
06:33:40.631 [main] DEBUG o.s.c.a.ClassPathBeanDefinitionScanner - Identified candidate component class: file [/var/lib/jenkins/workspace/itrust-test/iTrust2/target/classes/edu/ncsu/csc/itrust2/controllers/DefaultController.class]
06:33:40.631 [main] DEBUG o.s.c.a.ClassPathBeanDefinitionScanner - Identified candidate component class: file [/var/lib/jenkins/workspace/itrust-test/iTrust2/target/classes/edu/ncsu/csc/itrust2/controllers/admin/AdminController.class]
06:33:40.631 [main] DEBUG o.s.c.a.ClassPathBeanDefinitionScanner - Identified candidate component class: file [/var/lib/jenkins/workspace/itrust-test/iTrust2/target/classes/edu/ncsu/csc/itrust2/controllers/admin/AdminUserController.class]
06:33:40.632 [main] DEBUG o.s.c.a.ClassPathBeanDefinitionScanner - Identified candidate component class: file [/var/lib/jenkins/workspace/itrust-test/iTrust2/target/classes/edu/ncsu/csc/itrust2/controllers/admin/HospitalController.class]
06:33:40.632 [main] DEBUG o.s.c.a.ClassPathBeanDefinitionScanner - Identified candidate component class: file [/var/lib/jenkins/workspace/itrust-test/iTrust2/target/classes/edu/ncsu/csc/itrust2/controllers/admin/ICDCodesController.class]
06:33:40.633 [main] DEBUG o.s.c.a.ClassPathBeanDefinitionScanner - Identified candidate component class: file [/var/lib/jenkins/workspace/itrust-test/iTrust2/target/classes/edu/ncsu/csc/itrust2/controllers/api/APIAppointmentRequestController.class]
06:33:40.633 [main] DEBUG o.s.c.a.ClassPathBeanDefinitionScanner - Identified candidate component class: file [/var/lib/jenkins/workspace/itrust-test/iTrust2/target/classes/edu/ncsu/csc/itrust2/controllers/api/APIDiagnosisController.class]
06:33:40.634 [main] DEBUG o.s.c.a.ClassPathBeanDefinitionScanner - Identified candidate component class: file [/var/lib/jenkins/workspace/itrust-test/iTrust2/target/classes/edu/ncsu/csc/itrust2/controllers/api/APIDrugController.class]
06:33:40.634 [main] DEBUG o.s.c.a.ClassPathBeanDefinitionScanner - Identified candidate component class: file [/var/lib/jenkins/workspace/itrust-test/iTrust2/target/classes/edu/ncsu/csc/itrust2/controllers/api/APIEnumController.class]
06:33:40.635 [main] DEBUG o.s.c.a.ClassPathBeanDefinitionScanner - Identified candidate component class: file [/var/lib/jenkins/workspace/itrust-test/iTrust2/target/classes/edu/ncsu/csc/itrust2/controllers/api/APIHospitalController.class]
06:33:40.635 [main] DEBUG o.s.c.a.ClassPathBeanDefinitionScanner - Identified candidate component class: file [/var/lib/jenkins/workspace/itrust-test/iTrust2/target/classes/edu/ncsu/csc/itrust2/controllers/api/APIICDCodeController.class]
06:33:40.636 [main] DEBUG o.s.c.a.ClassPathBeanDefinitionScanner - Identified candidate component class: file [/var/lib/jenkins/workspace/itrust-test/iTrust2/target/classes/edu/ncsu/csc/itrust2/controllers/api/APILogEntryController.class]
06:33:40.636 [main] DEBUG o.s.c.a.ClassPathBeanDefinitionScanner - Identified candidate component class: file [/var/lib/jenkins/workspace/itrust-test/iTrust2/target/classes/edu/ncsu/csc/itrust2/controllers/api/APIOfficeVisitController.class]
06:33:40.637 [main] DEBUG o.s.c.a.ClassPathBeanDefinitionScanner - Identified candidate component class: file [/var/lib/jenkins/workspace/itrust-test/iTrust2/target/classes/edu/ncsu/csc/itrust2/controllers/api/APIPasswordController.class]
06:33:40.637 [main] DEBUG o.s.c.a.ClassPathBeanDefinitionScanner - Identified candidate component class: file [/var/lib/jenkins/workspace/itrust-test/iTrust2/target/classes/edu/ncsu/csc/itrust2/controllers/api/APIPatientController.class]
06:33:40.638 [main] DEBUG o.s.c.a.ClassPathBeanDefinitionScanner - Identified candidate component class: file [/var/lib/jenkins/workspace/itrust-test/iTrust2/target/classes/edu/ncsu/csc/itrust2/controllers/api/APIPersonnelController.class]
06:33:40.639 [main] DEBUG o.s.c.a.ClassPathBeanDefinitionScanner - Identified candidate component class: file [/var/lib/jenkins/workspace/itrust-test/iTrust2/target/classes/edu/ncsu/csc/itrust2/controllers/api/APIPrescriptionController.class]
06:33:40.639 [main] DEBUG o.s.c.a.ClassPathBeanDefinitionScanner - Identified candidate component class: file [/var/lib/jenkins/workspace/itrust-test/iTrust2/target/classes/edu/ncsu/csc/itrust2/controllers/api/APIUserController.class]
06:33:40.640 [main] DEBUG o.s.c.a.ClassPathBeanDefinitionScanner - Identified candidate component class: file [/var/lib/jenkins/workspace/itrust-test/iTrust2/target/classes/edu/ncsu/csc/itrust2/controllers/hcp/AppointmentControllerHCP.class]
06:33:40.640 [main] DEBUG o.s.c.a.ClassPathBeanDefinitionScanner - Identified candidate component class: file [/var/lib/jenkins/workspace/itrust-test/iTrust2/target/classes/edu/ncsu/csc/itrust2/controllers/hcp/HCPController.class]
06:33:40.641 [main] DEBUG o.s.c.a.ClassPathBeanDefinitionScanner - Identified candidate component class: file [/var/lib/jenkins/workspace/itrust-test/iTrust2/target/classes/edu/ncsu/csc/itrust2/controllers/hcp/OfficeVisitController.class]
06:33:40.642 [main] DEBUG o.s.c.a.ClassPathBeanDefinitionScanner - Identified candidate component class: file [/var/lib/jenkins/workspace/itrust-test/iTrust2/target/classes/edu/ncsu/csc/itrust2/controllers/patient/AppointmentController.class]
06:33:40.642 [main] DEBUG o.s.c.a.ClassPathBeanDefinitionScanner - Identified candidate component class: file [/var/lib/jenkins/workspace/itrust-test/iTrust2/target/classes/edu/ncsu/csc/itrust2/controllers/patient/DiagnosesController.class]
06:33:40.643 [main] DEBUG o.s.c.a.ClassPathBeanDefinitionScanner - Identified candidate component class: file [/var/lib/jenkins/workspace/itrust-test/iTrust2/target/classes/edu/ncsu/csc/itrust2/controllers/patient/PatientController.class]
06:33:40.643 [main] DEBUG o.s.c.a.ClassPathBeanDefinitionScanner - Identified candidate component class: file [/var/lib/jenkins/workspace/itrust-test/iTrust2/target/classes/edu/ncsu/csc/itrust2/controllers/personnel/PasswordController.class]
06:33:40.644 [main] DEBUG o.s.c.a.ClassPathBeanDefinitionScanner - Identified candidate component class: file [/var/lib/jenkins/workspace/itrust-test/iTrust2/target/classes/edu/ncsu/csc/itrust2/controllers/personnel/UserController.class]
06:33:40.645 [main] DEBUG o.s.c.i.s.PathMatchingResourcePatternResolver - Resolved classpath location [edu/ncsu/csc/itrust2/config/] to resources [URL [file:/var/lib/jenkins/workspace/itrust-test/iTrust2/target/classes/edu/ncsu/csc/itrust2/config/]]
06:33:40.645 [main] DEBUG o.s.c.i.s.PathMatchingResourcePatternResolver - Looking for matching resources in directory tree [/var/lib/jenkins/workspace/itrust-test/iTrust2/target/classes/edu/ncsu/csc/itrust2/config]
06:33:40.645 [main] DEBUG o.s.c.i.s.PathMatchingResourcePatternResolver - Searching directory [/var/lib/jenkins/workspace/itrust-test/iTrust2/target/classes/edu/ncsu/csc/itrust2/config] for files matching pattern [/var/lib/jenkins/workspace/itrust-test/iTrust2/target/classes/edu/ncsu/csc/itrust2/config/**/*.class]
06:33:40.646 [main] DEBUG o.s.c.i.s.PathMatchingResourcePatternResolver - Resolved location pattern [classpath*:edu/ncsu/csc/itrust2/config/**/*.class] to resources [file [/var/lib/jenkins/workspace/itrust-test/iTrust2/target/classes/edu/ncsu/csc/itrust2/config/ContextListener.class], file [/var/lib/jenkins/workspace/itrust-test/iTrust2/target/classes/edu/ncsu/csc/itrust2/config/DataConfiguration.class], file [/var/lib/jenkins/workspace/itrust-test/iTrust2/target/classes/edu/ncsu/csc/itrust2/config/FailureHandler.class], file [/var/lib/jenkins/workspace/itrust-test/iTrust2/target/classes/edu/ncsu/csc/itrust2/config/IPFilter.class], file [/var/lib/jenkins/workspace/itrust-test/iTrust2/target/classes/edu/ncsu/csc/itrust2/config/ITrust2ApplicationInitializer.class], file [/var/lib/jenkins/workspace/itrust-test/iTrust2/target/classes/edu/ncsu/csc/itrust2/config/ITrust2WebApplicationInitializer.class], file [/var/lib/jenkins/workspace/itrust-test/iTrust2/target/classes/edu/ncsu/csc/itrust2/config/LoginAuditingListener.class], file [/var/lib/jenkins/workspace/itrust-test/iTrust2/target/classes/edu/ncsu/csc/itrust2/config/RootConfiguration.class], file [/var/lib/jenkins/workspace/itrust-test/iTrust2/target/classes/edu/ncsu/csc/itrust2/config/SecurityConfig.class]]
06:33:40.646 [main] DEBUG o.s.c.a.ClassPathBeanDefinitionScanner - Identified candidate component class: file [/var/lib/jenkins/workspace/itrust-test/iTrust2/target/classes/edu/ncsu/csc/itrust2/config/DataConfiguration.class]
06:33:40.647 [main] DEBUG o.s.c.a.ClassPathBeanDefinitionScanner - Identified candidate component class: file [/var/lib/jenkins/workspace/itrust-test/iTrust2/target/classes/edu/ncsu/csc/itrust2/config/LoginAuditingListener.class]
06:33:40.647 [main] DEBUG o.s.c.a.ClassPathBeanDefinitionScanner - Identified candidate component class: file [/var/lib/jenkins/workspace/itrust-test/iTrust2/target/classes/edu/ncsu/csc/itrust2/config/RootConfiguration.class]
06:33:40.648 [main] DEBUG o.s.c.a.ClassPathBeanDefinitionScanner - Identified candidate component class: file [/var/lib/jenkins/workspace/itrust-test/iTrust2/target/classes/edu/ncsu/csc/itrust2/config/SecurityConfig.class]
06:33:40.680 [main] DEBUG o.s.c.a.ConfigurationClassBeanDefinitionReader - Registering bean definition for @Bean method edu.ncsu.csc.itrust2.config.DataConfiguration.dataSource()
06:33:40.680 [main] DEBUG o.s.c.a.ConfigurationClassBeanDefinitionReader - Registered bean definition for imported class 'org.springframework.security.config.annotation.configuration.ObjectPostProcessorConfiguration'
06:33:40.680 [main] DEBUG o.s.c.a.ConfigurationClassBeanDefinitionReader - Registering bean definition for @Bean method org.springframework.security.config.annotation.configuration.ObjectPostProcessorConfiguration.objectPostProcessor()
06:33:40.681 [main] DEBUG o.s.c.a.ConfigurationClassBeanDefinitionReader - Registered bean definition for imported class 'org.springframework.security.config.annotation.authentication.configuration.AuthenticationConfiguration'
06:33:40.681 [main] DEBUG o.s.c.a.ConfigurationClassBeanDefinitionReader - Registering bean definition for @Bean method org.springframework.security.config.annotation.authentication.configuration.AuthenticationConfiguration.authenticationManagerBuilder()
06:33:40.681 [main] DEBUG o.s.c.a.ConfigurationClassBeanDefinitionReader - Registering bean definition for @Bean method org.springframework.security.config.annotation.authentication.configuration.AuthenticationConfiguration.enableGlobalAuthenticationAutowiredConfigurer()
06:33:40.681 [main] DEBUG o.s.c.a.ConfigurationClassBeanDefinitionReader - Registering bean definition for @Bean method org.springframework.security.config.annotation.authentication.configuration.AuthenticationConfiguration.initializeUserDetailsBeanManagerConfigurer()
06:33:40.681 [main] DEBUG o.s.c.a.ConfigurationClassBeanDefinitionReader - Registering bean definition for @Bean method org.springframework.security.config.annotation.authentication.configuration.AuthenticationConfiguration.initializeAuthenticationProviderBeanManagerConfigurer()
06:33:40.681 [main] DEBUG o.s.c.a.ConfigurationClassBeanDefinitionReader - Registered bean definition for imported class 'org.springframework.security.config.annotation.web.configuration.WebSecurityConfiguration'
06:33:40.681 [main] DEBUG o.s.c.a.ConfigurationClassBeanDefinitionReader - Registering bean definition for @Bean method org.springframework.security.config.annotation.web.configuration.WebSecurityConfiguration.delegatingApplicationListener()
06:33:40.681 [main] DEBUG o.s.c.a.ConfigurationClassBeanDefinitionReader - Registering bean definition for @Bean method org.springframework.security.config.annotation.web.configuration.WebSecurityConfiguration.webSecurityExpressionHandler()
06:33:40.681 [main] DEBUG o.s.c.a.ConfigurationClassBeanDefinitionReader - Registering bean definition for @Bean method org.springframework.security.config.annotation.web.configuration.WebSecurityConfiguration.springSecurityFilterChain()
06:33:40.681 [main] DEBUG o.s.c.a.ConfigurationClassBeanDefinitionReader - Registering bean definition for @Bean method org.springframework.security.config.annotation.web.configuration.WebSecurityConfiguration.privilegeEvaluator()
06:33:40.681 [main] DEBUG o.s.c.a.ConfigurationClassBeanDefinitionReader - Registering bean definition for @Bean method org.springframework.security.config.annotation.web.configuration.WebSecurityConfiguration.autowiredWebSecurityConfigurersIgnoreParents()
06:33:40.681 [main] DEBUG o.s.c.a.ConfigurationClassBeanDefinitionReader - Registered bean definition for imported class 'org.springframework.security.config.annotation.web.configuration.WebMvcSecurityConfiguration'
06:33:40.681 [main] DEBUG o.s.c.a.ConfigurationClassBeanDefinitionReader - Registering bean definition for @Bean method org.springframework.security.config.annotation.web.configuration.WebMvcSecurityConfiguration.requestDataValueProcessor()
06:33:40.681 [main] DEBUG o.s.c.a.ConfigurationClassBeanDefinitionReader - Registering bean definition for @Bean method edu.ncsu.csc.itrust2.config.SecurityConfig.passwordEncoder()
06:33:40.681 [main] DEBUG o.s.c.a.ConfigurationClassBeanDefinitionReader - Registering bean definition for @Bean method edu.ncsu.csc.itrust2.config.SecurityConfig.defaultAuthenticationEventPublisher()
06:33:40.681 [main] DEBUG o.s.c.a.ConfigurationClassBeanDefinitionReader - Registering bean definition for @Bean method edu.ncsu.csc.itrust2.config.SecurityConfig.failureHandler()
06:33:40.681 [main] DEBUG o.s.c.a.ConfigurationClassBeanDefinitionReader - Registering bean definition for @Bean method edu.ncsu.csc.itrust2.config.SecurityConfig.ipBlockFilter()
06:33:40.682 [main] DEBUG o.s.c.a.ConfigurationClassBeanDefinitionReader - Registered bean definition for imported class 'org.springframework.web.servlet.config.annotation.DelegatingWebMvcConfiguration'
06:33:40.682 [main] DEBUG o.s.c.a.ConfigurationClassBeanDefinitionReader - Registering bean definition for @Bean method org.springframework.web.servlet.config.annotation.DelegatingWebMvcConfiguration.mvcPathMatcher()
06:33:40.682 [main] DEBUG o.s.c.a.ConfigurationClassBeanDefinitionReader - Registering bean definition for @Bean method org.springframework.web.servlet.config.annotation.DelegatingWebMvcConfiguration.mvcUrlPathHelper()
06:33:40.683 [main] DEBUG o.s.c.a.ConfigurationClassBeanDefinitionReader - Registering bean definition for @Bean method org.springframework.web.servlet.config.annotation.DelegatingWebMvcConfiguration.mvcContentNegotiationManager()
06:33:40.683 [main] DEBUG o.s.c.a.ConfigurationClassBeanDefinitionReader - Registering bean definition for @Bean method org.springframework.web.servlet.config.annotation.DelegatingWebMvcConfiguration.viewControllerHandlerMapping()
06:33:40.684 [main] DEBUG o.s.c.a.ConfigurationClassBeanDefinitionReader - Registering bean definition for @Bean method org.springframework.web.servlet.config.annotation.DelegatingWebMvcConfiguration.beanNameHandlerMapping()
06:33:40.684 [main] DEBUG o.s.c.a.ConfigurationClassBeanDefinitionReader - Registering bean definition for @Bean method org.springframework.web.servlet.config.annotation.DelegatingWebMvcConfiguration.resourceHandlerMapping()
06:33:40.684 [main] DEBUG o.s.c.a.ConfigurationClassBeanDefinitionReader - Registering bean definition for @Bean method org.springframework.web.servlet.config.annotation.DelegatingWebMvcConfiguration.mvcResourceUrlProvider()
06:33:40.684 [main] DEBUG o.s.c.a.ConfigurationClassBeanDefinitionReader - Registering bean definition for @Bean method org.springframework.web.servlet.config.annotation.DelegatingWebMvcConfiguration.defaultServletHandlerMapping()
06:33:40.684 [main] DEBUG o.s.c.a.ConfigurationClassBeanDefinitionReader - Registering bean definition for @Bean method org.springframework.web.servlet.config.annotation.DelegatingWebMvcConfiguration.requestMappingHandlerAdapter()
06:33:40.684 [main] DEBUG o.s.c.a.ConfigurationClassBeanDefinitionReader - Registering bean definition for @Bean method org.springframework.web.servlet.config.annotation.DelegatingWebMvcConfiguration.mvcValidator()
06:33:40.684 [main] DEBUG o.s.c.a.ConfigurationClassBeanDefinitionReader - Registering bean definition for @Bean method org.springframework.web.servlet.config.annotation.DelegatingWebMvcConfiguration.mvcUriComponentsContributor()
06:33:40.684 [main] DEBUG o.s.c.a.ConfigurationClassBeanDefinitionReader - Registering bean definition for @Bean method org.springframework.web.servlet.config.annotation.DelegatingWebMvcConfiguration.httpRequestHandlerAdapter()
06:33:40.684 [main] DEBUG o.s.c.a.ConfigurationClassBeanDefinitionReader - Registering bean definition for @Bean method org.springframework.web.servlet.config.annotation.DelegatingWebMvcConfiguration.simpleControllerHandlerAdapter()
06:33:40.685 [main] DEBUG o.s.c.a.ConfigurationClassBeanDefinitionReader - Registering bean definition for @Bean method org.springframework.web.servlet.config.annotation.DelegatingWebMvcConfiguration.handlerExceptionResolver()
06:33:40.685 [main] DEBUG o.s.c.a.ConfigurationClassBeanDefinitionReader - Registering bean definition for @Bean method org.springframework.web.servlet.config.annotation.DelegatingWebMvcConfiguration.mvcViewResolver()
06:33:40.685 [main] DEBUG o.s.c.a.ConfigurationClassBeanDefinitionReader - Registering bean definition for @Bean method org.springframework.web.servlet.config.annotation.DelegatingWebMvcConfiguration.mvcConversionService()
06:33:40.685 [main] DEBUG o.s.c.a.ConfigurationClassBeanDefinitionReader - Registering bean definition for @Bean method org.springframework.web.servlet.config.annotation.DelegatingWebMvcConfiguration.requestMappingHandlerMapping()
06:33:40.685 [main] DEBUG o.s.c.a.ConfigurationClassBeanDefinitionReader - Registered bean definition for imported class 'org.springframework.security.config.annotation.method.configuration.GlobalMethodSecurityConfiguration'
06:33:40.685 [main] DEBUG o.s.c.a.ConfigurationClassBeanDefinitionReader - Registering bean definition for @Bean method org.springframework.security.config.annotation.method.configuration.GlobalMethodSecurityConfiguration.methodSecurityInterceptor()
06:33:40.685 [main] DEBUG o.s.c.a.ConfigurationClassBeanDefinitionReader - Registering bean definition for @Bean method org.springframework.security.config.annotation.method.configuration.GlobalMethodSecurityConfiguration.methodSecurityMetadataSource()
06:33:40.685 [main] DEBUG o.s.c.a.ConfigurationClassBeanDefinitionReader - Registering bean definition for @Bean method org.springframework.security.config.annotation.method.configuration.GlobalMethodSecurityConfiguration.preInvocationAuthorizationAdvice()
06:33:40.685 [main] DEBUG o.s.c.a.ConfigurationClassBeanDefinitionReader - Registering bean definition for @Bean method edu.ncsu.csc.itrust2.mvc.config.WebMvcConfiguration.viewResolver()
06:33:40.685 [main] DEBUG o.s.c.a.ConfigurationClassBeanDefinitionReader - Registering bean definition for @Bean method edu.ncsu.csc.itrust2.mvc.config.WebMvcConfiguration.templateEngine()
06:33:40.685 [main] DEBUG o.s.c.a.ConfigurationClassBeanDefinitionReader - Registering bean definition for @Bean method edu.ncsu.csc.itrust2.mvc.config.WebMvcConfiguration.domainClassConverter()
06:33:40.688 [main] DEBUG o.s.c.a.ConfigurationClassEnhancer - Successfully enhanced edu.ncsu.csc.itrust2.config.RootConfiguration; enhanced class name is: edu.ncsu.csc.itrust2.config.RootConfiguration$$EnhancerBySpringCGLIB$$5a5bdda4
06:33:40.688 [main] DEBUG o.s.c.a.ConfigurationClassPostProcessor - Replacing bean definition 'rootConfiguration' existing class 'edu.ncsu.csc.itrust2.config.RootConfiguration' with enhanced class 'edu.ncsu.csc.itrust2.config.RootConfiguration$$EnhancerBySpringCGLIB$$5a5bdda4'
06:33:40.688 [main] DEBUG o.s.c.a.ConfigurationClassEnhancer - Successfully enhanced edu.ncsu.csc.itrust2.mvc.config.WebMvcConfiguration; enhanced class name is: edu.ncsu.csc.itrust2.mvc.config.WebMvcConfiguration$$EnhancerBySpringCGLIB$$7706e0f4
06:33:40.688 [main] DEBUG o.s.c.a.ConfigurationClassPostProcessor - Replacing bean definition 'webMvcConfiguration' existing class 'edu.ncsu.csc.itrust2.mvc.config.WebMvcConfiguration' with enhanced class 'edu.ncsu.csc.itrust2.mvc.config.WebMvcConfiguration$$EnhancerBySpringCGLIB$$7706e0f4'
06:33:40.688 [main] DEBUG o.s.c.a.ConfigurationClassEnhancer - Successfully enhanced edu.ncsu.csc.itrust2.config.DataConfiguration; enhanced class name is: edu.ncsu.csc.itrust2.config.DataConfiguration$$EnhancerBySpringCGLIB$$9e9b22dc
06:33:40.688 [main] DEBUG o.s.c.a.ConfigurationClassPostProcessor - Replacing bean definition 'dataConfiguration' existing class 'edu.ncsu.csc.itrust2.config.DataConfiguration' with enhanced class 'edu.ncsu.csc.itrust2.config.DataConfiguration$$EnhancerBySpringCGLIB$$9e9b22dc'
06:33:40.688 [main] DEBUG o.s.c.a.ConfigurationClassEnhancer - Successfully enhanced edu.ncsu.csc.itrust2.config.SecurityConfig; enhanced class name is: edu.ncsu.csc.itrust2.config.SecurityConfig$$EnhancerBySpringCGLIB$$911baa80
06:33:40.688 [main] DEBUG o.s.c.a.ConfigurationClassPostProcessor - Replacing bean definition 'securityConfig' existing class 'edu.ncsu.csc.itrust2.config.SecurityConfig' with enhanced class 'edu.ncsu.csc.itrust2.config.SecurityConfig$$EnhancerBySpringCGLIB$$911baa80'
06:33:40.688 [main] DEBUG o.s.c.a.ConfigurationClassEnhancer - Successfully enhanced org.springframework.security.config.annotation.configuration.ObjectPostProcessorConfiguration; enhanced class name is: org.springframework.security.config.annotation.configuration.ObjectPostProcessorConfiguration$$EnhancerBySpringCGLIB$$9f10f44c
06:33:40.688 [main] DEBUG o.s.c.a.ConfigurationClassPostProcessor - Replacing bean definition 'org.springframework.security.config.annotation.configuration.ObjectPostProcessorConfiguration' existing class 'org.springframework.security.config.annotation.configuration.ObjectPostProcessorConfiguration' with enhanced class 'org.springframework.security.config.annotation.configuration.ObjectPostProcessorConfiguration$$EnhancerBySpringCGLIB$$9f10f44c'
06:33:40.688 [main] DEBUG o.s.c.a.ConfigurationClassEnhancer - Successfully enhanced org.springframework.security.config.annotation.authentication.configuration.AuthenticationConfiguration; enhanced class name is: org.springframework.security.config.annotation.authentication.configuration.AuthenticationConfiguration$$EnhancerBySpringCGLIB$$ead9fec1
06:33:40.688 [main] DEBUG o.s.c.a.ConfigurationClassPostProcessor - Replacing bean definition 'org.springframework.security.config.annotation.authentication.configuration.AuthenticationConfiguration' existing class 'org.springframework.security.config.annotation.authentication.configuration.AuthenticationConfiguration' with enhanced class 'org.springframework.security.config.annotation.authentication.configuration.AuthenticationConfiguration$$EnhancerBySpringCGLIB$$ead9fec1'
06:33:40.688 [main] DEBUG o.s.c.a.ConfigurationClassEnhancer - Successfully enhanced org.springframework.security.config.annotation.authentication.configuration.AuthenticationConfiguration; enhanced class name is: org.springframework.security.config.annotation.authentication.configuration.AuthenticationConfiguration$$EnhancerBySpringCGLIB$$ead9fec1
06:33:40.688 [main] DEBUG o.s.c.a.ConfigurationClassPostProcessor - Replacing bean definition 'enableGlobalAuthenticationAutowiredConfigurer' existing class 'org.springframework.security.config.annotation.authentication.configuration.AuthenticationConfiguration' with enhanced class 'org.springframework.security.config.annotation.authentication.configuration.AuthenticationConfiguration$$EnhancerBySpringCGLIB$$ead9fec1'
06:33:40.689 [main] DEBUG o.s.c.a.ConfigurationClassEnhancer - Successfully enhanced org.springframework.security.config.annotation.authentication.configuration.AuthenticationConfiguration; enhanced class name is: org.springframework.security.config.annotation.authentication.configuration.AuthenticationConfiguration$$EnhancerBySpringCGLIB$$ead9fec1
06:33:40.689 [main] DEBUG o.s.c.a.ConfigurationClassPostProcessor - Replacing bean definition 'initializeUserDetailsBeanManagerConfigurer' existing class 'org.springframework.security.config.annotation.authentication.configuration.AuthenticationConfiguration' with enhanced class 'org.springframework.security.config.annotation.authentication.configuration.AuthenticationConfiguration$$EnhancerBySpringCGLIB$$ead9fec1'
06:33:40.689 [main] DEBUG o.s.c.a.ConfigurationClassEnhancer - Successfully enhanced org.springframework.security.config.annotation.authentication.configuration.AuthenticationConfiguration; enhanced class name is: org.springframework.security.config.annotation.authentication.configuration.AuthenticationConfiguration$$EnhancerBySpringCGLIB$$ead9fec1
06:33:40.689 [main] DEBUG o.s.c.a.ConfigurationClassPostProcessor - Replacing bean definition 'initializeAuthenticationProviderBeanManagerConfigurer' existing class 'org.springframework.security.config.annotation.authentication.configuration.AuthenticationConfiguration' with enhanced class 'org.springframework.security.config.annotation.authentication.configuration.AuthenticationConfiguration$$EnhancerBySpringCGLIB$$ead9fec1'
06:33:40.689 [main] DEBUG o.s.c.a.ConfigurationClassEnhancer - Successfully enhanced org.springframework.security.config.annotation.web.configuration.WebSecurityConfiguration; enhanced class name is: org.springframework.security.config.annotation.web.configuration.WebSecurityConfiguration$$EnhancerBySpringCGLIB$$ad945905
06:33:40.689 [main] DEBUG o.s.c.a.ConfigurationClassPostProcessor - Replacing bean definition 'org.springframework.security.config.annotation.web.configuration.WebSecurityConfiguration' existing class 'org.springframework.security.config.annotation.web.configuration.WebSecurityConfiguration' with enhanced class 'org.springframework.security.config.annotation.web.configuration.WebSecurityConfiguration$$EnhancerBySpringCGLIB$$ad945905'
06:33:40.689 [main] DEBUG o.s.c.a.ConfigurationClassEnhancer - Successfully enhanced org.springframework.security.config.annotation.web.configuration.WebSecurityConfiguration; enhanced class name is: org.springframework.security.config.annotation.web.configuration.WebSecurityConfiguration$$EnhancerBySpringCGLIB$$ad945905
06:33:40.689 [main] DEBUG o.s.c.a.ConfigurationClassPostProcessor - Replacing bean definition 'delegatingApplicationListener' existing class 'org.springframework.security.config.annotation.web.configuration.WebSecurityConfiguration' with enhanced class 'org.springframework.security.config.annotation.web.configuration.WebSecurityConfiguration$$EnhancerBySpringCGLIB$$ad945905'
06:33:40.689 [main] DEBUG o.s.c.a.ConfigurationClassEnhancer - Successfully enhanced org.springframework.web.servlet.config.annotation.DelegatingWebMvcConfiguration; enhanced class name is: org.springframework.web.servlet.config.annotation.DelegatingWebMvcConfiguration$$EnhancerBySpringCGLIB$$cb241148
06:33:40.689 [main] DEBUG o.s.c.a.ConfigurationClassPostProcessor - Replacing bean definition 'org.springframework.web.servlet.config.annotation.DelegatingWebMvcConfiguration' existing class 'org.springframework.web.servlet.config.annotation.DelegatingWebMvcConfiguration' with enhanced class 'org.springframework.web.servlet.config.annotation.DelegatingWebMvcConfiguration$$EnhancerBySpringCGLIB$$cb241148'
06:33:40.689 [main] DEBUG o.s.c.a.ConfigurationClassEnhancer - Successfully enhanced org.springframework.security.config.annotation.method.configuration.GlobalMethodSecurityConfiguration; enhanced class name is: org.springframework.security.config.annotation.method.configuration.GlobalMethodSecurityConfiguration$$EnhancerBySpringCGLIB$$c3e596fe
06:33:40.689 [main] DEBUG o.s.c.a.ConfigurationClassPostProcessor - Replacing bean definition 'org.springframework.security.config.annotation.method.configuration.GlobalMethodSecurityConfiguration' existing class 'org.springframework.security.config.annotation.method.configuration.GlobalMethodSecurityConfiguration' with enhanced class 'org.springframework.security.config.annotation.method.configuration.GlobalMethodSecurityConfiguration$$EnhancerBySpringCGLIB$$c3e596fe'
06:33:40.690 [main] DEBUG o.s.b.f.s.DefaultListableBeanFactory - Creating shared instance of singleton bean 'org.springframework.context.annotation.internalAutowiredAnnotationProcessor'
06:33:40.690 [main] DEBUG o.s.b.f.s.DefaultListableBeanFactory - Creating instance of bean 'org.springframework.context.annotation.internalAutowiredAnnotationProcessor'
06:33:40.691 [main] DEBUG o.s.b.f.s.DefaultListableBeanFactory - Eagerly caching bean 'org.springframework.context.annotation.internalAutowiredAnnotationProcessor' to allow for resolving potential circular references
06:33:40.694 [main] DEBUG o.s.b.f.s.DefaultListableBeanFactory - Finished creating instance of bean 'org.springframework.context.annotation.internalAutowiredAnnotationProcessor'
06:33:40.694 [main] DEBUG o.s.b.f.s.DefaultListableBeanFactory - Creating shared instance of singleton bean 'org.springframework.context.annotation.internalRequiredAnnotationProcessor'
06:33:40.694 [main] DEBUG o.s.b.f.s.DefaultListableBeanFactory - Creating instance of bean 'org.springframework.context.annotation.internalRequiredAnnotationProcessor'
06:33:40.694 [main] DEBUG o.s.b.f.s.DefaultListableBeanFactory - Eagerly caching bean 'org.springframework.context.annotation.internalRequiredAnnotationProcessor' to allow for resolving potential circular references
06:33:40.696 [main] DEBUG o.s.b.f.s.DefaultListableBeanFactory - Finished creating instance of bean 'org.springframework.context.annotation.internalRequiredAnnotationProcessor'
06:33:40.696 [main] DEBUG o.s.b.f.s.DefaultListableBeanFactory - Creating shared instance of singleton bean 'org.springframework.context.annotation.internalCommonAnnotationProcessor'
06:33:40.696 [main] DEBUG o.s.b.f.s.DefaultListableBeanFactory - Creating instance of bean 'org.springframework.context.annotation.internalCommonAnnotationProcessor'
06:33:40.696 [main] DEBUG o.s.b.f.s.DefaultListableBeanFactory - Eagerly caching bean 'org.springframework.context.annotation.internalCommonAnnotationProcessor' to allow for resolving potential circular references
06:33:40.698 [main] DEBUG o.s.b.f.s.DefaultListableBeanFactory - Finished creating instance of bean 'org.springframework.context.annotation.internalCommonAnnotationProcessor'
06:33:40.698 [main] DEBUG o.s.b.f.s.DefaultListableBeanFactory - Creating shared instance of singleton bean 'org.springframework.context.annotation.internalPersistenceAnnotationProcessor'
06:33:40.699 [main] DEBUG o.s.b.f.s.DefaultListableBeanFactory - Creating instance of bean 'org.springframework.context.annotation.internalPersistenceAnnotationProcessor'
06:33:40.699 [main] DEBUG o.s.b.f.s.DefaultListableBeanFactory - Eagerly caching bean 'org.springframework.context.annotation.internalPersistenceAnnotationProcessor' to allow for resolving potential circular references
06:33:40.701 [main] DEBUG o.s.b.f.s.DefaultListableBeanFactory - Finished creating instance of bean 'org.springframework.context.annotation.internalPersistenceAnnotationProcessor'
06:33:40.701 [main] DEBUG o.s.b.f.s.DefaultListableBeanFactory - Creating shared instance of singleton bean 'org.springframework.aop.config.internalAutoProxyCreator'
06:33:40.701 [main] DEBUG o.s.b.f.s.DefaultListableBeanFactory - Creating instance of bean 'org.springframework.aop.config.internalAutoProxyCreator'
06:33:40.702 [main] DEBUG o.s.b.f.s.DefaultListableBeanFactory - Eagerly caching bean 'org.springframework.aop.config.internalAutoProxyCreator' to allow for resolving potential circular references
06:33:40.704 [main] DEBUG o.s.b.f.s.DefaultListableBeanFactory - Finished creating instance of bean 'org.springframework.aop.config.internalAutoProxyCreator'
06:33:40.704 [main] DEBUG o.s.w.c.s.GenericWebApplicationContext - Unable to locate MessageSource with name 'messageSource': using default [org.springframework.context.support.DelegatingMessageSource@115a4d4c]
06:33:40.704 [main] DEBUG o.s.w.c.s.GenericWebApplicationContext - Unable to locate ApplicationEventMulticaster with name 'applicationEventMulticaster': using default [org.springframework.context.event.SimpleApplicationEventMulticaster@22f4f72c]
06:33:40.705 [main] DEBUG o.s.u.c.s.UiApplicationContextUtils - Unable to locate ThemeSource with name 'themeSource': using default [org.springframework.ui.context.support.ResourceBundleThemeSource@14c3175a]
06:33:40.705 [main] DEBUG o.s.b.f.s.DefaultListableBeanFactory - Pre-instantiating singletons in org.springframework.beans.factory.support.DefaultListableBeanFactory@3a02dd8c: defining beans [org.springframework.context.annotation.internalConfigurationAnnotationProcessor,org.springframework.context.annotation.internalAutowiredAnnotationProcessor,org.springframework.context.annotation.internalRequiredAnnotationProcessor,org.springframework.context.annotation.internalCommonAnnotationProcessor,org.springframework.context.annotation.internalPersistenceAnnotationProcessor,org.springframework.context.event.internalEventListenerProcessor,org.springframework.context.event.internalEventListenerFactory,rootConfiguration,webMvcConfiguration,dataConfiguration,loginAuditingListener,securityConfig,defaultController,adminController,adminUserController,hospitalController,ICDCodesController,APIAppointmentRequestController,APIDiagnosisController,APIDrugController,APIEnumController,APIHospitalController,APIICDCodeController,APILogEntryController,APIOfficeVisitController,APIPasswordController,APIPatientController,APIPersonnelController,APIPrescriptionController,APIUserController,appointmentControllerHCP,HCPController,officeVisitController,appointmentController,diagnosesController,patientController,passwordController,userController,dataSource,org.springframework.security.config.annotation.configuration.ObjectPostProcessorConfiguration,objectPostProcessor,org.springframework.security.config.annotation.authentication.configuration.AuthenticationConfiguration,authenticationManagerBuilder,enableGlobalAuthenticationAutowiredConfigurer,initializeUserDetailsBeanManagerConfigurer,initializeAuthenticationProviderBeanManagerConfigurer,org.springframework.security.config.annotation.web.configuration.WebSecurityConfiguration,delegatingApplicationListener,webSecurityExpressionHandler,springSecurityFilterChain,privilegeEvaluator,autowiredWebSecurityConfigurersIgnoreParents,org.springframework.security.config.annotation.web.configuration.WebMvcSecurityConfiguration,requestDataValueProcessor,passwordEncoder,defaultAuthenticationEventPublisher,failureHandler,ipBlockFilter,org.springframework.web.servlet.config.annotation.DelegatingWebMvcConfiguration,mvcPathMatcher,mvcUrlPathHelper,mvcContentNegotiationManager,viewControllerHandlerMapping,beanNameHandlerMapping,resourceHandlerMapping,mvcResourceUrlProvider,defaultServletHandlerMapping,requestMappingHandlerAdapter,mvcValidator,mvcUriComponentsContributor,httpRequestHandlerAdapter,simpleControllerHandlerAdapter,handlerExceptionResolver,mvcViewResolver,mvcConversionService,requestMappingHandlerMapping,org.springframework.security.config.annotation.method.configuration.GlobalMethodSecurityConfiguration,methodSecurityInterceptor,methodSecurityMetadataSource,preInvocationAuthorizationAdvice,viewResolver,templateEngine,domainClassConverter,metaDataSourceAdvisor,org.springframework.aop.config.internalAutoProxyCreator]; root of factory hierarchy
06:33:40.705 [main] DEBUG o.s.b.f.s.DefaultListableBeanFactory - Returning cached instance of singleton bean 'org.springframework.context.annotation.internalConfigurationAnnotationProcessor'
06:33:40.705 [main] DEBUG o.s.b.f.s.DefaultListableBeanFactory - Returning cached instance of singleton bean 'org.springframework.context.annotation.internalAutowiredAnnotationProcessor'
06:33:40.705 [main] DEBUG o.s.b.f.s.DefaultListableBeanFactory - Returning cached instance of singleton bean 'org.springframework.context.annotation.internalRequiredAnnotationProcessor'
06:33:40.705 [main] DEBUG o.s.b.f.s.DefaultListableBeanFactory - Returning cached instance of singleton bean 'org.springframework.context.annotation.internalCommonAnnotationProcessor'
06:33:40.705 [main] DEBUG o.s.b.f.s.DefaultListableBeanFactory - Returning cached instance of singleton bean 'org.springframework.context.annotation.internalPersistenceAnnotationProcessor'
06:33:40.705 [main] DEBUG o.s.b.f.s.DefaultListableBeanFactory - Creating shared instance of singleton bean 'org.springframework.context.event.internalEventListenerProcessor'
06:33:40.705 [main] DEBUG o.s.b.f.s.DefaultListableBeanFactory - Creating instance of bean 'org.springframework.context.event.internalEventListenerProcessor'
06:33:40.706 [main] DEBUG o.s.b.f.s.DefaultListableBeanFactory - Eagerly caching bean 'org.springframework.context.event.internalEventListenerProcessor' to allow for resolving potential circular references
06:33:40.707 [main] DEBUG o.s.b.f.s.DefaultListableBeanFactory - Creating shared instance of singleton bean 'metaDataSourceAdvisor'
06:33:40.707 [main] DEBUG o.s.b.f.s.DefaultListableBeanFactory - Creating instance of bean 'metaDataSourceAdvisor'
06:33:40.707 [main] DEBUG o.s.b.f.s.DefaultListableBeanFactory - Creating shared instance of singleton bean 'methodSecurityMetadataSource'
06:33:40.707 [main] DEBUG o.s.b.f.s.DefaultListableBeanFactory - Creating instance of bean 'methodSecurityMetadataSource'
06:33:40.707 [main] DEBUG o.s.b.f.s.DefaultListableBeanFactory - Creating shared instance of singleton bean 'org.springframework.security.config.annotation.method.configuration.GlobalMethodSecurityConfiguration'
06:33:40.707 [main] DEBUG o.s.b.f.s.DefaultListableBeanFactory - Creating instance of bean 'org.springframework.security.config.annotation.method.configuration.GlobalMethodSecurityConfiguration'
06:33:40.710 [main] DEBUG o.s.b.f.annotation.InjectionMetadata - Registered injected element on class [org.springframework.security.config.annotation.method.configuration.GlobalMethodSecurityConfiguration$$EnhancerBySpringCGLIB$$c3e596fe]: AutowiredMethodElement for public void org.springframework.security.config.annotation.method.configuration.GlobalMethodSecurityConfiguration.setApplicationContext(org.springframework.context.ApplicationContext)
06:33:40.710 [main] DEBUG o.s.b.f.annotation.InjectionMetadata - Registered injected element on class [org.springframework.security.config.annotation.method.configuration.GlobalMethodSecurityConfiguration$$EnhancerBySpringCGLIB$$c3e596fe]: AutowiredMethodElement for public void org.springframework.security.config.annotation.method.configuration.GlobalMethodSecurityConfiguration.setJsr250MethodSecurityMetadataSource(org.springframework.security.access.annotation.Jsr250MethodSecurityMetadataSource)
06:33:40.710 [main] DEBUG o.s.b.f.annotation.InjectionMetadata - Registered injected element on class [org.springframework.security.config.annotation.method.configuration.GlobalMethodSecurityConfiguration$$EnhancerBySpringCGLIB$$c3e596fe]: AutowiredMethodElement for public void org.springframework.security.config.annotation.method.configuration.GlobalMethodSecurityConfiguration.setMethodSecurityExpressionHandler(java.util.List)
06:33:40.710 [main] DEBUG o.s.b.f.annotation.InjectionMetadata - Registered injected element on class [org.springframework.security.config.annotation.method.configuration.GlobalMethodSecurityConfiguration$$EnhancerBySpringCGLIB$$c3e596fe]: AutowiredMethodElement for public void org.springframework.security.config.annotation.method.configuration.GlobalMethodSecurityConfiguration.setObjectPostProcessor(org.springframework.security.config.annotation.ObjectPostProcessor)
06:33:40.710 [main] DEBUG o.s.b.f.s.DefaultListableBeanFactory - Eagerly caching bean 'org.springframework.security.config.annotation.method.configuration.GlobalMethodSecurityConfiguration' to allow for resolving potential circular references
06:33:40.710 [main] DEBUG o.s.b.f.annotation.InjectionMetadata - Processing injected element of bean 'org.springframework.security.config.annotation.method.configuration.GlobalMethodSecurityConfiguration': AutowiredMethodElement for public void org.springframework.security.config.annotation.method.configuration.GlobalMethodSecurityConfiguration.setApplicationContext(org.springframework.context.ApplicationContext)
06:33:40.711 [main] DEBUG o.s.b.f.a.AutowiredAnnotationBeanPostProcessor - Autowiring by type from bean name 'org.springframework.security.config.annotation.method.configuration.GlobalMethodSecurityConfiguration' to bean named 'org.springframework.web.context.support.GenericWebApplicationContext@6cabad07'
06:33:40.711 [main] DEBUG o.s.b.f.annotation.InjectionMetadata - Processing injected element of bean 'org.springframework.security.config.annotation.method.configuration.GlobalMethodSecurityConfiguration': AutowiredMethodElement for public void org.springframework.security.config.annotation.method.configuration.GlobalMethodSecurityConfiguration.setJsr250MethodSecurityMetadataSource(org.springframework.security.access.annotation.Jsr250MethodSecurityMetadataSource)
06:33:40.712 [main] DEBUG o.s.b.f.annotation.InjectionMetadata - Processing injected element of bean 'org.springframework.security.config.annotation.method.configuration.GlobalMethodSecurityConfiguration': AutowiredMethodElement for public void org.springframework.security.config.annotation.method.configuration.GlobalMethodSecurityConfiguration.setMethodSecurityExpressionHandler(java.util.List)
06:33:40.712 [main] DEBUG o.s.b.f.annotation.InjectionMetadata - Processing injected element of bean 'org.springframework.security.config.annotation.method.configuration.GlobalMethodSecurityConfiguration': AutowiredMethodElement for public void org.springframework.security.config.annotation.method.configuration.GlobalMethodSecurityConfiguration.setObjectPostProcessor(org.springframework.security.config.annotation.ObjectPostProcessor)
06:33:40.713 [main] DEBUG o.s.b.f.s.DefaultListableBeanFactory - Creating shared instance of singleton bean 'objectPostProcessor'
06:33:40.713 [main] DEBUG o.s.b.f.s.DefaultListableBeanFactory - Creating instance of bean 'objectPostProcessor'
06:33:40.713 [main] DEBUG o.s.b.f.s.DefaultListableBeanFactory - Creating shared instance of singleton bean 'org.springframework.security.config.annotation.configuration.ObjectPostProcessorConfiguration'
06:33:40.713 [main] DEBUG o.s.b.f.s.DefaultListableBeanFactory - Creating instance of bean 'org.springframework.security.config.annotation.configuration.ObjectPostProcessorConfiguration'
06:33:40.713 [main] DEBUG o.s.b.f.s.DefaultListableBeanFactory - Eagerly caching bean 'org.springframework.security.config.annotation.configuration.ObjectPostProcessorConfiguration' to allow for resolving potential circular references
06:33:40.714 [main] DEBUG o.s.a.f.a.BeanFactoryAdvisorRetrievalHelper - Skipping currently created advisor 'metaDataSourceAdvisor'
06:33:40.714 [main] DEBUG o.s.b.f.s.DefaultListableBeanFactory - Finished creating instance of bean 'org.springframework.security.config.annotation.configuration.ObjectPostProcessorConfiguration'
06:33:40.715 [main] DEBUG o.s.b.f.s.DefaultListableBeanFactory - Autowiring by type from bean name 'objectPostProcessor' via factory method to bean named 'org.springframework.beans.factory.support.DefaultListableBeanFactory@3a02dd8c'
06:33:40.715 [main] DEBUG o.s.b.f.s.DefaultListableBeanFactory - Eagerly caching bean 'objectPostProcessor' to allow for resolving potential circular references
06:33:40.717 [main] DEBUG o.s.a.f.a.BeanFactoryAdvisorRetrievalHelper - Skipping currently created advisor 'metaDataSourceAdvisor'
06:33:40.717 [main] DEBUG o.s.b.f.s.DefaultListableBeanFactory - Finished creating instance of bean 'objectPostProcessor'
06:33:40.717 [main] DEBUG o.s.b.f.a.AutowiredAnnotationBeanPostProcessor - Autowiring by type from bean name 'org.springframework.security.config.annotation.method.configuration.GlobalMethodSecurityConfiguration' to bean named 'objectPostProcessor'
06:33:40.721 [main] DEBUG o.s.b.f.s.DefaultListableBeanFactory - Returning cached instance of singleton bean 'org.springframework.context.annotation.ConfigurationClassPostProcessor.importRegistry'
06:33:40.721 [main] DEBUG o.s.a.f.a.BeanFactoryAdvisorRetrievalHelper - Skipping currently created advisor 'metaDataSourceAdvisor'
06:33:40.721 [main] DEBUG o.s.b.f.s.DefaultListableBeanFactory - Finished creating instance of bean 'org.springframework.security.config.annotation.method.configuration.GlobalMethodSecurityConfiguration'
06:33:40.722 [main] DEBUG o.s.b.f.s.DefaultListableBeanFactory - Eagerly caching bean 'methodSecurityMetadataSource' to allow for resolving potential circular references
06:33:40.723 [main] DEBUG o.s.b.f.s.DefaultListableBeanFactory - Finished creating instance of bean 'methodSecurityMetadataSource'
06:33:40.724 [main] DEBUG o.s.b.f.s.DefaultListableBeanFactory - Eagerly caching bean 'metaDataSourceAdvisor' to allow for resolving potential circular references
06:33:40.726 [main] DEBUG o.s.b.f.s.DefaultListableBeanFactory - Finished creating instance of bean 'metaDataSourceAdvisor'
06:33:40.727 [main] DEBUG o.s.b.f.s.DefaultListableBeanFactory - Finished creating instance of bean 'org.springframework.context.event.internalEventListenerProcessor'
06:33:40.727 [main] DEBUG o.s.b.f.s.DefaultListableBeanFactory - Creating shared instance of singleton bean 'org.springframework.context.event.internalEventListenerFactory'
06:33:40.727 [main] DEBUG o.s.b.f.s.DefaultListableBeanFactory - Creating instance of bean 'org.springframework.context.event.internalEventListenerFactory'
06:33:40.727 [main] DEBUG o.s.b.f.s.DefaultListableBeanFactory - Eagerly caching bean 'org.springframework.context.event.internalEventListenerFactory' to allow for resolving potential circular references
06:33:40.729 [main] DEBUG o.s.b.f.s.DefaultListableBeanFactory - Returning cached instance of singleton bean 'metaDataSourceAdvisor'
06:33:40.729 [main] DEBUG o.s.b.f.s.DefaultListableBeanFactory - Finished creating instance of bean 'org.springframework.context.event.internalEventListenerFactory'
06:33:40.729 [main] DEBUG o.s.b.f.s.DefaultListableBeanFactory - Creating shared instance of singleton bean 'rootConfiguration'
06:33:40.729 [main] DEBUG o.s.b.f.s.DefaultListableBeanFactory - Creating instance of bean 'rootConfiguration'
06:33:40.729 [main] DEBUG o.s.b.f.s.DefaultListableBeanFactory - Eagerly caching bean 'rootConfiguration' to allow for resolving potential circular references
06:33:40.730 [main] DEBUG o.s.b.f.s.DefaultListableBeanFactory - Returning cached instance of singleton bean 'metaDataSourceAdvisor'
06:33:40.731 [main] DEBUG o.s.b.f.s.DefaultListableBeanFactory - Finished creating instance of bean 'rootConfiguration'
06:33:40.732 [main] DEBUG o.s.b.f.s.DefaultListableBeanFactory - Creating shared instance of singleton bean 'webMvcConfiguration'
06:33:40.732 [main] DEBUG o.s.b.f.s.DefaultListableBeanFactory - Creating instance of bean 'webMvcConfiguration'
06:33:40.732 [main] DEBUG o.s.b.f.annotation.InjectionMetadata - Registered injected element on class [edu.ncsu.csc.itrust2.mvc.config.WebMvcConfiguration$$EnhancerBySpringCGLIB$$7706e0f4]: AutowiredFieldElement for private org.springframework.context.ApplicationContext edu.ncsu.csc.itrust2.mvc.config.WebMvcConfiguration.applicationContext
06:33:40.732 [main] DEBUG o.s.b.f.annotation.InjectionMetadata - Registered injected element on class [edu.ncsu.csc.itrust2.mvc.config.WebMvcConfiguration$$EnhancerBySpringCGLIB$$7706e0f4]: AutowiredFieldElement for private org.springframework.format.support.FormattingConversionService edu.ncsu.csc.itrust2.mvc.config.WebMvcConfiguration.mvcConversionService
06:33:40.732 [main] DEBUG o.s.b.f.s.DefaultListableBeanFactory - Eagerly caching bean 'webMvcConfiguration' to allow for resolving potential circular references
06:33:40.734 [main] DEBUG o.s.b.f.annotation.InjectionMetadata - Processing injected element of bean 'webMvcConfiguration': AutowiredFieldElement for private org.springframework.context.ApplicationContext edu.ncsu.csc.itrust2.mvc.config.WebMvcConfiguration.applicationContext
06:33:40.735 [main] DEBUG o.s.b.f.a.AutowiredAnnotationBeanPostProcessor - Autowiring by type from bean name 'webMvcConfiguration' to bean named 'org.springframework.web.context.support.GenericWebApplicationContext@6cabad07'
06:33:40.735 [main] DEBUG o.s.b.f.annotation.InjectionMetadata - Processing injected element of bean 'webMvcConfiguration': AutowiredFieldElement for private org.springframework.format.support.FormattingConversionService edu.ncsu.csc.itrust2.mvc.config.WebMvcConfiguration.mvcConversionService
06:33:40.735 [main] DEBUG o.s.b.f.s.DefaultListableBeanFactory - Creating shared instance of singleton bean 'mvcConversionService'
06:33:40.735 [main] DEBUG o.s.b.f.s.DefaultListableBeanFactory - Creating instance of bean 'mvcConversionService'
06:33:40.736 [main] DEBUG o.s.b.f.s.DefaultListableBeanFactory - Creating shared instance of singleton bean 'org.springframework.web.servlet.config.annotation.DelegatingWebMvcConfiguration'
06:33:40.736 [main] DEBUG o.s.b.f.s.DefaultListableBeanFactory - Creating instance of bean 'org.springframework.web.servlet.config.annotation.DelegatingWebMvcConfiguration'
06:33:40.738 [main] DEBUG o.s.b.f.annotation.InjectionMetadata - Registered injected element on class [org.springframework.web.servlet.config.annotation.DelegatingWebMvcConfiguration$$EnhancerBySpringCGLIB$$cb241148]: AutowiredMethodElement for public void org.springframework.web.servlet.config.annotation.DelegatingWebMvcConfiguration.setConfigurers(java.util.List)
06:33:40.738 [main] DEBUG o.s.b.f.s.DefaultListableBeanFactory - Eagerly caching bean 'org.springframework.web.servlet.config.annotation.DelegatingWebMvcConfiguration' to allow for resolving potential circular references
06:33:40.739 [main] DEBUG o.s.b.f.annotation.InjectionMetadata - Processing injected element of bean 'org.springframework.web.servlet.config.annotation.DelegatingWebMvcConfiguration': AutowiredMethodElement for public void org.springframework.web.servlet.config.annotation.DelegatingWebMvcConfiguration.setConfigurers(java.util.List)
06:33:40.739 [main] DEBUG o.s.b.f.s.DefaultListableBeanFactory - Returning cached instance of singleton bean 'metaDataSourceAdvisor'
06:33:40.744 [main] DEBUG o.s.b.f.s.DefaultListableBeanFactory - Returning eagerly cached instance of singleton bean 'webMvcConfiguration' that is not fully initialized yet - a consequence of a circular reference
06:33:40.744 [main] DEBUG o.s.b.f.s.DefaultListableBeanFactory - Creating shared instance of singleton bean 'org.springframework.security.config.annotation.web.configuration.WebMvcSecurityConfiguration'
06:33:40.744 [main] DEBUG o.s.b.f.s.DefaultListableBeanFactory - Creating instance of bean 'org.springframework.security.config.annotation.web.configuration.WebMvcSecurityConfiguration'
06:33:40.744 [main] DEBUG o.s.b.f.s.DefaultListableBeanFactory - Eagerly caching bean 'org.springframework.security.config.annotation.web.configuration.WebMvcSecurityConfiguration' to allow for resolving potential circular references
06:33:40.745 [main] DEBUG o.s.b.f.s.DefaultListableBeanFactory - Returning cached instance of singleton bean 'metaDataSourceAdvisor'
06:33:40.746 [main] DEBUG o.s.b.f.s.DefaultListableBeanFactory - Finished creating instance of bean 'org.springframework.security.config.annotation.web.configuration.WebMvcSecurityConfiguration'
06:33:40.746 [main] DEBUG o.s.b.f.a.AutowiredAnnotationBeanPostProcessor - Autowiring by type from bean name 'org.springframework.web.servlet.config.annotation.DelegatingWebMvcConfiguration' to bean named 'webMvcConfiguration'
06:33:40.746 [main] DEBUG o.s.b.f.a.AutowiredAnnotationBeanPostProcessor - Autowiring by type from bean name 'org.springframework.web.servlet.config.annotation.DelegatingWebMvcConfiguration' to bean named 'org.springframework.security.config.annotation.web.configuration.WebMvcSecurityConfiguration'
06:33:40.746 [main] DEBUG o.s.b.f.s.DefaultListableBeanFactory - Returning cached instance of singleton bean 'metaDataSourceAdvisor'
06:33:40.754 [main] DEBUG o.s.b.f.s.DefaultListableBeanFactory - Finished creating instance of bean 'org.springframework.web.servlet.config.annotation.DelegatingWebMvcConfiguration'
06:33:40.756 [main] DEBUG o.s.b.f.s.DefaultListableBeanFactory - Eagerly caching bean 'mvcConversionService' to allow for resolving potential circular references
06:33:40.758 [main] DEBUG o.s.b.f.s.DefaultListableBeanFactory - Returning cached instance of singleton bean 'metaDataSourceAdvisor'
06:33:40.759 [main] DEBUG o.s.b.f.s.DefaultListableBeanFactory - Finished creating instance of bean 'mvcConversionService'
06:33:40.759 [main] DEBUG o.s.b.f.a.AutowiredAnnotationBeanPostProcessor - Autowiring by type from bean name 'webMvcConfiguration' to bean named 'mvcConversionService'
06:33:40.760 [main] DEBUG o.s.b.f.s.DefaultListableBeanFactory - Finished creating instance of bean 'webMvcConfiguration'
06:33:40.760 [main] DEBUG o.s.b.f.s.DefaultListableBeanFactory - Creating shared instance of singleton bean 'dataConfiguration'
06:33:40.760 [main] DEBUG o.s.b.f.s.DefaultListableBeanFactory - Creating instance of bean 'dataConfiguration'
06:33:40.760 [main] DEBUG o.s.b.f.s.DefaultListableBeanFactory - Eagerly caching bean 'dataConfiguration' to allow for resolving potential circular references
06:33:40.761 [main] DEBUG o.s.b.f.s.DefaultListableBeanFactory - Returning cached instance of singleton bean 'metaDataSourceAdvisor'
06:33:40.761 [main] DEBUG o.s.b.f.s.DefaultListableBeanFactory - Finished creating instance of bean 'dataConfiguration'
06:33:40.762 [main] DEBUG o.s.b.f.s.DefaultListableBeanFactory - Creating shared instance of singleton bean 'loginAuditingListener'
06:33:40.762 [main] DEBUG o.s.b.f.s.DefaultListableBeanFactory - Creating instance of bean 'loginAuditingListener'
06:33:40.762 [main] DEBUG o.s.b.f.s.DefaultListableBeanFactory - Eagerly caching bean 'loginAuditingListener' to allow for resolving potential circular references
06:33:40.763 [main] DEBUG o.s.b.f.s.DefaultListableBeanFactory - Returning cached instance of singleton bean 'metaDataSourceAdvisor'
06:33:40.763 [main] DEBUG o.s.b.f.s.DefaultListableBeanFactory - Finished creating instance of bean 'loginAuditingListener'
06:33:40.763 [main] DEBUG o.s.b.f.s.DefaultListableBeanFactory - Creating shared instance of singleton bean 'securityConfig'
06:33:40.763 [main] DEBUG o.s.b.f.s.DefaultListableBeanFactory - Creating instance of bean 'securityConfig'
06:33:40.766 [main] DEBUG o.s.b.f.annotation.InjectionMetadata - Registered injected element on class [edu.ncsu.csc.itrust2.config.SecurityConfig$$EnhancerBySpringCGLIB$$911baa80]: AutowiredMethodElement for public void org.springframework.security.config.annotation.web.configuration.WebSecurityConfigurerAdapter.setApplicationContext(org.springframework.context.ApplicationContext)
06:33:40.766 [main] DEBUG o.s.b.f.annotation.InjectionMetadata - Registered injected element on class [edu.ncsu.csc.itrust2.config.SecurityConfig$$EnhancerBySpringCGLIB$$911baa80]: AutowiredMethodElement for public void org.springframework.security.config.annotation.web.configuration.WebSecurityConfigurerAdapter.setContentNegotationStrategy(org.springframework.web.accept.ContentNegotiationStrategy)
06:33:40.766 [main] DEBUG o.s.b.f.annotation.InjectionMetadata - Registered injected element on class [edu.ncsu.csc.itrust2.config.SecurityConfig$$EnhancerBySpringCGLIB$$911baa80]: AutowiredMethodElement for public void org.springframework.security.config.annotation.web.configuration.WebSecurityConfigurerAdapter.setAuthenticationConfiguration(org.springframework.security.config.annotation.authentication.configuration.AuthenticationConfiguration)
06:33:40.766 [main] DEBUG o.s.b.f.annotation.InjectionMetadata - Registered injected element on class [edu.ncsu.csc.itrust2.config.SecurityConfig$$EnhancerBySpringCGLIB$$911baa80]: AutowiredMethodElement for public void org.springframework.security.config.annotation.web.configuration.WebSecurityConfigurerAdapter.setTrustResolver(org.springframework.security.authentication.AuthenticationTrustResolver)
06:33:40.766 [main] DEBUG o.s.b.f.annotation.InjectionMetadata - Registered injected element on class [edu.ncsu.csc.itrust2.config.SecurityConfig$$EnhancerBySpringCGLIB$$911baa80]: AutowiredMethodElement for public void org.springframework.security.config.annotation.web.configuration.WebSecurityConfigurerAdapter.setObjectPostProcessor(org.springframework.security.config.annotation.ObjectPostProcessor)
06:33:40.766 [main] DEBUG o.s.b.f.annotation.InjectionMetadata - Registered injected element on class [edu.ncsu.csc.itrust2.config.SecurityConfig$$EnhancerBySpringCGLIB$$911baa80]: AutowiredFieldElement for javax.sql.DataSource edu.ncsu.csc.itrust2.config.SecurityConfig.dataSource
06:33:40.766 [main] DEBUG o.s.b.f.annotation.InjectionMetadata - Registered injected element on class [edu.ncsu.csc.itrust2.config.SecurityConfig$$EnhancerBySpringCGLIB$$911baa80]: AutowiredMethodElement for public void edu.ncsu.csc.itrust2.config.SecurityConfig.configureGlobal(org.springframework.security.config.annotation.authentication.builders.AuthenticationManagerBuilder) throws java.lang.Exception
06:33:40.766 [main] DEBUG o.s.b.f.s.DefaultListableBeanFactory - Eagerly caching bean 'securityConfig' to allow for resolving potential circular references
06:33:40.766 [main] DEBUG o.s.b.f.annotation.InjectionMetadata - Processing injected element of bean 'securityConfig': AutowiredMethodElement for public void org.springframework.security.config.annotation.web.configuration.WebSecurityConfigurerAdapter.setApplicationContext(org.springframework.context.ApplicationContext)
06:33:40.767 [main] DEBUG o.s.b.f.a.AutowiredAnnotationBeanPostProcessor - Autowiring by type from bean name 'securityConfig' to bean named 'org.springframework.web.context.support.GenericWebApplicationContext@6cabad07'
06:33:40.767 [main] DEBUG o.s.b.f.annotation.InjectionMetadata - Processing injected element of bean 'securityConfig': AutowiredMethodElement for public void org.springframework.security.config.annotation.web.configuration.WebSecurityConfigurerAdapter.setContentNegotationStrategy(org.springframework.web.accept.ContentNegotiationStrategy)
06:33:40.767 [main] DEBUG o.s.b.f.s.DefaultListableBeanFactory - Creating shared instance of singleton bean 'mvcContentNegotiationManager'
06:33:40.767 [main] DEBUG o.s.b.f.s.DefaultListableBeanFactory - Creating instance of bean 'mvcContentNegotiationManager'
06:33:40.768 [main] DEBUG o.s.b.f.s.DefaultListableBeanFactory - Returning cached instance of singleton bean 'org.springframework.web.servlet.config.annotation.DelegatingWebMvcConfiguration'
06:33:40.768 [main] DEBUG o.s.b.f.s.DefaultListableBeanFactory - Eagerly caching bean 'mvcContentNegotiationManager' to allow for resolving potential circular references
06:33:40.770 [main] DEBUG o.s.b.f.s.DefaultListableBeanFactory - Returning cached instance of singleton bean 'metaDataSourceAdvisor'
06:33:40.770 [main] DEBUG o.s.b.f.s.DefaultListableBeanFactory - Finished creating instance of bean 'mvcContentNegotiationManager'
06:33:40.770 [main] DEBUG o.s.b.f.a.AutowiredAnnotationBeanPostProcessor - Autowiring by type from bean name 'securityConfig' to bean named 'mvcContentNegotiationManager'
06:33:40.770 [main] DEBUG o.s.b.f.annotation.InjectionMetadata - Processing injected element of bean 'securityConfig': AutowiredMethodElement for public void org.springframework.security.config.annotation.web.configuration.WebSecurityConfigurerAdapter.setAuthenticationConfiguration(org.springframework.security.config.annotation.authentication.configuration.AuthenticationConfiguration)
06:33:40.771 [main] DEBUG o.s.b.f.s.DefaultListableBeanFactory - Creating shared instance of singleton bean 'org.springframework.security.config.annotation.authentication.configuration.AuthenticationConfiguration'
06:33:40.771 [main] DEBUG o.s.b.f.s.DefaultListableBeanFactory - Creating instance of bean 'org.springframework.security.config.annotation.authentication.configuration.AuthenticationConfiguration'
06:33:40.773 [main] DEBUG o.s.b.f.annotation.InjectionMetadata - Registered injected element on class [org.springframework.security.config.annotation.authentication.configuration.AuthenticationConfiguration$$EnhancerBySpringCGLIB$$ead9fec1]: AutowiredMethodElement for public void org.springframework.security.config.annotation.authentication.configuration.AuthenticationConfiguration.setApplicationContext(org.springframework.context.ApplicationContext)
06:33:40.773 [main] DEBUG o.s.b.f.annotation.InjectionMetadata - Registered injected element on class [org.springframework.security.config.annotation.authentication.configuration.AuthenticationConfiguration$$EnhancerBySpringCGLIB$$ead9fec1]: AutowiredMethodElement for public void org.springframework.security.config.annotation.authentication.configuration.AuthenticationConfiguration.setGlobalAuthenticationConfigurers(java.util.List) throws java.lang.Exception
06:33:40.773 [main] DEBUG o.s.b.f.annotation.InjectionMetadata - Registered injected element on class [org.springframework.security.config.annotation.authentication.configuration.AuthenticationConfiguration$$EnhancerBySpringCGLIB$$ead9fec1]: AutowiredMethodElement for public void org.springframework.security.config.annotation.authentication.configuration.AuthenticationConfiguration.setObjectPostProcessor(org.springframework.security.config.annotation.ObjectPostProcessor)
06:33:40.773 [main] DEBUG o.s.b.f.s.DefaultListableBeanFactory - Eagerly caching bean 'org.springframework.security.config.annotation.authentication.configuration.AuthenticationConfiguration' to allow for resolving potential circular references
06:33:40.773 [main] DEBUG o.s.b.f.annotation.InjectionMetadata - Processing injected element of bean 'org.springframework.security.config.annotation.authentication.configuration.AuthenticationConfiguration': AutowiredMethodElement for public void org.springframework.security.config.annotation.authentication.configuration.AuthenticationConfiguration.setApplicationContext(org.springframework.context.ApplicationContext)
06:33:40.773 [main] DEBUG o.s.b.f.a.AutowiredAnnotationBeanPostProcessor - Autowiring by type from bean name 'org.springframework.security.config.annotation.authentication.configuration.AuthenticationConfiguration' to bean named 'org.springframework.web.context.support.GenericWebApplicationContext@6cabad07'
06:33:40.773 [main] DEBUG o.s.b.f.annotation.InjectionMetadata - Processing injected element of bean 'org.springframework.security.config.annotation.authentication.configuration.AuthenticationConfiguration': AutowiredMethodElement for public void org.springframework.security.config.annotation.authentication.configuration.AuthenticationConfiguration.setGlobalAuthenticationConfigurers(java.util.List) throws java.lang.Exception
06:33:40.774 [main] DEBUG o.s.b.f.s.DefaultListableBeanFactory - Creating shared instance of singleton bean 'enableGlobalAuthenticationAutowiredConfigurer'
06:33:40.774 [main] DEBUG o.s.b.f.s.DefaultListableBeanFactory - Creating instance of bean 'enableGlobalAuthenticationAutowiredConfigurer'
06:33:40.775 [main] DEBUG o.s.b.f.s.DefaultListableBeanFactory - Autowiring by type from bean name 'enableGlobalAuthenticationAutowiredConfigurer' via factory method to bean named 'org.springframework.web.context.support.GenericWebApplicationContext@6cabad07'
06:33:40.775 [main] DEBUG o.s.b.f.s.DefaultListableBeanFactory - Eagerly caching bean 'enableGlobalAuthenticationAutowiredConfigurer' to allow for resolving potential circular references
06:33:40.777 [main] DEBUG o.s.b.f.s.DefaultListableBeanFactory - Returning cached instance of singleton bean 'metaDataSourceAdvisor'
06:33:40.777 [main] DEBUG o.s.b.f.s.DefaultListableBeanFactory - Finished creating instance of bean 'enableGlobalAuthenticationAutowiredConfigurer'
06:33:40.778 [main] DEBUG o.s.b.f.s.DefaultListableBeanFactory - Creating shared instance of singleton bean 'initializeUserDetailsBeanManagerConfigurer'
06:33:40.778 [main] DEBUG o.s.b.f.s.DefaultListableBeanFactory - Creating instance of bean 'initializeUserDetailsBeanManagerConfigurer'
06:33:40.778 [main] DEBUG o.s.b.f.s.DefaultListableBeanFactory - Autowiring by type from bean name 'initializeUserDetailsBeanManagerConfigurer' via factory method to bean named 'org.springframework.web.context.support.GenericWebApplicationContext@6cabad07'
06:33:40.778 [main] DEBUG o.s.b.f.s.DefaultListableBeanFactory - Eagerly caching bean 'initializeUserDetailsBeanManagerConfigurer' to allow for resolving potential circular references
06:33:40.779 [main] DEBUG o.s.b.f.s.DefaultListableBeanFactory - Returning cached instance of singleton bean 'metaDataSourceAdvisor'
06:33:40.780 [main] DEBUG o.s.b.f.s.DefaultListableBeanFactory - Finished creating instance of bean 'initializeUserDetailsBeanManagerConfigurer'
06:33:40.780 [main] DEBUG o.s.b.f.s.DefaultListableBeanFactory - Creating shared instance of singleton bean 'initializeAuthenticationProviderBeanManagerConfigurer'
06:33:40.780 [main] DEBUG o.s.b.f.s.DefaultListableBeanFactory - Creating instance of bean 'initializeAuthenticationProviderBeanManagerConfigurer'
06:33:40.780 [main] DEBUG o.s.b.f.s.DefaultListableBeanFactory - Autowiring by type from bean name 'initializeAuthenticationProviderBeanManagerConfigurer' via factory method to bean named 'org.springframework.web.context.support.GenericWebApplicationContext@6cabad07'
06:33:40.780 [main] DEBUG o.s.b.f.s.DefaultListableBeanFactory - Eagerly caching bean 'initializeAuthenticationProviderBeanManagerConfigurer' to allow for resolving potential circular references
06:33:40.781 [main] DEBUG o.s.b.f.s.DefaultListableBeanFactory - Returning cached instance of singleton bean 'metaDataSourceAdvisor'
06:33:40.782 [main] DEBUG o.s.b.f.s.DefaultListableBeanFactory - Finished creating instance of bean 'initializeAuthenticationProviderBeanManagerConfigurer'
06:33:40.782 [main] DEBUG o.s.b.f.a.AutowiredAnnotationBeanPostProcessor - Autowiring by type from bean name 'org.springframework.security.config.annotation.authentication.configuration.AuthenticationConfiguration' to bean named 'enableGlobalAuthenticationAutowiredConfigurer'
06:33:40.783 [main] DEBUG o.s.b.f.a.AutowiredAnnotationBeanPostProcessor - Autowiring by type from bean name 'org.springframework.security.config.annotation.authentication.configuration.AuthenticationConfiguration' to bean named 'initializeUserDetailsBeanManagerConfigurer'
06:33:40.783 [main] DEBUG o.s.b.f.a.AutowiredAnnotationBeanPostProcessor - Autowiring by type from bean name 'org.springframework.security.config.annotation.authentication.configuration.AuthenticationConfiguration' to bean named 'initializeAuthenticationProviderBeanManagerConfigurer'
06:33:40.783 [main] DEBUG o.s.b.f.annotation.InjectionMetadata - Processing injected element of bean 'org.springframework.security.config.annotation.authentication.configuration.AuthenticationConfiguration': AutowiredMethodElement for public void org.springframework.security.config.annotation.authentication.configuration.AuthenticationConfiguration.setObjectPostProcessor(org.springframework.security.config.annotation.ObjectPostProcessor)
06:33:40.783 [main] DEBUG o.s.b.f.s.DefaultListableBeanFactory - Returning cached instance of singleton bean 'objectPostProcessor'
06:33:40.783 [main] DEBUG o.s.b.f.a.AutowiredAnnotationBeanPostProcessor - Autowiring by type from bean name 'org.springframework.security.config.annotation.authentication.configuration.AuthenticationConfiguration' to bean named 'objectPostProcessor'
06:33:40.783 [main] DEBUG o.s.b.f.s.DefaultListableBeanFactory - Returning cached instance of singleton bean 'metaDataSourceAdvisor'
06:33:40.784 [main] DEBUG o.s.b.f.s.DefaultListableBeanFactory - Finished creating instance of bean 'org.springframework.security.config.annotation.authentication.configuration.AuthenticationConfiguration'
06:33:40.784 [main] DEBUG o.s.b.f.a.AutowiredAnnotationBeanPostProcessor - Autowiring by type from bean name 'securityConfig' to bean named 'org.springframework.security.config.annotation.authentication.configuration.AuthenticationConfiguration'
06:33:40.785 [main] DEBUG o.s.b.f.annotation.InjectionMetadata - Processing injected element of bean 'securityConfig': AutowiredMethodElement for public void org.springframework.security.config.annotation.web.configuration.WebSecurityConfigurerAdapter.setTrustResolver(org.springframework.security.authentication.AuthenticationTrustResolver)
06:33:40.785 [main] DEBUG o.s.b.f.annotation.InjectionMetadata - Processing injected element of bean 'securityConfig': AutowiredMethodElement for public void org.springframework.security.config.annotation.web.configuration.WebSecurityConfigurerAdapter.setObjectPostProcessor(org.springframework.security.config.annotation.ObjectPostProcessor)
06:33:40.786 [main] DEBUG o.s.b.f.s.DefaultListableBeanFactory - Returning cached instance of singleton bean 'objectPostProcessor'
06:33:40.786 [main] DEBUG o.s.b.f.a.AutowiredAnnotationBeanPostProcessor - Autowiring by type from bean name 'securityConfig' to bean named 'objectPostProcessor'
06:33:40.786 [main] DEBUG o.s.b.f.annotation.InjectionMetadata - Processing injected element of bean 'securityConfig': AutowiredFieldElement for javax.sql.DataSource edu.ncsu.csc.itrust2.config.SecurityConfig.dataSource
06:33:40.786 [main] DEBUG o.s.b.f.s.DefaultListableBeanFactory - Creating shared instance of singleton bean 'dataSource'
06:33:40.786 [main] DEBUG o.s.b.f.s.DefaultListableBeanFactory - Creating instance of bean 'dataSource'
06:33:40.786 [main] DEBUG o.s.b.f.s.DefaultListableBeanFactory - Returning cached instance of singleton bean 'dataConfiguration'
06:33:40.787 [main] INFO  o.s.j.d.DriverManagerDataSource - Loaded JDBC driver: com.mysql.jdbc.Driver
06:33:40.787 [main] DEBUG o.s.b.f.s.DefaultListableBeanFactory - Eagerly caching bean 'dataSource' to allow for resolving potential circular references
06:33:40.788 [main] DEBUG o.s.b.f.s.DefaultListableBeanFactory - Returning cached instance of singleton bean 'metaDataSourceAdvisor'
06:33:40.790 [main] DEBUG o.s.b.f.s.DefaultListableBeanFactory - Finished creating instance of bean 'dataSource'
06:33:40.790 [main] DEBUG o.s.b.f.a.AutowiredAnnotationBeanPostProcessor - Autowiring by type from bean name 'securityConfig' to bean named 'dataSource'
06:33:40.790 [main] DEBUG o.s.b.f.annotation.InjectionMetadata - Processing injected element of bean 'securityConfig': AutowiredMethodElement for public void edu.ncsu.csc.itrust2.config.SecurityConfig.configureGlobal(org.springframework.security.config.annotation.authentication.builders.AuthenticationManagerBuilder) throws java.lang.Exception
06:33:40.791 [main] DEBUG o.s.b.f.s.DefaultListableBeanFactory - Creating shared instance of singleton bean 'authenticationManagerBuilder'
06:33:40.791 [main] DEBUG o.s.b.f.s.DefaultListableBeanFactory - Creating instance of bean 'authenticationManagerBuilder'
06:33:40.791 [main] DEBUG o.s.b.f.s.DefaultListableBeanFactory - Returning cached instance of singleton bean 'org.springframework.security.config.annotation.authentication.configuration.AuthenticationConfiguration'
06:33:40.791 [main] DEBUG o.s.b.f.s.DefaultListableBeanFactory - Returning cached instance of singleton bean 'objectPostProcessor'
06:33:40.791 [main] DEBUG o.s.b.f.s.DefaultListableBeanFactory - Autowiring by type from bean name 'authenticationManagerBuilder' via factory method to bean named 'objectPostProcessor'
06:33:40.792 [main] DEBUG o.s.b.f.s.DefaultListableBeanFactory - Eagerly caching bean 'authenticationManagerBuilder' to allow for resolving potential circular references
06:33:40.793 [main] DEBUG o.s.b.f.s.DefaultListableBeanFactory - Returning cached instance of singleton bean 'metaDataSourceAdvisor'
06:33:40.797 [main] DEBUG o.s.b.f.s.DefaultListableBeanFactory - Finished creating instance of bean 'authenticationManagerBuilder'
06:33:40.797 [main] DEBUG o.s.b.f.a.AutowiredAnnotationBeanPostProcessor - Autowiring by type from bean name 'securityConfig' to bean named 'authenticationManagerBuilder'
06:33:40.798 [main] DEBUG o.s.b.f.s.DefaultListableBeanFactory - Creating shared instance of singleton bean 'passwordEncoder'
06:33:40.798 [main] DEBUG o.s.b.f.s.DefaultListableBeanFactory - Creating instance of bean 'passwordEncoder'
06:33:40.798 [main] DEBUG o.s.b.f.s.DefaultListableBeanFactory - Returning cached instance of singleton bean 'metaDataSourceAdvisor'
06:33:40.804 [main] DEBUG o.s.b.f.s.DefaultListableBeanFactory - Returning eagerly cached instance of singleton bean 'securityConfig' that is not fully initialized yet - a consequence of a circular reference
06:33:40.805 [main] DEBUG o.s.b.f.s.DefaultListableBeanFactory - Eagerly caching bean 'passwordEncoder' to allow for resolving potential circular references
06:33:40.806 [main] DEBUG o.s.b.f.s.DefaultListableBeanFactory - Returning cached instance of singleton bean 'metaDataSourceAdvisor'
06:33:40.806 [main] DEBUG o.s.b.f.s.DefaultListableBeanFactory - Finished creating instance of bean 'passwordEncoder'
06:33:40.901 [main] DEBUG o.s.b.f.s.DefaultListableBeanFactory - Creating shared instance of singleton bean 'defaultAuthenticationEventPublisher'
06:33:40.901 [main] DEBUG o.s.b.f.s.DefaultListableBeanFactory - Creating instance of bean 'defaultAuthenticationEventPublisher'
06:33:40.902 [main] DEBUG o.s.b.f.s.DefaultListableBeanFactory - Returning eagerly cached instance of singleton bean 'securityConfig' that is not fully initialized yet - a consequence of a circular reference
06:33:40.902 [main] DEBUG o.s.b.f.s.DefaultListableBeanFactory - Eagerly caching bean 'defaultAuthenticationEventPublisher' to allow for resolving potential circular references
06:33:40.903 [main] DEBUG o.s.b.f.s.DefaultListableBeanFactory - Returning cached instance of singleton bean 'metaDataSourceAdvisor'
06:33:40.904 [main] DEBUG o.s.b.f.s.DefaultListableBeanFactory - Finished creating instance of bean 'defaultAuthenticationEventPublisher'
06:33:40.904 [main] DEBUG o.s.b.f.s.DefaultListableBeanFactory - Finished creating instance of bean 'securityConfig'
06:33:40.904 [main] DEBUG o.s.b.f.s.DefaultListableBeanFactory - Creating shared instance of singleton bean 'defaultController'
06:33:40.904 [main] DEBUG o.s.b.f.s.DefaultListableBeanFactory - Creating instance of bean 'defaultController'
06:33:40.904 [main] DEBUG o.s.b.f.s.DefaultListableBeanFactory - Eagerly caching bean 'defaultController' to allow for resolving potential circular references
06:33:40.904 [main] DEBUG o.s.b.f.s.DefaultListableBeanFactory - Returning cached instance of singleton bean 'metaDataSourceAdvisor'
06:33:40.904 [main] DEBUG o.s.b.f.s.DefaultListableBeanFactory - Finished creating instance of bean 'defaultController'
06:33:40.904 [main] DEBUG o.s.b.f.s.DefaultListableBeanFactory - Creating shared instance of singleton bean 'adminController'
06:33:40.904 [main] DEBUG o.s.b.f.s.DefaultListableBeanFactory - Creating instance of bean 'adminController'
06:33:40.904 [main] DEBUG o.s.b.f.s.DefaultListableBeanFactory - Eagerly caching bean 'adminController' to allow for resolving potential circular references
06:33:40.904 [main] DEBUG o.s.b.f.s.DefaultListableBeanFactory - Returning cached instance of singleton bean 'metaDataSourceAdvisor'
06:33:40.905 [main] DEBUG o.s.s.a.p.PrePostAnnotationSecurityMetadataSource - @org.springframework.security.access.prepost.PreAuthorize(value=hasRole('ROLE_ADMIN')) found on specific method: public java.lang.String edu.ncsu.csc.itrust2.controllers.admin.AdminController.index(org.springframework.ui.Model)
06:33:40.905 [main] DEBUG o.s.s.a.m.DelegatingMethodSecurityMetadataSource - Caching method [CacheKey[edu.ncsu.csc.itrust2.controllers.admin.AdminController; public java.lang.String edu.ncsu.csc.itrust2.controllers.admin.AdminController.index(org.springframework.ui.Model)]] with attributes [[authorize: 'hasRole('ROLE_ADMIN')', filter: 'null', filterTarget: 'null']]
06:33:40.905 [main] DEBUG o.s.a.f.a.InfrastructureAdvisorAutoProxyCreator - Creating implicit proxy for bean 'adminController' with 0 common interceptors and 1 specific interceptors
06:33:40.905 [main] DEBUG o.s.aop.framework.CglibAopProxy - Creating CGLIB proxy: target source is SingletonTargetSource for target object [edu.ncsu.csc.itrust2.controllers.admin.AdminController@70bcc786]
06:33:40.905 [main] DEBUG o.s.b.f.s.DefaultListableBeanFactory - Creating shared instance of singleton bean 'methodSecurityInterceptor'
06:33:40.905 [main] DEBUG o.s.b.f.s.DefaultListableBeanFactory - Creating instance of bean 'methodSecurityInterceptor'
06:33:40.905 [main] DEBUG o.s.b.f.s.DefaultListableBeanFactory - Returning cached instance of singleton bean 'org.springframework.security.config.annotation.method.configuration.GlobalMethodSecurityConfiguration'
06:33:40.905 [main] DEBUG o.s.b.f.s.DefaultListableBeanFactory - Returning cached instance of singleton bean 'methodSecurityMetadataSource'
06:33:40.905 [main] DEBUG o.s.b.f.s.DefaultListableBeanFactory - Eagerly caching bean 'methodSecurityInterceptor' to allow for resolving potential circular references
06:33:40.909 [main] DEBUG o.s.b.f.s.DefaultListableBeanFactory - Invoking afterPropertiesSet() on bean with name 'methodSecurityInterceptor'
06:33:40.909 [main] DEBUG o.s.s.a.i.a.MethodSecurityInterceptor - Validated configuration attributes
06:33:40.909 [main] DEBUG o.s.b.f.s.DefaultListableBeanFactory - Finished creating instance of bean 'methodSecurityInterceptor'
06:33:40.909 [main] DEBUG o.s.aop.framework.CglibAopProxy - Unable to apply any optimisations to advised method: public java.lang.String edu.ncsu.csc.itrust2.controllers.admin.AdminController.index(org.springframework.ui.Model)
06:33:40.910 [main] DEBUG o.s.aop.framework.CglibAopProxy - Found 'equals' method: public boolean java.lang.Object.equals(java.lang.Object)
06:33:40.910 [main] DEBUG o.s.aop.framework.CglibAopProxy - Unable to apply any optimisations to advised method: public java.lang.String java.lang.Object.toString()
06:33:40.910 [main] DEBUG o.s.aop.framework.CglibAopProxy - Found 'hashCode' method: public native int java.lang.Object.hashCode()
06:33:40.910 [main] DEBUG o.s.aop.framework.CglibAopProxy - Unable to apply any optimisations to advised method: protected native java.lang.Object java.lang.Object.clone() throws java.lang.CloneNotSupportedException
06:33:40.910 [main] DEBUG o.s.aop.framework.CglibAopProxy - Method is declared on Advised interface: public abstract void org.springframework.aop.framework.Advised.addAdvice(int,org.aopalliance.aop.Advice) throws org.springframework.aop.framework.AopConfigException
06:33:40.910 [main] DEBUG o.s.aop.framework.CglibAopProxy - Method is declared on Advised interface: public abstract void org.springframework.aop.framework.Advised.addAdvice(org.aopalliance.aop.Advice) throws org.springframework.aop.framework.AopConfigException
06:33:40.910 [main] DEBUG o.s.aop.framework.CglibAopProxy - Method is declared on Advised interface: public abstract boolean org.springframework.aop.framework.Advised.isPreFiltered()
06:33:40.910 [main] DEBUG o.s.aop.framework.CglibAopProxy - Method is declared on Advised interface: public abstract java.lang.Class[] org.springframework.aop.framework.Advised.getProxiedInterfaces()
06:33:40.910 [main] DEBUG o.s.aop.framework.CglibAopProxy - Method is declared on Advised interface: public abstract boolean org.springframework.aop.framework.Advised.isInterfaceProxied(java.lang.Class)
06:33:40.910 [main] DEBUG o.s.aop.framework.CglibAopProxy - Method is declared on Advised interface: public abstract org.springframework.aop.Advisor[] org.springframework.aop.framework.Advised.getAdvisors()
06:33:40.910 [main] DEBUG o.s.aop.framework.CglibAopProxy - Method is declared on Advised interface: public abstract void org.springframework.aop.framework.Advised.removeAdvisor(int) throws org.springframework.aop.framework.AopConfigException
06:33:40.910 [main] DEBUG o.s.aop.framework.CglibAopProxy - Method is declared on Advised interface: public abstract boolean org.springframework.aop.framework.Advised.removeAdvisor(org.springframework.aop.Advisor)
06:33:40.910 [main] DEBUG o.s.aop.framework.CglibAopProxy - Method is declared on Advised interface: public abstract boolean org.springframework.aop.framework.Advised.replaceAdvisor(org.springframework.aop.Advisor,org.springframework.aop.Advisor) throws org.springframework.aop.framework.AopConfigException
06:33:40.910 [main] DEBUG o.s.aop.framework.CglibAopProxy - Method is declared on Advised interface: public abstract void org.springframework.aop.framework.Advised.setTargetSource(org.springframework.aop.TargetSource)
06:33:40.910 [main] DEBUG o.s.aop.framework.CglibAopProxy - Method is declared on Advised interface: public abstract boolean org.springframework.aop.framework.Advised.removeAdvice(org.aopalliance.aop.Advice)
06:33:40.910 [main] DEBUG o.s.aop.framework.CglibAopProxy - Method is declared on Advised interface: public abstract java.lang.String org.springframework.aop.framework.Advised.toProxyConfigString()
06:33:40.910 [main] DEBUG o.s.aop.framework.CglibAopProxy - Method is declared on Advised interface: public abstract org.springframework.aop.TargetSource org.springframework.aop.framework.Advised.getTargetSource()
06:33:40.910 [main] DEBUG o.s.aop.framework.CglibAopProxy - Method is declared on Advised interface: public abstract boolean org.springframework.aop.framework.Advised.isProxyTargetClass()
06:33:40.910 [main] DEBUG o.s.aop.framework.CglibAopProxy - Method is declared on Advised interface: public abstract void org.springframework.aop.framework.Advised.addAdvisor(org.springframework.aop.Advisor) throws org.springframework.aop.framework.AopConfigException
06:33:40.910 [main] DEBUG o.s.aop.framework.CglibAopProxy - Method is declared on Advised interface: public abstract void org.springframework.aop.framework.Advised.addAdvisor(int,org.springframework.aop.Advisor) throws org.springframework.aop.framework.AopConfigException
06:33:40.910 [main] DEBUG o.s.aop.framework.CglibAopProxy - Method is declared on Advised interface: public abstract void org.springframework.aop.framework.Advised.setPreFiltered(boolean)
06:33:40.910 [main] DEBUG o.s.aop.framework.CglibAopProxy - Method is declared on Advised interface: public abstract void org.springframework.aop.framework.Advised.setExposeProxy(boolean)
06:33:40.910 [main] DEBUG o.s.aop.framework.CglibAopProxy - Method is declared on Advised interface: public abstract boolean org.springframework.aop.framework.Advised.isExposeProxy()
06:33:40.910 [main] DEBUG o.s.aop.framework.CglibAopProxy - Method is declared on Advised interface: public abstract int org.springframework.aop.framework.Advised.indexOf(org.springframework.aop.Advisor)
06:33:40.910 [main] DEBUG o.s.aop.framework.CglibAopProxy - Method is declared on Advised interface: public abstract int org.springframework.aop.framework.Advised.indexOf(org.aopalliance.aop.Advice)
06:33:40.910 [main] DEBUG o.s.aop.framework.CglibAopProxy - Method is declared on Advised interface: public abstract boolean org.springframework.aop.framework.Advised.isFrozen()
06:33:40.910 [main] DEBUG o.s.aop.framework.CglibAopProxy - Method is declared on Advised interface: public abstract java.lang.Class org.springframework.aop.TargetClassAware.getTargetClass()
06:33:40.916 [main] DEBUG o.s.b.f.s.DefaultListableBeanFactory - Finished creating instance of bean 'adminController'
06:33:40.916 [main] DEBUG o.s.b.f.s.DefaultListableBeanFactory - Creating shared instance of singleton bean 'adminUserController'
06:33:40.916 [main] DEBUG o.s.b.f.s.DefaultListableBeanFactory - Creating instance of bean 'adminUserController'
06:33:40.917 [main] DEBUG o.s.b.f.s.DefaultListableBeanFactory - Eagerly caching bean 'adminUserController' to allow for resolving potential circular references
06:33:40.917 [main] DEBUG o.s.b.f.s.DefaultListableBeanFactory - Returning cached instance of singleton bean 'metaDataSourceAdvisor'
06:33:40.917 [main] DEBUG o.s.s.a.p.PrePostAnnotationSecurityMetadataSource - @org.springframework.security.access.prepost.PreAuthorize(value=hasRole('ROLE_ADMIN')) found on specific method: public java.lang.String edu.ncsu.csc.itrust2.controllers.admin.AdminUserController.addUserSubmit(edu.ncsu.csc.itrust2.forms.admin.UserForm,org.springframework.validation.BindingResult,org.springframework.ui.Model)
06:33:40.917 [main] DEBUG o.s.s.a.m.DelegatingMethodSecurityMetadataSource - Caching method [CacheKey[edu.ncsu.csc.itrust2.controllers.admin.AdminUserController; public java.lang.String edu.ncsu.csc.itrust2.controllers.admin.AdminUserController.addUserSubmit(edu.ncsu.csc.itrust2.forms.admin.UserForm,org.springframework.validation.BindingResult,org.springframework.ui.Model)]] with attributes [[authorize: 'hasRole('ROLE_ADMIN')', filter: 'null', filterTarget: 'null']]
06:33:40.917 [main] DEBUG o.s.a.f.a.InfrastructureAdvisorAutoProxyCreator - Creating implicit proxy for bean 'adminUserController' with 0 common interceptors and 1 specific interceptors
06:33:40.917 [main] DEBUG o.s.aop.framework.CglibAopProxy - Creating CGLIB proxy: target source is SingletonTargetSource for target object [edu.ncsu.csc.itrust2.controllers.admin.AdminUserController@59eb3d63]
06:33:40.918 [main] DEBUG o.s.aop.framework.CglibAopProxy - Unable to apply any optimisations to advised method: public java.lang.String edu.ncsu.csc.itrust2.controllers.admin.AdminUserController.addUserSubmit(edu.ncsu.csc.itrust2.forms.admin.UserForm,org.springframework.validation.BindingResult,org.springframework.ui.Model)
06:33:40.918 [main] DEBUG o.s.s.a.p.PrePostAnnotationSecurityMetadataSource - @org.springframework.security.access.prepost.PreAuthorize(value=hasRole('ROLE_ADMIN')) found on specific method: public java.lang.String edu.ncsu.csc.itrust2.controllers.admin.AdminUserController.deleteUser(org.springframework.ui.Model)
06:33:40.918 [main] DEBUG o.s.s.a.m.DelegatingMethodSecurityMetadataSource - Caching method [CacheKey[edu.ncsu.csc.itrust2.controllers.admin.AdminUserController; public java.lang.String edu.ncsu.csc.itrust2.controllers.admin.AdminUserController.deleteUser(org.springframework.ui.Model)]] with attributes [[authorize: 'hasRole('ROLE_ADMIN')', filter: 'null', filterTarget: 'null']]
06:33:40.918 [main] DEBUG o.s.aop.framework.CglibAopProxy - Unable to apply any optimisations to advised method: public java.lang.String edu.ncsu.csc.itrust2.controllers.admin.AdminUserController.deleteUser(org.springframework.ui.Model)
06:33:40.918 [main] DEBUG o.s.s.a.p.PrePostAnnotationSecurityMetadataSource - @org.springframework.security.access.prepost.PreAuthorize(value=hasRole('ROLE_ADMIN')) found on specific method: public java.lang.String edu.ncsu.csc.itrust2.controllers.admin.AdminUserController.deleteUserSubmit(edu.ncsu.csc.itrust2.forms.admin.DeleteUserForm,org.springframework.validation.BindingResult,org.springframework.ui.Model)
06:33:40.918 [main] DEBUG o.s.s.a.m.DelegatingMethodSecurityMetadataSource - Caching method [CacheKey[edu.ncsu.csc.itrust2.controllers.admin.AdminUserController; public java.lang.String edu.ncsu.csc.itrust2.controllers.admin.AdminUserController.deleteUserSubmit(edu.ncsu.csc.itrust2.forms.admin.DeleteUserForm,org.springframework.validation.BindingResult,org.springframework.ui.Model)]] with attributes [[authorize: 'hasRole('ROLE_ADMIN')', filter: 'null', filterTarget: 'null']]
06:33:40.918 [main] DEBUG o.s.aop.framework.CglibAopProxy - Unable to apply any optimisations to advised method: public java.lang.String edu.ncsu.csc.itrust2.controllers.admin.AdminUserController.deleteUserSubmit(edu.ncsu.csc.itrust2.forms.admin.DeleteUserForm,org.springframework.validation.BindingResult,org.springframework.ui.Model)
06:33:40.918 [main] DEBUG o.s.s.a.p.PrePostAnnotationSecurityMetadataSource - @org.springframework.security.access.prepost.PreAuthorize(value=hasRole('ROLE_ADMIN')) found on specific method: public java.lang.String edu.ncsu.csc.itrust2.controllers.admin.AdminUserController.drugs(org.springframework.ui.Model)
06:33:40.918 [main] DEBUG o.s.s.a.m.DelegatingMethodSecurityMetadataSource - Caching method [CacheKey[edu.ncsu.csc.itrust2.controllers.admin.AdminUserController; public java.lang.String edu.ncsu.csc.itrust2.controllers.admin.AdminUserController.drugs(org.springframework.ui.Model)]] with attributes [[authorize: 'hasRole('ROLE_ADMIN')', filter: 'null', filterTarget: 'null']]
06:33:40.918 [main] DEBUG o.s.aop.framework.CglibAopProxy - Unable to apply any optimisations to advised method: public java.lang.String edu.ncsu.csc.itrust2.controllers.admin.AdminUserController.drugs(org.springframework.ui.Model)
06:33:40.918 [main] DEBUG o.s.s.a.p.PrePostAnnotationSecurityMetadataSource - @org.springframework.security.access.prepost.PreAuthorize(value=hasRole('ROLE_ADMIN')) found on specific method: public java.lang.String edu.ncsu.csc.itrust2.controllers.admin.AdminUserController.addUser(org.springframework.ui.Model)
06:33:40.918 [main] DEBUG o.s.s.a.m.DelegatingMethodSecurityMetadataSource - Caching method [CacheKey[edu.ncsu.csc.itrust2.controllers.admin.AdminUserController; public java.lang.String edu.ncsu.csc.itrust2.controllers.admin.AdminUserController.addUser(org.springframework.ui.Model)]] with attributes [[authorize: 'hasRole('ROLE_ADMIN')', filter: 'null', filterTarget: 'null']]
06:33:40.918 [main] DEBUG o.s.aop.framework.CglibAopProxy - Unable to apply any optimisations to advised method: public java.lang.String edu.ncsu.csc.itrust2.controllers.admin.AdminUserController.addUser(org.springframework.ui.Model)
06:33:40.918 [main] DEBUG o.s.aop.framework.CglibAopProxy - Found 'equals' method: public boolean java.lang.Object.equals(java.lang.Object)
06:33:40.918 [main] DEBUG o.s.aop.framework.CglibAopProxy - Unable to apply any optimisations to advised method: public java.lang.String java.lang.Object.toString()
06:33:40.918 [main] DEBUG o.s.aop.framework.CglibAopProxy - Found 'hashCode' method: public native int java.lang.Object.hashCode()
06:33:40.918 [main] DEBUG o.s.aop.framework.CglibAopProxy - Unable to apply any optimisations to advised method: protected native java.lang.Object java.lang.Object.clone() throws java.lang.CloneNotSupportedException
06:33:40.918 [main] DEBUG o.s.aop.framework.CglibAopProxy - Method is declared on Advised interface: public abstract void org.springframework.aop.framework.Advised.addAdvice(int,org.aopalliance.aop.Advice) throws org.springframework.aop.framework.AopConfigException
06:33:40.918 [main] DEBUG o.s.aop.framework.CglibAopProxy - Method is declared on Advised interface: public abstract void org.springframework.aop.framework.Advised.addAdvice(org.aopalliance.aop.Advice) throws org.springframework.aop.framework.AopConfigException
06:33:40.918 [main] DEBUG o.s.aop.framework.CglibAopProxy - Method is declared on Advised interface: public abstract boolean org.springframework.aop.framework.Advised.isPreFiltered()
06:33:40.918 [main] DEBUG o.s.aop.framework.CglibAopProxy - Method is declared on Advised interface: public abstract java.lang.Class[] org.springframework.aop.framework.Advised.getProxiedInterfaces()
06:33:40.918 [main] DEBUG o.s.aop.framework.CglibAopProxy - Method is declared on Advised interface: public abstract boolean org.springframework.aop.framework.Advised.isInterfaceProxied(java.lang.Class)
06:33:40.918 [main] DEBUG o.s.aop.framework.CglibAopProxy - Method is declared on Advised interface: public abstract org.springframework.aop.Advisor[] org.springframework.aop.framework.Advised.getAdvisors()
06:33:40.918 [main] DEBUG o.s.aop.framework.CglibAopProxy - Method is declared on Advised interface: public abstract void org.springframework.aop.framework.Advised.removeAdvisor(int) throws org.springframework.aop.framework.AopConfigException
06:33:40.918 [main] DEBUG o.s.aop.framework.CglibAopProxy - Method is declared on Advised interface: public abstract boolean org.springframework.aop.framework.Advised.removeAdvisor(org.springframework.aop.Advisor)
06:33:40.918 [main] DEBUG o.s.aop.framework.CglibAopProxy - Method is declared on Advised interface: public abstract boolean org.springframework.aop.framework.Advised.replaceAdvisor(org.springframework.aop.Advisor,org.springframework.aop.Advisor) throws org.springframework.aop.framework.AopConfigException
06:33:40.918 [main] DEBUG o.s.aop.framework.CglibAopProxy - Method is declared on Advised interface: public abstract void org.springframework.aop.framework.Advised.setTargetSource(org.springframework.aop.TargetSource)
06:33:40.918 [main] DEBUG o.s.aop.framework.CglibAopProxy - Method is declared on Advised interface: public abstract boolean org.springframework.aop.framework.Advised.removeAdvice(org.aopalliance.aop.Advice)
06:33:40.918 [main] DEBUG o.s.aop.framework.CglibAopProxy - Method is declared on Advised interface: public abstract java.lang.String org.springframework.aop.framework.Advised.toProxyConfigString()
06:33:40.918 [main] DEBUG o.s.aop.framework.CglibAopProxy - Method is declared on Advised interface: public abstract org.springframework.aop.TargetSource org.springframework.aop.framework.Advised.getTargetSource()
06:33:40.918 [main] DEBUG o.s.aop.framework.CglibAopProxy - Method is declared on Advised interface: public abstract boolean org.springframework.aop.framework.Advised.isProxyTargetClass()
06:33:40.918 [main] DEBUG o.s.aop.framework.CglibAopProxy - Method is declared on Advised interface: public abstract void org.springframework.aop.framework.Advised.addAdvisor(org.springframework.aop.Advisor) throws org.springframework.aop.framework.AopConfigException
06:33:40.919 [main] DEBUG o.s.aop.framework.CglibAopProxy - Method is declared on Advised interface: public abstract void org.springframework.aop.framework.Advised.addAdvisor(int,org.springframework.aop.Advisor) throws org.springframework.aop.framework.AopConfigException
06:33:40.919 [main] DEBUG o.s.aop.framework.CglibAopProxy - Method is declared on Advised interface: public abstract void org.springframework.aop.framework.Advised.setPreFiltered(boolean)
06:33:40.919 [main] DEBUG o.s.aop.framework.CglibAopProxy - Method is declared on Advised interface: public abstract void org.springframework.aop.framework.Advised.setExposeProxy(boolean)
06:33:40.919 [main] DEBUG o.s.aop.framework.CglibAopProxy - Method is declared on Advised interface: public abstract boolean org.springframework.aop.framework.Advised.isExposeProxy()
06:33:40.919 [main] DEBUG o.s.aop.framework.CglibAopProxy - Method is declared on Advised interface: public abstract int org.springframework.aop.framework.Advised.indexOf(org.springframework.aop.Advisor)
06:33:40.919 [main] DEBUG o.s.aop.framework.CglibAopProxy - Method is declared on Advised interface: public abstract int org.springframework.aop.framework.Advised.indexOf(org.aopalliance.aop.Advice)
06:33:40.919 [main] DEBUG o.s.aop.framework.CglibAopProxy - Method is declared on Advised interface: public abstract boolean org.springframework.aop.framework.Advised.isFrozen()
06:33:40.919 [main] DEBUG o.s.aop.framework.CglibAopProxy - Method is declared on Advised interface: public abstract java.lang.Class org.springframework.aop.TargetClassAware.getTargetClass()
06:33:40.925 [main] DEBUG o.s.b.f.s.DefaultListableBeanFactory - Finished creating instance of bean 'adminUserController'
06:33:40.925 [main] DEBUG o.s.b.f.s.DefaultListableBeanFactory - Creating shared instance of singleton bean 'hospitalController'
06:33:40.925 [main] DEBUG o.s.b.f.s.DefaultListableBeanFactory - Creating instance of bean 'hospitalController'
06:33:40.925 [main] DEBUG o.s.b.f.s.DefaultListableBeanFactory - Eagerly caching bean 'hospitalController' to allow for resolving potential circular references
06:33:40.926 [main] DEBUG o.s.b.f.s.DefaultListableBeanFactory - Returning cached instance of singleton bean 'metaDataSourceAdvisor'
06:33:40.926 [main] DEBUG o.s.s.a.p.PrePostAnnotationSecurityMetadataSource - @org.springframework.security.access.prepost.PreAuthorize(value=hasRole('ROLE_ADMIN')) found on specific method: public java.lang.String edu.ncsu.csc.itrust2.controllers.admin.HospitalController.addHospital(org.springframework.ui.Model)
06:33:40.926 [main] DEBUG o.s.s.a.m.DelegatingMethodSecurityMetadataSource - Caching method [CacheKey[edu.ncsu.csc.itrust2.controllers.admin.HospitalController; public java.lang.String edu.ncsu.csc.itrust2.controllers.admin.HospitalController.addHospital(org.springframework.ui.Model)]] with attributes [[authorize: 'hasRole('ROLE_ADMIN')', filter: 'null', filterTarget: 'null']]
06:33:40.926 [main] DEBUG o.s.a.f.a.InfrastructureAdvisorAutoProxyCreator - Creating implicit proxy for bean 'hospitalController' with 0 common interceptors and 1 specific interceptors
06:33:40.926 [main] DEBUG o.s.aop.framework.CglibAopProxy - Creating CGLIB proxy: target source is SingletonTargetSource for target object [edu.ncsu.csc.itrust2.controllers.admin.HospitalController@2ff06061]
06:33:40.927 [main] DEBUG o.s.aop.framework.CglibAopProxy - Unable to apply any optimisations to advised method: public java.lang.String edu.ncsu.csc.itrust2.controllers.admin.HospitalController.addHospital(org.springframework.ui.Model)
06:33:40.927 [main] DEBUG o.s.s.a.p.PrePostAnnotationSecurityMetadataSource - @org.springframework.security.access.prepost.PreAuthorize(value=hasRole('ROLE_ADMIN')) found on specific method: public java.lang.String edu.ncsu.csc.itrust2.controllers.admin.HospitalController.addHospitalSubmit(edu.ncsu.csc.itrust2.forms.admin.HospitalForm,org.springframework.validation.BindingResult,org.springframework.ui.Model)
06:33:40.927 [main] DEBUG o.s.s.a.m.DelegatingMethodSecurityMetadataSource - Caching method [CacheKey[edu.ncsu.csc.itrust2.controllers.admin.HospitalController; public java.lang.String edu.ncsu.csc.itrust2.controllers.admin.HospitalController.addHospitalSubmit(edu.ncsu.csc.itrust2.forms.admin.HospitalForm,org.springframework.validation.BindingResult,org.springframework.ui.Model)]] with attributes [[authorize: 'hasRole('ROLE_ADMIN')', filter: 'null', filterTarget: 'null']]
06:33:40.927 [main] DEBUG o.s.aop.framework.CglibAopProxy - Unable to apply any optimisations to advised method: public java.lang.String edu.ncsu.csc.itrust2.controllers.admin.HospitalController.addHospitalSubmit(edu.ncsu.csc.itrust2.forms.admin.HospitalForm,org.springframework.validation.BindingResult,org.springframework.ui.Model)
06:33:40.927 [main] DEBUG o.s.s.a.p.PrePostAnnotationSecurityMetadataSource - @org.springframework.security.access.prepost.PreAuthorize(value=hasRole('ROLE_ADMIN')) found on specific method: public java.lang.String edu.ncsu.csc.itrust2.controllers.admin.HospitalController.deleteHospital(org.springframework.ui.Model)
06:33:40.927 [main] DEBUG o.s.s.a.m.DelegatingMethodSecurityMetadataSource - Caching method [CacheKey[edu.ncsu.csc.itrust2.controllers.admin.HospitalController; public java.lang.String edu.ncsu.csc.itrust2.controllers.admin.HospitalController.deleteHospital(org.springframework.ui.Model)]] with attributes [[authorize: 'hasRole('ROLE_ADMIN')', filter: 'null', filterTarget: 'null']]
06:33:40.927 [main] DEBUG o.s.aop.framework.CglibAopProxy - Unable to apply any optimisations to advised method: public java.lang.String edu.ncsu.csc.itrust2.controllers.admin.HospitalController.deleteHospital(org.springframework.ui.Model)
06:33:40.927 [main] DEBUG o.s.s.a.p.PrePostAnnotationSecurityMetadataSource - @org.springframework.security.access.prepost.PreAuthorize(value=hasRole('ROLE_ADMIN')) found on specific method: public java.lang.String edu.ncsu.csc.itrust2.controllers.admin.HospitalController.deleteHospitalSubmit(edu.ncsu.csc.itrust2.forms.admin.DeleteHospitalForm,org.springframework.validation.BindingResult,org.springframework.ui.Model)
06:33:40.927 [main] DEBUG o.s.s.a.m.DelegatingMethodSecurityMetadataSource - Caching method [CacheKey[edu.ncsu.csc.itrust2.controllers.admin.HospitalController; public java.lang.String edu.ncsu.csc.itrust2.controllers.admin.HospitalController.deleteHospitalSubmit(edu.ncsu.csc.itrust2.forms.admin.DeleteHospitalForm,org.springframework.validation.BindingResult,org.springframework.ui.Model)]] with attributes [[authorize: 'hasRole('ROLE_ADMIN')', filter: 'null', filterTarget: 'null']]
06:33:40.927 [main] DEBUG o.s.aop.framework.CglibAopProxy - Unable to apply any optimisations to advised method: public java.lang.String edu.ncsu.csc.itrust2.controllers.admin.HospitalController.deleteHospitalSubmit(edu.ncsu.csc.itrust2.forms.admin.DeleteHospitalForm,org.springframework.validation.BindingResult,org.springframework.ui.Model)
06:33:40.927 [main] DEBUG o.s.aop.framework.CglibAopProxy - Found 'equals' method: public boolean java.lang.Object.equals(java.lang.Object)
06:33:40.927 [main] DEBUG o.s.aop.framework.CglibAopProxy - Unable to apply any optimisations to advised method: public java.lang.String java.lang.Object.toString()
06:33:40.928 [main] DEBUG o.s.aop.framework.CglibAopProxy - Found 'hashCode' method: public native int java.lang.Object.hashCode()
06:33:40.928 [main] DEBUG o.s.aop.framework.CglibAopProxy - Unable to apply any optimisations to advised method: protected native java.lang.Object java.lang.Object.clone() throws java.lang.CloneNotSupportedException
06:33:40.928 [main] DEBUG o.s.aop.framework.CglibAopProxy - Method is declared on Advised interface: public abstract void org.springframework.aop.framework.Advised.addAdvice(int,org.aopalliance.aop.Advice) throws org.springframework.aop.framework.AopConfigException
06:33:40.928 [main] DEBUG o.s.aop.framework.CglibAopProxy - Method is declared on Advised interface: public abstract void org.springframework.aop.framework.Advised.addAdvice(org.aopalliance.aop.Advice) throws org.springframework.aop.framework.AopConfigException
06:33:40.928 [main] DEBUG o.s.aop.framework.CglibAopProxy - Method is declared on Advised interface: public abstract boolean org.springframework.aop.framework.Advised.isPreFiltered()
06:33:40.928 [main] DEBUG o.s.aop.framework.CglibAopProxy - Method is declared on Advised interface: public abstract java.lang.Class[] org.springframework.aop.framework.Advised.getProxiedInterfaces()
06:33:40.928 [main] DEBUG o.s.aop.framework.CglibAopProxy - Method is declared on Advised interface: public abstract boolean org.springframework.aop.framework.Advised.isInterfaceProxied(java.lang.Class)
06:33:40.928 [main] DEBUG o.s.aop.framework.CglibAopProxy - Method is declared on Advised interface: public abstract org.springframework.aop.Advisor[] org.springframework.aop.framework.Advised.getAdvisors()
06:33:40.928 [main] DEBUG o.s.aop.framework.CglibAopProxy - Method is declared on Advised interface: public abstract void org.springframework.aop.framework.Advised.removeAdvisor(int) throws org.springframework.aop.framework.AopConfigException
06:33:40.928 [main] DEBUG o.s.aop.framework.CglibAopProxy - Method is declared on Advised interface: public abstract boolean org.springframework.aop.framework.Advised.removeAdvisor(org.springframework.aop.Advisor)
06:33:40.928 [main] DEBUG o.s.aop.framework.CglibAopProxy - Method is declared on Advised interface: public abstract boolean org.springframework.aop.framework.Advised.replaceAdvisor(org.springframework.aop.Advisor,org.springframework.aop.Advisor) throws org.springframework.aop.framework.AopConfigException
06:33:40.928 [main] DEBUG o.s.aop.framework.CglibAopProxy - Method is declared on Advised interface: public abstract void org.springframework.aop.framework.Advised.setTargetSource(org.springframework.aop.TargetSource)
06:33:40.928 [main] DEBUG o.s.aop.framework.CglibAopProxy - Method is declared on Advised interface: public abstract boolean org.springframework.aop.framework.Advised.removeAdvice(org.aopalliance.aop.Advice)
06:33:40.928 [main] DEBUG o.s.aop.framework.CglibAopProxy - Method is declared on Advised interface: public abstract java.lang.String org.springframework.aop.framework.Advised.toProxyConfigString()
06:33:40.928 [main] DEBUG o.s.aop.framework.CglibAopProxy - Method is declared on Advised interface: public abstract org.springframework.aop.TargetSource org.springframework.aop.framework.Advised.getTargetSource()
06:33:40.928 [main] DEBUG o.s.aop.framework.CglibAopProxy - Method is declared on Advised interface: public abstract boolean org.springframework.aop.framework.Advised.isProxyTargetClass()
06:33:40.928 [main] DEBUG o.s.aop.framework.CglibAopProxy - Method is declared on Advised interface: public abstract void org.springframework.aop.framework.Advised.addAdvisor(org.springframework.aop.Advisor) throws org.springframework.aop.framework.AopConfigException
06:33:40.928 [main] DEBUG o.s.aop.framework.CglibAopProxy - Method is declared on Advised interface: public abstract void org.springframework.aop.framework.Advised.addAdvisor(int,org.springframework.aop.Advisor) throws org.springframework.aop.framework.AopConfigException
06:33:40.928 [main] DEBUG o.s.aop.framework.CglibAopProxy - Method is declared on Advised interface: public abstract void org.springframework.aop.framework.Advised.setPreFiltered(boolean)
06:33:40.928 [main] DEBUG o.s.aop.framework.CglibAopProxy - Method is declared on Advised interface: public abstract void org.springframework.aop.framework.Advised.setExposeProxy(boolean)
06:33:40.928 [main] DEBUG o.s.aop.framework.CglibAopProxy - Method is declared on Advised interface: public abstract boolean org.springframework.aop.framework.Advised.isExposeProxy()
06:33:40.928 [main] DEBUG o.s.aop.framework.CglibAopProxy - Method is declared on Advised interface: public abstract int org.springframework.aop.framework.Advised.indexOf(org.springframework.aop.Advisor)
06:33:40.928 [main] DEBUG o.s.aop.framework.CglibAopProxy - Method is declared on Advised interface: public abstract int org.springframework.aop.framework.Advised.indexOf(org.aopalliance.aop.Advice)
06:33:40.928 [main] DEBUG o.s.aop.framework.CglibAopProxy - Method is declared on Advised interface: public abstract boolean org.springframework.aop.framework.Advised.isFrozen()
06:33:40.928 [main] DEBUG o.s.aop.framework.CglibAopProxy - Method is declared on Advised interface: public abstract java.lang.Class org.springframework.aop.TargetClassAware.getTargetClass()
06:33:40.937 [main] DEBUG o.s.b.f.s.DefaultListableBeanFactory - Finished creating instance of bean 'hospitalController'
06:33:40.937 [main] DEBUG o.s.b.f.s.DefaultListableBeanFactory - Creating shared instance of singleton bean 'ICDCodesController'
06:33:40.937 [main] DEBUG o.s.b.f.s.DefaultListableBeanFactory - Creating instance of bean 'ICDCodesController'
06:33:40.937 [main] DEBUG o.s.b.f.s.DefaultListableBeanFactory - Eagerly caching bean 'ICDCodesController' to allow for resolving potential circular references
06:33:40.938 [main] DEBUG o.s.b.f.s.DefaultListableBeanFactory - Returning cached instance of singleton bean 'metaDataSourceAdvisor'
06:33:40.938 [main] DEBUG o.s.s.a.p.PrePostAnnotationSecurityMetadataSource - @org.springframework.security.access.prepost.PreAuthorize(value=hasRole('ROLE_ADMIN')) found on specific method: public java.lang.String edu.ncsu.csc.itrust2.controllers.admin.ICDCodesController.addCode(org.springframework.ui.Model)
06:33:40.938 [main] DEBUG o.s.s.a.m.DelegatingMethodSecurityMetadataSource - Caching method [CacheKey[edu.ncsu.csc.itrust2.controllers.admin.ICDCodesController; public java.lang.String edu.ncsu.csc.itrust2.controllers.admin.ICDCodesController.addCode(org.springframework.ui.Model)]] with attributes [[authorize: 'hasRole('ROLE_ADMIN')', filter: 'null', filterTarget: 'null']]
06:33:40.938 [main] DEBUG o.s.a.f.a.InfrastructureAdvisorAutoProxyCreator - Creating implicit proxy for bean 'ICDCodesController' with 0 common interceptors and 1 specific interceptors
06:33:40.938 [main] DEBUG o.s.aop.framework.CglibAopProxy - Creating CGLIB proxy: target source is SingletonTargetSource for target object [edu.ncsu.csc.itrust2.controllers.admin.ICDCodesController@405972c]
06:33:40.939 [main] DEBUG o.s.aop.framework.CglibAopProxy - Unable to apply any optimisations to advised method: public java.lang.String edu.ncsu.csc.itrust2.controllers.admin.ICDCodesController.addCode(org.springframework.ui.Model)
06:33:40.939 [main] DEBUG o.s.aop.framework.CglibAopProxy - Found 'equals' method: public boolean java.lang.Object.equals(java.lang.Object)
06:33:40.939 [main] DEBUG o.s.aop.framework.CglibAopProxy - Unable to apply any optimisations to advised method: public java.lang.String java.lang.Object.toString()
06:33:40.939 [main] DEBUG o.s.aop.framework.CglibAopProxy - Found 'hashCode' method: public native int java.lang.Object.hashCode()
06:33:40.939 [main] DEBUG o.s.aop.framework.CglibAopProxy - Unable to apply any optimisations to advised method: protected native java.lang.Object java.lang.Object.clone() throws java.lang.CloneNotSupportedException
06:33:40.939 [main] DEBUG o.s.aop.framework.CglibAopProxy - Method is declared on Advised interface: public abstract void org.springframework.aop.framework.Advised.addAdvice(int,org.aopalliance.aop.Advice) throws org.springframework.aop.framework.AopConfigException
06:33:40.939 [main] DEBUG o.s.aop.framework.CglibAopProxy - Method is declared on Advised interface: public abstract void org.springframework.aop.framework.Advised.addAdvice(org.aopalliance.aop.Advice) throws org.springframework.aop.framework.AopConfigException
06:33:40.939 [main] DEBUG o.s.aop.framework.CglibAopProxy - Method is declared on Advised interface: public abstract boolean org.springframework.aop.framework.Advised.isPreFiltered()
06:33:40.939 [main] DEBUG o.s.aop.framework.CglibAopProxy - Method is declared on Advised interface: public abstract java.lang.Class[] org.springframework.aop.framework.Advised.getProxiedInterfaces()
06:33:40.939 [main] DEBUG o.s.aop.framework.CglibAopProxy - Method is declared on Advised interface: public abstract boolean org.springframework.aop.framework.Advised.isInterfaceProxied(java.lang.Class)
06:33:40.939 [main] DEBUG o.s.aop.framework.CglibAopProxy - Method is declared on Advised interface: public abstract org.springframework.aop.Advisor[] org.springframework.aop.framework.Advised.getAdvisors()
06:33:40.939 [main] DEBUG o.s.aop.framework.CglibAopProxy - Method is declared on Advised interface: public abstract void org.springframework.aop.framework.Advised.removeAdvisor(int) throws org.springframework.aop.framework.AopConfigException
06:33:40.939 [main] DEBUG o.s.aop.framework.CglibAopProxy - Method is declared on Advised interface: public abstract boolean org.springframework.aop.framework.Advised.removeAdvisor(org.springframework.aop.Advisor)
06:33:40.939 [main] DEBUG o.s.aop.framework.CglibAopProxy - Method is declared on Advised interface: public abstract boolean org.springframework.aop.framework.Advised.replaceAdvisor(org.springframework.aop.Advisor,org.springframework.aop.Advisor) throws org.springframework.aop.framework.AopConfigException
06:33:40.939 [main] DEBUG o.s.aop.framework.CglibAopProxy - Method is declared on Advised interface: public abstract void org.springframework.aop.framework.Advised.setTargetSource(org.springframework.aop.TargetSource)
06:33:40.939 [main] DEBUG o.s.aop.framework.CglibAopProxy - Method is declared on Advised interface: public abstract boolean org.springframework.aop.framework.Advised.removeAdvice(org.aopalliance.aop.Advice)
06:33:40.939 [main] DEBUG o.s.aop.framework.CglibAopProxy - Method is declared on Advised interface: public abstract java.lang.String org.springframework.aop.framework.Advised.toProxyConfigString()
06:33:40.939 [main] DEBUG o.s.aop.framework.CglibAopProxy - Method is declared on Advised interface: public abstract org.springframework.aop.TargetSource org.springframework.aop.framework.Advised.getTargetSource()
06:33:40.939 [main] DEBUG o.s.aop.framework.CglibAopProxy - Method is declared on Advised interface: public abstract boolean org.springframework.aop.framework.Advised.isProxyTargetClass()
06:33:40.939 [main] DEBUG o.s.aop.framework.CglibAopProxy - Method is declared on Advised interface: public abstract void org.springframework.aop.framework.Advised.addAdvisor(org.springframework.aop.Advisor) throws org.springframework.aop.framework.AopConfigException
06:33:40.939 [main] DEBUG o.s.aop.framework.CglibAopProxy - Method is declared on Advised interface: public abstract void org.springframework.aop.framework.Advised.addAdvisor(int,org.springframework.aop.Advisor) throws org.springframework.aop.framework.AopConfigException
06:33:40.940 [main] DEBUG o.s.aop.framework.CglibAopProxy - Method is declared on Advised interface: public abstract void org.springframework.aop.framework.Advised.setPreFiltered(boolean)
06:33:40.940 [main] DEBUG o.s.aop.framework.CglibAopProxy - Method is declared on Advised interface: public abstract void org.springframework.aop.framework.Advised.setExposeProxy(boolean)
06:33:40.940 [main] DEBUG o.s.aop.framework.CglibAopProxy - Method is declared on Advised interface: public abstract boolean org.springframework.aop.framework.Advised.isExposeProxy()
06:33:40.940 [main] DEBUG o.s.aop.framework.CglibAopProxy - Method is declared on Advised interface: public abstract int org.springframework.aop.framework.Advised.indexOf(org.springframework.aop.Advisor)
06:33:40.940 [main] DEBUG o.s.aop.framework.CglibAopProxy - Method is declared on Advised interface: public abstract int org.springframework.aop.framework.Advised.indexOf(org.aopalliance.aop.Advice)
06:33:40.940 [main] DEBUG o.s.aop.framework.CglibAopProxy - Method is declared on Advised interface: public abstract boolean org.springframework.aop.framework.Advised.isFrozen()
06:33:40.940 [main] DEBUG o.s.aop.framework.CglibAopProxy - Method is declared on Advised interface: public abstract java.lang.Class org.springframework.aop.TargetClassAware.getTargetClass()
06:33:40.948 [main] DEBUG o.s.b.f.s.DefaultListableBeanFactory - Finished creating instance of bean 'ICDCodesController'
06:33:40.949 [main] DEBUG o.s.b.f.s.DefaultListableBeanFactory - Creating shared instance of singleton bean 'APIAppointmentRequestController'
06:33:40.949 [main] DEBUG o.s.b.f.s.DefaultListableBeanFactory - Creating instance of bean 'APIAppointmentRequestController'
06:33:40.949 [main] DEBUG o.s.b.f.s.DefaultListableBeanFactory - Eagerly caching bean 'APIAppointmentRequestController' to allow for resolving potential circular references
06:33:40.950 [main] DEBUG o.s.b.f.s.DefaultListableBeanFactory - Returning cached instance of singleton bean 'metaDataSourceAdvisor'
06:33:40.950 [main] DEBUG o.s.b.f.s.DefaultListableBeanFactory - Finished creating instance of bean 'APIAppointmentRequestController'
06:33:40.951 [main] DEBUG o.s.b.f.s.DefaultListableBeanFactory - Creating shared instance of singleton bean 'APIDiagnosisController'
06:33:40.951 [main] DEBUG o.s.b.f.s.DefaultListableBeanFactory - Creating instance of bean 'APIDiagnosisController'
06:33:40.951 [main] DEBUG o.s.b.f.s.DefaultListableBeanFactory - Eagerly caching bean 'APIDiagnosisController' to allow for resolving potential circular references
06:33:40.951 [main] DEBUG o.s.b.f.s.DefaultListableBeanFactory - Returning cached instance of singleton bean 'metaDataSourceAdvisor'
06:33:40.952 [main] DEBUG o.s.b.f.s.DefaultListableBeanFactory - Finished creating instance of bean 'APIDiagnosisController'
06:33:40.952 [main] DEBUG o.s.b.f.s.DefaultListableBeanFactory - Creating shared instance of singleton bean 'APIDrugController'
06:33:40.952 [main] DEBUG o.s.b.f.s.DefaultListableBeanFactory - Creating instance of bean 'APIDrugController'
06:33:40.952 [main] DEBUG o.s.b.f.s.DefaultListableBeanFactory - Eagerly caching bean 'APIDrugController' to allow for resolving potential circular references
06:33:40.952 [main] DEBUG o.s.b.f.s.DefaultListableBeanFactory - Returning cached instance of singleton bean 'metaDataSourceAdvisor'
06:33:40.953 [main] DEBUG o.s.s.a.p.PrePostAnnotationSecurityMetadataSource - @org.springframework.security.access.prepost.PreAuthorize(value=hasRole('ROLE_ADMIN')) found on specific method: public org.springframework.http.ResponseEntity edu.ncsu.csc.itrust2.controllers.api.APIDrugController.addDrug(edu.ncsu.csc.itrust2.forms.admin.DrugForm)
06:33:40.953 [main] DEBUG o.s.s.a.m.DelegatingMethodSecurityMetadataSource - Caching method [CacheKey[edu.ncsu.csc.itrust2.controllers.api.APIDrugController; public org.springframework.http.ResponseEntity edu.ncsu.csc.itrust2.controllers.api.APIDrugController.addDrug(edu.ncsu.csc.itrust2.forms.admin.DrugForm)]] with attributes [[authorize: 'hasRole('ROLE_ADMIN')', filter: 'null', filterTarget: 'null']]
06:33:40.953 [main] DEBUG o.s.a.f.a.InfrastructureAdvisorAutoProxyCreator - Creating implicit proxy for bean 'APIDrugController' with 0 common interceptors and 1 specific interceptors
06:33:40.953 [main] DEBUG o.s.aop.framework.CglibAopProxy - Creating CGLIB proxy: target source is SingletonTargetSource for target object [edu.ncsu.csc.itrust2.controllers.api.APIDrugController@15063174]
06:33:40.954 [main] DEBUG o.s.aop.framework.CglibAopProxy - Unable to apply any optimisations to advised method: public org.springframework.http.ResponseEntity edu.ncsu.csc.itrust2.controllers.api.APIDrugController.addDrug(edu.ncsu.csc.itrust2.forms.admin.DrugForm)
06:33:40.954 [main] DEBUG o.s.s.a.p.PrePostAnnotationSecurityMetadataSource - @org.springframework.security.access.prepost.PreAuthorize(value=hasRole('ROLE_ADMIN')) found on specific method: public org.springframework.http.ResponseEntity edu.ncsu.csc.itrust2.controllers.api.APIDrugController.editDrug(edu.ncsu.csc.itrust2.forms.admin.DrugForm)
06:33:40.954 [main] DEBUG o.s.s.a.m.DelegatingMethodSecurityMetadataSource - Caching method [CacheKey[edu.ncsu.csc.itrust2.controllers.api.APIDrugController; public org.springframework.http.ResponseEntity edu.ncsu.csc.itrust2.controllers.api.APIDrugController.editDrug(edu.ncsu.csc.itrust2.forms.admin.DrugForm)]] with attributes [[authorize: 'hasRole('ROLE_ADMIN')', filter: 'null', filterTarget: 'null']]
06:33:40.954 [main] DEBUG o.s.aop.framework.CglibAopProxy - Unable to apply any optimisations to advised method: public org.springframework.http.ResponseEntity edu.ncsu.csc.itrust2.controllers.api.APIDrugController.editDrug(edu.ncsu.csc.itrust2.forms.admin.DrugForm)
06:33:40.954 [main] DEBUG o.s.s.a.p.PrePostAnnotationSecurityMetadataSource - @org.springframework.security.access.prepost.PreAuthorize(value=hasRole('ROLE_ADMIN')) found on specific method: public org.springframework.http.ResponseEntity edu.ncsu.csc.itrust2.controllers.api.APIDrugController.deleteDrug(java.lang.String)
06:33:40.954 [main] DEBUG o.s.s.a.m.DelegatingMethodSecurityMetadataSource - Caching method [CacheKey[edu.ncsu.csc.itrust2.controllers.api.APIDrugController; public org.springframework.http.ResponseEntity edu.ncsu.csc.itrust2.controllers.api.APIDrugController.deleteDrug(java.lang.String)]] with attributes [[authorize: 'hasRole('ROLE_ADMIN')', filter: 'null', filterTarget: 'null']]
06:33:40.954 [main] DEBUG o.s.aop.framework.CglibAopProxy - Unable to apply any optimisations to advised method: public org.springframework.http.ResponseEntity edu.ncsu.csc.itrust2.controllers.api.APIDrugController.deleteDrug(java.lang.String)
06:33:40.954 [main] DEBUG o.s.aop.framework.CglibAopProxy - Unable to apply any optimisations to advised method: public java.util.List edu.ncsu.csc.itrust2.controllers.api.APIDrugController.getDrugs()
06:33:40.955 [main] DEBUG o.s.aop.framework.CglibAopProxy - Found 'equals' method: public boolean java.lang.Object.equals(java.lang.Object)
06:33:40.955 [main] DEBUG o.s.aop.framework.CglibAopProxy - Unable to apply any optimisations to advised method: public java.lang.String java.lang.Object.toString()
06:33:40.955 [main] DEBUG o.s.aop.framework.CglibAopProxy - Found 'hashCode' method: public native int java.lang.Object.hashCode()
06:33:40.955 [main] DEBUG o.s.aop.framework.CglibAopProxy - Unable to apply any optimisations to advised method: protected native java.lang.Object java.lang.Object.clone() throws java.lang.CloneNotSupportedException
06:33:40.955 [main] DEBUG o.s.aop.framework.CglibAopProxy - Method is declared on Advised interface: public abstract void org.springframework.aop.framework.Advised.addAdvice(int,org.aopalliance.aop.Advice) throws org.springframework.aop.framework.AopConfigException
06:33:40.955 [main] DEBUG o.s.aop.framework.CglibAopProxy - Method is declared on Advised interface: public abstract void org.springframework.aop.framework.Advised.addAdvice(org.aopalliance.aop.Advice) throws org.springframework.aop.framework.AopConfigException
06:33:40.955 [main] DEBUG o.s.aop.framework.CglibAopProxy - Method is declared on Advised interface: public abstract boolean org.springframework.aop.framework.Advised.isPreFiltered()
06:33:40.955 [main] DEBUG o.s.aop.framework.CglibAopProxy - Method is declared on Advised interface: public abstract java.lang.Class[] org.springframework.aop.framework.Advised.getProxiedInterfaces()
06:33:40.955 [main] DEBUG o.s.aop.framework.CglibAopProxy - Method is declared on Advised interface: public abstract boolean org.springframework.aop.framework.Advised.isInterfaceProxied(java.lang.Class)
06:33:40.955 [main] DEBUG o.s.aop.framework.CglibAopProxy - Method is declared on Advised interface: public abstract org.springframework.aop.Advisor[] org.springframework.aop.framework.Advised.getAdvisors()
06:33:40.955 [main] DEBUG o.s.aop.framework.CglibAopProxy - Method is declared on Advised interface: public abstract void org.springframework.aop.framework.Advised.removeAdvisor(int) throws org.springframework.aop.framework.AopConfigException
06:33:40.955 [main] DEBUG o.s.aop.framework.CglibAopProxy - Method is declared on Advised interface: public abstract boolean org.springframework.aop.framework.Advised.removeAdvisor(org.springframework.aop.Advisor)
06:33:40.955 [main] DEBUG o.s.aop.framework.CglibAopProxy - Method is declared on Advised interface: public abstract boolean org.springframework.aop.framework.Advised.replaceAdvisor(org.springframework.aop.Advisor,org.springframework.aop.Advisor) throws org.springframework.aop.framework.AopConfigException
06:33:40.955 [main] DEBUG o.s.aop.framework.CglibAopProxy - Method is declared on Advised interface: public abstract void org.springframework.aop.framework.Advised.setTargetSource(org.springframework.aop.TargetSource)
06:33:40.955 [main] DEBUG o.s.aop.framework.CglibAopProxy - Method is declared on Advised interface: public abstract boolean org.springframework.aop.framework.Advised.removeAdvice(org.aopalliance.aop.Advice)
06:33:40.955 [main] DEBUG o.s.aop.framework.CglibAopProxy - Method is declared on Advised interface: public abstract java.lang.String org.springframework.aop.framework.Advised.toProxyConfigString()
06:33:40.955 [main] DEBUG o.s.aop.framework.CglibAopProxy - Method is declared on Advised interface: public abstract org.springframework.aop.TargetSource org.springframework.aop.framework.Advised.getTargetSource()
06:33:40.955 [main] DEBUG o.s.aop.framework.CglibAopProxy - Method is declared on Advised interface: public abstract boolean org.springframework.aop.framework.Advised.isProxyTargetClass()
06:33:40.955 [main] DEBUG o.s.aop.framework.CglibAopProxy - Method is declared on Advised interface: public abstract void org.springframework.aop.framework.Advised.addAdvisor(org.springframework.aop.Advisor) throws org.springframework.aop.framework.AopConfigException
06:33:40.955 [main] DEBUG o.s.aop.framework.CglibAopProxy - Method is declared on Advised interface: public abstract void org.springframework.aop.framework.Advised.addAdvisor(int,org.springframework.aop.Advisor) throws org.springframework.aop.framework.AopConfigException
06:33:40.955 [main] DEBUG o.s.aop.framework.CglibAopProxy - Method is declared on Advised interface: public abstract void org.springframework.aop.framework.Advised.setPreFiltered(boolean)
06:33:40.955 [main] DEBUG o.s.aop.framework.CglibAopProxy - Method is declared on Advised interface: public abstract void org.springframework.aop.framework.Advised.setExposeProxy(boolean)
06:33:40.955 [main] DEBUG o.s.aop.framework.CglibAopProxy - Method is declared on Advised interface: public abstract boolean org.springframework.aop.framework.Advised.isExposeProxy()
06:33:40.955 [main] DEBUG o.s.aop.framework.CglibAopProxy - Method is declared on Advised interface: public abstract int org.springframework.aop.framework.Advised.indexOf(org.springframework.aop.Advisor)
06:33:40.955 [main] DEBUG o.s.aop.framework.CglibAopProxy - Method is declared on Advised interface: public abstract int org.springframework.aop.framework.Advised.indexOf(org.aopalliance.aop.Advice)
06:33:40.955 [main] DEBUG o.s.aop.framework.CglibAopProxy - Method is declared on Advised interface: public abstract boolean org.springframework.aop.framework.Advised.isFrozen()
06:33:40.955 [main] DEBUG o.s.aop.framework.CglibAopProxy - Method is declared on Advised interface: public abstract java.lang.Class org.springframework.aop.TargetClassAware.getTargetClass()
06:33:41.028 [main] DEBUG o.s.b.f.s.DefaultListableBeanFactory - Finished creating instance of bean 'APIDrugController'
06:33:41.028 [main] DEBUG o.s.b.f.s.DefaultListableBeanFactory - Creating shared instance of singleton bean 'APIEnumController'
06:33:41.028 [main] DEBUG o.s.b.f.s.DefaultListableBeanFactory - Creating instance of bean 'APIEnumController'
06:33:41.029 [main] DEBUG o.s.b.f.s.DefaultListableBeanFactory - Eagerly caching bean 'APIEnumController' to allow for resolving potential circular references
06:33:41.029 [main] DEBUG o.s.b.f.s.DefaultListableBeanFactory - Returning cached instance of singleton bean 'metaDataSourceAdvisor'
06:33:41.030 [main] DEBUG o.s.b.f.s.DefaultListableBeanFactory - Finished creating instance of bean 'APIEnumController'
06:33:41.031 [main] DEBUG o.s.b.f.s.DefaultListableBeanFactory - Creating shared instance of singleton bean 'APIHospitalController'
06:33:41.031 [main] DEBUG o.s.b.f.s.DefaultListableBeanFactory - Creating instance of bean 'APIHospitalController'
06:33:41.031 [main] DEBUG o.s.b.f.s.DefaultListableBeanFactory - Eagerly caching bean 'APIHospitalController' to allow for resolving potential circular references
06:33:41.031 [main] DEBUG o.s.b.f.s.DefaultListableBeanFactory - Returning cached instance of singleton bean 'metaDataSourceAdvisor'
06:33:41.032 [main] DEBUG o.s.b.f.s.DefaultListableBeanFactory - Finished creating instance of bean 'APIHospitalController'
06:33:41.032 [main] DEBUG o.s.b.f.s.DefaultListableBeanFactory - Creating shared instance of singleton bean 'APIICDCodeController'
06:33:41.032 [main] DEBUG o.s.b.f.s.DefaultListableBeanFactory - Creating instance of bean 'APIICDCodeController'
06:33:41.032 [main] DEBUG o.s.b.f.s.DefaultListableBeanFactory - Eagerly caching bean 'APIICDCodeController' to allow for resolving potential circular references
06:33:41.032 [main] DEBUG o.s.b.f.s.DefaultListableBeanFactory - Returning cached instance of singleton bean 'metaDataSourceAdvisor'
06:33:41.033 [main] DEBUG o.s.s.a.p.PrePostAnnotationSecurityMetadataSource - @org.springframework.security.access.prepost.PreAuthorize(value=hasRole('ROLE_ADMIN')) found on specific method: public org.springframework.http.ResponseEntity edu.ncsu.csc.itrust2.controllers.api.APIICDCodeController.addCode(edu.ncsu.csc.itrust2.forms.admin.ICDCodeForm)
06:33:41.033 [main] DEBUG o.s.s.a.m.DelegatingMethodSecurityMetadataSource - Caching method [CacheKey[edu.ncsu.csc.itrust2.controllers.api.APIICDCodeController; public org.springframework.http.ResponseEntity edu.ncsu.csc.itrust2.controllers.api.APIICDCodeController.addCode(edu.ncsu.csc.itrust2.forms.admin.ICDCodeForm)]] with attributes [[authorize: 'hasRole('ROLE_ADMIN')', filter: 'null', filterTarget: 'null']]
06:33:41.033 [main] DEBUG o.s.a.f.a.InfrastructureAdvisorAutoProxyCreator - Creating implicit proxy for bean 'APIICDCodeController' with 0 common interceptors and 1 specific interceptors
06:33:41.033 [main] DEBUG o.s.aop.framework.CglibAopProxy - Creating CGLIB proxy: target source is SingletonTargetSource for target object [edu.ncsu.csc.itrust2.controllers.api.APIICDCodeController@1d34a9e6]
06:33:41.034 [main] DEBUG o.s.aop.framework.CglibAopProxy - Unable to apply any optimisations to advised method: public org.springframework.http.ResponseEntity edu.ncsu.csc.itrust2.controllers.api.APIICDCodeController.getCode(java.lang.Long)
06:33:41.034 [main] DEBUG o.s.aop.framework.CglibAopProxy - Unable to apply any optimisations to advised method: public org.springframework.http.ResponseEntity edu.ncsu.csc.itrust2.controllers.api.APIICDCodeController.addCode(edu.ncsu.csc.itrust2.forms.admin.ICDCodeForm)
06:33:41.034 [main] DEBUG o.s.aop.framework.CglibAopProxy - Unable to apply any optimisations to advised method: public java.util.List edu.ncsu.csc.itrust2.controllers.api.APIICDCodeController.getCodes()
06:33:41.034 [main] DEBUG o.s.s.a.p.PrePostAnnotationSecurityMetadataSource - @org.springframework.security.access.prepost.PreAuthorize(value=hasRole('ROLE_ADMIN')) found on specific method: public org.springframework.http.ResponseEntity edu.ncsu.csc.itrust2.controllers.api.APIICDCodeController.updateCode(java.lang.Long,edu.ncsu.csc.itrust2.forms.admin.ICDCodeForm)
06:33:41.034 [main] DEBUG o.s.s.a.m.DelegatingMethodSecurityMetadataSource - Caching method [CacheKey[edu.ncsu.csc.itrust2.controllers.api.APIICDCodeController; public org.springframework.http.ResponseEntity edu.ncsu.csc.itrust2.controllers.api.APIICDCodeController.updateCode(java.lang.Long,edu.ncsu.csc.itrust2.forms.admin.ICDCodeForm)]] with attributes [[authorize: 'hasRole('ROLE_ADMIN')', filter: 'null', filterTarget: 'null']]
06:33:41.034 [main] DEBUG o.s.aop.framework.CglibAopProxy - Unable to apply any optimisations to advised method: public org.springframework.http.ResponseEntity edu.ncsu.csc.itrust2.controllers.api.APIICDCodeController.updateCode(java.lang.Long,edu.ncsu.csc.itrust2.forms.admin.ICDCodeForm)
06:33:41.034 [main] DEBUG o.s.s.a.p.PrePostAnnotationSecurityMetadataSource - @org.springframework.security.access.prepost.PreAuthorize(value=hasRole('ROLE_ADMIN')) found on specific method: public org.springframework.http.ResponseEntity edu.ncsu.csc.itrust2.controllers.api.APIICDCodeController.deleteCode(java.lang.Long)
06:33:41.034 [main] DEBUG o.s.s.a.m.DelegatingMethodSecurityMetadataSource - Caching method [CacheKey[edu.ncsu.csc.itrust2.controllers.api.APIICDCodeController; public org.springframework.http.ResponseEntity edu.ncsu.csc.itrust2.controllers.api.APIICDCodeController.deleteCode(java.lang.Long)]] with attributes [[authorize: 'hasRole('ROLE_ADMIN')', filter: 'null', filterTarget: 'null']]
06:33:41.034 [main] DEBUG o.s.aop.framework.CglibAopProxy - Unable to apply any optimisations to advised method: public org.springframework.http.ResponseEntity edu.ncsu.csc.itrust2.controllers.api.APIICDCodeController.deleteCode(java.lang.Long)
06:33:41.035 [main] DEBUG o.s.aop.framework.CglibAopProxy - Found 'equals' method: public boolean java.lang.Object.equals(java.lang.Object)
06:33:41.035 [main] DEBUG o.s.aop.framework.CglibAopProxy - Unable to apply any optimisations to advised method: public java.lang.String java.lang.Object.toString()
06:33:41.035 [main] DEBUG o.s.aop.framework.CglibAopProxy - Found 'hashCode' method: public native int java.lang.Object.hashCode()
06:33:41.035 [main] DEBUG o.s.aop.framework.CglibAopProxy - Unable to apply any optimisations to advised method: protected native java.lang.Object java.lang.Object.clone() throws java.lang.CloneNotSupportedException
06:33:41.035 [main] DEBUG o.s.aop.framework.CglibAopProxy - Method is declared on Advised interface: public abstract void org.springframework.aop.framework.Advised.addAdvice(int,org.aopalliance.aop.Advice) throws org.springframework.aop.framework.AopConfigException
06:33:41.035 [main] DEBUG o.s.aop.framework.CglibAopProxy - Method is declared on Advised interface: public abstract void org.springframework.aop.framework.Advised.addAdvice(org.aopalliance.aop.Advice) throws org.springframework.aop.framework.AopConfigException
06:33:41.035 [main] DEBUG o.s.aop.framework.CglibAopProxy - Method is declared on Advised interface: public abstract boolean org.springframework.aop.framework.Advised.isPreFiltered()
06:33:41.035 [main] DEBUG o.s.aop.framework.CglibAopProxy - Method is declared on Advised interface: public abstract java.lang.Class[] org.springframework.aop.framework.Advised.getProxiedInterfaces()
06:33:41.035 [main] DEBUG o.s.aop.framework.CglibAopProxy - Method is declared on Advised interface: public abstract boolean org.springframework.aop.framework.Advised.isInterfaceProxied(java.lang.Class)
06:33:41.035 [main] DEBUG o.s.aop.framework.CglibAopProxy - Method is declared on Advised interface: public abstract org.springframework.aop.Advisor[] org.springframework.aop.framework.Advised.getAdvisors()
06:33:41.035 [main] DEBUG o.s.aop.framework.CglibAopProxy - Method is declared on Advised interface: public abstract void org.springframework.aop.framework.Advised.removeAdvisor(int) throws org.springframework.aop.framework.AopConfigException
06:33:41.035 [main] DEBUG o.s.aop.framework.CglibAopProxy - Method is declared on Advised interface: public abstract boolean org.springframework.aop.framework.Advised.removeAdvisor(org.springframework.aop.Advisor)
06:33:41.035 [main] DEBUG o.s.aop.framework.CglibAopProxy - Method is declared on Advised interface: public abstract boolean org.springframework.aop.framework.Advised.replaceAdvisor(org.springframework.aop.Advisor,org.springframework.aop.Advisor) throws org.springframework.aop.framework.AopConfigException
06:33:41.035 [main] DEBUG o.s.aop.framework.CglibAopProxy - Method is declared on Advised interface: public abstract void org.springframework.aop.framework.Advised.setTargetSource(org.springframework.aop.TargetSource)
06:33:41.035 [main] DEBUG o.s.aop.framework.CglibAopProxy - Method is declared on Advised interface: public abstract boolean org.springframework.aop.framework.Advised.removeAdvice(org.aopalliance.aop.Advice)
06:33:41.035 [main] DEBUG o.s.aop.framework.CglibAopProxy - Method is declared on Advised interface: public abstract java.lang.String org.springframework.aop.framework.Advised.toProxyConfigString()
06:33:41.035 [main] DEBUG o.s.aop.framework.CglibAopProxy - Method is declared on Advised interface: public abstract org.springframework.aop.TargetSource org.springframework.aop.framework.Advised.getTargetSource()
06:33:41.035 [main] DEBUG o.s.aop.framework.CglibAopProxy - Method is declared on Advised interface: public abstract boolean org.springframework.aop.framework.Advised.isProxyTargetClass()
06:33:41.035 [main] DEBUG o.s.aop.framework.CglibAopProxy - Method is declared on Advised interface: public abstract void org.springframework.aop.framework.Advised.addAdvisor(org.springframework.aop.Advisor) throws org.springframework.aop.framework.AopConfigException
06:33:41.035 [main] DEBUG o.s.aop.framework.CglibAopProxy - Method is declared on Advised interface: public abstract void org.springframework.aop.framework.Advised.addAdvisor(int,org.springframework.aop.Advisor) throws org.springframework.aop.framework.AopConfigException
06:33:41.035 [main] DEBUG o.s.aop.framework.CglibAopProxy - Method is declared on Advised interface: public abstract void org.springframework.aop.framework.Advised.setPreFiltered(boolean)
06:33:41.035 [main] DEBUG o.s.aop.framework.CglibAopProxy - Method is declared on Advised interface: public abstract void org.springframework.aop.framework.Advised.setExposeProxy(boolean)
06:33:41.035 [main] DEBUG o.s.aop.framework.CglibAopProxy - Method is declared on Advised interface: public abstract boolean org.springframework.aop.framework.Advised.isExposeProxy()
06:33:41.035 [main] DEBUG o.s.aop.framework.CglibAopProxy - Method is declared on Advised interface: public abstract int org.springframework.aop.framework.Advised.indexOf(org.springframework.aop.Advisor)
06:33:41.035 [main] DEBUG o.s.aop.framework.CglibAopProxy - Method is declared on Advised interface: public abstract int org.springframework.aop.framework.Advised.indexOf(org.aopalliance.aop.Advice)
06:33:41.035 [main] DEBUG o.s.aop.framework.CglibAopProxy - Method is declared on Advised interface: public abstract boolean org.springframework.aop.framework.Advised.isFrozen()
06:33:41.035 [main] DEBUG o.s.aop.framework.CglibAopProxy - Method is declared on Advised interface: public abstract java.lang.Class org.springframework.aop.TargetClassAware.getTargetClass()
06:33:41.044 [main] DEBUG o.s.b.f.s.DefaultListableBeanFactory - Finished creating instance of bean 'APIICDCodeController'
06:33:41.044 [main] DEBUG o.s.b.f.s.DefaultListableBeanFactory - Creating shared instance of singleton bean 'APILogEntryController'
06:33:41.044 [main] DEBUG o.s.b.f.s.DefaultListableBeanFactory - Creating instance of bean 'APILogEntryController'
06:33:41.044 [main] DEBUG o.s.b.f.s.DefaultListableBeanFactory - Eagerly caching bean 'APILogEntryController' to allow for resolving potential circular references
06:33:41.044 [main] DEBUG o.s.b.f.s.DefaultListableBeanFactory - Returning cached instance of singleton bean 'metaDataSourceAdvisor'
06:33:41.045 [main] DEBUG o.s.b.f.s.DefaultListableBeanFactory - Finished creating instance of bean 'APILogEntryController'
06:33:41.045 [main] DEBUG o.s.b.f.s.DefaultListableBeanFactory - Creating shared instance of singleton bean 'APIOfficeVisitController'
06:33:41.045 [main] DEBUG o.s.b.f.s.DefaultListableBeanFactory - Creating instance of bean 'APIOfficeVisitController'
06:33:41.045 [main] DEBUG o.s.b.f.s.DefaultListableBeanFactory - Eagerly caching bean 'APIOfficeVisitController' to allow for resolving potential circular references
06:33:41.045 [main] DEBUG o.s.b.f.s.DefaultListableBeanFactory - Returning cached instance of singleton bean 'metaDataSourceAdvisor'
06:33:41.045 [main] DEBUG o.s.s.a.p.PrePostAnnotationSecurityMetadataSource - @org.springframework.security.access.prepost.PreAuthorize(value=hasRole('ROLE_PATIENT')) found on specific method: public java.util.List edu.ncsu.csc.itrust2.controllers.api.APIOfficeVisitController.getMyOfficeVisits()
06:33:41.046 [main] DEBUG o.s.s.a.m.DelegatingMethodSecurityMetadataSource - Caching method [CacheKey[edu.ncsu.csc.itrust2.controllers.api.APIOfficeVisitController; public java.util.List edu.ncsu.csc.itrust2.controllers.api.APIOfficeVisitController.getMyOfficeVisits()]] with attributes [[authorize: 'hasRole('ROLE_PATIENT')', filter: 'null', filterTarget: 'null']]
06:33:41.046 [main] DEBUG o.s.a.f.a.InfrastructureAdvisorAutoProxyCreator - Creating implicit proxy for bean 'APIOfficeVisitController' with 0 common interceptors and 1 specific interceptors
06:33:41.046 [main] DEBUG o.s.aop.framework.CglibAopProxy - Creating CGLIB proxy: target source is SingletonTargetSource for target object [edu.ncsu.csc.itrust2.controllers.api.APIOfficeVisitController@4c70e15e]
06:33:41.047 [main] DEBUG o.s.aop.framework.CglibAopProxy - Unable to apply any optimisations to advised method: public java.util.List edu.ncsu.csc.itrust2.controllers.api.APIOfficeVisitController.getMyOfficeVisits()
06:33:41.047 [main] DEBUG o.s.aop.framework.CglibAopProxy - Unable to apply any optimisations to advised method: public org.springframework.http.ResponseEntity edu.ncsu.csc.itrust2.controllers.api.APIOfficeVisitController.getOfficeVisit(java.lang.Long)
06:33:41.047 [main] DEBUG o.s.aop.framework.CglibAopProxy - Unable to apply any optimisations to advised method: public void edu.ncsu.csc.itrust2.controllers.api.APIOfficeVisitController.deleteOfficeVisits()
06:33:41.047 [main] DEBUG o.s.aop.framework.CglibAopProxy - Unable to apply any optimisations to advised method: public org.springframework.http.ResponseEntity edu.ncsu.csc.itrust2.controllers.api.APIOfficeVisitController.createOfficeVisit(edu.ncsu.csc.itrust2.forms.hcp.OfficeVisitForm)
06:33:41.047 [main] DEBUG o.s.aop.framework.CglibAopProxy - Unable to apply any optimisations to advised method: public org.springframework.http.ResponseEntity edu.ncsu.csc.itrust2.controllers.api.APIOfficeVisitController.deleteOfficeVisit(java.lang.Long)
06:33:41.047 [main] DEBUG o.s.aop.framework.CglibAopProxy - Unable to apply any optimisations to advised method: public org.springframework.http.ResponseEntity edu.ncsu.csc.itrust2.controllers.api.APIOfficeVisitController.updateOfficeVisit(java.lang.Long,edu.ncsu.csc.itrust2.forms.hcp.OfficeVisitForm)
06:33:41.048 [main] DEBUG o.s.s.a.p.PrePostAnnotationSecurityMetadataSource - @org.springframework.security.access.prepost.PreAuthorize(value=hasRole('ROLE_HCP')) found on specific method: public org.springframework.http.ResponseEntity edu.ncsu.csc.itrust2.controllers.api.APIOfficeVisitController.viewOfficeVisitHCP(java.lang.Long,edu.ncsu.csc.itrust2.forms.hcp.OfficeVisitForm)
06:33:41.048 [main] DEBUG o.s.s.a.m.DelegatingMethodSecurityMetadataSource - Caching method [CacheKey[edu.ncsu.csc.itrust2.controllers.api.APIOfficeVisitController; public org.springframework.http.ResponseEntity edu.ncsu.csc.itrust2.controllers.api.APIOfficeVisitController.viewOfficeVisitHCP(java.lang.Long,edu.ncsu.csc.itrust2.forms.hcp.OfficeVisitForm)]] with attributes [[authorize: 'hasRole('ROLE_HCP')', filter: 'null', filterTarget: 'null']]
06:33:41.048 [main] DEBUG o.s.aop.framework.CglibAopProxy - Unable to apply any optimisations to advised method: public org.springframework.http.ResponseEntity edu.ncsu.csc.itrust2.controllers.api.APIOfficeVisitController.viewOfficeVisitHCP(java.lang.Long,edu.ncsu.csc.itrust2.forms.hcp.OfficeVisitForm)
06:33:41.048 [main] DEBUG o.s.s.a.p.PrePostAnnotationSecurityMetadataSource - @org.springframework.security.access.prepost.PreAuthorize(value=hasRole('ROLE_PATIENT')) found on specific method: public org.springframework.http.ResponseEntity edu.ncsu.csc.itrust2.controllers.api.APIOfficeVisitController.viewOfficeVisitPatient(java.lang.Long,edu.ncsu.csc.itrust2.forms.hcp.OfficeVisitForm)
06:33:41.048 [main] DEBUG o.s.s.a.m.DelegatingMethodSecurityMetadataSource - Caching method [CacheKey[edu.ncsu.csc.itrust2.controllers.api.APIOfficeVisitController; public org.springframework.http.ResponseEntity edu.ncsu.csc.itrust2.controllers.api.APIOfficeVisitController.viewOfficeVisitPatient(java.lang.Long,edu.ncsu.csc.itrust2.forms.hcp.OfficeVisitForm)]] with attributes [[authorize: 'hasRole('ROLE_PATIENT')', filter: 'null', filterTarget: 'null']]
06:33:41.048 [main] DEBUG o.s.aop.framework.CglibAopProxy - Unable to apply any optimisations to advised method: public org.springframework.http.ResponseEntity edu.ncsu.csc.itrust2.controllers.api.APIOfficeVisitController.viewOfficeVisitPatient(java.lang.Long,edu.ncsu.csc.itrust2.forms.hcp.OfficeVisitForm)
06:33:41.048 [main] DEBUG o.s.aop.framework.CglibAopProxy - Unable to apply any optimisations to advised method: public java.util.List edu.ncsu.csc.itrust2.controllers.api.APIOfficeVisitController.getOfficeVisits()
06:33:41.048 [main] DEBUG o.s.aop.framework.CglibAopProxy - Found 'equals' method: public boolean java.lang.Object.equals(java.lang.Object)
06:33:41.048 [main] DEBUG o.s.aop.framework.CglibAopProxy - Unable to apply any optimisations to advised method: public java.lang.String java.lang.Object.toString()
06:33:41.048 [main] DEBUG o.s.aop.framework.CglibAopProxy - Found 'hashCode' method: public native int java.lang.Object.hashCode()
06:33:41.048 [main] DEBUG o.s.aop.framework.CglibAopProxy - Unable to apply any optimisations to advised method: protected native java.lang.Object java.lang.Object.clone() throws java.lang.CloneNotSupportedException
06:33:41.048 [main] DEBUG o.s.aop.framework.CglibAopProxy - Method is declared on Advised interface: public abstract void org.springframework.aop.framework.Advised.addAdvice(int,org.aopalliance.aop.Advice) throws org.springframework.aop.framework.AopConfigException
06:33:41.049 [main] DEBUG o.s.aop.framework.CglibAopProxy - Method is declared on Advised interface: public abstract void org.springframework.aop.framework.Advised.addAdvice(org.aopalliance.aop.Advice) throws org.springframework.aop.framework.AopConfigException
06:33:41.049 [main] DEBUG o.s.aop.framework.CglibAopProxy - Method is declared on Advised interface: public abstract boolean org.springframework.aop.framework.Advised.isPreFiltered()
06:33:41.049 [main] DEBUG o.s.aop.framework.CglibAopProxy - Method is declared on Advised interface: public abstract java.lang.Class[] org.springframework.aop.framework.Advised.getProxiedInterfaces()
06:33:41.049 [main] DEBUG o.s.aop.framework.CglibAopProxy - Method is declared on Advised interface: public abstract boolean org.springframework.aop.framework.Advised.isInterfaceProxied(java.lang.Class)
06:33:41.049 [main] DEBUG o.s.aop.framework.CglibAopProxy - Method is declared on Advised interface: public abstract org.springframework.aop.Advisor[] org.springframework.aop.framework.Advised.getAdvisors()
06:33:41.049 [main] DEBUG o.s.aop.framework.CglibAopProxy - Method is declared on Advised interface: public abstract void org.springframework.aop.framework.Advised.removeAdvisor(int) throws org.springframework.aop.framework.AopConfigException
06:33:41.049 [main] DEBUG o.s.aop.framework.CglibAopProxy - Method is declared on Advised interface: public abstract boolean org.springframework.aop.framework.Advised.removeAdvisor(org.springframework.aop.Advisor)
06:33:41.049 [main] DEBUG o.s.aop.framework.CglibAopProxy - Method is declared on Advised interface: public abstract boolean org.springframework.aop.framework.Advised.replaceAdvisor(org.springframework.aop.Advisor,org.springframework.aop.Advisor) throws org.springframework.aop.framework.AopConfigException
06:33:41.049 [main] DEBUG o.s.aop.framework.CglibAopProxy - Method is declared on Advised interface: public abstract void org.springframework.aop.framework.Advised.setTargetSource(org.springframework.aop.TargetSource)
06:33:41.049 [main] DEBUG o.s.aop.framework.CglibAopProxy - Method is declared on Advised interface: public abstract boolean org.springframework.aop.framework.Advised.removeAdvice(org.aopalliance.aop.Advice)
06:33:41.049 [main] DEBUG o.s.aop.framework.CglibAopProxy - Method is declared on Advised interface: public abstract java.lang.String org.springframework.aop.framework.Advised.toProxyConfigString()
06:33:41.049 [main] DEBUG o.s.aop.framework.CglibAopProxy - Method is declared on Advised interface: public abstract org.springframework.aop.TargetSource org.springframework.aop.framework.Advised.getTargetSource()
06:33:41.049 [main] DEBUG o.s.aop.framework.CglibAopProxy - Method is declared on Advised interface: public abstract boolean org.springframework.aop.framework.Advised.isProxyTargetClass()
06:33:41.049 [main] DEBUG o.s.aop.framework.CglibAopProxy - Method is declared on Advised interface: public abstract void org.springframework.aop.framework.Advised.addAdvisor(org.springframework.aop.Advisor) throws org.springframework.aop.framework.AopConfigException
06:33:41.049 [main] DEBUG o.s.aop.framework.CglibAopProxy - Method is declared on Advised interface: public abstract void org.springframework.aop.framework.Advised.addAdvisor(int,org.springframework.aop.Advisor) throws org.springframework.aop.framework.AopConfigException
06:33:41.049 [main] DEBUG o.s.aop.framework.CglibAopProxy - Method is declared on Advised interface: public abstract void org.springframework.aop.framework.Advised.setPreFiltered(boolean)
06:33:41.049 [main] DEBUG o.s.aop.framework.CglibAopProxy - Method is declared on Advised interface: public abstract void org.springframework.aop.framework.Advised.setExposeProxy(boolean)
06:33:41.049 [main] DEBUG o.s.aop.framework.CglibAopProxy - Method is declared on Advised interface: public abstract boolean org.springframework.aop.framework.Advised.isExposeProxy()
06:33:41.049 [main] DEBUG o.s.aop.framework.CglibAopProxy - Method is declared on Advised interface: public abstract int org.springframework.aop.framework.Advised.indexOf(org.springframework.aop.Advisor)
06:33:41.049 [main] DEBUG o.s.aop.framework.CglibAopProxy - Method is declared on Advised interface: public abstract int org.springframework.aop.framework.Advised.indexOf(org.aopalliance.aop.Advice)
06:33:41.049 [main] DEBUG o.s.aop.framework.CglibAopProxy - Method is declared on Advised interface: public abstract boolean org.springframework.aop.framework.Advised.isFrozen()
06:33:41.049 [main] DEBUG o.s.aop.framework.CglibAopProxy - Method is declared on Advised interface: public abstract java.lang.Class org.springframework.aop.TargetClassAware.getTargetClass()
06:33:41.059 [main] DEBUG o.s.b.f.s.DefaultListableBeanFactory - Finished creating instance of bean 'APIOfficeVisitController'
06:33:41.059 [main] DEBUG o.s.b.f.s.DefaultListableBeanFactory - Creating shared instance of singleton bean 'APIPasswordController'
06:33:41.059 [main] DEBUG o.s.b.f.s.DefaultListableBeanFactory - Creating instance of bean 'APIPasswordController'
06:33:41.059 [main] DEBUG o.s.b.f.annotation.InjectionMetadata - Registered injected element on class [edu.ncsu.csc.itrust2.controllers.api.APIPasswordController]: AutowiredFieldElement for org.springframework.core.env.Environment edu.ncsu.csc.itrust2.controllers.api.APIPasswordController.environment
06:33:41.059 [main] DEBUG o.s.b.f.s.DefaultListableBeanFactory - Eagerly caching bean 'APIPasswordController' to allow for resolving potential circular references
06:33:41.060 [main] DEBUG o.s.b.f.annotation.InjectionMetadata - Processing injected element of bean 'APIPasswordController': AutowiredFieldElement for org.springframework.core.env.Environment edu.ncsu.csc.itrust2.controllers.api.APIPasswordController.environment
06:33:41.060 [main] DEBUG o.s.b.f.s.DefaultListableBeanFactory - Returning cached instance of singleton bean 'environment'
06:33:41.060 [main] DEBUG o.s.b.f.a.AutowiredAnnotationBeanPostProcessor - Autowiring by type from bean name 'APIPasswordController' to bean named 'environment'
06:33:41.060 [main] DEBUG o.s.b.f.s.DefaultListableBeanFactory - Returning cached instance of singleton bean 'metaDataSourceAdvisor'
06:33:41.061 [main] DEBUG o.s.b.f.s.DefaultListableBeanFactory - Finished creating instance of bean 'APIPasswordController'
06:33:41.061 [main] DEBUG o.s.b.f.s.DefaultListableBeanFactory - Creating shared instance of singleton bean 'APIPatientController'
06:33:41.061 [main] DEBUG o.s.b.f.s.DefaultListableBeanFactory - Creating instance of bean 'APIPatientController'
06:33:41.061 [main] DEBUG o.s.b.f.s.DefaultListableBeanFactory - Eagerly caching bean 'APIPatientController' to allow for resolving potential circular references
06:33:41.061 [main] DEBUG o.s.b.f.s.DefaultListableBeanFactory - Returning cached instance of singleton bean 'metaDataSourceAdvisor'
06:33:41.061 [main] DEBUG o.s.s.a.p.PrePostAnnotationSecurityMetadataSource - @org.springframework.security.access.prepost.PreAuthorize(value=hasRole('ROLE_PATIENT')) found on specific method: public org.springframework.http.ResponseEntity edu.ncsu.csc.itrust2.controllers.api.APIPatientController.getPatient()
06:33:41.061 [main] DEBUG o.s.s.a.m.DelegatingMethodSecurityMetadataSource - Caching method [CacheKey[edu.ncsu.csc.itrust2.controllers.api.APIPatientController; public org.springframework.http.ResponseEntity edu.ncsu.csc.itrust2.controllers.api.APIPatientController.getPatient()]] with attributes [[authorize: 'hasRole('ROLE_PATIENT')', filter: 'null', filterTarget: 'null']]
06:33:41.061 [main] DEBUG o.s.a.f.a.InfrastructureAdvisorAutoProxyCreator - Creating implicit proxy for bean 'APIPatientController' with 0 common interceptors and 1 specific interceptors
06:33:41.062 [main] DEBUG o.s.aop.framework.CglibAopProxy - Creating CGLIB proxy: target source is SingletonTargetSource for target object [edu.ncsu.csc.itrust2.controllers.api.APIPatientController@65a746f7]
06:33:41.062 [main] DEBUG o.s.aop.framework.CglibAopProxy - Unable to apply any optimisations to advised method: public org.springframework.http.ResponseEntity edu.ncsu.csc.itrust2.controllers.api.APIPatientController.getPatient(java.lang.String)
06:33:41.062 [main] DEBUG o.s.aop.framework.CglibAopProxy - Unable to apply any optimisations to advised method: public org.springframework.http.ResponseEntity edu.ncsu.csc.itrust2.controllers.api.APIPatientController.getPatient()
06:33:41.062 [main] DEBUG o.s.aop.framework.CglibAopProxy - Unable to apply any optimisations to advised method: public java.util.List edu.ncsu.csc.itrust2.controllers.api.APIPatientController.getPatients()
06:33:41.063 [main] DEBUG o.s.aop.framework.CglibAopProxy - Unable to apply any optimisations to advised method: public org.springframework.http.ResponseEntity edu.ncsu.csc.itrust2.controllers.api.APIPatientController.createPatient(edu.ncsu.csc.itrust2.forms.hcp_patient.PatientForm)
06:33:41.063 [main] DEBUG o.s.aop.framework.CglibAopProxy - Unable to apply any optimisations to advised method: public org.springframework.http.ResponseEntity edu.ncsu.csc.itrust2.controllers.api.APIPatientController.updatePatient(java.lang.String,edu.ncsu.csc.itrust2.forms.hcp_patient.PatientForm)
06:33:41.063 [main] DEBUG o.s.aop.framework.CglibAopProxy - Found 'equals' method: public boolean java.lang.Object.equals(java.lang.Object)
06:33:41.063 [main] DEBUG o.s.aop.framework.CglibAopProxy - Unable to apply any optimisations to advised method: public java.lang.String java.lang.Object.toString()
06:33:41.063 [main] DEBUG o.s.aop.framework.CglibAopProxy - Found 'hashCode' method: public native int java.lang.Object.hashCode()
06:33:41.063 [main] DEBUG o.s.aop.framework.CglibAopProxy - Unable to apply any optimisations to advised method: protected native java.lang.Object java.lang.Object.clone() throws java.lang.CloneNotSupportedException
06:33:41.063 [main] DEBUG o.s.aop.framework.CglibAopProxy - Method is declared on Advised interface: public abstract void org.springframework.aop.framework.Advised.addAdvice(int,org.aopalliance.aop.Advice) throws org.springframework.aop.framework.AopConfigException
06:33:41.063 [main] DEBUG o.s.aop.framework.CglibAopProxy - Method is declared on Advised interface: public abstract void org.springframework.aop.framework.Advised.addAdvice(org.aopalliance.aop.Advice) throws org.springframework.aop.framework.AopConfigException
06:33:41.063 [main] DEBUG o.s.aop.framework.CglibAopProxy - Method is declared on Advised interface: public abstract boolean org.springframework.aop.framework.Advised.isPreFiltered()
06:33:41.063 [main] DEBUG o.s.aop.framework.CglibAopProxy - Method is declared on Advised interface: public abstract java.lang.Class[] org.springframework.aop.framework.Advised.getProxiedInterfaces()
06:33:41.063 [main] DEBUG o.s.aop.framework.CglibAopProxy - Method is declared on Advised interface: public abstract boolean org.springframework.aop.framework.Advised.isInterfaceProxied(java.lang.Class)
06:33:41.063 [main] DEBUG o.s.aop.framework.CglibAopProxy - Method is declared on Advised interface: public abstract org.springframework.aop.Advisor[] org.springframework.aop.framework.Advised.getAdvisors()
06:33:41.063 [main] DEBUG o.s.aop.framework.CglibAopProxy - Method is declared on Advised interface: public abstract void org.springframework.aop.framework.Advised.removeAdvisor(int) throws org.springframework.aop.framework.AopConfigException
06:33:41.063 [main] DEBUG o.s.aop.framework.CglibAopProxy - Method is declared on Advised interface: public abstract boolean org.springframework.aop.framework.Advised.removeAdvisor(org.springframework.aop.Advisor)
06:33:41.063 [main] DEBUG o.s.aop.framework.CglibAopProxy - Method is declared on Advised interface: public abstract boolean org.springframework.aop.framework.Advised.replaceAdvisor(org.springframework.aop.Advisor,org.springframework.aop.Advisor) throws org.springframework.aop.framework.AopConfigException
06:33:41.063 [main] DEBUG o.s.aop.framework.CglibAopProxy - Method is declared on Advised interface: public abstract void org.springframework.aop.framework.Advised.setTargetSource(org.springframework.aop.TargetSource)
06:33:41.063 [main] DEBUG o.s.aop.framework.CglibAopProxy - Method is declared on Advised interface: public abstract boolean org.springframework.aop.framework.Advised.removeAdvice(org.aopalliance.aop.Advice)
06:33:41.063 [main] DEBUG o.s.aop.framework.CglibAopProxy - Method is declared on Advised interface: public abstract java.lang.String org.springframework.aop.framework.Advised.toProxyConfigString()
06:33:41.063 [main] DEBUG o.s.aop.framework.CglibAopProxy - Method is declared on Advised interface: public abstract org.springframework.aop.TargetSource org.springframework.aop.framework.Advised.getTargetSource()
06:33:41.063 [main] DEBUG o.s.aop.framework.CglibAopProxy - Method is declared on Advised interface: public abstract boolean org.springframework.aop.framework.Advised.isProxyTargetClass()
06:33:41.063 [main] DEBUG o.s.aop.framework.CglibAopProxy - Method is declared on Advised interface: public abstract void org.springframework.aop.framework.Advised.addAdvisor(org.springframework.aop.Advisor) throws org.springframework.aop.framework.AopConfigException
06:33:41.063 [main] DEBUG o.s.aop.framework.CglibAopProxy - Method is declared on Advised interface: public abstract void org.springframework.aop.framework.Advised.addAdvisor(int,org.springframework.aop.Advisor) throws org.springframework.aop.framework.AopConfigException
06:33:41.063 [main] DEBUG o.s.aop.framework.CglibAopProxy - Method is declared on Advised interface: public abstract void org.springframework.aop.framework.Advised.setPreFiltered(boolean)
06:33:41.063 [main] DEBUG o.s.aop.framework.CglibAopProxy - Method is declared on Advised interface: public abstract void org.springframework.aop.framework.Advised.setExposeProxy(boolean)
06:33:41.063 [main] DEBUG o.s.aop.framework.CglibAopProxy - Method is declared on Advised interface: public abstract boolean org.springframework.aop.framework.Advised.isExposeProxy()
06:33:41.063 [main] DEBUG o.s.aop.framework.CglibAopProxy - Method is declared on Advised interface: public abstract int org.springframework.aop.framework.Advised.indexOf(org.springframework.aop.Advisor)
06:33:41.063 [main] DEBUG o.s.aop.framework.CglibAopProxy - Method is declared on Advised interface: public abstract int org.springframework.aop.framework.Advised.indexOf(org.aopalliance.aop.Advice)
06:33:41.063 [main] DEBUG o.s.aop.framework.CglibAopProxy - Method is declared on Advised interface: public abstract boolean org.springframework.aop.framework.Advised.isFrozen()
06:33:41.063 [main] DEBUG o.s.aop.framework.CglibAopProxy - Method is declared on Advised interface: public abstract java.lang.Class org.springframework.aop.TargetClassAware.getTargetClass()
06:33:41.070 [main] DEBUG o.s.b.f.s.DefaultListableBeanFactory - Finished creating instance of bean 'APIPatientController'
06:33:41.070 [main] DEBUG o.s.b.f.s.DefaultListableBeanFactory - Creating shared instance of singleton bean 'APIPersonnelController'
06:33:41.070 [main] DEBUG o.s.b.f.s.DefaultListableBeanFactory - Creating instance of bean 'APIPersonnelController'
06:33:41.070 [main] DEBUG o.s.b.f.s.DefaultListableBeanFactory - Eagerly caching bean 'APIPersonnelController' to allow for resolving potential circular references
06:33:41.070 [main] DEBUG o.s.b.f.s.DefaultListableBeanFactory - Returning cached instance of singleton bean 'metaDataSourceAdvisor'
06:33:41.071 [main] DEBUG o.s.b.f.s.DefaultListableBeanFactory - Finished creating instance of bean 'APIPersonnelController'
06:33:41.071 [main] DEBUG o.s.b.f.s.DefaultListableBeanFactory - Creating shared instance of singleton bean 'APIPrescriptionController'
06:33:41.071 [main] DEBUG o.s.b.f.s.DefaultListableBeanFactory - Creating instance of bean 'APIPrescriptionController'
06:33:41.071 [main] DEBUG o.s.b.f.s.DefaultListableBeanFactory - Eagerly caching bean 'APIPrescriptionController' to allow for resolving potential circular references
06:33:41.071 [main] DEBUG o.s.b.f.s.DefaultListableBeanFactory - Returning cached instance of singleton bean 'metaDataSourceAdvisor'
06:33:41.072 [main] DEBUG o.s.s.a.p.PrePostAnnotationSecurityMetadataSource - @org.springframework.security.access.prepost.PreAuthorize(value=hasAnyRole('ROLE_HCP', 'ROLE_PATIENT')) found on specific method: public java.util.List edu.ncsu.csc.itrust2.controllers.api.APIPrescriptionController.getPrescriptions()
06:33:41.072 [main] DEBUG o.s.s.a.m.DelegatingMethodSecurityMetadataSource - Caching method [CacheKey[edu.ncsu.csc.itrust2.controllers.api.APIPrescriptionController; public java.util.List edu.ncsu.csc.itrust2.controllers.api.APIPrescriptionController.getPrescriptions()]] with attributes [[authorize: 'hasAnyRole('ROLE_HCP', 'ROLE_PATIENT')', filter: 'null', filterTarget: 'null']]
06:33:41.072 [main] DEBUG o.s.a.f.a.InfrastructureAdvisorAutoProxyCreator - Creating implicit proxy for bean 'APIPrescriptionController' with 0 common interceptors and 1 specific interceptors
06:33:41.072 [main] DEBUG o.s.aop.framework.CglibAopProxy - Creating CGLIB proxy: target source is SingletonTargetSource for target object [edu.ncsu.csc.itrust2.controllers.api.APIPrescriptionController@629861a6]
06:33:41.072 [main] DEBUG o.s.aop.framework.CglibAopProxy - Unable to apply any optimisations to advised method: public java.util.List edu.ncsu.csc.itrust2.controllers.api.APIPrescriptionController.getPrescriptions()
06:33:41.072 [main] DEBUG o.s.s.a.p.PrePostAnnotationSecurityMetadataSource - @org.springframework.security.access.prepost.PreAuthorize(value=hasRole('ROLE_HCP')) found on specific method: public org.springframework.http.ResponseEntity edu.ncsu.csc.itrust2.controllers.api.APIPrescriptionController.addPrescription(edu.ncsu.csc.itrust2.forms.hcp.PrescriptionForm)
06:33:41.073 [main] DEBUG o.s.s.a.m.DelegatingMethodSecurityMetadataSource - Caching method [CacheKey[edu.ncsu.csc.itrust2.controllers.api.APIPrescriptionController; public org.springframework.http.ResponseEntity edu.ncsu.csc.itrust2.controllers.api.APIPrescriptionController.addPrescription(edu.ncsu.csc.itrust2.forms.hcp.PrescriptionForm)]] with attributes [[authorize: 'hasRole('ROLE_HCP')', filter: 'null', filterTarget: 'null']]
06:33:41.073 [main] DEBUG o.s.aop.framework.CglibAopProxy - Unable to apply any optimisations to advised method: public org.springframework.http.ResponseEntity edu.ncsu.csc.itrust2.controllers.api.APIPrescriptionController.addPrescription(edu.ncsu.csc.itrust2.forms.hcp.PrescriptionForm)
06:33:41.073 [main] DEBUG o.s.s.a.p.PrePostAnnotationSecurityMetadataSource - @org.springframework.security.access.prepost.PreAuthorize(value=hasRole('ROLE_HCP')) found on specific method: public org.springframework.http.ResponseEntity edu.ncsu.csc.itrust2.controllers.api.APIPrescriptionController.editPrescription(edu.ncsu.csc.itrust2.forms.hcp.PrescriptionForm)
06:33:41.073 [main] DEBUG o.s.s.a.m.DelegatingMethodSecurityMetadataSource - Caching method [CacheKey[edu.ncsu.csc.itrust2.controllers.api.APIPrescriptionController; public org.springframework.http.ResponseEntity edu.ncsu.csc.itrust2.controllers.api.APIPrescriptionController.editPrescription(edu.ncsu.csc.itrust2.forms.hcp.PrescriptionForm)]] with attributes [[authorize: 'hasRole('ROLE_HCP')', filter: 'null', filterTarget: 'null']]
06:33:41.073 [main] DEBUG o.s.aop.framework.CglibAopProxy - Unable to apply any optimisations to advised method: public org.springframework.http.ResponseEntity edu.ncsu.csc.itrust2.controllers.api.APIPrescriptionController.editPrescription(edu.ncsu.csc.itrust2.forms.hcp.PrescriptionForm)
06:33:41.073 [main] DEBUG o.s.s.a.p.PrePostAnnotationSecurityMetadataSource - @org.springframework.security.access.prepost.PreAuthorize(value=hasRole('ROLE_HCP')) found on specific method: public org.springframework.http.ResponseEntity edu.ncsu.csc.itrust2.controllers.api.APIPrescriptionController.deletePrescription(java.lang.Long)
06:33:41.073 [main] DEBUG o.s.s.a.m.DelegatingMethodSecurityMetadataSource - Caching method [CacheKey[edu.ncsu.csc.itrust2.controllers.api.APIPrescriptionController; public org.springframework.http.ResponseEntity edu.ncsu.csc.itrust2.controllers.api.APIPrescriptionController.deletePrescription(java.lang.Long)]] with attributes [[authorize: 'hasRole('ROLE_HCP')', filter: 'null', filterTarget: 'null']]
06:33:41.073 [main] DEBUG o.s.aop.framework.CglibAopProxy - Unable to apply any optimisations to advised method: public org.springframework.http.ResponseEntity edu.ncsu.csc.itrust2.controllers.api.APIPrescriptionController.deletePrescription(java.lang.Long)
06:33:41.073 [main] DEBUG o.s.s.a.p.PrePostAnnotationSecurityMetadataSource - @org.springframework.security.access.prepost.PreAuthorize(value=hasRole('ROLE_HCP')) found on specific method: public org.springframework.http.ResponseEntity edu.ncsu.csc.itrust2.controllers.api.APIPrescriptionController.getPrescription(java.lang.Long)
06:33:41.073 [main] DEBUG o.s.s.a.m.DelegatingMethodSecurityMetadataSource - Caching method [CacheKey[edu.ncsu.csc.itrust2.controllers.api.APIPrescriptionController; public org.springframework.http.ResponseEntity edu.ncsu.csc.itrust2.controllers.api.APIPrescriptionController.getPrescription(java.lang.Long)]] with attributes [[authorize: 'hasRole('ROLE_HCP')', filter: 'null', filterTarget: 'null']]
06:33:41.073 [main] DEBUG o.s.aop.framework.CglibAopProxy - Unable to apply any optimisations to advised method: public org.springframework.http.ResponseEntity edu.ncsu.csc.itrust2.controllers.api.APIPrescriptionController.getPrescription(java.lang.Long)
06:33:41.074 [main] DEBUG o.s.aop.framework.CglibAopProxy - Found 'equals' method: public boolean java.lang.Object.equals(java.lang.Object)
06:33:41.074 [main] DEBUG o.s.aop.framework.CglibAopProxy - Unable to apply any optimisations to advised method: public java.lang.String java.lang.Object.toString()
06:33:41.074 [main] DEBUG o.s.aop.framework.CglibAopProxy - Found 'hashCode' method: public native int java.lang.Object.hashCode()
06:33:41.074 [main] DEBUG o.s.aop.framework.CglibAopProxy - Unable to apply any optimisations to advised method: protected native java.lang.Object java.lang.Object.clone() throws java.lang.CloneNotSupportedException
06:33:41.074 [main] DEBUG o.s.aop.framework.CglibAopProxy - Method is declared on Advised interface: public abstract void org.springframework.aop.framework.Advised.addAdvice(int,org.aopalliance.aop.Advice) throws org.springframework.aop.framework.AopConfigException
06:33:41.074 [main] DEBUG o.s.aop.framework.CglibAopProxy - Method is declared on Advised interface: public abstract void org.springframework.aop.framework.Advised.addAdvice(org.aopalliance.aop.Advice) throws org.springframework.aop.framework.AopConfigException
06:33:41.074 [main] DEBUG o.s.aop.framework.CglibAopProxy - Method is declared on Advised interface: public abstract boolean org.springframework.aop.framework.Advised.isPreFiltered()
06:33:41.074 [main] DEBUG o.s.aop.framework.CglibAopProxy - Method is declared on Advised interface: public abstract java.lang.Class[] org.springframework.aop.framework.Advised.getProxiedInterfaces()
06:33:41.074 [main] DEBUG o.s.aop.framework.CglibAopProxy - Method is declared on Advised interface: public abstract boolean org.springframework.aop.framework.Advised.isInterfaceProxied(java.lang.Class)
06:33:41.074 [main] DEBUG o.s.aop.framework.CglibAopProxy - Method is declared on Advised interface: public abstract org.springframework.aop.Advisor[] org.springframework.aop.framework.Advised.getAdvisors()
06:33:41.074 [main] DEBUG o.s.aop.framework.CglibAopProxy - Method is declared on Advised interface: public abstract void org.springframework.aop.framework.Advised.removeAdvisor(int) throws org.springframework.aop.framework.AopConfigException
06:33:41.074 [main] DEBUG o.s.aop.framework.CglibAopProxy - Method is declared on Advised interface: public abstract boolean org.springframework.aop.framework.Advised.removeAdvisor(org.springframework.aop.Advisor)
06:33:41.074 [main] DEBUG o.s.aop.framework.CglibAopProxy - Method is declared on Advised interface: public abstract boolean org.springframework.aop.framework.Advised.replaceAdvisor(org.springframework.aop.Advisor,org.springframework.aop.Advisor) throws org.springframework.aop.framework.AopConfigException
06:33:41.074 [main] DEBUG o.s.aop.framework.CglibAopProxy - Method is declared on Advised interface: public abstract void org.springframework.aop.framework.Advised.setTargetSource(org.springframework.aop.TargetSource)
06:33:41.074 [main] DEBUG o.s.aop.framework.CglibAopProxy - Method is declared on Advised interface: public abstract boolean org.springframework.aop.framework.Advised.removeAdvice(org.aopalliance.aop.Advice)
06:33:41.074 [main] DEBUG o.s.aop.framework.CglibAopProxy - Method is declared on Advised interface: public abstract java.lang.String org.springframework.aop.framework.Advised.toProxyConfigString()
06:33:41.074 [main] DEBUG o.s.aop.framework.CglibAopProxy - Method is declared on Advised interface: public abstract org.springframework.aop.TargetSource org.springframework.aop.framework.Advised.getTargetSource()
06:33:41.074 [main] DEBUG o.s.aop.framework.CglibAopProxy - Method is declared on Advised interface: public abstract boolean org.springframework.aop.framework.Advised.isProxyTargetClass()
06:33:41.074 [main] DEBUG o.s.aop.framework.CglibAopProxy - Method is declared on Advised interface: public abstract void org.springframework.aop.framework.Advised.addAdvisor(org.springframework.aop.Advisor) throws org.springframework.aop.framework.AopConfigException
06:33:41.074 [main] DEBUG o.s.aop.framework.CglibAopProxy - Method is declared on Advised interface: public abstract void org.springframework.aop.framework.Advised.addAdvisor(int,org.springframework.aop.Advisor) throws org.springframework.aop.framework.AopConfigException
06:33:41.074 [main] DEBUG o.s.aop.framework.CglibAopProxy - Method is declared on Advised interface: public abstract void org.springframework.aop.framework.Advised.setPreFiltered(boolean)
06:33:41.074 [main] DEBUG o.s.aop.framework.CglibAopProxy - Method is declared on Advised interface: public abstract void org.springframework.aop.framework.Advised.setExposeProxy(boolean)
06:33:41.074 [main] DEBUG o.s.aop.framework.CglibAopProxy - Method is declared on Advised interface: public abstract boolean org.springframework.aop.framework.Advised.isExposeProxy()
06:33:41.074 [main] DEBUG o.s.aop.framework.CglibAopProxy - Method is declared on Advised interface: public abstract int org.springframework.aop.framework.Advised.indexOf(org.springframework.aop.Advisor)
06:33:41.074 [main] DEBUG o.s.aop.framework.CglibAopProxy - Method is declared on Advised interface: public abstract int org.springframework.aop.framework.Advised.indexOf(org.aopalliance.aop.Advice)
06:33:41.074 [main] DEBUG o.s.aop.framework.CglibAopProxy - Method is declared on Advised interface: public abstract boolean org.springframework.aop.framework.Advised.isFrozen()
06:33:41.074 [main] DEBUG o.s.aop.framework.CglibAopProxy - Method is declared on Advised interface: public abstract java.lang.Class org.springframework.aop.TargetClassAware.getTargetClass()
06:33:41.081 [main] DEBUG o.s.b.f.s.DefaultListableBeanFactory - Finished creating instance of bean 'APIPrescriptionController'
06:33:41.081 [main] DEBUG o.s.b.f.s.DefaultListableBeanFactory - Creating shared instance of singleton bean 'APIUserController'
06:33:41.081 [main] DEBUG o.s.b.f.s.DefaultListableBeanFactory - Creating instance of bean 'APIUserController'
06:33:41.081 [main] DEBUG o.s.b.f.s.DefaultListableBeanFactory - Eagerly caching bean 'APIUserController' to allow for resolving potential circular references
06:33:41.082 [main] DEBUG o.s.b.f.s.DefaultListableBeanFactory - Returning cached instance of singleton bean 'metaDataSourceAdvisor'
06:33:41.082 [main] DEBUG o.s.b.f.s.DefaultListableBeanFactory - Finished creating instance of bean 'APIUserController'
06:33:41.082 [main] DEBUG o.s.b.f.s.DefaultListableBeanFactory - Creating shared instance of singleton bean 'appointmentControllerHCP'
06:33:41.082 [main] DEBUG o.s.b.f.s.DefaultListableBeanFactory - Creating instance of bean 'appointmentControllerHCP'
06:33:41.083 [main] DEBUG o.s.b.f.s.DefaultListableBeanFactory - Eagerly caching bean 'appointmentControllerHCP' to allow for resolving potential circular references
06:33:41.083 [main] DEBUG o.s.b.f.s.DefaultListableBeanFactory - Returning cached instance of singleton bean 'metaDataSourceAdvisor'
06:33:41.083 [main] DEBUG o.s.s.a.p.PrePostAnnotationSecurityMetadataSource - @org.springframework.security.access.prepost.PreAuthorize(value=hasRole('ROLE_HCP')) found on specific method: public java.lang.String edu.ncsu.csc.itrust2.controllers.hcp.AppointmentControllerHCP.requestAppointmentForm(org.springframework.ui.Model)
06:33:41.083 [main] DEBUG o.s.s.a.m.DelegatingMethodSecurityMetadataSource - Caching method [CacheKey[edu.ncsu.csc.itrust2.controllers.hcp.AppointmentControllerHCP; public java.lang.String edu.ncsu.csc.itrust2.controllers.hcp.AppointmentControllerHCP.requestAppointmentForm(org.springframework.ui.Model)]] with attributes [[authorize: 'hasRole('ROLE_HCP')', filter: 'null', filterTarget: 'null']]
06:33:41.083 [main] DEBUG o.s.a.f.a.InfrastructureAdvisorAutoProxyCreator - Creating implicit proxy for bean 'appointmentControllerHCP' with 0 common interceptors and 1 specific interceptors
06:33:41.084 [main] DEBUG o.s.aop.framework.CglibAopProxy - Creating CGLIB proxy: target source is SingletonTargetSource for target object [edu.ncsu.csc.itrust2.controllers.hcp.AppointmentControllerHCP@33b40d3b]
06:33:41.084 [main] DEBUG o.s.aop.framework.CglibAopProxy - Unable to apply any optimisations to advised method: public java.lang.String edu.ncsu.csc.itrust2.controllers.hcp.AppointmentControllerHCP.requestAppointmentForm(org.springframework.ui.Model)
06:33:41.084 [main] DEBUG o.s.s.a.p.PrePostAnnotationSecurityMetadataSource - @org.springframework.security.access.prepost.PreAuthorize(value=hasRole('ROLE_HCP')) found on specific method: public java.lang.String edu.ncsu.csc.itrust2.controllers.hcp.AppointmentControllerHCP.appointmentActionSubmit(edu.ncsu.csc.itrust2.forms.patient.AppointmentForm)
06:33:41.084 [main] DEBUG o.s.s.a.m.DelegatingMethodSecurityMetadataSource - Caching method [CacheKey[edu.ncsu.csc.itrust2.controllers.hcp.AppointmentControllerHCP; public java.lang.String edu.ncsu.csc.itrust2.controllers.hcp.AppointmentControllerHCP.appointmentActionSubmit(edu.ncsu.csc.itrust2.forms.patient.AppointmentForm)]] with attributes [[authorize: 'hasRole('ROLE_HCP')', filter: 'null', filterTarget: 'null']]
06:33:41.084 [main] DEBUG o.s.aop.framework.CglibAopProxy - Unable to apply any optimisations to advised method: public java.lang.String edu.ncsu.csc.itrust2.controllers.hcp.AppointmentControllerHCP.appointmentActionSubmit(edu.ncsu.csc.itrust2.forms.patient.AppointmentForm)
06:33:41.084 [main] DEBUG o.s.s.a.p.PrePostAnnotationSecurityMetadataSource - @org.springframework.security.access.prepost.PreAuthorize(value=hasRole('ROLE_HCP')) found on specific method: public java.lang.String edu.ncsu.csc.itrust2.controllers.hcp.AppointmentControllerHCP.upcomingAppointments(org.springframework.ui.Model)
06:33:41.084 [main] DEBUG o.s.s.a.m.DelegatingMethodSecurityMetadataSource - Caching method [CacheKey[edu.ncsu.csc.itrust2.controllers.hcp.AppointmentControllerHCP; public java.lang.String edu.ncsu.csc.itrust2.controllers.hcp.AppointmentControllerHCP.upcomingAppointments(org.springframework.ui.Model)]] with attributes [[authorize: 'hasRole('ROLE_HCP')', filter: 'null', filterTarget: 'null']]
06:33:41.084 [main] DEBUG o.s.aop.framework.CglibAopProxy - Unable to apply any optimisations to advised method: public java.lang.String edu.ncsu.csc.itrust2.controllers.hcp.AppointmentControllerHCP.upcomingAppointments(org.springframework.ui.Model)
06:33:41.084 [main] DEBUG o.s.aop.framework.CglibAopProxy - Found 'equals' method: public boolean java.lang.Object.equals(java.lang.Object)
06:33:41.085 [main] DEBUG o.s.aop.framework.CglibAopProxy - Unable to apply any optimisations to advised method: public java.lang.String java.lang.Object.toString()
06:33:41.085 [main] DEBUG o.s.aop.framework.CglibAopProxy - Found 'hashCode' method: public native int java.lang.Object.hashCode()
06:33:41.085 [main] DEBUG o.s.aop.framework.CglibAopProxy - Unable to apply any optimisations to advised method: protected native java.lang.Object java.lang.Object.clone() throws java.lang.CloneNotSupportedException
06:33:41.085 [main] DEBUG o.s.aop.framework.CglibAopProxy - Method is declared on Advised interface: public abstract void org.springframework.aop.framework.Advised.addAdvice(int,org.aopalliance.aop.Advice) throws org.springframework.aop.framework.AopConfigException
06:33:41.085 [main] DEBUG o.s.aop.framework.CglibAopProxy - Method is declared on Advised interface: public abstract void org.springframework.aop.framework.Advised.addAdvice(org.aopalliance.aop.Advice) throws org.springframework.aop.framework.AopConfigException
06:33:41.085 [main] DEBUG o.s.aop.framework.CglibAopProxy - Method is declared on Advised interface: public abstract boolean org.springframework.aop.framework.Advised.isPreFiltered()
06:33:41.085 [main] DEBUG o.s.aop.framework.CglibAopProxy - Method is declared on Advised interface: public abstract java.lang.Class[] org.springframework.aop.framework.Advised.getProxiedInterfaces()
06:33:41.085 [main] DEBUG o.s.aop.framework.CglibAopProxy - Method is declared on Advised interface: public abstract boolean org.springframework.aop.framework.Advised.isInterfaceProxied(java.lang.Class)
06:33:41.085 [main] DEBUG o.s.aop.framework.CglibAopProxy - Method is declared on Advised interface: public abstract org.springframework.aop.Advisor[] org.springframework.aop.framework.Advised.getAdvisors()
06:33:41.085 [main] DEBUG o.s.aop.framework.CglibAopProxy - Method is declared on Advised interface: public abstract void org.springframework.aop.framework.Advised.removeAdvisor(int) throws org.springframework.aop.framework.AopConfigException
06:33:41.085 [main] DEBUG o.s.aop.framework.CglibAopProxy - Method is declared on Advised interface: public abstract boolean org.springframework.aop.framework.Advised.removeAdvisor(org.springframework.aop.Advisor)
06:33:41.085 [main] DEBUG o.s.aop.framework.CglibAopProxy - Method is declared on Advised interface: public abstract boolean org.springframework.aop.framework.Advised.replaceAdvisor(org.springframework.aop.Advisor,org.springframework.aop.Advisor) throws org.springframework.aop.framework.AopConfigException
06:33:41.085 [main] DEBUG o.s.aop.framework.CglibAopProxy - Method is declared on Advised interface: public abstract void org.springframework.aop.framework.Advised.setTargetSource(org.springframework.aop.TargetSource)
06:33:41.085 [main] DEBUG o.s.aop.framework.CglibAopProxy - Method is declared on Advised interface: public abstract boolean org.springframework.aop.framework.Advised.removeAdvice(org.aopalliance.aop.Advice)
06:33:41.085 [main] DEBUG o.s.aop.framework.CglibAopProxy - Method is declared on Advised interface: public abstract java.lang.String org.springframework.aop.framework.Advised.toProxyConfigString()
06:33:41.085 [main] DEBUG o.s.aop.framework.CglibAopProxy - Method is declared on Advised interface: public abstract org.springframework.aop.TargetSource org.springframework.aop.framework.Advised.getTargetSource()
06:33:41.085 [main] DEBUG o.s.aop.framework.CglibAopProxy - Method is declared on Advised interface: public abstract boolean org.springframework.aop.framework.Advised.isProxyTargetClass()
06:33:41.085 [main] DEBUG o.s.aop.framework.CglibAopProxy - Method is declared on Advised interface: public abstract void org.springframework.aop.framework.Advised.addAdvisor(org.springframework.aop.Advisor) throws org.springframework.aop.framework.AopConfigException
06:33:41.085 [main] DEBUG o.s.aop.framework.CglibAopProxy - Method is declared on Advised interface: public abstract void org.springframework.aop.framework.Advised.addAdvisor(int,org.springframework.aop.Advisor) throws org.springframework.aop.framework.AopConfigException
06:33:41.085 [main] DEBUG o.s.aop.framework.CglibAopProxy - Method is declared on Advised interface: public abstract void org.springframework.aop.framework.Advised.setPreFiltered(boolean)
06:33:41.085 [main] DEBUG o.s.aop.framework.CglibAopProxy - Method is declared on Advised interface: public abstract void org.springframework.aop.framework.Advised.setExposeProxy(boolean)
06:33:41.085 [main] DEBUG o.s.aop.framework.CglibAopProxy - Method is declared on Advised interface: public abstract boolean org.springframework.aop.framework.Advised.isExposeProxy()
06:33:41.085 [main] DEBUG o.s.aop.framework.CglibAopProxy - Method is declared on Advised interface: public abstract int org.springframework.aop.framework.Advised.indexOf(org.springframework.aop.Advisor)
06:33:41.085 [main] DEBUG o.s.aop.framework.CglibAopProxy - Method is declared on Advised interface: public abstract int org.springframework.aop.framework.Advised.indexOf(org.aopalliance.aop.Advice)
06:33:41.085 [main] DEBUG o.s.aop.framework.CglibAopProxy - Method is declared on Advised interface: public abstract boolean org.springframework.aop.framework.Advised.isFrozen()
06:33:41.085 [main] DEBUG o.s.aop.framework.CglibAopProxy - Method is declared on Advised interface: public abstract java.lang.Class org.springframework.aop.TargetClassAware.getTargetClass()
06:33:41.093 [main] DEBUG o.s.b.f.s.DefaultListableBeanFactory - Finished creating instance of bean 'appointmentControllerHCP'
06:33:41.093 [main] DEBUG o.s.b.f.s.DefaultListableBeanFactory - Creating shared instance of singleton bean 'HCPController'
06:33:41.093 [main] DEBUG o.s.b.f.s.DefaultListableBeanFactory - Creating instance of bean 'HCPController'
06:33:41.094 [main] DEBUG o.s.b.f.s.DefaultListableBeanFactory - Eagerly caching bean 'HCPController' to allow for resolving potential circular references
06:33:41.094 [main] DEBUG o.s.b.f.s.DefaultListableBeanFactory - Returning cached instance of singleton bean 'metaDataSourceAdvisor'
06:33:41.094 [main] DEBUG o.s.s.a.p.PrePostAnnotationSecurityMetadataSource - @org.springframework.security.access.prepost.PreAuthorize(value=hasRole('ROLE_HCP')) found on specific method: public java.lang.String edu.ncsu.csc.itrust2.controllers.hcp.HCPController.editPatientDemographics()
06:33:41.094 [main] DEBUG o.s.s.a.m.DelegatingMethodSecurityMetadataSource - Caching method [CacheKey[edu.ncsu.csc.itrust2.controllers.hcp.HCPController; public java.lang.String edu.ncsu.csc.itrust2.controllers.hcp.HCPController.editPatientDemographics()]] with attributes [[authorize: 'hasRole('ROLE_HCP')', filter: 'null', filterTarget: 'null']]
06:33:41.094 [main] DEBUG o.s.a.f.a.InfrastructureAdvisorAutoProxyCreator - Creating implicit proxy for bean 'HCPController' with 0 common interceptors and 1 specific interceptors
06:33:41.094 [main] DEBUG o.s.aop.framework.CglibAopProxy - Creating CGLIB proxy: target source is SingletonTargetSource for target object [edu.ncsu.csc.itrust2.controllers.hcp.HCPController@380ec08e]
06:33:41.095 [main] DEBUG o.s.aop.framework.CglibAopProxy - Unable to apply any optimisations to advised method: public java.lang.String edu.ncsu.csc.itrust2.controllers.hcp.HCPController.editPatientDemographics()
06:33:41.095 [main] DEBUG o.s.s.a.p.PrePostAnnotationSecurityMetadataSource - @org.springframework.security.access.prepost.PreAuthorize(value=hasRole('ROLE_HCP')) found on specific method: public java.lang.String edu.ncsu.csc.itrust2.controllers.hcp.HCPController.editPrescriptions()
06:33:41.095 [main] DEBUG o.s.s.a.m.DelegatingMethodSecurityMetadataSource - Caching method [CacheKey[edu.ncsu.csc.itrust2.controllers.hcp.HCPController; public java.lang.String edu.ncsu.csc.itrust2.controllers.hcp.HCPController.editPrescriptions()]] with attributes [[authorize: 'hasRole('ROLE_HCP')', filter: 'null', filterTarget: 'null']]
06:33:41.095 [main] DEBUG o.s.aop.framework.CglibAopProxy - Unable to apply any optimisations to advised method: public java.lang.String edu.ncsu.csc.itrust2.controllers.hcp.HCPController.editPrescriptions()
06:33:41.095 [main] DEBUG o.s.s.a.p.PrePostAnnotationSecurityMetadataSource - @org.springframework.security.access.prepost.PreAuthorize(value=hasRole('ROLE_HCP')) found on specific method: public java.lang.String edu.ncsu.csc.itrust2.controllers.hcp.HCPController.index(org.springframework.ui.Model)
06:33:41.095 [main] DEBUG o.s.s.a.m.DelegatingMethodSecurityMetadataSource - Caching method [CacheKey[edu.ncsu.csc.itrust2.controllers.hcp.HCPController; public java.lang.String edu.ncsu.csc.itrust2.controllers.hcp.HCPController.index(org.springframework.ui.Model)]] with attributes [[authorize: 'hasRole('ROLE_HCP')', filter: 'null', filterTarget: 'null']]
06:33:41.095 [main] DEBUG o.s.aop.framework.CglibAopProxy - Unable to apply any optimisations to advised method: public java.lang.String edu.ncsu.csc.itrust2.controllers.hcp.HCPController.index(org.springframework.ui.Model)
06:33:41.096 [main] DEBUG o.s.aop.framework.CglibAopProxy - Found 'equals' method: public boolean java.lang.Object.equals(java.lang.Object)
06:33:41.096 [main] DEBUG o.s.aop.framework.CglibAopProxy - Unable to apply any optimisations to advised method: public java.lang.String java.lang.Object.toString()
06:33:41.096 [main] DEBUG o.s.aop.framework.CglibAopProxy - Found 'hashCode' method: public native int java.lang.Object.hashCode()
06:33:41.096 [main] DEBUG o.s.aop.framework.CglibAopProxy - Unable to apply any optimisations to advised method: protected native java.lang.Object java.lang.Object.clone() throws java.lang.CloneNotSupportedException
06:33:41.096 [main] DEBUG o.s.aop.framework.CglibAopProxy - Method is declared on Advised interface: public abstract void org.springframework.aop.framework.Advised.addAdvice(int,org.aopalliance.aop.Advice) throws org.springframework.aop.framework.AopConfigException
06:33:41.096 [main] DEBUG o.s.aop.framework.CglibAopProxy - Method is declared on Advised interface: public abstract void org.springframework.aop.framework.Advised.addAdvice(org.aopalliance.aop.Advice) throws org.springframework.aop.framework.AopConfigException
06:33:41.096 [main] DEBUG o.s.aop.framework.CglibAopProxy - Method is declared on Advised interface: public abstract boolean org.springframework.aop.framework.Advised.isPreFiltered()
06:33:41.096 [main] DEBUG o.s.aop.framework.CglibAopProxy - Method is declared on Advised interface: public abstract java.lang.Class[] org.springframework.aop.framework.Advised.getProxiedInterfaces()
06:33:41.096 [main] DEBUG o.s.aop.framework.CglibAopProxy - Method is declared on Advised interface: public abstract boolean org.springframework.aop.framework.Advised.isInterfaceProxied(java.lang.Class)
06:33:41.096 [main] DEBUG o.s.aop.framework.CglibAopProxy - Method is declared on Advised interface: public abstract org.springframework.aop.Advisor[] org.springframework.aop.framework.Advised.getAdvisors()
06:33:41.096 [main] DEBUG o.s.aop.framework.CglibAopProxy - Method is declared on Advised interface: public abstract void org.springframework.aop.framework.Advised.removeAdvisor(int) throws org.springframework.aop.framework.AopConfigException
06:33:41.096 [main] DEBUG o.s.aop.framework.CglibAopProxy - Method is declared on Advised interface: public abstract boolean org.springframework.aop.framework.Advised.removeAdvisor(org.springframework.aop.Advisor)
06:33:41.096 [main] DEBUG o.s.aop.framework.CglibAopProxy - Method is declared on Advised interface: public abstract boolean org.springframework.aop.framework.Advised.replaceAdvisor(org.springframework.aop.Advisor,org.springframework.aop.Advisor) throws org.springframework.aop.framework.AopConfigException
06:33:41.096 [main] DEBUG o.s.aop.framework.CglibAopProxy - Method is declared on Advised interface: public abstract void org.springframework.aop.framework.Advised.setTargetSource(org.springframework.aop.TargetSource)
06:33:41.096 [main] DEBUG o.s.aop.framework.CglibAopProxy - Method is declared on Advised interface: public abstract boolean org.springframework.aop.framework.Advised.removeAdvice(org.aopalliance.aop.Advice)
06:33:41.096 [main] DEBUG o.s.aop.framework.CglibAopProxy - Method is declared on Advised interface: public abstract java.lang.String org.springframework.aop.framework.Advised.toProxyConfigString()
06:33:41.096 [main] DEBUG o.s.aop.framework.CglibAopProxy - Method is declared on Advised interface: public abstract org.springframework.aop.TargetSource org.springframework.aop.framework.Advised.getTargetSource()
06:33:41.096 [main] DEBUG o.s.aop.framework.CglibAopProxy - Method is declared on Advised interface: public abstract boolean org.springframework.aop.framework.Advised.isProxyTargetClass()
06:33:41.096 [main] DEBUG o.s.aop.framework.CglibAopProxy - Method is declared on Advised interface: public abstract void org.springframework.aop.framework.Advised.addAdvisor(org.springframework.aop.Advisor) throws org.springframework.aop.framework.AopConfigException
06:33:41.096 [main] DEBUG o.s.aop.framework.CglibAopProxy - Method is declared on Advised interface: public abstract void org.springframework.aop.framework.Advised.addAdvisor(int,org.springframework.aop.Advisor) throws org.springframework.aop.framework.AopConfigException
06:33:41.096 [main] DEBUG o.s.aop.framework.CglibAopProxy - Method is declared on Advised interface: public abstract void org.springframework.aop.framework.Advised.setPreFiltered(boolean)
06:33:41.096 [main] DEBUG o.s.aop.framework.CglibAopProxy - Method is declared on Advised interface: public abstract void org.springframework.aop.framework.Advised.setExposeProxy(boolean)
06:33:41.096 [main] DEBUG o.s.aop.framework.CglibAopProxy - Method is declared on Advised interface: public abstract boolean org.springframework.aop.framework.Advised.isExposeProxy()
06:33:41.096 [main] DEBUG o.s.aop.framework.CglibAopProxy - Method is declared on Advised interface: public abstract int org.springframework.aop.framework.Advised.indexOf(org.springframework.aop.Advisor)
06:33:41.096 [main] DEBUG o.s.aop.framework.CglibAopProxy - Method is declared on Advised interface: public abstract int org.springframework.aop.framework.Advised.indexOf(org.aopalliance.aop.Advice)
06:33:41.096 [main] DEBUG o.s.aop.framework.CglibAopProxy - Method is declared on Advised interface: public abstract boolean org.springframework.aop.framework.Advised.isFrozen()
06:33:41.096 [main] DEBUG o.s.aop.framework.CglibAopProxy - Method is declared on Advised interface: public abstract java.lang.Class org.springframework.aop.TargetClassAware.getTargetClass()
06:33:41.102 [main] DEBUG o.s.b.f.s.DefaultListableBeanFactory - Finished creating instance of bean 'HCPController'
06:33:41.103 [main] DEBUG o.s.b.f.s.DefaultListableBeanFactory - Creating shared instance of singleton bean 'officeVisitController'
06:33:41.103 [main] DEBUG o.s.b.f.s.DefaultListableBeanFactory - Creating instance of bean 'officeVisitController'
06:33:41.103 [main] DEBUG o.s.b.f.s.DefaultListableBeanFactory - Eagerly caching bean 'officeVisitController' to allow for resolving potential circular references
06:33:41.103 [main] DEBUG o.s.b.f.s.DefaultListableBeanFactory - Returning cached instance of singleton bean 'metaDataSourceAdvisor'
06:33:41.103 [main] DEBUG o.s.s.a.p.PrePostAnnotationSecurityMetadataSource - @org.springframework.security.access.prepost.PreAuthorize(value=hasRole('ROLE_HCP')) found on specific method: public java.lang.String edu.ncsu.csc.itrust2.controllers.hcp.OfficeVisitController.documentOfficeVisit(org.springframework.ui.Model)
06:33:41.103 [main] DEBUG o.s.s.a.m.DelegatingMethodSecurityMetadataSource - Caching method [CacheKey[edu.ncsu.csc.itrust2.controllers.hcp.OfficeVisitController; public java.lang.String edu.ncsu.csc.itrust2.controllers.hcp.OfficeVisitController.documentOfficeVisit(org.springframework.ui.Model)]] with attributes [[authorize: 'hasRole('ROLE_HCP')', filter: 'null', filterTarget: 'null']]
06:33:41.103 [main] DEBUG o.s.a.f.a.InfrastructureAdvisorAutoProxyCreator - Creating implicit proxy for bean 'officeVisitController' with 0 common interceptors and 1 specific interceptors
06:33:41.103 [main] DEBUG o.s.aop.framework.CglibAopProxy - Creating CGLIB proxy: target source is SingletonTargetSource for target object [edu.ncsu.csc.itrust2.controllers.hcp.OfficeVisitController@6cd63495]
06:33:41.104 [main] DEBUG o.s.aop.framework.CglibAopProxy - Unable to apply any optimisations to advised method: public java.lang.String edu.ncsu.csc.itrust2.controllers.hcp.OfficeVisitController.documentOfficeVisit(org.springframework.ui.Model)
06:33:41.104 [main] DEBUG o.s.s.a.p.PrePostAnnotationSecurityMetadataSource - @org.springframework.security.access.prepost.PreAuthorize(value=hasRole('ROLE_HCP')) found on specific method: public java.lang.String edu.ncsu.csc.itrust2.controllers.hcp.OfficeVisitController.documentVisitSubmit(edu.ncsu.csc.itrust2.forms.hcp.OfficeVisitForm,org.springframework.validation.BindingResult,org.springframework.ui.Model)
06:33:41.104 [main] DEBUG o.s.s.a.m.DelegatingMethodSecurityMetadataSource - Caching method [CacheKey[edu.ncsu.csc.itrust2.controllers.hcp.OfficeVisitController; public java.lang.String edu.ncsu.csc.itrust2.controllers.hcp.OfficeVisitController.documentVisitSubmit(edu.ncsu.csc.itrust2.forms.hcp.OfficeVisitForm,org.springframework.validation.BindingResult,org.springframework.ui.Model)]] with attributes [[authorize: 'hasRole('ROLE_HCP')', filter: 'null', filterTarget: 'null']]
06:33:41.104 [main] DEBUG o.s.aop.framework.CglibAopProxy - Unable to apply any optimisations to advised method: public java.lang.String edu.ncsu.csc.itrust2.controllers.hcp.OfficeVisitController.documentVisitSubmit(edu.ncsu.csc.itrust2.forms.hcp.OfficeVisitForm,org.springframework.validation.BindingResult,org.springframework.ui.Model)
06:33:41.104 [main] DEBUG o.s.s.a.p.PrePostAnnotationSecurityMetadataSource - @org.springframework.security.access.prepost.PreAuthorize(value=hasRole('ROLE_HCP')) found on specific method: public java.lang.String edu.ncsu.csc.itrust2.controllers.hcp.OfficeVisitController.getAllOfficeVisits(org.springframework.ui.Model)
06:33:41.104 [main] DEBUG o.s.s.a.m.DelegatingMethodSecurityMetadataSource - Caching method [CacheKey[edu.ncsu.csc.itrust2.controllers.hcp.OfficeVisitController; public java.lang.String edu.ncsu.csc.itrust2.controllers.hcp.OfficeVisitController.getAllOfficeVisits(org.springframework.ui.Model)]] with attributes [[authorize: 'hasRole('ROLE_HCP')', filter: 'null', filterTarget: 'null']]
06:33:41.104 [main] DEBUG o.s.aop.framework.CglibAopProxy - Unable to apply any optimisations to advised method: public java.lang.String edu.ncsu.csc.itrust2.controllers.hcp.OfficeVisitController.getAllOfficeVisits(org.springframework.ui.Model)
06:33:41.104 [main] DEBUG o.s.aop.framework.CglibAopProxy - Found 'equals' method: public boolean java.lang.Object.equals(java.lang.Object)
06:33:41.104 [main] DEBUG o.s.aop.framework.CglibAopProxy - Unable to apply any optimisations to advised method: public java.lang.String java.lang.Object.toString()
06:33:41.104 [main] DEBUG o.s.aop.framework.CglibAopProxy - Found 'hashCode' method: public native int java.lang.Object.hashCode()
06:33:41.104 [main] DEBUG o.s.aop.framework.CglibAopProxy - Unable to apply any optimisations to advised method: protected native java.lang.Object java.lang.Object.clone() throws java.lang.CloneNotSupportedException
06:33:41.104 [main] DEBUG o.s.aop.framework.CglibAopProxy - Method is declared on Advised interface: public abstract void org.springframework.aop.framework.Advised.addAdvice(int,org.aopalliance.aop.Advice) throws org.springframework.aop.framework.AopConfigException
06:33:41.104 [main] DEBUG o.s.aop.framework.CglibAopProxy - Method is declared on Advised interface: public abstract void org.springframework.aop.framework.Advised.addAdvice(org.aopalliance.aop.Advice) throws org.springframework.aop.framework.AopConfigException
06:33:41.104 [main] DEBUG o.s.aop.framework.CglibAopProxy - Method is declared on Advised interface: public abstract boolean org.springframework.aop.framework.Advised.isPreFiltered()
06:33:41.104 [main] DEBUG o.s.aop.framework.CglibAopProxy - Method is declared on Advised interface: public abstract java.lang.Class[] org.springframework.aop.framework.Advised.getProxiedInterfaces()
06:33:41.104 [main] DEBUG o.s.aop.framework.CglibAopProxy - Method is declared on Advised interface: public abstract boolean org.springframework.aop.framework.Advised.isInterfaceProxied(java.lang.Class)
06:33:41.104 [main] DEBUG o.s.aop.framework.CglibAopProxy - Method is declared on Advised interface: public abstract org.springframework.aop.Advisor[] org.springframework.aop.framework.Advised.getAdvisors()
06:33:41.104 [main] DEBUG o.s.aop.framework.CglibAopProxy - Method is declared on Advised interface: public abstract void org.springframework.aop.framework.Advised.removeAdvisor(int) throws org.springframework.aop.framework.AopConfigException
06:33:41.104 [main] DEBUG o.s.aop.framework.CglibAopProxy - Method is declared on Advised interface: public abstract boolean org.springframework.aop.framework.Advised.removeAdvisor(org.springframework.aop.Advisor)
06:33:41.104 [main] DEBUG o.s.aop.framework.CglibAopProxy - Method is declared on Advised interface: public abstract boolean org.springframework.aop.framework.Advised.replaceAdvisor(org.springframework.aop.Advisor,org.springframework.aop.Advisor) throws org.springframework.aop.framework.AopConfigException
06:33:41.104 [main] DEBUG o.s.aop.framework.CglibAopProxy - Method is declared on Advised interface: public abstract void org.springframework.aop.framework.Advised.setTargetSource(org.springframework.aop.TargetSource)
06:33:41.104 [main] DEBUG o.s.aop.framework.CglibAopProxy - Method is declared on Advised interface: public abstract boolean org.springframework.aop.framework.Advised.removeAdvice(org.aopalliance.aop.Advice)
06:33:41.104 [main] DEBUG o.s.aop.framework.CglibAopProxy - Method is declared on Advised interface: public abstract java.lang.String org.springframework.aop.framework.Advised.toProxyConfigString()
06:33:41.104 [main] DEBUG o.s.aop.framework.CglibAopProxy - Method is declared on Advised interface: public abstract org.springframework.aop.TargetSource org.springframework.aop.framework.Advised.getTargetSource()
06:33:41.104 [main] DEBUG o.s.aop.framework.CglibAopProxy - Method is declared on Advised interface: public abstract boolean org.springframework.aop.framework.Advised.isProxyTargetClass()
06:33:41.104 [main] DEBUG o.s.aop.framework.CglibAopProxy - Method is declared on Advised interface: public abstract void org.springframework.aop.framework.Advised.addAdvisor(org.springframework.aop.Advisor) throws org.springframework.aop.framework.AopConfigException
06:33:41.104 [main] DEBUG o.s.aop.framework.CglibAopProxy - Method is declared on Advised interface: public abstract void org.springframework.aop.framework.Advised.addAdvisor(int,org.springframework.aop.Advisor) throws org.springframework.aop.framework.AopConfigException
06:33:41.104 [main] DEBUG o.s.aop.framework.CglibAopProxy - Method is declared on Advised interface: public abstract void org.springframework.aop.framework.Advised.setPreFiltered(boolean)
06:33:41.104 [main] DEBUG o.s.aop.framework.CglibAopProxy - Method is declared on Advised interface: public abstract void org.springframework.aop.framework.Advised.setExposeProxy(boolean)
06:33:41.105 [main] DEBUG o.s.aop.framework.CglibAopProxy - Method is declared on Advised interface: public abstract boolean org.springframework.aop.framework.Advised.isExposeProxy()
06:33:41.105 [main] DEBUG o.s.aop.framework.CglibAopProxy - Method is declared on Advised interface: public abstract int org.springframework.aop.framework.Advised.indexOf(org.springframework.aop.Advisor)
06:33:41.105 [main] DEBUG o.s.aop.framework.CglibAopProxy - Method is declared on Advised interface: public abstract int org.springframework.aop.framework.Advised.indexOf(org.aopalliance.aop.Advice)
06:33:41.105 [main] DEBUG o.s.aop.framework.CglibAopProxy - Method is declared on Advised interface: public abstract boolean org.springframework.aop.framework.Advised.isFrozen()
06:33:41.105 [main] DEBUG o.s.aop.framework.CglibAopProxy - Method is declared on Advised interface: public abstract java.lang.Class org.springframework.aop.TargetClassAware.getTargetClass()
06:33:41.111 [main] DEBUG o.s.b.f.s.DefaultListableBeanFactory - Finished creating instance of bean 'officeVisitController'
06:33:41.111 [main] DEBUG o.s.b.f.s.DefaultListableBeanFactory - Creating shared instance of singleton bean 'appointmentController'
06:33:41.111 [main] DEBUG o.s.b.f.s.DefaultListableBeanFactory - Creating instance of bean 'appointmentController'
06:33:41.112 [main] DEBUG o.s.b.f.s.DefaultListableBeanFactory - Eagerly caching bean 'appointmentController' to allow for resolving potential circular references
06:33:41.112 [main] DEBUG o.s.b.f.s.DefaultListableBeanFactory - Returning cached instance of singleton bean 'metaDataSourceAdvisor'
06:33:41.112 [main] DEBUG o.s.s.a.p.PrePostAnnotationSecurityMetadataSource - @org.springframework.security.access.prepost.PreAuthorize(value=hasRole('ROLE_PATIENT')) found on specific method: public java.lang.String edu.ncsu.csc.itrust2.controllers.patient.AppointmentController.requestAppointmentForm(org.springframework.ui.Model)
06:33:41.112 [main] DEBUG o.s.s.a.m.DelegatingMethodSecurityMetadataSource - Caching method [CacheKey[edu.ncsu.csc.itrust2.controllers.patient.AppointmentController; public java.lang.String edu.ncsu.csc.itrust2.controllers.patient.AppointmentController.requestAppointmentForm(org.springframework.ui.Model)]] with attributes [[authorize: 'hasRole('ROLE_PATIENT')', filter: 'null', filterTarget: 'null']]
06:33:41.112 [main] DEBUG o.s.a.f.a.InfrastructureAdvisorAutoProxyCreator - Creating implicit proxy for bean 'appointmentController' with 0 common interceptors and 1 specific interceptors
06:33:41.112 [main] DEBUG o.s.aop.framework.CglibAopProxy - Creating CGLIB proxy: target source is SingletonTargetSource for target object [edu.ncsu.csc.itrust2.controllers.patient.AppointmentController@ff53d9b]
06:33:41.113 [main] DEBUG o.s.aop.framework.CglibAopProxy - Unable to apply any optimisations to advised method: public java.lang.String edu.ncsu.csc.itrust2.controllers.patient.AppointmentController.requestAppointmentForm(org.springframework.ui.Model)
06:33:41.113 [main] DEBUG o.s.s.a.p.PrePostAnnotationSecurityMetadataSource - @org.springframework.security.access.prepost.PreAuthorize(value=hasRole('ROLE_PATIENT')) found on specific method: public java.lang.String edu.ncsu.csc.itrust2.controllers.patient.AppointmentController.inventorySubmit(edu.ncsu.csc.itrust2.forms.patient.AppointmentRequestForm,org.springframework.validation.BindingResult,org.springframework.ui.Model)
06:33:41.113 [main] DEBUG o.s.s.a.m.DelegatingMethodSecurityMetadataSource - Caching method [CacheKey[edu.ncsu.csc.itrust2.controllers.patient.AppointmentController; public java.lang.String edu.ncsu.csc.itrust2.controllers.patient.AppointmentController.inventorySubmit(edu.ncsu.csc.itrust2.forms.patient.AppointmentRequestForm,org.springframework.validation.BindingResult,org.springframework.ui.Model)]] with attributes [[authorize: 'hasRole('ROLE_PATIENT')', filter: 'null', filterTarget: 'null']]
06:33:41.113 [main] DEBUG o.s.aop.framework.CglibAopProxy - Unable to apply any optimisations to advised method: public java.lang.String edu.ncsu.csc.itrust2.controllers.patient.AppointmentController.inventorySubmit(edu.ncsu.csc.itrust2.forms.patient.AppointmentRequestForm,org.springframework.validation.BindingResult,org.springframework.ui.Model)
06:33:41.113 [main] DEBUG o.s.s.a.p.PrePostAnnotationSecurityMetadataSource - @org.springframework.security.access.prepost.PreAuthorize(value=hasRole('ROLE_PATIENT')) found on specific method: public java.lang.String edu.ncsu.csc.itrust2.controllers.patient.AppointmentController.viewAppointmentRequests(org.springframework.ui.Model)
06:33:41.114 [main] DEBUG o.s.s.a.m.DelegatingMethodSecurityMetadataSource - Caching method [CacheKey[edu.ncsu.csc.itrust2.controllers.patient.AppointmentController; public java.lang.String edu.ncsu.csc.itrust2.controllers.patient.AppointmentController.viewAppointmentRequests(org.springframework.ui.Model)]] with attributes [[authorize: 'hasRole('ROLE_PATIENT')', filter: 'null', filterTarget: 'null']]
06:33:41.114 [main] DEBUG o.s.aop.framework.CglibAopProxy - Unable to apply any optimisations to advised method: public java.lang.String edu.ncsu.csc.itrust2.controllers.patient.AppointmentController.viewAppointmentRequests(org.springframework.ui.Model)
06:33:41.114 [main] DEBUG o.s.s.a.p.PrePostAnnotationSecurityMetadataSource - @org.springframework.security.access.prepost.PreAuthorize(value=hasRole('ROLE_PATIENT')) found on specific method: public java.lang.String edu.ncsu.csc.itrust2.controllers.patient.AppointmentController.viewRequestsSubmit(edu.ncsu.csc.itrust2.forms.patient.AppointmentForm)
06:33:41.114 [main] DEBUG o.s.s.a.m.DelegatingMethodSecurityMetadataSource - Caching method [CacheKey[edu.ncsu.csc.itrust2.controllers.patient.AppointmentController; public java.lang.String edu.ncsu.csc.itrust2.controllers.patient.AppointmentController.viewRequestsSubmit(edu.ncsu.csc.itrust2.forms.patient.AppointmentForm)]] with attributes [[authorize: 'hasRole('ROLE_PATIENT')', filter: 'null', filterTarget: 'null']]
06:33:41.114 [main] DEBUG o.s.aop.framework.CglibAopProxy - Unable to apply any optimisations to advised method: public java.lang.String edu.ncsu.csc.itrust2.controllers.patient.AppointmentController.viewRequestsSubmit(edu.ncsu.csc.itrust2.forms.patient.AppointmentForm)
06:33:41.114 [main] DEBUG o.s.aop.framework.CglibAopProxy - Found 'equals' method: public boolean java.lang.Object.equals(java.lang.Object)
06:33:41.114 [main] DEBUG o.s.aop.framework.CglibAopProxy - Unable to apply any optimisations to advised method: public java.lang.String java.lang.Object.toString()
06:33:41.114 [main] DEBUG o.s.aop.framework.CglibAopProxy - Found 'hashCode' method: public native int java.lang.Object.hashCode()
06:33:41.114 [main] DEBUG o.s.aop.framework.CglibAopProxy - Unable to apply any optimisations to advised method: protected native java.lang.Object java.lang.Object.clone() throws java.lang.CloneNotSupportedException
06:33:41.114 [main] DEBUG o.s.aop.framework.CglibAopProxy - Method is declared on Advised interface: public abstract void org.springframework.aop.framework.Advised.addAdvice(int,org.aopalliance.aop.Advice) throws org.springframework.aop.framework.AopConfigException
06:33:41.114 [main] DEBUG o.s.aop.framework.CglibAopProxy - Method is declared on Advised interface: public abstract void org.springframework.aop.framework.Advised.addAdvice(org.aopalliance.aop.Advice) throws org.springframework.aop.framework.AopConfigException
06:33:41.114 [main] DEBUG o.s.aop.framework.CglibAopProxy - Method is declared on Advised interface: public abstract boolean org.springframework.aop.framework.Advised.isPreFiltered()
06:33:41.114 [main] DEBUG o.s.aop.framework.CglibAopProxy - Method is declared on Advised interface: public abstract java.lang.Class[] org.springframework.aop.framework.Advised.getProxiedInterfaces()
06:33:41.114 [main] DEBUG o.s.aop.framework.CglibAopProxy - Method is declared on Advised interface: public abstract boolean org.springframework.aop.framework.Advised.isInterfaceProxied(java.lang.Class)
06:33:41.114 [main] DEBUG o.s.aop.framework.CglibAopProxy - Method is declared on Advised interface: public abstract org.springframework.aop.Advisor[] org.springframework.aop.framework.Advised.getAdvisors()
06:33:41.114 [main] DEBUG o.s.aop.framework.CglibAopProxy - Method is declared on Advised interface: public abstract void org.springframework.aop.framework.Advised.removeAdvisor(int) throws org.springframework.aop.framework.AopConfigException
06:33:41.114 [main] DEBUG o.s.aop.framework.CglibAopProxy - Method is declared on Advised interface: public abstract boolean org.springframework.aop.framework.Advised.removeAdvisor(org.springframework.aop.Advisor)
06:33:41.114 [main] DEBUG o.s.aop.framework.CglibAopProxy - Method is declared on Advised interface: public abstract boolean org.springframework.aop.framework.Advised.replaceAdvisor(org.springframework.aop.Advisor,org.springframework.aop.Advisor) throws org.springframework.aop.framework.AopConfigException
06:33:41.114 [main] DEBUG o.s.aop.framework.CglibAopProxy - Method is declared on Advised interface: public abstract void org.springframework.aop.framework.Advised.setTargetSource(org.springframework.aop.TargetSource)
06:33:41.114 [main] DEBUG o.s.aop.framework.CglibAopProxy - Method is declared on Advised interface: public abstract boolean org.springframework.aop.framework.Advised.removeAdvice(org.aopalliance.aop.Advice)
06:33:41.114 [main] DEBUG o.s.aop.framework.CglibAopProxy - Method is declared on Advised interface: public abstract java.lang.String org.springframework.aop.framework.Advised.toProxyConfigString()
06:33:41.114 [main] DEBUG o.s.aop.framework.CglibAopProxy - Method is declared on Advised interface: public abstract org.springframework.aop.TargetSource org.springframework.aop.framework.Advised.getTargetSource()
06:33:41.114 [main] DEBUG o.s.aop.framework.CglibAopProxy - Method is declared on Advised interface: public abstract boolean org.springframework.aop.framework.Advised.isProxyTargetClass()
06:33:41.114 [main] DEBUG o.s.aop.framework.CglibAopProxy - Method is declared on Advised interface: public abstract void org.springframework.aop.framework.Advised.addAdvisor(org.springframework.aop.Advisor) throws org.springframework.aop.framework.AopConfigException
06:33:41.114 [main] DEBUG o.s.aop.framework.CglibAopProxy - Method is declared on Advised interface: public abstract void org.springframework.aop.framework.Advised.addAdvisor(int,org.springframework.aop.Advisor) throws org.springframework.aop.framework.AopConfigException
06:33:41.114 [main] DEBUG o.s.aop.framework.CglibAopProxy - Method is declared on Advised interface: public abstract void org.springframework.aop.framework.Advised.setPreFiltered(boolean)
06:33:41.114 [main] DEBUG o.s.aop.framework.CglibAopProxy - Method is declared on Advised interface: public abstract void org.springframework.aop.framework.Advised.setExposeProxy(boolean)
06:33:41.114 [main] DEBUG o.s.aop.framework.CglibAopProxy - Method is declared on Advised interface: public abstract boolean org.springframework.aop.framework.Advised.isExposeProxy()
06:33:41.114 [main] DEBUG o.s.aop.framework.CglibAopProxy - Method is declared on Advised interface: public abstract int org.springframework.aop.framework.Advised.indexOf(org.springframework.aop.Advisor)
06:33:41.114 [main] DEBUG o.s.aop.framework.CglibAopProxy - Method is declared on Advised interface: public abstract int org.springframework.aop.framework.Advised.indexOf(org.aopalliance.aop.Advice)
06:33:41.114 [main] DEBUG o.s.aop.framework.CglibAopProxy - Method is declared on Advised interface: public abstract boolean org.springframework.aop.framework.Advised.isFrozen()
06:33:41.115 [main] DEBUG o.s.aop.framework.CglibAopProxy - Method is declared on Advised interface: public abstract java.lang.Class org.springframework.aop.TargetClassAware.getTargetClass()
06:33:41.124 [main] DEBUG o.s.b.f.s.DefaultListableBeanFactory - Finished creating instance of bean 'appointmentController'
06:33:41.124 [main] DEBUG o.s.b.f.s.DefaultListableBeanFactory - Creating shared instance of singleton bean 'diagnosesController'
06:33:41.124 [main] DEBUG o.s.b.f.s.DefaultListableBeanFactory - Creating instance of bean 'diagnosesController'
06:33:41.124 [main] DEBUG o.s.b.f.s.DefaultListableBeanFactory - Eagerly caching bean 'diagnosesController' to allow for resolving potential circular references
06:33:41.125 [main] DEBUG o.s.b.f.s.DefaultListableBeanFactory - Returning cached instance of singleton bean 'metaDataSourceAdvisor'
06:33:41.125 [main] DEBUG o.s.s.a.p.PrePostAnnotationSecurityMetadataSource - @org.springframework.security.access.prepost.PreAuthorize(value=hasRole('ROLE_PATIENT')) found on specific method: public java.lang.String edu.ncsu.csc.itrust2.controllers.patient.DiagnosesController.viewDiagnoses(org.springframework.ui.Model)
06:33:41.125 [main] DEBUG o.s.s.a.m.DelegatingMethodSecurityMetadataSource - Caching method [CacheKey[edu.ncsu.csc.itrust2.controllers.patient.DiagnosesController; public java.lang.String edu.ncsu.csc.itrust2.controllers.patient.DiagnosesController.viewDiagnoses(org.springframework.ui.Model)]] with attributes [[authorize: 'hasRole('ROLE_PATIENT')', filter: 'null', filterTarget: 'null']]
06:33:41.125 [main] DEBUG o.s.a.f.a.InfrastructureAdvisorAutoProxyCreator - Creating implicit proxy for bean 'diagnosesController' with 0 common interceptors and 1 specific interceptors
06:33:41.125 [main] DEBUG o.s.aop.framework.CglibAopProxy - Creating CGLIB proxy: target source is SingletonTargetSource for target object [edu.ncsu.csc.itrust2.controllers.patient.DiagnosesController@6379918]
06:33:41.126 [main] DEBUG o.s.aop.framework.CglibAopProxy - Unable to apply any optimisations to advised method: public java.lang.String edu.ncsu.csc.itrust2.controllers.patient.DiagnosesController.viewDiagnoses(org.springframework.ui.Model)
06:33:41.126 [main] DEBUG o.s.aop.framework.CglibAopProxy - Found 'equals' method: public boolean java.lang.Object.equals(java.lang.Object)
06:33:41.126 [main] DEBUG o.s.aop.framework.CglibAopProxy - Unable to apply any optimisations to advised method: public java.lang.String java.lang.Object.toString()
06:33:41.126 [main] DEBUG o.s.aop.framework.CglibAopProxy - Found 'hashCode' method: public native int java.lang.Object.hashCode()
06:33:41.126 [main] DEBUG o.s.aop.framework.CglibAopProxy - Unable to apply any optimisations to advised method: protected native java.lang.Object java.lang.Object.clone() throws java.lang.CloneNotSupportedException
06:33:41.126 [main] DEBUG o.s.aop.framework.CglibAopProxy - Method is declared on Advised interface: public abstract void org.springframework.aop.framework.Advised.addAdvice(int,org.aopalliance.aop.Advice) throws org.springframework.aop.framework.AopConfigException
06:33:41.126 [main] DEBUG o.s.aop.framework.CglibAopProxy - Method is declared on Advised interface: public abstract void org.springframework.aop.framework.Advised.addAdvice(org.aopalliance.aop.Advice) throws org.springframework.aop.framework.AopConfigException
06:33:41.126 [main] DEBUG o.s.aop.framework.CglibAopProxy - Method is declared on Advised interface: public abstract boolean org.springframework.aop.framework.Advised.isPreFiltered()
06:33:41.126 [main] DEBUG o.s.aop.framework.CglibAopProxy - Method is declared on Advised interface: public abstract java.lang.Class[] org.springframework.aop.framework.Advised.getProxiedInterfaces()
06:33:41.126 [main] DEBUG o.s.aop.framework.CglibAopProxy - Method is declared on Advised interface: public abstract boolean org.springframework.aop.framework.Advised.isInterfaceProxied(java.lang.Class)
06:33:41.126 [main] DEBUG o.s.aop.framework.CglibAopProxy - Method is declared on Advised interface: public abstract org.springframework.aop.Advisor[] org.springframework.aop.framework.Advised.getAdvisors()
06:33:41.126 [main] DEBUG o.s.aop.framework.CglibAopProxy - Method is declared on Advised interface: public abstract void org.springframework.aop.framework.Advised.removeAdvisor(int) throws org.springframework.aop.framework.AopConfigException
06:33:41.126 [main] DEBUG o.s.aop.framework.CglibAopProxy - Method is declared on Advised interface: public abstract boolean org.springframework.aop.framework.Advised.removeAdvisor(org.springframework.aop.Advisor)
06:33:41.126 [main] DEBUG o.s.aop.framework.CglibAopProxy - Method is declared on Advised interface: public abstract boolean org.springframework.aop.framework.Advised.replaceAdvisor(org.springframework.aop.Advisor,org.springframework.aop.Advisor) throws org.springframework.aop.framework.AopConfigException
06:33:41.126 [main] DEBUG o.s.aop.framework.CglibAopProxy - Method is declared on Advised interface: public abstract void org.springframework.aop.framework.Advised.setTargetSource(org.springframework.aop.TargetSource)
06:33:41.126 [main] DEBUG o.s.aop.framework.CglibAopProxy - Method is declared on Advised interface: public abstract boolean org.springframework.aop.framework.Advised.removeAdvice(org.aopalliance.aop.Advice)
06:33:41.126 [main] DEBUG o.s.aop.framework.CglibAopProxy - Method is declared on Advised interface: public abstract java.lang.String org.springframework.aop.framework.Advised.toProxyConfigString()
06:33:41.126 [main] DEBUG o.s.aop.framework.CglibAopProxy - Method is declared on Advised interface: public abstract org.springframework.aop.TargetSource org.springframework.aop.framework.Advised.getTargetSource()
06:33:41.126 [main] DEBUG o.s.aop.framework.CglibAopProxy - Method is declared on Advised interface: public abstract boolean org.springframework.aop.framework.Advised.isProxyTargetClass()
06:33:41.126 [main] DEBUG o.s.aop.framework.CglibAopProxy - Method is declared on Advised interface: public abstract void org.springframework.aop.framework.Advised.addAdvisor(org.springframework.aop.Advisor) throws org.springframework.aop.framework.AopConfigException
06:33:41.126 [main] DEBUG o.s.aop.framework.CglibAopProxy - Method is declared on Advised interface: public abstract void org.springframework.aop.framework.Advised.addAdvisor(int,org.springframework.aop.Advisor) throws org.springframework.aop.framework.AopConfigException
06:33:41.126 [main] DEBUG o.s.aop.framework.CglibAopProxy - Method is declared on Advised interface: public abstract void org.springframework.aop.framework.Advised.setPreFiltered(boolean)
06:33:41.126 [main] DEBUG o.s.aop.framework.CglibAopProxy - Method is declared on Advised interface: public abstract void org.springframework.aop.framework.Advised.setExposeProxy(boolean)
06:33:41.126 [main] DEBUG o.s.aop.framework.CglibAopProxy - Method is declared on Advised interface: public abstract boolean org.springframework.aop.framework.Advised.isExposeProxy()
06:33:41.126 [main] DEBUG o.s.aop.framework.CglibAopProxy - Method is declared on Advised interface: public abstract int org.springframework.aop.framework.Advised.indexOf(org.springframework.aop.Advisor)
06:33:41.126 [main] DEBUG o.s.aop.framework.CglibAopProxy - Method is declared on Advised interface: public abstract int org.springframework.aop.framework.Advised.indexOf(org.aopalliance.aop.Advice)
06:33:41.126 [main] DEBUG o.s.aop.framework.CglibAopProxy - Method is declared on Advised interface: public abstract boolean org.springframework.aop.framework.Advised.isFrozen()
06:33:41.126 [main] DEBUG o.s.aop.framework.CglibAopProxy - Method is declared on Advised interface: public abstract java.lang.Class org.springframework.aop.TargetClassAware.getTargetClass()
06:33:41.134 [main] DEBUG o.s.b.f.s.DefaultListableBeanFactory - Finished creating instance of bean 'diagnosesController'
06:33:41.134 [main] DEBUG o.s.b.f.s.DefaultListableBeanFactory - Creating shared instance of singleton bean 'patientController'
06:33:41.134 [main] DEBUG o.s.b.f.s.DefaultListableBeanFactory - Creating instance of bean 'patientController'
06:33:41.135 [main] DEBUG o.s.b.f.s.DefaultListableBeanFactory - Eagerly caching bean 'patientController' to allow for resolving potential circular references
06:33:41.135 [main] DEBUG o.s.b.f.s.DefaultListableBeanFactory - Returning cached instance of singleton bean 'metaDataSourceAdvisor'
06:33:41.135 [main] DEBUG o.s.s.a.p.PrePostAnnotationSecurityMetadataSource - @org.springframework.security.access.prepost.PreAuthorize(value=hasRole('ROLE_PATIENT')) found on specific method: public java.lang.String edu.ncsu.csc.itrust2.controllers.patient.PatientController.viewOfficeVisits(org.springframework.ui.Model)
06:33:41.135 [main] DEBUG o.s.s.a.m.DelegatingMethodSecurityMetadataSource - Caching method [CacheKey[edu.ncsu.csc.itrust2.controllers.patient.PatientController; public java.lang.String edu.ncsu.csc.itrust2.controllers.patient.PatientController.viewOfficeVisits(org.springframework.ui.Model)]] with attributes [[authorize: 'hasRole('ROLE_PATIENT')', filter: 'null', filterTarget: 'null']]
06:33:41.135 [main] DEBUG o.s.a.f.a.InfrastructureAdvisorAutoProxyCreator - Creating implicit proxy for bean 'patientController' with 0 common interceptors and 1 specific interceptors
06:33:41.135 [main] DEBUG o.s.aop.framework.CglibAopProxy - Creating CGLIB proxy: target source is SingletonTargetSource for target object [edu.ncsu.csc.itrust2.controllers.patient.PatientController@34877d92]
06:33:41.136 [main] DEBUG o.s.aop.framework.CglibAopProxy - Unable to apply any optimisations to advised method: public java.lang.String edu.ncsu.csc.itrust2.controllers.patient.PatientController.viewOfficeVisits(org.springframework.ui.Model)
06:33:41.136 [main] DEBUG o.s.s.a.p.PrePostAnnotationSecurityMetadataSource - @org.springframework.security.access.prepost.PreAuthorize(value=hasRole('ROLE_PATIENT')) found on specific method: public java.lang.String edu.ncsu.csc.itrust2.controllers.patient.PatientController.viewPrescriptions(org.springframework.ui.Model)
06:33:41.136 [main] DEBUG o.s.s.a.m.DelegatingMethodSecurityMetadataSource - Caching method [CacheKey[edu.ncsu.csc.itrust2.controllers.patient.PatientController; public java.lang.String edu.ncsu.csc.itrust2.controllers.patient.PatientController.viewPrescriptions(org.springframework.ui.Model)]] with attributes [[authorize: 'hasRole('ROLE_PATIENT')', filter: 'null', filterTarget: 'null']]
06:33:41.136 [main] DEBUG o.s.aop.framework.CglibAopProxy - Unable to apply any optimisations to advised method: public java.lang.String edu.ncsu.csc.itrust2.controllers.patient.PatientController.viewPrescriptions(org.springframework.ui.Model)
06:33:41.136 [main] DEBUG o.s.s.a.p.PrePostAnnotationSecurityMetadataSource - @org.springframework.security.access.prepost.PreAuthorize(value=hasRole('ROLE_PATIENT')) found on specific method: public java.lang.String edu.ncsu.csc.itrust2.controllers.patient.PatientController.viewDemographics(org.springframework.ui.Model)
06:33:41.136 [main] DEBUG o.s.s.a.m.DelegatingMethodSecurityMetadataSource - Caching method [CacheKey[edu.ncsu.csc.itrust2.controllers.patient.PatientController; public java.lang.String edu.ncsu.csc.itrust2.controllers.patient.PatientController.viewDemographics(org.springframework.ui.Model)]] with attributes [[authorize: 'hasRole('ROLE_PATIENT')', filter: 'null', filterTarget: 'null']]
06:33:41.136 [main] DEBUG o.s.aop.framework.CglibAopProxy - Unable to apply any optimisations to advised method: public java.lang.String edu.ncsu.csc.itrust2.controllers.patient.PatientController.viewDemographics(org.springframework.ui.Model)
06:33:41.136 [main] DEBUG o.s.s.a.p.PrePostAnnotationSecurityMetadataSource - @org.springframework.security.access.prepost.PreAuthorize(value=hasRole('ROLE_PATIENT')) found on specific method: public java.lang.String edu.ncsu.csc.itrust2.controllers.patient.PatientController.demographicsSubmit(edu.ncsu.csc.itrust2.forms.hcp_patient.PatientForm,org.springframework.validation.BindingResult,org.springframework.ui.Model)
06:33:41.136 [main] DEBUG o.s.s.a.m.DelegatingMethodSecurityMetadataSource - Caching method [CacheKey[edu.ncsu.csc.itrust2.controllers.patient.PatientController; public java.lang.String edu.ncsu.csc.itrust2.controllers.patient.PatientController.demographicsSubmit(edu.ncsu.csc.itrust2.forms.hcp_patient.PatientForm,org.springframework.validation.BindingResult,org.springframework.ui.Model)]] with attributes [[authorize: 'hasRole('ROLE_PATIENT')', filter: 'null', filterTarget: 'null']]
06:33:41.136 [main] DEBUG o.s.aop.framework.CglibAopProxy - Unable to apply any optimisations to advised method: public java.lang.String edu.ncsu.csc.itrust2.controllers.patient.PatientController.demographicsSubmit(edu.ncsu.csc.itrust2.forms.hcp_patient.PatientForm,org.springframework.validation.BindingResult,org.springframework.ui.Model)
06:33:41.136 [main] DEBUG o.s.s.a.p.PrePostAnnotationSecurityMetadataSource - @org.springframework.security.access.prepost.PreAuthorize(value=hasRole('ROLE_PATIENT')) found on specific method: public java.lang.String edu.ncsu.csc.itrust2.controllers.patient.PatientController.index(org.springframework.ui.Model)
06:33:41.137 [main] DEBUG o.s.s.a.m.DelegatingMethodSecurityMetadataSource - Caching method [CacheKey[edu.ncsu.csc.itrust2.controllers.patient.PatientController; public java.lang.String edu.ncsu.csc.itrust2.controllers.patient.PatientController.index(org.springframework.ui.Model)]] with attributes [[authorize: 'hasRole('ROLE_PATIENT')', filter: 'null', filterTarget: 'null']]
06:33:41.137 [main] DEBUG o.s.aop.framework.CglibAopProxy - Unable to apply any optimisations to advised method: public java.lang.String edu.ncsu.csc.itrust2.controllers.patient.PatientController.index(org.springframework.ui.Model)
06:33:41.137 [main] DEBUG o.s.aop.framework.CglibAopProxy - Found 'equals' method: public boolean java.lang.Object.equals(java.lang.Object)
06:33:41.137 [main] DEBUG o.s.aop.framework.CglibAopProxy - Unable to apply any optimisations to advised method: public java.lang.String java.lang.Object.toString()
06:33:41.137 [main] DEBUG o.s.aop.framework.CglibAopProxy - Found 'hashCode' method: public native int java.lang.Object.hashCode()
06:33:41.137 [main] DEBUG o.s.aop.framework.CglibAopProxy - Unable to apply any optimisations to advised method: protected native java.lang.Object java.lang.Object.clone() throws java.lang.CloneNotSupportedException
06:33:41.137 [main] DEBUG o.s.aop.framework.CglibAopProxy - Method is declared on Advised interface: public abstract void org.springframework.aop.framework.Advised.addAdvice(int,org.aopalliance.aop.Advice) throws org.springframework.aop.framework.AopConfigException
06:33:41.137 [main] DEBUG o.s.aop.framework.CglibAopProxy - Method is declared on Advised interface: public abstract void org.springframework.aop.framework.Advised.addAdvice(org.aopalliance.aop.Advice) throws org.springframework.aop.framework.AopConfigException
06:33:41.137 [main] DEBUG o.s.aop.framework.CglibAopProxy - Method is declared on Advised interface: public abstract boolean org.springframework.aop.framework.Advised.isPreFiltered()
06:33:41.137 [main] DEBUG o.s.aop.framework.CglibAopProxy - Method is declared on Advised interface: public abstract java.lang.Class[] org.springframework.aop.framework.Advised.getProxiedInterfaces()
06:33:41.137 [main] DEBUG o.s.aop.framework.CglibAopProxy - Method is declared on Advised interface: public abstract boolean org.springframework.aop.framework.Advised.isInterfaceProxied(java.lang.Class)
06:33:41.137 [main] DEBUG o.s.aop.framework.CglibAopProxy - Method is declared on Advised interface: public abstract org.springframework.aop.Advisor[] org.springframework.aop.framework.Advised.getAdvisors()
06:33:41.137 [main] DEBUG o.s.aop.framework.CglibAopProxy - Method is declared on Advised interface: public abstract void org.springframework.aop.framework.Advised.removeAdvisor(int) throws org.springframework.aop.framework.AopConfigException
06:33:41.137 [main] DEBUG o.s.aop.framework.CglibAopProxy - Method is declared on Advised interface: public abstract boolean org.springframework.aop.framework.Advised.removeAdvisor(org.springframework.aop.Advisor)
06:33:41.137 [main] DEBUG o.s.aop.framework.CglibAopProxy - Method is declared on Advised interface: public abstract boolean org.springframework.aop.framework.Advised.replaceAdvisor(org.springframework.aop.Advisor,org.springframework.aop.Advisor) throws org.springframework.aop.framework.AopConfigException
06:33:41.137 [main] DEBUG o.s.aop.framework.CglibAopProxy - Method is declared on Advised interface: public abstract void org.springframework.aop.framework.Advised.setTargetSource(org.springframework.aop.TargetSource)
06:33:41.137 [main] DEBUG o.s.aop.framework.CglibAopProxy - Method is declared on Advised interface: public abstract boolean org.springframework.aop.framework.Advised.removeAdvice(org.aopalliance.aop.Advice)
06:33:41.137 [main] DEBUG o.s.aop.framework.CglibAopProxy - Method is declared on Advised interface: public abstract java.lang.String org.springframework.aop.framework.Advised.toProxyConfigString()
06:33:41.137 [main] DEBUG o.s.aop.framework.CglibAopProxy - Method is declared on Advised interface: public abstract org.springframework.aop.TargetSource org.springframework.aop.framework.Advised.getTargetSource()
06:33:41.137 [main] DEBUG o.s.aop.framework.CglibAopProxy - Method is declared on Advised interface: public abstract boolean org.springframework.aop.framework.Advised.isProxyTargetClass()
06:33:41.137 [main] DEBUG o.s.aop.framework.CglibAopProxy - Method is declared on Advised interface: public abstract void org.springframework.aop.framework.Advised.addAdvisor(org.springframework.aop.Advisor) throws org.springframework.aop.framework.AopConfigException
06:33:41.137 [main] DEBUG o.s.aop.framework.CglibAopProxy - Method is declared on Advised interface: public abstract void org.springframework.aop.framework.Advised.addAdvisor(int,org.springframework.aop.Advisor) throws org.springframework.aop.framework.AopConfigException
06:33:41.137 [main] DEBUG o.s.aop.framework.CglibAopProxy - Method is declared on Advised interface: public abstract void org.springframework.aop.framework.Advised.setPreFiltered(boolean)
06:33:41.137 [main] DEBUG o.s.aop.framework.CglibAopProxy - Method is declared on Advised interface: public abstract void org.springframework.aop.framework.Advised.setExposeProxy(boolean)
06:33:41.137 [main] DEBUG o.s.aop.framework.CglibAopProxy - Method is declared on Advised interface: public abstract boolean org.springframework.aop.framework.Advised.isExposeProxy()
06:33:41.137 [main] DEBUG o.s.aop.framework.CglibAopProxy - Method is declared on Advised interface: public abstract int org.springframework.aop.framework.Advised.indexOf(org.springframework.aop.Advisor)
06:33:41.137 [main] DEBUG o.s.aop.framework.CglibAopProxy - Method is declared on Advised interface: public abstract int org.springframework.aop.framework.Advised.indexOf(org.aopalliance.aop.Advice)
06:33:41.137 [main] DEBUG o.s.aop.framework.CglibAopProxy - Method is declared on Advised interface: public abstract boolean org.springframework.aop.framework.Advised.isFrozen()
06:33:41.137 [main] DEBUG o.s.aop.framework.CglibAopProxy - Method is declared on Advised interface: public abstract java.lang.Class org.springframework.aop.TargetClassAware.getTargetClass()
06:33:41.144 [main] DEBUG o.s.b.f.s.DefaultListableBeanFactory - Finished creating instance of bean 'patientController'
06:33:41.144 [main] DEBUG o.s.b.f.s.DefaultListableBeanFactory - Creating shared instance of singleton bean 'passwordController'
06:33:41.144 [main] DEBUG o.s.b.f.s.DefaultListableBeanFactory - Creating instance of bean 'passwordController'
06:33:41.144 [main] DEBUG o.s.b.f.s.DefaultListableBeanFactory - Eagerly caching bean 'passwordController' to allow for resolving potential circular references
06:33:41.145 [main] DEBUG o.s.b.f.s.DefaultListableBeanFactory - Returning cached instance of singleton bean 'metaDataSourceAdvisor'
06:33:41.145 [main] DEBUG o.s.b.f.s.DefaultListableBeanFactory - Finished creating instance of bean 'passwordController'
06:33:41.145 [main] DEBUG o.s.b.f.s.DefaultListableBeanFactory - Creating shared instance of singleton bean 'userController'
06:33:41.145 [main] DEBUG o.s.b.f.s.DefaultListableBeanFactory - Creating instance of bean 'userController'
06:33:41.145 [main] DEBUG o.s.b.f.s.DefaultListableBeanFactory - Eagerly caching bean 'userController' to allow for resolving potential circular references
06:33:41.145 [main] DEBUG o.s.b.f.s.DefaultListableBeanFactory - Returning cached instance of singleton bean 'metaDataSourceAdvisor'
06:33:41.145 [main] DEBUG o.s.s.a.p.PrePostAnnotationSecurityMetadataSource - @org.springframework.security.access.prepost.PreAuthorize(value=hasRole('ROLE_HCP') or hasRole('ROLE_ADMIN')) found on specific method: public java.lang.String edu.ncsu.csc.itrust2.controllers.personnel.UserController.viewDemographics(org.springframework.ui.Model)
06:33:41.145 [main] DEBUG o.s.s.a.m.DelegatingMethodSecurityMetadataSource - Caching method [CacheKey[edu.ncsu.csc.itrust2.controllers.personnel.UserController; public java.lang.String edu.ncsu.csc.itrust2.controllers.personnel.UserController.viewDemographics(org.springframework.ui.Model)]] with attributes [[authorize: 'hasRole('ROLE_HCP') or hasRole('ROLE_ADMIN')', filter: 'null', filterTarget: 'null']]
06:33:41.145 [main] DEBUG o.s.a.f.a.InfrastructureAdvisorAutoProxyCreator - Creating implicit proxy for bean 'userController' with 0 common interceptors and 1 specific interceptors
06:33:41.145 [main] DEBUG o.s.aop.framework.CglibAopProxy - Creating CGLIB proxy: target source is SingletonTargetSource for target object [edu.ncsu.csc.itrust2.controllers.personnel.UserController@12565f8e]
06:33:41.146 [main] DEBUG o.s.aop.framework.CglibAopProxy - Unable to apply any optimisations to advised method: public java.lang.String edu.ncsu.csc.itrust2.controllers.personnel.UserController.viewDemographics(org.springframework.ui.Model)
06:33:41.146 [main] DEBUG o.s.s.a.p.PrePostAnnotationSecurityMetadataSource - @org.springframework.security.access.prepost.PreAuthorize(value=hasRole('ROLE_HCP') or hasRole('ROLE_ADMIN')) found on specific method: public java.lang.String edu.ncsu.csc.itrust2.controllers.personnel.UserController.demographicsSubmit(edu.ncsu.csc.itrust2.forms.personnel.PersonnelForm,org.springframework.validation.BindingResult,org.springframework.ui.Model)
06:33:41.146 [main] DEBUG o.s.s.a.m.DelegatingMethodSecurityMetadataSource - Caching method [CacheKey[edu.ncsu.csc.itrust2.controllers.personnel.UserController; public java.lang.String edu.ncsu.csc.itrust2.controllers.personnel.UserController.demographicsSubmit(edu.ncsu.csc.itrust2.forms.personnel.PersonnelForm,org.springframework.validation.BindingResult,org.springframework.ui.Model)]] with attributes [[authorize: 'hasRole('ROLE_HCP') or hasRole('ROLE_ADMIN')', filter: 'null', filterTarget: 'null']]
06:33:41.146 [main] DEBUG o.s.aop.framework.CglibAopProxy - Unable to apply any optimisations to advised method: public java.lang.String edu.ncsu.csc.itrust2.controllers.personnel.UserController.demographicsSubmit(edu.ncsu.csc.itrust2.forms.personnel.PersonnelForm,org.springframework.validation.BindingResult,org.springframework.ui.Model)
06:33:41.146 [main] DEBUG o.s.aop.framework.CglibAopProxy - Found 'equals' method: public boolean java.lang.Object.equals(java.lang.Object)
06:33:41.163 [main] DEBUG o.s.aop.framework.CglibAopProxy - Unable to apply any optimisations to advised method: public java.lang.String java.lang.Object.toString()
06:33:41.165 [main] DEBUG o.s.aop.framework.CglibAopProxy - Found 'hashCode' method: public native int java.lang.Object.hashCode()
06:33:41.165 [main] DEBUG o.s.aop.framework.CglibAopProxy - Unable to apply any optimisations to advised method: protected native java.lang.Object java.lang.Object.clone() throws java.lang.CloneNotSupportedException
06:33:41.165 [main] DEBUG o.s.aop.framework.CglibAopProxy - Method is declared on Advised interface: public abstract void org.springframework.aop.framework.Advised.addAdvice(int,org.aopalliance.aop.Advice) throws org.springframework.aop.framework.AopConfigException
06:33:41.165 [main] DEBUG o.s.aop.framework.CglibAopProxy - Method is declared on Advised interface: public abstract void org.springframework.aop.framework.Advised.addAdvice(org.aopalliance.aop.Advice) throws org.springframework.aop.framework.AopConfigException
06:33:41.166 [main] DEBUG o.s.aop.framework.CglibAopProxy - Method is declared on Advised interface: public abstract boolean org.springframework.aop.framework.Advised.isPreFiltered()
06:33:41.166 [main] DEBUG o.s.aop.framework.CglibAopProxy - Method is declared on Advised interface: public abstract java.lang.Class[] org.springframework.aop.framework.Advised.getProxiedInterfaces()
06:33:41.166 [main] DEBUG o.s.aop.framework.CglibAopProxy - Method is declared on Advised interface: public abstract boolean org.springframework.aop.framework.Advised.isInterfaceProxied(java.lang.Class)
06:33:41.166 [main] DEBUG o.s.aop.framework.CglibAopProxy - Method is declared on Advised interface: public abstract org.springframework.aop.Advisor[] org.springframework.aop.framework.Advised.getAdvisors()
06:33:41.166 [main] DEBUG o.s.aop.framework.CglibAopProxy - Method is declared on Advised interface: public abstract void org.springframework.aop.framework.Advised.removeAdvisor(int) throws org.springframework.aop.framework.AopConfigException
06:33:41.166 [main] DEBUG o.s.aop.framework.CglibAopProxy - Method is declared on Advised interface: public abstract boolean org.springframework.aop.framework.Advised.removeAdvisor(org.springframework.aop.Advisor)
06:33:41.166 [main] DEBUG o.s.aop.framework.CglibAopProxy - Method is declared on Advised interface: public abstract boolean org.springframework.aop.framework.Advised.replaceAdvisor(org.springframework.aop.Advisor,org.springframework.aop.Advisor) throws org.springframework.aop.framework.AopConfigException
06:33:41.166 [main] DEBUG o.s.aop.framework.CglibAopProxy - Method is declared on Advised interface: public abstract void org.springframework.aop.framework.Advised.setTargetSource(org.springframework.aop.TargetSource)
06:33:41.166 [main] DEBUG o.s.aop.framework.CglibAopProxy - Method is declared on Advised interface: public abstract boolean org.springframework.aop.framework.Advised.removeAdvice(org.aopalliance.aop.Advice)
06:33:41.166 [main] DEBUG o.s.aop.framework.CglibAopProxy - Method is declared on Advised interface: public abstract java.lang.String org.springframework.aop.framework.Advised.toProxyConfigString()
06:33:41.166 [main] DEBUG o.s.aop.framework.CglibAopProxy - Method is declared on Advised interface: public abstract org.springframework.aop.TargetSource org.springframework.aop.framework.Advised.getTargetSource()
06:33:41.166 [main] DEBUG o.s.aop.framework.CglibAopProxy - Method is declared on Advised interface: public abstract boolean org.springframework.aop.framework.Advised.isProxyTargetClass()
06:33:41.166 [main] DEBUG o.s.aop.framework.CglibAopProxy - Method is declared on Advised interface: public abstract void org.springframework.aop.framework.Advised.addAdvisor(org.springframework.aop.Advisor) throws org.springframework.aop.framework.AopConfigException
06:33:41.166 [main] DEBUG o.s.aop.framework.CglibAopProxy - Method is declared on Advised interface: public abstract void org.springframework.aop.framework.Advised.addAdvisor(int,org.springframework.aop.Advisor) throws org.springframework.aop.framework.AopConfigException
06:33:41.166 [main] DEBUG o.s.aop.framework.CglibAopProxy - Method is declared on Advised interface: public abstract void org.springframework.aop.framework.Advised.setPreFiltered(boolean)
06:33:41.166 [main] DEBUG o.s.aop.framework.CglibAopProxy - Method is declared on Advised interface: public abstract void org.springframework.aop.framework.Advised.setExposeProxy(boolean)
06:33:41.166 [main] DEBUG o.s.aop.framework.CglibAopProxy - Method is declared on Advised interface: public abstract boolean org.springframework.aop.framework.Advised.isExposeProxy()
06:33:41.166 [main] DEBUG o.s.aop.framework.CglibAopProxy - Method is declared on Advised interface: public abstract int org.springframework.aop.framework.Advised.indexOf(org.springframework.aop.Advisor)
06:33:41.166 [main] DEBUG o.s.aop.framework.CglibAopProxy - Method is declared on Advised interface: public abstract int org.springframework.aop.framework.Advised.indexOf(org.aopalliance.aop.Advice)
06:33:41.166 [main] DEBUG o.s.aop.framework.CglibAopProxy - Method is declared on Advised interface: public abstract boolean org.springframework.aop.framework.Advised.isFrozen()
06:33:41.166 [main] DEBUG o.s.aop.framework.CglibAopProxy - Method is declared on Advised interface: public abstract java.lang.Class org.springframework.aop.TargetClassAware.getTargetClass()
06:33:41.172 [main] DEBUG o.s.b.f.s.DefaultListableBeanFactory - Finished creating instance of bean 'userController'
06:33:41.172 [main] DEBUG o.s.b.f.s.DefaultListableBeanFactory - Returning cached instance of singleton bean 'dataSource'
06:33:41.172 [main] DEBUG o.s.b.f.s.DefaultListableBeanFactory - Returning cached instance of singleton bean 'org.springframework.security.config.annotation.configuration.ObjectPostProcessorConfiguration'
06:33:41.172 [main] DEBUG o.s.b.f.s.DefaultListableBeanFactory - Returning cached instance of singleton bean 'objectPostProcessor'
06:33:41.172 [main] DEBUG o.s.b.f.s.DefaultListableBeanFactory - Returning cached instance of singleton bean 'org.springframework.security.config.annotation.authentication.configuration.AuthenticationConfiguration'
06:33:41.172 [main] DEBUG o.s.b.f.s.DefaultListableBeanFactory - Returning cached instance of singleton bean 'authenticationManagerBuilder'
06:33:41.172 [main] DEBUG o.s.b.f.s.DefaultListableBeanFactory - Returning cached instance of singleton bean 'enableGlobalAuthenticationAutowiredConfigurer'
06:33:41.172 [main] DEBUG o.s.b.f.s.DefaultListableBeanFactory - Returning cached instance of singleton bean 'initializeUserDetailsBeanManagerConfigurer'
06:33:41.172 [main] DEBUG o.s.b.f.s.DefaultListableBeanFactory - Returning cached instance of singleton bean 'initializeAuthenticationProviderBeanManagerConfigurer'
06:33:41.172 [main] DEBUG o.s.b.f.s.DefaultListableBeanFactory - Creating shared instance of singleton bean 'org.springframework.security.config.annotation.web.configuration.WebSecurityConfiguration'
06:33:41.172 [main] DEBUG o.s.b.f.s.DefaultListableBeanFactory - Creating instance of bean 'org.springframework.security.config.annotation.web.configuration.WebSecurityConfiguration'
06:33:41.177 [main] DEBUG o.s.b.f.annotation.InjectionMetadata - Registered injected element on class [org.springframework.security.config.annotation.web.configuration.WebSecurityConfiguration$$EnhancerBySpringCGLIB$$ad945905]: AutowiredFieldElement for private org.springframework.security.config.annotation.ObjectPostProcessor org.springframework.security.config.annotation.web.configuration.WebSecurityConfiguration.objectObjectPostProcessor
06:33:41.177 [main] DEBUG o.s.b.f.annotation.InjectionMetadata - Registered injected element on class [org.springframework.security.config.annotation.web.configuration.WebSecurityConfiguration$$EnhancerBySpringCGLIB$$ad945905]: AutowiredMethodElement for public void org.springframework.security.config.annotation.web.configuration.WebSecurityConfiguration.setFilterChainProxySecurityConfigurer(org.springframework.security.config.annotation.ObjectPostProcessor,java.util.List) throws java.lang.Exception
06:33:41.177 [main] DEBUG o.s.b.f.s.DefaultListableBeanFactory - Eagerly caching bean 'org.springframework.security.config.annotation.web.configuration.WebSecurityConfiguration' to allow for resolving potential circular references
06:33:41.178 [main] DEBUG o.s.b.f.annotation.InjectionMetadata - Processing injected element of bean 'org.springframework.security.config.annotation.web.configuration.WebSecurityConfiguration': AutowiredFieldElement for private org.springframework.security.config.annotation.ObjectPostProcessor org.springframework.security.config.annotation.web.configuration.WebSecurityConfiguration.objectObjectPostProcessor
06:33:41.178 [main] DEBUG o.s.b.f.s.DefaultListableBeanFactory - Returning cached instance of singleton bean 'objectPostProcessor'
06:33:41.178 [main] DEBUG o.s.b.f.a.AutowiredAnnotationBeanPostProcessor - Autowiring by type from bean name 'org.springframework.security.config.annotation.web.configuration.WebSecurityConfiguration' to bean named 'objectPostProcessor'
06:33:41.178 [main] DEBUG o.s.b.f.annotation.InjectionMetadata - Processing injected element of bean 'org.springframework.security.config.annotation.web.configuration.WebSecurityConfiguration': AutowiredMethodElement for public void org.springframework.security.config.annotation.web.configuration.WebSecurityConfiguration.setFilterChainProxySecurityConfigurer(org.springframework.security.config.annotation.ObjectPostProcessor,java.util.List) throws java.lang.Exception
06:33:41.179 [main] DEBUG o.s.b.f.s.DefaultListableBeanFactory - Returning cached instance of singleton bean 'objectPostProcessor'
06:33:41.179 [main] DEBUG o.s.b.f.s.DefaultListableBeanFactory - Creating shared instance of singleton bean 'autowiredWebSecurityConfigurersIgnoreParents'
06:33:41.179 [main] DEBUG o.s.b.f.s.DefaultListableBeanFactory - Creating instance of bean 'autowiredWebSecurityConfigurersIgnoreParents'
06:33:41.179 [main] DEBUG o.s.b.f.s.DefaultListableBeanFactory - Returning cached instance of singleton bean 'metaDataSourceAdvisor'
06:33:41.181 [main] DEBUG o.s.b.f.s.DefaultListableBeanFactory - Returning eagerly cached instance of singleton bean 'org.springframework.security.config.annotation.web.configuration.WebSecurityConfiguration' that is not fully initialized yet - a consequence of a circular reference
06:33:41.182 [main] DEBUG o.s.b.f.s.DefaultListableBeanFactory - Autowiring by type from bean name 'autowiredWebSecurityConfigurersIgnoreParents' via factory method to bean named 'org.springframework.beans.factory.support.DefaultListableBeanFactory@3a02dd8c'
06:33:41.183 [main] DEBUG o.s.b.f.s.DefaultListableBeanFactory - Eagerly caching bean 'autowiredWebSecurityConfigurersIgnoreParents' to allow for resolving potential circular references
06:33:41.183 [main] DEBUG o.s.b.f.s.DefaultListableBeanFactory - Returning cached instance of singleton bean 'metaDataSourceAdvisor'
06:33:41.183 [main] DEBUG o.s.b.f.s.DefaultListableBeanFactory - Finished creating instance of bean 'autowiredWebSecurityConfigurersIgnoreParents'
06:33:41.184 [main] DEBUG o.s.b.f.s.DefaultListableBeanFactory - Returning cached instance of singleton bean 'securityConfig'
06:33:41.184 [main] DEBUG o.s.b.f.a.AutowiredAnnotationBeanPostProcessor - Autowiring by type from bean name 'org.springframework.security.config.annotation.web.configuration.WebSecurityConfiguration' to bean named 'objectPostProcessor'
06:33:41.184 [main] DEBUG o.s.b.f.s.DefaultListableBeanFactory - Returning cached instance of singleton bean 'metaDataSourceAdvisor'
06:33:41.191 [main] DEBUG o.s.b.f.s.DefaultListableBeanFactory - Returning cached instance of singleton bean 'org.springframework.context.annotation.ConfigurationClassPostProcessor.importRegistry'
06:33:41.191 [main] DEBUG o.s.b.f.s.DefaultListableBeanFactory - Finished creating instance of bean 'org.springframework.security.config.annotation.web.configuration.WebSecurityConfiguration'
06:33:41.192 [main] DEBUG o.s.b.f.s.DefaultListableBeanFactory - Creating shared instance of singleton bean 'delegatingApplicationListener'
06:33:41.192 [main] DEBUG o.s.b.f.s.DefaultListableBeanFactory - Creating instance of bean 'delegatingApplicationListener'
06:33:41.192 [main] DEBUG o.s.b.f.s.DefaultListableBeanFactory - Eagerly caching bean 'delegatingApplicationListener' to allow for resolving potential circular references
06:33:41.193 [main] DEBUG o.s.b.f.s.DefaultListableBeanFactory - Returning cached instance of singleton bean 'metaDataSourceAdvisor'
06:33:41.193 [main] DEBUG o.s.b.f.s.DefaultListableBeanFactory - Finished creating instance of bean 'delegatingApplicationListener'
06:33:41.193 [main] DEBUG o.s.b.f.s.DefaultListableBeanFactory - Creating shared instance of singleton bean 'springSecurityFilterChain'
06:33:41.193 [main] DEBUG o.s.b.f.s.DefaultListableBeanFactory - Creating instance of bean 'springSecurityFilterChain'
06:33:41.193 [main] DEBUG o.s.b.f.s.DefaultListableBeanFactory - Returning cached instance of singleton bean 'org.springframework.security.config.annotation.web.configuration.WebSecurityConfiguration'
06:33:41.194 [main] DEBUG o.s.b.f.s.DefaultListableBeanFactory - Returning cached instance of singleton bean 'metaDataSourceAdvisor'
06:33:41.195 [main] DEBUG o.s.b.f.s.DefaultListableBeanFactory - Returning cached instance of singleton bean 'webMvcConfiguration'
06:33:41.195 [main] DEBUG o.s.b.f.s.DefaultListableBeanFactory - Returning cached instance of singleton bean 'securityConfig'
06:33:41.195 [main] DEBUG o.s.s.c.a.a.c.AuthenticationConfiguration$EnableGlobalAuthenticationAutowiredConfigurer - Eagerly initializing {webMvcConfiguration=edu.ncsu.csc.itrust2.mvc.config.WebMvcConfiguration$$EnhancerBySpringCGLIB$$7706e0f4@33862491, securityConfig=edu.ncsu.csc.itrust2.config.SecurityConfig$$EnhancerBySpringCGLIB$$911baa80@71d65f01}
06:33:41.195 [main] DEBUG o.s.b.f.s.DefaultListableBeanFactory - Invoking afterPropertiesSet() on bean with name 'org.springframework.security.authentication.dao.DaoAuthenticationProvider@73bb872a'
06:33:41.195 [main] DEBUG o.s.b.f.s.DefaultListableBeanFactory - Returning cached instance of singleton bean 'metaDataSourceAdvisor'
06:33:41.199 [main] DEBUG o.s.b.f.s.DefaultListableBeanFactory - Invoking afterPropertiesSet() on bean with name 'org.springframework.security.authentication.ProviderManager@73515210'
06:33:41.199 [main] DEBUG o.s.b.f.s.DefaultListableBeanFactory - Returning cached instance of singleton bean 'metaDataSourceAdvisor'
06:33:41.202 [main] DEBUG o.s.b.f.s.DefaultListableBeanFactory - Returning cached instance of singleton bean 'authenticationManagerBuilder'
06:33:41.202 [main] DEBUG o.s.w.c.s.StandardServletEnvironment - Adding [servletConfigInitParams] PropertySource with lowest search precedence
06:33:41.202 [main] DEBUG o.s.w.c.s.StandardServletEnvironment - Adding [servletContextInitParams] PropertySource with lowest search precedence
06:33:41.202 [main] DEBUG o.s.w.c.s.StandardServletEnvironment - Adding [systemProperties] PropertySource with lowest search precedence
06:33:41.202 [main] DEBUG o.s.w.c.s.StandardServletEnvironment - Adding [systemEnvironment] PropertySource with lowest search precedence
06:33:41.202 [main] DEBUG o.s.w.c.s.StandardServletEnvironment - Initialized StandardServletEnvironment with PropertySources [servletConfigInitParams,servletContextInitParams,systemProperties,systemEnvironment]
06:33:41.202 [main] DEBUG o.s.w.c.s.StandardServletEnvironment - Adding [servletConfigInitParams] PropertySource with lowest search precedence
06:33:41.202 [main] DEBUG o.s.w.c.s.StandardServletEnvironment - Adding [servletContextInitParams] PropertySource with lowest search precedence
06:33:41.203 [main] DEBUG o.s.w.c.s.StandardServletEnvironment - Adding [systemProperties] PropertySource with lowest search precedence
06:33:41.203 [main] DEBUG o.s.w.c.s.StandardServletEnvironment - Adding [systemEnvironment] PropertySource with lowest search precedence
06:33:41.203 [main] DEBUG o.s.w.c.s.StandardServletEnvironment - Initialized StandardServletEnvironment with PropertySources [servletConfigInitParams,servletContextInitParams,systemProperties,systemEnvironment]
06:33:41.203 [main] DEBUG o.s.w.c.s.StandardServletEnvironment - Adding [servletConfigInitParams] PropertySource with lowest search precedence
06:33:41.203 [main] DEBUG o.s.w.c.s.StandardServletEnvironment - Adding [servletContextInitParams] PropertySource with lowest search precedence
06:33:41.203 [main] DEBUG o.s.w.c.s.StandardServletEnvironment - Adding [systemProperties] PropertySource with lowest search precedence
06:33:41.203 [main] DEBUG o.s.w.c.s.StandardServletEnvironment - Adding [systemEnvironment] PropertySource with lowest search precedence
06:33:41.203 [main] DEBUG o.s.w.c.s.StandardServletEnvironment - Initialized StandardServletEnvironment with PropertySources [servletConfigInitParams,servletContextInitParams,systemProperties,systemEnvironment]
06:33:41.204 [main] DEBUG o.s.b.f.s.DefaultListableBeanFactory - Creating shared instance of singleton bean 'ipBlockFilter'
06:33:41.204 [main] DEBUG o.s.b.f.s.DefaultListableBeanFactory - Creating instance of bean 'ipBlockFilter'
06:33:41.204 [main] DEBUG o.s.b.f.s.DefaultListableBeanFactory - Returning cached instance of singleton bean 'securityConfig'
06:33:41.205 [main] DEBUG o.s.w.c.s.StandardServletEnvironment - Adding [servletConfigInitParams] PropertySource with lowest search precedence
06:33:41.205 [main] DEBUG o.s.w.c.s.StandardServletEnvironment - Adding [servletContextInitParams] PropertySource with lowest search precedence
06:33:41.205 [main] DEBUG o.s.w.c.s.StandardServletEnvironment - Adding [systemProperties] PropertySource with lowest search precedence
06:33:41.205 [main] DEBUG o.s.w.c.s.StandardServletEnvironment - Adding [systemEnvironment] PropertySource with lowest search precedence
06:33:41.205 [main] DEBUG o.s.w.c.s.StandardServletEnvironment - Initialized StandardServletEnvironment with PropertySources [servletConfigInitParams,servletContextInitParams,systemProperties,systemEnvironment]
06:33:41.205 [main] DEBUG o.s.b.f.s.DefaultListableBeanFactory - Eagerly caching bean 'ipBlockFilter' to allow for resolving potential circular references
06:33:41.209 [main] DEBUG o.s.b.f.s.DefaultListableBeanFactory - Invoking afterPropertiesSet() on bean with name 'ipBlockFilter'
06:33:41.209 [main] DEBUG o.s.b.f.s.DefaultListableBeanFactory - Returning cached instance of singleton bean 'metaDataSourceAdvisor'
06:33:41.210 [main] DEBUG o.s.b.f.s.DefaultListableBeanFactory - Finished creating instance of bean 'ipBlockFilter'
06:33:41.210 [main] DEBUG o.s.w.c.s.StandardServletEnvironment - Adding [servletConfigInitParams] PropertySource with lowest search precedence
06:33:41.210 [main] DEBUG o.s.w.c.s.StandardServletEnvironment - Adding [servletContextInitParams] PropertySource with lowest search precedence
06:33:41.210 [main] DEBUG o.s.w.c.s.StandardServletEnvironment - Adding [systemProperties] PropertySource with lowest search precedence
06:33:41.210 [main] DEBUG o.s.w.c.s.StandardServletEnvironment - Adding [systemEnvironment] PropertySource with lowest search precedence
06:33:41.210 [main] DEBUG o.s.w.c.s.StandardServletEnvironment - Initialized StandardServletEnvironment with PropertySources [servletConfigInitParams,servletContextInitParams,systemProperties,systemEnvironment]
06:33:41.211 [main] DEBUG o.s.b.f.s.DefaultListableBeanFactory - Creating shared instance of singleton bean 'failureHandler'
06:33:41.211 [main] DEBUG o.s.b.f.s.DefaultListableBeanFactory - Creating instance of bean 'failureHandler'
06:33:41.211 [main] DEBUG o.s.b.f.s.DefaultListableBeanFactory - Returning cached instance of singleton bean 'securityConfig'
06:33:41.211 [main] DEBUG o.s.b.f.s.DefaultListableBeanFactory - Eagerly caching bean 'failureHandler' to allow for resolving potential circular references
06:33:41.212 [main] DEBUG o.s.b.f.s.DefaultListableBeanFactory - Returning cached instance of singleton bean 'metaDataSourceAdvisor'
06:33:41.213 [main] DEBUG o.s.b.f.s.DefaultListableBeanFactory - Finished creating instance of bean 'failureHandler'
06:33:41.213 [main] INFO  o.s.s.web.DefaultSecurityFilterChain - Creating filter chain: Ant [pattern='/api/v1/requestPasswordReset'], []
06:33:41.213 [main] INFO  o.s.s.web.DefaultSecurityFilterChain - Creating filter chain: Ant [pattern='/api/v1/resetPassword/*'], []
06:33:41.213 [main] INFO  o.s.s.web.DefaultSecurityFilterChain - Creating filter chain: Ant [pattern='/requestPasswordReset'], []
06:33:41.213 [main] INFO  o.s.s.web.DefaultSecurityFilterChain - Creating filter chain: Ant [pattern='/resetPassword'], []
06:33:41.213 [main] DEBUG o.s.b.f.s.DefaultListableBeanFactory - Returning cached instance of singleton bean 'metaDataSourceAdvisor'
06:33:41.216 [main] DEBUG o.s.b.f.s.DefaultListableBeanFactory - Returning cached instance of singleton bean 'metaDataSourceAdvisor'
06:33:41.217 [main] DEBUG o.s.w.c.s.StandardServletEnvironment - Adding [servletConfigInitParams] PropertySource with lowest search precedence
06:33:41.217 [main] DEBUG o.s.w.c.s.StandardServletEnvironment - Adding [servletContextInitParams] PropertySource with lowest search precedence
06:33:41.217 [main] DEBUG o.s.w.c.s.StandardServletEnvironment - Adding [systemProperties] PropertySource with lowest search precedence
06:33:41.217 [main] DEBUG o.s.w.c.s.StandardServletEnvironment - Adding [systemEnvironment] PropertySource with lowest search precedence
06:33:41.218 [main] DEBUG o.s.w.c.s.StandardServletEnvironment - Initialized StandardServletEnvironment with PropertySources [servletConfigInitParams,servletContextInitParams,systemProperties,systemEnvironment]
06:33:41.218 [main] DEBUG o.s.b.f.s.DefaultListableBeanFactory - Returning cached instance of singleton bean 'metaDataSourceAdvisor'
06:33:41.220 [main] DEBUG o.s.b.f.s.DefaultListableBeanFactory - Invoking afterPropertiesSet() on bean with name 'org.springframework.security.web.authentication.LoginUrlAuthenticationEntryPoint@912514'
06:33:41.220 [main] DEBUG o.s.b.f.s.DefaultListableBeanFactory - Returning cached instance of singleton bean 'metaDataSourceAdvisor'
06:33:41.222 [main] DEBUG o.s.b.f.s.DefaultListableBeanFactory - Invoking afterPropertiesSet() on bean with name 'org.springframework.security.authentication.ProviderManager@65204c6c'
06:33:41.222 [main] DEBUG o.s.b.f.s.DefaultListableBeanFactory - Returning cached instance of singleton bean 'metaDataSourceAdvisor'
06:33:41.223 [main] DEBUG o.s.w.c.s.StandardServletEnvironment - Adding [servletConfigInitParams] PropertySource with lowest search precedence
06:33:41.223 [main] DEBUG o.s.w.c.s.StandardServletEnvironment - Adding [servletContextInitParams] PropertySource with lowest search precedence
06:33:41.223 [main] DEBUG o.s.w.c.s.StandardServletEnvironment - Adding [systemProperties] PropertySource with lowest search precedence
06:33:41.223 [main] DEBUG o.s.w.c.s.StandardServletEnvironment - Adding [systemEnvironment] PropertySource with lowest search precedence
06:33:41.223 [main] DEBUG o.s.w.c.s.StandardServletEnvironment - Initialized StandardServletEnvironment with PropertySources [servletConfigInitParams,servletContextInitParams,systemProperties,systemEnvironment]
06:33:41.223 [main] DEBUG o.s.b.f.s.DefaultListableBeanFactory - Invoking afterPropertiesSet() on bean with name 'org.springframework.security.web.csrf.CsrfFilter@177320ee'
06:33:41.223 [main] DEBUG o.s.b.f.s.DefaultListableBeanFactory - Returning cached instance of singleton bean 'metaDataSourceAdvisor'
06:33:41.230 [main] DEBUG o.s.w.c.s.StandardServletEnvironment - Adding [servletConfigInitParams] PropertySource with lowest search precedence
06:33:41.230 [main] DEBUG o.s.w.c.s.StandardServletEnvironment - Adding [servletContextInitParams] PropertySource with lowest search precedence
06:33:41.230 [main] DEBUG o.s.w.c.s.StandardServletEnvironment - Adding [systemProperties] PropertySource with lowest search precedence
06:33:41.230 [main] DEBUG o.s.w.c.s.StandardServletEnvironment - Adding [systemEnvironment] PropertySource with lowest search precedence
06:33:41.230 [main] DEBUG o.s.w.c.s.StandardServletEnvironment - Initialized StandardServletEnvironment with PropertySources [servletConfigInitParams,servletContextInitParams,systemProperties,systemEnvironment]
06:33:41.230 [main] DEBUG o.s.b.f.s.DefaultListableBeanFactory - Invoking afterPropertiesSet() on bean with name 'org.springframework.security.web.access.ExceptionTranslationFilter@1ec31e91'
06:33:41.230 [main] DEBUG o.s.b.f.s.DefaultListableBeanFactory - Returning cached instance of singleton bean 'metaDataSourceAdvisor'
06:33:41.247 [main] DEBUG o.s.w.c.s.StandardServletEnvironment - Adding [servletConfigInitParams] PropertySource with lowest search precedence
06:33:41.247 [main] DEBUG o.s.w.c.s.StandardServletEnvironment - Adding [servletContextInitParams] PropertySource with lowest search precedence
06:33:41.247 [main] DEBUG o.s.w.c.s.StandardServletEnvironment - Adding [systemProperties] PropertySource with lowest search precedence
06:33:41.247 [main] DEBUG o.s.w.c.s.StandardServletEnvironment - Adding [systemEnvironment] PropertySource with lowest search precedence
06:33:41.248 [main] DEBUG o.s.w.c.s.StandardServletEnvironment - Initialized StandardServletEnvironment with PropertySources [servletConfigInitParams,servletContextInitParams,systemProperties,systemEnvironment]
06:33:41.248 [main] DEBUG o.s.b.f.s.DefaultListableBeanFactory - Invoking afterPropertiesSet() on bean with name 'org.springframework.security.web.header.HeaderWriterFilter@7e6fbc5c'
06:33:41.248 [main] DEBUG o.s.b.f.s.DefaultListableBeanFactory - Returning cached instance of singleton bean 'metaDataSourceAdvisor'
06:33:41.254 [main] DEBUG o.s.w.c.s.StandardServletEnvironment - Adding [servletConfigInitParams] PropertySource with lowest search precedence
06:33:41.254 [main] DEBUG o.s.w.c.s.StandardServletEnvironment - Adding [servletContextInitParams] PropertySource with lowest search precedence
06:33:41.254 [main] DEBUG o.s.w.c.s.StandardServletEnvironment - Adding [systemProperties] PropertySource with lowest search precedence
06:33:41.254 [main] DEBUG o.s.w.c.s.StandardServletEnvironment - Adding [systemEnvironment] PropertySource with lowest search precedence
06:33:41.254 [main] DEBUG o.s.w.c.s.StandardServletEnvironment - Initialized StandardServletEnvironment with PropertySources [servletConfigInitParams,servletContextInitParams,systemProperties,systemEnvironment]
06:33:41.254 [main] DEBUG o.s.b.f.s.DefaultListableBeanFactory - Invoking afterPropertiesSet() on bean with name 'org.springframework.security.web.session.SessionManagementFilter@194bdcd1'
06:33:41.254 [main] DEBUG o.s.b.f.s.DefaultListableBeanFactory - Returning cached instance of singleton bean 'metaDataSourceAdvisor'
06:33:41.260 [main] DEBUG o.s.w.c.s.StandardServletEnvironment - Adding [servletConfigInitParams] PropertySource with lowest search precedence
06:33:41.260 [main] DEBUG o.s.w.c.s.StandardServletEnvironment - Adding [servletContextInitParams] PropertySource with lowest search precedence
06:33:41.260 [main] DEBUG o.s.w.c.s.StandardServletEnvironment - Adding [systemProperties] PropertySource with lowest search precedence
06:33:41.260 [main] DEBUG o.s.w.c.s.StandardServletEnvironment - Adding [systemEnvironment] PropertySource with lowest search precedence
06:33:41.260 [main] DEBUG o.s.w.c.s.StandardServletEnvironment - Initialized StandardServletEnvironment with PropertySources [servletConfigInitParams,servletContextInitParams,systemProperties,systemEnvironment]
06:33:41.261 [main] DEBUG o.s.b.f.s.DefaultListableBeanFactory - Invoking afterPropertiesSet() on bean with name 'org.springframework.security.web.context.SecurityContextPersistenceFilter@17b1fb46'
06:33:41.261 [main] DEBUG o.s.b.f.s.DefaultListableBeanFactory - Returning cached instance of singleton bean 'metaDataSourceAdvisor'
06:33:41.266 [main] DEBUG o.s.w.c.s.StandardServletEnvironment - Adding [servletConfigInitParams] PropertySource with lowest search precedence
06:33:41.266 [main] DEBUG o.s.w.c.s.StandardServletEnvironment - Adding [servletContextInitParams] PropertySource with lowest search precedence
06:33:41.266 [main] DEBUG o.s.w.c.s.StandardServletEnvironment - Adding [systemProperties] PropertySource with lowest search precedence
06:33:41.266 [main] DEBUG o.s.w.c.s.StandardServletEnvironment - Adding [systemEnvironment] PropertySource with lowest search precedence
06:33:41.266 [main] DEBUG o.s.w.c.s.StandardServletEnvironment - Initialized StandardServletEnvironment with PropertySources [servletConfigInitParams,servletContextInitParams,systemProperties,systemEnvironment]
06:33:41.266 [main] DEBUG o.s.b.f.s.DefaultListableBeanFactory - Invoking afterPropertiesSet() on bean with name 'org.springframework.security.web.savedrequest.RequestCacheAwareFilter@118048b7'
06:33:41.266 [main] DEBUG o.s.b.f.s.DefaultListableBeanFactory - Returning cached instance of singleton bean 'metaDataSourceAdvisor'
06:33:41.272 [main] DEBUG o.s.b.f.s.DefaultListableBeanFactory - Invoking afterPropertiesSet() on bean with name 'org.springframework.security.web.servletapi.SecurityContextHolderAwareRequestFilter@120e8b87'
06:33:41.272 [main] DEBUG o.s.b.f.s.DefaultListableBeanFactory - Returning cached instance of singleton bean 'metaDataSourceAdvisor'
06:33:41.279 [main] DEBUG o.s.w.c.s.StandardServletEnvironment - Adding [servletConfigInitParams] PropertySource with lowest search precedence
06:33:41.279 [main] DEBUG o.s.w.c.s.StandardServletEnvironment - Adding [servletContextInitParams] PropertySource with lowest search precedence
06:33:41.280 [main] DEBUG o.s.w.c.s.StandardServletEnvironment - Adding [systemProperties] PropertySource with lowest search precedence
06:33:41.280 [main] DEBUG o.s.w.c.s.StandardServletEnvironment - Adding [systemEnvironment] PropertySource with lowest search precedence
06:33:41.280 [main] DEBUG o.s.w.c.s.StandardServletEnvironment - Initialized StandardServletEnvironment with PropertySources [servletConfigInitParams,servletContextInitParams,systemProperties,systemEnvironment]
06:33:41.280 [main] DEBUG o.s.b.f.s.DefaultListableBeanFactory - Invoking afterPropertiesSet() on bean with name 'org.springframework.security.web.authentication.logout.LogoutFilter@55e46043'
06:33:41.280 [main] DEBUG o.s.b.f.s.DefaultListableBeanFactory - Returning cached instance of singleton bean 'metaDataSourceAdvisor'
06:33:41.294 [main] DEBUG o.s.s.w.a.e.ExpressionBasedFilterInvocationSecurityMetadataSource - Adding web access control expression 'anonymous', for Ant [pattern='/login*']
06:33:41.294 [main] DEBUG o.s.s.w.a.e.ExpressionBasedFilterInvocationSecurityMetadataSource - Adding web access control expression 'authenticated', for org.springframework.security.web.util.matcher.AnyRequestMatcher@1
06:33:41.295 [main] DEBUG o.s.b.f.s.DefaultListableBeanFactory - Invoking afterPropertiesSet() on bean with name 'org.springframework.security.access.vote.AffirmativeBased@5ec1f687'
06:33:41.295 [main] DEBUG o.s.b.f.s.DefaultListableBeanFactory - Returning cached instance of singleton bean 'metaDataSourceAdvisor'
06:33:41.301 [main] DEBUG o.s.s.w.a.i.FilterSecurityInterceptor - Validated configuration attributes
06:33:41.301 [main] DEBUG o.s.b.f.s.DefaultListableBeanFactory - Invoking afterPropertiesSet() on bean with name 'org.springframework.security.web.access.intercept.FilterSecurityInterceptor@3d5292aa'
06:33:41.301 [main] DEBUG o.s.s.w.a.i.FilterSecurityInterceptor - Validated configuration attributes
06:33:41.301 [main] DEBUG o.s.b.f.s.DefaultListableBeanFactory - Returning cached instance of singleton bean 'metaDataSourceAdvisor'
06:33:41.307 [main] DEBUG o.s.b.f.s.DefaultListableBeanFactory - Invoking afterPropertiesSet() on bean with name 'org.springframework.security.web.authentication.UsernamePasswordAuthenticationFilter@6c762e49'
06:33:41.308 [main] DEBUG o.s.b.f.s.DefaultListableBeanFactory - Returning cached instance of singleton bean 'metaDataSourceAdvisor'
06:33:41.325 [main] INFO  o.s.s.web.DefaultSecurityFilterChain - Creating filter chain: org.springframework.security.web.util.matcher.AnyRequestMatcher@1, [edu.ncsu.csc.itrust2.config.IPFilter@46cce2cc, org.springframework.security.web.context.request.async.WebAsyncManagerIntegrationFilter@7cf0f1e8, org.springframework.security.web.context.SecurityContextPersistenceFilter@17b1fb46, org.springframework.security.web.header.HeaderWriterFilter@7e6fbc5c, org.springframework.security.web.csrf.CsrfFilter@177320ee, org.springframework.security.web.authentication.logout.LogoutFilter@55e46043, org.springframework.security.web.authentication.UsernamePasswordAuthenticationFilter@6c762e49, org.springframework.security.web.savedrequest.RequestCacheAwareFilter@118048b7, org.springframework.security.web.servletapi.SecurityContextHolderAwareRequestFilter@120e8b87, org.springframework.security.web.authentication.AnonymousAuthenticationFilter@1e5d544d, org.springframework.security.web.session.SessionManagementFilter@194bdcd1, org.springframework.security.web.access.ExceptionTranslationFilter@1ec31e91, org.springframework.security.web.access.intercept.FilterSecurityInterceptor@3d5292aa]
06:33:41.325 [main] DEBUG o.s.w.c.s.StandardServletEnvironment - Adding [servletConfigInitParams] PropertySource with lowest search precedence
06:33:41.325 [main] DEBUG o.s.w.c.s.StandardServletEnvironment - Adding [servletContextInitParams] PropertySource with lowest search precedence
06:33:41.325 [main] DEBUG o.s.w.c.s.StandardServletEnvironment - Adding [systemProperties] PropertySource with lowest search precedence
06:33:41.325 [main] DEBUG o.s.w.c.s.StandardServletEnvironment - Adding [systemEnvironment] PropertySource with lowest search precedence
06:33:41.326 [main] DEBUG o.s.w.c.s.StandardServletEnvironment - Initialized StandardServletEnvironment with PropertySources [servletConfigInitParams,servletContextInitParams,systemProperties,systemEnvironment]
06:33:41.326 [main] DEBUG o.s.b.f.s.DefaultListableBeanFactory - Eagerly caching bean 'springSecurityFilterChain' to allow for resolving potential circular references
06:33:41.332 [main] DEBUG o.s.b.f.s.DefaultListableBeanFactory - Invoking afterPropertiesSet() on bean with name 'springSecurityFilterChain'
06:33:41.332 [main] DEBUG o.s.b.f.s.DefaultListableBeanFactory - Returning cached instance of singleton bean 'metaDataSourceAdvisor'
06:33:41.333 [main] DEBUG o.s.b.f.s.DefaultListableBeanFactory - Finished creating instance of bean 'springSecurityFilterChain'
06:33:41.333 [main] DEBUG o.s.b.f.s.DefaultListableBeanFactory - Creating shared instance of singleton bean 'webSecurityExpressionHandler'
06:33:41.333 [main] DEBUG o.s.b.f.s.DefaultListableBeanFactory - Creating instance of bean 'webSecurityExpressionHandler'
06:33:41.333 [main] DEBUG o.s.b.f.s.DefaultListableBeanFactory - Returning cached instance of singleton bean 'org.springframework.security.config.annotation.web.configuration.WebSecurityConfiguration'
06:33:41.334 [main] DEBUG o.s.b.f.s.DefaultListableBeanFactory - Eagerly caching bean 'webSecurityExpressionHandler' to allow for resolving potential circular references
06:33:41.334 [main] DEBUG o.s.b.f.s.DefaultListableBeanFactory - Finished creating instance of bean 'webSecurityExpressionHandler'
06:33:41.334 [main] DEBUG o.s.b.f.s.DefaultListableBeanFactory - Returning cached instance of singleton bean 'springSecurityFilterChain'
06:33:41.334 [main] DEBUG o.s.b.f.s.DefaultListableBeanFactory - Returning cached instance of singleton bean 'springSecurityFilterChain'
06:33:41.334 [main] DEBUG o.s.b.f.s.DefaultListableBeanFactory - Creating shared instance of singleton bean 'privilegeEvaluator'
06:33:41.334 [main] DEBUG o.s.b.f.s.DefaultListableBeanFactory - Creating instance of bean 'privilegeEvaluator'
06:33:41.334 [main] DEBUG o.s.b.f.s.DefaultListableBeanFactory - Returning cached instance of singleton bean 'org.springframework.security.config.annotation.web.configuration.WebSecurityConfiguration'
06:33:41.334 [main] DEBUG o.s.b.f.s.DefaultListableBeanFactory - Eagerly caching bean 'privilegeEvaluator' to allow for resolving potential circular references
06:33:41.336 [main] DEBUG o.s.b.f.s.DefaultListableBeanFactory - Returning cached instance of singleton bean 'metaDataSourceAdvisor'
06:33:41.336 [main] DEBUG o.s.b.f.s.DefaultListableBeanFactory - Finished creating instance of bean 'privilegeEvaluator'
06:33:41.336 [main] DEBUG o.s.b.f.s.DefaultListableBeanFactory - Returning cached instance of singleton bean 'autowiredWebSecurityConfigurersIgnoreParents'
06:33:41.336 [main] DEBUG o.s.b.f.s.DefaultListableBeanFactory - Returning cached instance of singleton bean 'org.springframework.security.config.annotation.web.configuration.WebMvcSecurityConfiguration'
06:33:41.336 [main] DEBUG o.s.b.f.s.DefaultListableBeanFactory - Creating shared instance of singleton bean 'requestDataValueProcessor'
06:33:41.336 [main] DEBUG o.s.b.f.s.DefaultListableBeanFactory - Creating instance of bean 'requestDataValueProcessor'
06:33:41.336 [main] DEBUG o.s.b.f.s.DefaultListableBeanFactory - Returning cached instance of singleton bean 'org.springframework.security.config.annotation.web.configuration.WebMvcSecurityConfiguration'
06:33:41.336 [main] DEBUG o.s.b.f.s.DefaultListableBeanFactory - Eagerly caching bean 'requestDataValueProcessor' to allow for resolving potential circular references
06:33:41.338 [main] DEBUG o.s.b.f.s.DefaultListableBeanFactory - Returning cached instance of singleton bean 'metaDataSourceAdvisor'
06:33:41.338 [main] DEBUG o.s.b.f.s.DefaultListableBeanFactory - Finished creating instance of bean 'requestDataValueProcessor'
06:33:41.338 [main] DEBUG o.s.b.f.s.DefaultListableBeanFactory - Returning cached instance of singleton bean 'passwordEncoder'
06:33:41.338 [main] DEBUG o.s.b.f.s.DefaultListableBeanFactory - Returning cached instance of singleton bean 'defaultAuthenticationEventPublisher'
06:33:41.338 [main] DEBUG o.s.b.f.s.DefaultListableBeanFactory - Returning cached instance of singleton bean 'failureHandler'
06:33:41.338 [main] DEBUG o.s.b.f.s.DefaultListableBeanFactory - Returning cached instance of singleton bean 'ipBlockFilter'
06:33:41.338 [main] DEBUG o.s.b.f.s.DefaultListableBeanFactory - Returning cached instance of singleton bean 'org.springframework.web.servlet.config.annotation.DelegatingWebMvcConfiguration'
06:33:41.338 [main] DEBUG o.s.b.f.s.DefaultListableBeanFactory - Creating shared instance of singleton bean 'mvcPathMatcher'
06:33:41.338 [main] DEBUG o.s.b.f.s.DefaultListableBeanFactory - Creating instance of bean 'mvcPathMatcher'
06:33:41.338 [main] DEBUG o.s.b.f.s.DefaultListableBeanFactory - Returning cached instance of singleton bean 'org.springframework.web.servlet.config.annotation.DelegatingWebMvcConfiguration'
06:33:41.339 [main] DEBUG o.s.b.f.s.DefaultListableBeanFactory - Eagerly caching bean 'mvcPathMatcher' to allow for resolving potential circular references
06:33:41.340 [main] DEBUG o.s.b.f.s.DefaultListableBeanFactory - Returning cached instance of singleton bean 'metaDataSourceAdvisor'
06:33:41.341 [main] DEBUG o.s.b.f.s.DefaultListableBeanFactory - Finished creating instance of bean 'mvcPathMatcher'
06:33:41.341 [main] DEBUG o.s.b.f.s.DefaultListableBeanFactory - Creating shared instance of singleton bean 'mvcUrlPathHelper'
06:33:41.341 [main] DEBUG o.s.b.f.s.DefaultListableBeanFactory - Creating instance of bean 'mvcUrlPathHelper'
06:33:41.341 [main] DEBUG o.s.b.f.s.DefaultListableBeanFactory - Returning cached instance of singleton bean 'org.springframework.web.servlet.config.annotation.DelegatingWebMvcConfiguration'
06:33:41.342 [main] DEBUG o.s.b.f.s.DefaultListableBeanFactory - Eagerly caching bean 'mvcUrlPathHelper' to allow for resolving potential circular references
06:33:41.342 [main] DEBUG o.s.b.f.s.DefaultListableBeanFactory - Returning cached instance of singleton bean 'metaDataSourceAdvisor'
06:33:41.342 [main] DEBUG o.s.b.f.s.DefaultListableBeanFactory - Finished creating instance of bean 'mvcUrlPathHelper'
06:33:41.342 [main] DEBUG o.s.b.f.s.DefaultListableBeanFactory - Returning cached instance of singleton bean 'mvcContentNegotiationManager'
06:33:41.343 [main] DEBUG o.s.b.f.s.DefaultListableBeanFactory - Creating shared instance of singleton bean 'viewControllerHandlerMapping'
06:33:41.343 [main] DEBUG o.s.b.f.s.DefaultListableBeanFactory - Creating instance of bean 'viewControllerHandlerMapping'
06:33:41.343 [main] DEBUG o.s.b.f.s.DefaultListableBeanFactory - Returning cached instance of singleton bean 'org.springframework.web.servlet.config.annotation.DelegatingWebMvcConfiguration'
06:33:41.344 [main] DEBUG o.s.b.f.s.DefaultListableBeanFactory - Returning cached instance of singleton bean 'mvcPathMatcher'
06:33:41.344 [main] DEBUG o.s.b.f.s.DefaultListableBeanFactory - Returning cached instance of singleton bean 'mvcUrlPathHelper'
06:33:41.345 [main] DEBUG o.s.b.f.s.DefaultListableBeanFactory - Returning cached instance of singleton bean 'mvcConversionService'
06:33:41.345 [main] DEBUG o.s.b.f.s.DefaultListableBeanFactory - Creating shared instance of singleton bean 'mvcResourceUrlProvider'
06:33:41.345 [main] DEBUG o.s.b.f.s.DefaultListableBeanFactory - Creating instance of bean 'mvcResourceUrlProvider'
06:33:41.345 [main] DEBUG o.s.b.f.s.DefaultListableBeanFactory - Returning cached instance of singleton bean 'org.springframework.web.servlet.config.annotation.DelegatingWebMvcConfiguration'
06:33:41.345 [main] DEBUG o.s.b.f.s.DefaultListableBeanFactory - Eagerly caching bean 'mvcResourceUrlProvider' to allow for resolving potential circular references
06:33:41.347 [main] DEBUG o.s.b.f.s.DefaultListableBeanFactory - Returning cached instance of singleton bean 'metaDataSourceAdvisor'
06:33:41.347 [main] DEBUG o.s.b.f.s.DefaultListableBeanFactory - Finished creating instance of bean 'mvcResourceUrlProvider'
06:33:41.348 [main] DEBUG o.s.b.f.s.DefaultListableBeanFactory - Eagerly caching bean 'viewControllerHandlerMapping' to allow for resolving potential circular references
06:33:41.352 [main] INFO  o.s.w.s.h.SimpleUrlHandlerMapping - Mapped URL path [/login] onto handler of type [class org.springframework.web.servlet.mvc.ParameterizableViewController]
06:33:41.352 [main] DEBUG o.s.b.f.s.DefaultListableBeanFactory - Returning cached instance of singleton bean 'metaDataSourceAdvisor'
06:33:41.357 [main] DEBUG o.s.b.f.s.DefaultListableBeanFactory - Finished creating instance of bean 'viewControllerHandlerMapping'
06:33:41.358 [main] DEBUG o.s.b.f.s.DefaultListableBeanFactory - Creating shared instance of singleton bean 'beanNameHandlerMapping'
06:33:41.358 [main] DEBUG o.s.b.f.s.DefaultListableBeanFactory - Creating instance of bean 'beanNameHandlerMapping'
06:33:41.358 [main] DEBUG o.s.b.f.s.DefaultListableBeanFactory - Returning cached instance of singleton bean 'org.springframework.web.servlet.config.annotation.DelegatingWebMvcConfiguration'
06:33:41.358 [main] DEBUG o.s.b.f.s.DefaultListableBeanFactory - Eagerly caching bean 'beanNameHandlerMapping' to allow for resolving potential circular references
06:33:41.362 [main] DEBUG o.s.w.s.h.BeanNameUrlHandlerMapping - Looking for URL mappings in application context: org.springframework.web.context.support.GenericWebApplicationContext@6cabad07: startup date [Thu Mar 22 06:33:40 UTC 2018]; root of context hierarchy
06:33:41.363 [main] DEBUG o.s.w.s.h.BeanNameUrlHandlerMapping - Rejected bean name 'org.springframework.context.annotation.internalConfigurationAnnotationProcessor': no URL paths identified
06:33:41.363 [main] DEBUG o.s.w.s.h.BeanNameUrlHandlerMapping - Rejected bean name 'org.springframework.context.annotation.internalAutowiredAnnotationProcessor': no URL paths identified
06:33:41.363 [main] DEBUG o.s.w.s.h.BeanNameUrlHandlerMapping - Rejected bean name 'org.springframework.context.annotation.internalRequiredAnnotationProcessor': no URL paths identified
06:33:41.363 [main] DEBUG o.s.w.s.h.BeanNameUrlHandlerMapping - Rejected bean name 'org.springframework.context.annotation.internalCommonAnnotationProcessor': no URL paths identified
06:33:41.363 [main] DEBUG o.s.w.s.h.BeanNameUrlHandlerMapping - Rejected bean name 'org.springframework.context.annotation.internalPersistenceAnnotationProcessor': no URL paths identified
06:33:41.363 [main] DEBUG o.s.w.s.h.BeanNameUrlHandlerMapping - Rejected bean name 'org.springframework.context.event.internalEventListenerProcessor': no URL paths identified
06:33:41.363 [main] DEBUG o.s.w.s.h.BeanNameUrlHandlerMapping - Rejected bean name 'org.springframework.context.event.internalEventListenerFactory': no URL paths identified
06:33:41.363 [main] DEBUG o.s.w.s.h.BeanNameUrlHandlerMapping - Rejected bean name 'rootConfiguration': no URL paths identified
06:33:41.363 [main] DEBUG o.s.w.s.h.BeanNameUrlHandlerMapping - Rejected bean name 'webMvcConfiguration': no URL paths identified
06:33:41.363 [main] DEBUG o.s.w.s.h.BeanNameUrlHandlerMapping - Rejected bean name 'dataConfiguration': no URL paths identified
06:33:41.363 [main] DEBUG o.s.w.s.h.BeanNameUrlHandlerMapping - Rejected bean name 'loginAuditingListener': no URL paths identified
06:33:41.363 [main] DEBUG o.s.w.s.h.BeanNameUrlHandlerMapping - Rejected bean name 'securityConfig': no URL paths identified
06:33:41.363 [main] DEBUG o.s.w.s.h.BeanNameUrlHandlerMapping - Rejected bean name 'defaultController': no URL paths identified
06:33:41.363 [main] DEBUG o.s.w.s.h.BeanNameUrlHandlerMapping - Rejected bean name 'adminController': no URL paths identified
06:33:41.363 [main] DEBUG o.s.w.s.h.BeanNameUrlHandlerMapping - Rejected bean name 'adminUserController': no URL paths identified
06:33:41.363 [main] DEBUG o.s.w.s.h.BeanNameUrlHandlerMapping - Rejected bean name 'hospitalController': no URL paths identified
06:33:41.363 [main] DEBUG o.s.w.s.h.BeanNameUrlHandlerMapping - Rejected bean name 'ICDCodesController': no URL paths identified
06:33:41.363 [main] DEBUG o.s.w.s.h.BeanNameUrlHandlerMapping - Rejected bean name 'APIAppointmentRequestController': no URL paths identified
06:33:41.363 [main] DEBUG o.s.w.s.h.BeanNameUrlHandlerMapping - Rejected bean name 'APIDiagnosisController': no URL paths identified
06:33:41.363 [main] DEBUG o.s.w.s.h.BeanNameUrlHandlerMapping - Rejected bean name 'APIDrugController': no URL paths identified
06:33:41.363 [main] DEBUG o.s.w.s.h.BeanNameUrlHandlerMapping - Rejected bean name 'APIEnumController': no URL paths identified
06:33:41.363 [main] DEBUG o.s.w.s.h.BeanNameUrlHandlerMapping - Rejected bean name 'APIHospitalController': no URL paths identified
06:33:41.363 [main] DEBUG o.s.w.s.h.BeanNameUrlHandlerMapping - Rejected bean name 'APIICDCodeController': no URL paths identified
06:33:41.363 [main] DEBUG o.s.w.s.h.BeanNameUrlHandlerMapping - Rejected bean name 'APILogEntryController': no URL paths identified
06:33:41.363 [main] DEBUG o.s.w.s.h.BeanNameUrlHandlerMapping - Rejected bean name 'APIOfficeVisitController': no URL paths identified
06:33:41.363 [main] DEBUG o.s.w.s.h.BeanNameUrlHandlerMapping - Rejected bean name 'APIPasswordController': no URL paths identified
06:33:41.363 [main] DEBUG o.s.w.s.h.BeanNameUrlHandlerMapping - Rejected bean name 'APIPatientController': no URL paths identified
06:33:41.363 [main] DEBUG o.s.w.s.h.BeanNameUrlHandlerMapping - Rejected bean name 'APIPersonnelController': no URL paths identified
06:33:41.363 [main] DEBUG o.s.w.s.h.BeanNameUrlHandlerMapping - Rejected bean name 'APIPrescriptionController': no URL paths identified
06:33:41.363 [main] DEBUG o.s.w.s.h.BeanNameUrlHandlerMapping - Rejected bean name 'APIUserController': no URL paths identified
06:33:41.363 [main] DEBUG o.s.w.s.h.BeanNameUrlHandlerMapping - Rejected bean name 'appointmentControllerHCP': no URL paths identified
06:33:41.363 [main] DEBUG o.s.w.s.h.BeanNameUrlHandlerMapping - Rejected bean name 'HCPController': no URL paths identified
06:33:41.363 [main] DEBUG o.s.w.s.h.BeanNameUrlHandlerMapping - Rejected bean name 'officeVisitController': no URL paths identified
06:33:41.363 [main] DEBUG o.s.w.s.h.BeanNameUrlHandlerMapping - Rejected bean name 'appointmentController': no URL paths identified
06:33:41.363 [main] DEBUG o.s.w.s.h.BeanNameUrlHandlerMapping - Rejected bean name 'diagnosesController': no URL paths identified
06:33:41.363 [main] DEBUG o.s.w.s.h.BeanNameUrlHandlerMapping - Rejected bean name 'patientController': no URL paths identified
06:33:41.363 [main] DEBUG o.s.w.s.h.BeanNameUrlHandlerMapping - Rejected bean name 'passwordController': no URL paths identified
06:33:41.363 [main] DEBUG o.s.w.s.h.BeanNameUrlHandlerMapping - Rejected bean name 'userController': no URL paths identified
06:33:41.363 [main] DEBUG o.s.w.s.h.BeanNameUrlHandlerMapping - Rejected bean name 'dataSource': no URL paths identified
06:33:41.363 [main] DEBUG o.s.w.s.h.BeanNameUrlHandlerMapping - Rejected bean name 'org.springframework.security.config.annotation.configuration.ObjectPostProcessorConfiguration': no URL paths identified
06:33:41.363 [main] DEBUG o.s.w.s.h.BeanNameUrlHandlerMapping - Rejected bean name 'objectPostProcessor': no URL paths identified
06:33:41.363 [main] DEBUG o.s.w.s.h.BeanNameUrlHandlerMapping - Rejected bean name 'org.springframework.security.config.annotation.authentication.configuration.AuthenticationConfiguration': no URL paths identified
06:33:41.363 [main] DEBUG o.s.w.s.h.BeanNameUrlHandlerMapping - Rejected bean name 'authenticationManagerBuilder': no URL paths identified
06:33:41.363 [main] DEBUG o.s.w.s.h.BeanNameUrlHandlerMapping - Rejected bean name 'enableGlobalAuthenticationAutowiredConfigurer': no URL paths identified
06:33:41.363 [main] DEBUG o.s.w.s.h.BeanNameUrlHandlerMapping - Rejected bean name 'initializeUserDetailsBeanManagerConfigurer': no URL paths identified
06:33:41.363 [main] DEBUG o.s.w.s.h.BeanNameUrlHandlerMapping - Rejected bean name 'initializeAuthenticationProviderBeanManagerConfigurer': no URL paths identified
06:33:41.363 [main] DEBUG o.s.w.s.h.BeanNameUrlHandlerMapping - Rejected bean name 'org.springframework.security.config.annotation.web.configuration.WebSecurityConfiguration': no URL paths identified
06:33:41.363 [main] DEBUG o.s.w.s.h.BeanNameUrlHandlerMapping - Rejected bean name 'delegatingApplicationListener': no URL paths identified
06:33:41.363 [main] DEBUG o.s.w.s.h.BeanNameUrlHandlerMapping - Rejected bean name 'webSecurityExpressionHandler': no URL paths identified
06:33:41.363 [main] DEBUG o.s.w.s.h.BeanNameUrlHandlerMapping - Rejected bean name 'springSecurityFilterChain': no URL paths identified
06:33:41.363 [main] DEBUG o.s.w.s.h.BeanNameUrlHandlerMapping - Rejected bean name 'privilegeEvaluator': no URL paths identified
06:33:41.363 [main] DEBUG o.s.w.s.h.BeanNameUrlHandlerMapping - Rejected bean name 'autowiredWebSecurityConfigurersIgnoreParents': no URL paths identified
06:33:41.363 [main] DEBUG o.s.w.s.h.BeanNameUrlHandlerMapping - Rejected bean name 'org.springframework.security.config.annotation.web.configuration.WebMvcSecurityConfiguration': no URL paths identified
06:33:41.363 [main] DEBUG o.s.w.s.h.BeanNameUrlHandlerMapping - Rejected bean name 'requestDataValueProcessor': no URL paths identified
06:33:41.363 [main] DEBUG o.s.w.s.h.BeanNameUrlHandlerMapping - Rejected bean name 'passwordEncoder': no URL paths identified
06:33:41.363 [main] DEBUG o.s.w.s.h.BeanNameUrlHandlerMapping - Rejected bean name 'defaultAuthenticationEventPublisher': no URL paths identified
06:33:41.363 [main] DEBUG o.s.w.s.h.BeanNameUrlHandlerMapping - Rejected bean name 'failureHandler': no URL paths identified
06:33:41.363 [main] DEBUG o.s.w.s.h.BeanNameUrlHandlerMapping - Rejected bean name 'ipBlockFilter': no URL paths identified
06:33:41.363 [main] DEBUG o.s.w.s.h.BeanNameUrlHandlerMapping - Rejected bean name 'org.springframework.web.servlet.config.annotation.DelegatingWebMvcConfiguration': no URL paths identified
06:33:41.363 [main] DEBUG o.s.w.s.h.BeanNameUrlHandlerMapping - Rejected bean name 'mvcPathMatcher': no URL paths identified
06:33:41.363 [main] DEBUG o.s.w.s.h.BeanNameUrlHandlerMapping - Rejected bean name 'mvcUrlPathHelper': no URL paths identified
06:33:41.363 [main] DEBUG o.s.w.s.h.BeanNameUrlHandlerMapping - Rejected bean name 'mvcContentNegotiationManager': no URL paths identified
06:33:41.363 [main] DEBUG o.s.w.s.h.BeanNameUrlHandlerMapping - Rejected bean name 'viewControllerHandlerMapping': no URL paths identified
06:33:41.363 [main] DEBUG o.s.w.s.h.BeanNameUrlHandlerMapping - Rejected bean name 'beanNameHandlerMapping': no URL paths identified
06:33:41.363 [main] DEBUG o.s.w.s.h.BeanNameUrlHandlerMapping - Rejected bean name 'resourceHandlerMapping': no URL paths identified
06:33:41.363 [main] DEBUG o.s.w.s.h.BeanNameUrlHandlerMapping - Rejected bean name 'mvcResourceUrlProvider': no URL paths identified
06:33:41.363 [main] DEBUG o.s.w.s.h.BeanNameUrlHandlerMapping - Rejected bean name 'defaultServletHandlerMapping': no URL paths identified
06:33:41.363 [main] DEBUG o.s.w.s.h.BeanNameUrlHandlerMapping - Rejected bean name 'requestMappingHandlerAdapter': no URL paths identified
06:33:41.363 [main] DEBUG o.s.w.s.h.BeanNameUrlHandlerMapping - Rejected bean name 'mvcValidator': no URL paths identified
06:33:41.363 [main] DEBUG o.s.w.s.h.BeanNameUrlHandlerMapping - Rejected bean name 'mvcUriComponentsContributor': no URL paths identified
06:33:41.363 [main] DEBUG o.s.w.s.h.BeanNameUrlHandlerMapping - Rejected bean name 'httpRequestHandlerAdapter': no URL paths identified
06:33:41.363 [main] DEBUG o.s.w.s.h.BeanNameUrlHandlerMapping - Rejected bean name 'simpleControllerHandlerAdapter': no URL paths identified
06:33:41.363 [main] DEBUG o.s.w.s.h.BeanNameUrlHandlerMapping - Rejected bean name 'handlerExceptionResolver': no URL paths identified
06:33:41.363 [main] DEBUG o.s.w.s.h.BeanNameUrlHandlerMapping - Rejected bean name 'mvcViewResolver': no URL paths identified
06:33:41.363 [main] DEBUG o.s.w.s.h.BeanNameUrlHandlerMapping - Rejected bean name 'mvcConversionService': no URL paths identified
06:33:41.363 [main] DEBUG o.s.w.s.h.BeanNameUrlHandlerMapping - Rejected bean name 'requestMappingHandlerMapping': no URL paths identified
06:33:41.364 [main] DEBUG o.s.w.s.h.BeanNameUrlHandlerMapping - Rejected bean name 'org.springframework.security.config.annotation.method.configuration.GlobalMethodSecurityConfiguration': no URL paths identified
06:33:41.364 [main] DEBUG o.s.w.s.h.BeanNameUrlHandlerMapping - Rejected bean name 'methodSecurityInterceptor': no URL paths identified
06:33:41.364 [main] DEBUG o.s.w.s.h.BeanNameUrlHandlerMapping - Rejected bean name 'methodSecurityMetadataSource': no URL paths identified
06:33:41.364 [main] DEBUG o.s.w.s.h.BeanNameUrlHandlerMapping - Rejected bean name 'preInvocationAuthorizationAdvice': no URL paths identified
06:33:41.364 [main] DEBUG o.s.w.s.h.BeanNameUrlHandlerMapping - Rejected bean name 'viewResolver': no URL paths identified
06:33:41.364 [main] DEBUG o.s.w.s.h.BeanNameUrlHandlerMapping - Rejected bean name 'templateEngine': no URL paths identified
06:33:41.364 [main] DEBUG o.s.w.s.h.BeanNameUrlHandlerMapping - Rejected bean name 'domainClassConverter': no URL paths identified
06:33:41.364 [main] DEBUG o.s.w.s.h.BeanNameUrlHandlerMapping - Rejected bean name 'metaDataSourceAdvisor': no URL paths identified
06:33:41.364 [main] DEBUG o.s.w.s.h.BeanNameUrlHandlerMapping - Rejected bean name 'org.springframework.aop.config.internalAutoProxyCreator': no URL paths identified
06:33:41.364 [main] DEBUG o.s.w.s.h.BeanNameUrlHandlerMapping - Rejected bean name 'environment': no URL paths identified
06:33:41.364 [main] DEBUG o.s.w.s.h.BeanNameUrlHandlerMapping - Rejected bean name 'systemProperties': no URL paths identified
06:33:41.364 [main] DEBUG o.s.w.s.h.BeanNameUrlHandlerMapping - Rejected bean name 'systemEnvironment': no URL paths identified
06:33:41.364 [main] DEBUG o.s.w.s.h.BeanNameUrlHandlerMapping - Rejected bean name 'servletContext': no URL paths identified
06:33:41.364 [main] DEBUG o.s.w.s.h.BeanNameUrlHandlerMapping - Rejected bean name 'contextParameters': no URL paths identified
06:33:41.364 [main] DEBUG o.s.w.s.h.BeanNameUrlHandlerMapping - Rejected bean name 'contextAttributes': no URL paths identified
06:33:41.364 [main] DEBUG o.s.w.s.h.BeanNameUrlHandlerMapping - Rejected bean name 'org.springframework.context.annotation.ConfigurationClassPostProcessor.importRegistry': no URL paths identified
06:33:41.364 [main] DEBUG o.s.w.s.h.BeanNameUrlHandlerMapping - Rejected bean name 'messageSource': no URL paths identified
06:33:41.364 [main] DEBUG o.s.w.s.h.BeanNameUrlHandlerMapping - Rejected bean name 'applicationEventMulticaster': no URL paths identified
06:33:41.364 [main] DEBUG o.s.b.f.s.DefaultListableBeanFactory - Returning cached instance of singleton bean 'metaDataSourceAdvisor'
06:33:41.374 [main] DEBUG o.s.b.f.s.DefaultListableBeanFactory - Finished creating instance of bean 'beanNameHandlerMapping'
06:33:41.375 [main] DEBUG o.s.b.f.s.DefaultListableBeanFactory - Creating shared instance of singleton bean 'resourceHandlerMapping'
06:33:41.375 [main] DEBUG o.s.b.f.s.DefaultListableBeanFactory - Creating instance of bean 'resourceHandlerMapping'
06:33:41.375 [main] DEBUG o.s.b.f.s.DefaultListableBeanFactory - Returning cached instance of singleton bean 'org.springframework.web.servlet.config.annotation.DelegatingWebMvcConfiguration'
06:33:41.375 [main] DEBUG o.s.b.f.s.DefaultListableBeanFactory - Returning cached instance of singleton bean 'mvcContentNegotiationManager'
06:33:41.376 [main] DEBUG o.s.b.f.s.DefaultListableBeanFactory - Returning cached instance of singleton bean 'mvcPathMatcher'
06:33:41.376 [main] DEBUG o.s.b.f.s.DefaultListableBeanFactory - Returning cached instance of singleton bean 'mvcUrlPathHelper'
06:33:41.376 [main] DEBUG o.s.b.f.s.DefaultListableBeanFactory - Returning cached instance of singleton bean 'mvcResourceUrlProvider'
06:33:41.377 [main] DEBUG o.s.b.f.s.DefaultListableBeanFactory - Eagerly caching bean 'resourceHandlerMapping' to allow for resolving potential circular references
06:33:41.377 [main] INFO  o.s.w.s.h.SimpleUrlHandlerMapping - Mapped URL path [/resources/**] onto handler of type [class org.springframework.web.servlet.resource.ResourceHttpRequestHandler]
06:33:41.378 [main] DEBUG o.s.b.f.s.DefaultListableBeanFactory - Returning cached instance of singleton bean 'metaDataSourceAdvisor'
06:33:41.378 [main] DEBUG o.s.b.f.s.DefaultListableBeanFactory - Finished creating instance of bean 'resourceHandlerMapping'
06:33:41.378 [main] DEBUG o.s.b.f.s.DefaultListableBeanFactory - Returning cached instance of singleton bean 'mvcResourceUrlProvider'
06:33:41.378 [main] DEBUG o.s.b.f.s.DefaultListableBeanFactory - Creating shared instance of singleton bean 'defaultServletHandlerMapping'
06:33:41.378 [main] DEBUG o.s.b.f.s.DefaultListableBeanFactory - Creating instance of bean 'defaultServletHandlerMapping'
06:33:41.378 [main] DEBUG o.s.b.f.s.DefaultListableBeanFactory - Returning cached instance of singleton bean 'org.springframework.web.servlet.config.annotation.DelegatingWebMvcConfiguration'
06:33:41.379 [main] DEBUG o.s.b.f.s.DefaultListableBeanFactory - Eagerly caching bean 'defaultServletHandlerMapping' to allow for resolving potential circular references
06:33:41.382 [main] DEBUG o.s.b.f.s.DefaultListableBeanFactory - Returning cached instance of singleton bean 'metaDataSourceAdvisor'
06:33:41.387 [main] DEBUG o.s.b.f.s.DefaultListableBeanFactory - Finished creating instance of bean 'defaultServletHandlerMapping'
06:33:41.388 [main] DEBUG o.s.b.f.s.DefaultListableBeanFactory - Creating shared instance of singleton bean 'requestMappingHandlerAdapter'
06:33:41.388 [main] DEBUG o.s.b.f.s.DefaultListableBeanFactory - Creating instance of bean 'requestMappingHandlerAdapter'
06:33:41.388 [main] DEBUG o.s.b.f.s.DefaultListableBeanFactory - Returning cached instance of singleton bean 'org.springframework.web.servlet.config.annotation.DelegatingWebMvcConfiguration'
06:33:41.390 [main] DEBUG o.s.b.f.s.DefaultListableBeanFactory - Returning cached instance of singleton bean 'mvcContentNegotiationManager'
06:33:41.393 [main] DEBUG o.s.b.f.s.DefaultListableBeanFactory - Returning cached instance of singleton bean 'mvcConversionService'
06:33:41.393 [main] DEBUG o.s.b.f.s.DefaultListableBeanFactory - Creating shared instance of singleton bean 'mvcValidator'
06:33:41.393 [main] DEBUG o.s.b.f.s.DefaultListableBeanFactory - Creating instance of bean 'mvcValidator'
06:33:41.393 [main] DEBUG o.s.b.f.s.DefaultListableBeanFactory - Returning cached instance of singleton bean 'org.springframework.web.servlet.config.annotation.DelegatingWebMvcConfiguration'
06:33:41.394 [main] DEBUG o.s.b.f.s.DefaultListableBeanFactory - Eagerly caching bean 'mvcValidator' to allow for resolving potential circular references
06:33:41.399 [main] DEBUG o.s.b.f.s.DefaultListableBeanFactory - Invoking afterPropertiesSet() on bean with name 'mvcValidator'
06:33:41.400 [main] DEBUG o.h.v.i.e.r.DefaultTraversableResolver - Found javax.persistence.Persistence on classpath containing 'getPersistenceUtil'. Assuming JPA 2 environment. Trying to instantiate JPA aware TraversableResolver
06:33:41.400 [main] DEBUG o.h.v.i.e.r.DefaultTraversableResolver - Instantiated JPA aware TraversableResolver of type org.hibernate.validator.internal.engine.resolver.JPATraversableResolver.
06:33:41.401 [main] DEBUG o.h.v.i.engine.ConfigurationImpl - Setting custom MessageInterpolator of type org.springframework.validation.beanvalidation.LocaleContextMessageInterpolator
06:33:41.401 [main] DEBUG o.h.v.i.engine.ConfigurationImpl - Setting custom ConstraintValidatorFactory of type org.springframework.validation.beanvalidation.SpringConstraintValidatorFactory
06:33:41.401 [main] DEBUG o.h.v.i.engine.ConfigurationImpl - Setting custom ParameterNameProvider of type com.sun.proxy.$Proxy79
06:33:41.401 [main] DEBUG o.h.v.i.xml.ValidationXmlParser - Trying to load META-INF/validation.xml for XML based Validator configuration.
06:33:41.401 [main] DEBUG o.h.v.i.xml.ResourceLoaderHelper - Trying to load META-INF/validation.xml via user class loader
06:33:41.401 [main] DEBUG o.h.v.i.xml.ResourceLoaderHelper - Trying to load META-INF/validation.xml via TCCL
06:33:41.401 [main] DEBUG o.h.v.i.xml.ResourceLoaderHelper - Trying to load META-INF/validation.xml via Hibernate Validator's class loader
06:33:41.402 [main] DEBUG o.h.v.i.xml.ValidationXmlParser - No META-INF/validation.xml found. Using annotation based configuration only.
06:33:41.407 [main] DEBUG o.s.b.f.s.DefaultListableBeanFactory - Returning cached instance of singleton bean 'metaDataSourceAdvisor'
06:33:41.411 [main] DEBUG o.s.b.f.s.DefaultListableBeanFactory - Finished creating instance of bean 'mvcValidator'
06:33:41.412 [main] DEBUG o.s.b.f.s.DefaultListableBeanFactory - Eagerly caching bean 'requestMappingHandlerAdapter' to allow for resolving potential circular references
06:33:41.418 [main] DEBUG o.s.b.f.s.DefaultListableBeanFactory - Invoking afterPropertiesSet() on bean with name 'requestMappingHandlerAdapter'
06:33:41.419 [main] INFO  o.s.w.s.m.m.a.RequestMappingHandlerAdapter - Looking for @ControllerAdvice: org.springframework.web.context.support.GenericWebApplicationContext@6cabad07: startup date [Thu Mar 22 06:33:40 UTC 2018]; root of context hierarchy
06:33:41.420 [main] DEBUG o.s.b.f.s.DefaultListableBeanFactory - Returning cached instance of singleton bean 'metaDataSourceAdvisor'
06:33:41.437 [main] DEBUG o.s.b.f.s.DefaultListableBeanFactory - Finished creating instance of bean 'requestMappingHandlerAdapter'
06:33:41.438 [main] DEBUG o.s.b.f.s.DefaultListableBeanFactory - Returning cached instance of singleton bean 'mvcValidator'
06:33:41.438 [main] DEBUG o.s.b.f.s.DefaultListableBeanFactory - Creating shared instance of singleton bean 'mvcUriComponentsContributor'
06:33:41.438 [main] DEBUG o.s.b.f.s.DefaultListableBeanFactory - Creating instance of bean 'mvcUriComponentsContributor'
06:33:41.438 [main] DEBUG o.s.b.f.s.DefaultListableBeanFactory - Returning cached instance of singleton bean 'org.springframework.web.servlet.config.annotation.DelegatingWebMvcConfiguration'
06:33:41.438 [main] DEBUG o.s.b.f.s.DefaultListableBeanFactory - Returning cached instance of singleton bean 'requestMappingHandlerAdapter'
06:33:41.439 [main] DEBUG o.s.b.f.s.DefaultListableBeanFactory - Returning cached instance of singleton bean 'mvcConversionService'
06:33:41.439 [main] DEBUG o.s.b.f.s.DefaultListableBeanFactory - Eagerly caching bean 'mvcUriComponentsContributor' to allow for resolving potential circular references
06:33:41.440 [main] DEBUG o.s.b.f.s.DefaultListableBeanFactory - Returning cached instance of singleton bean 'metaDataSourceAdvisor'
06:33:41.441 [main] DEBUG o.s.b.f.s.DefaultListableBeanFactory - Finished creating instance of bean 'mvcUriComponentsContributor'
06:33:41.441 [main] DEBUG o.s.b.f.s.DefaultListableBeanFactory - Creating shared instance of singleton bean 'httpRequestHandlerAdapter'
06:33:41.441 [main] DEBUG o.s.b.f.s.DefaultListableBeanFactory - Creating instance of bean 'httpRequestHandlerAdapter'
06:33:41.441 [main] DEBUG o.s.b.f.s.DefaultListableBeanFactory - Returning cached instance of singleton bean 'org.springframework.web.servlet.config.annotation.DelegatingWebMvcConfiguration'
06:33:41.442 [main] DEBUG o.s.b.f.s.DefaultListableBeanFactory - Eagerly caching bean 'httpRequestHandlerAdapter' to allow for resolving potential circular references
06:33:41.443 [main] DEBUG o.s.b.f.s.DefaultListableBeanFactory - Returning cached instance of singleton bean 'metaDataSourceAdvisor'
06:33:41.444 [main] DEBUG o.s.b.f.s.DefaultListableBeanFactory - Finished creating instance of bean 'httpRequestHandlerAdapter'
06:33:41.444 [main] DEBUG o.s.b.f.s.DefaultListableBeanFactory - Creating shared instance of singleton bean 'simpleControllerHandlerAdapter'
06:33:41.444 [main] DEBUG o.s.b.f.s.DefaultListableBeanFactory - Creating instance of bean 'simpleControllerHandlerAdapter'
06:33:41.444 [main] DEBUG o.s.b.f.s.DefaultListableBeanFactory - Returning cached instance of singleton bean 'org.springframework.web.servlet.config.annotation.DelegatingWebMvcConfiguration'
06:33:41.445 [main] DEBUG o.s.b.f.s.DefaultListableBeanFactory - Eagerly caching bean 'simpleControllerHandlerAdapter' to allow for resolving potential circular references
06:33:41.447 [main] DEBUG o.s.b.f.s.DefaultListableBeanFactory - Returning cached instance of singleton bean 'metaDataSourceAdvisor'
06:33:41.447 [main] DEBUG o.s.b.f.s.DefaultListableBeanFactory - Finished creating instance of bean 'simpleControllerHandlerAdapter'
06:33:41.448 [main] DEBUG o.s.b.f.s.DefaultListableBeanFactory - Creating shared instance of singleton bean 'handlerExceptionResolver'
06:33:41.448 [main] DEBUG o.s.b.f.s.DefaultListableBeanFactory - Creating instance of bean 'handlerExceptionResolver'
06:33:41.448 [main] DEBUG o.s.b.f.s.DefaultListableBeanFactory - Returning cached instance of singleton bean 'org.springframework.web.servlet.config.annotation.DelegatingWebMvcConfiguration'
06:33:41.451 [main] DEBUG o.s.b.f.s.DefaultListableBeanFactory - Returning cached instance of singleton bean 'mvcContentNegotiationManager'
06:33:41.452 [main] DEBUG o.s.w.s.m.m.a.ExceptionHandlerExceptionResolver - Looking for exception mappings: org.springframework.web.context.support.GenericWebApplicationContext@6cabad07: startup date [Thu Mar 22 06:33:40 UTC 2018]; root of context hierarchy
06:33:41.453 [main] DEBUG o.s.b.f.s.DefaultListableBeanFactory - Eagerly caching bean 'handlerExceptionResolver' to allow for resolving potential circular references
06:33:41.454 [main] DEBUG o.s.b.f.s.DefaultListableBeanFactory - Returning cached instance of singleton bean 'metaDataSourceAdvisor'
06:33:41.454 [main] DEBUG o.s.b.f.s.DefaultListableBeanFactory - Finished creating instance of bean 'handlerExceptionResolver'
06:33:41.454 [main] DEBUG o.s.b.f.s.DefaultListableBeanFactory - Creating shared instance of singleton bean 'mvcViewResolver'
06:33:41.454 [main] DEBUG o.s.b.f.s.DefaultListableBeanFactory - Creating instance of bean 'mvcViewResolver'
06:33:41.455 [main] DEBUG o.s.b.f.s.DefaultListableBeanFactory - Returning cached instance of singleton bean 'org.springframework.web.servlet.config.annotation.DelegatingWebMvcConfiguration'
06:33:41.455 [main] DEBUG o.s.b.f.s.DefaultListableBeanFactory - Returning cached instance of singleton bean 'mvcContentNegotiationManager'
06:33:41.455 [main] DEBUG o.s.b.f.s.DefaultListableBeanFactory - Eagerly caching bean 'mvcViewResolver' to allow for resolving potential circular references
06:33:41.460 [main] DEBUG o.s.b.f.s.DefaultListableBeanFactory - Invoking afterPropertiesSet() on bean with name 'mvcViewResolver'
06:33:41.460 [main] DEBUG o.s.b.f.s.DefaultListableBeanFactory - Returning cached instance of singleton bean 'metaDataSourceAdvisor'
06:33:41.461 [main] DEBUG o.s.b.f.s.DefaultListableBeanFactory - Finished creating instance of bean 'mvcViewResolver'
06:33:41.461 [main] DEBUG o.s.b.f.s.DefaultListableBeanFactory - Returning cached instance of singleton bean 'mvcConversionService'
06:33:41.461 [main] DEBUG o.s.b.f.s.DefaultListableBeanFactory - Creating shared instance of singleton bean 'requestMappingHandlerMapping'
06:33:41.461 [main] DEBUG o.s.b.f.s.DefaultListableBeanFactory - Creating instance of bean 'requestMappingHandlerMapping'
06:33:41.461 [main] DEBUG o.s.b.f.s.DefaultListableBeanFactory - Returning cached instance of singleton bean 'org.springframework.web.servlet.config.annotation.DelegatingWebMvcConfiguration'
06:33:41.463 [main] DEBUG o.s.b.f.s.DefaultListableBeanFactory - Returning cached instance of singleton bean 'mvcContentNegotiationManager'
06:33:41.464 [main] DEBUG o.s.b.f.s.DefaultListableBeanFactory - Eagerly caching bean 'requestMappingHandlerMapping' to allow for resolving potential circular references
06:33:41.471 [main] DEBUG o.s.b.f.s.DefaultListableBeanFactory - Invoking afterPropertiesSet() on bean with name 'requestMappingHandlerMapping'
06:33:41.471 [main] DEBUG o.s.w.s.m.m.a.RequestMappingHandlerMapping - Looking for request mappings in application context: org.springframework.web.context.support.GenericWebApplicationContext@6cabad07: startup date [Thu Mar 22 06:33:40 UTC 2018]; root of context hierarchy
06:33:41.472 [main] DEBUG o.s.w.s.m.m.a.RequestMappingHandlerMapping - 1 request handler methods found on class edu.ncsu.csc.itrust2.controllers.DefaultController: {public org.springframework.web.servlet.view.RedirectView edu.ncsu.csc.itrust2.controllers.DefaultController.index(org.springframework.ui.Model)={[/]}}
06:33:41.472 [main] INFO  o.s.w.s.m.m.a.RequestMappingHandlerMapping - Mapped "{[/]}" onto public org.springframework.web.servlet.view.RedirectView edu.ncsu.csc.itrust2.controllers.DefaultController.index(org.springframework.ui.Model)
06:33:41.473 [main] DEBUG o.s.w.s.m.m.a.RequestMappingHandlerMapping - 1 request handler methods found on class edu.ncsu.csc.itrust2.controllers.admin.AdminController: {public java.lang.String edu.ncsu.csc.itrust2.controllers.admin.AdminController.index(org.springframework.ui.Model)={[/admin/index]}}
06:33:41.473 [main] INFO  o.s.w.s.m.m.a.RequestMappingHandlerMapping - Mapped "{[/admin/index]}" onto public java.lang.String edu.ncsu.csc.itrust2.controllers.admin.AdminController.index(org.springframework.ui.Model)
06:33:41.475 [main] DEBUG o.s.w.s.m.m.a.RequestMappingHandlerMapping - 5 request handler methods found on class edu.ncsu.csc.itrust2.controllers.admin.AdminUserController: {public java.lang.String edu.ncsu.csc.itrust2.controllers.admin.AdminUserController.addUserSubmit(edu.ncsu.csc.itrust2.forms.admin.UserForm,org.springframework.validation.BindingResult,org.springframework.ui.Model)={[/admin/addUser],methods=[POST]}, public java.lang.String edu.ncsu.csc.itrust2.controllers.admin.AdminUserController.deleteUser(org.springframework.ui.Model)={[/admin/deleteUser]}, public java.lang.String edu.ncsu.csc.itrust2.controllers.admin.AdminUserController.deleteUserSubmit(edu.ncsu.csc.itrust2.forms.admin.DeleteUserForm,org.springframework.validation.BindingResult,org.springframework.ui.Model)={[/admin/deleteUser],methods=[POST]}, public java.lang.String edu.ncsu.csc.itrust2.controllers.admin.AdminUserController.drugs(org.springframework.ui.Model)={[/admin/drugs]}, public java.lang.String edu.ncsu.csc.itrust2.controllers.admin.AdminUserController.addUser(org.springframework.ui.Model)={[/admin/addUser]}}
06:33:41.475 [main] INFO  o.s.w.s.m.m.a.RequestMappingHandlerMapping - Mapped "{[/admin/addUser],methods=[POST]}" onto public java.lang.String edu.ncsu.csc.itrust2.controllers.admin.AdminUserController.addUserSubmit(edu.ncsu.csc.itrust2.forms.admin.UserForm,org.springframework.validation.BindingResult,org.springframework.ui.Model)
06:33:41.476 [main] INFO  o.s.w.s.m.m.a.RequestMappingHandlerMapping - Mapped "{[/admin/deleteUser]}" onto public java.lang.String edu.ncsu.csc.itrust2.controllers.admin.AdminUserController.deleteUser(org.springframework.ui.Model)
06:33:41.476 [main] INFO  o.s.w.s.m.m.a.RequestMappingHandlerMapping - Mapped "{[/admin/deleteUser],methods=[POST]}" onto public java.lang.String edu.ncsu.csc.itrust2.controllers.admin.AdminUserController.deleteUserSubmit(edu.ncsu.csc.itrust2.forms.admin.DeleteUserForm,org.springframework.validation.BindingResult,org.springframework.ui.Model)
06:33:41.476 [main] INFO  o.s.w.s.m.m.a.RequestMappingHandlerMapping - Mapped "{[/admin/drugs]}" onto public java.lang.String edu.ncsu.csc.itrust2.controllers.admin.AdminUserController.drugs(org.springframework.ui.Model)
06:33:41.476 [main] INFO  o.s.w.s.m.m.a.RequestMappingHandlerMapping - Mapped "{[/admin/addUser]}" onto public java.lang.String edu.ncsu.csc.itrust2.controllers.admin.AdminUserController.addUser(org.springframework.ui.Model)
06:33:41.478 [main] DEBUG o.s.w.s.m.m.a.RequestMappingHandlerMapping - 4 request handler methods found on class edu.ncsu.csc.itrust2.controllers.admin.HospitalController: {public java.lang.String edu.ncsu.csc.itrust2.controllers.admin.HospitalController.addHospital(org.springframework.ui.Model)={[/admin/addHospital]}, public java.lang.String edu.ncsu.csc.itrust2.controllers.admin.HospitalController.addHospitalSubmit(edu.ncsu.csc.itrust2.forms.admin.HospitalForm,org.springframework.validation.BindingResult,org.springframework.ui.Model)={[/admin/addHospital],methods=[POST]}, public java.lang.String edu.ncsu.csc.itrust2.controllers.admin.HospitalController.deleteHospital(org.springframework.ui.Model)={[/admin/deleteHospital]}, public java.lang.String edu.ncsu.csc.itrust2.controllers.admin.HospitalController.deleteHospitalSubmit(edu.ncsu.csc.itrust2.forms.admin.DeleteHospitalForm,org.springframework.validation.BindingResult,org.springframework.ui.Model)={[/admin/deleteHospital],methods=[POST]}}
06:33:41.478 [main] INFO  o.s.w.s.m.m.a.RequestMappingHandlerMapping - Mapped "{[/admin/addHospital]}" onto public java.lang.String edu.ncsu.csc.itrust2.controllers.admin.HospitalController.addHospital(org.springframework.ui.Model)
06:33:41.478 [main] INFO  o.s.w.s.m.m.a.RequestMappingHandlerMapping - Mapped "{[/admin/addHospital],methods=[POST]}" onto public java.lang.String edu.ncsu.csc.itrust2.controllers.admin.HospitalController.addHospitalSubmit(edu.ncsu.csc.itrust2.forms.admin.HospitalForm,org.springframework.validation.BindingResult,org.springframework.ui.Model)
06:33:41.478 [main] INFO  o.s.w.s.m.m.a.RequestMappingHandlerMapping - Mapped "{[/admin/deleteHospital]}" onto public java.lang.String edu.ncsu.csc.itrust2.controllers.admin.HospitalController.deleteHospital(org.springframework.ui.Model)
06:33:41.478 [main] INFO  o.s.w.s.m.m.a.RequestMappingHandlerMapping - Mapped "{[/admin/deleteHospital],methods=[POST]}" onto public java.lang.String edu.ncsu.csc.itrust2.controllers.admin.HospitalController.deleteHospitalSubmit(edu.ncsu.csc.itrust2.forms.admin.DeleteHospitalForm,org.springframework.validation.BindingResult,org.springframework.ui.Model)
06:33:41.479 [main] DEBUG o.s.w.s.m.m.a.RequestMappingHandlerMapping - 1 request handler methods found on class edu.ncsu.csc.itrust2.controllers.admin.ICDCodesController: {public java.lang.String edu.ncsu.csc.itrust2.controllers.admin.ICDCodesController.addCode(org.springframework.ui.Model)={[/admin/manageICDCodes]}}
06:33:41.479 [main] INFO  o.s.w.s.m.m.a.RequestMappingHandlerMapping - Mapped "{[/admin/manageICDCodes]}" onto public java.lang.String edu.ncsu.csc.itrust2.controllers.admin.ICDCodesController.addCode(org.springframework.ui.Model)
06:33:41.481 [main] DEBUG o.s.w.s.m.m.a.RequestMappingHandlerMapping - 6 request handler methods found on class edu.ncsu.csc.itrust2.controllers.api.APIAppointmentRequestController: {public org.springframework.http.ResponseEntity edu.ncsu.csc.itrust2.controllers.api.APIAppointmentRequestController.getAppointmentRequest(java.lang.Long)={[/api/v1/new val],methods=[GET]}, public org.springframework.http.ResponseEntity edu.ncsu.csc.itrust2.controllers.api.APIAppointmentRequestController.createAppointmentRequest(edu.ncsu.csc.itrust2.forms.patient.AppointmentRequestForm)={[/api/v1/new val],methods=[POST]}, public org.springframework.http.ResponseEntity edu.ncsu.csc.itrust2.controllers.api.APIAppointmentRequestController.deleteAppointmentRequest(java.lang.Long)={[/api/v1//appointmentrequests/{id}],methods=[DELETE]}, public org.springframework.http.ResponseEntity edu.ncsu.csc.itrust2.controllers.api.APIAppointmentRequestController.updateAppointmentRequest(java.lang.Long,edu.ncsu.csc.itrust2.forms.patient.AppointmentRequestForm)={[/api/v1//appointmentrequests/{id}],methods=[PUT]}, public org.springframework.http.ResponseEntity edu.ncsu.csc.itrust2.controllers.api.APIAppointmentRequestController.deleteAppointmentRequests()={[/api/v1//appointmentrequests],methods=[DELETE]}, public java.util.List edu.ncsu.csc.itrust2.controllers.api.APIAppointmentRequestController.getAppointmentRequests()={[/api/v1//appointmentrequests],methods=[GET]}}
06:33:41.481 [main] INFO  o.s.w.s.m.m.a.RequestMappingHandlerMapping - Mapped "{[/api/v1/new val],methods=[GET]}" onto public org.springframework.http.ResponseEntity edu.ncsu.csc.itrust2.controllers.api.APIAppointmentRequestController.getAppointmentRequest(java.lang.Long)
06:33:41.481 [main] INFO  o.s.w.s.m.m.a.RequestMappingHandlerMapping - Mapped "{[/api/v1/new val],methods=[POST]}" onto public org.springframework.http.ResponseEntity edu.ncsu.csc.itrust2.controllers.api.APIAppointmentRequestController.createAppointmentRequest(edu.ncsu.csc.itrust2.forms.patient.AppointmentRequestForm)
06:33:41.481 [main] INFO  o.s.w.s.m.m.a.RequestMappingHandlerMapping - Mapped "{[/api/v1//appointmentrequests/{id}],methods=[DELETE]}" onto public org.springframework.http.ResponseEntity edu.ncsu.csc.itrust2.controllers.api.APIAppointmentRequestController.deleteAppointmentRequest(java.lang.Long)
06:33:41.481 [main] INFO  o.s.w.s.m.m.a.RequestMappingHandlerMapping - Mapped "{[/api/v1//appointmentrequests/{id}],methods=[PUT]}" onto public org.springframework.http.ResponseEntity edu.ncsu.csc.itrust2.controllers.api.APIAppointmentRequestController.updateAppointmentRequest(java.lang.Long,edu.ncsu.csc.itrust2.forms.patient.AppointmentRequestForm)
06:33:41.481 [main] INFO  o.s.w.s.m.m.a.RequestMappingHandlerMapping - Mapped "{[/api/v1//appointmentrequests],methods=[DELETE]}" onto public org.springframework.http.ResponseEntity edu.ncsu.csc.itrust2.controllers.api.APIAppointmentRequestController.deleteAppointmentRequests()
06:33:41.482 [main] INFO  o.s.w.s.m.m.a.RequestMappingHandlerMapping - Mapped "{[/api/v1//appointmentrequests],methods=[GET]}" onto public java.util.List<edu.ncsu.csc.itrust2.models.persistent.AppointmentRequest> edu.ncsu.csc.itrust2.controllers.api.APIAppointmentRequestController.getAppointmentRequests()
06:33:41.482 [main] DEBUG o.s.w.s.m.m.a.RequestMappingHandlerMapping - 3 request handler methods found on class edu.ncsu.csc.itrust2.controllers.api.APIDiagnosisController: {public org.springframework.http.ResponseEntity edu.ncsu.csc.itrust2.controllers.api.APIDiagnosisController.getDiagnosis(java.lang.Long)={[/api/v1//diagnosis/{id}],methods=[GET]}, public java.util.List edu.ncsu.csc.itrust2.controllers.api.APIDiagnosisController.getDiagnosis()={[/api/v1//diagnoses],methods=[GET]}, public java.util.List edu.ncsu.csc.itrust2.controllers.api.APIDiagnosisController.getDiagnosesForVisit(java.lang.Long)={[/api/v1//diagnosesforvisit/{id}],methods=[GET]}}
06:33:41.482 [main] INFO  o.s.w.s.m.m.a.RequestMappingHandlerMapping - Mapped "{[/api/v1//diagnosis/{id}],methods=[GET]}" onto public org.springframework.http.ResponseEntity edu.ncsu.csc.itrust2.controllers.api.APIDiagnosisController.getDiagnosis(java.lang.Long)
06:33:41.483 [main] INFO  o.s.w.s.m.m.a.RequestMappingHandlerMapping - Mapped "{[/api/v1//diagnoses],methods=[GET]}" onto public java.util.List<edu.ncsu.csc.itrust2.models.persistent.Diagnosis> edu.ncsu.csc.itrust2.controllers.api.APIDiagnosisController.getDiagnosis()
06:33:41.483 [main] INFO  o.s.w.s.m.m.a.RequestMappingHandlerMapping - Mapped "{[/api/v1//diagnosesforvisit/{id}],methods=[GET]}" onto public java.util.List<edu.ncsu.csc.itrust2.models.persistent.Diagnosis> edu.ncsu.csc.itrust2.controllers.api.APIDiagnosisController.getDiagnosesForVisit(java.lang.Long)
06:33:41.484 [main] DEBUG o.s.w.s.m.m.a.RequestMappingHandlerMapping - 4 request handler methods found on class edu.ncsu.csc.itrust2.controllers.api.APIDrugController: {public org.springframework.http.ResponseEntity edu.ncsu.csc.itrust2.controllers.api.APIDrugController.addDrug(edu.ncsu.csc.itrust2.forms.admin.DrugForm)={[/api/v1//drugs],methods=[POST]}, public org.springframework.http.ResponseEntity edu.ncsu.csc.itrust2.controllers.api.APIDrugController.editDrug(edu.ncsu.csc.itrust2.forms.admin.DrugForm)={[/api/v1//drugs],methods=[PUT]}, public org.springframework.http.ResponseEntity edu.ncsu.csc.itrust2.controllers.api.APIDrugController.deleteDrug(java.lang.String)={[/api/v1//drugs/{id}],methods=[DELETE]}, public java.util.List edu.ncsu.csc.itrust2.controllers.api.APIDrugController.getDrugs()={[/api/v1//drugs],methods=[GET]}}
06:33:41.485 [main] INFO  o.s.w.s.m.m.a.RequestMappingHandlerMapping - Mapped "{[/api/v1//drugs],methods=[POST]}" onto public org.springframework.http.ResponseEntity edu.ncsu.csc.itrust2.controllers.api.APIDrugController.addDrug(edu.ncsu.csc.itrust2.forms.admin.DrugForm)
06:33:41.485 [main] INFO  o.s.w.s.m.m.a.RequestMappingHandlerMapping - Mapped "{[/api/v1//drugs],methods=[PUT]}" onto public org.springframework.http.ResponseEntity edu.ncsu.csc.itrust2.controllers.api.APIDrugController.editDrug(edu.ncsu.csc.itrust2.forms.admin.DrugForm)
06:33:41.486 [main] INFO  o.s.w.s.m.m.a.RequestMappingHandlerMapping - Mapped "{[/api/v1//drugs/{id}],methods=[DELETE]}" onto public org.springframework.http.ResponseEntity edu.ncsu.csc.itrust2.controllers.api.APIDrugController.deleteDrug(java.lang.String)
06:33:41.486 [main] INFO  o.s.w.s.m.m.a.RequestMappingHandlerMapping - Mapped "{[/api/v1//drugs],methods=[GET]}" onto public java.util.List<edu.ncsu.csc.itrust2.models.persistent.Drug> edu.ncsu.csc.itrust2.controllers.api.APIDrugController.getDrugs()
06:33:41.489 [main] DEBUG o.s.w.s.m.m.a.RequestMappingHandlerMapping - 7 request handler methods found on class edu.ncsu.csc.itrust2.controllers.api.APIEnumController: {public java.util.List edu.ncsu.csc.itrust2.controllers.api.APIEnumController.getEthnicity()={[/api/v1//ethnicity],methods=[GET]}, public java.util.List edu.ncsu.csc.itrust2.controllers.api.APIEnumController.getGenders()={[/api/v1//gender],methods=[GET]}, public java.util.List edu.ncsu.csc.itrust2.controllers.api.APIEnumController.getStates()={[/api/v1//state],methods=[GET]}, public java.util.List edu.ncsu.csc.itrust2.controllers.api.APIEnumController.getHouseSmokingStatuses()={[/api/v1//housesmoking],methods=[GET]}, public java.util.List edu.ncsu.csc.itrust2.controllers.api.APIEnumController.getPatientSmokingStatuses()={[/api/v1//patientsmoking],methods=[GET]}, public java.util.List edu.ncsu.csc.itrust2.controllers.api.APIEnumController.getAppointmentTypes()={[/api/v1//appointmenttype],methods=[GET]}, public java.util.List edu.ncsu.csc.itrust2.controllers.api.APIEnumController.getBloodTypes()={[/api/v1//bloodtype],methods=[GET]}}
06:33:41.489 [main] INFO  o.s.w.s.m.m.a.RequestMappingHandlerMapping - Mapped "{[/api/v1//ethnicity],methods=[GET]}" onto public java.util.List<java.util.Map<java.lang.String, java.lang.Object>> edu.ncsu.csc.itrust2.controllers.api.APIEnumController.getEthnicity()
06:33:41.489 [main] INFO  o.s.w.s.m.m.a.RequestMappingHandlerMapping - Mapped "{[/api/v1//gender],methods=[GET]}" onto public java.util.List<java.util.Map<java.lang.String, java.lang.Object>> edu.ncsu.csc.itrust2.controllers.api.APIEnumController.getGenders()
06:33:41.489 [main] INFO  o.s.w.s.m.m.a.RequestMappingHandlerMapping - Mapped "{[/api/v1//state],methods=[GET]}" onto public java.util.List<java.util.Map<java.lang.String, java.lang.Object>> edu.ncsu.csc.itrust2.controllers.api.APIEnumController.getStates()
06:33:41.489 [main] INFO  o.s.w.s.m.m.a.RequestMappingHandlerMapping - Mapped "{[/api/v1//housesmoking],methods=[GET]}" onto public java.util.List<edu.ncsu.csc.itrust2.models.enums.HouseholdSmokingStatus> edu.ncsu.csc.itrust2.controllers.api.APIEnumController.getHouseSmokingStatuses()
06:33:41.490 [main] INFO  o.s.w.s.m.m.a.RequestMappingHandlerMapping - Mapped "{[/api/v1//patientsmoking],methods=[GET]}" onto public java.util.List<edu.ncsu.csc.itrust2.models.enums.PatientSmokingStatus> edu.ncsu.csc.itrust2.controllers.api.APIEnumController.getPatientSmokingStatuses()
06:33:41.490 [main] INFO  o.s.w.s.m.m.a.RequestMappingHandlerMapping - Mapped "{[/api/v1//appointmenttype],methods=[GET]}" onto public java.util.List<edu.ncsu.csc.itrust2.models.enums.AppointmentType> edu.ncsu.csc.itrust2.controllers.api.APIEnumController.getAppointmentTypes()
06:33:41.490 [main] INFO  o.s.w.s.m.m.a.RequestMappingHandlerMapping - Mapped "{[/api/v1//bloodtype],methods=[GET]}" onto public java.util.List<java.util.Map<java.lang.String, java.lang.Object>> edu.ncsu.csc.itrust2.controllers.api.APIEnumController.getBloodTypes()
06:33:41.491 [main] DEBUG o.s.w.s.m.m.a.RequestMappingHandlerMapping - 4 request handler methods found on class edu.ncsu.csc.itrust2.controllers.api.APIHospitalController: {public org.springframework.http.ResponseEntity edu.ncsu.csc.itrust2.controllers.api.APIHospitalController.createHospital(edu.ncsu.csc.itrust2.forms.admin.HospitalForm)={[/api/v1//hospitals],methods=[POST]}, public org.springframework.http.ResponseEntity edu.ncsu.csc.itrust2.controllers.api.APIHospitalController.updateHospital(java.lang.String,edu.ncsu.csc.itrust2.forms.admin.HospitalForm)={[/api/v1//hospitals/{id}],methods=[PUT]}, public java.util.List edu.ncsu.csc.itrust2.controllers.api.APIHospitalController.getHospitals()={[/api/v1//hospitals],methods=[GET]}, public org.springframework.http.ResponseEntity edu.ncsu.csc.itrust2.controllers.api.APIHospitalController.getHospital(java.lang.String)={[/api/v1/new val],methods=[GET]}}
06:33:41.491 [main] INFO  o.s.w.s.m.m.a.RequestMappingHandlerMapping - Mapped "{[/api/v1//hospitals],methods=[POST]}" onto public org.springframework.http.ResponseEntity edu.ncsu.csc.itrust2.controllers.api.APIHospitalController.createHospital(edu.ncsu.csc.itrust2.forms.admin.HospitalForm)
06:33:41.491 [main] INFO  o.s.w.s.m.m.a.RequestMappingHandlerMapping - Mapped "{[/api/v1//hospitals/{id}],methods=[PUT]}" onto public org.springframework.http.ResponseEntity edu.ncsu.csc.itrust2.controllers.api.APIHospitalController.updateHospital(java.lang.String,edu.ncsu.csc.itrust2.forms.admin.HospitalForm)
06:33:41.492 [main] INFO  o.s.w.s.m.m.a.RequestMappingHandlerMapping - Mapped "{[/api/v1//hospitals],methods=[GET]}" onto public java.util.List<edu.ncsu.csc.itrust2.models.persistent.Hospital> edu.ncsu.csc.itrust2.controllers.api.APIHospitalController.getHospitals()
06:33:41.492 [main] WARN  o.s.w.c.s.GenericWebApplicationContext - Exception encountered during context initialization - cancelling refresh attempt: org.springframework.beans.factory.BeanCreationException: Error creating bean with name 'requestMappingHandlerMapping' defined in org.springframework.web.servlet.config.annotation.DelegatingWebMvcConfiguration: Invocation of init method failed; nested exception is java.lang.IllegalStateException: Ambiguous mapping. Cannot map 'APIHospitalController' method 
public org.springframework.http.ResponseEntity edu.ncsu.csc.itrust2.controllers.api.APIHospitalController.getHospital(java.lang.String)
to {[/api/v1/new val],methods=[GET]}: There is already 'APIAppointmentRequestController' bean method
public org.springframework.http.ResponseEntity edu.ncsu.csc.itrust2.controllers.api.APIAppointmentRequestController.getAppointmentRequest(java.lang.Long) mapped.
06:33:41.492 [main] DEBUG o.s.b.f.s.DefaultListableBeanFactory - Destroying singletons in org.springframework.beans.factory.support.DefaultListableBeanFactory@3a02dd8c: defining beans [org.springframework.context.annotation.internalConfigurationAnnotationProcessor,org.springframework.context.annotation.internalAutowiredAnnotationProcessor,org.springframework.context.annotation.internalRequiredAnnotationProcessor,org.springframework.context.annotation.internalCommonAnnotationProcessor,org.springframework.context.annotation.internalPersistenceAnnotationProcessor,org.springframework.context.event.internalEventListenerProcessor,org.springframework.context.event.internalEventListenerFactory,rootConfiguration,webMvcConfiguration,dataConfiguration,loginAuditingListener,securityConfig,defaultController,adminController,adminUserController,hospitalController,ICDCodesController,APIAppointmentRequestController,APIDiagnosisController,APIDrugController,APIEnumController,APIHospitalController,APIICDCodeController,APILogEntryController,APIOfficeVisitController,APIPasswordController,APIPatientController,APIPersonnelController,APIPrescriptionController,APIUserController,appointmentControllerHCP,HCPController,officeVisitController,appointmentController,diagnosesController,patientController,passwordController,userController,dataSource,org.springframework.security.config.annotation.configuration.ObjectPostProcessorConfiguration,objectPostProcessor,org.springframework.security.config.annotation.authentication.configuration.AuthenticationConfiguration,authenticationManagerBuilder,enableGlobalAuthenticationAutowiredConfigurer,initializeUserDetailsBeanManagerConfigurer,initializeAuthenticationProviderBeanManagerConfigurer,org.springframework.security.config.annotation.web.configuration.WebSecurityConfiguration,delegatingApplicationListener,webSecurityExpressionHandler,springSecurityFilterChain,privilegeEvaluator,autowiredWebSecurityConfigurersIgnoreParents,org.springframework.security.config.annotation.web.configuration.WebMvcSecurityConfiguration,requestDataValueProcessor,passwordEncoder,defaultAuthenticationEventPublisher,failureHandler,ipBlockFilter,org.springframework.web.servlet.config.annotation.DelegatingWebMvcConfiguration,mvcPathMatcher,mvcUrlPathHelper,mvcContentNegotiationManager,viewControllerHandlerMapping,beanNameHandlerMapping,resourceHandlerMapping,mvcResourceUrlProvider,defaultServletHandlerMapping,requestMappingHandlerAdapter,mvcValidator,mvcUriComponentsContributor,httpRequestHandlerAdapter,simpleControllerHandlerAdapter,handlerExceptionResolver,mvcViewResolver,mvcConversionService,requestMappingHandlerMapping,org.springframework.security.config.annotation.method.configuration.GlobalMethodSecurityConfiguration,methodSecurityInterceptor,methodSecurityMetadataSource,preInvocationAuthorizationAdvice,viewResolver,templateEngine,domainClassConverter,metaDataSourceAdvisor,org.springframework.aop.config.internalAutoProxyCreator]; root of factory hierarchy
06:33:41.492 [main] DEBUG o.s.b.f.s.DisposableBeanAdapter - Invoking destroy() on bean with name 'mvcValidator'
06:33:41.492 [main] DEBUG o.s.b.f.s.DefaultListableBeanFactory - Retrieved dependent beans for bean 'springSecurityFilterChain': [webSecurityExpressionHandler, privilegeEvaluator]
06:33:41.492 [main] DEBUG o.s.b.f.s.DisposableBeanAdapter - Invoking destroy() on bean with name 'springSecurityFilterChain'
06:33:41.492 [main] DEBUG o.s.b.f.s.DisposableBeanAdapter - Invoking destroy() on bean with name 'ipBlockFilter'
06:33:41.492 [main] DEBUG o.s.b.f.s.DefaultListableBeanFactory - Retrieved dependent beans for bean 'objectPostProcessor': [org.springframework.security.config.annotation.method.configuration.GlobalMethodSecurityConfiguration, org.springframework.security.config.annotation.authentication.configuration.AuthenticationConfiguration, securityConfig, authenticationManagerBuilder, org.springframework.security.config.annotation.web.configuration.WebSecurityConfiguration]
06:33:41.492 [main] DEBUG o.s.b.f.s.DefaultListableBeanFactory - Retrieved dependent beans for bean 'org.springframework.security.config.annotation.authentication.configuration.AuthenticationConfiguration': [securityConfig]
06:33:41.492 [main] DEBUG o.s.b.f.s.DisposableBeanAdapter - Invoking destroy() on bean with name 'objectPostProcessor'
06:33:41.493 [main] ERROR o.s.test.context.TestContextManager - Caught exception while allowing TestExecutionListener [org.springframework.test.context.web.ServletTestExecutionListener@4c4b468b] to prepare test instance [edu.ncsu.csc.itrust2.apitest.APIUserTest@3cf6f391]
java.lang.IllegalStateException: Failed to load ApplicationContext
	at org.springframework.test.context.cache.DefaultCacheAwareContextLoaderDelegate.loadContext(DefaultCacheAwareContextLoaderDelegate.java:124) ~[spring-test-4.3.5.RELEASE.jar:4.3.5.RELEASE]
	at org.springframework.test.context.support.DefaultTestContext.getApplicationContext(DefaultTestContext.java:83) ~[spring-test-4.3.5.RELEASE.jar:4.3.5.RELEASE]
	at org.springframework.test.context.web.ServletTestExecutionListener.setUpRequestContextIfNecessary(ServletTestExecutionListener.java:189) ~[spring-test-4.3.5.RELEASE.jar:4.3.5.RELEASE]
	at org.springframework.test.context.web.ServletTestExecutionListener.prepareTestInstance(ServletTestExecutionListener.java:131) ~[spring-test-4.3.5.RELEASE.jar:4.3.5.RELEASE]
	at org.springframework.test.context.TestContextManager.prepareTestInstance(TestContextManager.java:230) ~[spring-test-4.3.5.RELEASE.jar:4.3.5.RELEASE]
	at org.springframework.test.context.junit4.SpringJUnit4ClassRunner.createTest(SpringJUnit4ClassRunner.java:228) [spring-test-4.3.5.RELEASE.jar:4.3.5.RELEASE]
	at org.springframework.test.context.junit4.SpringJUnit4ClassRunner$1.runReflectiveCall(SpringJUnit4ClassRunner.java:287) [spring-test-4.3.5.RELEASE.jar:4.3.5.RELEASE]
	at org.junit.internal.runners.model.ReflectiveCallable.run(ReflectiveCallable.java:12) [junit-4.12.jar:4.12]
	at org.springframework.test.context.junit4.SpringJUnit4ClassRunner.methodBlock(SpringJUnit4ClassRunner.java:289) [spring-test-4.3.5.RELEASE.jar:4.3.5.RELEASE]
	at org.springframework.test.context.junit4.SpringJUnit4ClassRunner.runChild(SpringJUnit4ClassRunner.java:247) [spring-test-4.3.5.RELEASE.jar:4.3.5.RELEASE]
	at org.springframework.test.context.junit4.SpringJUnit4ClassRunner.runChild(SpringJUnit4ClassRunner.java:94) [spring-test-4.3.5.RELEASE.jar:4.3.5.RELEASE]
	at org.junit.runners.ParentRunner$3.run(ParentRunner.java:290) [junit-4.12.jar:4.12]
	at org.junit.runners.ParentRunner$1.schedule(ParentRunner.java:71) [junit-4.12.jar:4.12]
	at org.junit.runners.ParentRunner.runChildren(ParentRunner.java:288) [junit-4.12.jar:4.12]
	at org.junit.runners.ParentRunner.access$000(ParentRunner.java:58) [junit-4.12.jar:4.12]
	at org.junit.runners.ParentRunner$2.evaluate(ParentRunner.java:268) [junit-4.12.jar:4.12]
	at org.springframework.test.context.junit4.statements.RunBeforeTestClassCallbacks.evaluate(RunBeforeTestClassCallbacks.java:61) [spring-test-4.3.5.RELEASE.jar:4.3.5.RELEASE]
	at org.springframework.test.context.junit4.statements.RunAfterTestClassCallbacks.evaluate(RunAfterTestClassCallbacks.java:70) [spring-test-4.3.5.RELEASE.jar:4.3.5.RELEASE]
	at org.junit.runners.ParentRunner.run(ParentRunner.java:363) [junit-4.12.jar:4.12]
	at org.springframework.test.context.junit4.SpringJUnit4ClassRunner.run(SpringJUnit4ClassRunner.java:191) [spring-test-4.3.5.RELEASE.jar:4.3.5.RELEASE]
	at org.apache.maven.surefire.junit4.JUnit4Provider.execute(JUnit4Provider.java:365) [surefire-junit4-2.20.jar:2.20]
	at org.apache.maven.surefire.junit4.JUnit4Provider.executeWithRerun(JUnit4Provider.java:272) [surefire-junit4-2.20.jar:2.20]
	at org.apache.maven.surefire.junit4.JUnit4Provider.executeTestSet(JUnit4Provider.java:236) [surefire-junit4-2.20.jar:2.20]
	at org.apache.maven.surefire.junit4.JUnit4Provider.invoke(JUnit4Provider.java:159) [surefire-junit4-2.20.jar:2.20]
	at org.apache.maven.surefire.booter.ForkedBooter.invokeProviderInSameClassLoader(ForkedBooter.java:386) [surefire-booter-2.20.jar:2.20]
	at org.apache.maven.surefire.booter.ForkedBooter.runSuitesInProcess(ForkedBooter.java:323) [surefire-booter-2.20.jar:2.20]
	at org.apache.maven.surefire.booter.ForkedBooter.main(ForkedBooter.java:143) [surefire-booter-2.20.jar:2.20]
Caused by: org.springframework.beans.factory.BeanCreationException: Error creating bean with name 'requestMappingHandlerMapping' defined in org.springframework.web.servlet.config.annotation.DelegatingWebMvcConfiguration: Invocation of init method failed; nested exception is java.lang.IllegalStateException: Ambiguous mapping. Cannot map 'APIHospitalController' method 
public org.springframework.http.ResponseEntity edu.ncsu.csc.itrust2.controllers.api.APIHospitalController.getHospital(java.lang.String)
to {[/api/v1/new val],methods=[GET]}: There is already 'APIAppointmentRequestController' bean method
public org.springframework.http.ResponseEntity edu.ncsu.csc.itrust2.controllers.api.APIAppointmentRequestController.getAppointmentRequest(java.lang.Long) mapped.
	at org.springframework.beans.factory.support.AbstractAutowireCapableBeanFactory.initializeBean(AbstractAutowireCapableBeanFactory.java:1589) ~[spring-beans-4.3.5.RELEASE.jar:4.3.5.RELEASE]
	at org.springframework.beans.factory.support.AbstractAutowireCapableBeanFactory.doCreateBean(AbstractAutowireCapableBeanFactory.java:554) ~[spring-beans-4.3.5.RELEASE.jar:4.3.5.RELEASE]
	at org.springframework.beans.factory.support.AbstractAutowireCapableBeanFactory.createBean(AbstractAutowireCapableBeanFactory.java:483) ~[spring-beans-4.3.5.RELEASE.jar:4.3.5.RELEASE]
	at org.springframework.beans.factory.support.AbstractBeanFactory$1.getObject(AbstractBeanFactory.java:306) ~[spring-beans-4.3.5.RELEASE.jar:4.3.5.RELEASE]
	at org.springframework.beans.factory.support.DefaultSingletonBeanRegistry.getSingleton(DefaultSingletonBeanRegistry.java:230) ~[spring-beans-4.3.5.RELEASE.jar:4.3.5.RELEASE]
	at org.springframework.beans.factory.support.AbstractBeanFactory.doGetBean(AbstractBeanFactory.java:302) ~[spring-beans-4.3.5.RELEASE.jar:4.3.5.RELEASE]
	at org.springframework.beans.factory.support.AbstractBeanFactory.getBean(AbstractBeanFactory.java:197) ~[spring-beans-4.3.5.RELEASE.jar:4.3.5.RELEASE]
	at org.springframework.beans.factory.support.DefaultListableBeanFactory.preInstantiateSingletons(DefaultListableBeanFactory.java:759) ~[spring-beans-4.3.5.RELEASE.jar:4.3.5.RELEASE]
	at org.springframework.context.support.AbstractApplicationContext.finishBeanFactoryInitialization(AbstractApplicationContext.java:866) ~[spring-context-4.3.5.RELEASE.jar:4.3.5.RELEASE]
	at org.springframework.context.support.AbstractApplicationContext.refresh(AbstractApplicationContext.java:542) ~[spring-context-4.3.5.RELEASE.jar:4.3.5.RELEASE]
	at org.springframework.test.context.web.AbstractGenericWebContextLoader.loadContext(AbstractGenericWebContextLoader.java:134) ~[spring-test-4.3.5.RELEASE.jar:4.3.5.RELEASE]
	at org.springframework.test.context.web.AbstractGenericWebContextLoader.loadContext(AbstractGenericWebContextLoader.java:61) ~[spring-test-4.3.5.RELEASE.jar:4.3.5.RELEASE]
	at org.springframework.test.context.support.AbstractDelegatingSmartContextLoader.delegateLoading(AbstractDelegatingSmartContextLoader.java:108) ~[spring-test-4.3.5.RELEASE.jar:4.3.5.RELEASE]
	at org.springframework.test.context.support.AbstractDelegatingSmartContextLoader.loadContext(AbstractDelegatingSmartContextLoader.java:251) ~[spring-test-4.3.5.RELEASE.jar:4.3.5.RELEASE]
	at org.springframework.test.context.cache.DefaultCacheAwareContextLoaderDelegate.loadContextInternal(DefaultCacheAwareContextLoaderDelegate.java:98) ~[spring-test-4.3.5.RELEASE.jar:4.3.5.RELEASE]
	at org.springframework.test.context.cache.DefaultCacheAwareContextLoaderDelegate.loadContext(DefaultCacheAwareContextLoaderDelegate.java:116) ~[spring-test-4.3.5.RELEASE.jar:4.3.5.RELEASE]
	... 26 common frames omitted
Caused by: java.lang.IllegalStateException: Ambiguous mapping. Cannot map 'APIHospitalController' method 
public org.springframework.http.ResponseEntity edu.ncsu.csc.itrust2.controllers.api.APIHospitalController.getHospital(java.lang.String)
to {[/api/v1/new val],methods=[GET]}: There is already 'APIAppointmentRequestController' bean method
public org.springframework.http.ResponseEntity edu.ncsu.csc.itrust2.controllers.api.APIAppointmentRequestController.getAppointmentRequest(java.lang.Long) mapped.
	at org.springframework.web.servlet.handler.AbstractHandlerMethodMapping$MappingRegistry.assertUniqueMethodMapping(AbstractHandlerMethodMapping.java:576) ~[spring-webmvc-4.3.5.RELEASE.jar:4.3.5.RELEASE]
	at org.springframework.web.servlet.handler.AbstractHandlerMethodMapping$MappingRegistry.register(AbstractHandlerMethodMapping.java:540) ~[spring-webmvc-4.3.5.RELEASE.jar:4.3.5.RELEASE]
	at org.springframework.web.servlet.handler.AbstractHandlerMethodMapping.registerHandlerMethod(AbstractHandlerMethodMapping.java:264) ~[spring-webmvc-4.3.5.RELEASE.jar:4.3.5.RELEASE]
	at org.springframework.web.servlet.handler.AbstractHandlerMethodMapping.detectHandlerMethods(AbstractHandlerMethodMapping.java:250) ~[spring-webmvc-4.3.5.RELEASE.jar:4.3.5.RELEASE]
	at org.springframework.web.servlet.handler.AbstractHandlerMethodMapping.initHandlerMethods(AbstractHandlerMethodMapping.java:214) ~[spring-webmvc-4.3.5.RELEASE.jar:4.3.5.RELEASE]
	at org.springframework.web.servlet.handler.AbstractHandlerMethodMapping.afterPropertiesSet(AbstractHandlerMethodMapping.java:184) ~[spring-webmvc-4.3.5.RELEASE.jar:4.3.5.RELEASE]
	at org.springframework.web.servlet.mvc.method.annotation.RequestMappingHandlerMapping.afterPropertiesSet(RequestMappingHandlerMapping.java:127) ~[spring-webmvc-4.3.5.RELEASE.jar:4.3.5.RELEASE]
	at org.springframework.beans.factory.support.AbstractAutowireCapableBeanFactory.invokeInitMethods(AbstractAutowireCapableBeanFactory.java:1648) ~[spring-beans-4.3.5.RELEASE.jar:4.3.5.RELEASE]
	at org.springframework.beans.factory.support.AbstractAutowireCapableBeanFactory.initializeBean(AbstractAutowireCapableBeanFactory.java:1585) ~[spring-beans-4.3.5.RELEASE.jar:4.3.5.RELEASE]
	... 41 common frames omitted
]]></system-out>
  </testcase>
</testsuite>