<?xml version="1.0" encoding="UTF-8"?>
<testsuite xmlns:xsi="http://www.w3.org/2001/XMLSchema-instance" xsi:noNamespaceSchemaLocation="https://maven.apache.org/surefire/maven-surefire-plugin/xsd/surefire-test-report.xsd" name="edu.ncsu.csc.itrust2.apitest.APIPatientTest" time="0.114" tests="4" errors="4" skipped="0" failures="0">
  <properties>
    <property name="java.runtime.name" value="Java(TM) SE Runtime Environment"/>
    <property name="sun.boot.library.path" value="/usr/lib/jvm/java-8-oracle/jre/lib/amd64"/>
    <property name="java.vm.version" value="25.161-b12"/>
    <property name="java.vm.vendor" value="Oracle Corporation"/>
    <property name="maven.multiModuleProjectDirectory" value="/var/lib/jenkins/workspace/itrust-test/iTrust2"/>
    <property name="java.vendor.url" value="http://java.oracle.com/"/>
    <property name="path.separator" value=":"/>
    <property name="guice.disable.misplaced.annotation.check" value="true"/>
    <property name="java.vm.name" value="Java HotSpot(TM) 64-Bit Server VM"/>
    <property name="file.encoding.pkg" value="sun.io"/>
    <property name="user.country" value="US"/>
    <property name="sun.java.launcher" value="SUN_STANDARD"/>
    <property name="sun.os.patch.level" value="unknown"/>
    <property name="java.vm.specification.name" value="Java Virtual Machine Specification"/>
    <property name="user.dir" value="/var/lib/jenkins/workspace/itrust-test/iTrust2"/>
    <property name="java.runtime.version" value="1.8.0_161-b12"/>
    <property name="java.awt.graphicsenv" value="sun.awt.X11GraphicsEnvironment"/>
    <property name="java.endorsed.dirs" value="/usr/lib/jvm/java-8-oracle/jre/lib/endorsed"/>
    <property name="os.arch" value="amd64"/>
    <property name="java.io.tmpdir" value="/tmp"/>
    <property name="line.separator" value="&#10;"/>
    <property name="java.vm.specification.vendor" value="Oracle Corporation"/>
    <property name="os.name" value="Linux"/>
    <property name="classworlds.conf" value="/usr/share/maven/bin/m2.conf"/>
    <property name="sun.jnu.encoding" value="UTF-8"/>
    <property name="java.library.path" value="/usr/java/packages/lib/amd64:/usr/lib64:/lib64:/lib:/usr/lib"/>
    <property name="java.specification.name" value="Java Platform API Specification"/>
    <property name="java.class.version" value="52.0"/>
    <property name="sun.management.compiler" value="HotSpot 64-Bit Tiered Compilers"/>
    <property name="os.version" value="4.4.0-112-generic"/>
    <property name="user.home" value="/var/lib/jenkins"/>
    <property name="user.timezone" value="Etc/UTC"/>
    <property name="java.awt.printerjob" value="sun.print.PSPrinterJob"/>
    <property name="file.encoding" value="UTF-8"/>
    <property name="java.specification.version" value="1.8"/>
    <property name="user.name" value="jenkins"/>
    <property name="java.class.path" value="/usr/share/maven/boot/plexus-classworlds-2.x.jar"/>
    <property name="java.vm.specification.version" value="1.8"/>
    <property name="sun.arch.data.model" value="64"/>
    <property name="java.home" value="/usr/lib/jvm/java-8-oracle/jre"/>
    <property name="sun.java.command" value="org.codehaus.plexus.classworlds.launcher.Launcher clean test verify"/>
    <property name="java.specification.vendor" value="Oracle Corporation"/>
    <property name="user.language" value="en"/>
    <property name="awt.toolkit" value="sun.awt.X11.XToolkit"/>
    <property name="java.vm.info" value="mixed mode"/>
    <property name="java.version" value="1.8.0_161"/>
    <property name="java.ext.dirs" value="/usr/lib/jvm/java-8-oracle/jre/lib/ext:/usr/java/packages/lib/ext"/>
    <property name="securerandom.source" value="file:/dev/./urandom"/>
    <property name="sun.boot.class.path" value="/usr/lib/jvm/java-8-oracle/jre/lib/resources.jar:/usr/lib/jvm/java-8-oracle/jre/lib/rt.jar:/usr/lib/jvm/java-8-oracle/jre/lib/sunrsasign.jar:/usr/lib/jvm/java-8-oracle/jre/lib/jsse.jar:/usr/lib/jvm/java-8-oracle/jre/lib/jce.jar:/usr/lib/jvm/java-8-oracle/jre/lib/charsets.jar:/usr/lib/jvm/java-8-oracle/jre/lib/jfr.jar:/usr/lib/jvm/java-8-oracle/jre/classes"/>
    <property name="java.vendor" value="Oracle Corporation"/>
    <property name="maven.home" value="/usr/share/maven"/>
    <property name="file.separator" value="/"/>
    <property name="java.vendor.url.bug" value="http://bugreport.sun.com/bugreport/"/>
    <property name="sun.cpu.endian" value="little"/>
    <property name="sun.io.unicode.encoding" value="UnicodeLittle"/>
    <property name="sun.cpu.isalist" value=""/>
  </properties>
  <testcase name="testGetNonExistentPatient" classname="edu.ncsu.csc.itrust2.apitest.APIPatientTest" time="0">
    <error message="Failed to load ApplicationContext" type="java.lang.IllegalStateException"><![CDATA[java.lang.IllegalStateException: Failed to load ApplicationContext
Caused by: org.springframework.beans.factory.BeanCreationException: 
Error creating bean with name 'requestMappingHandlerMapping' defined in org.springframework.web.servlet.config.annotation.DelegatingWebMvcConfiguration: Invocation of init method failed; nested exception is java.lang.IllegalStateException: Ambiguous mapping. Cannot map 'APIEnumController' method 
public java.util.List<edu.ncsu.csc.itrust2.models.enums.AppointmentType> edu.ncsu.csc.itrust2.controllers.api.APIEnumController.getAppointmentTypes()
to {[/api/v1/new val],methods=[GET]}: There is already 'APIEnumController' bean method
public java.util.List<java.util.Map<java.lang.String, java.lang.Object>> edu.ncsu.csc.itrust2.controllers.api.APIEnumController.getGenders() mapped.
Caused by: java.lang.IllegalStateException: 
Ambiguous mapping. Cannot map 'APIEnumController' method 
public java.util.List<edu.ncsu.csc.itrust2.models.enums.AppointmentType> edu.ncsu.csc.itrust2.controllers.api.APIEnumController.getAppointmentTypes()
to {[/api/v1/new val],methods=[GET]}: There is already 'APIEnumController' bean method
public java.util.List<java.util.Map<java.lang.String, java.lang.Object>> edu.ncsu.csc.itrust2.controllers.api.APIEnumController.getGenders() mapped.
]]></error>
    <system-out><![CDATA[06:58:19.747 [main] DEBUG o.s.t.c.j.SpringJUnit4ClassRunner - SpringJUnit4ClassRunner constructor called with [class edu.ncsu.csc.itrust2.apitest.APIPatientTest]
06:58:19.747 [main] DEBUG o.s.test.context.BootstrapUtils - Instantiating CacheAwareContextLoaderDelegate from class [org.springframework.test.context.cache.DefaultCacheAwareContextLoaderDelegate]
06:58:19.747 [main] DEBUG o.s.test.context.BootstrapUtils - Instantiating BootstrapContext using constructor [public org.springframework.test.context.support.DefaultBootstrapContext(java.lang.Class,org.springframework.test.context.CacheAwareContextLoaderDelegate)]
06:58:19.748 [main] DEBUG o.s.test.context.BootstrapUtils - Instantiating TestContextBootstrapper for test class [edu.ncsu.csc.itrust2.apitest.APIPatientTest] from class [org.springframework.test.context.web.WebTestContextBootstrapper]
06:58:19.748 [main] DEBUG o.s.t.c.s.AbstractDelegatingSmartContextLoader - Delegating to AnnotationConfigWebContextLoader to process context configuration [ContextConfigurationAttributes@68704c76 declaringClass = 'edu.ncsu.csc.itrust2.apitest.APIPatientTest', classes = '{class edu.ncsu.csc.itrust2.config.RootConfiguration, class edu.ncsu.csc.itrust2.mvc.config.WebMvcConfiguration}', locations = '{}', inheritLocations = true, initializers = '{}', inheritInitializers = true, name = [null], contextLoaderClass = 'org.springframework.test.context.ContextLoader'].
06:58:19.749 [main] DEBUG o.s.t.c.support.ActiveProfilesUtils - Could not find an 'annotation declaring class' for annotation type [org.springframework.test.context.ActiveProfiles] and class [edu.ncsu.csc.itrust2.apitest.APIPatientTest]
06:58:19.749 [main] DEBUG o.s.t.c.w.WebTestContextBootstrapper - @TestExecutionListeners is not present for class [edu.ncsu.csc.itrust2.apitest.APIPatientTest]: using defaults.
06:58:19.750 [main] INFO  o.s.t.c.w.WebTestContextBootstrapper - Loaded default TestExecutionListener class names from location [META-INF/spring.factories]: [org.springframework.security.test.context.support.WithSecurityContextTestExecutionListener, org.springframework.test.context.web.ServletTestExecutionListener, org.springframework.test.context.support.DirtiesContextBeforeModesTestExecutionListener, org.springframework.test.context.support.DependencyInjectionTestExecutionListener, org.springframework.test.context.support.DirtiesContextTestExecutionListener, org.springframework.test.context.transaction.TransactionalTestExecutionListener, org.springframework.test.context.jdbc.SqlScriptsTestExecutionListener]
06:58:19.750 [main] INFO  o.s.t.c.w.WebTestContextBootstrapper - Using TestExecutionListeners: [org.springframework.test.context.web.ServletTestExecutionListener@346c1872, org.springframework.test.context.support.DirtiesContextBeforeModesTestExecutionListener@4974fb86, org.springframework.test.context.support.DependencyInjectionTestExecutionListener@41f81274, org.springframework.test.context.support.DirtiesContextTestExecutionListener@5ff8bb56, org.springframework.test.context.transaction.TransactionalTestExecutionListener@b838753, org.springframework.test.context.jdbc.SqlScriptsTestExecutionListener@65c5e56e, org.springframework.security.test.context.support.WithSecurityContextTestExecutionListener@642f2010]
06:58:19.750 [main] DEBUG o.s.t.annotation.ProfileValueUtils - Retrieved @ProfileValueSourceConfiguration [null] for test class [edu.ncsu.csc.itrust2.apitest.APIPatientTest]
06:58:19.750 [main] DEBUG o.s.t.annotation.ProfileValueUtils - Retrieved ProfileValueSource type [class org.springframework.test.annotation.SystemProfileValueSource] for class [edu.ncsu.csc.itrust2.apitest.APIPatientTest]
06:58:19.750 [main] DEBUG o.s.t.annotation.ProfileValueUtils - Retrieved @ProfileValueSourceConfiguration [null] for test class [edu.ncsu.csc.itrust2.apitest.APIPatientTest]
06:58:19.750 [main] DEBUG o.s.t.annotation.ProfileValueUtils - Retrieved ProfileValueSource type [class org.springframework.test.annotation.SystemProfileValueSource] for class [edu.ncsu.csc.itrust2.apitest.APIPatientTest]
06:58:19.750 [main] DEBUG o.s.t.annotation.ProfileValueUtils - Retrieved @ProfileValueSourceConfiguration [null] for test class [edu.ncsu.csc.itrust2.apitest.APIPatientTest]
06:58:19.750 [main] DEBUG o.s.t.annotation.ProfileValueUtils - Retrieved ProfileValueSource type [class org.springframework.test.annotation.SystemProfileValueSource] for class [edu.ncsu.csc.itrust2.apitest.APIPatientTest]
06:58:19.751 [main] DEBUG o.s.t.c.s.AbstractDirtiesContextTestExecutionListener - Before test class: context [DefaultTestContext@7e1705c8 testClass = APIPatientTest, testInstance = [null], testMethod = [null], testException = [null], mergedContextConfiguration = [WebMergedContextConfiguration@69b9ac46 testClass = APIPatientTest, locations = '{}', classes = '{class edu.ncsu.csc.itrust2.config.RootConfiguration, class edu.ncsu.csc.itrust2.mvc.config.WebMvcConfiguration}', contextInitializerClasses = '[]', activeProfiles = '{}', propertySourceLocations = '{}', propertySourceProperties = '{}', contextCustomizers = set[[empty]], resourceBasePath = 'src/main/webapp', contextLoader = 'org.springframework.test.context.web.WebDelegatingSmartContextLoader', parent = [null]]], class annotated with @DirtiesContext [false] with mode [null].
06:58:19.751 [main] DEBUG o.s.t.annotation.ProfileValueUtils - Retrieved @ProfileValueSourceConfiguration [null] for test class [edu.ncsu.csc.itrust2.apitest.APIPatientTest]
06:58:19.751 [main] DEBUG o.s.t.annotation.ProfileValueUtils - Retrieved ProfileValueSource type [class org.springframework.test.annotation.SystemProfileValueSource] for class [edu.ncsu.csc.itrust2.apitest.APIPatientTest]
06:58:19.751 [main] DEBUG o.s.t.c.s.AbstractDelegatingSmartContextLoader - Delegating to AnnotationConfigWebContextLoader to load context from [WebMergedContextConfiguration@69b9ac46 testClass = APIPatientTest, locations = '{}', classes = '{class edu.ncsu.csc.itrust2.config.RootConfiguration, class edu.ncsu.csc.itrust2.mvc.config.WebMvcConfiguration}', contextInitializerClasses = '[]', activeProfiles = '{}', propertySourceLocations = '{}', propertySourceProperties = '{}', contextCustomizers = set[[empty]], resourceBasePath = 'src/main/webapp', contextLoader = 'org.springframework.test.context.web.WebDelegatingSmartContextLoader', parent = [null]].
06:58:19.751 [main] DEBUG o.s.t.c.w.AbstractGenericWebContextLoader - Loading WebApplicationContext for merged context configuration [WebMergedContextConfiguration@69b9ac46 testClass = APIPatientTest, locations = '{}', classes = '{class edu.ncsu.csc.itrust2.config.RootConfiguration, class edu.ncsu.csc.itrust2.mvc.config.WebMvcConfiguration}', contextInitializerClasses = '[]', activeProfiles = '{}', propertySourceLocations = '{}', propertySourceProperties = '{}', contextCustomizers = set[[empty]], resourceBasePath = 'src/main/webapp', contextLoader = 'org.springframework.test.context.web.WebDelegatingSmartContextLoader', parent = [null]].
06:58:19.751 [main] DEBUG o.s.w.c.s.StandardServletEnvironment - Adding [servletConfigInitParams] PropertySource with lowest search precedence
06:58:19.751 [main] DEBUG o.s.w.c.s.StandardServletEnvironment - Adding [servletContextInitParams] PropertySource with lowest search precedence
06:58:19.751 [main] DEBUG o.s.w.c.s.StandardServletEnvironment - Adding [systemProperties] PropertySource with lowest search precedence
06:58:19.751 [main] DEBUG o.s.w.c.s.StandardServletEnvironment - Adding [systemEnvironment] PropertySource with lowest search precedence
06:58:19.751 [main] DEBUG o.s.w.c.s.StandardServletEnvironment - Initialized StandardServletEnvironment with PropertySources [servletConfigInitParams,servletContextInitParams,systemProperties,systemEnvironment]
06:58:19.751 [main] DEBUG o.s.t.c.w.AnnotationConfigWebContextLoader - Registering annotated classes: {class edu.ncsu.csc.itrust2.config.RootConfiguration, class edu.ncsu.csc.itrust2.mvc.config.WebMvcConfiguration}
06:58:19.752 [main] INFO  o.s.w.c.s.GenericWebApplicationContext - Refreshing org.springframework.web.context.support.GenericWebApplicationContext@239dda8a: startup date [Thu Mar 22 06:58:19 UTC 2018]; root of context hierarchy
06:58:19.752 [main] DEBUG o.s.w.c.s.StandardServletEnvironment - Replacing [servletContextInitParams] PropertySource with [servletContextInitParams]
06:58:19.752 [main] DEBUG o.s.w.c.s.GenericWebApplicationContext - Bean factory for org.springframework.web.context.support.GenericWebApplicationContext@239dda8a: org.springframework.beans.factory.support.DefaultListableBeanFactory@3eaf4149: defining beans [org.springframework.context.annotation.internalConfigurationAnnotationProcessor,org.springframework.context.annotation.internalAutowiredAnnotationProcessor,org.springframework.context.annotation.internalRequiredAnnotationProcessor,org.springframework.context.annotation.internalCommonAnnotationProcessor,org.springframework.context.annotation.internalPersistenceAnnotationProcessor,org.springframework.context.event.internalEventListenerProcessor,org.springframework.context.event.internalEventListenerFactory,rootConfiguration,webMvcConfiguration]; root of factory hierarchy
06:58:19.752 [main] DEBUG o.s.b.f.s.DefaultListableBeanFactory - Registering scope 'request' with implementation [org.springframework.web.context.request.RequestScope@5c2f62c1]
06:58:19.753 [main] DEBUG o.s.b.f.s.DefaultListableBeanFactory - Registering scope 'session' with implementation [org.springframework.web.context.request.SessionScope@112bba44]
06:58:19.753 [main] DEBUG o.s.b.f.s.DefaultListableBeanFactory - Registering scope 'globalSession' with implementation [org.springframework.web.context.request.SessionScope@554a0421]
06:58:19.753 [main] DEBUG o.s.b.f.s.DefaultListableBeanFactory - Registering scope 'application' with implementation [org.springframework.web.context.support.ServletContextScope@2cb3ac3b]
06:58:19.753 [main] DEBUG o.s.b.f.s.DefaultListableBeanFactory - Creating shared instance of singleton bean 'org.springframework.context.annotation.internalConfigurationAnnotationProcessor'
06:58:19.753 [main] DEBUG o.s.b.f.s.DefaultListableBeanFactory - Creating instance of bean 'org.springframework.context.annotation.internalConfigurationAnnotationProcessor'
06:58:19.753 [main] DEBUG o.s.b.f.s.DefaultListableBeanFactory - Eagerly caching bean 'org.springframework.context.annotation.internalConfigurationAnnotationProcessor' to allow for resolving potential circular references
06:58:19.753 [main] DEBUG o.s.b.f.s.DefaultListableBeanFactory - Finished creating instance of bean 'org.springframework.context.annotation.internalConfigurationAnnotationProcessor'
06:58:19.753 [main] DEBUG o.s.core.env.StandardEnvironment - Adding [systemProperties] PropertySource with lowest search precedence
06:58:19.753 [main] DEBUG o.s.core.env.StandardEnvironment - Adding [systemEnvironment] PropertySource with lowest search precedence
06:58:19.754 [main] DEBUG o.s.core.env.StandardEnvironment - Initialized StandardEnvironment with PropertySources [systemProperties,systemEnvironment]
06:58:19.755 [main] DEBUG o.s.c.i.s.PathMatchingResourcePatternResolver - Resolved classpath location [edu/ncsu/csc/itrust2/config/] to resources [URL [file:/var/lib/jenkins/workspace/itrust-test/iTrust2/target/classes/edu/ncsu/csc/itrust2/config/]]
06:58:19.755 [main] DEBUG o.s.c.i.s.PathMatchingResourcePatternResolver - Looking for matching resources in directory tree [/var/lib/jenkins/workspace/itrust-test/iTrust2/target/classes/edu/ncsu/csc/itrust2/config]
06:58:19.755 [main] DEBUG o.s.c.i.s.PathMatchingResourcePatternResolver - Searching directory [/var/lib/jenkins/workspace/itrust-test/iTrust2/target/classes/edu/ncsu/csc/itrust2/config] for files matching pattern [/var/lib/jenkins/workspace/itrust-test/iTrust2/target/classes/edu/ncsu/csc/itrust2/config/**/*.class]
06:58:19.755 [main] DEBUG o.s.c.i.s.PathMatchingResourcePatternResolver - Resolved location pattern [classpath*:edu/ncsu/csc/itrust2/config/**/*.class] to resources [file [/var/lib/jenkins/workspace/itrust-test/iTrust2/target/classes/edu/ncsu/csc/itrust2/config/ContextListener.class], file [/var/lib/jenkins/workspace/itrust-test/iTrust2/target/classes/edu/ncsu/csc/itrust2/config/DataConfiguration.class], file [/var/lib/jenkins/workspace/itrust-test/iTrust2/target/classes/edu/ncsu/csc/itrust2/config/FailureHandler.class], file [/var/lib/jenkins/workspace/itrust-test/iTrust2/target/classes/edu/ncsu/csc/itrust2/config/IPFilter.class], file [/var/lib/jenkins/workspace/itrust-test/iTrust2/target/classes/edu/ncsu/csc/itrust2/config/ITrust2ApplicationInitializer.class], file [/var/lib/jenkins/workspace/itrust-test/iTrust2/target/classes/edu/ncsu/csc/itrust2/config/ITrust2WebApplicationInitializer.class], file [/var/lib/jenkins/workspace/itrust-test/iTrust2/target/classes/edu/ncsu/csc/itrust2/config/LoginAuditingListener.class], file [/var/lib/jenkins/workspace/itrust-test/iTrust2/target/classes/edu/ncsu/csc/itrust2/config/RootConfiguration.class], file [/var/lib/jenkins/workspace/itrust-test/iTrust2/target/classes/edu/ncsu/csc/itrust2/config/SecurityConfig.class]]
06:58:19.756 [main] DEBUG o.s.c.a.ClassPathBeanDefinitionScanner - Identified candidate component class: file [/var/lib/jenkins/workspace/itrust-test/iTrust2/target/classes/edu/ncsu/csc/itrust2/config/DataConfiguration.class]
06:58:19.757 [main] DEBUG o.s.c.a.ClassPathBeanDefinitionScanner - Identified candidate component class: file [/var/lib/jenkins/workspace/itrust-test/iTrust2/target/classes/edu/ncsu/csc/itrust2/config/LoginAuditingListener.class]
06:58:19.757 [main] DEBUG o.s.c.a.ClassPathBeanDefinitionScanner - Identified candidate component class: file [/var/lib/jenkins/workspace/itrust-test/iTrust2/target/classes/edu/ncsu/csc/itrust2/config/SecurityConfig.class]
06:58:19.768 [main] DEBUG o.s.core.env.StandardEnvironment - Adding [systemProperties] PropertySource with lowest search precedence
06:58:19.768 [main] DEBUG o.s.core.env.StandardEnvironment - Adding [systemEnvironment] PropertySource with lowest search precedence
06:58:19.768 [main] DEBUG o.s.core.env.StandardEnvironment - Initialized StandardEnvironment with PropertySources [systemProperties,systemEnvironment]
06:58:19.770 [main] DEBUG o.s.c.i.s.PathMatchingResourcePatternResolver - Resolved classpath location [edu/ncsu/csc/itrust2/controllers/] to resources [URL [file:/var/lib/jenkins/workspace/itrust-test/iTrust2/target/classes/edu/ncsu/csc/itrust2/controllers/]]
06:58:19.770 [main] DEBUG o.s.c.i.s.PathMatchingResourcePatternResolver - Looking for matching resources in directory tree [/var/lib/jenkins/workspace/itrust-test/iTrust2/target/classes/edu/ncsu/csc/itrust2/controllers]
06:58:19.770 [main] DEBUG o.s.c.i.s.PathMatchingResourcePatternResolver - Searching directory [/var/lib/jenkins/workspace/itrust-test/iTrust2/target/classes/edu/ncsu/csc/itrust2/controllers] for files matching pattern [/var/lib/jenkins/workspace/itrust-test/iTrust2/target/classes/edu/ncsu/csc/itrust2/controllers/**/*.class]
06:58:19.770 [main] DEBUG o.s.c.i.s.PathMatchingResourcePatternResolver - Searching directory [/var/lib/jenkins/workspace/itrust-test/iTrust2/target/classes/edu/ncsu/csc/itrust2/controllers/admin] for files matching pattern [/var/lib/jenkins/workspace/itrust-test/iTrust2/target/classes/edu/ncsu/csc/itrust2/controllers/**/*.class]
06:58:19.770 [main] DEBUG o.s.c.i.s.PathMatchingResourcePatternResolver - Searching directory [/var/lib/jenkins/workspace/itrust-test/iTrust2/target/classes/edu/ncsu/csc/itrust2/controllers/api] for files matching pattern [/var/lib/jenkins/workspace/itrust-test/iTrust2/target/classes/edu/ncsu/csc/itrust2/controllers/**/*.class]
06:58:19.771 [main] DEBUG o.s.c.i.s.PathMatchingResourcePatternResolver - Searching directory [/var/lib/jenkins/workspace/itrust-test/iTrust2/target/classes/edu/ncsu/csc/itrust2/controllers/api/comm] for files matching pattern [/var/lib/jenkins/workspace/itrust-test/iTrust2/target/classes/edu/ncsu/csc/itrust2/controllers/**/*.class]
06:58:19.771 [main] DEBUG o.s.c.i.s.PathMatchingResourcePatternResolver - Searching directory [/var/lib/jenkins/workspace/itrust-test/iTrust2/target/classes/edu/ncsu/csc/itrust2/controllers/hcp] for files matching pattern [/var/lib/jenkins/workspace/itrust-test/iTrust2/target/classes/edu/ncsu/csc/itrust2/controllers/**/*.class]
06:58:19.771 [main] DEBUG o.s.c.i.s.PathMatchingResourcePatternResolver - Searching directory [/var/lib/jenkins/workspace/itrust-test/iTrust2/target/classes/edu/ncsu/csc/itrust2/controllers/patient] for files matching pattern [/var/lib/jenkins/workspace/itrust-test/iTrust2/target/classes/edu/ncsu/csc/itrust2/controllers/**/*.class]
06:58:19.771 [main] DEBUG o.s.c.i.s.PathMatchingResourcePatternResolver - Searching directory [/var/lib/jenkins/workspace/itrust-test/iTrust2/target/classes/edu/ncsu/csc/itrust2/controllers/personnel] for files matching pattern [/var/lib/jenkins/workspace/itrust-test/iTrust2/target/classes/edu/ncsu/csc/itrust2/controllers/**/*.class]
06:58:19.771 [main] DEBUG o.s.c.i.s.PathMatchingResourcePatternResolver - Resolved location pattern [classpath*:edu/ncsu/csc/itrust2/controllers/**/*.class] to resources [file [/var/lib/jenkins/workspace/itrust-test/iTrust2/target/classes/edu/ncsu/csc/itrust2/controllers/DefaultController.class], file [/var/lib/jenkins/workspace/itrust-test/iTrust2/target/classes/edu/ncsu/csc/itrust2/controllers/admin/AdminController.class], file [/var/lib/jenkins/workspace/itrust-test/iTrust2/target/classes/edu/ncsu/csc/itrust2/controllers/admin/AdminUserController$1.class], file [/var/lib/jenkins/workspace/itrust-test/iTrust2/target/classes/edu/ncsu/csc/itrust2/controllers/admin/AdminUserController.class], file [/var/lib/jenkins/workspace/itrust-test/iTrust2/target/classes/edu/ncsu/csc/itrust2/controllers/admin/HospitalController.class], file [/var/lib/jenkins/workspace/itrust-test/iTrust2/target/classes/edu/ncsu/csc/itrust2/controllers/admin/ICDCodesController.class], file [/var/lib/jenkins/workspace/itrust-test/iTrust2/target/classes/edu/ncsu/csc/itrust2/controllers/api/APIAppointmentRequestController.class], file [/var/lib/jenkins/workspace/itrust-test/iTrust2/target/classes/edu/ncsu/csc/itrust2/controllers/api/APIController$JSONResponse.class], file [/var/lib/jenkins/workspace/itrust-test/iTrust2/target/classes/edu/ncsu/csc/itrust2/controllers/api/APIController.class], file [/var/lib/jenkins/workspace/itrust-test/iTrust2/target/classes/edu/ncsu/csc/itrust2/controllers/api/APIDiagnosisController.class], file [/var/lib/jenkins/workspace/itrust-test/iTrust2/target/classes/edu/ncsu/csc/itrust2/controllers/api/APIDrugController.class], file [/var/lib/jenkins/workspace/itrust-test/iTrust2/target/classes/edu/ncsu/csc/itrust2/controllers/api/APIEnumController.class], file [/var/lib/jenkins/workspace/itrust-test/iTrust2/target/classes/edu/ncsu/csc/itrust2/controllers/api/APIHospitalController.class], file [/var/lib/jenkins/workspace/itrust-test/iTrust2/target/classes/edu/ncsu/csc/itrust2/controllers/api/APIICDCodeController.class], file [/var/lib/jenkins/workspace/itrust-test/iTrust2/target/classes/edu/ncsu/csc/itrust2/controllers/api/APILogEntryController.class], file [/var/lib/jenkins/workspace/itrust-test/iTrust2/target/classes/edu/ncsu/csc/itrust2/controllers/api/APIOfficeVisitController.class], file [/var/lib/jenkins/workspace/itrust-test/iTrust2/target/classes/edu/ncsu/csc/itrust2/controllers/api/APIPasswordController.class], file [/var/lib/jenkins/workspace/itrust-test/iTrust2/target/classes/edu/ncsu/csc/itrust2/controllers/api/APIPatientController.class], file [/var/lib/jenkins/workspace/itrust-test/iTrust2/target/classes/edu/ncsu/csc/itrust2/controllers/api/APIPersonnelController.class], file [/var/lib/jenkins/workspace/itrust-test/iTrust2/target/classes/edu/ncsu/csc/itrust2/controllers/api/APIPrescriptionController.class], file [/var/lib/jenkins/workspace/itrust-test/iTrust2/target/classes/edu/ncsu/csc/itrust2/controllers/api/APIUserController.class], file [/var/lib/jenkins/workspace/itrust-test/iTrust2/target/classes/edu/ncsu/csc/itrust2/controllers/api/comm/LogEntryRequestBody.class], file [/var/lib/jenkins/workspace/itrust-test/iTrust2/target/classes/edu/ncsu/csc/itrust2/controllers/api/comm/LogEntryTableRow.class], file [/var/lib/jenkins/workspace/itrust-test/iTrust2/target/classes/edu/ncsu/csc/itrust2/controllers/hcp/AppointmentControllerHCP.class], file [/var/lib/jenkins/workspace/itrust-test/iTrust2/target/classes/edu/ncsu/csc/itrust2/controllers/hcp/HCPController.class], file [/var/lib/jenkins/workspace/itrust-test/iTrust2/target/classes/edu/ncsu/csc/itrust2/controllers/hcp/OfficeVisitController.class], file [/var/lib/jenkins/workspace/itrust-test/iTrust2/target/classes/edu/ncsu/csc/itrust2/controllers/patient/AppointmentController.class], file [/var/lib/jenkins/workspace/itrust-test/iTrust2/target/classes/edu/ncsu/csc/itrust2/controllers/patient/DiagnosesController.class], file [/var/lib/jenkins/workspace/itrust-test/iTrust2/target/classes/edu/ncsu/csc/itrust2/controllers/patient/PatientController.class], file [/var/lib/jenkins/workspace/itrust-test/iTrust2/target/classes/edu/ncsu/csc/itrust2/controllers/personnel/PasswordController.class], file [/var/lib/jenkins/workspace/itrust-test/iTrust2/target/classes/edu/ncsu/csc/itrust2/controllers/personnel/UserController.class]]
06:58:19.772 [main] DEBUG o.s.c.a.ClassPathBeanDefinitionScanner - Identified candidate component class: file [/var/lib/jenkins/workspace/itrust-test/iTrust2/target/classes/edu/ncsu/csc/itrust2/controllers/DefaultController.class]
06:58:19.772 [main] DEBUG o.s.c.a.ClassPathBeanDefinitionScanner - Identified candidate component class: file [/var/lib/jenkins/workspace/itrust-test/iTrust2/target/classes/edu/ncsu/csc/itrust2/controllers/admin/AdminController.class]
06:58:19.773 [main] DEBUG o.s.c.a.ClassPathBeanDefinitionScanner - Identified candidate component class: file [/var/lib/jenkins/workspace/itrust-test/iTrust2/target/classes/edu/ncsu/csc/itrust2/controllers/admin/AdminUserController.class]
06:58:19.773 [main] DEBUG o.s.c.a.ClassPathBeanDefinitionScanner - Identified candidate component class: file [/var/lib/jenkins/workspace/itrust-test/iTrust2/target/classes/edu/ncsu/csc/itrust2/controllers/admin/HospitalController.class]
06:58:19.773 [main] DEBUG o.s.c.a.ClassPathBeanDefinitionScanner - Identified candidate component class: file [/var/lib/jenkins/workspace/itrust-test/iTrust2/target/classes/edu/ncsu/csc/itrust2/controllers/admin/ICDCodesController.class]
06:58:19.773 [main] DEBUG o.s.c.a.ClassPathBeanDefinitionScanner - Identified candidate component class: file [/var/lib/jenkins/workspace/itrust-test/iTrust2/target/classes/edu/ncsu/csc/itrust2/controllers/api/APIAppointmentRequestController.class]
06:58:19.774 [main] DEBUG o.s.c.a.ClassPathBeanDefinitionScanner - Identified candidate component class: file [/var/lib/jenkins/workspace/itrust-test/iTrust2/target/classes/edu/ncsu/csc/itrust2/controllers/api/APIDiagnosisController.class]
06:58:19.774 [main] DEBUG o.s.c.a.ClassPathBeanDefinitionScanner - Identified candidate component class: file [/var/lib/jenkins/workspace/itrust-test/iTrust2/target/classes/edu/ncsu/csc/itrust2/controllers/api/APIDrugController.class]
06:58:19.774 [main] DEBUG o.s.c.a.ClassPathBeanDefinitionScanner - Identified candidate component class: file [/var/lib/jenkins/workspace/itrust-test/iTrust2/target/classes/edu/ncsu/csc/itrust2/controllers/api/APIEnumController.class]
06:58:19.775 [main] DEBUG o.s.c.a.ClassPathBeanDefinitionScanner - Identified candidate component class: file [/var/lib/jenkins/workspace/itrust-test/iTrust2/target/classes/edu/ncsu/csc/itrust2/controllers/api/APIHospitalController.class]
06:58:19.775 [main] DEBUG o.s.c.a.ClassPathBeanDefinitionScanner - Identified candidate component class: file [/var/lib/jenkins/workspace/itrust-test/iTrust2/target/classes/edu/ncsu/csc/itrust2/controllers/api/APIICDCodeController.class]
06:58:19.776 [main] DEBUG o.s.c.a.ClassPathBeanDefinitionScanner - Identified candidate component class: file [/var/lib/jenkins/workspace/itrust-test/iTrust2/target/classes/edu/ncsu/csc/itrust2/controllers/api/APILogEntryController.class]
06:58:19.777 [main] DEBUG o.s.c.a.ClassPathBeanDefinitionScanner - Identified candidate component class: file [/var/lib/jenkins/workspace/itrust-test/iTrust2/target/classes/edu/ncsu/csc/itrust2/controllers/api/APIOfficeVisitController.class]
06:58:19.777 [main] DEBUG o.s.c.a.ClassPathBeanDefinitionScanner - Identified candidate component class: file [/var/lib/jenkins/workspace/itrust-test/iTrust2/target/classes/edu/ncsu/csc/itrust2/controllers/api/APIPasswordController.class]
06:58:19.778 [main] DEBUG o.s.c.a.ClassPathBeanDefinitionScanner - Identified candidate component class: file [/var/lib/jenkins/workspace/itrust-test/iTrust2/target/classes/edu/ncsu/csc/itrust2/controllers/api/APIPatientController.class]
06:58:19.778 [main] DEBUG o.s.c.a.ClassPathBeanDefinitionScanner - Identified candidate component class: file [/var/lib/jenkins/workspace/itrust-test/iTrust2/target/classes/edu/ncsu/csc/itrust2/controllers/api/APIPersonnelController.class]
06:58:19.778 [main] DEBUG o.s.c.a.ClassPathBeanDefinitionScanner - Identified candidate component class: file [/var/lib/jenkins/workspace/itrust-test/iTrust2/target/classes/edu/ncsu/csc/itrust2/controllers/api/APIPrescriptionController.class]
06:58:19.779 [main] DEBUG o.s.c.a.ClassPathBeanDefinitionScanner - Identified candidate component class: file [/var/lib/jenkins/workspace/itrust-test/iTrust2/target/classes/edu/ncsu/csc/itrust2/controllers/api/APIUserController.class]
06:58:19.780 [main] DEBUG o.s.c.a.ClassPathBeanDefinitionScanner - Identified candidate component class: file [/var/lib/jenkins/workspace/itrust-test/iTrust2/target/classes/edu/ncsu/csc/itrust2/controllers/hcp/AppointmentControllerHCP.class]
06:58:19.780 [main] DEBUG o.s.c.a.ClassPathBeanDefinitionScanner - Identified candidate component class: file [/var/lib/jenkins/workspace/itrust-test/iTrust2/target/classes/edu/ncsu/csc/itrust2/controllers/hcp/HCPController.class]
06:58:19.781 [main] DEBUG o.s.c.a.ClassPathBeanDefinitionScanner - Identified candidate component class: file [/var/lib/jenkins/workspace/itrust-test/iTrust2/target/classes/edu/ncsu/csc/itrust2/controllers/hcp/OfficeVisitController.class]
06:58:19.781 [main] DEBUG o.s.c.a.ClassPathBeanDefinitionScanner - Identified candidate component class: file [/var/lib/jenkins/workspace/itrust-test/iTrust2/target/classes/edu/ncsu/csc/itrust2/controllers/patient/AppointmentController.class]
06:58:19.781 [main] DEBUG o.s.c.a.ClassPathBeanDefinitionScanner - Identified candidate component class: file [/var/lib/jenkins/workspace/itrust-test/iTrust2/target/classes/edu/ncsu/csc/itrust2/controllers/patient/DiagnosesController.class]
06:58:19.782 [main] DEBUG o.s.c.a.ClassPathBeanDefinitionScanner - Identified candidate component class: file [/var/lib/jenkins/workspace/itrust-test/iTrust2/target/classes/edu/ncsu/csc/itrust2/controllers/patient/PatientController.class]
06:58:19.782 [main] DEBUG o.s.c.a.ClassPathBeanDefinitionScanner - Identified candidate component class: file [/var/lib/jenkins/workspace/itrust-test/iTrust2/target/classes/edu/ncsu/csc/itrust2/controllers/personnel/PasswordController.class]
06:58:19.782 [main] DEBUG o.s.c.a.ClassPathBeanDefinitionScanner - Identified candidate component class: file [/var/lib/jenkins/workspace/itrust-test/iTrust2/target/classes/edu/ncsu/csc/itrust2/controllers/personnel/UserController.class]
06:58:19.783 [main] DEBUG o.s.c.i.s.PathMatchingResourcePatternResolver - Resolved classpath location [edu/ncsu/csc/itrust2/config/] to resources [URL [file:/var/lib/jenkins/workspace/itrust-test/iTrust2/target/classes/edu/ncsu/csc/itrust2/config/]]
06:58:19.783 [main] DEBUG o.s.c.i.s.PathMatchingResourcePatternResolver - Looking for matching resources in directory tree [/var/lib/jenkins/workspace/itrust-test/iTrust2/target/classes/edu/ncsu/csc/itrust2/config]
06:58:19.783 [main] DEBUG o.s.c.i.s.PathMatchingResourcePatternResolver - Searching directory [/var/lib/jenkins/workspace/itrust-test/iTrust2/target/classes/edu/ncsu/csc/itrust2/config] for files matching pattern [/var/lib/jenkins/workspace/itrust-test/iTrust2/target/classes/edu/ncsu/csc/itrust2/config/**/*.class]
06:58:19.784 [main] DEBUG o.s.c.i.s.PathMatchingResourcePatternResolver - Resolved location pattern [classpath*:edu/ncsu/csc/itrust2/config/**/*.class] to resources [file [/var/lib/jenkins/workspace/itrust-test/iTrust2/target/classes/edu/ncsu/csc/itrust2/config/ContextListener.class], file [/var/lib/jenkins/workspace/itrust-test/iTrust2/target/classes/edu/ncsu/csc/itrust2/config/DataConfiguration.class], file [/var/lib/jenkins/workspace/itrust-test/iTrust2/target/classes/edu/ncsu/csc/itrust2/config/FailureHandler.class], file [/var/lib/jenkins/workspace/itrust-test/iTrust2/target/classes/edu/ncsu/csc/itrust2/config/IPFilter.class], file [/var/lib/jenkins/workspace/itrust-test/iTrust2/target/classes/edu/ncsu/csc/itrust2/config/ITrust2ApplicationInitializer.class], file [/var/lib/jenkins/workspace/itrust-test/iTrust2/target/classes/edu/ncsu/csc/itrust2/config/ITrust2WebApplicationInitializer.class], file [/var/lib/jenkins/workspace/itrust-test/iTrust2/target/classes/edu/ncsu/csc/itrust2/config/LoginAuditingListener.class], file [/var/lib/jenkins/workspace/itrust-test/iTrust2/target/classes/edu/ncsu/csc/itrust2/config/RootConfiguration.class], file [/var/lib/jenkins/workspace/itrust-test/iTrust2/target/classes/edu/ncsu/csc/itrust2/config/SecurityConfig.class]]
06:58:19.784 [main] DEBUG o.s.c.a.ClassPathBeanDefinitionScanner - Identified candidate component class: file [/var/lib/jenkins/workspace/itrust-test/iTrust2/target/classes/edu/ncsu/csc/itrust2/config/DataConfiguration.class]
06:58:19.784 [main] DEBUG o.s.c.a.ClassPathBeanDefinitionScanner - Identified candidate component class: file [/var/lib/jenkins/workspace/itrust-test/iTrust2/target/classes/edu/ncsu/csc/itrust2/config/LoginAuditingListener.class]
06:58:19.785 [main] DEBUG o.s.c.a.ClassPathBeanDefinitionScanner - Identified candidate component class: file [/var/lib/jenkins/workspace/itrust-test/iTrust2/target/classes/edu/ncsu/csc/itrust2/config/RootConfiguration.class]
06:58:19.785 [main] DEBUG o.s.c.a.ClassPathBeanDefinitionScanner - Identified candidate component class: file [/var/lib/jenkins/workspace/itrust-test/iTrust2/target/classes/edu/ncsu/csc/itrust2/config/SecurityConfig.class]
06:58:19.806 [main] DEBUG o.s.c.a.ConfigurationClassBeanDefinitionReader - Registering bean definition for @Bean method edu.ncsu.csc.itrust2.config.DataConfiguration.dataSource()
06:58:19.807 [main] DEBUG o.s.c.a.ConfigurationClassBeanDefinitionReader - Registered bean definition for imported class 'org.springframework.security.config.annotation.configuration.ObjectPostProcessorConfiguration'
06:58:19.807 [main] DEBUG o.s.c.a.ConfigurationClassBeanDefinitionReader - Registering bean definition for @Bean method org.springframework.security.config.annotation.configuration.ObjectPostProcessorConfiguration.objectPostProcessor()
06:58:19.807 [main] DEBUG o.s.c.a.ConfigurationClassBeanDefinitionReader - Registered bean definition for imported class 'org.springframework.security.config.annotation.authentication.configuration.AuthenticationConfiguration'
06:58:19.807 [main] DEBUG o.s.c.a.ConfigurationClassBeanDefinitionReader - Registering bean definition for @Bean method org.springframework.security.config.annotation.authentication.configuration.AuthenticationConfiguration.authenticationManagerBuilder()
06:58:19.807 [main] DEBUG o.s.c.a.ConfigurationClassBeanDefinitionReader - Registering bean definition for @Bean method org.springframework.security.config.annotation.authentication.configuration.AuthenticationConfiguration.enableGlobalAuthenticationAutowiredConfigurer()
06:58:19.807 [main] DEBUG o.s.c.a.ConfigurationClassBeanDefinitionReader - Registering bean definition for @Bean method org.springframework.security.config.annotation.authentication.configuration.AuthenticationConfiguration.initializeUserDetailsBeanManagerConfigurer()
06:58:19.807 [main] DEBUG o.s.c.a.ConfigurationClassBeanDefinitionReader - Registering bean definition for @Bean method org.springframework.security.config.annotation.authentication.configuration.AuthenticationConfiguration.initializeAuthenticationProviderBeanManagerConfigurer()
06:58:19.807 [main] DEBUG o.s.c.a.ConfigurationClassBeanDefinitionReader - Registered bean definition for imported class 'org.springframework.security.config.annotation.web.configuration.WebSecurityConfiguration'
06:58:19.807 [main] DEBUG o.s.c.a.ConfigurationClassBeanDefinitionReader - Registering bean definition for @Bean method org.springframework.security.config.annotation.web.configuration.WebSecurityConfiguration.delegatingApplicationListener()
06:58:19.807 [main] DEBUG o.s.c.a.ConfigurationClassBeanDefinitionReader - Registering bean definition for @Bean method org.springframework.security.config.annotation.web.configuration.WebSecurityConfiguration.webSecurityExpressionHandler()
06:58:19.807 [main] DEBUG o.s.c.a.ConfigurationClassBeanDefinitionReader - Registering bean definition for @Bean method org.springframework.security.config.annotation.web.configuration.WebSecurityConfiguration.springSecurityFilterChain()
06:58:19.807 [main] DEBUG o.s.c.a.ConfigurationClassBeanDefinitionReader - Registering bean definition for @Bean method org.springframework.security.config.annotation.web.configuration.WebSecurityConfiguration.privilegeEvaluator()
06:58:19.807 [main] DEBUG o.s.c.a.ConfigurationClassBeanDefinitionReader - Registering bean definition for @Bean method org.springframework.security.config.annotation.web.configuration.WebSecurityConfiguration.autowiredWebSecurityConfigurersIgnoreParents()
06:58:19.807 [main] DEBUG o.s.c.a.ConfigurationClassBeanDefinitionReader - Registered bean definition for imported class 'org.springframework.security.config.annotation.web.configuration.WebMvcSecurityConfiguration'
06:58:19.807 [main] DEBUG o.s.c.a.ConfigurationClassBeanDefinitionReader - Registering bean definition for @Bean method org.springframework.security.config.annotation.web.configuration.WebMvcSecurityConfiguration.requestDataValueProcessor()
06:58:19.807 [main] DEBUG o.s.c.a.ConfigurationClassBeanDefinitionReader - Registering bean definition for @Bean method edu.ncsu.csc.itrust2.config.SecurityConfig.passwordEncoder()
06:58:19.807 [main] DEBUG o.s.c.a.ConfigurationClassBeanDefinitionReader - Registering bean definition for @Bean method edu.ncsu.csc.itrust2.config.SecurityConfig.defaultAuthenticationEventPublisher()
06:58:19.807 [main] DEBUG o.s.c.a.ConfigurationClassBeanDefinitionReader - Registering bean definition for @Bean method edu.ncsu.csc.itrust2.config.SecurityConfig.failureHandler()
06:58:19.807 [main] DEBUG o.s.c.a.ConfigurationClassBeanDefinitionReader - Registering bean definition for @Bean method edu.ncsu.csc.itrust2.config.SecurityConfig.ipBlockFilter()
06:58:19.808 [main] DEBUG o.s.c.a.ConfigurationClassBeanDefinitionReader - Registered bean definition for imported class 'org.springframework.web.servlet.config.annotation.DelegatingWebMvcConfiguration'
06:58:19.808 [main] DEBUG o.s.c.a.ConfigurationClassBeanDefinitionReader - Registering bean definition for @Bean method org.springframework.web.servlet.config.annotation.DelegatingWebMvcConfiguration.mvcConversionService()
06:58:19.808 [main] DEBUG o.s.c.a.ConfigurationClassBeanDefinitionReader - Registering bean definition for @Bean method org.springframework.web.servlet.config.annotation.DelegatingWebMvcConfiguration.requestMappingHandlerMapping()
06:58:19.808 [main] DEBUG o.s.c.a.ConfigurationClassBeanDefinitionReader - Registering bean definition for @Bean method org.springframework.web.servlet.config.annotation.DelegatingWebMvcConfiguration.mvcPathMatcher()
06:58:19.808 [main] DEBUG o.s.c.a.ConfigurationClassBeanDefinitionReader - Registering bean definition for @Bean method org.springframework.web.servlet.config.annotation.DelegatingWebMvcConfiguration.mvcUrlPathHelper()
06:58:19.808 [main] DEBUG o.s.c.a.ConfigurationClassBeanDefinitionReader - Registering bean definition for @Bean method org.springframework.web.servlet.config.annotation.DelegatingWebMvcConfiguration.mvcContentNegotiationManager()
06:58:19.808 [main] DEBUG o.s.c.a.ConfigurationClassBeanDefinitionReader - Registering bean definition for @Bean method org.springframework.web.servlet.config.annotation.DelegatingWebMvcConfiguration.viewControllerHandlerMapping()
06:58:19.808 [main] DEBUG o.s.c.a.ConfigurationClassBeanDefinitionReader - Registering bean definition for @Bean method org.springframework.web.servlet.config.annotation.DelegatingWebMvcConfiguration.beanNameHandlerMapping()
06:58:19.808 [main] DEBUG o.s.c.a.ConfigurationClassBeanDefinitionReader - Registering bean definition for @Bean method org.springframework.web.servlet.config.annotation.DelegatingWebMvcConfiguration.resourceHandlerMapping()
06:58:19.808 [main] DEBUG o.s.c.a.ConfigurationClassBeanDefinitionReader - Registering bean definition for @Bean method org.springframework.web.servlet.config.annotation.DelegatingWebMvcConfiguration.mvcResourceUrlProvider()
06:58:19.808 [main] DEBUG o.s.c.a.ConfigurationClassBeanDefinitionReader - Registering bean definition for @Bean method org.springframework.web.servlet.config.annotation.DelegatingWebMvcConfiguration.defaultServletHandlerMapping()
06:58:19.808 [main] DEBUG o.s.c.a.ConfigurationClassBeanDefinitionReader - Registering bean definition for @Bean method org.springframework.web.servlet.config.annotation.DelegatingWebMvcConfiguration.requestMappingHandlerAdapter()
06:58:19.808 [main] DEBUG o.s.c.a.ConfigurationClassBeanDefinitionReader - Registering bean definition for @Bean method org.springframework.web.servlet.config.annotation.DelegatingWebMvcConfiguration.mvcValidator()
06:58:19.809 [main] DEBUG o.s.c.a.ConfigurationClassBeanDefinitionReader - Registering bean definition for @Bean method org.springframework.web.servlet.config.annotation.DelegatingWebMvcConfiguration.mvcUriComponentsContributor()
06:58:19.809 [main] DEBUG o.s.c.a.ConfigurationClassBeanDefinitionReader - Registering bean definition for @Bean method org.springframework.web.servlet.config.annotation.DelegatingWebMvcConfiguration.httpRequestHandlerAdapter()
06:58:19.809 [main] DEBUG o.s.c.a.ConfigurationClassBeanDefinitionReader - Registering bean definition for @Bean method org.springframework.web.servlet.config.annotation.DelegatingWebMvcConfiguration.simpleControllerHandlerAdapter()
06:58:19.809 [main] DEBUG o.s.c.a.ConfigurationClassBeanDefinitionReader - Registering bean definition for @Bean method org.springframework.web.servlet.config.annotation.DelegatingWebMvcConfiguration.handlerExceptionResolver()
06:58:19.809 [main] DEBUG o.s.c.a.ConfigurationClassBeanDefinitionReader - Registering bean definition for @Bean method org.springframework.web.servlet.config.annotation.DelegatingWebMvcConfiguration.mvcViewResolver()
06:58:19.809 [main] DEBUG o.s.c.a.ConfigurationClassBeanDefinitionReader - Registered bean definition for imported class 'org.springframework.security.config.annotation.method.configuration.GlobalMethodSecurityConfiguration'
06:58:19.809 [main] DEBUG o.s.c.a.ConfigurationClassBeanDefinitionReader - Registering bean definition for @Bean method org.springframework.security.config.annotation.method.configuration.GlobalMethodSecurityConfiguration.methodSecurityInterceptor()
06:58:19.809 [main] DEBUG o.s.c.a.ConfigurationClassBeanDefinitionReader - Registering bean definition for @Bean method org.springframework.security.config.annotation.method.configuration.GlobalMethodSecurityConfiguration.methodSecurityMetadataSource()
06:58:19.809 [main] DEBUG o.s.c.a.ConfigurationClassBeanDefinitionReader - Registering bean definition for @Bean method org.springframework.security.config.annotation.method.configuration.GlobalMethodSecurityConfiguration.preInvocationAuthorizationAdvice()
06:58:19.809 [main] DEBUG o.s.c.a.ConfigurationClassBeanDefinitionReader - Registering bean definition for @Bean method edu.ncsu.csc.itrust2.mvc.config.WebMvcConfiguration.viewResolver()
06:58:19.809 [main] DEBUG o.s.c.a.ConfigurationClassBeanDefinitionReader - Registering bean definition for @Bean method edu.ncsu.csc.itrust2.mvc.config.WebMvcConfiguration.templateEngine()
06:58:19.809 [main] DEBUG o.s.c.a.ConfigurationClassBeanDefinitionReader - Registering bean definition for @Bean method edu.ncsu.csc.itrust2.mvc.config.WebMvcConfiguration.domainClassConverter()
06:58:19.826 [main] DEBUG o.s.c.a.ConfigurationClassEnhancer - Successfully enhanced edu.ncsu.csc.itrust2.config.RootConfiguration; enhanced class name is: edu.ncsu.csc.itrust2.config.RootConfiguration$$EnhancerBySpringCGLIB$$d6b3470b
06:58:19.826 [main] DEBUG o.s.c.a.ConfigurationClassPostProcessor - Replacing bean definition 'rootConfiguration' existing class 'edu.ncsu.csc.itrust2.config.RootConfiguration' with enhanced class 'edu.ncsu.csc.itrust2.config.RootConfiguration$$EnhancerBySpringCGLIB$$d6b3470b'
06:58:19.827 [main] DEBUG o.s.c.a.ConfigurationClassEnhancer - Successfully enhanced edu.ncsu.csc.itrust2.mvc.config.WebMvcConfiguration; enhanced class name is: edu.ncsu.csc.itrust2.mvc.config.WebMvcConfiguration$$EnhancerBySpringCGLIB$$f35e4a5b
06:58:19.827 [main] DEBUG o.s.c.a.ConfigurationClassPostProcessor - Replacing bean definition 'webMvcConfiguration' existing class 'edu.ncsu.csc.itrust2.mvc.config.WebMvcConfiguration' with enhanced class 'edu.ncsu.csc.itrust2.mvc.config.WebMvcConfiguration$$EnhancerBySpringCGLIB$$f35e4a5b'
06:58:19.827 [main] DEBUG o.s.c.a.ConfigurationClassEnhancer - Successfully enhanced edu.ncsu.csc.itrust2.config.DataConfiguration; enhanced class name is: edu.ncsu.csc.itrust2.config.DataConfiguration$$EnhancerBySpringCGLIB$$1af28c43
06:58:19.828 [main] DEBUG o.s.c.a.ConfigurationClassPostProcessor - Replacing bean definition 'dataConfiguration' existing class 'edu.ncsu.csc.itrust2.config.DataConfiguration' with enhanced class 'edu.ncsu.csc.itrust2.config.DataConfiguration$$EnhancerBySpringCGLIB$$1af28c43'
06:58:19.828 [main] DEBUG o.s.c.a.ConfigurationClassEnhancer - Successfully enhanced edu.ncsu.csc.itrust2.config.SecurityConfig; enhanced class name is: edu.ncsu.csc.itrust2.config.SecurityConfig$$EnhancerBySpringCGLIB$$d7313e7
06:58:19.828 [main] DEBUG o.s.c.a.ConfigurationClassPostProcessor - Replacing bean definition 'securityConfig' existing class 'edu.ncsu.csc.itrust2.config.SecurityConfig' with enhanced class 'edu.ncsu.csc.itrust2.config.SecurityConfig$$EnhancerBySpringCGLIB$$d7313e7'
06:58:19.828 [main] DEBUG o.s.c.a.ConfigurationClassEnhancer - Successfully enhanced org.springframework.security.config.annotation.configuration.ObjectPostProcessorConfiguration; enhanced class name is: org.springframework.security.config.annotation.configuration.ObjectPostProcessorConfiguration$$EnhancerBySpringCGLIB$$1b685db3
06:58:19.828 [main] DEBUG o.s.c.a.ConfigurationClassPostProcessor - Replacing bean definition 'org.springframework.security.config.annotation.configuration.ObjectPostProcessorConfiguration' existing class 'org.springframework.security.config.annotation.configuration.ObjectPostProcessorConfiguration' with enhanced class 'org.springframework.security.config.annotation.configuration.ObjectPostProcessorConfiguration$$EnhancerBySpringCGLIB$$1b685db3'
06:58:19.828 [main] DEBUG o.s.c.a.ConfigurationClassEnhancer - Successfully enhanced org.springframework.security.config.annotation.authentication.configuration.AuthenticationConfiguration; enhanced class name is: org.springframework.security.config.annotation.authentication.configuration.AuthenticationConfiguration$$EnhancerBySpringCGLIB$$67316828
06:58:19.829 [main] DEBUG o.s.c.a.ConfigurationClassPostProcessor - Replacing bean definition 'org.springframework.security.config.annotation.authentication.configuration.AuthenticationConfiguration' existing class 'org.springframework.security.config.annotation.authentication.configuration.AuthenticationConfiguration' with enhanced class 'org.springframework.security.config.annotation.authentication.configuration.AuthenticationConfiguration$$EnhancerBySpringCGLIB$$67316828'
06:58:19.829 [main] DEBUG o.s.c.a.ConfigurationClassEnhancer - Successfully enhanced org.springframework.security.config.annotation.authentication.configuration.AuthenticationConfiguration; enhanced class name is: org.springframework.security.config.annotation.authentication.configuration.AuthenticationConfiguration$$EnhancerBySpringCGLIB$$67316828
06:58:19.829 [main] DEBUG o.s.c.a.ConfigurationClassPostProcessor - Replacing bean definition 'enableGlobalAuthenticationAutowiredConfigurer' existing class 'org.springframework.security.config.annotation.authentication.configuration.AuthenticationConfiguration' with enhanced class 'org.springframework.security.config.annotation.authentication.configuration.AuthenticationConfiguration$$EnhancerBySpringCGLIB$$67316828'
06:58:19.829 [main] DEBUG o.s.c.a.ConfigurationClassEnhancer - Successfully enhanced org.springframework.security.config.annotation.authentication.configuration.AuthenticationConfiguration; enhanced class name is: org.springframework.security.config.annotation.authentication.configuration.AuthenticationConfiguration$$EnhancerBySpringCGLIB$$67316828
06:58:19.829 [main] DEBUG o.s.c.a.ConfigurationClassPostProcessor - Replacing bean definition 'initializeUserDetailsBeanManagerConfigurer' existing class 'org.springframework.security.config.annotation.authentication.configuration.AuthenticationConfiguration' with enhanced class 'org.springframework.security.config.annotation.authentication.configuration.AuthenticationConfiguration$$EnhancerBySpringCGLIB$$67316828'
06:58:19.829 [main] DEBUG o.s.c.a.ConfigurationClassEnhancer - Successfully enhanced org.springframework.security.config.annotation.authentication.configuration.AuthenticationConfiguration; enhanced class name is: org.springframework.security.config.annotation.authentication.configuration.AuthenticationConfiguration$$EnhancerBySpringCGLIB$$67316828
06:58:19.829 [main] DEBUG o.s.c.a.ConfigurationClassPostProcessor - Replacing bean definition 'initializeAuthenticationProviderBeanManagerConfigurer' existing class 'org.springframework.security.config.annotation.authentication.configuration.AuthenticationConfiguration' with enhanced class 'org.springframework.security.config.annotation.authentication.configuration.AuthenticationConfiguration$$EnhancerBySpringCGLIB$$67316828'
06:58:19.829 [main] DEBUG o.s.c.a.ConfigurationClassEnhancer - Successfully enhanced org.springframework.security.config.annotation.web.configuration.WebSecurityConfiguration; enhanced class name is: org.springframework.security.config.annotation.web.configuration.WebSecurityConfiguration$$EnhancerBySpringCGLIB$$29ebc26c
06:58:19.829 [main] DEBUG o.s.c.a.ConfigurationClassPostProcessor - Replacing bean definition 'org.springframework.security.config.annotation.web.configuration.WebSecurityConfiguration' existing class 'org.springframework.security.config.annotation.web.configuration.WebSecurityConfiguration' with enhanced class 'org.springframework.security.config.annotation.web.configuration.WebSecurityConfiguration$$EnhancerBySpringCGLIB$$29ebc26c'
06:58:19.829 [main] DEBUG o.s.c.a.ConfigurationClassEnhancer - Successfully enhanced org.springframework.security.config.annotation.web.configuration.WebSecurityConfiguration; enhanced class name is: org.springframework.security.config.annotation.web.configuration.WebSecurityConfiguration$$EnhancerBySpringCGLIB$$29ebc26c
06:58:19.829 [main] DEBUG o.s.c.a.ConfigurationClassPostProcessor - Replacing bean definition 'delegatingApplicationListener' existing class 'org.springframework.security.config.annotation.web.configuration.WebSecurityConfiguration' with enhanced class 'org.springframework.security.config.annotation.web.configuration.WebSecurityConfiguration$$EnhancerBySpringCGLIB$$29ebc26c'
06:58:19.829 [main] DEBUG o.s.c.a.ConfigurationClassEnhancer - Successfully enhanced org.springframework.web.servlet.config.annotation.DelegatingWebMvcConfiguration; enhanced class name is: org.springframework.web.servlet.config.annotation.DelegatingWebMvcConfiguration$$EnhancerBySpringCGLIB$$477b7aaf
06:58:19.829 [main] DEBUG o.s.c.a.ConfigurationClassPostProcessor - Replacing bean definition 'org.springframework.web.servlet.config.annotation.DelegatingWebMvcConfiguration' existing class 'org.springframework.web.servlet.config.annotation.DelegatingWebMvcConfiguration' with enhanced class 'org.springframework.web.servlet.config.annotation.DelegatingWebMvcConfiguration$$EnhancerBySpringCGLIB$$477b7aaf'
06:58:19.830 [main] DEBUG o.s.c.a.ConfigurationClassEnhancer - Successfully enhanced org.springframework.security.config.annotation.method.configuration.GlobalMethodSecurityConfiguration; enhanced class name is: org.springframework.security.config.annotation.method.configuration.GlobalMethodSecurityConfiguration$$EnhancerBySpringCGLIB$$403d0065
06:58:19.830 [main] DEBUG o.s.c.a.ConfigurationClassPostProcessor - Replacing bean definition 'org.springframework.security.config.annotation.method.configuration.GlobalMethodSecurityConfiguration' existing class 'org.springframework.security.config.annotation.method.configuration.GlobalMethodSecurityConfiguration' with enhanced class 'org.springframework.security.config.annotation.method.configuration.GlobalMethodSecurityConfiguration$$EnhancerBySpringCGLIB$$403d0065'
06:58:19.835 [main] DEBUG o.s.b.f.s.DefaultListableBeanFactory - Creating shared instance of singleton bean 'org.springframework.context.annotation.internalAutowiredAnnotationProcessor'
06:58:19.835 [main] DEBUG o.s.b.f.s.DefaultListableBeanFactory - Creating instance of bean 'org.springframework.context.annotation.internalAutowiredAnnotationProcessor'
06:58:19.836 [main] DEBUG o.s.b.f.s.DefaultListableBeanFactory - Eagerly caching bean 'org.springframework.context.annotation.internalAutowiredAnnotationProcessor' to allow for resolving potential circular references
06:58:19.838 [main] DEBUG o.s.b.f.s.DefaultListableBeanFactory - Finished creating instance of bean 'org.springframework.context.annotation.internalAutowiredAnnotationProcessor'
06:58:19.838 [main] DEBUG o.s.b.f.s.DefaultListableBeanFactory - Creating shared instance of singleton bean 'org.springframework.context.annotation.internalRequiredAnnotationProcessor'
06:58:19.838 [main] DEBUG o.s.b.f.s.DefaultListableBeanFactory - Creating instance of bean 'org.springframework.context.annotation.internalRequiredAnnotationProcessor'
06:58:19.839 [main] DEBUG o.s.b.f.s.DefaultListableBeanFactory - Eagerly caching bean 'org.springframework.context.annotation.internalRequiredAnnotationProcessor' to allow for resolving potential circular references
06:58:19.842 [main] DEBUG o.s.b.f.s.DefaultListableBeanFactory - Finished creating instance of bean 'org.springframework.context.annotation.internalRequiredAnnotationProcessor'
06:58:19.842 [main] DEBUG o.s.b.f.s.DefaultListableBeanFactory - Creating shared instance of singleton bean 'org.springframework.context.annotation.internalCommonAnnotationProcessor'
06:58:19.842 [main] DEBUG o.s.b.f.s.DefaultListableBeanFactory - Creating instance of bean 'org.springframework.context.annotation.internalCommonAnnotationProcessor'
06:58:19.842 [main] DEBUG o.s.b.f.s.DefaultListableBeanFactory - Eagerly caching bean 'org.springframework.context.annotation.internalCommonAnnotationProcessor' to allow for resolving potential circular references
06:58:19.846 [main] DEBUG o.s.b.f.s.DefaultListableBeanFactory - Finished creating instance of bean 'org.springframework.context.annotation.internalCommonAnnotationProcessor'
06:58:19.846 [main] DEBUG o.s.b.f.s.DefaultListableBeanFactory - Creating shared instance of singleton bean 'org.springframework.context.annotation.internalPersistenceAnnotationProcessor'
06:58:19.846 [main] DEBUG o.s.b.f.s.DefaultListableBeanFactory - Creating instance of bean 'org.springframework.context.annotation.internalPersistenceAnnotationProcessor'
06:58:19.846 [main] DEBUG o.s.b.f.s.DefaultListableBeanFactory - Eagerly caching bean 'org.springframework.context.annotation.internalPersistenceAnnotationProcessor' to allow for resolving potential circular references
06:58:19.850 [main] DEBUG o.s.b.f.s.DefaultListableBeanFactory - Finished creating instance of bean 'org.springframework.context.annotation.internalPersistenceAnnotationProcessor'
06:58:19.850 [main] DEBUG o.s.b.f.s.DefaultListableBeanFactory - Creating shared instance of singleton bean 'org.springframework.aop.config.internalAutoProxyCreator'
06:58:19.850 [main] DEBUG o.s.b.f.s.DefaultListableBeanFactory - Creating instance of bean 'org.springframework.aop.config.internalAutoProxyCreator'
06:58:19.851 [main] DEBUG o.s.b.f.s.DefaultListableBeanFactory - Eagerly caching bean 'org.springframework.aop.config.internalAutoProxyCreator' to allow for resolving potential circular references
06:58:19.855 [main] DEBUG o.s.b.f.s.DefaultListableBeanFactory - Finished creating instance of bean 'org.springframework.aop.config.internalAutoProxyCreator'
06:58:19.856 [main] DEBUG o.s.w.c.s.GenericWebApplicationContext - Unable to locate MessageSource with name 'messageSource': using default [org.springframework.context.support.DelegatingMessageSource@2e2edd5f]
06:58:19.856 [main] DEBUG o.s.w.c.s.GenericWebApplicationContext - Unable to locate ApplicationEventMulticaster with name 'applicationEventMulticaster': using default [org.springframework.context.event.SimpleApplicationEventMulticaster@64e95e60]
06:58:19.856 [main] DEBUG o.s.u.c.s.UiApplicationContextUtils - Unable to locate ThemeSource with name 'themeSource': using default [org.springframework.ui.context.support.ResourceBundleThemeSource@2fc010e2]
06:58:19.857 [main] DEBUG o.s.b.f.s.DefaultListableBeanFactory - Pre-instantiating singletons in org.springframework.beans.factory.support.DefaultListableBeanFactory@3eaf4149: defining beans [org.springframework.context.annotation.internalConfigurationAnnotationProcessor,org.springframework.context.annotation.internalAutowiredAnnotationProcessor,org.springframework.context.annotation.internalRequiredAnnotationProcessor,org.springframework.context.annotation.internalCommonAnnotationProcessor,org.springframework.context.annotation.internalPersistenceAnnotationProcessor,org.springframework.context.event.internalEventListenerProcessor,org.springframework.context.event.internalEventListenerFactory,rootConfiguration,webMvcConfiguration,dataConfiguration,loginAuditingListener,securityConfig,defaultController,adminController,adminUserController,hospitalController,ICDCodesController,APIAppointmentRequestController,APIDiagnosisController,APIDrugController,APIEnumController,APIHospitalController,APIICDCodeController,APILogEntryController,APIOfficeVisitController,APIPasswordController,APIPatientController,APIPersonnelController,APIPrescriptionController,APIUserController,appointmentControllerHCP,HCPController,officeVisitController,appointmentController,diagnosesController,patientController,passwordController,userController,dataSource,org.springframework.security.config.annotation.configuration.ObjectPostProcessorConfiguration,objectPostProcessor,org.springframework.security.config.annotation.authentication.configuration.AuthenticationConfiguration,authenticationManagerBuilder,enableGlobalAuthenticationAutowiredConfigurer,initializeUserDetailsBeanManagerConfigurer,initializeAuthenticationProviderBeanManagerConfigurer,org.springframework.security.config.annotation.web.configuration.WebSecurityConfiguration,delegatingApplicationListener,webSecurityExpressionHandler,springSecurityFilterChain,privilegeEvaluator,autowiredWebSecurityConfigurersIgnoreParents,org.springframework.security.config.annotation.web.configuration.WebMvcSecurityConfiguration,requestDataValueProcessor,passwordEncoder,defaultAuthenticationEventPublisher,failureHandler,ipBlockFilter,org.springframework.web.servlet.config.annotation.DelegatingWebMvcConfiguration,mvcConversionService,requestMappingHandlerMapping,mvcPathMatcher,mvcUrlPathHelper,mvcContentNegotiationManager,viewControllerHandlerMapping,beanNameHandlerMapping,resourceHandlerMapping,mvcResourceUrlProvider,defaultServletHandlerMapping,requestMappingHandlerAdapter,mvcValidator,mvcUriComponentsContributor,httpRequestHandlerAdapter,simpleControllerHandlerAdapter,handlerExceptionResolver,mvcViewResolver,org.springframework.security.config.annotation.method.configuration.GlobalMethodSecurityConfiguration,methodSecurityInterceptor,methodSecurityMetadataSource,preInvocationAuthorizationAdvice,viewResolver,templateEngine,domainClassConverter,metaDataSourceAdvisor,org.springframework.aop.config.internalAutoProxyCreator]; root of factory hierarchy
06:58:19.857 [main] DEBUG o.s.b.f.s.DefaultListableBeanFactory - Returning cached instance of singleton bean 'org.springframework.context.annotation.internalConfigurationAnnotationProcessor'
06:58:19.857 [main] DEBUG o.s.b.f.s.DefaultListableBeanFactory - Returning cached instance of singleton bean 'org.springframework.context.annotation.internalAutowiredAnnotationProcessor'
06:58:19.857 [main] DEBUG o.s.b.f.s.DefaultListableBeanFactory - Returning cached instance of singleton bean 'org.springframework.context.annotation.internalRequiredAnnotationProcessor'
06:58:19.857 [main] DEBUG o.s.b.f.s.DefaultListableBeanFactory - Returning cached instance of singleton bean 'org.springframework.context.annotation.internalCommonAnnotationProcessor'
06:58:19.857 [main] DEBUG o.s.b.f.s.DefaultListableBeanFactory - Returning cached instance of singleton bean 'org.springframework.context.annotation.internalPersistenceAnnotationProcessor'
06:58:19.857 [main] DEBUG o.s.b.f.s.DefaultListableBeanFactory - Creating shared instance of singleton bean 'org.springframework.context.event.internalEventListenerProcessor'
06:58:19.857 [main] DEBUG o.s.b.f.s.DefaultListableBeanFactory - Creating instance of bean 'org.springframework.context.event.internalEventListenerProcessor'
06:58:19.858 [main] DEBUG o.s.b.f.s.DefaultListableBeanFactory - Eagerly caching bean 'org.springframework.context.event.internalEventListenerProcessor' to allow for resolving potential circular references
06:58:19.860 [main] DEBUG o.s.b.f.s.DefaultListableBeanFactory - Creating shared instance of singleton bean 'metaDataSourceAdvisor'
06:58:19.860 [main] DEBUG o.s.b.f.s.DefaultListableBeanFactory - Creating instance of bean 'metaDataSourceAdvisor'
06:58:19.860 [main] DEBUG o.s.b.f.s.DefaultListableBeanFactory - Creating shared instance of singleton bean 'methodSecurityMetadataSource'
06:58:19.860 [main] DEBUG o.s.b.f.s.DefaultListableBeanFactory - Creating instance of bean 'methodSecurityMetadataSource'
06:58:19.861 [main] DEBUG o.s.b.f.s.DefaultListableBeanFactory - Creating shared instance of singleton bean 'org.springframework.security.config.annotation.method.configuration.GlobalMethodSecurityConfiguration'
06:58:19.861 [main] DEBUG o.s.b.f.s.DefaultListableBeanFactory - Creating instance of bean 'org.springframework.security.config.annotation.method.configuration.GlobalMethodSecurityConfiguration'
06:58:19.863 [main] DEBUG o.s.b.f.annotation.InjectionMetadata - Registered injected element on class [org.springframework.security.config.annotation.method.configuration.GlobalMethodSecurityConfiguration$$EnhancerBySpringCGLIB$$403d0065]: AutowiredMethodElement for public void org.springframework.security.config.annotation.method.configuration.GlobalMethodSecurityConfiguration.setApplicationContext(org.springframework.context.ApplicationContext)
06:58:19.863 [main] DEBUG o.s.b.f.annotation.InjectionMetadata - Registered injected element on class [org.springframework.security.config.annotation.method.configuration.GlobalMethodSecurityConfiguration$$EnhancerBySpringCGLIB$$403d0065]: AutowiredMethodElement for public void org.springframework.security.config.annotation.method.configuration.GlobalMethodSecurityConfiguration.setJsr250MethodSecurityMetadataSource(org.springframework.security.access.annotation.Jsr250MethodSecurityMetadataSource)
06:58:19.863 [main] DEBUG o.s.b.f.annotation.InjectionMetadata - Registered injected element on class [org.springframework.security.config.annotation.method.configuration.GlobalMethodSecurityConfiguration$$EnhancerBySpringCGLIB$$403d0065]: AutowiredMethodElement for public void org.springframework.security.config.annotation.method.configuration.GlobalMethodSecurityConfiguration.setMethodSecurityExpressionHandler(java.util.List)
06:58:19.863 [main] DEBUG o.s.b.f.annotation.InjectionMetadata - Registered injected element on class [org.springframework.security.config.annotation.method.configuration.GlobalMethodSecurityConfiguration$$EnhancerBySpringCGLIB$$403d0065]: AutowiredMethodElement for public void org.springframework.security.config.annotation.method.configuration.GlobalMethodSecurityConfiguration.setObjectPostProcessor(org.springframework.security.config.annotation.ObjectPostProcessor)
06:58:19.863 [main] DEBUG o.s.b.f.s.DefaultListableBeanFactory - Eagerly caching bean 'org.springframework.security.config.annotation.method.configuration.GlobalMethodSecurityConfiguration' to allow for resolving potential circular references
06:58:19.863 [main] DEBUG o.s.b.f.annotation.InjectionMetadata - Processing injected element of bean 'org.springframework.security.config.annotation.method.configuration.GlobalMethodSecurityConfiguration': AutowiredMethodElement for public void org.springframework.security.config.annotation.method.configuration.GlobalMethodSecurityConfiguration.setApplicationContext(org.springframework.context.ApplicationContext)
06:58:19.863 [main] DEBUG o.s.b.f.a.AutowiredAnnotationBeanPostProcessor - Autowiring by type from bean name 'org.springframework.security.config.annotation.method.configuration.GlobalMethodSecurityConfiguration' to bean named 'org.springframework.web.context.support.GenericWebApplicationContext@239dda8a'
06:58:19.864 [main] DEBUG o.s.b.f.annotation.InjectionMetadata - Processing injected element of bean 'org.springframework.security.config.annotation.method.configuration.GlobalMethodSecurityConfiguration': AutowiredMethodElement for public void org.springframework.security.config.annotation.method.configuration.GlobalMethodSecurityConfiguration.setJsr250MethodSecurityMetadataSource(org.springframework.security.access.annotation.Jsr250MethodSecurityMetadataSource)
06:58:19.864 [main] DEBUG o.s.b.f.annotation.InjectionMetadata - Processing injected element of bean 'org.springframework.security.config.annotation.method.configuration.GlobalMethodSecurityConfiguration': AutowiredMethodElement for public void org.springframework.security.config.annotation.method.configuration.GlobalMethodSecurityConfiguration.setMethodSecurityExpressionHandler(java.util.List)
06:58:19.865 [main] DEBUG o.s.b.f.annotation.InjectionMetadata - Processing injected element of bean 'org.springframework.security.config.annotation.method.configuration.GlobalMethodSecurityConfiguration': AutowiredMethodElement for public void org.springframework.security.config.annotation.method.configuration.GlobalMethodSecurityConfiguration.setObjectPostProcessor(org.springframework.security.config.annotation.ObjectPostProcessor)
06:58:19.865 [main] DEBUG o.s.b.f.s.DefaultListableBeanFactory - Creating shared instance of singleton bean 'objectPostProcessor'
06:58:19.865 [main] DEBUG o.s.b.f.s.DefaultListableBeanFactory - Creating instance of bean 'objectPostProcessor'
06:58:19.865 [main] DEBUG o.s.b.f.s.DefaultListableBeanFactory - Creating shared instance of singleton bean 'org.springframework.security.config.annotation.configuration.ObjectPostProcessorConfiguration'
06:58:19.865 [main] DEBUG o.s.b.f.s.DefaultListableBeanFactory - Creating instance of bean 'org.springframework.security.config.annotation.configuration.ObjectPostProcessorConfiguration'
06:58:19.866 [main] DEBUG o.s.b.f.s.DefaultListableBeanFactory - Eagerly caching bean 'org.springframework.security.config.annotation.configuration.ObjectPostProcessorConfiguration' to allow for resolving potential circular references
06:58:19.866 [main] DEBUG o.s.a.f.a.BeanFactoryAdvisorRetrievalHelper - Skipping currently created advisor 'metaDataSourceAdvisor'
06:58:19.866 [main] DEBUG o.s.b.f.s.DefaultListableBeanFactory - Finished creating instance of bean 'org.springframework.security.config.annotation.configuration.ObjectPostProcessorConfiguration'
06:58:19.867 [main] DEBUG o.s.b.f.s.DefaultListableBeanFactory - Autowiring by type from bean name 'objectPostProcessor' via factory method to bean named 'org.springframework.beans.factory.support.DefaultListableBeanFactory@3eaf4149'
06:58:19.867 [main] DEBUG o.s.b.f.s.DefaultListableBeanFactory - Eagerly caching bean 'objectPostProcessor' to allow for resolving potential circular references
06:58:19.869 [main] DEBUG o.s.a.f.a.BeanFactoryAdvisorRetrievalHelper - Skipping currently created advisor 'metaDataSourceAdvisor'
06:58:19.869 [main] DEBUG o.s.b.f.s.DefaultListableBeanFactory - Finished creating instance of bean 'objectPostProcessor'
06:58:19.869 [main] DEBUG o.s.b.f.a.AutowiredAnnotationBeanPostProcessor - Autowiring by type from bean name 'org.springframework.security.config.annotation.method.configuration.GlobalMethodSecurityConfiguration' to bean named 'objectPostProcessor'
06:58:19.872 [main] DEBUG o.s.b.f.s.DefaultListableBeanFactory - Returning cached instance of singleton bean 'org.springframework.context.annotation.ConfigurationClassPostProcessor.importRegistry'
06:58:19.872 [main] DEBUG o.s.a.f.a.BeanFactoryAdvisorRetrievalHelper - Skipping currently created advisor 'metaDataSourceAdvisor'
06:58:19.872 [main] DEBUG o.s.b.f.s.DefaultListableBeanFactory - Finished creating instance of bean 'org.springframework.security.config.annotation.method.configuration.GlobalMethodSecurityConfiguration'
06:58:19.873 [main] DEBUG o.s.b.f.s.DefaultListableBeanFactory - Eagerly caching bean 'methodSecurityMetadataSource' to allow for resolving potential circular references
06:58:19.873 [main] DEBUG o.s.b.f.s.DefaultListableBeanFactory - Finished creating instance of bean 'methodSecurityMetadataSource'
06:58:19.874 [main] DEBUG o.s.b.f.s.DefaultListableBeanFactory - Eagerly caching bean 'metaDataSourceAdvisor' to allow for resolving potential circular references
06:58:19.877 [main] DEBUG o.s.b.f.s.DefaultListableBeanFactory - Finished creating instance of bean 'metaDataSourceAdvisor'
06:58:19.877 [main] DEBUG o.s.b.f.s.DefaultListableBeanFactory - Finished creating instance of bean 'org.springframework.context.event.internalEventListenerProcessor'
06:58:19.877 [main] DEBUG o.s.b.f.s.DefaultListableBeanFactory - Creating shared instance of singleton bean 'org.springframework.context.event.internalEventListenerFactory'
06:58:19.877 [main] DEBUG o.s.b.f.s.DefaultListableBeanFactory - Creating instance of bean 'org.springframework.context.event.internalEventListenerFactory'
06:58:19.877 [main] DEBUG o.s.b.f.s.DefaultListableBeanFactory - Eagerly caching bean 'org.springframework.context.event.internalEventListenerFactory' to allow for resolving potential circular references
06:58:19.879 [main] DEBUG o.s.b.f.s.DefaultListableBeanFactory - Returning cached instance of singleton bean 'metaDataSourceAdvisor'
06:58:19.879 [main] DEBUG o.s.b.f.s.DefaultListableBeanFactory - Finished creating instance of bean 'org.springframework.context.event.internalEventListenerFactory'
06:58:19.879 [main] DEBUG o.s.b.f.s.DefaultListableBeanFactory - Creating shared instance of singleton bean 'rootConfiguration'
06:58:19.879 [main] DEBUG o.s.b.f.s.DefaultListableBeanFactory - Creating instance of bean 'rootConfiguration'
06:58:19.880 [main] DEBUG o.s.b.f.s.DefaultListableBeanFactory - Eagerly caching bean 'rootConfiguration' to allow for resolving potential circular references
06:58:19.881 [main] DEBUG o.s.b.f.s.DefaultListableBeanFactory - Returning cached instance of singleton bean 'metaDataSourceAdvisor'
06:58:19.881 [main] DEBUG o.s.b.f.s.DefaultListableBeanFactory - Finished creating instance of bean 'rootConfiguration'
06:58:19.881 [main] DEBUG o.s.b.f.s.DefaultListableBeanFactory - Creating shared instance of singleton bean 'webMvcConfiguration'
06:58:19.881 [main] DEBUG o.s.b.f.s.DefaultListableBeanFactory - Creating instance of bean 'webMvcConfiguration'
06:58:19.882 [main] DEBUG o.s.b.f.annotation.InjectionMetadata - Registered injected element on class [edu.ncsu.csc.itrust2.mvc.config.WebMvcConfiguration$$EnhancerBySpringCGLIB$$f35e4a5b]: AutowiredFieldElement for private org.springframework.context.ApplicationContext edu.ncsu.csc.itrust2.mvc.config.WebMvcConfiguration.applicationContext
06:58:19.882 [main] DEBUG o.s.b.f.annotation.InjectionMetadata - Registered injected element on class [edu.ncsu.csc.itrust2.mvc.config.WebMvcConfiguration$$EnhancerBySpringCGLIB$$f35e4a5b]: AutowiredFieldElement for private org.springframework.format.support.FormattingConversionService edu.ncsu.csc.itrust2.mvc.config.WebMvcConfiguration.mvcConversionService
06:58:19.882 [main] DEBUG o.s.b.f.s.DefaultListableBeanFactory - Eagerly caching bean 'webMvcConfiguration' to allow for resolving potential circular references
06:58:19.883 [main] DEBUG o.s.b.f.annotation.InjectionMetadata - Processing injected element of bean 'webMvcConfiguration': AutowiredFieldElement for private org.springframework.context.ApplicationContext edu.ncsu.csc.itrust2.mvc.config.WebMvcConfiguration.applicationContext
06:58:19.883 [main] DEBUG o.s.b.f.a.AutowiredAnnotationBeanPostProcessor - Autowiring by type from bean name 'webMvcConfiguration' to bean named 'org.springframework.web.context.support.GenericWebApplicationContext@239dda8a'
06:58:19.884 [main] DEBUG o.s.b.f.annotation.InjectionMetadata - Processing injected element of bean 'webMvcConfiguration': AutowiredFieldElement for private org.springframework.format.support.FormattingConversionService edu.ncsu.csc.itrust2.mvc.config.WebMvcConfiguration.mvcConversionService
06:58:19.884 [main] DEBUG o.s.b.f.s.DefaultListableBeanFactory - Creating shared instance of singleton bean 'mvcConversionService'
06:58:19.884 [main] DEBUG o.s.b.f.s.DefaultListableBeanFactory - Creating instance of bean 'mvcConversionService'
06:58:19.884 [main] DEBUG o.s.b.f.s.DefaultListableBeanFactory - Creating shared instance of singleton bean 'org.springframework.web.servlet.config.annotation.DelegatingWebMvcConfiguration'
06:58:19.884 [main] DEBUG o.s.b.f.s.DefaultListableBeanFactory - Creating instance of bean 'org.springframework.web.servlet.config.annotation.DelegatingWebMvcConfiguration'
06:58:19.887 [main] DEBUG o.s.b.f.annotation.InjectionMetadata - Registered injected element on class [org.springframework.web.servlet.config.annotation.DelegatingWebMvcConfiguration$$EnhancerBySpringCGLIB$$477b7aaf]: AutowiredMethodElement for public void org.springframework.web.servlet.config.annotation.DelegatingWebMvcConfiguration.setConfigurers(java.util.List)
06:58:19.887 [main] DEBUG o.s.b.f.s.DefaultListableBeanFactory - Eagerly caching bean 'org.springframework.web.servlet.config.annotation.DelegatingWebMvcConfiguration' to allow for resolving potential circular references
06:58:19.887 [main] DEBUG o.s.b.f.annotation.InjectionMetadata - Processing injected element of bean 'org.springframework.web.servlet.config.annotation.DelegatingWebMvcConfiguration': AutowiredMethodElement for public void org.springframework.web.servlet.config.annotation.DelegatingWebMvcConfiguration.setConfigurers(java.util.List)
06:58:19.887 [main] DEBUG o.s.b.f.s.DefaultListableBeanFactory - Returning cached instance of singleton bean 'metaDataSourceAdvisor'
06:58:19.890 [main] DEBUG o.s.b.f.s.DefaultListableBeanFactory - Returning eagerly cached instance of singleton bean 'webMvcConfiguration' that is not fully initialized yet - a consequence of a circular reference
06:58:19.890 [main] DEBUG o.s.b.f.s.DefaultListableBeanFactory - Creating shared instance of singleton bean 'org.springframework.security.config.annotation.web.configuration.WebMvcSecurityConfiguration'
06:58:19.890 [main] DEBUG o.s.b.f.s.DefaultListableBeanFactory - Creating instance of bean 'org.springframework.security.config.annotation.web.configuration.WebMvcSecurityConfiguration'
06:58:19.890 [main] DEBUG o.s.b.f.s.DefaultListableBeanFactory - Eagerly caching bean 'org.springframework.security.config.annotation.web.configuration.WebMvcSecurityConfiguration' to allow for resolving potential circular references
06:58:19.893 [main] DEBUG o.s.b.f.s.DefaultListableBeanFactory - Returning cached instance of singleton bean 'metaDataSourceAdvisor'
06:58:19.893 [main] DEBUG o.s.b.f.s.DefaultListableBeanFactory - Finished creating instance of bean 'org.springframework.security.config.annotation.web.configuration.WebMvcSecurityConfiguration'
06:58:19.894 [main] DEBUG o.s.b.f.a.AutowiredAnnotationBeanPostProcessor - Autowiring by type from bean name 'org.springframework.web.servlet.config.annotation.DelegatingWebMvcConfiguration' to bean named 'webMvcConfiguration'
06:58:19.894 [main] DEBUG o.s.b.f.a.AutowiredAnnotationBeanPostProcessor - Autowiring by type from bean name 'org.springframework.web.servlet.config.annotation.DelegatingWebMvcConfiguration' to bean named 'org.springframework.security.config.annotation.web.configuration.WebMvcSecurityConfiguration'
06:58:19.894 [main] DEBUG o.s.b.f.s.DefaultListableBeanFactory - Returning cached instance of singleton bean 'metaDataSourceAdvisor'
06:58:19.903 [main] DEBUG o.s.b.f.s.DefaultListableBeanFactory - Finished creating instance of bean 'org.springframework.web.servlet.config.annotation.DelegatingWebMvcConfiguration'
06:58:19.905 [main] DEBUG o.s.b.f.s.DefaultListableBeanFactory - Eagerly caching bean 'mvcConversionService' to allow for resolving potential circular references
06:58:19.907 [main] DEBUG o.s.b.f.s.DefaultListableBeanFactory - Returning cached instance of singleton bean 'metaDataSourceAdvisor'
06:58:19.909 [main] DEBUG o.s.b.f.s.DefaultListableBeanFactory - Finished creating instance of bean 'mvcConversionService'
06:58:19.909 [main] DEBUG o.s.b.f.a.AutowiredAnnotationBeanPostProcessor - Autowiring by type from bean name 'webMvcConfiguration' to bean named 'mvcConversionService'
06:58:19.909 [main] DEBUG o.s.b.f.s.DefaultListableBeanFactory - Finished creating instance of bean 'webMvcConfiguration'
06:58:19.909 [main] DEBUG o.s.b.f.s.DefaultListableBeanFactory - Creating shared instance of singleton bean 'dataConfiguration'
06:58:19.910 [main] DEBUG o.s.b.f.s.DefaultListableBeanFactory - Creating instance of bean 'dataConfiguration'
06:58:19.910 [main] DEBUG o.s.b.f.s.DefaultListableBeanFactory - Eagerly caching bean 'dataConfiguration' to allow for resolving potential circular references
06:58:19.911 [main] DEBUG o.s.b.f.s.DefaultListableBeanFactory - Returning cached instance of singleton bean 'metaDataSourceAdvisor'
06:58:19.912 [main] DEBUG o.s.b.f.s.DefaultListableBeanFactory - Finished creating instance of bean 'dataConfiguration'
06:58:19.912 [main] DEBUG o.s.b.f.s.DefaultListableBeanFactory - Creating shared instance of singleton bean 'loginAuditingListener'
06:58:19.912 [main] DEBUG o.s.b.f.s.DefaultListableBeanFactory - Creating instance of bean 'loginAuditingListener'
06:58:19.913 [main] DEBUG o.s.b.f.s.DefaultListableBeanFactory - Eagerly caching bean 'loginAuditingListener' to allow for resolving potential circular references
06:58:19.914 [main] DEBUG o.s.b.f.s.DefaultListableBeanFactory - Returning cached instance of singleton bean 'metaDataSourceAdvisor'
06:58:19.914 [main] DEBUG o.s.b.f.s.DefaultListableBeanFactory - Finished creating instance of bean 'loginAuditingListener'
06:58:19.914 [main] DEBUG o.s.b.f.s.DefaultListableBeanFactory - Creating shared instance of singleton bean 'securityConfig'
06:58:19.914 [main] DEBUG o.s.b.f.s.DefaultListableBeanFactory - Creating instance of bean 'securityConfig'
06:58:19.917 [main] DEBUG o.s.b.f.annotation.InjectionMetadata - Registered injected element on class [edu.ncsu.csc.itrust2.config.SecurityConfig$$EnhancerBySpringCGLIB$$d7313e7]: AutowiredMethodElement for public void org.springframework.security.config.annotation.web.configuration.WebSecurityConfigurerAdapter.setApplicationContext(org.springframework.context.ApplicationContext)
06:58:19.918 [main] DEBUG o.s.b.f.annotation.InjectionMetadata - Registered injected element on class [edu.ncsu.csc.itrust2.config.SecurityConfig$$EnhancerBySpringCGLIB$$d7313e7]: AutowiredMethodElement for public void org.springframework.security.config.annotation.web.configuration.WebSecurityConfigurerAdapter.setContentNegotationStrategy(org.springframework.web.accept.ContentNegotiationStrategy)
06:58:19.918 [main] DEBUG o.s.b.f.annotation.InjectionMetadata - Registered injected element on class [edu.ncsu.csc.itrust2.config.SecurityConfig$$EnhancerBySpringCGLIB$$d7313e7]: AutowiredMethodElement for public void org.springframework.security.config.annotation.web.configuration.WebSecurityConfigurerAdapter.setAuthenticationConfiguration(org.springframework.security.config.annotation.authentication.configuration.AuthenticationConfiguration)
06:58:19.918 [main] DEBUG o.s.b.f.annotation.InjectionMetadata - Registered injected element on class [edu.ncsu.csc.itrust2.config.SecurityConfig$$EnhancerBySpringCGLIB$$d7313e7]: AutowiredMethodElement for public void org.springframework.security.config.annotation.web.configuration.WebSecurityConfigurerAdapter.setTrustResolver(org.springframework.security.authentication.AuthenticationTrustResolver)
06:58:19.918 [main] DEBUG o.s.b.f.annotation.InjectionMetadata - Registered injected element on class [edu.ncsu.csc.itrust2.config.SecurityConfig$$EnhancerBySpringCGLIB$$d7313e7]: AutowiredMethodElement for public void org.springframework.security.config.annotation.web.configuration.WebSecurityConfigurerAdapter.setObjectPostProcessor(org.springframework.security.config.annotation.ObjectPostProcessor)
06:58:19.918 [main] DEBUG o.s.b.f.annotation.InjectionMetadata - Registered injected element on class [edu.ncsu.csc.itrust2.config.SecurityConfig$$EnhancerBySpringCGLIB$$d7313e7]: AutowiredFieldElement for javax.sql.DataSource edu.ncsu.csc.itrust2.config.SecurityConfig.dataSource
06:58:19.918 [main] DEBUG o.s.b.f.annotation.InjectionMetadata - Registered injected element on class [edu.ncsu.csc.itrust2.config.SecurityConfig$$EnhancerBySpringCGLIB$$d7313e7]: AutowiredMethodElement for public void edu.ncsu.csc.itrust2.config.SecurityConfig.configureGlobal(org.springframework.security.config.annotation.authentication.builders.AuthenticationManagerBuilder) throws java.lang.Exception
06:58:19.918 [main] DEBUG o.s.b.f.s.DefaultListableBeanFactory - Eagerly caching bean 'securityConfig' to allow for resolving potential circular references
06:58:19.918 [main] DEBUG o.s.b.f.annotation.InjectionMetadata - Processing injected element of bean 'securityConfig': AutowiredMethodElement for public void org.springframework.security.config.annotation.web.configuration.WebSecurityConfigurerAdapter.setApplicationContext(org.springframework.context.ApplicationContext)
06:58:19.918 [main] DEBUG o.s.b.f.a.AutowiredAnnotationBeanPostProcessor - Autowiring by type from bean name 'securityConfig' to bean named 'org.springframework.web.context.support.GenericWebApplicationContext@239dda8a'
06:58:19.919 [main] DEBUG o.s.b.f.annotation.InjectionMetadata - Processing injected element of bean 'securityConfig': AutowiredMethodElement for public void org.springframework.security.config.annotation.web.configuration.WebSecurityConfigurerAdapter.setContentNegotationStrategy(org.springframework.web.accept.ContentNegotiationStrategy)
06:58:19.919 [main] DEBUG o.s.b.f.s.DefaultListableBeanFactory - Creating shared instance of singleton bean 'mvcContentNegotiationManager'
06:58:19.919 [main] DEBUG o.s.b.f.s.DefaultListableBeanFactory - Creating instance of bean 'mvcContentNegotiationManager'
06:58:19.919 [main] DEBUG o.s.b.f.s.DefaultListableBeanFactory - Returning cached instance of singleton bean 'org.springframework.web.servlet.config.annotation.DelegatingWebMvcConfiguration'
06:58:19.920 [main] DEBUG o.s.b.f.s.DefaultListableBeanFactory - Eagerly caching bean 'mvcContentNegotiationManager' to allow for resolving potential circular references
06:58:19.922 [main] DEBUG o.s.b.f.s.DefaultListableBeanFactory - Returning cached instance of singleton bean 'metaDataSourceAdvisor'
06:58:19.922 [main] DEBUG o.s.b.f.s.DefaultListableBeanFactory - Finished creating instance of bean 'mvcContentNegotiationManager'
06:58:19.922 [main] DEBUG o.s.b.f.a.AutowiredAnnotationBeanPostProcessor - Autowiring by type from bean name 'securityConfig' to bean named 'mvcContentNegotiationManager'
06:58:19.922 [main] DEBUG o.s.b.f.annotation.InjectionMetadata - Processing injected element of bean 'securityConfig': AutowiredMethodElement for public void org.springframework.security.config.annotation.web.configuration.WebSecurityConfigurerAdapter.setAuthenticationConfiguration(org.springframework.security.config.annotation.authentication.configuration.AuthenticationConfiguration)
06:58:19.923 [main] DEBUG o.s.b.f.s.DefaultListableBeanFactory - Creating shared instance of singleton bean 'org.springframework.security.config.annotation.authentication.configuration.AuthenticationConfiguration'
06:58:19.923 [main] DEBUG o.s.b.f.s.DefaultListableBeanFactory - Creating instance of bean 'org.springframework.security.config.annotation.authentication.configuration.AuthenticationConfiguration'
06:58:19.925 [main] DEBUG o.s.b.f.annotation.InjectionMetadata - Registered injected element on class [org.springframework.security.config.annotation.authentication.configuration.AuthenticationConfiguration$$EnhancerBySpringCGLIB$$67316828]: AutowiredMethodElement for public void org.springframework.security.config.annotation.authentication.configuration.AuthenticationConfiguration.setApplicationContext(org.springframework.context.ApplicationContext)
06:58:19.925 [main] DEBUG o.s.b.f.annotation.InjectionMetadata - Registered injected element on class [org.springframework.security.config.annotation.authentication.configuration.AuthenticationConfiguration$$EnhancerBySpringCGLIB$$67316828]: AutowiredMethodElement for public void org.springframework.security.config.annotation.authentication.configuration.AuthenticationConfiguration.setGlobalAuthenticationConfigurers(java.util.List) throws java.lang.Exception
06:58:19.925 [main] DEBUG o.s.b.f.annotation.InjectionMetadata - Registered injected element on class [org.springframework.security.config.annotation.authentication.configuration.AuthenticationConfiguration$$EnhancerBySpringCGLIB$$67316828]: AutowiredMethodElement for public void org.springframework.security.config.annotation.authentication.configuration.AuthenticationConfiguration.setObjectPostProcessor(org.springframework.security.config.annotation.ObjectPostProcessor)
06:58:19.925 [main] DEBUG o.s.b.f.s.DefaultListableBeanFactory - Eagerly caching bean 'org.springframework.security.config.annotation.authentication.configuration.AuthenticationConfiguration' to allow for resolving potential circular references
06:58:19.925 [main] DEBUG o.s.b.f.annotation.InjectionMetadata - Processing injected element of bean 'org.springframework.security.config.annotation.authentication.configuration.AuthenticationConfiguration': AutowiredMethodElement for public void org.springframework.security.config.annotation.authentication.configuration.AuthenticationConfiguration.setApplicationContext(org.springframework.context.ApplicationContext)
06:58:19.925 [main] DEBUG o.s.b.f.a.AutowiredAnnotationBeanPostProcessor - Autowiring by type from bean name 'org.springframework.security.config.annotation.authentication.configuration.AuthenticationConfiguration' to bean named 'org.springframework.web.context.support.GenericWebApplicationContext@239dda8a'
06:58:19.925 [main] DEBUG o.s.b.f.annotation.InjectionMetadata - Processing injected element of bean 'org.springframework.security.config.annotation.authentication.configuration.AuthenticationConfiguration': AutowiredMethodElement for public void org.springframework.security.config.annotation.authentication.configuration.AuthenticationConfiguration.setGlobalAuthenticationConfigurers(java.util.List) throws java.lang.Exception
06:58:19.926 [main] DEBUG o.s.b.f.s.DefaultListableBeanFactory - Creating shared instance of singleton bean 'enableGlobalAuthenticationAutowiredConfigurer'
06:58:19.926 [main] DEBUG o.s.b.f.s.DefaultListableBeanFactory - Creating instance of bean 'enableGlobalAuthenticationAutowiredConfigurer'
06:58:19.927 [main] DEBUG o.s.b.f.s.DefaultListableBeanFactory - Autowiring by type from bean name 'enableGlobalAuthenticationAutowiredConfigurer' via factory method to bean named 'org.springframework.web.context.support.GenericWebApplicationContext@239dda8a'
06:58:19.928 [main] DEBUG o.s.b.f.s.DefaultListableBeanFactory - Eagerly caching bean 'enableGlobalAuthenticationAutowiredConfigurer' to allow for resolving potential circular references
06:58:19.929 [main] DEBUG o.s.b.f.s.DefaultListableBeanFactory - Returning cached instance of singleton bean 'metaDataSourceAdvisor'
06:58:19.929 [main] DEBUG o.s.b.f.s.DefaultListableBeanFactory - Finished creating instance of bean 'enableGlobalAuthenticationAutowiredConfigurer'
06:58:19.930 [main] DEBUG o.s.b.f.s.DefaultListableBeanFactory - Creating shared instance of singleton bean 'initializeUserDetailsBeanManagerConfigurer'
06:58:19.930 [main] DEBUG o.s.b.f.s.DefaultListableBeanFactory - Creating instance of bean 'initializeUserDetailsBeanManagerConfigurer'
06:58:19.930 [main] DEBUG o.s.b.f.s.DefaultListableBeanFactory - Autowiring by type from bean name 'initializeUserDetailsBeanManagerConfigurer' via factory method to bean named 'org.springframework.web.context.support.GenericWebApplicationContext@239dda8a'
06:58:19.930 [main] DEBUG o.s.b.f.s.DefaultListableBeanFactory - Eagerly caching bean 'initializeUserDetailsBeanManagerConfigurer' to allow for resolving potential circular references
06:58:19.931 [main] DEBUG o.s.b.f.s.DefaultListableBeanFactory - Returning cached instance of singleton bean 'metaDataSourceAdvisor'
06:58:19.932 [main] DEBUG o.s.b.f.s.DefaultListableBeanFactory - Finished creating instance of bean 'initializeUserDetailsBeanManagerConfigurer'
06:58:19.932 [main] DEBUG o.s.b.f.s.DefaultListableBeanFactory - Creating shared instance of singleton bean 'initializeAuthenticationProviderBeanManagerConfigurer'
06:58:19.932 [main] DEBUG o.s.b.f.s.DefaultListableBeanFactory - Creating instance of bean 'initializeAuthenticationProviderBeanManagerConfigurer'
06:58:19.933 [main] DEBUG o.s.b.f.s.DefaultListableBeanFactory - Autowiring by type from bean name 'initializeAuthenticationProviderBeanManagerConfigurer' via factory method to bean named 'org.springframework.web.context.support.GenericWebApplicationContext@239dda8a'
06:58:19.933 [main] DEBUG o.s.b.f.s.DefaultListableBeanFactory - Eagerly caching bean 'initializeAuthenticationProviderBeanManagerConfigurer' to allow for resolving potential circular references
06:58:19.934 [main] DEBUG o.s.b.f.s.DefaultListableBeanFactory - Returning cached instance of singleton bean 'metaDataSourceAdvisor'
06:58:19.935 [main] DEBUG o.s.b.f.s.DefaultListableBeanFactory - Finished creating instance of bean 'initializeAuthenticationProviderBeanManagerConfigurer'
06:58:19.936 [main] DEBUG o.s.b.f.a.AutowiredAnnotationBeanPostProcessor - Autowiring by type from bean name 'org.springframework.security.config.annotation.authentication.configuration.AuthenticationConfiguration' to bean named 'enableGlobalAuthenticationAutowiredConfigurer'
06:58:19.936 [main] DEBUG o.s.b.f.a.AutowiredAnnotationBeanPostProcessor - Autowiring by type from bean name 'org.springframework.security.config.annotation.authentication.configuration.AuthenticationConfiguration' to bean named 'initializeUserDetailsBeanManagerConfigurer'
06:58:19.936 [main] DEBUG o.s.b.f.a.AutowiredAnnotationBeanPostProcessor - Autowiring by type from bean name 'org.springframework.security.config.annotation.authentication.configuration.AuthenticationConfiguration' to bean named 'initializeAuthenticationProviderBeanManagerConfigurer'
06:58:19.936 [main] DEBUG o.s.b.f.annotation.InjectionMetadata - Processing injected element of bean 'org.springframework.security.config.annotation.authentication.configuration.AuthenticationConfiguration': AutowiredMethodElement for public void org.springframework.security.config.annotation.authentication.configuration.AuthenticationConfiguration.setObjectPostProcessor(org.springframework.security.config.annotation.ObjectPostProcessor)
06:58:19.937 [main] DEBUG o.s.b.f.s.DefaultListableBeanFactory - Returning cached instance of singleton bean 'objectPostProcessor'
06:58:19.937 [main] DEBUG o.s.b.f.a.AutowiredAnnotationBeanPostProcessor - Autowiring by type from bean name 'org.springframework.security.config.annotation.authentication.configuration.AuthenticationConfiguration' to bean named 'objectPostProcessor'
06:58:19.937 [main] DEBUG o.s.b.f.s.DefaultListableBeanFactory - Returning cached instance of singleton bean 'metaDataSourceAdvisor'
06:58:19.938 [main] DEBUG o.s.b.f.s.DefaultListableBeanFactory - Finished creating instance of bean 'org.springframework.security.config.annotation.authentication.configuration.AuthenticationConfiguration'
06:58:19.938 [main] DEBUG o.s.b.f.a.AutowiredAnnotationBeanPostProcessor - Autowiring by type from bean name 'securityConfig' to bean named 'org.springframework.security.config.annotation.authentication.configuration.AuthenticationConfiguration'
06:58:19.939 [main] DEBUG o.s.b.f.annotation.InjectionMetadata - Processing injected element of bean 'securityConfig': AutowiredMethodElement for public void org.springframework.security.config.annotation.web.configuration.WebSecurityConfigurerAdapter.setTrustResolver(org.springframework.security.authentication.AuthenticationTrustResolver)
06:58:19.939 [main] DEBUG o.s.b.f.annotation.InjectionMetadata - Processing injected element of bean 'securityConfig': AutowiredMethodElement for public void org.springframework.security.config.annotation.web.configuration.WebSecurityConfigurerAdapter.setObjectPostProcessor(org.springframework.security.config.annotation.ObjectPostProcessor)
06:58:19.940 [main] DEBUG o.s.b.f.s.DefaultListableBeanFactory - Returning cached instance of singleton bean 'objectPostProcessor'
06:58:19.940 [main] DEBUG o.s.b.f.a.AutowiredAnnotationBeanPostProcessor - Autowiring by type from bean name 'securityConfig' to bean named 'objectPostProcessor'
06:58:19.940 [main] DEBUG o.s.b.f.annotation.InjectionMetadata - Processing injected element of bean 'securityConfig': AutowiredFieldElement for javax.sql.DataSource edu.ncsu.csc.itrust2.config.SecurityConfig.dataSource
06:58:19.940 [main] DEBUG o.s.b.f.s.DefaultListableBeanFactory - Creating shared instance of singleton bean 'dataSource'
06:58:19.940 [main] DEBUG o.s.b.f.s.DefaultListableBeanFactory - Creating instance of bean 'dataSource'
06:58:19.941 [main] DEBUG o.s.b.f.s.DefaultListableBeanFactory - Returning cached instance of singleton bean 'dataConfiguration'
06:58:19.941 [main] INFO  o.s.j.d.DriverManagerDataSource - Loaded JDBC driver: com.mysql.jdbc.Driver
06:58:19.941 [main] DEBUG o.s.b.f.s.DefaultListableBeanFactory - Eagerly caching bean 'dataSource' to allow for resolving potential circular references
06:58:19.942 [main] DEBUG o.s.b.f.s.DefaultListableBeanFactory - Returning cached instance of singleton bean 'metaDataSourceAdvisor'
06:58:19.944 [main] DEBUG o.s.b.f.s.DefaultListableBeanFactory - Finished creating instance of bean 'dataSource'
06:58:19.945 [main] DEBUG o.s.b.f.a.AutowiredAnnotationBeanPostProcessor - Autowiring by type from bean name 'securityConfig' to bean named 'dataSource'
06:58:19.945 [main] DEBUG o.s.b.f.annotation.InjectionMetadata - Processing injected element of bean 'securityConfig': AutowiredMethodElement for public void edu.ncsu.csc.itrust2.config.SecurityConfig.configureGlobal(org.springframework.security.config.annotation.authentication.builders.AuthenticationManagerBuilder) throws java.lang.Exception
06:58:19.945 [main] DEBUG o.s.b.f.s.DefaultListableBeanFactory - Creating shared instance of singleton bean 'authenticationManagerBuilder'
06:58:19.945 [main] DEBUG o.s.b.f.s.DefaultListableBeanFactory - Creating instance of bean 'authenticationManagerBuilder'
06:58:19.945 [main] DEBUG o.s.b.f.s.DefaultListableBeanFactory - Returning cached instance of singleton bean 'org.springframework.security.config.annotation.authentication.configuration.AuthenticationConfiguration'
06:58:19.945 [main] DEBUG o.s.b.f.s.DefaultListableBeanFactory - Returning cached instance of singleton bean 'objectPostProcessor'
06:58:19.946 [main] DEBUG o.s.b.f.s.DefaultListableBeanFactory - Autowiring by type from bean name 'authenticationManagerBuilder' via factory method to bean named 'objectPostProcessor'
06:58:19.946 [main] DEBUG o.s.b.f.s.DefaultListableBeanFactory - Eagerly caching bean 'authenticationManagerBuilder' to allow for resolving potential circular references
06:58:19.948 [main] DEBUG o.s.b.f.s.DefaultListableBeanFactory - Returning cached instance of singleton bean 'metaDataSourceAdvisor'
06:58:19.951 [main] DEBUG o.s.b.f.s.DefaultListableBeanFactory - Finished creating instance of bean 'authenticationManagerBuilder'
06:58:19.951 [main] DEBUG o.s.b.f.a.AutowiredAnnotationBeanPostProcessor - Autowiring by type from bean name 'securityConfig' to bean named 'authenticationManagerBuilder'
06:58:19.952 [main] DEBUG o.s.b.f.s.DefaultListableBeanFactory - Creating shared instance of singleton bean 'passwordEncoder'
06:58:19.952 [main] DEBUG o.s.b.f.s.DefaultListableBeanFactory - Creating instance of bean 'passwordEncoder'
06:58:19.952 [main] DEBUG o.s.b.f.s.DefaultListableBeanFactory - Returning cached instance of singleton bean 'metaDataSourceAdvisor'
06:58:19.955 [main] DEBUG o.s.b.f.s.DefaultListableBeanFactory - Returning eagerly cached instance of singleton bean 'securityConfig' that is not fully initialized yet - a consequence of a circular reference
06:58:19.956 [main] DEBUG o.s.b.f.s.DefaultListableBeanFactory - Eagerly caching bean 'passwordEncoder' to allow for resolving potential circular references
06:58:19.957 [main] DEBUG o.s.b.f.s.DefaultListableBeanFactory - Returning cached instance of singleton bean 'metaDataSourceAdvisor'
06:58:19.957 [main] DEBUG o.s.b.f.s.DefaultListableBeanFactory - Finished creating instance of bean 'passwordEncoder'
06:58:20.056 [main] DEBUG o.s.b.f.s.DefaultListableBeanFactory - Creating shared instance of singleton bean 'defaultAuthenticationEventPublisher'
06:58:20.056 [main] DEBUG o.s.b.f.s.DefaultListableBeanFactory - Creating instance of bean 'defaultAuthenticationEventPublisher'
06:58:20.056 [main] DEBUG o.s.b.f.s.DefaultListableBeanFactory - Returning eagerly cached instance of singleton bean 'securityConfig' that is not fully initialized yet - a consequence of a circular reference
06:58:20.056 [main] DEBUG o.s.b.f.s.DefaultListableBeanFactory - Eagerly caching bean 'defaultAuthenticationEventPublisher' to allow for resolving potential circular references
06:58:20.058 [main] DEBUG o.s.b.f.s.DefaultListableBeanFactory - Returning cached instance of singleton bean 'metaDataSourceAdvisor'
06:58:20.058 [main] DEBUG o.s.b.f.s.DefaultListableBeanFactory - Finished creating instance of bean 'defaultAuthenticationEventPublisher'
06:58:20.058 [main] DEBUG o.s.b.f.s.DefaultListableBeanFactory - Finished creating instance of bean 'securityConfig'
06:58:20.058 [main] DEBUG o.s.b.f.s.DefaultListableBeanFactory - Creating shared instance of singleton bean 'defaultController'
06:58:20.058 [main] DEBUG o.s.b.f.s.DefaultListableBeanFactory - Creating instance of bean 'defaultController'
06:58:20.058 [main] DEBUG o.s.b.f.s.DefaultListableBeanFactory - Eagerly caching bean 'defaultController' to allow for resolving potential circular references
06:58:20.058 [main] DEBUG o.s.b.f.s.DefaultListableBeanFactory - Returning cached instance of singleton bean 'metaDataSourceAdvisor'
06:58:20.058 [main] DEBUG o.s.b.f.s.DefaultListableBeanFactory - Finished creating instance of bean 'defaultController'
06:58:20.059 [main] DEBUG o.s.b.f.s.DefaultListableBeanFactory - Creating shared instance of singleton bean 'adminController'
06:58:20.059 [main] DEBUG o.s.b.f.s.DefaultListableBeanFactory - Creating instance of bean 'adminController'
06:58:20.059 [main] DEBUG o.s.b.f.s.DefaultListableBeanFactory - Eagerly caching bean 'adminController' to allow for resolving potential circular references
06:58:20.059 [main] DEBUG o.s.b.f.s.DefaultListableBeanFactory - Returning cached instance of singleton bean 'metaDataSourceAdvisor'
06:58:20.059 [main] DEBUG o.s.s.a.p.PrePostAnnotationSecurityMetadataSource - @org.springframework.security.access.prepost.PreAuthorize(value=hasRole('ROLE_ADMIN')) found on specific method: public java.lang.String edu.ncsu.csc.itrust2.controllers.admin.AdminController.index(org.springframework.ui.Model)
06:58:20.059 [main] DEBUG o.s.s.a.m.DelegatingMethodSecurityMetadataSource - Caching method [CacheKey[edu.ncsu.csc.itrust2.controllers.admin.AdminController; public java.lang.String edu.ncsu.csc.itrust2.controllers.admin.AdminController.index(org.springframework.ui.Model)]] with attributes [[authorize: 'hasRole('ROLE_ADMIN')', filter: 'null', filterTarget: 'null']]
06:58:20.059 [main] DEBUG o.s.a.f.a.InfrastructureAdvisorAutoProxyCreator - Creating implicit proxy for bean 'adminController' with 0 common interceptors and 1 specific interceptors
06:58:20.059 [main] DEBUG o.s.aop.framework.CglibAopProxy - Creating CGLIB proxy: target source is SingletonTargetSource for target object [edu.ncsu.csc.itrust2.controllers.admin.AdminController@1f531e3]
06:58:20.059 [main] DEBUG o.s.b.f.s.DefaultListableBeanFactory - Creating shared instance of singleton bean 'methodSecurityInterceptor'
06:58:20.059 [main] DEBUG o.s.b.f.s.DefaultListableBeanFactory - Creating instance of bean 'methodSecurityInterceptor'
06:58:20.059 [main] DEBUG o.s.b.f.s.DefaultListableBeanFactory - Returning cached instance of singleton bean 'org.springframework.security.config.annotation.method.configuration.GlobalMethodSecurityConfiguration'
06:58:20.060 [main] DEBUG o.s.b.f.s.DefaultListableBeanFactory - Returning cached instance of singleton bean 'methodSecurityMetadataSource'
06:58:20.060 [main] DEBUG o.s.b.f.s.DefaultListableBeanFactory - Eagerly caching bean 'methodSecurityInterceptor' to allow for resolving potential circular references
06:58:20.061 [main] DEBUG o.s.b.f.s.DefaultListableBeanFactory - Invoking afterPropertiesSet() on bean with name 'methodSecurityInterceptor'
06:58:20.061 [main] DEBUG o.s.s.a.i.a.MethodSecurityInterceptor - Validated configuration attributes
06:58:20.061 [main] DEBUG o.s.b.f.s.DefaultListableBeanFactory - Finished creating instance of bean 'methodSecurityInterceptor'
06:58:20.062 [main] DEBUG o.s.aop.framework.CglibAopProxy - Unable to apply any optimisations to advised method: public java.lang.String edu.ncsu.csc.itrust2.controllers.admin.AdminController.index(org.springframework.ui.Model)
06:58:20.062 [main] DEBUG o.s.aop.framework.CglibAopProxy - Found 'equals' method: public boolean java.lang.Object.equals(java.lang.Object)
06:58:20.062 [main] DEBUG o.s.aop.framework.CglibAopProxy - Unable to apply any optimisations to advised method: public java.lang.String java.lang.Object.toString()
06:58:20.062 [main] DEBUG o.s.aop.framework.CglibAopProxy - Found 'hashCode' method: public native int java.lang.Object.hashCode()
06:58:20.062 [main] DEBUG o.s.aop.framework.CglibAopProxy - Unable to apply any optimisations to advised method: protected native java.lang.Object java.lang.Object.clone() throws java.lang.CloneNotSupportedException
06:58:20.062 [main] DEBUG o.s.aop.framework.CglibAopProxy - Method is declared on Advised interface: public abstract org.springframework.aop.TargetSource org.springframework.aop.framework.Advised.getTargetSource()
06:58:20.062 [main] DEBUG o.s.aop.framework.CglibAopProxy - Method is declared on Advised interface: public abstract boolean org.springframework.aop.framework.Advised.isProxyTargetClass()
06:58:20.062 [main] DEBUG o.s.aop.framework.CglibAopProxy - Method is declared on Advised interface: public abstract void org.springframework.aop.framework.Advised.addAdvisor(org.springframework.aop.Advisor) throws org.springframework.aop.framework.AopConfigException
06:58:20.062 [main] DEBUG o.s.aop.framework.CglibAopProxy - Method is declared on Advised interface: public abstract void org.springframework.aop.framework.Advised.addAdvisor(int,org.springframework.aop.Advisor) throws org.springframework.aop.framework.AopConfigException
06:58:20.062 [main] DEBUG o.s.aop.framework.CglibAopProxy - Method is declared on Advised interface: public abstract void org.springframework.aop.framework.Advised.setPreFiltered(boolean)
06:58:20.062 [main] DEBUG o.s.aop.framework.CglibAopProxy - Method is declared on Advised interface: public abstract void org.springframework.aop.framework.Advised.setExposeProxy(boolean)
06:58:20.062 [main] DEBUG o.s.aop.framework.CglibAopProxy - Method is declared on Advised interface: public abstract boolean org.springframework.aop.framework.Advised.isExposeProxy()
06:58:20.062 [main] DEBUG o.s.aop.framework.CglibAopProxy - Method is declared on Advised interface: public abstract void org.springframework.aop.framework.Advised.addAdvice(org.aopalliance.aop.Advice) throws org.springframework.aop.framework.AopConfigException
06:58:20.062 [main] DEBUG o.s.aop.framework.CglibAopProxy - Method is declared on Advised interface: public abstract void org.springframework.aop.framework.Advised.addAdvice(int,org.aopalliance.aop.Advice) throws org.springframework.aop.framework.AopConfigException
06:58:20.062 [main] DEBUG o.s.aop.framework.CglibAopProxy - Method is declared on Advised interface: public abstract boolean org.springframework.aop.framework.Advised.isPreFiltered()
06:58:20.062 [main] DEBUG o.s.aop.framework.CglibAopProxy - Method is declared on Advised interface: public abstract java.lang.Class[] org.springframework.aop.framework.Advised.getProxiedInterfaces()
06:58:20.062 [main] DEBUG o.s.aop.framework.CglibAopProxy - Method is declared on Advised interface: public abstract boolean org.springframework.aop.framework.Advised.isInterfaceProxied(java.lang.Class)
06:58:20.062 [main] DEBUG o.s.aop.framework.CglibAopProxy - Method is declared on Advised interface: public abstract org.springframework.aop.Advisor[] org.springframework.aop.framework.Advised.getAdvisors()
06:58:20.062 [main] DEBUG o.s.aop.framework.CglibAopProxy - Method is declared on Advised interface: public abstract boolean org.springframework.aop.framework.Advised.removeAdvisor(org.springframework.aop.Advisor)
06:58:20.062 [main] DEBUG o.s.aop.framework.CglibAopProxy - Method is declared on Advised interface: public abstract void org.springframework.aop.framework.Advised.removeAdvisor(int) throws org.springframework.aop.framework.AopConfigException
06:58:20.062 [main] DEBUG o.s.aop.framework.CglibAopProxy - Method is declared on Advised interface: public abstract boolean org.springframework.aop.framework.Advised.replaceAdvisor(org.springframework.aop.Advisor,org.springframework.aop.Advisor) throws org.springframework.aop.framework.AopConfigException
06:58:20.062 [main] DEBUG o.s.aop.framework.CglibAopProxy - Method is declared on Advised interface: public abstract boolean org.springframework.aop.framework.Advised.removeAdvice(org.aopalliance.aop.Advice)
06:58:20.062 [main] DEBUG o.s.aop.framework.CglibAopProxy - Method is declared on Advised interface: public abstract java.lang.String org.springframework.aop.framework.Advised.toProxyConfigString()
06:58:20.062 [main] DEBUG o.s.aop.framework.CglibAopProxy - Method is declared on Advised interface: public abstract void org.springframework.aop.framework.Advised.setTargetSource(org.springframework.aop.TargetSource)
06:58:20.062 [main] DEBUG o.s.aop.framework.CglibAopProxy - Method is declared on Advised interface: public abstract int org.springframework.aop.framework.Advised.indexOf(org.aopalliance.aop.Advice)
06:58:20.062 [main] DEBUG o.s.aop.framework.CglibAopProxy - Method is declared on Advised interface: public abstract int org.springframework.aop.framework.Advised.indexOf(org.springframework.aop.Advisor)
06:58:20.062 [main] DEBUG o.s.aop.framework.CglibAopProxy - Method is declared on Advised interface: public abstract boolean org.springframework.aop.framework.Advised.isFrozen()
06:58:20.062 [main] DEBUG o.s.aop.framework.CglibAopProxy - Method is declared on Advised interface: public abstract java.lang.Class org.springframework.aop.TargetClassAware.getTargetClass()
06:58:20.067 [main] DEBUG o.s.b.f.s.DefaultListableBeanFactory - Finished creating instance of bean 'adminController'
06:58:20.067 [main] DEBUG o.s.b.f.s.DefaultListableBeanFactory - Creating shared instance of singleton bean 'adminUserController'
06:58:20.067 [main] DEBUG o.s.b.f.s.DefaultListableBeanFactory - Creating instance of bean 'adminUserController'
06:58:20.068 [main] DEBUG o.s.b.f.s.DefaultListableBeanFactory - Eagerly caching bean 'adminUserController' to allow for resolving potential circular references
06:58:20.068 [main] DEBUG o.s.b.f.s.DefaultListableBeanFactory - Returning cached instance of singleton bean 'metaDataSourceAdvisor'
06:58:20.068 [main] DEBUG o.s.s.a.p.PrePostAnnotationSecurityMetadataSource - @org.springframework.security.access.prepost.PreAuthorize(value=hasRole('ROLE_ADMIN')) found on specific method: public java.lang.String edu.ncsu.csc.itrust2.controllers.admin.AdminUserController.deleteUser(org.springframework.ui.Model)
06:58:20.068 [main] DEBUG o.s.s.a.m.DelegatingMethodSecurityMetadataSource - Caching method [CacheKey[edu.ncsu.csc.itrust2.controllers.admin.AdminUserController; public java.lang.String edu.ncsu.csc.itrust2.controllers.admin.AdminUserController.deleteUser(org.springframework.ui.Model)]] with attributes [[authorize: 'hasRole('ROLE_ADMIN')', filter: 'null', filterTarget: 'null']]
06:58:20.068 [main] DEBUG o.s.a.f.a.InfrastructureAdvisorAutoProxyCreator - Creating implicit proxy for bean 'adminUserController' with 0 common interceptors and 1 specific interceptors
06:58:20.068 [main] DEBUG o.s.aop.framework.CglibAopProxy - Creating CGLIB proxy: target source is SingletonTargetSource for target object [edu.ncsu.csc.itrust2.controllers.admin.AdminUserController@429ea070]
06:58:20.069 [main] DEBUG o.s.aop.framework.CglibAopProxy - Unable to apply any optimisations to advised method: public java.lang.String edu.ncsu.csc.itrust2.controllers.admin.AdminUserController.deleteUser(org.springframework.ui.Model)
06:58:20.069 [main] DEBUG o.s.s.a.p.PrePostAnnotationSecurityMetadataSource - @org.springframework.security.access.prepost.PreAuthorize(value=hasRole('ROLE_ADMIN')) found on specific method: public java.lang.String edu.ncsu.csc.itrust2.controllers.admin.AdminUserController.deleteUserSubmit(edu.ncsu.csc.itrust2.forms.admin.DeleteUserForm,org.springframework.validation.BindingResult,org.springframework.ui.Model)
06:58:20.069 [main] DEBUG o.s.s.a.m.DelegatingMethodSecurityMetadataSource - Caching method [CacheKey[edu.ncsu.csc.itrust2.controllers.admin.AdminUserController; public java.lang.String edu.ncsu.csc.itrust2.controllers.admin.AdminUserController.deleteUserSubmit(edu.ncsu.csc.itrust2.forms.admin.DeleteUserForm,org.springframework.validation.BindingResult,org.springframework.ui.Model)]] with attributes [[authorize: 'hasRole('ROLE_ADMIN')', filter: 'null', filterTarget: 'null']]
06:58:20.069 [main] DEBUG o.s.aop.framework.CglibAopProxy - Unable to apply any optimisations to advised method: public java.lang.String edu.ncsu.csc.itrust2.controllers.admin.AdminUserController.deleteUserSubmit(edu.ncsu.csc.itrust2.forms.admin.DeleteUserForm,org.springframework.validation.BindingResult,org.springframework.ui.Model)
06:58:20.069 [main] DEBUG o.s.s.a.p.PrePostAnnotationSecurityMetadataSource - @org.springframework.security.access.prepost.PreAuthorize(value=hasRole('ROLE_ADMIN')) found on specific method: public java.lang.String edu.ncsu.csc.itrust2.controllers.admin.AdminUserController.addUserSubmit(edu.ncsu.csc.itrust2.forms.admin.UserForm,org.springframework.validation.BindingResult,org.springframework.ui.Model)
06:58:20.069 [main] DEBUG o.s.s.a.m.DelegatingMethodSecurityMetadataSource - Caching method [CacheKey[edu.ncsu.csc.itrust2.controllers.admin.AdminUserController; public java.lang.String edu.ncsu.csc.itrust2.controllers.admin.AdminUserController.addUserSubmit(edu.ncsu.csc.itrust2.forms.admin.UserForm,org.springframework.validation.BindingResult,org.springframework.ui.Model)]] with attributes [[authorize: 'hasRole('ROLE_ADMIN')', filter: 'null', filterTarget: 'null']]
06:58:20.069 [main] DEBUG o.s.aop.framework.CglibAopProxy - Unable to apply any optimisations to advised method: public java.lang.String edu.ncsu.csc.itrust2.controllers.admin.AdminUserController.addUserSubmit(edu.ncsu.csc.itrust2.forms.admin.UserForm,org.springframework.validation.BindingResult,org.springframework.ui.Model)
06:58:20.069 [main] DEBUG o.s.s.a.p.PrePostAnnotationSecurityMetadataSource - @org.springframework.security.access.prepost.PreAuthorize(value=hasRole('ROLE_ADMIN')) found on specific method: public java.lang.String edu.ncsu.csc.itrust2.controllers.admin.AdminUserController.drugs(org.springframework.ui.Model)
06:58:20.069 [main] DEBUG o.s.s.a.m.DelegatingMethodSecurityMetadataSource - Caching method [CacheKey[edu.ncsu.csc.itrust2.controllers.admin.AdminUserController; public java.lang.String edu.ncsu.csc.itrust2.controllers.admin.AdminUserController.drugs(org.springframework.ui.Model)]] with attributes [[authorize: 'hasRole('ROLE_ADMIN')', filter: 'null', filterTarget: 'null']]
06:58:20.069 [main] DEBUG o.s.aop.framework.CglibAopProxy - Unable to apply any optimisations to advised method: public java.lang.String edu.ncsu.csc.itrust2.controllers.admin.AdminUserController.drugs(org.springframework.ui.Model)
06:58:20.069 [main] DEBUG o.s.s.a.p.PrePostAnnotationSecurityMetadataSource - @org.springframework.security.access.prepost.PreAuthorize(value=hasRole('ROLE_ADMIN')) found on specific method: public java.lang.String edu.ncsu.csc.itrust2.controllers.admin.AdminUserController.addUser(org.springframework.ui.Model)
06:58:20.069 [main] DEBUG o.s.s.a.m.DelegatingMethodSecurityMetadataSource - Caching method [CacheKey[edu.ncsu.csc.itrust2.controllers.admin.AdminUserController; public java.lang.String edu.ncsu.csc.itrust2.controllers.admin.AdminUserController.addUser(org.springframework.ui.Model)]] with attributes [[authorize: 'hasRole('ROLE_ADMIN')', filter: 'null', filterTarget: 'null']]
06:58:20.069 [main] DEBUG o.s.aop.framework.CglibAopProxy - Unable to apply any optimisations to advised method: public java.lang.String edu.ncsu.csc.itrust2.controllers.admin.AdminUserController.addUser(org.springframework.ui.Model)
06:58:20.069 [main] DEBUG o.s.aop.framework.CglibAopProxy - Found 'equals' method: public boolean java.lang.Object.equals(java.lang.Object)
06:58:20.069 [main] DEBUG o.s.aop.framework.CglibAopProxy - Unable to apply any optimisations to advised method: public java.lang.String java.lang.Object.toString()
06:58:20.069 [main] DEBUG o.s.aop.framework.CglibAopProxy - Found 'hashCode' method: public native int java.lang.Object.hashCode()
06:58:20.069 [main] DEBUG o.s.aop.framework.CglibAopProxy - Unable to apply any optimisations to advised method: protected native java.lang.Object java.lang.Object.clone() throws java.lang.CloneNotSupportedException
06:58:20.069 [main] DEBUG o.s.aop.framework.CglibAopProxy - Method is declared on Advised interface: public abstract org.springframework.aop.TargetSource org.springframework.aop.framework.Advised.getTargetSource()
06:58:20.069 [main] DEBUG o.s.aop.framework.CglibAopProxy - Method is declared on Advised interface: public abstract boolean org.springframework.aop.framework.Advised.isProxyTargetClass()
06:58:20.069 [main] DEBUG o.s.aop.framework.CglibAopProxy - Method is declared on Advised interface: public abstract void org.springframework.aop.framework.Advised.addAdvisor(org.springframework.aop.Advisor) throws org.springframework.aop.framework.AopConfigException
06:58:20.069 [main] DEBUG o.s.aop.framework.CglibAopProxy - Method is declared on Advised interface: public abstract void org.springframework.aop.framework.Advised.addAdvisor(int,org.springframework.aop.Advisor) throws org.springframework.aop.framework.AopConfigException
06:58:20.069 [main] DEBUG o.s.aop.framework.CglibAopProxy - Method is declared on Advised interface: public abstract void org.springframework.aop.framework.Advised.setPreFiltered(boolean)
06:58:20.069 [main] DEBUG o.s.aop.framework.CglibAopProxy - Method is declared on Advised interface: public abstract void org.springframework.aop.framework.Advised.setExposeProxy(boolean)
06:58:20.069 [main] DEBUG o.s.aop.framework.CglibAopProxy - Method is declared on Advised interface: public abstract boolean org.springframework.aop.framework.Advised.isExposeProxy()
06:58:20.069 [main] DEBUG o.s.aop.framework.CglibAopProxy - Method is declared on Advised interface: public abstract void org.springframework.aop.framework.Advised.addAdvice(org.aopalliance.aop.Advice) throws org.springframework.aop.framework.AopConfigException
06:58:20.069 [main] DEBUG o.s.aop.framework.CglibAopProxy - Method is declared on Advised interface: public abstract void org.springframework.aop.framework.Advised.addAdvice(int,org.aopalliance.aop.Advice) throws org.springframework.aop.framework.AopConfigException
06:58:20.069 [main] DEBUG o.s.aop.framework.CglibAopProxy - Method is declared on Advised interface: public abstract boolean org.springframework.aop.framework.Advised.isPreFiltered()
06:58:20.069 [main] DEBUG o.s.aop.framework.CglibAopProxy - Method is declared on Advised interface: public abstract java.lang.Class[] org.springframework.aop.framework.Advised.getProxiedInterfaces()
06:58:20.069 [main] DEBUG o.s.aop.framework.CglibAopProxy - Method is declared on Advised interface: public abstract boolean org.springframework.aop.framework.Advised.isInterfaceProxied(java.lang.Class)
06:58:20.069 [main] DEBUG o.s.aop.framework.CglibAopProxy - Method is declared on Advised interface: public abstract org.springframework.aop.Advisor[] org.springframework.aop.framework.Advised.getAdvisors()
06:58:20.069 [main] DEBUG o.s.aop.framework.CglibAopProxy - Method is declared on Advised interface: public abstract boolean org.springframework.aop.framework.Advised.removeAdvisor(org.springframework.aop.Advisor)
06:58:20.069 [main] DEBUG o.s.aop.framework.CglibAopProxy - Method is declared on Advised interface: public abstract void org.springframework.aop.framework.Advised.removeAdvisor(int) throws org.springframework.aop.framework.AopConfigException
06:58:20.069 [main] DEBUG o.s.aop.framework.CglibAopProxy - Method is declared on Advised interface: public abstract boolean org.springframework.aop.framework.Advised.replaceAdvisor(org.springframework.aop.Advisor,org.springframework.aop.Advisor) throws org.springframework.aop.framework.AopConfigException
06:58:20.069 [main] DEBUG o.s.aop.framework.CglibAopProxy - Method is declared on Advised interface: public abstract boolean org.springframework.aop.framework.Advised.removeAdvice(org.aopalliance.aop.Advice)
06:58:20.069 [main] DEBUG o.s.aop.framework.CglibAopProxy - Method is declared on Advised interface: public abstract java.lang.String org.springframework.aop.framework.Advised.toProxyConfigString()
06:58:20.069 [main] DEBUG o.s.aop.framework.CglibAopProxy - Method is declared on Advised interface: public abstract void org.springframework.aop.framework.Advised.setTargetSource(org.springframework.aop.TargetSource)
06:58:20.069 [main] DEBUG o.s.aop.framework.CglibAopProxy - Method is declared on Advised interface: public abstract int org.springframework.aop.framework.Advised.indexOf(org.aopalliance.aop.Advice)
06:58:20.069 [main] DEBUG o.s.aop.framework.CglibAopProxy - Method is declared on Advised interface: public abstract int org.springframework.aop.framework.Advised.indexOf(org.springframework.aop.Advisor)
06:58:20.069 [main] DEBUG o.s.aop.framework.CglibAopProxy - Method is declared on Advised interface: public abstract boolean org.springframework.aop.framework.Advised.isFrozen()
06:58:20.069 [main] DEBUG o.s.aop.framework.CglibAopProxy - Method is declared on Advised interface: public abstract java.lang.Class org.springframework.aop.TargetClassAware.getTargetClass()
06:58:20.074 [main] DEBUG o.s.b.f.s.DefaultListableBeanFactory - Finished creating instance of bean 'adminUserController'
06:58:20.075 [main] DEBUG o.s.b.f.s.DefaultListableBeanFactory - Creating shared instance of singleton bean 'hospitalController'
06:58:20.075 [main] DEBUG o.s.b.f.s.DefaultListableBeanFactory - Creating instance of bean 'hospitalController'
06:58:20.075 [main] DEBUG o.s.b.f.s.DefaultListableBeanFactory - Eagerly caching bean 'hospitalController' to allow for resolving potential circular references
06:58:20.075 [main] DEBUG o.s.b.f.s.DefaultListableBeanFactory - Returning cached instance of singleton bean 'metaDataSourceAdvisor'
06:58:20.075 [main] DEBUG o.s.s.a.p.PrePostAnnotationSecurityMetadataSource - @org.springframework.security.access.prepost.PreAuthorize(value=hasRole('ROLE_ADMIN')) found on specific method: public java.lang.String edu.ncsu.csc.itrust2.controllers.admin.HospitalController.addHospitalSubmit(edu.ncsu.csc.itrust2.forms.admin.HospitalForm,org.springframework.validation.BindingResult,org.springframework.ui.Model)
06:58:20.075 [main] DEBUG o.s.s.a.m.DelegatingMethodSecurityMetadataSource - Caching method [CacheKey[edu.ncsu.csc.itrust2.controllers.admin.HospitalController; public java.lang.String edu.ncsu.csc.itrust2.controllers.admin.HospitalController.addHospitalSubmit(edu.ncsu.csc.itrust2.forms.admin.HospitalForm,org.springframework.validation.BindingResult,org.springframework.ui.Model)]] with attributes [[authorize: 'hasRole('ROLE_ADMIN')', filter: 'null', filterTarget: 'null']]
06:58:20.075 [main] DEBUG o.s.a.f.a.InfrastructureAdvisorAutoProxyCreator - Creating implicit proxy for bean 'hospitalController' with 0 common interceptors and 1 specific interceptors
06:58:20.075 [main] DEBUG o.s.aop.framework.CglibAopProxy - Creating CGLIB proxy: target source is SingletonTargetSource for target object [edu.ncsu.csc.itrust2.controllers.admin.HospitalController@547e4c45]
06:58:20.076 [main] DEBUG o.s.aop.framework.CglibAopProxy - Unable to apply any optimisations to advised method: public java.lang.String edu.ncsu.csc.itrust2.controllers.admin.HospitalController.addHospitalSubmit(edu.ncsu.csc.itrust2.forms.admin.HospitalForm,org.springframework.validation.BindingResult,org.springframework.ui.Model)
06:58:20.076 [main] DEBUG o.s.s.a.p.PrePostAnnotationSecurityMetadataSource - @org.springframework.security.access.prepost.PreAuthorize(value=hasRole('ROLE_ADMIN')) found on specific method: public java.lang.String edu.ncsu.csc.itrust2.controllers.admin.HospitalController.deleteHospital(org.springframework.ui.Model)
06:58:20.076 [main] DEBUG o.s.s.a.m.DelegatingMethodSecurityMetadataSource - Caching method [CacheKey[edu.ncsu.csc.itrust2.controllers.admin.HospitalController; public java.lang.String edu.ncsu.csc.itrust2.controllers.admin.HospitalController.deleteHospital(org.springframework.ui.Model)]] with attributes [[authorize: 'hasRole('ROLE_ADMIN')', filter: 'null', filterTarget: 'null']]
06:58:20.076 [main] DEBUG o.s.aop.framework.CglibAopProxy - Unable to apply any optimisations to advised method: public java.lang.String edu.ncsu.csc.itrust2.controllers.admin.HospitalController.deleteHospital(org.springframework.ui.Model)
06:58:20.076 [main] DEBUG o.s.s.a.p.PrePostAnnotationSecurityMetadataSource - @org.springframework.security.access.prepost.PreAuthorize(value=hasRole('ROLE_ADMIN')) found on specific method: public java.lang.String edu.ncsu.csc.itrust2.controllers.admin.HospitalController.deleteHospitalSubmit(edu.ncsu.csc.itrust2.forms.admin.DeleteHospitalForm,org.springframework.validation.BindingResult,org.springframework.ui.Model)
06:58:20.076 [main] DEBUG o.s.s.a.m.DelegatingMethodSecurityMetadataSource - Caching method [CacheKey[edu.ncsu.csc.itrust2.controllers.admin.HospitalController; public java.lang.String edu.ncsu.csc.itrust2.controllers.admin.HospitalController.deleteHospitalSubmit(edu.ncsu.csc.itrust2.forms.admin.DeleteHospitalForm,org.springframework.validation.BindingResult,org.springframework.ui.Model)]] with attributes [[authorize: 'hasRole('ROLE_ADMIN')', filter: 'null', filterTarget: 'null']]
06:58:20.076 [main] DEBUG o.s.aop.framework.CglibAopProxy - Unable to apply any optimisations to advised method: public java.lang.String edu.ncsu.csc.itrust2.controllers.admin.HospitalController.deleteHospitalSubmit(edu.ncsu.csc.itrust2.forms.admin.DeleteHospitalForm,org.springframework.validation.BindingResult,org.springframework.ui.Model)
06:58:20.076 [main] DEBUG o.s.s.a.p.PrePostAnnotationSecurityMetadataSource - @org.springframework.security.access.prepost.PreAuthorize(value=hasRole('ROLE_ADMIN')) found on specific method: public java.lang.String edu.ncsu.csc.itrust2.controllers.admin.HospitalController.addHospital(org.springframework.ui.Model)
06:58:20.076 [main] DEBUG o.s.s.a.m.DelegatingMethodSecurityMetadataSource - Caching method [CacheKey[edu.ncsu.csc.itrust2.controllers.admin.HospitalController; public java.lang.String edu.ncsu.csc.itrust2.controllers.admin.HospitalController.addHospital(org.springframework.ui.Model)]] with attributes [[authorize: 'hasRole('ROLE_ADMIN')', filter: 'null', filterTarget: 'null']]
06:58:20.076 [main] DEBUG o.s.aop.framework.CglibAopProxy - Unable to apply any optimisations to advised method: public java.lang.String edu.ncsu.csc.itrust2.controllers.admin.HospitalController.addHospital(org.springframework.ui.Model)
06:58:20.076 [main] DEBUG o.s.aop.framework.CglibAopProxy - Found 'equals' method: public boolean java.lang.Object.equals(java.lang.Object)
06:58:20.076 [main] DEBUG o.s.aop.framework.CglibAopProxy - Unable to apply any optimisations to advised method: public java.lang.String java.lang.Object.toString()
06:58:20.076 [main] DEBUG o.s.aop.framework.CglibAopProxy - Found 'hashCode' method: public native int java.lang.Object.hashCode()
06:58:20.076 [main] DEBUG o.s.aop.framework.CglibAopProxy - Unable to apply any optimisations to advised method: protected native java.lang.Object java.lang.Object.clone() throws java.lang.CloneNotSupportedException
06:58:20.076 [main] DEBUG o.s.aop.framework.CglibAopProxy - Method is declared on Advised interface: public abstract org.springframework.aop.TargetSource org.springframework.aop.framework.Advised.getTargetSource()
06:58:20.076 [main] DEBUG o.s.aop.framework.CglibAopProxy - Method is declared on Advised interface: public abstract boolean org.springframework.aop.framework.Advised.isProxyTargetClass()
06:58:20.076 [main] DEBUG o.s.aop.framework.CglibAopProxy - Method is declared on Advised interface: public abstract void org.springframework.aop.framework.Advised.addAdvisor(org.springframework.aop.Advisor) throws org.springframework.aop.framework.AopConfigException
06:58:20.076 [main] DEBUG o.s.aop.framework.CglibAopProxy - Method is declared on Advised interface: public abstract void org.springframework.aop.framework.Advised.addAdvisor(int,org.springframework.aop.Advisor) throws org.springframework.aop.framework.AopConfigException
06:58:20.076 [main] DEBUG o.s.aop.framework.CglibAopProxy - Method is declared on Advised interface: public abstract void org.springframework.aop.framework.Advised.setPreFiltered(boolean)
06:58:20.076 [main] DEBUG o.s.aop.framework.CglibAopProxy - Method is declared on Advised interface: public abstract void org.springframework.aop.framework.Advised.setExposeProxy(boolean)
06:58:20.076 [main] DEBUG o.s.aop.framework.CglibAopProxy - Method is declared on Advised interface: public abstract boolean org.springframework.aop.framework.Advised.isExposeProxy()
06:58:20.076 [main] DEBUG o.s.aop.framework.CglibAopProxy - Method is declared on Advised interface: public abstract void org.springframework.aop.framework.Advised.addAdvice(org.aopalliance.aop.Advice) throws org.springframework.aop.framework.AopConfigException
06:58:20.076 [main] DEBUG o.s.aop.framework.CglibAopProxy - Method is declared on Advised interface: public abstract void org.springframework.aop.framework.Advised.addAdvice(int,org.aopalliance.aop.Advice) throws org.springframework.aop.framework.AopConfigException
06:58:20.076 [main] DEBUG o.s.aop.framework.CglibAopProxy - Method is declared on Advised interface: public abstract boolean org.springframework.aop.framework.Advised.isPreFiltered()
06:58:20.076 [main] DEBUG o.s.aop.framework.CglibAopProxy - Method is declared on Advised interface: public abstract java.lang.Class[] org.springframework.aop.framework.Advised.getProxiedInterfaces()
06:58:20.076 [main] DEBUG o.s.aop.framework.CglibAopProxy - Method is declared on Advised interface: public abstract boolean org.springframework.aop.framework.Advised.isInterfaceProxied(java.lang.Class)
06:58:20.076 [main] DEBUG o.s.aop.framework.CglibAopProxy - Method is declared on Advised interface: public abstract org.springframework.aop.Advisor[] org.springframework.aop.framework.Advised.getAdvisors()
06:58:20.076 [main] DEBUG o.s.aop.framework.CglibAopProxy - Method is declared on Advised interface: public abstract boolean org.springframework.aop.framework.Advised.removeAdvisor(org.springframework.aop.Advisor)
06:58:20.076 [main] DEBUG o.s.aop.framework.CglibAopProxy - Method is declared on Advised interface: public abstract void org.springframework.aop.framework.Advised.removeAdvisor(int) throws org.springframework.aop.framework.AopConfigException
06:58:20.076 [main] DEBUG o.s.aop.framework.CglibAopProxy - Method is declared on Advised interface: public abstract boolean org.springframework.aop.framework.Advised.replaceAdvisor(org.springframework.aop.Advisor,org.springframework.aop.Advisor) throws org.springframework.aop.framework.AopConfigException
06:58:20.076 [main] DEBUG o.s.aop.framework.CglibAopProxy - Method is declared on Advised interface: public abstract boolean org.springframework.aop.framework.Advised.removeAdvice(org.aopalliance.aop.Advice)
06:58:20.076 [main] DEBUG o.s.aop.framework.CglibAopProxy - Method is declared on Advised interface: public abstract java.lang.String org.springframework.aop.framework.Advised.toProxyConfigString()
06:58:20.076 [main] DEBUG o.s.aop.framework.CglibAopProxy - Method is declared on Advised interface: public abstract void org.springframework.aop.framework.Advised.setTargetSource(org.springframework.aop.TargetSource)
06:58:20.076 [main] DEBUG o.s.aop.framework.CglibAopProxy - Method is declared on Advised interface: public abstract int org.springframework.aop.framework.Advised.indexOf(org.aopalliance.aop.Advice)
06:58:20.076 [main] DEBUG o.s.aop.framework.CglibAopProxy - Method is declared on Advised interface: public abstract int org.springframework.aop.framework.Advised.indexOf(org.springframework.aop.Advisor)
06:58:20.076 [main] DEBUG o.s.aop.framework.CglibAopProxy - Method is declared on Advised interface: public abstract boolean org.springframework.aop.framework.Advised.isFrozen()
06:58:20.076 [main] DEBUG o.s.aop.framework.CglibAopProxy - Method is declared on Advised interface: public abstract java.lang.Class org.springframework.aop.TargetClassAware.getTargetClass()
06:58:20.081 [main] DEBUG o.s.b.f.s.DefaultListableBeanFactory - Finished creating instance of bean 'hospitalController'
06:58:20.082 [main] DEBUG o.s.b.f.s.DefaultListableBeanFactory - Creating shared instance of singleton bean 'ICDCodesController'
06:58:20.082 [main] DEBUG o.s.b.f.s.DefaultListableBeanFactory - Creating instance of bean 'ICDCodesController'
06:58:20.082 [main] DEBUG o.s.b.f.s.DefaultListableBeanFactory - Eagerly caching bean 'ICDCodesController' to allow for resolving potential circular references
06:58:20.082 [main] DEBUG o.s.b.f.s.DefaultListableBeanFactory - Returning cached instance of singleton bean 'metaDataSourceAdvisor'
06:58:20.082 [main] DEBUG o.s.s.a.p.PrePostAnnotationSecurityMetadataSource - @org.springframework.security.access.prepost.PreAuthorize(value=hasRole('ROLE_ADMIN')) found on specific method: public java.lang.String edu.ncsu.csc.itrust2.controllers.admin.ICDCodesController.addCode(org.springframework.ui.Model)
06:58:20.082 [main] DEBUG o.s.s.a.m.DelegatingMethodSecurityMetadataSource - Caching method [CacheKey[edu.ncsu.csc.itrust2.controllers.admin.ICDCodesController; public java.lang.String edu.ncsu.csc.itrust2.controllers.admin.ICDCodesController.addCode(org.springframework.ui.Model)]] with attributes [[authorize: 'hasRole('ROLE_ADMIN')', filter: 'null', filterTarget: 'null']]
06:58:20.082 [main] DEBUG o.s.a.f.a.InfrastructureAdvisorAutoProxyCreator - Creating implicit proxy for bean 'ICDCodesController' with 0 common interceptors and 1 specific interceptors
06:58:20.082 [main] DEBUG o.s.aop.framework.CglibAopProxy - Creating CGLIB proxy: target source is SingletonTargetSource for target object [edu.ncsu.csc.itrust2.controllers.admin.ICDCodesController@5f381e88]
06:58:20.083 [main] DEBUG o.s.aop.framework.CglibAopProxy - Unable to apply any optimisations to advised method: public java.lang.String edu.ncsu.csc.itrust2.controllers.admin.ICDCodesController.addCode(org.springframework.ui.Model)
06:58:20.083 [main] DEBUG o.s.aop.framework.CglibAopProxy - Found 'equals' method: public boolean java.lang.Object.equals(java.lang.Object)
06:58:20.083 [main] DEBUG o.s.aop.framework.CglibAopProxy - Unable to apply any optimisations to advised method: public java.lang.String java.lang.Object.toString()
06:58:20.083 [main] DEBUG o.s.aop.framework.CglibAopProxy - Found 'hashCode' method: public native int java.lang.Object.hashCode()
06:58:20.083 [main] DEBUG o.s.aop.framework.CglibAopProxy - Unable to apply any optimisations to advised method: protected native java.lang.Object java.lang.Object.clone() throws java.lang.CloneNotSupportedException
06:58:20.083 [main] DEBUG o.s.aop.framework.CglibAopProxy - Method is declared on Advised interface: public abstract org.springframework.aop.TargetSource org.springframework.aop.framework.Advised.getTargetSource()
06:58:20.083 [main] DEBUG o.s.aop.framework.CglibAopProxy - Method is declared on Advised interface: public abstract boolean org.springframework.aop.framework.Advised.isProxyTargetClass()
06:58:20.083 [main] DEBUG o.s.aop.framework.CglibAopProxy - Method is declared on Advised interface: public abstract void org.springframework.aop.framework.Advised.addAdvisor(org.springframework.aop.Advisor) throws org.springframework.aop.framework.AopConfigException
06:58:20.083 [main] DEBUG o.s.aop.framework.CglibAopProxy - Method is declared on Advised interface: public abstract void org.springframework.aop.framework.Advised.addAdvisor(int,org.springframework.aop.Advisor) throws org.springframework.aop.framework.AopConfigException
06:58:20.083 [main] DEBUG o.s.aop.framework.CglibAopProxy - Method is declared on Advised interface: public abstract void org.springframework.aop.framework.Advised.setPreFiltered(boolean)
06:58:20.083 [main] DEBUG o.s.aop.framework.CglibAopProxy - Method is declared on Advised interface: public abstract void org.springframework.aop.framework.Advised.setExposeProxy(boolean)
06:58:20.083 [main] DEBUG o.s.aop.framework.CglibAopProxy - Method is declared on Advised interface: public abstract boolean org.springframework.aop.framework.Advised.isExposeProxy()
06:58:20.083 [main] DEBUG o.s.aop.framework.CglibAopProxy - Method is declared on Advised interface: public abstract void org.springframework.aop.framework.Advised.addAdvice(org.aopalliance.aop.Advice) throws org.springframework.aop.framework.AopConfigException
06:58:20.083 [main] DEBUG o.s.aop.framework.CglibAopProxy - Method is declared on Advised interface: public abstract void org.springframework.aop.framework.Advised.addAdvice(int,org.aopalliance.aop.Advice) throws org.springframework.aop.framework.AopConfigException
06:58:20.083 [main] DEBUG o.s.aop.framework.CglibAopProxy - Method is declared on Advised interface: public abstract boolean org.springframework.aop.framework.Advised.isPreFiltered()
06:58:20.083 [main] DEBUG o.s.aop.framework.CglibAopProxy - Method is declared on Advised interface: public abstract java.lang.Class[] org.springframework.aop.framework.Advised.getProxiedInterfaces()
06:58:20.083 [main] DEBUG o.s.aop.framework.CglibAopProxy - Method is declared on Advised interface: public abstract boolean org.springframework.aop.framework.Advised.isInterfaceProxied(java.lang.Class)
06:58:20.083 [main] DEBUG o.s.aop.framework.CglibAopProxy - Method is declared on Advised interface: public abstract org.springframework.aop.Advisor[] org.springframework.aop.framework.Advised.getAdvisors()
06:58:20.083 [main] DEBUG o.s.aop.framework.CglibAopProxy - Method is declared on Advised interface: public abstract boolean org.springframework.aop.framework.Advised.removeAdvisor(org.springframework.aop.Advisor)
06:58:20.083 [main] DEBUG o.s.aop.framework.CglibAopProxy - Method is declared on Advised interface: public abstract void org.springframework.aop.framework.Advised.removeAdvisor(int) throws org.springframework.aop.framework.AopConfigException
06:58:20.083 [main] DEBUG o.s.aop.framework.CglibAopProxy - Method is declared on Advised interface: public abstract boolean org.springframework.aop.framework.Advised.replaceAdvisor(org.springframework.aop.Advisor,org.springframework.aop.Advisor) throws org.springframework.aop.framework.AopConfigException
06:58:20.083 [main] DEBUG o.s.aop.framework.CglibAopProxy - Method is declared on Advised interface: public abstract boolean org.springframework.aop.framework.Advised.removeAdvice(org.aopalliance.aop.Advice)
06:58:20.083 [main] DEBUG o.s.aop.framework.CglibAopProxy - Method is declared on Advised interface: public abstract java.lang.String org.springframework.aop.framework.Advised.toProxyConfigString()
06:58:20.083 [main] DEBUG o.s.aop.framework.CglibAopProxy - Method is declared on Advised interface: public abstract void org.springframework.aop.framework.Advised.setTargetSource(org.springframework.aop.TargetSource)
06:58:20.083 [main] DEBUG o.s.aop.framework.CglibAopProxy - Method is declared on Advised interface: public abstract int org.springframework.aop.framework.Advised.indexOf(org.aopalliance.aop.Advice)
06:58:20.083 [main] DEBUG o.s.aop.framework.CglibAopProxy - Method is declared on Advised interface: public abstract int org.springframework.aop.framework.Advised.indexOf(org.springframework.aop.Advisor)
06:58:20.083 [main] DEBUG o.s.aop.framework.CglibAopProxy - Method is declared on Advised interface: public abstract boolean org.springframework.aop.framework.Advised.isFrozen()
06:58:20.083 [main] DEBUG o.s.aop.framework.CglibAopProxy - Method is declared on Advised interface: public abstract java.lang.Class org.springframework.aop.TargetClassAware.getTargetClass()
06:58:20.090 [main] DEBUG o.s.b.f.s.DefaultListableBeanFactory - Finished creating instance of bean 'ICDCodesController'
06:58:20.090 [main] DEBUG o.s.b.f.s.DefaultListableBeanFactory - Creating shared instance of singleton bean 'APIAppointmentRequestController'
06:58:20.090 [main] DEBUG o.s.b.f.s.DefaultListableBeanFactory - Creating instance of bean 'APIAppointmentRequestController'
06:58:20.090 [main] DEBUG o.s.b.f.s.DefaultListableBeanFactory - Eagerly caching bean 'APIAppointmentRequestController' to allow for resolving potential circular references
06:58:20.090 [main] DEBUG o.s.b.f.s.DefaultListableBeanFactory - Returning cached instance of singleton bean 'metaDataSourceAdvisor'
06:58:20.091 [main] DEBUG o.s.b.f.s.DefaultListableBeanFactory - Finished creating instance of bean 'APIAppointmentRequestController'
06:58:20.091 [main] DEBUG o.s.b.f.s.DefaultListableBeanFactory - Creating shared instance of singleton bean 'APIDiagnosisController'
06:58:20.091 [main] DEBUG o.s.b.f.s.DefaultListableBeanFactory - Creating instance of bean 'APIDiagnosisController'
06:58:20.092 [main] DEBUG o.s.b.f.s.DefaultListableBeanFactory - Eagerly caching bean 'APIDiagnosisController' to allow for resolving potential circular references
06:58:20.092 [main] DEBUG o.s.b.f.s.DefaultListableBeanFactory - Returning cached instance of singleton bean 'metaDataSourceAdvisor'
06:58:20.092 [main] DEBUG o.s.b.f.s.DefaultListableBeanFactory - Finished creating instance of bean 'APIDiagnosisController'
06:58:20.092 [main] DEBUG o.s.b.f.s.DefaultListableBeanFactory - Creating shared instance of singleton bean 'APIDrugController'
06:58:20.092 [main] DEBUG o.s.b.f.s.DefaultListableBeanFactory - Creating instance of bean 'APIDrugController'
06:58:20.093 [main] DEBUG o.s.b.f.s.DefaultListableBeanFactory - Eagerly caching bean 'APIDrugController' to allow for resolving potential circular references
06:58:20.093 [main] DEBUG o.s.b.f.s.DefaultListableBeanFactory - Returning cached instance of singleton bean 'metaDataSourceAdvisor'
06:58:20.093 [main] DEBUG o.s.s.a.p.PrePostAnnotationSecurityMetadataSource - @org.springframework.security.access.prepost.PreAuthorize(value=hasRole('ROLE_ADMIN')) found on specific method: public org.springframework.http.ResponseEntity edu.ncsu.csc.itrust2.controllers.api.APIDrugController.addDrug(edu.ncsu.csc.itrust2.forms.admin.DrugForm)
06:58:20.093 [main] DEBUG o.s.s.a.m.DelegatingMethodSecurityMetadataSource - Caching method [CacheKey[edu.ncsu.csc.itrust2.controllers.api.APIDrugController; public org.springframework.http.ResponseEntity edu.ncsu.csc.itrust2.controllers.api.APIDrugController.addDrug(edu.ncsu.csc.itrust2.forms.admin.DrugForm)]] with attributes [[authorize: 'hasRole('ROLE_ADMIN')', filter: 'null', filterTarget: 'null']]
06:58:20.093 [main] DEBUG o.s.a.f.a.InfrastructureAdvisorAutoProxyCreator - Creating implicit proxy for bean 'APIDrugController' with 0 common interceptors and 1 specific interceptors
06:58:20.093 [main] DEBUG o.s.aop.framework.CglibAopProxy - Creating CGLIB proxy: target source is SingletonTargetSource for target object [edu.ncsu.csc.itrust2.controllers.api.APIDrugController@fcb7a8d]
06:58:20.094 [main] DEBUG o.s.aop.framework.CglibAopProxy - Unable to apply any optimisations to advised method: public org.springframework.http.ResponseEntity edu.ncsu.csc.itrust2.controllers.api.APIDrugController.addDrug(edu.ncsu.csc.itrust2.forms.admin.DrugForm)
06:58:20.094 [main] DEBUG o.s.s.a.p.PrePostAnnotationSecurityMetadataSource - @org.springframework.security.access.prepost.PreAuthorize(value=hasRole('ROLE_ADMIN')) found on specific method: public org.springframework.http.ResponseEntity edu.ncsu.csc.itrust2.controllers.api.APIDrugController.editDrug(edu.ncsu.csc.itrust2.forms.admin.DrugForm)
06:58:20.094 [main] DEBUG o.s.s.a.m.DelegatingMethodSecurityMetadataSource - Caching method [CacheKey[edu.ncsu.csc.itrust2.controllers.api.APIDrugController; public org.springframework.http.ResponseEntity edu.ncsu.csc.itrust2.controllers.api.APIDrugController.editDrug(edu.ncsu.csc.itrust2.forms.admin.DrugForm)]] with attributes [[authorize: 'hasRole('ROLE_ADMIN')', filter: 'null', filterTarget: 'null']]
06:58:20.094 [main] DEBUG o.s.aop.framework.CglibAopProxy - Unable to apply any optimisations to advised method: public org.springframework.http.ResponseEntity edu.ncsu.csc.itrust2.controllers.api.APIDrugController.editDrug(edu.ncsu.csc.itrust2.forms.admin.DrugForm)
06:58:20.094 [main] DEBUG o.s.s.a.p.PrePostAnnotationSecurityMetadataSource - @org.springframework.security.access.prepost.PreAuthorize(value=hasRole('ROLE_ADMIN')) found on specific method: public org.springframework.http.ResponseEntity edu.ncsu.csc.itrust2.controllers.api.APIDrugController.deleteDrug(java.lang.String)
06:58:20.094 [main] DEBUG o.s.s.a.m.DelegatingMethodSecurityMetadataSource - Caching method [CacheKey[edu.ncsu.csc.itrust2.controllers.api.APIDrugController; public org.springframework.http.ResponseEntity edu.ncsu.csc.itrust2.controllers.api.APIDrugController.deleteDrug(java.lang.String)]] with attributes [[authorize: 'hasRole('ROLE_ADMIN')', filter: 'null', filterTarget: 'null']]
06:58:20.094 [main] DEBUG o.s.aop.framework.CglibAopProxy - Unable to apply any optimisations to advised method: public org.springframework.http.ResponseEntity edu.ncsu.csc.itrust2.controllers.api.APIDrugController.deleteDrug(java.lang.String)
06:58:20.094 [main] DEBUG o.s.aop.framework.CglibAopProxy - Unable to apply any optimisations to advised method: public java.util.List edu.ncsu.csc.itrust2.controllers.api.APIDrugController.getDrugs()
06:58:20.094 [main] DEBUG o.s.aop.framework.CglibAopProxy - Found 'equals' method: public boolean java.lang.Object.equals(java.lang.Object)
06:58:20.094 [main] DEBUG o.s.aop.framework.CglibAopProxy - Unable to apply any optimisations to advised method: public java.lang.String java.lang.Object.toString()
06:58:20.094 [main] DEBUG o.s.aop.framework.CglibAopProxy - Found 'hashCode' method: public native int java.lang.Object.hashCode()
06:58:20.094 [main] DEBUG o.s.aop.framework.CglibAopProxy - Unable to apply any optimisations to advised method: protected native java.lang.Object java.lang.Object.clone() throws java.lang.CloneNotSupportedException
06:58:20.095 [main] DEBUG o.s.aop.framework.CglibAopProxy - Method is declared on Advised interface: public abstract org.springframework.aop.TargetSource org.springframework.aop.framework.Advised.getTargetSource()
06:58:20.095 [main] DEBUG o.s.aop.framework.CglibAopProxy - Method is declared on Advised interface: public abstract boolean org.springframework.aop.framework.Advised.isProxyTargetClass()
06:58:20.095 [main] DEBUG o.s.aop.framework.CglibAopProxy - Method is declared on Advised interface: public abstract void org.springframework.aop.framework.Advised.addAdvisor(org.springframework.aop.Advisor) throws org.springframework.aop.framework.AopConfigException
06:58:20.095 [main] DEBUG o.s.aop.framework.CglibAopProxy - Method is declared on Advised interface: public abstract void org.springframework.aop.framework.Advised.addAdvisor(int,org.springframework.aop.Advisor) throws org.springframework.aop.framework.AopConfigException
06:58:20.095 [main] DEBUG o.s.aop.framework.CglibAopProxy - Method is declared on Advised interface: public abstract void org.springframework.aop.framework.Advised.setPreFiltered(boolean)
06:58:20.095 [main] DEBUG o.s.aop.framework.CglibAopProxy - Method is declared on Advised interface: public abstract void org.springframework.aop.framework.Advised.setExposeProxy(boolean)
06:58:20.095 [main] DEBUG o.s.aop.framework.CglibAopProxy - Method is declared on Advised interface: public abstract boolean org.springframework.aop.framework.Advised.isExposeProxy()
06:58:20.095 [main] DEBUG o.s.aop.framework.CglibAopProxy - Method is declared on Advised interface: public abstract void org.springframework.aop.framework.Advised.addAdvice(org.aopalliance.aop.Advice) throws org.springframework.aop.framework.AopConfigException
06:58:20.095 [main] DEBUG o.s.aop.framework.CglibAopProxy - Method is declared on Advised interface: public abstract void org.springframework.aop.framework.Advised.addAdvice(int,org.aopalliance.aop.Advice) throws org.springframework.aop.framework.AopConfigException
06:58:20.095 [main] DEBUG o.s.aop.framework.CglibAopProxy - Method is declared on Advised interface: public abstract boolean org.springframework.aop.framework.Advised.isPreFiltered()
06:58:20.095 [main] DEBUG o.s.aop.framework.CglibAopProxy - Method is declared on Advised interface: public abstract java.lang.Class[] org.springframework.aop.framework.Advised.getProxiedInterfaces()
06:58:20.095 [main] DEBUG o.s.aop.framework.CglibAopProxy - Method is declared on Advised interface: public abstract boolean org.springframework.aop.framework.Advised.isInterfaceProxied(java.lang.Class)
06:58:20.095 [main] DEBUG o.s.aop.framework.CglibAopProxy - Method is declared on Advised interface: public abstract org.springframework.aop.Advisor[] org.springframework.aop.framework.Advised.getAdvisors()
06:58:20.095 [main] DEBUG o.s.aop.framework.CglibAopProxy - Method is declared on Advised interface: public abstract boolean org.springframework.aop.framework.Advised.removeAdvisor(org.springframework.aop.Advisor)
06:58:20.095 [main] DEBUG o.s.aop.framework.CglibAopProxy - Method is declared on Advised interface: public abstract void org.springframework.aop.framework.Advised.removeAdvisor(int) throws org.springframework.aop.framework.AopConfigException
06:58:20.095 [main] DEBUG o.s.aop.framework.CglibAopProxy - Method is declared on Advised interface: public abstract boolean org.springframework.aop.framework.Advised.replaceAdvisor(org.springframework.aop.Advisor,org.springframework.aop.Advisor) throws org.springframework.aop.framework.AopConfigException
06:58:20.095 [main] DEBUG o.s.aop.framework.CglibAopProxy - Method is declared on Advised interface: public abstract boolean org.springframework.aop.framework.Advised.removeAdvice(org.aopalliance.aop.Advice)
06:58:20.095 [main] DEBUG o.s.aop.framework.CglibAopProxy - Method is declared on Advised interface: public abstract java.lang.String org.springframework.aop.framework.Advised.toProxyConfigString()
06:58:20.095 [main] DEBUG o.s.aop.framework.CglibAopProxy - Method is declared on Advised interface: public abstract void org.springframework.aop.framework.Advised.setTargetSource(org.springframework.aop.TargetSource)
06:58:20.095 [main] DEBUG o.s.aop.framework.CglibAopProxy - Method is declared on Advised interface: public abstract int org.springframework.aop.framework.Advised.indexOf(org.aopalliance.aop.Advice)
06:58:20.095 [main] DEBUG o.s.aop.framework.CglibAopProxy - Method is declared on Advised interface: public abstract int org.springframework.aop.framework.Advised.indexOf(org.springframework.aop.Advisor)
06:58:20.095 [main] DEBUG o.s.aop.framework.CglibAopProxy - Method is declared on Advised interface: public abstract boolean org.springframework.aop.framework.Advised.isFrozen()
06:58:20.095 [main] DEBUG o.s.aop.framework.CglibAopProxy - Method is declared on Advised interface: public abstract java.lang.Class org.springframework.aop.TargetClassAware.getTargetClass()
06:58:20.100 [main] DEBUG o.s.b.f.s.DefaultListableBeanFactory - Finished creating instance of bean 'APIDrugController'
06:58:20.100 [main] DEBUG o.s.b.f.s.DefaultListableBeanFactory - Creating shared instance of singleton bean 'APIEnumController'
06:58:20.100 [main] DEBUG o.s.b.f.s.DefaultListableBeanFactory - Creating instance of bean 'APIEnumController'
06:58:20.100 [main] DEBUG o.s.b.f.s.DefaultListableBeanFactory - Eagerly caching bean 'APIEnumController' to allow for resolving potential circular references
06:58:20.101 [main] DEBUG o.s.b.f.s.DefaultListableBeanFactory - Returning cached instance of singleton bean 'metaDataSourceAdvisor'
06:58:20.102 [main] DEBUG o.s.b.f.s.DefaultListableBeanFactory - Finished creating instance of bean 'APIEnumController'
06:58:20.102 [main] DEBUG o.s.b.f.s.DefaultListableBeanFactory - Creating shared instance of singleton bean 'APIHospitalController'
06:58:20.102 [main] DEBUG o.s.b.f.s.DefaultListableBeanFactory - Creating instance of bean 'APIHospitalController'
06:58:20.102 [main] DEBUG o.s.b.f.s.DefaultListableBeanFactory - Eagerly caching bean 'APIHospitalController' to allow for resolving potential circular references
06:58:20.102 [main] DEBUG o.s.b.f.s.DefaultListableBeanFactory - Returning cached instance of singleton bean 'metaDataSourceAdvisor'
06:58:20.103 [main] DEBUG o.s.b.f.s.DefaultListableBeanFactory - Finished creating instance of bean 'APIHospitalController'
06:58:20.103 [main] DEBUG o.s.b.f.s.DefaultListableBeanFactory - Creating shared instance of singleton bean 'APIICDCodeController'
06:58:20.103 [main] DEBUG o.s.b.f.s.DefaultListableBeanFactory - Creating instance of bean 'APIICDCodeController'
06:58:20.103 [main] DEBUG o.s.b.f.s.DefaultListableBeanFactory - Eagerly caching bean 'APIICDCodeController' to allow for resolving potential circular references
06:58:20.104 [main] DEBUG o.s.b.f.s.DefaultListableBeanFactory - Returning cached instance of singleton bean 'metaDataSourceAdvisor'
06:58:20.104 [main] DEBUG o.s.s.a.p.PrePostAnnotationSecurityMetadataSource - @org.springframework.security.access.prepost.PreAuthorize(value=hasRole('ROLE_ADMIN')) found on specific method: public org.springframework.http.ResponseEntity edu.ncsu.csc.itrust2.controllers.api.APIICDCodeController.updateCode(java.lang.Long,edu.ncsu.csc.itrust2.forms.admin.ICDCodeForm)
06:58:20.104 [main] DEBUG o.s.s.a.m.DelegatingMethodSecurityMetadataSource - Caching method [CacheKey[edu.ncsu.csc.itrust2.controllers.api.APIICDCodeController; public org.springframework.http.ResponseEntity edu.ncsu.csc.itrust2.controllers.api.APIICDCodeController.updateCode(java.lang.Long,edu.ncsu.csc.itrust2.forms.admin.ICDCodeForm)]] with attributes [[authorize: 'hasRole('ROLE_ADMIN')', filter: 'null', filterTarget: 'null']]
06:58:20.104 [main] DEBUG o.s.a.f.a.InfrastructureAdvisorAutoProxyCreator - Creating implicit proxy for bean 'APIICDCodeController' with 0 common interceptors and 1 specific interceptors
06:58:20.104 [main] DEBUG o.s.aop.framework.CglibAopProxy - Creating CGLIB proxy: target source is SingletonTargetSource for target object [edu.ncsu.csc.itrust2.controllers.api.APIICDCodeController@563f9589]
06:58:20.105 [main] DEBUG o.s.aop.framework.CglibAopProxy - Unable to apply any optimisations to advised method: public org.springframework.http.ResponseEntity edu.ncsu.csc.itrust2.controllers.api.APIICDCodeController.getCode(java.lang.Long)
06:58:20.105 [main] DEBUG o.s.aop.framework.CglibAopProxy - Unable to apply any optimisations to advised method: public java.util.List edu.ncsu.csc.itrust2.controllers.api.APIICDCodeController.getCodes()
06:58:20.105 [main] DEBUG o.s.aop.framework.CglibAopProxy - Unable to apply any optimisations to advised method: public org.springframework.http.ResponseEntity edu.ncsu.csc.itrust2.controllers.api.APIICDCodeController.updateCode(java.lang.Long,edu.ncsu.csc.itrust2.forms.admin.ICDCodeForm)
06:58:20.105 [main] DEBUG o.s.s.a.p.PrePostAnnotationSecurityMetadataSource - @org.springframework.security.access.prepost.PreAuthorize(value=hasRole('ROLE_ADMIN')) found on specific method: public org.springframework.http.ResponseEntity edu.ncsu.csc.itrust2.controllers.api.APIICDCodeController.deleteCode(java.lang.Long)
06:58:20.105 [main] DEBUG o.s.s.a.m.DelegatingMethodSecurityMetadataSource - Caching method [CacheKey[edu.ncsu.csc.itrust2.controllers.api.APIICDCodeController; public org.springframework.http.ResponseEntity edu.ncsu.csc.itrust2.controllers.api.APIICDCodeController.deleteCode(java.lang.Long)]] with attributes [[authorize: 'hasRole('ROLE_ADMIN')', filter: 'null', filterTarget: 'null']]
06:58:20.105 [main] DEBUG o.s.aop.framework.CglibAopProxy - Unable to apply any optimisations to advised method: public org.springframework.http.ResponseEntity edu.ncsu.csc.itrust2.controllers.api.APIICDCodeController.deleteCode(java.lang.Long)
06:58:20.105 [main] DEBUG o.s.s.a.p.PrePostAnnotationSecurityMetadataSource - @org.springframework.security.access.prepost.PreAuthorize(value=hasRole('ROLE_ADMIN')) found on specific method: public org.springframework.http.ResponseEntity edu.ncsu.csc.itrust2.controllers.api.APIICDCodeController.addCode(edu.ncsu.csc.itrust2.forms.admin.ICDCodeForm)
06:58:20.105 [main] DEBUG o.s.s.a.m.DelegatingMethodSecurityMetadataSource - Caching method [CacheKey[edu.ncsu.csc.itrust2.controllers.api.APIICDCodeController; public org.springframework.http.ResponseEntity edu.ncsu.csc.itrust2.controllers.api.APIICDCodeController.addCode(edu.ncsu.csc.itrust2.forms.admin.ICDCodeForm)]] with attributes [[authorize: 'hasRole('ROLE_ADMIN')', filter: 'null', filterTarget: 'null']]
06:58:20.105 [main] DEBUG o.s.aop.framework.CglibAopProxy - Unable to apply any optimisations to advised method: public org.springframework.http.ResponseEntity edu.ncsu.csc.itrust2.controllers.api.APIICDCodeController.addCode(edu.ncsu.csc.itrust2.forms.admin.ICDCodeForm)
06:58:20.105 [main] DEBUG o.s.aop.framework.CglibAopProxy - Found 'equals' method: public boolean java.lang.Object.equals(java.lang.Object)
06:58:20.105 [main] DEBUG o.s.aop.framework.CglibAopProxy - Unable to apply any optimisations to advised method: public java.lang.String java.lang.Object.toString()
06:58:20.105 [main] DEBUG o.s.aop.framework.CglibAopProxy - Found 'hashCode' method: public native int java.lang.Object.hashCode()
06:58:20.105 [main] DEBUG o.s.aop.framework.CglibAopProxy - Unable to apply any optimisations to advised method: protected native java.lang.Object java.lang.Object.clone() throws java.lang.CloneNotSupportedException
06:58:20.105 [main] DEBUG o.s.aop.framework.CglibAopProxy - Method is declared on Advised interface: public abstract org.springframework.aop.TargetSource org.springframework.aop.framework.Advised.getTargetSource()
06:58:20.105 [main] DEBUG o.s.aop.framework.CglibAopProxy - Method is declared on Advised interface: public abstract boolean org.springframework.aop.framework.Advised.isProxyTargetClass()
06:58:20.105 [main] DEBUG o.s.aop.framework.CglibAopProxy - Method is declared on Advised interface: public abstract void org.springframework.aop.framework.Advised.addAdvisor(org.springframework.aop.Advisor) throws org.springframework.aop.framework.AopConfigException
06:58:20.105 [main] DEBUG o.s.aop.framework.CglibAopProxy - Method is declared on Advised interface: public abstract void org.springframework.aop.framework.Advised.addAdvisor(int,org.springframework.aop.Advisor) throws org.springframework.aop.framework.AopConfigException
06:58:20.105 [main] DEBUG o.s.aop.framework.CglibAopProxy - Method is declared on Advised interface: public abstract void org.springframework.aop.framework.Advised.setPreFiltered(boolean)
06:58:20.105 [main] DEBUG o.s.aop.framework.CglibAopProxy - Method is declared on Advised interface: public abstract void org.springframework.aop.framework.Advised.setExposeProxy(boolean)
06:58:20.105 [main] DEBUG o.s.aop.framework.CglibAopProxy - Method is declared on Advised interface: public abstract boolean org.springframework.aop.framework.Advised.isExposeProxy()
06:58:20.105 [main] DEBUG o.s.aop.framework.CglibAopProxy - Method is declared on Advised interface: public abstract void org.springframework.aop.framework.Advised.addAdvice(org.aopalliance.aop.Advice) throws org.springframework.aop.framework.AopConfigException
06:58:20.105 [main] DEBUG o.s.aop.framework.CglibAopProxy - Method is declared on Advised interface: public abstract void org.springframework.aop.framework.Advised.addAdvice(int,org.aopalliance.aop.Advice) throws org.springframework.aop.framework.AopConfigException
06:58:20.106 [main] DEBUG o.s.aop.framework.CglibAopProxy - Method is declared on Advised interface: public abstract boolean org.springframework.aop.framework.Advised.isPreFiltered()
06:58:20.106 [main] DEBUG o.s.aop.framework.CglibAopProxy - Method is declared on Advised interface: public abstract java.lang.Class[] org.springframework.aop.framework.Advised.getProxiedInterfaces()
06:58:20.106 [main] DEBUG o.s.aop.framework.CglibAopProxy - Method is declared on Advised interface: public abstract boolean org.springframework.aop.framework.Advised.isInterfaceProxied(java.lang.Class)
06:58:20.106 [main] DEBUG o.s.aop.framework.CglibAopProxy - Method is declared on Advised interface: public abstract org.springframework.aop.Advisor[] org.springframework.aop.framework.Advised.getAdvisors()
06:58:20.106 [main] DEBUG o.s.aop.framework.CglibAopProxy - Method is declared on Advised interface: public abstract boolean org.springframework.aop.framework.Advised.removeAdvisor(org.springframework.aop.Advisor)
06:58:20.106 [main] DEBUG o.s.aop.framework.CglibAopProxy - Method is declared on Advised interface: public abstract void org.springframework.aop.framework.Advised.removeAdvisor(int) throws org.springframework.aop.framework.AopConfigException
06:58:20.106 [main] DEBUG o.s.aop.framework.CglibAopProxy - Method is declared on Advised interface: public abstract boolean org.springframework.aop.framework.Advised.replaceAdvisor(org.springframework.aop.Advisor,org.springframework.aop.Advisor) throws org.springframework.aop.framework.AopConfigException
06:58:20.106 [main] DEBUG o.s.aop.framework.CglibAopProxy - Method is declared on Advised interface: public abstract boolean org.springframework.aop.framework.Advised.removeAdvice(org.aopalliance.aop.Advice)
06:58:20.106 [main] DEBUG o.s.aop.framework.CglibAopProxy - Method is declared on Advised interface: public abstract java.lang.String org.springframework.aop.framework.Advised.toProxyConfigString()
06:58:20.106 [main] DEBUG o.s.aop.framework.CglibAopProxy - Method is declared on Advised interface: public abstract void org.springframework.aop.framework.Advised.setTargetSource(org.springframework.aop.TargetSource)
06:58:20.106 [main] DEBUG o.s.aop.framework.CglibAopProxy - Method is declared on Advised interface: public abstract int org.springframework.aop.framework.Advised.indexOf(org.aopalliance.aop.Advice)
06:58:20.106 [main] DEBUG o.s.aop.framework.CglibAopProxy - Method is declared on Advised interface: public abstract int org.springframework.aop.framework.Advised.indexOf(org.springframework.aop.Advisor)
06:58:20.106 [main] DEBUG o.s.aop.framework.CglibAopProxy - Method is declared on Advised interface: public abstract boolean org.springframework.aop.framework.Advised.isFrozen()
06:58:20.106 [main] DEBUG o.s.aop.framework.CglibAopProxy - Method is declared on Advised interface: public abstract java.lang.Class org.springframework.aop.TargetClassAware.getTargetClass()
06:58:20.113 [main] DEBUG o.s.b.f.s.DefaultListableBeanFactory - Finished creating instance of bean 'APIICDCodeController'
06:58:20.113 [main] DEBUG o.s.b.f.s.DefaultListableBeanFactory - Creating shared instance of singleton bean 'APILogEntryController'
06:58:20.114 [main] DEBUG o.s.b.f.s.DefaultListableBeanFactory - Creating instance of bean 'APILogEntryController'
06:58:20.115 [main] DEBUG o.s.b.f.s.DefaultListableBeanFactory - Eagerly caching bean 'APILogEntryController' to allow for resolving potential circular references
06:58:20.116 [main] DEBUG o.s.b.f.s.DefaultListableBeanFactory - Returning cached instance of singleton bean 'metaDataSourceAdvisor'
06:58:20.116 [main] DEBUG o.s.b.f.s.DefaultListableBeanFactory - Finished creating instance of bean 'APILogEntryController'
06:58:20.116 [main] DEBUG o.s.b.f.s.DefaultListableBeanFactory - Creating shared instance of singleton bean 'APIOfficeVisitController'
06:58:20.116 [main] DEBUG o.s.b.f.s.DefaultListableBeanFactory - Creating instance of bean 'APIOfficeVisitController'
06:58:20.117 [main] DEBUG o.s.b.f.s.DefaultListableBeanFactory - Eagerly caching bean 'APIOfficeVisitController' to allow for resolving potential circular references
06:58:20.117 [main] DEBUG o.s.b.f.s.DefaultListableBeanFactory - Returning cached instance of singleton bean 'metaDataSourceAdvisor'
06:58:20.117 [main] DEBUG o.s.s.a.p.PrePostAnnotationSecurityMetadataSource - @org.springframework.security.access.prepost.PreAuthorize(value=hasRole('ROLE_PATIENT')) found on specific method: public java.util.List edu.ncsu.csc.itrust2.controllers.api.APIOfficeVisitController.getMyOfficeVisits()
06:58:20.117 [main] DEBUG o.s.s.a.m.DelegatingMethodSecurityMetadataSource - Caching method [CacheKey[edu.ncsu.csc.itrust2.controllers.api.APIOfficeVisitController; public java.util.List edu.ncsu.csc.itrust2.controllers.api.APIOfficeVisitController.getMyOfficeVisits()]] with attributes [[authorize: 'hasRole('ROLE_PATIENT')', filter: 'null', filterTarget: 'null']]
06:58:20.117 [main] DEBUG o.s.a.f.a.InfrastructureAdvisorAutoProxyCreator - Creating implicit proxy for bean 'APIOfficeVisitController' with 0 common interceptors and 1 specific interceptors
06:58:20.117 [main] DEBUG o.s.aop.framework.CglibAopProxy - Creating CGLIB proxy: target source is SingletonTargetSource for target object [edu.ncsu.csc.itrust2.controllers.api.APIOfficeVisitController@65af8172]
06:58:20.118 [main] DEBUG o.s.aop.framework.CglibAopProxy - Unable to apply any optimisations to advised method: public java.util.List edu.ncsu.csc.itrust2.controllers.api.APIOfficeVisitController.getMyOfficeVisits()
06:58:20.118 [main] DEBUG o.s.aop.framework.CglibAopProxy - Unable to apply any optimisations to advised method: public org.springframework.http.ResponseEntity edu.ncsu.csc.itrust2.controllers.api.APIOfficeVisitController.getOfficeVisit(java.lang.Long)
06:58:20.118 [main] DEBUG o.s.aop.framework.CglibAopProxy - Unable to apply any optimisations to advised method: public void edu.ncsu.csc.itrust2.controllers.api.APIOfficeVisitController.deleteOfficeVisits()
06:58:20.119 [main] DEBUG o.s.aop.framework.CglibAopProxy - Unable to apply any optimisations to advised method: public org.springframework.http.ResponseEntity edu.ncsu.csc.itrust2.controllers.api.APIOfficeVisitController.createOfficeVisit(edu.ncsu.csc.itrust2.forms.hcp.OfficeVisitForm)
06:58:20.119 [main] DEBUG o.s.aop.framework.CglibAopProxy - Unable to apply any optimisations to advised method: public org.springframework.http.ResponseEntity edu.ncsu.csc.itrust2.controllers.api.APIOfficeVisitController.deleteOfficeVisit(java.lang.Long)
06:58:20.119 [main] DEBUG o.s.aop.framework.CglibAopProxy - Unable to apply any optimisations to advised method: public org.springframework.http.ResponseEntity edu.ncsu.csc.itrust2.controllers.api.APIOfficeVisitController.updateOfficeVisit(java.lang.Long,edu.ncsu.csc.itrust2.forms.hcp.OfficeVisitForm)
06:58:20.119 [main] DEBUG o.s.s.a.p.PrePostAnnotationSecurityMetadataSource - @org.springframework.security.access.prepost.PreAuthorize(value=hasRole('ROLE_HCP')) found on specific method: public org.springframework.http.ResponseEntity edu.ncsu.csc.itrust2.controllers.api.APIOfficeVisitController.viewOfficeVisitHCP(java.lang.Long,edu.ncsu.csc.itrust2.forms.hcp.OfficeVisitForm)
06:58:20.119 [main] DEBUG o.s.s.a.m.DelegatingMethodSecurityMetadataSource - Caching method [CacheKey[edu.ncsu.csc.itrust2.controllers.api.APIOfficeVisitController; public org.springframework.http.ResponseEntity edu.ncsu.csc.itrust2.controllers.api.APIOfficeVisitController.viewOfficeVisitHCP(java.lang.Long,edu.ncsu.csc.itrust2.forms.hcp.OfficeVisitForm)]] with attributes [[authorize: 'hasRole('ROLE_HCP')', filter: 'null', filterTarget: 'null']]
06:58:20.119 [main] DEBUG o.s.aop.framework.CglibAopProxy - Unable to apply any optimisations to advised method: public org.springframework.http.ResponseEntity edu.ncsu.csc.itrust2.controllers.api.APIOfficeVisitController.viewOfficeVisitHCP(java.lang.Long,edu.ncsu.csc.itrust2.forms.hcp.OfficeVisitForm)
06:58:20.119 [main] DEBUG o.s.s.a.p.PrePostAnnotationSecurityMetadataSource - @org.springframework.security.access.prepost.PreAuthorize(value=hasRole('ROLE_PATIENT')) found on specific method: public org.springframework.http.ResponseEntity edu.ncsu.csc.itrust2.controllers.api.APIOfficeVisitController.viewOfficeVisitPatient(java.lang.Long,edu.ncsu.csc.itrust2.forms.hcp.OfficeVisitForm)
06:58:20.119 [main] DEBUG o.s.s.a.m.DelegatingMethodSecurityMetadataSource - Caching method [CacheKey[edu.ncsu.csc.itrust2.controllers.api.APIOfficeVisitController; public org.springframework.http.ResponseEntity edu.ncsu.csc.itrust2.controllers.api.APIOfficeVisitController.viewOfficeVisitPatient(java.lang.Long,edu.ncsu.csc.itrust2.forms.hcp.OfficeVisitForm)]] with attributes [[authorize: 'hasRole('ROLE_PATIENT')', filter: 'null', filterTarget: 'null']]
06:58:20.119 [main] DEBUG o.s.aop.framework.CglibAopProxy - Unable to apply any optimisations to advised method: public org.springframework.http.ResponseEntity edu.ncsu.csc.itrust2.controllers.api.APIOfficeVisitController.viewOfficeVisitPatient(java.lang.Long,edu.ncsu.csc.itrust2.forms.hcp.OfficeVisitForm)
06:58:20.120 [main] DEBUG o.s.aop.framework.CglibAopProxy - Unable to apply any optimisations to advised method: public java.util.List edu.ncsu.csc.itrust2.controllers.api.APIOfficeVisitController.getOfficeVisits()
06:58:20.120 [main] DEBUG o.s.aop.framework.CglibAopProxy - Found 'equals' method: public boolean java.lang.Object.equals(java.lang.Object)
06:58:20.120 [main] DEBUG o.s.aop.framework.CglibAopProxy - Unable to apply any optimisations to advised method: public java.lang.String java.lang.Object.toString()
06:58:20.120 [main] DEBUG o.s.aop.framework.CglibAopProxy - Found 'hashCode' method: public native int java.lang.Object.hashCode()
06:58:20.120 [main] DEBUG o.s.aop.framework.CglibAopProxy - Unable to apply any optimisations to advised method: protected native java.lang.Object java.lang.Object.clone() throws java.lang.CloneNotSupportedException
06:58:20.120 [main] DEBUG o.s.aop.framework.CglibAopProxy - Method is declared on Advised interface: public abstract org.springframework.aop.TargetSource org.springframework.aop.framework.Advised.getTargetSource()
06:58:20.120 [main] DEBUG o.s.aop.framework.CglibAopProxy - Method is declared on Advised interface: public abstract boolean org.springframework.aop.framework.Advised.isProxyTargetClass()
06:58:20.120 [main] DEBUG o.s.aop.framework.CglibAopProxy - Method is declared on Advised interface: public abstract void org.springframework.aop.framework.Advised.addAdvisor(org.springframework.aop.Advisor) throws org.springframework.aop.framework.AopConfigException
06:58:20.120 [main] DEBUG o.s.aop.framework.CglibAopProxy - Method is declared on Advised interface: public abstract void org.springframework.aop.framework.Advised.addAdvisor(int,org.springframework.aop.Advisor) throws org.springframework.aop.framework.AopConfigException
06:58:20.120 [main] DEBUG o.s.aop.framework.CglibAopProxy - Method is declared on Advised interface: public abstract void org.springframework.aop.framework.Advised.setPreFiltered(boolean)
06:58:20.120 [main] DEBUG o.s.aop.framework.CglibAopProxy - Method is declared on Advised interface: public abstract void org.springframework.aop.framework.Advised.setExposeProxy(boolean)
06:58:20.120 [main] DEBUG o.s.aop.framework.CglibAopProxy - Method is declared on Advised interface: public abstract boolean org.springframework.aop.framework.Advised.isExposeProxy()
06:58:20.120 [main] DEBUG o.s.aop.framework.CglibAopProxy - Method is declared on Advised interface: public abstract void org.springframework.aop.framework.Advised.addAdvice(org.aopalliance.aop.Advice) throws org.springframework.aop.framework.AopConfigException
06:58:20.120 [main] DEBUG o.s.aop.framework.CglibAopProxy - Method is declared on Advised interface: public abstract void org.springframework.aop.framework.Advised.addAdvice(int,org.aopalliance.aop.Advice) throws org.springframework.aop.framework.AopConfigException
06:58:20.120 [main] DEBUG o.s.aop.framework.CglibAopProxy - Method is declared on Advised interface: public abstract boolean org.springframework.aop.framework.Advised.isPreFiltered()
06:58:20.120 [main] DEBUG o.s.aop.framework.CglibAopProxy - Method is declared on Advised interface: public abstract java.lang.Class[] org.springframework.aop.framework.Advised.getProxiedInterfaces()
06:58:20.120 [main] DEBUG o.s.aop.framework.CglibAopProxy - Method is declared on Advised interface: public abstract boolean org.springframework.aop.framework.Advised.isInterfaceProxied(java.lang.Class)
06:58:20.120 [main] DEBUG o.s.aop.framework.CglibAopProxy - Method is declared on Advised interface: public abstract org.springframework.aop.Advisor[] org.springframework.aop.framework.Advised.getAdvisors()
06:58:20.120 [main] DEBUG o.s.aop.framework.CglibAopProxy - Method is declared on Advised interface: public abstract boolean org.springframework.aop.framework.Advised.removeAdvisor(org.springframework.aop.Advisor)
06:58:20.120 [main] DEBUG o.s.aop.framework.CglibAopProxy - Method is declared on Advised interface: public abstract void org.springframework.aop.framework.Advised.removeAdvisor(int) throws org.springframework.aop.framework.AopConfigException
06:58:20.120 [main] DEBUG o.s.aop.framework.CglibAopProxy - Method is declared on Advised interface: public abstract boolean org.springframework.aop.framework.Advised.replaceAdvisor(org.springframework.aop.Advisor,org.springframework.aop.Advisor) throws org.springframework.aop.framework.AopConfigException
06:58:20.120 [main] DEBUG o.s.aop.framework.CglibAopProxy - Method is declared on Advised interface: public abstract boolean org.springframework.aop.framework.Advised.removeAdvice(org.aopalliance.aop.Advice)
06:58:20.120 [main] DEBUG o.s.aop.framework.CglibAopProxy - Method is declared on Advised interface: public abstract java.lang.String org.springframework.aop.framework.Advised.toProxyConfigString()
06:58:20.120 [main] DEBUG o.s.aop.framework.CglibAopProxy - Method is declared on Advised interface: public abstract void org.springframework.aop.framework.Advised.setTargetSource(org.springframework.aop.TargetSource)
06:58:20.120 [main] DEBUG o.s.aop.framework.CglibAopProxy - Method is declared on Advised interface: public abstract int org.springframework.aop.framework.Advised.indexOf(org.aopalliance.aop.Advice)
06:58:20.120 [main] DEBUG o.s.aop.framework.CglibAopProxy - Method is declared on Advised interface: public abstract int org.springframework.aop.framework.Advised.indexOf(org.springframework.aop.Advisor)
06:58:20.120 [main] DEBUG o.s.aop.framework.CglibAopProxy - Method is declared on Advised interface: public abstract boolean org.springframework.aop.framework.Advised.isFrozen()
06:58:20.120 [main] DEBUG o.s.aop.framework.CglibAopProxy - Method is declared on Advised interface: public abstract java.lang.Class org.springframework.aop.TargetClassAware.getTargetClass()
06:58:20.129 [main] DEBUG o.s.b.f.s.DefaultListableBeanFactory - Finished creating instance of bean 'APIOfficeVisitController'
06:58:20.129 [main] DEBUG o.s.b.f.s.DefaultListableBeanFactory - Creating shared instance of singleton bean 'APIPasswordController'
06:58:20.129 [main] DEBUG o.s.b.f.s.DefaultListableBeanFactory - Creating instance of bean 'APIPasswordController'
06:58:20.130 [main] DEBUG o.s.b.f.annotation.InjectionMetadata - Registered injected element on class [edu.ncsu.csc.itrust2.controllers.api.APIPasswordController]: AutowiredFieldElement for org.springframework.core.env.Environment edu.ncsu.csc.itrust2.controllers.api.APIPasswordController.environment
06:58:20.130 [main] DEBUG o.s.b.f.s.DefaultListableBeanFactory - Eagerly caching bean 'APIPasswordController' to allow for resolving potential circular references
06:58:20.130 [main] DEBUG o.s.b.f.annotation.InjectionMetadata - Processing injected element of bean 'APIPasswordController': AutowiredFieldElement for org.springframework.core.env.Environment edu.ncsu.csc.itrust2.controllers.api.APIPasswordController.environment
06:58:20.130 [main] DEBUG o.s.b.f.s.DefaultListableBeanFactory - Returning cached instance of singleton bean 'environment'
06:58:20.130 [main] DEBUG o.s.b.f.a.AutowiredAnnotationBeanPostProcessor - Autowiring by type from bean name 'APIPasswordController' to bean named 'environment'
06:58:20.130 [main] DEBUG o.s.b.f.s.DefaultListableBeanFactory - Returning cached instance of singleton bean 'metaDataSourceAdvisor'
06:58:20.131 [main] DEBUG o.s.b.f.s.DefaultListableBeanFactory - Finished creating instance of bean 'APIPasswordController'
06:58:20.131 [main] DEBUG o.s.b.f.s.DefaultListableBeanFactory - Creating shared instance of singleton bean 'APIPatientController'
06:58:20.131 [main] DEBUG o.s.b.f.s.DefaultListableBeanFactory - Creating instance of bean 'APIPatientController'
06:58:20.131 [main] DEBUG o.s.b.f.s.DefaultListableBeanFactory - Eagerly caching bean 'APIPatientController' to allow for resolving potential circular references
06:58:20.132 [main] DEBUG o.s.b.f.s.DefaultListableBeanFactory - Returning cached instance of singleton bean 'metaDataSourceAdvisor'
06:58:20.132 [main] DEBUG o.s.s.a.p.PrePostAnnotationSecurityMetadataSource - @org.springframework.security.access.prepost.PreAuthorize(value=hasRole('ROLE_PATIENT')) found on specific method: public org.springframework.http.ResponseEntity edu.ncsu.csc.itrust2.controllers.api.APIPatientController.getPatient()
06:58:20.132 [main] DEBUG o.s.s.a.m.DelegatingMethodSecurityMetadataSource - Caching method [CacheKey[edu.ncsu.csc.itrust2.controllers.api.APIPatientController; public org.springframework.http.ResponseEntity edu.ncsu.csc.itrust2.controllers.api.APIPatientController.getPatient()]] with attributes [[authorize: 'hasRole('ROLE_PATIENT')', filter: 'null', filterTarget: 'null']]
06:58:20.132 [main] DEBUG o.s.a.f.a.InfrastructureAdvisorAutoProxyCreator - Creating implicit proxy for bean 'APIPatientController' with 0 common interceptors and 1 specific interceptors
06:58:20.132 [main] DEBUG o.s.aop.framework.CglibAopProxy - Creating CGLIB proxy: target source is SingletonTargetSource for target object [edu.ncsu.csc.itrust2.controllers.api.APIPatientController@6b2cb359]
06:58:20.132 [main] DEBUG o.s.aop.framework.CglibAopProxy - Unable to apply any optimisations to advised method: public org.springframework.http.ResponseEntity edu.ncsu.csc.itrust2.controllers.api.APIPatientController.getPatient(java.lang.String)
06:58:20.132 [main] DEBUG o.s.aop.framework.CglibAopProxy - Unable to apply any optimisations to advised method: public org.springframework.http.ResponseEntity edu.ncsu.csc.itrust2.controllers.api.APIPatientController.getPatient()
06:58:20.132 [main] DEBUG o.s.aop.framework.CglibAopProxy - Unable to apply any optimisations to advised method: public java.util.List edu.ncsu.csc.itrust2.controllers.api.APIPatientController.getPatients()
06:58:20.133 [main] DEBUG o.s.aop.framework.CglibAopProxy - Unable to apply any optimisations to advised method: public org.springframework.http.ResponseEntity edu.ncsu.csc.itrust2.controllers.api.APIPatientController.createPatient(edu.ncsu.csc.itrust2.forms.hcp_patient.PatientForm)
06:58:20.133 [main] DEBUG o.s.aop.framework.CglibAopProxy - Unable to apply any optimisations to advised method: public org.springframework.http.ResponseEntity edu.ncsu.csc.itrust2.controllers.api.APIPatientController.updatePatient(java.lang.String,edu.ncsu.csc.itrust2.forms.hcp_patient.PatientForm)
06:58:20.133 [main] DEBUG o.s.aop.framework.CglibAopProxy - Found 'equals' method: public boolean java.lang.Object.equals(java.lang.Object)
06:58:20.133 [main] DEBUG o.s.aop.framework.CglibAopProxy - Unable to apply any optimisations to advised method: public java.lang.String java.lang.Object.toString()
06:58:20.133 [main] DEBUG o.s.aop.framework.CglibAopProxy - Found 'hashCode' method: public native int java.lang.Object.hashCode()
06:58:20.133 [main] DEBUG o.s.aop.framework.CglibAopProxy - Unable to apply any optimisations to advised method: protected native java.lang.Object java.lang.Object.clone() throws java.lang.CloneNotSupportedException
06:58:20.133 [main] DEBUG o.s.aop.framework.CglibAopProxy - Method is declared on Advised interface: public abstract org.springframework.aop.TargetSource org.springframework.aop.framework.Advised.getTargetSource()
06:58:20.133 [main] DEBUG o.s.aop.framework.CglibAopProxy - Method is declared on Advised interface: public abstract boolean org.springframework.aop.framework.Advised.isProxyTargetClass()
06:58:20.133 [main] DEBUG o.s.aop.framework.CglibAopProxy - Method is declared on Advised interface: public abstract void org.springframework.aop.framework.Advised.addAdvisor(org.springframework.aop.Advisor) throws org.springframework.aop.framework.AopConfigException
06:58:20.133 [main] DEBUG o.s.aop.framework.CglibAopProxy - Method is declared on Advised interface: public abstract void org.springframework.aop.framework.Advised.addAdvisor(int,org.springframework.aop.Advisor) throws org.springframework.aop.framework.AopConfigException
06:58:20.133 [main] DEBUG o.s.aop.framework.CglibAopProxy - Method is declared on Advised interface: public abstract void org.springframework.aop.framework.Advised.setPreFiltered(boolean)
06:58:20.133 [main] DEBUG o.s.aop.framework.CglibAopProxy - Method is declared on Advised interface: public abstract void org.springframework.aop.framework.Advised.setExposeProxy(boolean)
06:58:20.133 [main] DEBUG o.s.aop.framework.CglibAopProxy - Method is declared on Advised interface: public abstract boolean org.springframework.aop.framework.Advised.isExposeProxy()
06:58:20.133 [main] DEBUG o.s.aop.framework.CglibAopProxy - Method is declared on Advised interface: public abstract void org.springframework.aop.framework.Advised.addAdvice(org.aopalliance.aop.Advice) throws org.springframework.aop.framework.AopConfigException
06:58:20.133 [main] DEBUG o.s.aop.framework.CglibAopProxy - Method is declared on Advised interface: public abstract void org.springframework.aop.framework.Advised.addAdvice(int,org.aopalliance.aop.Advice) throws org.springframework.aop.framework.AopConfigException
06:58:20.133 [main] DEBUG o.s.aop.framework.CglibAopProxy - Method is declared on Advised interface: public abstract boolean org.springframework.aop.framework.Advised.isPreFiltered()
06:58:20.133 [main] DEBUG o.s.aop.framework.CglibAopProxy - Method is declared on Advised interface: public abstract java.lang.Class[] org.springframework.aop.framework.Advised.getProxiedInterfaces()
06:58:20.133 [main] DEBUG o.s.aop.framework.CglibAopProxy - Method is declared on Advised interface: public abstract boolean org.springframework.aop.framework.Advised.isInterfaceProxied(java.lang.Class)
06:58:20.133 [main] DEBUG o.s.aop.framework.CglibAopProxy - Method is declared on Advised interface: public abstract org.springframework.aop.Advisor[] org.springframework.aop.framework.Advised.getAdvisors()
06:58:20.133 [main] DEBUG o.s.aop.framework.CglibAopProxy - Method is declared on Advised interface: public abstract boolean org.springframework.aop.framework.Advised.removeAdvisor(org.springframework.aop.Advisor)
06:58:20.133 [main] DEBUG o.s.aop.framework.CglibAopProxy - Method is declared on Advised interface: public abstract void org.springframework.aop.framework.Advised.removeAdvisor(int) throws org.springframework.aop.framework.AopConfigException
06:58:20.133 [main] DEBUG o.s.aop.framework.CglibAopProxy - Method is declared on Advised interface: public abstract boolean org.springframework.aop.framework.Advised.replaceAdvisor(org.springframework.aop.Advisor,org.springframework.aop.Advisor) throws org.springframework.aop.framework.AopConfigException
06:58:20.133 [main] DEBUG o.s.aop.framework.CglibAopProxy - Method is declared on Advised interface: public abstract boolean org.springframework.aop.framework.Advised.removeAdvice(org.aopalliance.aop.Advice)
06:58:20.133 [main] DEBUG o.s.aop.framework.CglibAopProxy - Method is declared on Advised interface: public abstract java.lang.String org.springframework.aop.framework.Advised.toProxyConfigString()
06:58:20.133 [main] DEBUG o.s.aop.framework.CglibAopProxy - Method is declared on Advised interface: public abstract void org.springframework.aop.framework.Advised.setTargetSource(org.springframework.aop.TargetSource)
06:58:20.133 [main] DEBUG o.s.aop.framework.CglibAopProxy - Method is declared on Advised interface: public abstract int org.springframework.aop.framework.Advised.indexOf(org.aopalliance.aop.Advice)
06:58:20.133 [main] DEBUG o.s.aop.framework.CglibAopProxy - Method is declared on Advised interface: public abstract int org.springframework.aop.framework.Advised.indexOf(org.springframework.aop.Advisor)
06:58:20.133 [main] DEBUG o.s.aop.framework.CglibAopProxy - Method is declared on Advised interface: public abstract boolean org.springframework.aop.framework.Advised.isFrozen()
06:58:20.133 [main] DEBUG o.s.aop.framework.CglibAopProxy - Method is declared on Advised interface: public abstract java.lang.Class org.springframework.aop.TargetClassAware.getTargetClass()
06:58:20.139 [main] DEBUG o.s.b.f.s.DefaultListableBeanFactory - Finished creating instance of bean 'APIPatientController'
06:58:20.140 [main] DEBUG o.s.b.f.s.DefaultListableBeanFactory - Creating shared instance of singleton bean 'APIPersonnelController'
06:58:20.140 [main] DEBUG o.s.b.f.s.DefaultListableBeanFactory - Creating instance of bean 'APIPersonnelController'
06:58:20.140 [main] DEBUG o.s.b.f.s.DefaultListableBeanFactory - Eagerly caching bean 'APIPersonnelController' to allow for resolving potential circular references
06:58:20.140 [main] DEBUG o.s.b.f.s.DefaultListableBeanFactory - Returning cached instance of singleton bean 'metaDataSourceAdvisor'
06:58:20.141 [main] DEBUG o.s.b.f.s.DefaultListableBeanFactory - Finished creating instance of bean 'APIPersonnelController'
06:58:20.141 [main] DEBUG o.s.b.f.s.DefaultListableBeanFactory - Creating shared instance of singleton bean 'APIPrescriptionController'
06:58:20.141 [main] DEBUG o.s.b.f.s.DefaultListableBeanFactory - Creating instance of bean 'APIPrescriptionController'
06:58:20.141 [main] DEBUG o.s.b.f.s.DefaultListableBeanFactory - Eagerly caching bean 'APIPrescriptionController' to allow for resolving potential circular references
06:58:20.141 [main] DEBUG o.s.b.f.s.DefaultListableBeanFactory - Returning cached instance of singleton bean 'metaDataSourceAdvisor'
06:58:20.141 [main] DEBUG o.s.s.a.p.PrePostAnnotationSecurityMetadataSource - @org.springframework.security.access.prepost.PreAuthorize(value=hasRole('ROLE_HCP')) found on specific method: public org.springframework.http.ResponseEntity edu.ncsu.csc.itrust2.controllers.api.APIPrescriptionController.addPrescription(edu.ncsu.csc.itrust2.forms.hcp.PrescriptionForm)
06:58:20.141 [main] DEBUG o.s.s.a.m.DelegatingMethodSecurityMetadataSource - Caching method [CacheKey[edu.ncsu.csc.itrust2.controllers.api.APIPrescriptionController; public org.springframework.http.ResponseEntity edu.ncsu.csc.itrust2.controllers.api.APIPrescriptionController.addPrescription(edu.ncsu.csc.itrust2.forms.hcp.PrescriptionForm)]] with attributes [[authorize: 'hasRole('ROLE_HCP')', filter: 'null', filterTarget: 'null']]
06:58:20.142 [main] DEBUG o.s.a.f.a.InfrastructureAdvisorAutoProxyCreator - Creating implicit proxy for bean 'APIPrescriptionController' with 0 common interceptors and 1 specific interceptors
06:58:20.142 [main] DEBUG o.s.aop.framework.CglibAopProxy - Creating CGLIB proxy: target source is SingletonTargetSource for target object [edu.ncsu.csc.itrust2.controllers.api.APIPrescriptionController@7ac5406e]
06:58:20.142 [main] DEBUG o.s.aop.framework.CglibAopProxy - Unable to apply any optimisations to advised method: public org.springframework.http.ResponseEntity edu.ncsu.csc.itrust2.controllers.api.APIPrescriptionController.addPrescription(edu.ncsu.csc.itrust2.forms.hcp.PrescriptionForm)
06:58:20.142 [main] DEBUG o.s.s.a.p.PrePostAnnotationSecurityMetadataSource - @org.springframework.security.access.prepost.PreAuthorize(value=hasRole('ROLE_HCP')) found on specific method: public org.springframework.http.ResponseEntity edu.ncsu.csc.itrust2.controllers.api.APIPrescriptionController.editPrescription(edu.ncsu.csc.itrust2.forms.hcp.PrescriptionForm)
06:58:20.142 [main] DEBUG o.s.s.a.m.DelegatingMethodSecurityMetadataSource - Caching method [CacheKey[edu.ncsu.csc.itrust2.controllers.api.APIPrescriptionController; public org.springframework.http.ResponseEntity edu.ncsu.csc.itrust2.controllers.api.APIPrescriptionController.editPrescription(edu.ncsu.csc.itrust2.forms.hcp.PrescriptionForm)]] with attributes [[authorize: 'hasRole('ROLE_HCP')', filter: 'null', filterTarget: 'null']]
06:58:20.142 [main] DEBUG o.s.aop.framework.CglibAopProxy - Unable to apply any optimisations to advised method: public org.springframework.http.ResponseEntity edu.ncsu.csc.itrust2.controllers.api.APIPrescriptionController.editPrescription(edu.ncsu.csc.itrust2.forms.hcp.PrescriptionForm)
06:58:20.142 [main] DEBUG o.s.s.a.p.PrePostAnnotationSecurityMetadataSource - @org.springframework.security.access.prepost.PreAuthorize(value=hasRole('ROLE_HCP')) found on specific method: public org.springframework.http.ResponseEntity edu.ncsu.csc.itrust2.controllers.api.APIPrescriptionController.deletePrescription(java.lang.Long)
06:58:20.142 [main] DEBUG o.s.s.a.m.DelegatingMethodSecurityMetadataSource - Caching method [CacheKey[edu.ncsu.csc.itrust2.controllers.api.APIPrescriptionController; public org.springframework.http.ResponseEntity edu.ncsu.csc.itrust2.controllers.api.APIPrescriptionController.deletePrescription(java.lang.Long)]] with attributes [[authorize: 'hasRole('ROLE_HCP')', filter: 'null', filterTarget: 'null']]
06:58:20.142 [main] DEBUG o.s.aop.framework.CglibAopProxy - Unable to apply any optimisations to advised method: public org.springframework.http.ResponseEntity edu.ncsu.csc.itrust2.controllers.api.APIPrescriptionController.deletePrescription(java.lang.Long)
06:58:20.142 [main] DEBUG o.s.s.a.p.PrePostAnnotationSecurityMetadataSource - @org.springframework.security.access.prepost.PreAuthorize(value=hasRole('ROLE_HCP')) found on specific method: public org.springframework.http.ResponseEntity edu.ncsu.csc.itrust2.controllers.api.APIPrescriptionController.getPrescription(java.lang.Long)
06:58:20.143 [main] DEBUG o.s.s.a.m.DelegatingMethodSecurityMetadataSource - Caching method [CacheKey[edu.ncsu.csc.itrust2.controllers.api.APIPrescriptionController; public org.springframework.http.ResponseEntity edu.ncsu.csc.itrust2.controllers.api.APIPrescriptionController.getPrescription(java.lang.Long)]] with attributes [[authorize: 'hasRole('ROLE_HCP')', filter: 'null', filterTarget: 'null']]
06:58:20.143 [main] DEBUG o.s.aop.framework.CglibAopProxy - Unable to apply any optimisations to advised method: public org.springframework.http.ResponseEntity edu.ncsu.csc.itrust2.controllers.api.APIPrescriptionController.getPrescription(java.lang.Long)
06:58:20.143 [main] DEBUG o.s.s.a.p.PrePostAnnotationSecurityMetadataSource - @org.springframework.security.access.prepost.PreAuthorize(value=hasAnyRole('ROLE_HCP', 'ROLE_PATIENT')) found on specific method: public java.util.List edu.ncsu.csc.itrust2.controllers.api.APIPrescriptionController.getPrescriptions()
06:58:20.143 [main] DEBUG o.s.s.a.m.DelegatingMethodSecurityMetadataSource - Caching method [CacheKey[edu.ncsu.csc.itrust2.controllers.api.APIPrescriptionController; public java.util.List edu.ncsu.csc.itrust2.controllers.api.APIPrescriptionController.getPrescriptions()]] with attributes [[authorize: 'hasAnyRole('ROLE_HCP', 'ROLE_PATIENT')', filter: 'null', filterTarget: 'null']]
06:58:20.143 [main] DEBUG o.s.aop.framework.CglibAopProxy - Unable to apply any optimisations to advised method: public java.util.List edu.ncsu.csc.itrust2.controllers.api.APIPrescriptionController.getPrescriptions()
06:58:20.143 [main] DEBUG o.s.aop.framework.CglibAopProxy - Found 'equals' method: public boolean java.lang.Object.equals(java.lang.Object)
06:58:20.143 [main] DEBUG o.s.aop.framework.CglibAopProxy - Unable to apply any optimisations to advised method: public java.lang.String java.lang.Object.toString()
06:58:20.143 [main] DEBUG o.s.aop.framework.CglibAopProxy - Found 'hashCode' method: public native int java.lang.Object.hashCode()
06:58:20.143 [main] DEBUG o.s.aop.framework.CglibAopProxy - Unable to apply any optimisations to advised method: protected native java.lang.Object java.lang.Object.clone() throws java.lang.CloneNotSupportedException
06:58:20.143 [main] DEBUG o.s.aop.framework.CglibAopProxy - Method is declared on Advised interface: public abstract org.springframework.aop.TargetSource org.springframework.aop.framework.Advised.getTargetSource()
06:58:20.143 [main] DEBUG o.s.aop.framework.CglibAopProxy - Method is declared on Advised interface: public abstract boolean org.springframework.aop.framework.Advised.isProxyTargetClass()
06:58:20.143 [main] DEBUG o.s.aop.framework.CglibAopProxy - Method is declared on Advised interface: public abstract void org.springframework.aop.framework.Advised.addAdvisor(org.springframework.aop.Advisor) throws org.springframework.aop.framework.AopConfigException
06:58:20.143 [main] DEBUG o.s.aop.framework.CglibAopProxy - Method is declared on Advised interface: public abstract void org.springframework.aop.framework.Advised.addAdvisor(int,org.springframework.aop.Advisor) throws org.springframework.aop.framework.AopConfigException
06:58:20.143 [main] DEBUG o.s.aop.framework.CglibAopProxy - Method is declared on Advised interface: public abstract void org.springframework.aop.framework.Advised.setPreFiltered(boolean)
06:58:20.143 [main] DEBUG o.s.aop.framework.CglibAopProxy - Method is declared on Advised interface: public abstract void org.springframework.aop.framework.Advised.setExposeProxy(boolean)
06:58:20.143 [main] DEBUG o.s.aop.framework.CglibAopProxy - Method is declared on Advised interface: public abstract boolean org.springframework.aop.framework.Advised.isExposeProxy()
06:58:20.143 [main] DEBUG o.s.aop.framework.CglibAopProxy - Method is declared on Advised interface: public abstract void org.springframework.aop.framework.Advised.addAdvice(org.aopalliance.aop.Advice) throws org.springframework.aop.framework.AopConfigException
06:58:20.143 [main] DEBUG o.s.aop.framework.CglibAopProxy - Method is declared on Advised interface: public abstract void org.springframework.aop.framework.Advised.addAdvice(int,org.aopalliance.aop.Advice) throws org.springframework.aop.framework.AopConfigException
06:58:20.143 [main] DEBUG o.s.aop.framework.CglibAopProxy - Method is declared on Advised interface: public abstract boolean org.springframework.aop.framework.Advised.isPreFiltered()
06:58:20.143 [main] DEBUG o.s.aop.framework.CglibAopProxy - Method is declared on Advised interface: public abstract java.lang.Class[] org.springframework.aop.framework.Advised.getProxiedInterfaces()
06:58:20.143 [main] DEBUG o.s.aop.framework.CglibAopProxy - Method is declared on Advised interface: public abstract boolean org.springframework.aop.framework.Advised.isInterfaceProxied(java.lang.Class)
06:58:20.143 [main] DEBUG o.s.aop.framework.CglibAopProxy - Method is declared on Advised interface: public abstract org.springframework.aop.Advisor[] org.springframework.aop.framework.Advised.getAdvisors()
06:58:20.143 [main] DEBUG o.s.aop.framework.CglibAopProxy - Method is declared on Advised interface: public abstract boolean org.springframework.aop.framework.Advised.removeAdvisor(org.springframework.aop.Advisor)
06:58:20.143 [main] DEBUG o.s.aop.framework.CglibAopProxy - Method is declared on Advised interface: public abstract void org.springframework.aop.framework.Advised.removeAdvisor(int) throws org.springframework.aop.framework.AopConfigException
06:58:20.143 [main] DEBUG o.s.aop.framework.CglibAopProxy - Method is declared on Advised interface: public abstract boolean org.springframework.aop.framework.Advised.replaceAdvisor(org.springframework.aop.Advisor,org.springframework.aop.Advisor) throws org.springframework.aop.framework.AopConfigException
06:58:20.143 [main] DEBUG o.s.aop.framework.CglibAopProxy - Method is declared on Advised interface: public abstract boolean org.springframework.aop.framework.Advised.removeAdvice(org.aopalliance.aop.Advice)
06:58:20.143 [main] DEBUG o.s.aop.framework.CglibAopProxy - Method is declared on Advised interface: public abstract java.lang.String org.springframework.aop.framework.Advised.toProxyConfigString()
06:58:20.143 [main] DEBUG o.s.aop.framework.CglibAopProxy - Method is declared on Advised interface: public abstract void org.springframework.aop.framework.Advised.setTargetSource(org.springframework.aop.TargetSource)
06:58:20.143 [main] DEBUG o.s.aop.framework.CglibAopProxy - Method is declared on Advised interface: public abstract int org.springframework.aop.framework.Advised.indexOf(org.aopalliance.aop.Advice)
06:58:20.143 [main] DEBUG o.s.aop.framework.CglibAopProxy - Method is declared on Advised interface: public abstract int org.springframework.aop.framework.Advised.indexOf(org.springframework.aop.Advisor)
06:58:20.143 [main] DEBUG o.s.aop.framework.CglibAopProxy - Method is declared on Advised interface: public abstract boolean org.springframework.aop.framework.Advised.isFrozen()
06:58:20.143 [main] DEBUG o.s.aop.framework.CglibAopProxy - Method is declared on Advised interface: public abstract java.lang.Class org.springframework.aop.TargetClassAware.getTargetClass()
06:58:20.148 [main] DEBUG o.s.b.f.s.DefaultListableBeanFactory - Finished creating instance of bean 'APIPrescriptionController'
06:58:20.148 [main] DEBUG o.s.b.f.s.DefaultListableBeanFactory - Creating shared instance of singleton bean 'APIUserController'
06:58:20.148 [main] DEBUG o.s.b.f.s.DefaultListableBeanFactory - Creating instance of bean 'APIUserController'
06:58:20.148 [main] DEBUG o.s.b.f.s.DefaultListableBeanFactory - Eagerly caching bean 'APIUserController' to allow for resolving potential circular references
06:58:20.148 [main] DEBUG o.s.b.f.s.DefaultListableBeanFactory - Returning cached instance of singleton bean 'metaDataSourceAdvisor'
06:58:20.149 [main] DEBUG o.s.b.f.s.DefaultListableBeanFactory - Finished creating instance of bean 'APIUserController'
06:58:20.149 [main] DEBUG o.s.b.f.s.DefaultListableBeanFactory - Creating shared instance of singleton bean 'appointmentControllerHCP'
06:58:20.149 [main] DEBUG o.s.b.f.s.DefaultListableBeanFactory - Creating instance of bean 'appointmentControllerHCP'
06:58:20.149 [main] DEBUG o.s.b.f.s.DefaultListableBeanFactory - Eagerly caching bean 'appointmentControllerHCP' to allow for resolving potential circular references
06:58:20.149 [main] DEBUG o.s.b.f.s.DefaultListableBeanFactory - Returning cached instance of singleton bean 'metaDataSourceAdvisor'
06:58:20.150 [main] DEBUG o.s.s.a.p.PrePostAnnotationSecurityMetadataSource - @org.springframework.security.access.prepost.PreAuthorize(value=hasRole('ROLE_HCP')) found on specific method: public java.lang.String edu.ncsu.csc.itrust2.controllers.hcp.AppointmentControllerHCP.requestAppointmentForm(org.springframework.ui.Model)
06:58:20.150 [main] DEBUG o.s.s.a.m.DelegatingMethodSecurityMetadataSource - Caching method [CacheKey[edu.ncsu.csc.itrust2.controllers.hcp.AppointmentControllerHCP; public java.lang.String edu.ncsu.csc.itrust2.controllers.hcp.AppointmentControllerHCP.requestAppointmentForm(org.springframework.ui.Model)]] with attributes [[authorize: 'hasRole('ROLE_HCP')', filter: 'null', filterTarget: 'null']]
06:58:20.150 [main] DEBUG o.s.a.f.a.InfrastructureAdvisorAutoProxyCreator - Creating implicit proxy for bean 'appointmentControllerHCP' with 0 common interceptors and 1 specific interceptors
06:58:20.150 [main] DEBUG o.s.aop.framework.CglibAopProxy - Creating CGLIB proxy: target source is SingletonTargetSource for target object [edu.ncsu.csc.itrust2.controllers.hcp.AppointmentControllerHCP@148718af]
06:58:20.150 [main] DEBUG o.s.aop.framework.CglibAopProxy - Unable to apply any optimisations to advised method: public java.lang.String edu.ncsu.csc.itrust2.controllers.hcp.AppointmentControllerHCP.requestAppointmentForm(org.springframework.ui.Model)
06:58:20.150 [main] DEBUG o.s.s.a.p.PrePostAnnotationSecurityMetadataSource - @org.springframework.security.access.prepost.PreAuthorize(value=hasRole('ROLE_HCP')) found on specific method: public java.lang.String edu.ncsu.csc.itrust2.controllers.hcp.AppointmentControllerHCP.appointmentActionSubmit(edu.ncsu.csc.itrust2.forms.patient.AppointmentForm)
06:58:20.150 [main] DEBUG o.s.s.a.m.DelegatingMethodSecurityMetadataSource - Caching method [CacheKey[edu.ncsu.csc.itrust2.controllers.hcp.AppointmentControllerHCP; public java.lang.String edu.ncsu.csc.itrust2.controllers.hcp.AppointmentControllerHCP.appointmentActionSubmit(edu.ncsu.csc.itrust2.forms.patient.AppointmentForm)]] with attributes [[authorize: 'hasRole('ROLE_HCP')', filter: 'null', filterTarget: 'null']]
06:58:20.150 [main] DEBUG o.s.aop.framework.CglibAopProxy - Unable to apply any optimisations to advised method: public java.lang.String edu.ncsu.csc.itrust2.controllers.hcp.AppointmentControllerHCP.appointmentActionSubmit(edu.ncsu.csc.itrust2.forms.patient.AppointmentForm)
06:58:20.150 [main] DEBUG o.s.s.a.p.PrePostAnnotationSecurityMetadataSource - @org.springframework.security.access.prepost.PreAuthorize(value=hasRole('ROLE_HCP')) found on specific method: public java.lang.String edu.ncsu.csc.itrust2.controllers.hcp.AppointmentControllerHCP.upcomingAppointments(org.springframework.ui.Model)
06:58:20.150 [main] DEBUG o.s.s.a.m.DelegatingMethodSecurityMetadataSource - Caching method [CacheKey[edu.ncsu.csc.itrust2.controllers.hcp.AppointmentControllerHCP; public java.lang.String edu.ncsu.csc.itrust2.controllers.hcp.AppointmentControllerHCP.upcomingAppointments(org.springframework.ui.Model)]] with attributes [[authorize: 'hasRole('ROLE_HCP')', filter: 'null', filterTarget: 'null']]
06:58:20.150 [main] DEBUG o.s.aop.framework.CglibAopProxy - Unable to apply any optimisations to advised method: public java.lang.String edu.ncsu.csc.itrust2.controllers.hcp.AppointmentControllerHCP.upcomingAppointments(org.springframework.ui.Model)
06:58:20.150 [main] DEBUG o.s.aop.framework.CglibAopProxy - Found 'equals' method: public boolean java.lang.Object.equals(java.lang.Object)
06:58:20.150 [main] DEBUG o.s.aop.framework.CglibAopProxy - Unable to apply any optimisations to advised method: public java.lang.String java.lang.Object.toString()
06:58:20.150 [main] DEBUG o.s.aop.framework.CglibAopProxy - Found 'hashCode' method: public native int java.lang.Object.hashCode()
06:58:20.150 [main] DEBUG o.s.aop.framework.CglibAopProxy - Unable to apply any optimisations to advised method: protected native java.lang.Object java.lang.Object.clone() throws java.lang.CloneNotSupportedException
06:58:20.150 [main] DEBUG o.s.aop.framework.CglibAopProxy - Method is declared on Advised interface: public abstract org.springframework.aop.TargetSource org.springframework.aop.framework.Advised.getTargetSource()
06:58:20.150 [main] DEBUG o.s.aop.framework.CglibAopProxy - Method is declared on Advised interface: public abstract boolean org.springframework.aop.framework.Advised.isProxyTargetClass()
06:58:20.150 [main] DEBUG o.s.aop.framework.CglibAopProxy - Method is declared on Advised interface: public abstract void org.springframework.aop.framework.Advised.addAdvisor(org.springframework.aop.Advisor) throws org.springframework.aop.framework.AopConfigException
06:58:20.150 [main] DEBUG o.s.aop.framework.CglibAopProxy - Method is declared on Advised interface: public abstract void org.springframework.aop.framework.Advised.addAdvisor(int,org.springframework.aop.Advisor) throws org.springframework.aop.framework.AopConfigException
06:58:20.150 [main] DEBUG o.s.aop.framework.CglibAopProxy - Method is declared on Advised interface: public abstract void org.springframework.aop.framework.Advised.setPreFiltered(boolean)
06:58:20.150 [main] DEBUG o.s.aop.framework.CglibAopProxy - Method is declared on Advised interface: public abstract void org.springframework.aop.framework.Advised.setExposeProxy(boolean)
06:58:20.151 [main] DEBUG o.s.aop.framework.CglibAopProxy - Method is declared on Advised interface: public abstract boolean org.springframework.aop.framework.Advised.isExposeProxy()
06:58:20.151 [main] DEBUG o.s.aop.framework.CglibAopProxy - Method is declared on Advised interface: public abstract void org.springframework.aop.framework.Advised.addAdvice(org.aopalliance.aop.Advice) throws org.springframework.aop.framework.AopConfigException
06:58:20.151 [main] DEBUG o.s.aop.framework.CglibAopProxy - Method is declared on Advised interface: public abstract void org.springframework.aop.framework.Advised.addAdvice(int,org.aopalliance.aop.Advice) throws org.springframework.aop.framework.AopConfigException
06:58:20.151 [main] DEBUG o.s.aop.framework.CglibAopProxy - Method is declared on Advised interface: public abstract boolean org.springframework.aop.framework.Advised.isPreFiltered()
06:58:20.151 [main] DEBUG o.s.aop.framework.CglibAopProxy - Method is declared on Advised interface: public abstract java.lang.Class[] org.springframework.aop.framework.Advised.getProxiedInterfaces()
06:58:20.151 [main] DEBUG o.s.aop.framework.CglibAopProxy - Method is declared on Advised interface: public abstract boolean org.springframework.aop.framework.Advised.isInterfaceProxied(java.lang.Class)
06:58:20.151 [main] DEBUG o.s.aop.framework.CglibAopProxy - Method is declared on Advised interface: public abstract org.springframework.aop.Advisor[] org.springframework.aop.framework.Advised.getAdvisors()
06:58:20.151 [main] DEBUG o.s.aop.framework.CglibAopProxy - Method is declared on Advised interface: public abstract boolean org.springframework.aop.framework.Advised.removeAdvisor(org.springframework.aop.Advisor)
06:58:20.151 [main] DEBUG o.s.aop.framework.CglibAopProxy - Method is declared on Advised interface: public abstract void org.springframework.aop.framework.Advised.removeAdvisor(int) throws org.springframework.aop.framework.AopConfigException
06:58:20.151 [main] DEBUG o.s.aop.framework.CglibAopProxy - Method is declared on Advised interface: public abstract boolean org.springframework.aop.framework.Advised.replaceAdvisor(org.springframework.aop.Advisor,org.springframework.aop.Advisor) throws org.springframework.aop.framework.AopConfigException
06:58:20.151 [main] DEBUG o.s.aop.framework.CglibAopProxy - Method is declared on Advised interface: public abstract boolean org.springframework.aop.framework.Advised.removeAdvice(org.aopalliance.aop.Advice)
06:58:20.151 [main] DEBUG o.s.aop.framework.CglibAopProxy - Method is declared on Advised interface: public abstract java.lang.String org.springframework.aop.framework.Advised.toProxyConfigString()
06:58:20.151 [main] DEBUG o.s.aop.framework.CglibAopProxy - Method is declared on Advised interface: public abstract void org.springframework.aop.framework.Advised.setTargetSource(org.springframework.aop.TargetSource)
06:58:20.151 [main] DEBUG o.s.aop.framework.CglibAopProxy - Method is declared on Advised interface: public abstract int org.springframework.aop.framework.Advised.indexOf(org.aopalliance.aop.Advice)
06:58:20.151 [main] DEBUG o.s.aop.framework.CglibAopProxy - Method is declared on Advised interface: public abstract int org.springframework.aop.framework.Advised.indexOf(org.springframework.aop.Advisor)
06:58:20.151 [main] DEBUG o.s.aop.framework.CglibAopProxy - Method is declared on Advised interface: public abstract boolean org.springframework.aop.framework.Advised.isFrozen()
06:58:20.151 [main] DEBUG o.s.aop.framework.CglibAopProxy - Method is declared on Advised interface: public abstract java.lang.Class org.springframework.aop.TargetClassAware.getTargetClass()
06:58:20.367 [main] DEBUG o.s.b.f.s.DefaultListableBeanFactory - Finished creating instance of bean 'appointmentControllerHCP'
06:58:20.367 [main] DEBUG o.s.b.f.s.DefaultListableBeanFactory - Creating shared instance of singleton bean 'HCPController'
06:58:20.367 [main] DEBUG o.s.b.f.s.DefaultListableBeanFactory - Creating instance of bean 'HCPController'
06:58:20.368 [main] DEBUG o.s.b.f.s.DefaultListableBeanFactory - Eagerly caching bean 'HCPController' to allow for resolving potential circular references
06:58:20.368 [main] DEBUG o.s.b.f.s.DefaultListableBeanFactory - Returning cached instance of singleton bean 'metaDataSourceAdvisor'
06:58:20.368 [main] DEBUG o.s.s.a.p.PrePostAnnotationSecurityMetadataSource - @org.springframework.security.access.prepost.PreAuthorize(value=hasRole('ROLE_HCP')) found on specific method: public java.lang.String edu.ncsu.csc.itrust2.controllers.hcp.HCPController.editPatientDemographics()
06:58:20.368 [main] DEBUG o.s.s.a.m.DelegatingMethodSecurityMetadataSource - Caching method [CacheKey[edu.ncsu.csc.itrust2.controllers.hcp.HCPController; public java.lang.String edu.ncsu.csc.itrust2.controllers.hcp.HCPController.editPatientDemographics()]] with attributes [[authorize: 'hasRole('ROLE_HCP')', filter: 'null', filterTarget: 'null']]
06:58:20.368 [main] DEBUG o.s.a.f.a.InfrastructureAdvisorAutoProxyCreator - Creating implicit proxy for bean 'HCPController' with 0 common interceptors and 1 specific interceptors
06:58:20.368 [main] DEBUG o.s.aop.framework.CglibAopProxy - Creating CGLIB proxy: target source is SingletonTargetSource for target object [edu.ncsu.csc.itrust2.controllers.hcp.HCPController@5acc4f24]
06:58:20.369 [main] DEBUG o.s.aop.framework.CglibAopProxy - Unable to apply any optimisations to advised method: public java.lang.String edu.ncsu.csc.itrust2.controllers.hcp.HCPController.editPatientDemographics()
06:58:20.369 [main] DEBUG o.s.s.a.p.PrePostAnnotationSecurityMetadataSource - @org.springframework.security.access.prepost.PreAuthorize(value=hasRole('ROLE_HCP')) found on specific method: public java.lang.String edu.ncsu.csc.itrust2.controllers.hcp.HCPController.editPrescriptions()
06:58:20.369 [main] DEBUG o.s.s.a.m.DelegatingMethodSecurityMetadataSource - Caching method [CacheKey[edu.ncsu.csc.itrust2.controllers.hcp.HCPController; public java.lang.String edu.ncsu.csc.itrust2.controllers.hcp.HCPController.editPrescriptions()]] with attributes [[authorize: 'hasRole('ROLE_HCP')', filter: 'null', filterTarget: 'null']]
06:58:20.369 [main] DEBUG o.s.aop.framework.CglibAopProxy - Unable to apply any optimisations to advised method: public java.lang.String edu.ncsu.csc.itrust2.controllers.hcp.HCPController.editPrescriptions()
06:58:20.369 [main] DEBUG o.s.s.a.p.PrePostAnnotationSecurityMetadataSource - @org.springframework.security.access.prepost.PreAuthorize(value=hasRole('ROLE_HCP')) found on specific method: public java.lang.String edu.ncsu.csc.itrust2.controllers.hcp.HCPController.index(org.springframework.ui.Model)
06:58:20.369 [main] DEBUG o.s.s.a.m.DelegatingMethodSecurityMetadataSource - Caching method [CacheKey[edu.ncsu.csc.itrust2.controllers.hcp.HCPController; public java.lang.String edu.ncsu.csc.itrust2.controllers.hcp.HCPController.index(org.springframework.ui.Model)]] with attributes [[authorize: 'hasRole('ROLE_HCP')', filter: 'null', filterTarget: 'null']]
06:58:20.369 [main] DEBUG o.s.aop.framework.CglibAopProxy - Unable to apply any optimisations to advised method: public java.lang.String edu.ncsu.csc.itrust2.controllers.hcp.HCPController.index(org.springframework.ui.Model)
06:58:20.369 [main] DEBUG o.s.aop.framework.CglibAopProxy - Found 'equals' method: public boolean java.lang.Object.equals(java.lang.Object)
06:58:20.369 [main] DEBUG o.s.aop.framework.CglibAopProxy - Unable to apply any optimisations to advised method: public java.lang.String java.lang.Object.toString()
06:58:20.369 [main] DEBUG o.s.aop.framework.CglibAopProxy - Found 'hashCode' method: public native int java.lang.Object.hashCode()
06:58:20.369 [main] DEBUG o.s.aop.framework.CglibAopProxy - Unable to apply any optimisations to advised method: protected native java.lang.Object java.lang.Object.clone() throws java.lang.CloneNotSupportedException
06:58:20.369 [main] DEBUG o.s.aop.framework.CglibAopProxy - Method is declared on Advised interface: public abstract org.springframework.aop.TargetSource org.springframework.aop.framework.Advised.getTargetSource()
06:58:20.369 [main] DEBUG o.s.aop.framework.CglibAopProxy - Method is declared on Advised interface: public abstract boolean org.springframework.aop.framework.Advised.isProxyTargetClass()
06:58:20.369 [main] DEBUG o.s.aop.framework.CglibAopProxy - Method is declared on Advised interface: public abstract void org.springframework.aop.framework.Advised.addAdvisor(org.springframework.aop.Advisor) throws org.springframework.aop.framework.AopConfigException
06:58:20.369 [main] DEBUG o.s.aop.framework.CglibAopProxy - Method is declared on Advised interface: public abstract void org.springframework.aop.framework.Advised.addAdvisor(int,org.springframework.aop.Advisor) throws org.springframework.aop.framework.AopConfigException
06:58:20.369 [main] DEBUG o.s.aop.framework.CglibAopProxy - Method is declared on Advised interface: public abstract void org.springframework.aop.framework.Advised.setPreFiltered(boolean)
06:58:20.369 [main] DEBUG o.s.aop.framework.CglibAopProxy - Method is declared on Advised interface: public abstract void org.springframework.aop.framework.Advised.setExposeProxy(boolean)
06:58:20.369 [main] DEBUG o.s.aop.framework.CglibAopProxy - Method is declared on Advised interface: public abstract boolean org.springframework.aop.framework.Advised.isExposeProxy()
06:58:20.369 [main] DEBUG o.s.aop.framework.CglibAopProxy - Method is declared on Advised interface: public abstract void org.springframework.aop.framework.Advised.addAdvice(org.aopalliance.aop.Advice) throws org.springframework.aop.framework.AopConfigException
06:58:20.369 [main] DEBUG o.s.aop.framework.CglibAopProxy - Method is declared on Advised interface: public abstract void org.springframework.aop.framework.Advised.addAdvice(int,org.aopalliance.aop.Advice) throws org.springframework.aop.framework.AopConfigException
06:58:20.369 [main] DEBUG o.s.aop.framework.CglibAopProxy - Method is declared on Advised interface: public abstract boolean org.springframework.aop.framework.Advised.isPreFiltered()
06:58:20.369 [main] DEBUG o.s.aop.framework.CglibAopProxy - Method is declared on Advised interface: public abstract java.lang.Class[] org.springframework.aop.framework.Advised.getProxiedInterfaces()
06:58:20.369 [main] DEBUG o.s.aop.framework.CglibAopProxy - Method is declared on Advised interface: public abstract boolean org.springframework.aop.framework.Advised.isInterfaceProxied(java.lang.Class)
06:58:20.369 [main] DEBUG o.s.aop.framework.CglibAopProxy - Method is declared on Advised interface: public abstract org.springframework.aop.Advisor[] org.springframework.aop.framework.Advised.getAdvisors()
06:58:20.369 [main] DEBUG o.s.aop.framework.CglibAopProxy - Method is declared on Advised interface: public abstract boolean org.springframework.aop.framework.Advised.removeAdvisor(org.springframework.aop.Advisor)
06:58:20.369 [main] DEBUG o.s.aop.framework.CglibAopProxy - Method is declared on Advised interface: public abstract void org.springframework.aop.framework.Advised.removeAdvisor(int) throws org.springframework.aop.framework.AopConfigException
06:58:20.369 [main] DEBUG o.s.aop.framework.CglibAopProxy - Method is declared on Advised interface: public abstract boolean org.springframework.aop.framework.Advised.replaceAdvisor(org.springframework.aop.Advisor,org.springframework.aop.Advisor) throws org.springframework.aop.framework.AopConfigException
06:58:20.369 [main] DEBUG o.s.aop.framework.CglibAopProxy - Method is declared on Advised interface: public abstract boolean org.springframework.aop.framework.Advised.removeAdvice(org.aopalliance.aop.Advice)
06:58:20.369 [main] DEBUG o.s.aop.framework.CglibAopProxy - Method is declared on Advised interface: public abstract java.lang.String org.springframework.aop.framework.Advised.toProxyConfigString()
06:58:20.369 [main] DEBUG o.s.aop.framework.CglibAopProxy - Method is declared on Advised interface: public abstract void org.springframework.aop.framework.Advised.setTargetSource(org.springframework.aop.TargetSource)
06:58:20.369 [main] DEBUG o.s.aop.framework.CglibAopProxy - Method is declared on Advised interface: public abstract int org.springframework.aop.framework.Advised.indexOf(org.aopalliance.aop.Advice)
06:58:20.369 [main] DEBUG o.s.aop.framework.CglibAopProxy - Method is declared on Advised interface: public abstract int org.springframework.aop.framework.Advised.indexOf(org.springframework.aop.Advisor)
06:58:20.369 [main] DEBUG o.s.aop.framework.CglibAopProxy - Method is declared on Advised interface: public abstract boolean org.springframework.aop.framework.Advised.isFrozen()
06:58:20.369 [main] DEBUG o.s.aop.framework.CglibAopProxy - Method is declared on Advised interface: public abstract java.lang.Class org.springframework.aop.TargetClassAware.getTargetClass()
06:58:20.374 [main] DEBUG o.s.b.f.s.DefaultListableBeanFactory - Finished creating instance of bean 'HCPController'
06:58:20.374 [main] DEBUG o.s.b.f.s.DefaultListableBeanFactory - Creating shared instance of singleton bean 'officeVisitController'
06:58:20.374 [main] DEBUG o.s.b.f.s.DefaultListableBeanFactory - Creating instance of bean 'officeVisitController'
06:58:20.375 [main] DEBUG o.s.b.f.s.DefaultListableBeanFactory - Eagerly caching bean 'officeVisitController' to allow for resolving potential circular references
06:58:20.375 [main] DEBUG o.s.b.f.s.DefaultListableBeanFactory - Returning cached instance of singleton bean 'metaDataSourceAdvisor'
06:58:20.375 [main] DEBUG o.s.s.a.p.PrePostAnnotationSecurityMetadataSource - @org.springframework.security.access.prepost.PreAuthorize(value=hasRole('ROLE_HCP')) found on specific method: public java.lang.String edu.ncsu.csc.itrust2.controllers.hcp.OfficeVisitController.documentOfficeVisit(org.springframework.ui.Model)
06:58:20.375 [main] DEBUG o.s.s.a.m.DelegatingMethodSecurityMetadataSource - Caching method [CacheKey[edu.ncsu.csc.itrust2.controllers.hcp.OfficeVisitController; public java.lang.String edu.ncsu.csc.itrust2.controllers.hcp.OfficeVisitController.documentOfficeVisit(org.springframework.ui.Model)]] with attributes [[authorize: 'hasRole('ROLE_HCP')', filter: 'null', filterTarget: 'null']]
06:58:20.375 [main] DEBUG o.s.a.f.a.InfrastructureAdvisorAutoProxyCreator - Creating implicit proxy for bean 'officeVisitController' with 0 common interceptors and 1 specific interceptors
06:58:20.375 [main] DEBUG o.s.aop.framework.CglibAopProxy - Creating CGLIB proxy: target source is SingletonTargetSource for target object [edu.ncsu.csc.itrust2.controllers.hcp.OfficeVisitController@702baca7]
06:58:20.375 [main] DEBUG o.s.aop.framework.CglibAopProxy - Unable to apply any optimisations to advised method: public java.lang.String edu.ncsu.csc.itrust2.controllers.hcp.OfficeVisitController.documentOfficeVisit(org.springframework.ui.Model)
06:58:20.376 [main] DEBUG o.s.s.a.p.PrePostAnnotationSecurityMetadataSource - @org.springframework.security.access.prepost.PreAuthorize(value=hasRole('ROLE_HCP')) found on specific method: public java.lang.String edu.ncsu.csc.itrust2.controllers.hcp.OfficeVisitController.documentVisitSubmit(edu.ncsu.csc.itrust2.forms.hcp.OfficeVisitForm,org.springframework.validation.BindingResult,org.springframework.ui.Model)
06:58:20.376 [main] DEBUG o.s.s.a.m.DelegatingMethodSecurityMetadataSource - Caching method [CacheKey[edu.ncsu.csc.itrust2.controllers.hcp.OfficeVisitController; public java.lang.String edu.ncsu.csc.itrust2.controllers.hcp.OfficeVisitController.documentVisitSubmit(edu.ncsu.csc.itrust2.forms.hcp.OfficeVisitForm,org.springframework.validation.BindingResult,org.springframework.ui.Model)]] with attributes [[authorize: 'hasRole('ROLE_HCP')', filter: 'null', filterTarget: 'null']]
06:58:20.376 [main] DEBUG o.s.aop.framework.CglibAopProxy - Unable to apply any optimisations to advised method: public java.lang.String edu.ncsu.csc.itrust2.controllers.hcp.OfficeVisitController.documentVisitSubmit(edu.ncsu.csc.itrust2.forms.hcp.OfficeVisitForm,org.springframework.validation.BindingResult,org.springframework.ui.Model)
06:58:20.376 [main] DEBUG o.s.s.a.p.PrePostAnnotationSecurityMetadataSource - @org.springframework.security.access.prepost.PreAuthorize(value=hasRole('ROLE_HCP')) found on specific method: public java.lang.String edu.ncsu.csc.itrust2.controllers.hcp.OfficeVisitController.getAllOfficeVisits(org.springframework.ui.Model)
06:58:20.376 [main] DEBUG o.s.s.a.m.DelegatingMethodSecurityMetadataSource - Caching method [CacheKey[edu.ncsu.csc.itrust2.controllers.hcp.OfficeVisitController; public java.lang.String edu.ncsu.csc.itrust2.controllers.hcp.OfficeVisitController.getAllOfficeVisits(org.springframework.ui.Model)]] with attributes [[authorize: 'hasRole('ROLE_HCP')', filter: 'null', filterTarget: 'null']]
06:58:20.376 [main] DEBUG o.s.aop.framework.CglibAopProxy - Unable to apply any optimisations to advised method: public java.lang.String edu.ncsu.csc.itrust2.controllers.hcp.OfficeVisitController.getAllOfficeVisits(org.springframework.ui.Model)
06:58:20.376 [main] DEBUG o.s.aop.framework.CglibAopProxy - Found 'equals' method: public boolean java.lang.Object.equals(java.lang.Object)
06:58:20.376 [main] DEBUG o.s.aop.framework.CglibAopProxy - Unable to apply any optimisations to advised method: public java.lang.String java.lang.Object.toString()
06:58:20.376 [main] DEBUG o.s.aop.framework.CglibAopProxy - Found 'hashCode' method: public native int java.lang.Object.hashCode()
06:58:20.376 [main] DEBUG o.s.aop.framework.CglibAopProxy - Unable to apply any optimisations to advised method: protected native java.lang.Object java.lang.Object.clone() throws java.lang.CloneNotSupportedException
06:58:20.376 [main] DEBUG o.s.aop.framework.CglibAopProxy - Method is declared on Advised interface: public abstract org.springframework.aop.TargetSource org.springframework.aop.framework.Advised.getTargetSource()
06:58:20.376 [main] DEBUG o.s.aop.framework.CglibAopProxy - Method is declared on Advised interface: public abstract boolean org.springframework.aop.framework.Advised.isProxyTargetClass()
06:58:20.376 [main] DEBUG o.s.aop.framework.CglibAopProxy - Method is declared on Advised interface: public abstract void org.springframework.aop.framework.Advised.addAdvisor(org.springframework.aop.Advisor) throws org.springframework.aop.framework.AopConfigException
06:58:20.376 [main] DEBUG o.s.aop.framework.CglibAopProxy - Method is declared on Advised interface: public abstract void org.springframework.aop.framework.Advised.addAdvisor(int,org.springframework.aop.Advisor) throws org.springframework.aop.framework.AopConfigException
06:58:20.376 [main] DEBUG o.s.aop.framework.CglibAopProxy - Method is declared on Advised interface: public abstract void org.springframework.aop.framework.Advised.setPreFiltered(boolean)
06:58:20.376 [main] DEBUG o.s.aop.framework.CglibAopProxy - Method is declared on Advised interface: public abstract void org.springframework.aop.framework.Advised.setExposeProxy(boolean)
06:58:20.376 [main] DEBUG o.s.aop.framework.CglibAopProxy - Method is declared on Advised interface: public abstract boolean org.springframework.aop.framework.Advised.isExposeProxy()
06:58:20.376 [main] DEBUG o.s.aop.framework.CglibAopProxy - Method is declared on Advised interface: public abstract void org.springframework.aop.framework.Advised.addAdvice(org.aopalliance.aop.Advice) throws org.springframework.aop.framework.AopConfigException
06:58:20.376 [main] DEBUG o.s.aop.framework.CglibAopProxy - Method is declared on Advised interface: public abstract void org.springframework.aop.framework.Advised.addAdvice(int,org.aopalliance.aop.Advice) throws org.springframework.aop.framework.AopConfigException
06:58:20.376 [main] DEBUG o.s.aop.framework.CglibAopProxy - Method is declared on Advised interface: public abstract boolean org.springframework.aop.framework.Advised.isPreFiltered()
06:58:20.376 [main] DEBUG o.s.aop.framework.CglibAopProxy - Method is declared on Advised interface: public abstract java.lang.Class[] org.springframework.aop.framework.Advised.getProxiedInterfaces()
06:58:20.376 [main] DEBUG o.s.aop.framework.CglibAopProxy - Method is declared on Advised interface: public abstract boolean org.springframework.aop.framework.Advised.isInterfaceProxied(java.lang.Class)
06:58:20.376 [main] DEBUG o.s.aop.framework.CglibAopProxy - Method is declared on Advised interface: public abstract org.springframework.aop.Advisor[] org.springframework.aop.framework.Advised.getAdvisors()
06:58:20.376 [main] DEBUG o.s.aop.framework.CglibAopProxy - Method is declared on Advised interface: public abstract boolean org.springframework.aop.framework.Advised.removeAdvisor(org.springframework.aop.Advisor)
06:58:20.376 [main] DEBUG o.s.aop.framework.CglibAopProxy - Method is declared on Advised interface: public abstract void org.springframework.aop.framework.Advised.removeAdvisor(int) throws org.springframework.aop.framework.AopConfigException
06:58:20.376 [main] DEBUG o.s.aop.framework.CglibAopProxy - Method is declared on Advised interface: public abstract boolean org.springframework.aop.framework.Advised.replaceAdvisor(org.springframework.aop.Advisor,org.springframework.aop.Advisor) throws org.springframework.aop.framework.AopConfigException
06:58:20.376 [main] DEBUG o.s.aop.framework.CglibAopProxy - Method is declared on Advised interface: public abstract boolean org.springframework.aop.framework.Advised.removeAdvice(org.aopalliance.aop.Advice)
06:58:20.376 [main] DEBUG o.s.aop.framework.CglibAopProxy - Method is declared on Advised interface: public abstract java.lang.String org.springframework.aop.framework.Advised.toProxyConfigString()
06:58:20.376 [main] DEBUG o.s.aop.framework.CglibAopProxy - Method is declared on Advised interface: public abstract void org.springframework.aop.framework.Advised.setTargetSource(org.springframework.aop.TargetSource)
06:58:20.376 [main] DEBUG o.s.aop.framework.CglibAopProxy - Method is declared on Advised interface: public abstract int org.springframework.aop.framework.Advised.indexOf(org.aopalliance.aop.Advice)
06:58:20.376 [main] DEBUG o.s.aop.framework.CglibAopProxy - Method is declared on Advised interface: public abstract int org.springframework.aop.framework.Advised.indexOf(org.springframework.aop.Advisor)
06:58:20.376 [main] DEBUG o.s.aop.framework.CglibAopProxy - Method is declared on Advised interface: public abstract boolean org.springframework.aop.framework.Advised.isFrozen()
06:58:20.376 [main] DEBUG o.s.aop.framework.CglibAopProxy - Method is declared on Advised interface: public abstract java.lang.Class org.springframework.aop.TargetClassAware.getTargetClass()
06:58:20.381 [main] DEBUG o.s.b.f.s.DefaultListableBeanFactory - Finished creating instance of bean 'officeVisitController'
06:58:20.381 [main] DEBUG o.s.b.f.s.DefaultListableBeanFactory - Creating shared instance of singleton bean 'appointmentController'
06:58:20.381 [main] DEBUG o.s.b.f.s.DefaultListableBeanFactory - Creating instance of bean 'appointmentController'
06:58:20.382 [main] DEBUG o.s.b.f.s.DefaultListableBeanFactory - Eagerly caching bean 'appointmentController' to allow for resolving potential circular references
06:58:20.382 [main] DEBUG o.s.b.f.s.DefaultListableBeanFactory - Returning cached instance of singleton bean 'metaDataSourceAdvisor'
06:58:20.382 [main] DEBUG o.s.s.a.p.PrePostAnnotationSecurityMetadataSource - @org.springframework.security.access.prepost.PreAuthorize(value=hasRole('ROLE_PATIENT')) found on specific method: public java.lang.String edu.ncsu.csc.itrust2.controllers.patient.AppointmentController.requestAppointmentForm(org.springframework.ui.Model)
06:58:20.382 [main] DEBUG o.s.s.a.m.DelegatingMethodSecurityMetadataSource - Caching method [CacheKey[edu.ncsu.csc.itrust2.controllers.patient.AppointmentController; public java.lang.String edu.ncsu.csc.itrust2.controllers.patient.AppointmentController.requestAppointmentForm(org.springframework.ui.Model)]] with attributes [[authorize: 'hasRole('ROLE_PATIENT')', filter: 'null', filterTarget: 'null']]
06:58:20.382 [main] DEBUG o.s.a.f.a.InfrastructureAdvisorAutoProxyCreator - Creating implicit proxy for bean 'appointmentController' with 0 common interceptors and 1 specific interceptors
06:58:20.382 [main] DEBUG o.s.aop.framework.CglibAopProxy - Creating CGLIB proxy: target source is SingletonTargetSource for target object [edu.ncsu.csc.itrust2.controllers.patient.AppointmentController@3a83a998]
06:58:20.382 [main] DEBUG o.s.aop.framework.CglibAopProxy - Unable to apply any optimisations to advised method: public java.lang.String edu.ncsu.csc.itrust2.controllers.patient.AppointmentController.requestAppointmentForm(org.springframework.ui.Model)
06:58:20.382 [main] DEBUG o.s.s.a.p.PrePostAnnotationSecurityMetadataSource - @org.springframework.security.access.prepost.PreAuthorize(value=hasRole('ROLE_PATIENT')) found on specific method: public java.lang.String edu.ncsu.csc.itrust2.controllers.patient.AppointmentController.inventorySubmit(edu.ncsu.csc.itrust2.forms.patient.AppointmentRequestForm,org.springframework.validation.BindingResult,org.springframework.ui.Model)
06:58:20.382 [main] DEBUG o.s.s.a.m.DelegatingMethodSecurityMetadataSource - Caching method [CacheKey[edu.ncsu.csc.itrust2.controllers.patient.AppointmentController; public java.lang.String edu.ncsu.csc.itrust2.controllers.patient.AppointmentController.inventorySubmit(edu.ncsu.csc.itrust2.forms.patient.AppointmentRequestForm,org.springframework.validation.BindingResult,org.springframework.ui.Model)]] with attributes [[authorize: 'hasRole('ROLE_PATIENT')', filter: 'null', filterTarget: 'null']]
06:58:20.382 [main] DEBUG o.s.aop.framework.CglibAopProxy - Unable to apply any optimisations to advised method: public java.lang.String edu.ncsu.csc.itrust2.controllers.patient.AppointmentController.inventorySubmit(edu.ncsu.csc.itrust2.forms.patient.AppointmentRequestForm,org.springframework.validation.BindingResult,org.springframework.ui.Model)
06:58:20.382 [main] DEBUG o.s.s.a.p.PrePostAnnotationSecurityMetadataSource - @org.springframework.security.access.prepost.PreAuthorize(value=hasRole('ROLE_PATIENT')) found on specific method: public java.lang.String edu.ncsu.csc.itrust2.controllers.patient.AppointmentController.viewAppointmentRequests(org.springframework.ui.Model)
06:58:20.383 [main] DEBUG o.s.s.a.m.DelegatingMethodSecurityMetadataSource - Caching method [CacheKey[edu.ncsu.csc.itrust2.controllers.patient.AppointmentController; public java.lang.String edu.ncsu.csc.itrust2.controllers.patient.AppointmentController.viewAppointmentRequests(org.springframework.ui.Model)]] with attributes [[authorize: 'hasRole('ROLE_PATIENT')', filter: 'null', filterTarget: 'null']]
06:58:20.383 [main] DEBUG o.s.aop.framework.CglibAopProxy - Unable to apply any optimisations to advised method: public java.lang.String edu.ncsu.csc.itrust2.controllers.patient.AppointmentController.viewAppointmentRequests(org.springframework.ui.Model)
06:58:20.383 [main] DEBUG o.s.s.a.p.PrePostAnnotationSecurityMetadataSource - @org.springframework.security.access.prepost.PreAuthorize(value=hasRole('ROLE_PATIENT')) found on specific method: public java.lang.String edu.ncsu.csc.itrust2.controllers.patient.AppointmentController.viewRequestsSubmit(edu.ncsu.csc.itrust2.forms.patient.AppointmentForm)
06:58:20.383 [main] DEBUG o.s.s.a.m.DelegatingMethodSecurityMetadataSource - Caching method [CacheKey[edu.ncsu.csc.itrust2.controllers.patient.AppointmentController; public java.lang.String edu.ncsu.csc.itrust2.controllers.patient.AppointmentController.viewRequestsSubmit(edu.ncsu.csc.itrust2.forms.patient.AppointmentForm)]] with attributes [[authorize: 'hasRole('ROLE_PATIENT')', filter: 'null', filterTarget: 'null']]
06:58:20.383 [main] DEBUG o.s.aop.framework.CglibAopProxy - Unable to apply any optimisations to advised method: public java.lang.String edu.ncsu.csc.itrust2.controllers.patient.AppointmentController.viewRequestsSubmit(edu.ncsu.csc.itrust2.forms.patient.AppointmentForm)
06:58:20.383 [main] DEBUG o.s.aop.framework.CglibAopProxy - Found 'equals' method: public boolean java.lang.Object.equals(java.lang.Object)
06:58:20.383 [main] DEBUG o.s.aop.framework.CglibAopProxy - Unable to apply any optimisations to advised method: public java.lang.String java.lang.Object.toString()
06:58:20.383 [main] DEBUG o.s.aop.framework.CglibAopProxy - Found 'hashCode' method: public native int java.lang.Object.hashCode()
06:58:20.383 [main] DEBUG o.s.aop.framework.CglibAopProxy - Unable to apply any optimisations to advised method: protected native java.lang.Object java.lang.Object.clone() throws java.lang.CloneNotSupportedException
06:58:20.383 [main] DEBUG o.s.aop.framework.CglibAopProxy - Method is declared on Advised interface: public abstract org.springframework.aop.TargetSource org.springframework.aop.framework.Advised.getTargetSource()
06:58:20.383 [main] DEBUG o.s.aop.framework.CglibAopProxy - Method is declared on Advised interface: public abstract boolean org.springframework.aop.framework.Advised.isProxyTargetClass()
06:58:20.383 [main] DEBUG o.s.aop.framework.CglibAopProxy - Method is declared on Advised interface: public abstract void org.springframework.aop.framework.Advised.addAdvisor(org.springframework.aop.Advisor) throws org.springframework.aop.framework.AopConfigException
06:58:20.383 [main] DEBUG o.s.aop.framework.CglibAopProxy - Method is declared on Advised interface: public abstract void org.springframework.aop.framework.Advised.addAdvisor(int,org.springframework.aop.Advisor) throws org.springframework.aop.framework.AopConfigException
06:58:20.383 [main] DEBUG o.s.aop.framework.CglibAopProxy - Method is declared on Advised interface: public abstract void org.springframework.aop.framework.Advised.setPreFiltered(boolean)
06:58:20.383 [main] DEBUG o.s.aop.framework.CglibAopProxy - Method is declared on Advised interface: public abstract void org.springframework.aop.framework.Advised.setExposeProxy(boolean)
06:58:20.383 [main] DEBUG o.s.aop.framework.CglibAopProxy - Method is declared on Advised interface: public abstract boolean org.springframework.aop.framework.Advised.isExposeProxy()
06:58:20.383 [main] DEBUG o.s.aop.framework.CglibAopProxy - Method is declared on Advised interface: public abstract void org.springframework.aop.framework.Advised.addAdvice(org.aopalliance.aop.Advice) throws org.springframework.aop.framework.AopConfigException
06:58:20.383 [main] DEBUG o.s.aop.framework.CglibAopProxy - Method is declared on Advised interface: public abstract void org.springframework.aop.framework.Advised.addAdvice(int,org.aopalliance.aop.Advice) throws org.springframework.aop.framework.AopConfigException
06:58:20.383 [main] DEBUG o.s.aop.framework.CglibAopProxy - Method is declared on Advised interface: public abstract boolean org.springframework.aop.framework.Advised.isPreFiltered()
06:58:20.383 [main] DEBUG o.s.aop.framework.CglibAopProxy - Method is declared on Advised interface: public abstract java.lang.Class[] org.springframework.aop.framework.Advised.getProxiedInterfaces()
06:58:20.383 [main] DEBUG o.s.aop.framework.CglibAopProxy - Method is declared on Advised interface: public abstract boolean org.springframework.aop.framework.Advised.isInterfaceProxied(java.lang.Class)
06:58:20.383 [main] DEBUG o.s.aop.framework.CglibAopProxy - Method is declared on Advised interface: public abstract org.springframework.aop.Advisor[] org.springframework.aop.framework.Advised.getAdvisors()
06:58:20.383 [main] DEBUG o.s.aop.framework.CglibAopProxy - Method is declared on Advised interface: public abstract boolean org.springframework.aop.framework.Advised.removeAdvisor(org.springframework.aop.Advisor)
06:58:20.383 [main] DEBUG o.s.aop.framework.CglibAopProxy - Method is declared on Advised interface: public abstract void org.springframework.aop.framework.Advised.removeAdvisor(int) throws org.springframework.aop.framework.AopConfigException
06:58:20.383 [main] DEBUG o.s.aop.framework.CglibAopProxy - Method is declared on Advised interface: public abstract boolean org.springframework.aop.framework.Advised.replaceAdvisor(org.springframework.aop.Advisor,org.springframework.aop.Advisor) throws org.springframework.aop.framework.AopConfigException
06:58:20.383 [main] DEBUG o.s.aop.framework.CglibAopProxy - Method is declared on Advised interface: public abstract boolean org.springframework.aop.framework.Advised.removeAdvice(org.aopalliance.aop.Advice)
06:58:20.383 [main] DEBUG o.s.aop.framework.CglibAopProxy - Method is declared on Advised interface: public abstract java.lang.String org.springframework.aop.framework.Advised.toProxyConfigString()
06:58:20.383 [main] DEBUG o.s.aop.framework.CglibAopProxy - Method is declared on Advised interface: public abstract void org.springframework.aop.framework.Advised.setTargetSource(org.springframework.aop.TargetSource)
06:58:20.383 [main] DEBUG o.s.aop.framework.CglibAopProxy - Method is declared on Advised interface: public abstract int org.springframework.aop.framework.Advised.indexOf(org.aopalliance.aop.Advice)
06:58:20.383 [main] DEBUG o.s.aop.framework.CglibAopProxy - Method is declared on Advised interface: public abstract int org.springframework.aop.framework.Advised.indexOf(org.springframework.aop.Advisor)
06:58:20.383 [main] DEBUG o.s.aop.framework.CglibAopProxy - Method is declared on Advised interface: public abstract boolean org.springframework.aop.framework.Advised.isFrozen()
06:58:20.383 [main] DEBUG o.s.aop.framework.CglibAopProxy - Method is declared on Advised interface: public abstract java.lang.Class org.springframework.aop.TargetClassAware.getTargetClass()
06:58:20.388 [main] DEBUG o.s.b.f.s.DefaultListableBeanFactory - Finished creating instance of bean 'appointmentController'
06:58:20.388 [main] DEBUG o.s.b.f.s.DefaultListableBeanFactory - Creating shared instance of singleton bean 'diagnosesController'
06:58:20.388 [main] DEBUG o.s.b.f.s.DefaultListableBeanFactory - Creating instance of bean 'diagnosesController'
06:58:20.388 [main] DEBUG o.s.b.f.s.DefaultListableBeanFactory - Eagerly caching bean 'diagnosesController' to allow for resolving potential circular references
06:58:20.388 [main] DEBUG o.s.b.f.s.DefaultListableBeanFactory - Returning cached instance of singleton bean 'metaDataSourceAdvisor'
06:58:20.388 [main] DEBUG o.s.s.a.p.PrePostAnnotationSecurityMetadataSource - @org.springframework.security.access.prepost.PreAuthorize(value=hasRole('ROLE_PATIENT')) found on specific method: public java.lang.String edu.ncsu.csc.itrust2.controllers.patient.DiagnosesController.viewDiagnoses(org.springframework.ui.Model)
06:58:20.389 [main] DEBUG o.s.s.a.m.DelegatingMethodSecurityMetadataSource - Caching method [CacheKey[edu.ncsu.csc.itrust2.controllers.patient.DiagnosesController; public java.lang.String edu.ncsu.csc.itrust2.controllers.patient.DiagnosesController.viewDiagnoses(org.springframework.ui.Model)]] with attributes [[authorize: 'hasRole('ROLE_PATIENT')', filter: 'null', filterTarget: 'null']]
06:58:20.389 [main] DEBUG o.s.a.f.a.InfrastructureAdvisorAutoProxyCreator - Creating implicit proxy for bean 'diagnosesController' with 0 common interceptors and 1 specific interceptors
06:58:20.389 [main] DEBUG o.s.aop.framework.CglibAopProxy - Creating CGLIB proxy: target source is SingletonTargetSource for target object [edu.ncsu.csc.itrust2.controllers.patient.DiagnosesController@39a0d2d]
06:58:20.389 [main] DEBUG o.s.aop.framework.CglibAopProxy - Unable to apply any optimisations to advised method: public java.lang.String edu.ncsu.csc.itrust2.controllers.patient.DiagnosesController.viewDiagnoses(org.springframework.ui.Model)
06:58:20.389 [main] DEBUG o.s.aop.framework.CglibAopProxy - Found 'equals' method: public boolean java.lang.Object.equals(java.lang.Object)
06:58:20.389 [main] DEBUG o.s.aop.framework.CglibAopProxy - Unable to apply any optimisations to advised method: public java.lang.String java.lang.Object.toString()
06:58:20.389 [main] DEBUG o.s.aop.framework.CglibAopProxy - Found 'hashCode' method: public native int java.lang.Object.hashCode()
06:58:20.389 [main] DEBUG o.s.aop.framework.CglibAopProxy - Unable to apply any optimisations to advised method: protected native java.lang.Object java.lang.Object.clone() throws java.lang.CloneNotSupportedException
06:58:20.389 [main] DEBUG o.s.aop.framework.CglibAopProxy - Method is declared on Advised interface: public abstract org.springframework.aop.TargetSource org.springframework.aop.framework.Advised.getTargetSource()
06:58:20.389 [main] DEBUG o.s.aop.framework.CglibAopProxy - Method is declared on Advised interface: public abstract boolean org.springframework.aop.framework.Advised.isProxyTargetClass()
06:58:20.389 [main] DEBUG o.s.aop.framework.CglibAopProxy - Method is declared on Advised interface: public abstract void org.springframework.aop.framework.Advised.addAdvisor(org.springframework.aop.Advisor) throws org.springframework.aop.framework.AopConfigException
06:58:20.389 [main] DEBUG o.s.aop.framework.CglibAopProxy - Method is declared on Advised interface: public abstract void org.springframework.aop.framework.Advised.addAdvisor(int,org.springframework.aop.Advisor) throws org.springframework.aop.framework.AopConfigException
06:58:20.389 [main] DEBUG o.s.aop.framework.CglibAopProxy - Method is declared on Advised interface: public abstract void org.springframework.aop.framework.Advised.setPreFiltered(boolean)
06:58:20.389 [main] DEBUG o.s.aop.framework.CglibAopProxy - Method is declared on Advised interface: public abstract void org.springframework.aop.framework.Advised.setExposeProxy(boolean)
06:58:20.389 [main] DEBUG o.s.aop.framework.CglibAopProxy - Method is declared on Advised interface: public abstract boolean org.springframework.aop.framework.Advised.isExposeProxy()
06:58:20.389 [main] DEBUG o.s.aop.framework.CglibAopProxy - Method is declared on Advised interface: public abstract void org.springframework.aop.framework.Advised.addAdvice(org.aopalliance.aop.Advice) throws org.springframework.aop.framework.AopConfigException
06:58:20.389 [main] DEBUG o.s.aop.framework.CglibAopProxy - Method is declared on Advised interface: public abstract void org.springframework.aop.framework.Advised.addAdvice(int,org.aopalliance.aop.Advice) throws org.springframework.aop.framework.AopConfigException
06:58:20.389 [main] DEBUG o.s.aop.framework.CglibAopProxy - Method is declared on Advised interface: public abstract boolean org.springframework.aop.framework.Advised.isPreFiltered()
06:58:20.389 [main] DEBUG o.s.aop.framework.CglibAopProxy - Method is declared on Advised interface: public abstract java.lang.Class[] org.springframework.aop.framework.Advised.getProxiedInterfaces()
06:58:20.389 [main] DEBUG o.s.aop.framework.CglibAopProxy - Method is declared on Advised interface: public abstract boolean org.springframework.aop.framework.Advised.isInterfaceProxied(java.lang.Class)
06:58:20.389 [main] DEBUG o.s.aop.framework.CglibAopProxy - Method is declared on Advised interface: public abstract org.springframework.aop.Advisor[] org.springframework.aop.framework.Advised.getAdvisors()
06:58:20.389 [main] DEBUG o.s.aop.framework.CglibAopProxy - Method is declared on Advised interface: public abstract boolean org.springframework.aop.framework.Advised.removeAdvisor(org.springframework.aop.Advisor)
06:58:20.389 [main] DEBUG o.s.aop.framework.CglibAopProxy - Method is declared on Advised interface: public abstract void org.springframework.aop.framework.Advised.removeAdvisor(int) throws org.springframework.aop.framework.AopConfigException
06:58:20.389 [main] DEBUG o.s.aop.framework.CglibAopProxy - Method is declared on Advised interface: public abstract boolean org.springframework.aop.framework.Advised.replaceAdvisor(org.springframework.aop.Advisor,org.springframework.aop.Advisor) throws org.springframework.aop.framework.AopConfigException
06:58:20.389 [main] DEBUG o.s.aop.framework.CglibAopProxy - Method is declared on Advised interface: public abstract boolean org.springframework.aop.framework.Advised.removeAdvice(org.aopalliance.aop.Advice)
06:58:20.389 [main] DEBUG o.s.aop.framework.CglibAopProxy - Method is declared on Advised interface: public abstract java.lang.String org.springframework.aop.framework.Advised.toProxyConfigString()
06:58:20.389 [main] DEBUG o.s.aop.framework.CglibAopProxy - Method is declared on Advised interface: public abstract void org.springframework.aop.framework.Advised.setTargetSource(org.springframework.aop.TargetSource)
06:58:20.389 [main] DEBUG o.s.aop.framework.CglibAopProxy - Method is declared on Advised interface: public abstract int org.springframework.aop.framework.Advised.indexOf(org.aopalliance.aop.Advice)
06:58:20.389 [main] DEBUG o.s.aop.framework.CglibAopProxy - Method is declared on Advised interface: public abstract int org.springframework.aop.framework.Advised.indexOf(org.springframework.aop.Advisor)
06:58:20.389 [main] DEBUG o.s.aop.framework.CglibAopProxy - Method is declared on Advised interface: public abstract boolean org.springframework.aop.framework.Advised.isFrozen()
06:58:20.389 [main] DEBUG o.s.aop.framework.CglibAopProxy - Method is declared on Advised interface: public abstract java.lang.Class org.springframework.aop.TargetClassAware.getTargetClass()
06:58:20.394 [main] DEBUG o.s.b.f.s.DefaultListableBeanFactory - Finished creating instance of bean 'diagnosesController'
06:58:20.394 [main] DEBUG o.s.b.f.s.DefaultListableBeanFactory - Creating shared instance of singleton bean 'patientController'
06:58:20.394 [main] DEBUG o.s.b.f.s.DefaultListableBeanFactory - Creating instance of bean 'patientController'
06:58:20.394 [main] DEBUG o.s.b.f.s.DefaultListableBeanFactory - Eagerly caching bean 'patientController' to allow for resolving potential circular references
06:58:20.395 [main] DEBUG o.s.b.f.s.DefaultListableBeanFactory - Returning cached instance of singleton bean 'metaDataSourceAdvisor'
06:58:20.395 [main] DEBUG o.s.s.a.p.PrePostAnnotationSecurityMetadataSource - @org.springframework.security.access.prepost.PreAuthorize(value=hasRole('ROLE_PATIENT')) found on specific method: public java.lang.String edu.ncsu.csc.itrust2.controllers.patient.PatientController.viewOfficeVisits(org.springframework.ui.Model)
06:58:20.395 [main] DEBUG o.s.s.a.m.DelegatingMethodSecurityMetadataSource - Caching method [CacheKey[edu.ncsu.csc.itrust2.controllers.patient.PatientController; public java.lang.String edu.ncsu.csc.itrust2.controllers.patient.PatientController.viewOfficeVisits(org.springframework.ui.Model)]] with attributes [[authorize: 'hasRole('ROLE_PATIENT')', filter: 'null', filterTarget: 'null']]
06:58:20.395 [main] DEBUG o.s.a.f.a.InfrastructureAdvisorAutoProxyCreator - Creating implicit proxy for bean 'patientController' with 0 common interceptors and 1 specific interceptors
06:58:20.395 [main] DEBUG o.s.aop.framework.CglibAopProxy - Creating CGLIB proxy: target source is SingletonTargetSource for target object [edu.ncsu.csc.itrust2.controllers.patient.PatientController@1f457edd]
06:58:20.395 [main] DEBUG o.s.aop.framework.CglibAopProxy - Unable to apply any optimisations to advised method: public java.lang.String edu.ncsu.csc.itrust2.controllers.patient.PatientController.viewOfficeVisits(org.springframework.ui.Model)
06:58:20.395 [main] DEBUG o.s.s.a.p.PrePostAnnotationSecurityMetadataSource - @org.springframework.security.access.prepost.PreAuthorize(value=hasRole('ROLE_PATIENT')) found on specific method: public java.lang.String edu.ncsu.csc.itrust2.controllers.patient.PatientController.viewPrescriptions(org.springframework.ui.Model)
06:58:20.395 [main] DEBUG o.s.s.a.m.DelegatingMethodSecurityMetadataSource - Caching method [CacheKey[edu.ncsu.csc.itrust2.controllers.patient.PatientController; public java.lang.String edu.ncsu.csc.itrust2.controllers.patient.PatientController.viewPrescriptions(org.springframework.ui.Model)]] with attributes [[authorize: 'hasRole('ROLE_PATIENT')', filter: 'null', filterTarget: 'null']]
06:58:20.395 [main] DEBUG o.s.aop.framework.CglibAopProxy - Unable to apply any optimisations to advised method: public java.lang.String edu.ncsu.csc.itrust2.controllers.patient.PatientController.viewPrescriptions(org.springframework.ui.Model)
06:58:20.395 [main] DEBUG o.s.s.a.p.PrePostAnnotationSecurityMetadataSource - @org.springframework.security.access.prepost.PreAuthorize(value=hasRole('ROLE_PATIENT')) found on specific method: public java.lang.String edu.ncsu.csc.itrust2.controllers.patient.PatientController.viewDemographics(org.springframework.ui.Model)
06:58:20.395 [main] DEBUG o.s.s.a.m.DelegatingMethodSecurityMetadataSource - Caching method [CacheKey[edu.ncsu.csc.itrust2.controllers.patient.PatientController; public java.lang.String edu.ncsu.csc.itrust2.controllers.patient.PatientController.viewDemographics(org.springframework.ui.Model)]] with attributes [[authorize: 'hasRole('ROLE_PATIENT')', filter: 'null', filterTarget: 'null']]
06:58:20.395 [main] DEBUG o.s.aop.framework.CglibAopProxy - Unable to apply any optimisations to advised method: public java.lang.String edu.ncsu.csc.itrust2.controllers.patient.PatientController.viewDemographics(org.springframework.ui.Model)
06:58:20.395 [main] DEBUG o.s.s.a.p.PrePostAnnotationSecurityMetadataSource - @org.springframework.security.access.prepost.PreAuthorize(value=hasRole('ROLE_PATIENT')) found on specific method: public java.lang.String edu.ncsu.csc.itrust2.controllers.patient.PatientController.demographicsSubmit(edu.ncsu.csc.itrust2.forms.hcp_patient.PatientForm,org.springframework.validation.BindingResult,org.springframework.ui.Model)
06:58:20.395 [main] DEBUG o.s.s.a.m.DelegatingMethodSecurityMetadataSource - Caching method [CacheKey[edu.ncsu.csc.itrust2.controllers.patient.PatientController; public java.lang.String edu.ncsu.csc.itrust2.controllers.patient.PatientController.demographicsSubmit(edu.ncsu.csc.itrust2.forms.hcp_patient.PatientForm,org.springframework.validation.BindingResult,org.springframework.ui.Model)]] with attributes [[authorize: 'hasRole('ROLE_PATIENT')', filter: 'null', filterTarget: 'null']]
06:58:20.396 [main] DEBUG o.s.aop.framework.CglibAopProxy - Unable to apply any optimisations to advised method: public java.lang.String edu.ncsu.csc.itrust2.controllers.patient.PatientController.demographicsSubmit(edu.ncsu.csc.itrust2.forms.hcp_patient.PatientForm,org.springframework.validation.BindingResult,org.springframework.ui.Model)
06:58:20.396 [main] DEBUG o.s.s.a.p.PrePostAnnotationSecurityMetadataSource - @org.springframework.security.access.prepost.PreAuthorize(value=hasRole('ROLE_PATIENT')) found on specific method: public java.lang.String edu.ncsu.csc.itrust2.controllers.patient.PatientController.index(org.springframework.ui.Model)
06:58:20.396 [main] DEBUG o.s.s.a.m.DelegatingMethodSecurityMetadataSource - Caching method [CacheKey[edu.ncsu.csc.itrust2.controllers.patient.PatientController; public java.lang.String edu.ncsu.csc.itrust2.controllers.patient.PatientController.index(org.springframework.ui.Model)]] with attributes [[authorize: 'hasRole('ROLE_PATIENT')', filter: 'null', filterTarget: 'null']]
06:58:20.396 [main] DEBUG o.s.aop.framework.CglibAopProxy - Unable to apply any optimisations to advised method: public java.lang.String edu.ncsu.csc.itrust2.controllers.patient.PatientController.index(org.springframework.ui.Model)
06:58:20.396 [main] DEBUG o.s.aop.framework.CglibAopProxy - Found 'equals' method: public boolean java.lang.Object.equals(java.lang.Object)
06:58:20.396 [main] DEBUG o.s.aop.framework.CglibAopProxy - Unable to apply any optimisations to advised method: public java.lang.String java.lang.Object.toString()
06:58:20.396 [main] DEBUG o.s.aop.framework.CglibAopProxy - Found 'hashCode' method: public native int java.lang.Object.hashCode()
06:58:20.396 [main] DEBUG o.s.aop.framework.CglibAopProxy - Unable to apply any optimisations to advised method: protected native java.lang.Object java.lang.Object.clone() throws java.lang.CloneNotSupportedException
06:58:20.396 [main] DEBUG o.s.aop.framework.CglibAopProxy - Method is declared on Advised interface: public abstract org.springframework.aop.TargetSource org.springframework.aop.framework.Advised.getTargetSource()
06:58:20.396 [main] DEBUG o.s.aop.framework.CglibAopProxy - Method is declared on Advised interface: public abstract boolean org.springframework.aop.framework.Advised.isProxyTargetClass()
06:58:20.396 [main] DEBUG o.s.aop.framework.CglibAopProxy - Method is declared on Advised interface: public abstract void org.springframework.aop.framework.Advised.addAdvisor(org.springframework.aop.Advisor) throws org.springframework.aop.framework.AopConfigException
06:58:20.396 [main] DEBUG o.s.aop.framework.CglibAopProxy - Method is declared on Advised interface: public abstract void org.springframework.aop.framework.Advised.addAdvisor(int,org.springframework.aop.Advisor) throws org.springframework.aop.framework.AopConfigException
06:58:20.396 [main] DEBUG o.s.aop.framework.CglibAopProxy - Method is declared on Advised interface: public abstract void org.springframework.aop.framework.Advised.setPreFiltered(boolean)
06:58:20.396 [main] DEBUG o.s.aop.framework.CglibAopProxy - Method is declared on Advised interface: public abstract void org.springframework.aop.framework.Advised.setExposeProxy(boolean)
06:58:20.396 [main] DEBUG o.s.aop.framework.CglibAopProxy - Method is declared on Advised interface: public abstract boolean org.springframework.aop.framework.Advised.isExposeProxy()
06:58:20.396 [main] DEBUG o.s.aop.framework.CglibAopProxy - Method is declared on Advised interface: public abstract void org.springframework.aop.framework.Advised.addAdvice(org.aopalliance.aop.Advice) throws org.springframework.aop.framework.AopConfigException
06:58:20.396 [main] DEBUG o.s.aop.framework.CglibAopProxy - Method is declared on Advised interface: public abstract void org.springframework.aop.framework.Advised.addAdvice(int,org.aopalliance.aop.Advice) throws org.springframework.aop.framework.AopConfigException
06:58:20.396 [main] DEBUG o.s.aop.framework.CglibAopProxy - Method is declared on Advised interface: public abstract boolean org.springframework.aop.framework.Advised.isPreFiltered()
06:58:20.396 [main] DEBUG o.s.aop.framework.CglibAopProxy - Method is declared on Advised interface: public abstract java.lang.Class[] org.springframework.aop.framework.Advised.getProxiedInterfaces()
06:58:20.396 [main] DEBUG o.s.aop.framework.CglibAopProxy - Method is declared on Advised interface: public abstract boolean org.springframework.aop.framework.Advised.isInterfaceProxied(java.lang.Class)
06:58:20.396 [main] DEBUG o.s.aop.framework.CglibAopProxy - Method is declared on Advised interface: public abstract org.springframework.aop.Advisor[] org.springframework.aop.framework.Advised.getAdvisors()
06:58:20.396 [main] DEBUG o.s.aop.framework.CglibAopProxy - Method is declared on Advised interface: public abstract boolean org.springframework.aop.framework.Advised.removeAdvisor(org.springframework.aop.Advisor)
06:58:20.396 [main] DEBUG o.s.aop.framework.CglibAopProxy - Method is declared on Advised interface: public abstract void org.springframework.aop.framework.Advised.removeAdvisor(int) throws org.springframework.aop.framework.AopConfigException
06:58:20.396 [main] DEBUG o.s.aop.framework.CglibAopProxy - Method is declared on Advised interface: public abstract boolean org.springframework.aop.framework.Advised.replaceAdvisor(org.springframework.aop.Advisor,org.springframework.aop.Advisor) throws org.springframework.aop.framework.AopConfigException
06:58:20.396 [main] DEBUG o.s.aop.framework.CglibAopProxy - Method is declared on Advised interface: public abstract boolean org.springframework.aop.framework.Advised.removeAdvice(org.aopalliance.aop.Advice)
06:58:20.396 [main] DEBUG o.s.aop.framework.CglibAopProxy - Method is declared on Advised interface: public abstract java.lang.String org.springframework.aop.framework.Advised.toProxyConfigString()
06:58:20.396 [main] DEBUG o.s.aop.framework.CglibAopProxy - Method is declared on Advised interface: public abstract void org.springframework.aop.framework.Advised.setTargetSource(org.springframework.aop.TargetSource)
06:58:20.396 [main] DEBUG o.s.aop.framework.CglibAopProxy - Method is declared on Advised interface: public abstract int org.springframework.aop.framework.Advised.indexOf(org.aopalliance.aop.Advice)
06:58:20.396 [main] DEBUG o.s.aop.framework.CglibAopProxy - Method is declared on Advised interface: public abstract int org.springframework.aop.framework.Advised.indexOf(org.springframework.aop.Advisor)
06:58:20.396 [main] DEBUG o.s.aop.framework.CglibAopProxy - Method is declared on Advised interface: public abstract boolean org.springframework.aop.framework.Advised.isFrozen()
06:58:20.396 [main] DEBUG o.s.aop.framework.CglibAopProxy - Method is declared on Advised interface: public abstract java.lang.Class org.springframework.aop.TargetClassAware.getTargetClass()
06:58:20.401 [main] DEBUG o.s.b.f.s.DefaultListableBeanFactory - Finished creating instance of bean 'patientController'
06:58:20.401 [main] DEBUG o.s.b.f.s.DefaultListableBeanFactory - Creating shared instance of singleton bean 'passwordController'
06:58:20.401 [main] DEBUG o.s.b.f.s.DefaultListableBeanFactory - Creating instance of bean 'passwordController'
06:58:20.401 [main] DEBUG o.s.b.f.s.DefaultListableBeanFactory - Eagerly caching bean 'passwordController' to allow for resolving potential circular references
06:58:20.401 [main] DEBUG o.s.b.f.s.DefaultListableBeanFactory - Returning cached instance of singleton bean 'metaDataSourceAdvisor'
06:58:20.401 [main] DEBUG o.s.b.f.s.DefaultListableBeanFactory - Finished creating instance of bean 'passwordController'
06:58:20.401 [main] DEBUG o.s.b.f.s.DefaultListableBeanFactory - Creating shared instance of singleton bean 'userController'
06:58:20.401 [main] DEBUG o.s.b.f.s.DefaultListableBeanFactory - Creating instance of bean 'userController'
06:58:20.402 [main] DEBUG o.s.b.f.s.DefaultListableBeanFactory - Eagerly caching bean 'userController' to allow for resolving potential circular references
06:58:20.402 [main] DEBUG o.s.b.f.s.DefaultListableBeanFactory - Returning cached instance of singleton bean 'metaDataSourceAdvisor'
06:58:20.402 [main] DEBUG o.s.s.a.p.PrePostAnnotationSecurityMetadataSource - @org.springframework.security.access.prepost.PreAuthorize(value=hasRole('ROLE_HCP') or hasRole('ROLE_ADMIN')) found on specific method: public java.lang.String edu.ncsu.csc.itrust2.controllers.personnel.UserController.viewDemographics(org.springframework.ui.Model)
06:58:20.402 [main] DEBUG o.s.s.a.m.DelegatingMethodSecurityMetadataSource - Caching method [CacheKey[edu.ncsu.csc.itrust2.controllers.personnel.UserController; public java.lang.String edu.ncsu.csc.itrust2.controllers.personnel.UserController.viewDemographics(org.springframework.ui.Model)]] with attributes [[authorize: 'hasRole('ROLE_HCP') or hasRole('ROLE_ADMIN')', filter: 'null', filterTarget: 'null']]
06:58:20.402 [main] DEBUG o.s.a.f.a.InfrastructureAdvisorAutoProxyCreator - Creating implicit proxy for bean 'userController' with 0 common interceptors and 1 specific interceptors
06:58:20.402 [main] DEBUG o.s.aop.framework.CglibAopProxy - Creating CGLIB proxy: target source is SingletonTargetSource for target object [edu.ncsu.csc.itrust2.controllers.personnel.UserController@3653b53e]
06:58:20.402 [main] DEBUG o.s.aop.framework.CglibAopProxy - Unable to apply any optimisations to advised method: public java.lang.String edu.ncsu.csc.itrust2.controllers.personnel.UserController.viewDemographics(org.springframework.ui.Model)
06:58:20.402 [main] DEBUG o.s.s.a.p.PrePostAnnotationSecurityMetadataSource - @org.springframework.security.access.prepost.PreAuthorize(value=hasRole('ROLE_HCP') or hasRole('ROLE_ADMIN')) found on specific method: public java.lang.String edu.ncsu.csc.itrust2.controllers.personnel.UserController.demographicsSubmit(edu.ncsu.csc.itrust2.forms.personnel.PersonnelForm,org.springframework.validation.BindingResult,org.springframework.ui.Model)
06:58:20.402 [main] DEBUG o.s.s.a.m.DelegatingMethodSecurityMetadataSource - Caching method [CacheKey[edu.ncsu.csc.itrust2.controllers.personnel.UserController; public java.lang.String edu.ncsu.csc.itrust2.controllers.personnel.UserController.demographicsSubmit(edu.ncsu.csc.itrust2.forms.personnel.PersonnelForm,org.springframework.validation.BindingResult,org.springframework.ui.Model)]] with attributes [[authorize: 'hasRole('ROLE_HCP') or hasRole('ROLE_ADMIN')', filter: 'null', filterTarget: 'null']]
06:58:20.402 [main] DEBUG o.s.aop.framework.CglibAopProxy - Unable to apply any optimisations to advised method: public java.lang.String edu.ncsu.csc.itrust2.controllers.personnel.UserController.demographicsSubmit(edu.ncsu.csc.itrust2.forms.personnel.PersonnelForm,org.springframework.validation.BindingResult,org.springframework.ui.Model)
06:58:20.402 [main] DEBUG o.s.aop.framework.CglibAopProxy - Found 'equals' method: public boolean java.lang.Object.equals(java.lang.Object)
06:58:20.402 [main] DEBUG o.s.aop.framework.CglibAopProxy - Unable to apply any optimisations to advised method: public java.lang.String java.lang.Object.toString()
06:58:20.402 [main] DEBUG o.s.aop.framework.CglibAopProxy - Found 'hashCode' method: public native int java.lang.Object.hashCode()
06:58:20.402 [main] DEBUG o.s.aop.framework.CglibAopProxy - Unable to apply any optimisations to advised method: protected native java.lang.Object java.lang.Object.clone() throws java.lang.CloneNotSupportedException
06:58:20.402 [main] DEBUG o.s.aop.framework.CglibAopProxy - Method is declared on Advised interface: public abstract org.springframework.aop.TargetSource org.springframework.aop.framework.Advised.getTargetSource()
06:58:20.402 [main] DEBUG o.s.aop.framework.CglibAopProxy - Method is declared on Advised interface: public abstract boolean org.springframework.aop.framework.Advised.isProxyTargetClass()
06:58:20.402 [main] DEBUG o.s.aop.framework.CglibAopProxy - Method is declared on Advised interface: public abstract void org.springframework.aop.framework.Advised.addAdvisor(org.springframework.aop.Advisor) throws org.springframework.aop.framework.AopConfigException
06:58:20.402 [main] DEBUG o.s.aop.framework.CglibAopProxy - Method is declared on Advised interface: public abstract void org.springframework.aop.framework.Advised.addAdvisor(int,org.springframework.aop.Advisor) throws org.springframework.aop.framework.AopConfigException
06:58:20.402 [main] DEBUG o.s.aop.framework.CglibAopProxy - Method is declared on Advised interface: public abstract void org.springframework.aop.framework.Advised.setPreFiltered(boolean)
06:58:20.402 [main] DEBUG o.s.aop.framework.CglibAopProxy - Method is declared on Advised interface: public abstract void org.springframework.aop.framework.Advised.setExposeProxy(boolean)
06:58:20.402 [main] DEBUG o.s.aop.framework.CglibAopProxy - Method is declared on Advised interface: public abstract boolean org.springframework.aop.framework.Advised.isExposeProxy()
06:58:20.403 [main] DEBUG o.s.aop.framework.CglibAopProxy - Method is declared on Advised interface: public abstract void org.springframework.aop.framework.Advised.addAdvice(org.aopalliance.aop.Advice) throws org.springframework.aop.framework.AopConfigException
06:58:20.403 [main] DEBUG o.s.aop.framework.CglibAopProxy - Method is declared on Advised interface: public abstract void org.springframework.aop.framework.Advised.addAdvice(int,org.aopalliance.aop.Advice) throws org.springframework.aop.framework.AopConfigException
06:58:20.403 [main] DEBUG o.s.aop.framework.CglibAopProxy - Method is declared on Advised interface: public abstract boolean org.springframework.aop.framework.Advised.isPreFiltered()
06:58:20.403 [main] DEBUG o.s.aop.framework.CglibAopProxy - Method is declared on Advised interface: public abstract java.lang.Class[] org.springframework.aop.framework.Advised.getProxiedInterfaces()
06:58:20.403 [main] DEBUG o.s.aop.framework.CglibAopProxy - Method is declared on Advised interface: public abstract boolean org.springframework.aop.framework.Advised.isInterfaceProxied(java.lang.Class)
06:58:20.403 [main] DEBUG o.s.aop.framework.CglibAopProxy - Method is declared on Advised interface: public abstract org.springframework.aop.Advisor[] org.springframework.aop.framework.Advised.getAdvisors()
06:58:20.403 [main] DEBUG o.s.aop.framework.CglibAopProxy - Method is declared on Advised interface: public abstract boolean org.springframework.aop.framework.Advised.removeAdvisor(org.springframework.aop.Advisor)
06:58:20.403 [main] DEBUG o.s.aop.framework.CglibAopProxy - Method is declared on Advised interface: public abstract void org.springframework.aop.framework.Advised.removeAdvisor(int) throws org.springframework.aop.framework.AopConfigException
06:58:20.403 [main] DEBUG o.s.aop.framework.CglibAopProxy - Method is declared on Advised interface: public abstract boolean org.springframework.aop.framework.Advised.replaceAdvisor(org.springframework.aop.Advisor,org.springframework.aop.Advisor) throws org.springframework.aop.framework.AopConfigException
06:58:20.403 [main] DEBUG o.s.aop.framework.CglibAopProxy - Method is declared on Advised interface: public abstract boolean org.springframework.aop.framework.Advised.removeAdvice(org.aopalliance.aop.Advice)
06:58:20.403 [main] DEBUG o.s.aop.framework.CglibAopProxy - Method is declared on Advised interface: public abstract java.lang.String org.springframework.aop.framework.Advised.toProxyConfigString()
06:58:20.403 [main] DEBUG o.s.aop.framework.CglibAopProxy - Method is declared on Advised interface: public abstract void org.springframework.aop.framework.Advised.setTargetSource(org.springframework.aop.TargetSource)
06:58:20.403 [main] DEBUG o.s.aop.framework.CglibAopProxy - Method is declared on Advised interface: public abstract int org.springframework.aop.framework.Advised.indexOf(org.aopalliance.aop.Advice)
06:58:20.403 [main] DEBUG o.s.aop.framework.CglibAopProxy - Method is declared on Advised interface: public abstract int org.springframework.aop.framework.Advised.indexOf(org.springframework.aop.Advisor)
06:58:20.403 [main] DEBUG o.s.aop.framework.CglibAopProxy - Method is declared on Advised interface: public abstract boolean org.springframework.aop.framework.Advised.isFrozen()
06:58:20.403 [main] DEBUG o.s.aop.framework.CglibAopProxy - Method is declared on Advised interface: public abstract java.lang.Class org.springframework.aop.TargetClassAware.getTargetClass()
06:58:20.408 [main] DEBUG o.s.b.f.s.DefaultListableBeanFactory - Finished creating instance of bean 'userController'
06:58:20.408 [main] DEBUG o.s.b.f.s.DefaultListableBeanFactory - Returning cached instance of singleton bean 'dataSource'
06:58:20.408 [main] DEBUG o.s.b.f.s.DefaultListableBeanFactory - Returning cached instance of singleton bean 'org.springframework.security.config.annotation.configuration.ObjectPostProcessorConfiguration'
06:58:20.408 [main] DEBUG o.s.b.f.s.DefaultListableBeanFactory - Returning cached instance of singleton bean 'objectPostProcessor'
06:58:20.408 [main] DEBUG o.s.b.f.s.DefaultListableBeanFactory - Returning cached instance of singleton bean 'org.springframework.security.config.annotation.authentication.configuration.AuthenticationConfiguration'
06:58:20.408 [main] DEBUG o.s.b.f.s.DefaultListableBeanFactory - Returning cached instance of singleton bean 'authenticationManagerBuilder'
06:58:20.408 [main] DEBUG o.s.b.f.s.DefaultListableBeanFactory - Returning cached instance of singleton bean 'enableGlobalAuthenticationAutowiredConfigurer'
06:58:20.408 [main] DEBUG o.s.b.f.s.DefaultListableBeanFactory - Returning cached instance of singleton bean 'initializeUserDetailsBeanManagerConfigurer'
06:58:20.408 [main] DEBUG o.s.b.f.s.DefaultListableBeanFactory - Returning cached instance of singleton bean 'initializeAuthenticationProviderBeanManagerConfigurer'
06:58:20.408 [main] DEBUG o.s.b.f.s.DefaultListableBeanFactory - Creating shared instance of singleton bean 'org.springframework.security.config.annotation.web.configuration.WebSecurityConfiguration'
06:58:20.408 [main] DEBUG o.s.b.f.s.DefaultListableBeanFactory - Creating instance of bean 'org.springframework.security.config.annotation.web.configuration.WebSecurityConfiguration'
06:58:20.410 [main] DEBUG o.s.b.f.annotation.InjectionMetadata - Registered injected element on class [org.springframework.security.config.annotation.web.configuration.WebSecurityConfiguration$$EnhancerBySpringCGLIB$$29ebc26c]: AutowiredFieldElement for private org.springframework.security.config.annotation.ObjectPostProcessor org.springframework.security.config.annotation.web.configuration.WebSecurityConfiguration.objectObjectPostProcessor
06:58:20.411 [main] DEBUG o.s.b.f.annotation.InjectionMetadata - Registered injected element on class [org.springframework.security.config.annotation.web.configuration.WebSecurityConfiguration$$EnhancerBySpringCGLIB$$29ebc26c]: AutowiredMethodElement for public void org.springframework.security.config.annotation.web.configuration.WebSecurityConfiguration.setFilterChainProxySecurityConfigurer(org.springframework.security.config.annotation.ObjectPostProcessor,java.util.List) throws java.lang.Exception
06:58:20.411 [main] DEBUG o.s.b.f.s.DefaultListableBeanFactory - Eagerly caching bean 'org.springframework.security.config.annotation.web.configuration.WebSecurityConfiguration' to allow for resolving potential circular references
06:58:20.411 [main] DEBUG o.s.b.f.annotation.InjectionMetadata - Processing injected element of bean 'org.springframework.security.config.annotation.web.configuration.WebSecurityConfiguration': AutowiredFieldElement for private org.springframework.security.config.annotation.ObjectPostProcessor org.springframework.security.config.annotation.web.configuration.WebSecurityConfiguration.objectObjectPostProcessor
06:58:20.411 [main] DEBUG o.s.b.f.s.DefaultListableBeanFactory - Returning cached instance of singleton bean 'objectPostProcessor'
06:58:20.411 [main] DEBUG o.s.b.f.a.AutowiredAnnotationBeanPostProcessor - Autowiring by type from bean name 'org.springframework.security.config.annotation.web.configuration.WebSecurityConfiguration' to bean named 'objectPostProcessor'
06:58:20.411 [main] DEBUG o.s.b.f.annotation.InjectionMetadata - Processing injected element of bean 'org.springframework.security.config.annotation.web.configuration.WebSecurityConfiguration': AutowiredMethodElement for public void org.springframework.security.config.annotation.web.configuration.WebSecurityConfiguration.setFilterChainProxySecurityConfigurer(org.springframework.security.config.annotation.ObjectPostProcessor,java.util.List) throws java.lang.Exception
06:58:20.411 [main] DEBUG o.s.b.f.s.DefaultListableBeanFactory - Returning cached instance of singleton bean 'objectPostProcessor'
06:58:20.412 [main] DEBUG o.s.b.f.s.DefaultListableBeanFactory - Creating shared instance of singleton bean 'autowiredWebSecurityConfigurersIgnoreParents'
06:58:20.412 [main] DEBUG o.s.b.f.s.DefaultListableBeanFactory - Creating instance of bean 'autowiredWebSecurityConfigurersIgnoreParents'
06:58:20.412 [main] DEBUG o.s.b.f.s.DefaultListableBeanFactory - Returning cached instance of singleton bean 'metaDataSourceAdvisor'
06:58:20.413 [main] DEBUG o.s.b.f.s.DefaultListableBeanFactory - Returning eagerly cached instance of singleton bean 'org.springframework.security.config.annotation.web.configuration.WebSecurityConfiguration' that is not fully initialized yet - a consequence of a circular reference
06:58:20.414 [main] DEBUG o.s.b.f.s.DefaultListableBeanFactory - Autowiring by type from bean name 'autowiredWebSecurityConfigurersIgnoreParents' via factory method to bean named 'org.springframework.beans.factory.support.DefaultListableBeanFactory@3eaf4149'
06:58:20.414 [main] DEBUG o.s.b.f.s.DefaultListableBeanFactory - Eagerly caching bean 'autowiredWebSecurityConfigurersIgnoreParents' to allow for resolving potential circular references
06:58:20.414 [main] DEBUG o.s.b.f.s.DefaultListableBeanFactory - Returning cached instance of singleton bean 'metaDataSourceAdvisor'
06:58:20.414 [main] DEBUG o.s.b.f.s.DefaultListableBeanFactory - Finished creating instance of bean 'autowiredWebSecurityConfigurersIgnoreParents'
06:58:20.415 [main] DEBUG o.s.b.f.s.DefaultListableBeanFactory - Returning cached instance of singleton bean 'securityConfig'
06:58:20.415 [main] DEBUG o.s.b.f.a.AutowiredAnnotationBeanPostProcessor - Autowiring by type from bean name 'org.springframework.security.config.annotation.web.configuration.WebSecurityConfiguration' to bean named 'objectPostProcessor'
06:58:20.416 [main] DEBUG o.s.b.f.s.DefaultListableBeanFactory - Returning cached instance of singleton bean 'metaDataSourceAdvisor'
06:58:20.419 [main] DEBUG o.s.b.f.s.DefaultListableBeanFactory - Returning cached instance of singleton bean 'org.springframework.context.annotation.ConfigurationClassPostProcessor.importRegistry'
06:58:20.419 [main] DEBUG o.s.b.f.s.DefaultListableBeanFactory - Finished creating instance of bean 'org.springframework.security.config.annotation.web.configuration.WebSecurityConfiguration'
06:58:20.420 [main] DEBUG o.s.b.f.s.DefaultListableBeanFactory - Creating shared instance of singleton bean 'delegatingApplicationListener'
06:58:20.420 [main] DEBUG o.s.b.f.s.DefaultListableBeanFactory - Creating instance of bean 'delegatingApplicationListener'
06:58:20.420 [main] DEBUG o.s.b.f.s.DefaultListableBeanFactory - Eagerly caching bean 'delegatingApplicationListener' to allow for resolving potential circular references
06:58:20.421 [main] DEBUG o.s.b.f.s.DefaultListableBeanFactory - Returning cached instance of singleton bean 'metaDataSourceAdvisor'
06:58:20.421 [main] DEBUG o.s.b.f.s.DefaultListableBeanFactory - Finished creating instance of bean 'delegatingApplicationListener'
06:58:20.421 [main] DEBUG o.s.b.f.s.DefaultListableBeanFactory - Creating shared instance of singleton bean 'springSecurityFilterChain'
06:58:20.421 [main] DEBUG o.s.b.f.s.DefaultListableBeanFactory - Creating instance of bean 'springSecurityFilterChain'
06:58:20.421 [main] DEBUG o.s.b.f.s.DefaultListableBeanFactory - Returning cached instance of singleton bean 'org.springframework.security.config.annotation.web.configuration.WebSecurityConfiguration'
06:58:20.421 [main] DEBUG o.s.b.f.s.DefaultListableBeanFactory - Returning cached instance of singleton bean 'metaDataSourceAdvisor'
06:58:20.422 [main] DEBUG o.s.b.f.s.DefaultListableBeanFactory - Returning cached instance of singleton bean 'webMvcConfiguration'
06:58:20.422 [main] DEBUG o.s.b.f.s.DefaultListableBeanFactory - Returning cached instance of singleton bean 'securityConfig'
06:58:20.422 [main] DEBUG o.s.s.c.a.a.c.AuthenticationConfiguration$EnableGlobalAuthenticationAutowiredConfigurer - Eagerly initializing {webMvcConfiguration=edu.ncsu.csc.itrust2.mvc.config.WebMvcConfiguration$$EnhancerBySpringCGLIB$$f35e4a5b@e3cdae6, securityConfig=edu.ncsu.csc.itrust2.config.SecurityConfig$$EnhancerBySpringCGLIB$$d7313e7@52daa3c5}
06:58:20.422 [main] DEBUG o.s.b.f.s.DefaultListableBeanFactory - Invoking afterPropertiesSet() on bean with name 'org.springframework.security.authentication.dao.DaoAuthenticationProvider@3520b595'
06:58:20.422 [main] DEBUG o.s.b.f.s.DefaultListableBeanFactory - Returning cached instance of singleton bean 'metaDataSourceAdvisor'
06:58:20.425 [main] DEBUG o.s.b.f.s.DefaultListableBeanFactory - Invoking afterPropertiesSet() on bean with name 'org.springframework.security.authentication.ProviderManager@4b9adb3b'
06:58:20.425 [main] DEBUG o.s.b.f.s.DefaultListableBeanFactory - Returning cached instance of singleton bean 'metaDataSourceAdvisor'
06:58:20.427 [main] DEBUG o.s.b.f.s.DefaultListableBeanFactory - Returning cached instance of singleton bean 'authenticationManagerBuilder'
06:58:20.427 [main] DEBUG o.s.w.c.s.StandardServletEnvironment - Adding [servletConfigInitParams] PropertySource with lowest search precedence
06:58:20.427 [main] DEBUG o.s.w.c.s.StandardServletEnvironment - Adding [servletContextInitParams] PropertySource with lowest search precedence
06:58:20.428 [main] DEBUG o.s.w.c.s.StandardServletEnvironment - Adding [systemProperties] PropertySource with lowest search precedence
06:58:20.428 [main] DEBUG o.s.w.c.s.StandardServletEnvironment - Adding [systemEnvironment] PropertySource with lowest search precedence
06:58:20.428 [main] DEBUG o.s.w.c.s.StandardServletEnvironment - Initialized StandardServletEnvironment with PropertySources [servletConfigInitParams,servletContextInitParams,systemProperties,systemEnvironment]
06:58:20.428 [main] DEBUG o.s.w.c.s.StandardServletEnvironment - Adding [servletConfigInitParams] PropertySource with lowest search precedence
06:58:20.428 [main] DEBUG o.s.w.c.s.StandardServletEnvironment - Adding [servletContextInitParams] PropertySource with lowest search precedence
06:58:20.428 [main] DEBUG o.s.w.c.s.StandardServletEnvironment - Adding [systemProperties] PropertySource with lowest search precedence
06:58:20.428 [main] DEBUG o.s.w.c.s.StandardServletEnvironment - Adding [systemEnvironment] PropertySource with lowest search precedence
06:58:20.428 [main] DEBUG o.s.w.c.s.StandardServletEnvironment - Initialized StandardServletEnvironment with PropertySources [servletConfigInitParams,servletContextInitParams,systemProperties,systemEnvironment]
06:58:20.428 [main] DEBUG o.s.w.c.s.StandardServletEnvironment - Adding [servletConfigInitParams] PropertySource with lowest search precedence
06:58:20.428 [main] DEBUG o.s.w.c.s.StandardServletEnvironment - Adding [servletContextInitParams] PropertySource with lowest search precedence
06:58:20.428 [main] DEBUG o.s.w.c.s.StandardServletEnvironment - Adding [systemProperties] PropertySource with lowest search precedence
06:58:20.428 [main] DEBUG o.s.w.c.s.StandardServletEnvironment - Adding [systemEnvironment] PropertySource with lowest search precedence
06:58:20.428 [main] DEBUG o.s.w.c.s.StandardServletEnvironment - Initialized StandardServletEnvironment with PropertySources [servletConfigInitParams,servletContextInitParams,systemProperties,systemEnvironment]
06:58:20.429 [main] DEBUG o.s.b.f.s.DefaultListableBeanFactory - Creating shared instance of singleton bean 'ipBlockFilter'
06:58:20.429 [main] DEBUG o.s.b.f.s.DefaultListableBeanFactory - Creating instance of bean 'ipBlockFilter'
06:58:20.429 [main] DEBUG o.s.b.f.s.DefaultListableBeanFactory - Returning cached instance of singleton bean 'securityConfig'
06:58:20.430 [main] DEBUG o.s.w.c.s.StandardServletEnvironment - Adding [servletConfigInitParams] PropertySource with lowest search precedence
06:58:20.430 [main] DEBUG o.s.w.c.s.StandardServletEnvironment - Adding [servletContextInitParams] PropertySource with lowest search precedence
06:58:20.430 [main] DEBUG o.s.w.c.s.StandardServletEnvironment - Adding [systemProperties] PropertySource with lowest search precedence
06:58:20.430 [main] DEBUG o.s.w.c.s.StandardServletEnvironment - Adding [systemEnvironment] PropertySource with lowest search precedence
06:58:20.430 [main] DEBUG o.s.w.c.s.StandardServletEnvironment - Initialized StandardServletEnvironment with PropertySources [servletConfigInitParams,servletContextInitParams,systemProperties,systemEnvironment]
06:58:20.430 [main] DEBUG o.s.b.f.s.DefaultListableBeanFactory - Eagerly caching bean 'ipBlockFilter' to allow for resolving potential circular references
06:58:20.434 [main] DEBUG o.s.b.f.s.DefaultListableBeanFactory - Invoking afterPropertiesSet() on bean with name 'ipBlockFilter'
06:58:20.434 [main] DEBUG o.s.b.f.s.DefaultListableBeanFactory - Returning cached instance of singleton bean 'metaDataSourceAdvisor'
06:58:20.435 [main] DEBUG o.s.b.f.s.DefaultListableBeanFactory - Finished creating instance of bean 'ipBlockFilter'
06:58:20.435 [main] DEBUG o.s.w.c.s.StandardServletEnvironment - Adding [servletConfigInitParams] PropertySource with lowest search precedence
06:58:20.435 [main] DEBUG o.s.w.c.s.StandardServletEnvironment - Adding [servletContextInitParams] PropertySource with lowest search precedence
06:58:20.435 [main] DEBUG o.s.w.c.s.StandardServletEnvironment - Adding [systemProperties] PropertySource with lowest search precedence
06:58:20.435 [main] DEBUG o.s.w.c.s.StandardServletEnvironment - Adding [systemEnvironment] PropertySource with lowest search precedence
06:58:20.435 [main] DEBUG o.s.w.c.s.StandardServletEnvironment - Initialized StandardServletEnvironment with PropertySources [servletConfigInitParams,servletContextInitParams,systemProperties,systemEnvironment]
06:58:20.436 [main] DEBUG o.s.b.f.s.DefaultListableBeanFactory - Creating shared instance of singleton bean 'failureHandler'
06:58:20.436 [main] DEBUG o.s.b.f.s.DefaultListableBeanFactory - Creating instance of bean 'failureHandler'
06:58:20.436 [main] DEBUG o.s.b.f.s.DefaultListableBeanFactory - Returning cached instance of singleton bean 'securityConfig'
06:58:20.436 [main] DEBUG o.s.b.f.s.DefaultListableBeanFactory - Eagerly caching bean 'failureHandler' to allow for resolving potential circular references
06:58:20.437 [main] DEBUG o.s.b.f.s.DefaultListableBeanFactory - Returning cached instance of singleton bean 'metaDataSourceAdvisor'
06:58:20.437 [main] DEBUG o.s.b.f.s.DefaultListableBeanFactory - Finished creating instance of bean 'failureHandler'
06:58:20.438 [main] INFO  o.s.s.web.DefaultSecurityFilterChain - Creating filter chain: Ant [pattern='/api/v1/requestPasswordReset'], []
06:58:20.438 [main] INFO  o.s.s.web.DefaultSecurityFilterChain - Creating filter chain: Ant [pattern='/api/v1/resetPassword/*'], []
06:58:20.438 [main] INFO  o.s.s.web.DefaultSecurityFilterChain - Creating filter chain: Ant [pattern='/requestPasswordReset'], []
06:58:20.438 [main] INFO  o.s.s.web.DefaultSecurityFilterChain - Creating filter chain: Ant [pattern='/resetPassword'], []
06:58:20.438 [main] DEBUG o.s.b.f.s.DefaultListableBeanFactory - Returning cached instance of singleton bean 'metaDataSourceAdvisor'
06:58:20.440 [main] DEBUG o.s.b.f.s.DefaultListableBeanFactory - Returning cached instance of singleton bean 'metaDataSourceAdvisor'
06:58:20.441 [main] DEBUG o.s.w.c.s.StandardServletEnvironment - Adding [servletConfigInitParams] PropertySource with lowest search precedence
06:58:20.441 [main] DEBUG o.s.w.c.s.StandardServletEnvironment - Adding [servletContextInitParams] PropertySource with lowest search precedence
06:58:20.441 [main] DEBUG o.s.w.c.s.StandardServletEnvironment - Adding [systemProperties] PropertySource with lowest search precedence
06:58:20.441 [main] DEBUG o.s.w.c.s.StandardServletEnvironment - Adding [systemEnvironment] PropertySource with lowest search precedence
06:58:20.441 [main] DEBUG o.s.w.c.s.StandardServletEnvironment - Initialized StandardServletEnvironment with PropertySources [servletConfigInitParams,servletContextInitParams,systemProperties,systemEnvironment]
06:58:20.441 [main] DEBUG o.s.b.f.s.DefaultListableBeanFactory - Returning cached instance of singleton bean 'metaDataSourceAdvisor'
06:58:20.443 [main] DEBUG o.s.b.f.s.DefaultListableBeanFactory - Invoking afterPropertiesSet() on bean with name 'org.springframework.security.web.authentication.LoginUrlAuthenticationEntryPoint@4034b7c1'
06:58:20.443 [main] DEBUG o.s.b.f.s.DefaultListableBeanFactory - Returning cached instance of singleton bean 'metaDataSourceAdvisor'
06:58:20.444 [main] DEBUG o.s.b.f.s.DefaultListableBeanFactory - Invoking afterPropertiesSet() on bean with name 'org.springframework.security.authentication.ProviderManager@4e477ca8'
06:58:20.445 [main] DEBUG o.s.b.f.s.DefaultListableBeanFactory - Returning cached instance of singleton bean 'metaDataSourceAdvisor'
06:58:20.445 [main] DEBUG o.s.w.c.s.StandardServletEnvironment - Adding [servletConfigInitParams] PropertySource with lowest search precedence
06:58:20.445 [main] DEBUG o.s.w.c.s.StandardServletEnvironment - Adding [servletContextInitParams] PropertySource with lowest search precedence
06:58:20.445 [main] DEBUG o.s.w.c.s.StandardServletEnvironment - Adding [systemProperties] PropertySource with lowest search precedence
06:58:20.445 [main] DEBUG o.s.w.c.s.StandardServletEnvironment - Adding [systemEnvironment] PropertySource with lowest search precedence
06:58:20.445 [main] DEBUG o.s.w.c.s.StandardServletEnvironment - Initialized StandardServletEnvironment with PropertySources [servletConfigInitParams,servletContextInitParams,systemProperties,systemEnvironment]
06:58:20.445 [main] DEBUG o.s.b.f.s.DefaultListableBeanFactory - Invoking afterPropertiesSet() on bean with name 'org.springframework.security.web.csrf.CsrfFilter@5c93c0ce'
06:58:20.445 [main] DEBUG o.s.b.f.s.DefaultListableBeanFactory - Returning cached instance of singleton bean 'metaDataSourceAdvisor'
06:58:20.450 [main] DEBUG o.s.w.c.s.StandardServletEnvironment - Adding [servletConfigInitParams] PropertySource with lowest search precedence
06:58:20.450 [main] DEBUG o.s.w.c.s.StandardServletEnvironment - Adding [servletContextInitParams] PropertySource with lowest search precedence
06:58:20.450 [main] DEBUG o.s.w.c.s.StandardServletEnvironment - Adding [systemProperties] PropertySource with lowest search precedence
06:58:20.450 [main] DEBUG o.s.w.c.s.StandardServletEnvironment - Adding [systemEnvironment] PropertySource with lowest search precedence
06:58:20.450 [main] DEBUG o.s.w.c.s.StandardServletEnvironment - Initialized StandardServletEnvironment with PropertySources [servletConfigInitParams,servletContextInitParams,systemProperties,systemEnvironment]
06:58:20.450 [main] DEBUG o.s.b.f.s.DefaultListableBeanFactory - Invoking afterPropertiesSet() on bean with name 'org.springframework.security.web.access.ExceptionTranslationFilter@397cee22'
06:58:20.450 [main] DEBUG o.s.b.f.s.DefaultListableBeanFactory - Returning cached instance of singleton bean 'metaDataSourceAdvisor'
06:58:20.455 [main] DEBUG o.s.w.c.s.StandardServletEnvironment - Adding [servletConfigInitParams] PropertySource with lowest search precedence
06:58:20.455 [main] DEBUG o.s.w.c.s.StandardServletEnvironment - Adding [servletContextInitParams] PropertySource with lowest search precedence
06:58:20.455 [main] DEBUG o.s.w.c.s.StandardServletEnvironment - Adding [systemProperties] PropertySource with lowest search precedence
06:58:20.455 [main] DEBUG o.s.w.c.s.StandardServletEnvironment - Adding [systemEnvironment] PropertySource with lowest search precedence
06:58:20.455 [main] DEBUG o.s.w.c.s.StandardServletEnvironment - Initialized StandardServletEnvironment with PropertySources [servletConfigInitParams,servletContextInitParams,systemProperties,systemEnvironment]
06:58:20.455 [main] DEBUG o.s.b.f.s.DefaultListableBeanFactory - Invoking afterPropertiesSet() on bean with name 'org.springframework.security.web.header.HeaderWriterFilter@5d4281b6'
06:58:20.455 [main] DEBUG o.s.b.f.s.DefaultListableBeanFactory - Returning cached instance of singleton bean 'metaDataSourceAdvisor'
06:58:20.459 [main] DEBUG o.s.w.c.s.StandardServletEnvironment - Adding [servletConfigInitParams] PropertySource with lowest search precedence
06:58:20.459 [main] DEBUG o.s.w.c.s.StandardServletEnvironment - Adding [servletContextInitParams] PropertySource with lowest search precedence
06:58:20.459 [main] DEBUG o.s.w.c.s.StandardServletEnvironment - Adding [systemProperties] PropertySource with lowest search precedence
06:58:20.459 [main] DEBUG o.s.w.c.s.StandardServletEnvironment - Adding [systemEnvironment] PropertySource with lowest search precedence
06:58:20.459 [main] DEBUG o.s.w.c.s.StandardServletEnvironment - Initialized StandardServletEnvironment with PropertySources [servletConfigInitParams,servletContextInitParams,systemProperties,systemEnvironment]
06:58:20.460 [main] DEBUG o.s.b.f.s.DefaultListableBeanFactory - Invoking afterPropertiesSet() on bean with name 'org.springframework.security.web.session.SessionManagementFilter@2815148a'
06:58:20.460 [main] DEBUG o.s.b.f.s.DefaultListableBeanFactory - Returning cached instance of singleton bean 'metaDataSourceAdvisor'
06:58:20.462 [main] DEBUG o.s.w.c.s.StandardServletEnvironment - Adding [servletConfigInitParams] PropertySource with lowest search precedence
06:58:20.462 [main] DEBUG o.s.w.c.s.StandardServletEnvironment - Adding [servletContextInitParams] PropertySource with lowest search precedence
06:58:20.462 [main] DEBUG o.s.w.c.s.StandardServletEnvironment - Adding [systemProperties] PropertySource with lowest search precedence
06:58:20.462 [main] DEBUG o.s.w.c.s.StandardServletEnvironment - Adding [systemEnvironment] PropertySource with lowest search precedence
06:58:20.462 [main] DEBUG o.s.w.c.s.StandardServletEnvironment - Initialized StandardServletEnvironment with PropertySources [servletConfigInitParams,servletContextInitParams,systemProperties,systemEnvironment]
06:58:20.462 [main] DEBUG o.s.b.f.s.DefaultListableBeanFactory - Invoking afterPropertiesSet() on bean with name 'org.springframework.security.web.context.SecurityContextPersistenceFilter@6ac224f6'
06:58:20.462 [main] DEBUG o.s.b.f.s.DefaultListableBeanFactory - Returning cached instance of singleton bean 'metaDataSourceAdvisor'
06:58:20.465 [main] DEBUG o.s.w.c.s.StandardServletEnvironment - Adding [servletConfigInitParams] PropertySource with lowest search precedence
06:58:20.465 [main] DEBUG o.s.w.c.s.StandardServletEnvironment - Adding [servletContextInitParams] PropertySource with lowest search precedence
06:58:20.465 [main] DEBUG o.s.w.c.s.StandardServletEnvironment - Adding [systemProperties] PropertySource with lowest search precedence
06:58:20.465 [main] DEBUG o.s.w.c.s.StandardServletEnvironment - Adding [systemEnvironment] PropertySource with lowest search precedence
06:58:20.465 [main] DEBUG o.s.w.c.s.StandardServletEnvironment - Initialized StandardServletEnvironment with PropertySources [servletConfigInitParams,servletContextInitParams,systemProperties,systemEnvironment]
06:58:20.465 [main] DEBUG o.s.b.f.s.DefaultListableBeanFactory - Invoking afterPropertiesSet() on bean with name 'org.springframework.security.web.savedrequest.RequestCacheAwareFilter@3491ca72'
06:58:20.465 [main] DEBUG o.s.b.f.s.DefaultListableBeanFactory - Returning cached instance of singleton bean 'metaDataSourceAdvisor'
06:58:20.468 [main] DEBUG o.s.b.f.s.DefaultListableBeanFactory - Invoking afterPropertiesSet() on bean with name 'org.springframework.security.web.servletapi.SecurityContextHolderAwareRequestFilter@7d97a267'
06:58:20.468 [main] DEBUG o.s.b.f.s.DefaultListableBeanFactory - Returning cached instance of singleton bean 'metaDataSourceAdvisor'
06:58:20.471 [main] DEBUG o.s.w.c.s.StandardServletEnvironment - Adding [servletConfigInitParams] PropertySource with lowest search precedence
06:58:20.471 [main] DEBUG o.s.w.c.s.StandardServletEnvironment - Adding [servletContextInitParams] PropertySource with lowest search precedence
06:58:20.472 [main] DEBUG o.s.w.c.s.StandardServletEnvironment - Adding [systemProperties] PropertySource with lowest search precedence
06:58:20.472 [main] DEBUG o.s.w.c.s.StandardServletEnvironment - Adding [systemEnvironment] PropertySource with lowest search precedence
06:58:20.472 [main] DEBUG o.s.w.c.s.StandardServletEnvironment - Initialized StandardServletEnvironment with PropertySources [servletConfigInitParams,servletContextInitParams,systemProperties,systemEnvironment]
06:58:20.472 [main] DEBUG o.s.b.f.s.DefaultListableBeanFactory - Invoking afterPropertiesSet() on bean with name 'org.springframework.security.web.authentication.logout.LogoutFilter@7d26481b'
06:58:20.472 [main] DEBUG o.s.b.f.s.DefaultListableBeanFactory - Returning cached instance of singleton bean 'metaDataSourceAdvisor'
06:58:20.477 [main] DEBUG o.s.s.w.a.e.ExpressionBasedFilterInvocationSecurityMetadataSource - Adding web access control expression 'anonymous', for Ant [pattern='/login*']
06:58:20.477 [main] DEBUG o.s.s.w.a.e.ExpressionBasedFilterInvocationSecurityMetadataSource - Adding web access control expression 'authenticated', for org.springframework.security.web.util.matcher.AnyRequestMatcher@1
06:58:20.477 [main] DEBUG o.s.b.f.s.DefaultListableBeanFactory - Invoking afterPropertiesSet() on bean with name 'org.springframework.security.access.vote.AffirmativeBased@3cc0be32'
06:58:20.477 [main] DEBUG o.s.b.f.s.DefaultListableBeanFactory - Returning cached instance of singleton bean 'metaDataSourceAdvisor'
06:58:20.479 [main] DEBUG o.s.s.w.a.i.FilterSecurityInterceptor - Validated configuration attributes
06:58:20.479 [main] DEBUG o.s.b.f.s.DefaultListableBeanFactory - Invoking afterPropertiesSet() on bean with name 'org.springframework.security.web.access.intercept.FilterSecurityInterceptor@7464883a'
06:58:20.479 [main] DEBUG o.s.s.w.a.i.FilterSecurityInterceptor - Validated configuration attributes
06:58:20.479 [main] DEBUG o.s.b.f.s.DefaultListableBeanFactory - Returning cached instance of singleton bean 'metaDataSourceAdvisor'
06:58:20.482 [main] DEBUG o.s.b.f.s.DefaultListableBeanFactory - Invoking afterPropertiesSet() on bean with name 'org.springframework.security.web.authentication.UsernamePasswordAuthenticationFilter@4d6c99aa'
06:58:20.482 [main] DEBUG o.s.b.f.s.DefaultListableBeanFactory - Returning cached instance of singleton bean 'metaDataSourceAdvisor'
06:58:20.490 [main] INFO  o.s.s.web.DefaultSecurityFilterChain - Creating filter chain: org.springframework.security.web.util.matcher.AnyRequestMatcher@1, [edu.ncsu.csc.itrust2.config.IPFilter@1e65bba0, org.springframework.security.web.context.request.async.WebAsyncManagerIntegrationFilter@140bb14f, org.springframework.security.web.context.SecurityContextPersistenceFilter@6ac224f6, org.springframework.security.web.header.HeaderWriterFilter@5d4281b6, org.springframework.security.web.csrf.CsrfFilter@5c93c0ce, org.springframework.security.web.authentication.logout.LogoutFilter@7d26481b, org.springframework.security.web.authentication.UsernamePasswordAuthenticationFilter@4d6c99aa, org.springframework.security.web.savedrequest.RequestCacheAwareFilter@3491ca72, org.springframework.security.web.servletapi.SecurityContextHolderAwareRequestFilter@7d97a267, org.springframework.security.web.authentication.AnonymousAuthenticationFilter@4d8d522c, org.springframework.security.web.session.SessionManagementFilter@2815148a, org.springframework.security.web.access.ExceptionTranslationFilter@397cee22, org.springframework.security.web.access.intercept.FilterSecurityInterceptor@7464883a]
06:58:20.490 [main] DEBUG o.s.w.c.s.StandardServletEnvironment - Adding [servletConfigInitParams] PropertySource with lowest search precedence
06:58:20.490 [main] DEBUG o.s.w.c.s.StandardServletEnvironment - Adding [servletContextInitParams] PropertySource with lowest search precedence
06:58:20.490 [main] DEBUG o.s.w.c.s.StandardServletEnvironment - Adding [systemProperties] PropertySource with lowest search precedence
06:58:20.490 [main] DEBUG o.s.w.c.s.StandardServletEnvironment - Adding [systemEnvironment] PropertySource with lowest search precedence
06:58:20.490 [main] DEBUG o.s.w.c.s.StandardServletEnvironment - Initialized StandardServletEnvironment with PropertySources [servletConfigInitParams,servletContextInitParams,systemProperties,systemEnvironment]
06:58:20.490 [main] DEBUG o.s.b.f.s.DefaultListableBeanFactory - Eagerly caching bean 'springSecurityFilterChain' to allow for resolving potential circular references
06:58:20.493 [main] DEBUG o.s.b.f.s.DefaultListableBeanFactory - Invoking afterPropertiesSet() on bean with name 'springSecurityFilterChain'
06:58:20.494 [main] DEBUG o.s.b.f.s.DefaultListableBeanFactory - Returning cached instance of singleton bean 'metaDataSourceAdvisor'
06:58:20.494 [main] DEBUG o.s.b.f.s.DefaultListableBeanFactory - Finished creating instance of bean 'springSecurityFilterChain'
06:58:20.494 [main] DEBUG o.s.b.f.s.DefaultListableBeanFactory - Creating shared instance of singleton bean 'webSecurityExpressionHandler'
06:58:20.494 [main] DEBUG o.s.b.f.s.DefaultListableBeanFactory - Creating instance of bean 'webSecurityExpressionHandler'
06:58:20.494 [main] DEBUG o.s.b.f.s.DefaultListableBeanFactory - Returning cached instance of singleton bean 'org.springframework.security.config.annotation.web.configuration.WebSecurityConfiguration'
06:58:20.495 [main] DEBUG o.s.b.f.s.DefaultListableBeanFactory - Eagerly caching bean 'webSecurityExpressionHandler' to allow for resolving potential circular references
06:58:20.495 [main] DEBUG o.s.b.f.s.DefaultListableBeanFactory - Finished creating instance of bean 'webSecurityExpressionHandler'
06:58:20.495 [main] DEBUG o.s.b.f.s.DefaultListableBeanFactory - Returning cached instance of singleton bean 'springSecurityFilterChain'
06:58:20.495 [main] DEBUG o.s.b.f.s.DefaultListableBeanFactory - Returning cached instance of singleton bean 'springSecurityFilterChain'
06:58:20.495 [main] DEBUG o.s.b.f.s.DefaultListableBeanFactory - Creating shared instance of singleton bean 'privilegeEvaluator'
06:58:20.495 [main] DEBUG o.s.b.f.s.DefaultListableBeanFactory - Creating instance of bean 'privilegeEvaluator'
06:58:20.496 [main] DEBUG o.s.b.f.s.DefaultListableBeanFactory - Returning cached instance of singleton bean 'org.springframework.security.config.annotation.web.configuration.WebSecurityConfiguration'
06:58:20.496 [main] DEBUG o.s.b.f.s.DefaultListableBeanFactory - Eagerly caching bean 'privilegeEvaluator' to allow for resolving potential circular references
06:58:20.497 [main] DEBUG o.s.b.f.s.DefaultListableBeanFactory - Returning cached instance of singleton bean 'metaDataSourceAdvisor'
06:58:20.497 [main] DEBUG o.s.b.f.s.DefaultListableBeanFactory - Finished creating instance of bean 'privilegeEvaluator'
06:58:20.497 [main] DEBUG o.s.b.f.s.DefaultListableBeanFactory - Returning cached instance of singleton bean 'autowiredWebSecurityConfigurersIgnoreParents'
06:58:20.497 [main] DEBUG o.s.b.f.s.DefaultListableBeanFactory - Returning cached instance of singleton bean 'org.springframework.security.config.annotation.web.configuration.WebMvcSecurityConfiguration'
06:58:20.497 [main] DEBUG o.s.b.f.s.DefaultListableBeanFactory - Creating shared instance of singleton bean 'requestDataValueProcessor'
06:58:20.497 [main] DEBUG o.s.b.f.s.DefaultListableBeanFactory - Creating instance of bean 'requestDataValueProcessor'
06:58:20.497 [main] DEBUG o.s.b.f.s.DefaultListableBeanFactory - Returning cached instance of singleton bean 'org.springframework.security.config.annotation.web.configuration.WebMvcSecurityConfiguration'
06:58:20.498 [main] DEBUG o.s.b.f.s.DefaultListableBeanFactory - Eagerly caching bean 'requestDataValueProcessor' to allow for resolving potential circular references
06:58:20.499 [main] DEBUG o.s.b.f.s.DefaultListableBeanFactory - Returning cached instance of singleton bean 'metaDataSourceAdvisor'
06:58:20.499 [main] DEBUG o.s.b.f.s.DefaultListableBeanFactory - Finished creating instance of bean 'requestDataValueProcessor'
06:58:20.499 [main] DEBUG o.s.b.f.s.DefaultListableBeanFactory - Returning cached instance of singleton bean 'passwordEncoder'
06:58:20.499 [main] DEBUG o.s.b.f.s.DefaultListableBeanFactory - Returning cached instance of singleton bean 'defaultAuthenticationEventPublisher'
06:58:20.499 [main] DEBUG o.s.b.f.s.DefaultListableBeanFactory - Returning cached instance of singleton bean 'failureHandler'
06:58:20.499 [main] DEBUG o.s.b.f.s.DefaultListableBeanFactory - Returning cached instance of singleton bean 'ipBlockFilter'
06:58:20.499 [main] DEBUG o.s.b.f.s.DefaultListableBeanFactory - Returning cached instance of singleton bean 'org.springframework.web.servlet.config.annotation.DelegatingWebMvcConfiguration'
06:58:20.499 [main] DEBUG o.s.b.f.s.DefaultListableBeanFactory - Returning cached instance of singleton bean 'mvcConversionService'
06:58:20.499 [main] DEBUG o.s.b.f.s.DefaultListableBeanFactory - Creating shared instance of singleton bean 'requestMappingHandlerMapping'
06:58:20.499 [main] DEBUG o.s.b.f.s.DefaultListableBeanFactory - Creating instance of bean 'requestMappingHandlerMapping'
06:58:20.499 [main] DEBUG o.s.b.f.s.DefaultListableBeanFactory - Returning cached instance of singleton bean 'org.springframework.web.servlet.config.annotation.DelegatingWebMvcConfiguration'
06:58:20.500 [main] DEBUG o.s.b.f.s.DefaultListableBeanFactory - Returning cached instance of singleton bean 'mvcConversionService'
06:58:20.500 [main] DEBUG o.s.b.f.s.DefaultListableBeanFactory - Creating shared instance of singleton bean 'mvcResourceUrlProvider'
06:58:20.500 [main] DEBUG o.s.b.f.s.DefaultListableBeanFactory - Creating instance of bean 'mvcResourceUrlProvider'
06:58:20.500 [main] DEBUG o.s.b.f.s.DefaultListableBeanFactory - Returning cached instance of singleton bean 'org.springframework.web.servlet.config.annotation.DelegatingWebMvcConfiguration'
06:58:20.500 [main] DEBUG o.s.b.f.s.DefaultListableBeanFactory - Eagerly caching bean 'mvcResourceUrlProvider' to allow for resolving potential circular references
06:58:20.501 [main] DEBUG o.s.b.f.s.DefaultListableBeanFactory - Returning cached instance of singleton bean 'metaDataSourceAdvisor'
06:58:20.501 [main] DEBUG o.s.b.f.s.DefaultListableBeanFactory - Finished creating instance of bean 'mvcResourceUrlProvider'
06:58:20.501 [main] DEBUG o.s.b.f.s.DefaultListableBeanFactory - Returning cached instance of singleton bean 'mvcContentNegotiationManager'
06:58:20.502 [main] DEBUG o.s.b.f.s.DefaultListableBeanFactory - Eagerly caching bean 'requestMappingHandlerMapping' to allow for resolving potential circular references
06:58:20.505 [main] DEBUG o.s.b.f.s.DefaultListableBeanFactory - Invoking afterPropertiesSet() on bean with name 'requestMappingHandlerMapping'
06:58:20.506 [main] DEBUG o.s.w.s.m.m.a.RequestMappingHandlerMapping - Looking for request mappings in application context: org.springframework.web.context.support.GenericWebApplicationContext@239dda8a: startup date [Thu Mar 22 06:58:19 UTC 2018]; root of context hierarchy
06:58:20.506 [main] DEBUG o.s.w.s.m.m.a.RequestMappingHandlerMapping - 1 request handler methods found on class edu.ncsu.csc.itrust2.controllers.DefaultController: {public org.springframework.web.servlet.view.RedirectView edu.ncsu.csc.itrust2.controllers.DefaultController.index(org.springframework.ui.Model)={[/]}}
06:58:20.506 [main] INFO  o.s.w.s.m.m.a.RequestMappingHandlerMapping - Mapped "{[/]}" onto public org.springframework.web.servlet.view.RedirectView edu.ncsu.csc.itrust2.controllers.DefaultController.index(org.springframework.ui.Model)
06:58:20.506 [main] DEBUG o.s.w.s.m.m.a.RequestMappingHandlerMapping - 1 request handler methods found on class edu.ncsu.csc.itrust2.controllers.admin.AdminController: {public java.lang.String edu.ncsu.csc.itrust2.controllers.admin.AdminController.index(org.springframework.ui.Model)={[/admin/index]}}
06:58:20.506 [main] INFO  o.s.w.s.m.m.a.RequestMappingHandlerMapping - Mapped "{[/admin/index]}" onto public java.lang.String edu.ncsu.csc.itrust2.controllers.admin.AdminController.index(org.springframework.ui.Model)
06:58:20.507 [main] DEBUG o.s.w.s.m.m.a.RequestMappingHandlerMapping - 5 request handler methods found on class edu.ncsu.csc.itrust2.controllers.admin.AdminUserController: {public java.lang.String edu.ncsu.csc.itrust2.controllers.admin.AdminUserController.deleteUser(org.springframework.ui.Model)={[/admin/deleteUser]}, public java.lang.String edu.ncsu.csc.itrust2.controllers.admin.AdminUserController.deleteUserSubmit(edu.ncsu.csc.itrust2.forms.admin.DeleteUserForm,org.springframework.validation.BindingResult,org.springframework.ui.Model)={[/admin/deleteUser],methods=[POST]}, public java.lang.String edu.ncsu.csc.itrust2.controllers.admin.AdminUserController.addUserSubmit(edu.ncsu.csc.itrust2.forms.admin.UserForm,org.springframework.validation.BindingResult,org.springframework.ui.Model)={[/admin/addUser],methods=[POST]}, public java.lang.String edu.ncsu.csc.itrust2.controllers.admin.AdminUserController.drugs(org.springframework.ui.Model)={[/admin/drugs]}, public java.lang.String edu.ncsu.csc.itrust2.controllers.admin.AdminUserController.addUser(org.springframework.ui.Model)={[/admin/addUser]}}
06:58:20.507 [main] INFO  o.s.w.s.m.m.a.RequestMappingHandlerMapping - Mapped "{[/admin/deleteUser]}" onto public java.lang.String edu.ncsu.csc.itrust2.controllers.admin.AdminUserController.deleteUser(org.springframework.ui.Model)
06:58:20.507 [main] INFO  o.s.w.s.m.m.a.RequestMappingHandlerMapping - Mapped "{[/admin/deleteUser],methods=[POST]}" onto public java.lang.String edu.ncsu.csc.itrust2.controllers.admin.AdminUserController.deleteUserSubmit(edu.ncsu.csc.itrust2.forms.admin.DeleteUserForm,org.springframework.validation.BindingResult,org.springframework.ui.Model)
06:58:20.507 [main] INFO  o.s.w.s.m.m.a.RequestMappingHandlerMapping - Mapped "{[/admin/addUser],methods=[POST]}" onto public java.lang.String edu.ncsu.csc.itrust2.controllers.admin.AdminUserController.addUserSubmit(edu.ncsu.csc.itrust2.forms.admin.UserForm,org.springframework.validation.BindingResult,org.springframework.ui.Model)
06:58:20.507 [main] INFO  o.s.w.s.m.m.a.RequestMappingHandlerMapping - Mapped "{[/admin/drugs]}" onto public java.lang.String edu.ncsu.csc.itrust2.controllers.admin.AdminUserController.drugs(org.springframework.ui.Model)
06:58:20.507 [main] INFO  o.s.w.s.m.m.a.RequestMappingHandlerMapping - Mapped "{[/admin/addUser]}" onto public java.lang.String edu.ncsu.csc.itrust2.controllers.admin.AdminUserController.addUser(org.springframework.ui.Model)
06:58:20.507 [main] DEBUG o.s.w.s.m.m.a.RequestMappingHandlerMapping - 4 request handler methods found on class edu.ncsu.csc.itrust2.controllers.admin.HospitalController: {public java.lang.String edu.ncsu.csc.itrust2.controllers.admin.HospitalController.addHospitalSubmit(edu.ncsu.csc.itrust2.forms.admin.HospitalForm,org.springframework.validation.BindingResult,org.springframework.ui.Model)={[/admin/addHospital],methods=[POST]}, public java.lang.String edu.ncsu.csc.itrust2.controllers.admin.HospitalController.deleteHospital(org.springframework.ui.Model)={[/admin/deleteHospital]}, public java.lang.String edu.ncsu.csc.itrust2.controllers.admin.HospitalController.deleteHospitalSubmit(edu.ncsu.csc.itrust2.forms.admin.DeleteHospitalForm,org.springframework.validation.BindingResult,org.springframework.ui.Model)={[/admin/deleteHospital],methods=[POST]}, public java.lang.String edu.ncsu.csc.itrust2.controllers.admin.HospitalController.addHospital(org.springframework.ui.Model)={[/admin/addHospital]}}
06:58:20.507 [main] INFO  o.s.w.s.m.m.a.RequestMappingHandlerMapping - Mapped "{[/admin/addHospital],methods=[POST]}" onto public java.lang.String edu.ncsu.csc.itrust2.controllers.admin.HospitalController.addHospitalSubmit(edu.ncsu.csc.itrust2.forms.admin.HospitalForm,org.springframework.validation.BindingResult,org.springframework.ui.Model)
06:58:20.508 [main] INFO  o.s.w.s.m.m.a.RequestMappingHandlerMapping - Mapped "{[/admin/deleteHospital]}" onto public java.lang.String edu.ncsu.csc.itrust2.controllers.admin.HospitalController.deleteHospital(org.springframework.ui.Model)
06:58:20.508 [main] INFO  o.s.w.s.m.m.a.RequestMappingHandlerMapping - Mapped "{[/admin/deleteHospital],methods=[POST]}" onto public java.lang.String edu.ncsu.csc.itrust2.controllers.admin.HospitalController.deleteHospitalSubmit(edu.ncsu.csc.itrust2.forms.admin.DeleteHospitalForm,org.springframework.validation.BindingResult,org.springframework.ui.Model)
06:58:20.508 [main] INFO  o.s.w.s.m.m.a.RequestMappingHandlerMapping - Mapped "{[/admin/addHospital]}" onto public java.lang.String edu.ncsu.csc.itrust2.controllers.admin.HospitalController.addHospital(org.springframework.ui.Model)
06:58:20.508 [main] DEBUG o.s.w.s.m.m.a.RequestMappingHandlerMapping - 1 request handler methods found on class edu.ncsu.csc.itrust2.controllers.admin.ICDCodesController: {public java.lang.String edu.ncsu.csc.itrust2.controllers.admin.ICDCodesController.addCode(org.springframework.ui.Model)={[/admin/manageICDCodes]}}
06:58:20.508 [main] INFO  o.s.w.s.m.m.a.RequestMappingHandlerMapping - Mapped "{[/admin/manageICDCodes]}" onto public java.lang.String edu.ncsu.csc.itrust2.controllers.admin.ICDCodesController.addCode(org.springframework.ui.Model)
06:58:20.508 [main] DEBUG o.s.w.s.m.m.a.RequestMappingHandlerMapping - 6 request handler methods found on class edu.ncsu.csc.itrust2.controllers.api.APIAppointmentRequestController: {public org.springframework.http.ResponseEntity edu.ncsu.csc.itrust2.controllers.api.APIAppointmentRequestController.deleteAppointmentRequest(java.lang.Long)={[/api/v1//appointmentrequests/{id}],methods=[DELETE]}, public org.springframework.http.ResponseEntity edu.ncsu.csc.itrust2.controllers.api.APIAppointmentRequestController.updateAppointmentRequest(java.lang.Long,edu.ncsu.csc.itrust2.forms.patient.AppointmentRequestForm)={[/api/v1//appointmentrequests/{id}],methods=[PUT]}, public org.springframework.http.ResponseEntity edu.ncsu.csc.itrust2.controllers.api.APIAppointmentRequestController.deleteAppointmentRequests()={[/api/v1//appointmentrequests],methods=[DELETE]}, public org.springframework.http.ResponseEntity edu.ncsu.csc.itrust2.controllers.api.APIAppointmentRequestController.getAppointmentRequest(java.lang.Long)={[/api/v1//appointmentrequests/{id}],methods=[GET]}, public org.springframework.http.ResponseEntity edu.ncsu.csc.itrust2.controllers.api.APIAppointmentRequestController.createAppointmentRequest(edu.ncsu.csc.itrust2.forms.patient.AppointmentRequestForm)={[/api/v1//appointmentrequests],methods=[POST]}, public java.util.List edu.ncsu.csc.itrust2.controllers.api.APIAppointmentRequestController.getAppointmentRequests()={[/api/v1//appointmentrequests],methods=[GET]}}
06:58:20.508 [main] INFO  o.s.w.s.m.m.a.RequestMappingHandlerMapping - Mapped "{[/api/v1//appointmentrequests/{id}],methods=[DELETE]}" onto public org.springframework.http.ResponseEntity edu.ncsu.csc.itrust2.controllers.api.APIAppointmentRequestController.deleteAppointmentRequest(java.lang.Long)
06:58:20.508 [main] INFO  o.s.w.s.m.m.a.RequestMappingHandlerMapping - Mapped "{[/api/v1//appointmentrequests/{id}],methods=[PUT]}" onto public org.springframework.http.ResponseEntity edu.ncsu.csc.itrust2.controllers.api.APIAppointmentRequestController.updateAppointmentRequest(java.lang.Long,edu.ncsu.csc.itrust2.forms.patient.AppointmentRequestForm)
06:58:20.509 [main] INFO  o.s.w.s.m.m.a.RequestMappingHandlerMapping - Mapped "{[/api/v1//appointmentrequests],methods=[DELETE]}" onto public org.springframework.http.ResponseEntity edu.ncsu.csc.itrust2.controllers.api.APIAppointmentRequestController.deleteAppointmentRequests()
06:58:20.509 [main] INFO  o.s.w.s.m.m.a.RequestMappingHandlerMapping - Mapped "{[/api/v1//appointmentrequests/{id}],methods=[GET]}" onto public org.springframework.http.ResponseEntity edu.ncsu.csc.itrust2.controllers.api.APIAppointmentRequestController.getAppointmentRequest(java.lang.Long)
06:58:20.509 [main] INFO  o.s.w.s.m.m.a.RequestMappingHandlerMapping - Mapped "{[/api/v1//appointmentrequests],methods=[POST]}" onto public org.springframework.http.ResponseEntity edu.ncsu.csc.itrust2.controllers.api.APIAppointmentRequestController.createAppointmentRequest(edu.ncsu.csc.itrust2.forms.patient.AppointmentRequestForm)
06:58:20.509 [main] INFO  o.s.w.s.m.m.a.RequestMappingHandlerMapping - Mapped "{[/api/v1//appointmentrequests],methods=[GET]}" onto public java.util.List<edu.ncsu.csc.itrust2.models.persistent.AppointmentRequest> edu.ncsu.csc.itrust2.controllers.api.APIAppointmentRequestController.getAppointmentRequests()
06:58:20.509 [main] DEBUG o.s.w.s.m.m.a.RequestMappingHandlerMapping - 3 request handler methods found on class edu.ncsu.csc.itrust2.controllers.api.APIDiagnosisController: {public org.springframework.http.ResponseEntity edu.ncsu.csc.itrust2.controllers.api.APIDiagnosisController.getDiagnosis(java.lang.Long)={[/api/v1//diagnosis/{id}],methods=[GET]}, public java.util.List edu.ncsu.csc.itrust2.controllers.api.APIDiagnosisController.getDiagnosis()={[/api/v1//diagnoses],methods=[GET]}, public java.util.List edu.ncsu.csc.itrust2.controllers.api.APIDiagnosisController.getDiagnosesForVisit(java.lang.Long)={[/api/v1//diagnosesforvisit/{id}],methods=[GET]}}
06:58:20.509 [main] INFO  o.s.w.s.m.m.a.RequestMappingHandlerMapping - Mapped "{[/api/v1//diagnosis/{id}],methods=[GET]}" onto public org.springframework.http.ResponseEntity edu.ncsu.csc.itrust2.controllers.api.APIDiagnosisController.getDiagnosis(java.lang.Long)
06:58:20.509 [main] INFO  o.s.w.s.m.m.a.RequestMappingHandlerMapping - Mapped "{[/api/v1//diagnoses],methods=[GET]}" onto public java.util.List<edu.ncsu.csc.itrust2.models.persistent.Diagnosis> edu.ncsu.csc.itrust2.controllers.api.APIDiagnosisController.getDiagnosis()
06:58:20.509 [main] INFO  o.s.w.s.m.m.a.RequestMappingHandlerMapping - Mapped "{[/api/v1//diagnosesforvisit/{id}],methods=[GET]}" onto public java.util.List<edu.ncsu.csc.itrust2.models.persistent.Diagnosis> edu.ncsu.csc.itrust2.controllers.api.APIDiagnosisController.getDiagnosesForVisit(java.lang.Long)
06:58:20.510 [main] DEBUG o.s.w.s.m.m.a.RequestMappingHandlerMapping - 4 request handler methods found on class edu.ncsu.csc.itrust2.controllers.api.APIDrugController: {public org.springframework.http.ResponseEntity edu.ncsu.csc.itrust2.controllers.api.APIDrugController.addDrug(edu.ncsu.csc.itrust2.forms.admin.DrugForm)={[/api/v1//drugs],methods=[POST]}, public org.springframework.http.ResponseEntity edu.ncsu.csc.itrust2.controllers.api.APIDrugController.editDrug(edu.ncsu.csc.itrust2.forms.admin.DrugForm)={[/api/v1//drugs],methods=[PUT]}, public org.springframework.http.ResponseEntity edu.ncsu.csc.itrust2.controllers.api.APIDrugController.deleteDrug(java.lang.String)={[/api/v1//drugs/{id}],methods=[DELETE]}, public java.util.List edu.ncsu.csc.itrust2.controllers.api.APIDrugController.getDrugs()={[/api/v1//drugs],methods=[GET]}}
06:58:20.510 [main] INFO  o.s.w.s.m.m.a.RequestMappingHandlerMapping - Mapped "{[/api/v1//drugs],methods=[POST]}" onto public org.springframework.http.ResponseEntity edu.ncsu.csc.itrust2.controllers.api.APIDrugController.addDrug(edu.ncsu.csc.itrust2.forms.admin.DrugForm)
06:58:20.510 [main] INFO  o.s.w.s.m.m.a.RequestMappingHandlerMapping - Mapped "{[/api/v1//drugs],methods=[PUT]}" onto public org.springframework.http.ResponseEntity edu.ncsu.csc.itrust2.controllers.api.APIDrugController.editDrug(edu.ncsu.csc.itrust2.forms.admin.DrugForm)
06:58:20.510 [main] INFO  o.s.w.s.m.m.a.RequestMappingHandlerMapping - Mapped "{[/api/v1//drugs/{id}],methods=[DELETE]}" onto public org.springframework.http.ResponseEntity edu.ncsu.csc.itrust2.controllers.api.APIDrugController.deleteDrug(java.lang.String)
06:58:20.510 [main] INFO  o.s.w.s.m.m.a.RequestMappingHandlerMapping - Mapped "{[/api/v1//drugs],methods=[GET]}" onto public java.util.List<edu.ncsu.csc.itrust2.models.persistent.Drug> edu.ncsu.csc.itrust2.controllers.api.APIDrugController.getDrugs()
06:58:20.511 [main] DEBUG o.s.w.s.m.m.a.RequestMappingHandlerMapping - 7 request handler methods found on class edu.ncsu.csc.itrust2.controllers.api.APIEnumController: {public java.util.List edu.ncsu.csc.itrust2.controllers.api.APIEnumController.getEthnicity()={[/api/v1//ethnicity],methods=[GET]}, public java.util.List edu.ncsu.csc.itrust2.controllers.api.APIEnumController.getBloodTypes()={[/api/v1//bloodtype],methods=[GET]}, public java.util.List edu.ncsu.csc.itrust2.controllers.api.APIEnumController.getGenders()={[/api/v1/new val],methods=[GET]}, public java.util.List edu.ncsu.csc.itrust2.controllers.api.APIEnumController.getAppointmentTypes()={[/api/v1/new val],methods=[GET]}, public java.util.List edu.ncsu.csc.itrust2.controllers.api.APIEnumController.getStates()={[/api/v1//state],methods=[GET]}, public java.util.List edu.ncsu.csc.itrust2.controllers.api.APIEnumController.getHouseSmokingStatuses()={[/api/v1/new val],methods=[GET]}, public java.util.List edu.ncsu.csc.itrust2.controllers.api.APIEnumController.getPatientSmokingStatuses()={[/api/v1/new val],methods=[GET]}}
06:58:20.511 [main] INFO  o.s.w.s.m.m.a.RequestMappingHandlerMapping - Mapped "{[/api/v1//ethnicity],methods=[GET]}" onto public java.util.List<java.util.Map<java.lang.String, java.lang.Object>> edu.ncsu.csc.itrust2.controllers.api.APIEnumController.getEthnicity()
06:58:20.511 [main] INFO  o.s.w.s.m.m.a.RequestMappingHandlerMapping - Mapped "{[/api/v1//bloodtype],methods=[GET]}" onto public java.util.List<java.util.Map<java.lang.String, java.lang.Object>> edu.ncsu.csc.itrust2.controllers.api.APIEnumController.getBloodTypes()
06:58:20.511 [main] INFO  o.s.w.s.m.m.a.RequestMappingHandlerMapping - Mapped "{[/api/v1/new val],methods=[GET]}" onto public java.util.List<java.util.Map<java.lang.String, java.lang.Object>> edu.ncsu.csc.itrust2.controllers.api.APIEnumController.getGenders()
06:58:20.511 [main] WARN  o.s.w.c.s.GenericWebApplicationContext - Exception encountered during context initialization - cancelling refresh attempt: org.springframework.beans.factory.BeanCreationException: Error creating bean with name 'requestMappingHandlerMapping' defined in org.springframework.web.servlet.config.annotation.DelegatingWebMvcConfiguration: Invocation of init method failed; nested exception is java.lang.IllegalStateException: Ambiguous mapping. Cannot map 'APIEnumController' method 
public java.util.List<edu.ncsu.csc.itrust2.models.enums.AppointmentType> edu.ncsu.csc.itrust2.controllers.api.APIEnumController.getAppointmentTypes()
to {[/api/v1/new val],methods=[GET]}: There is already 'APIEnumController' bean method
public java.util.List<java.util.Map<java.lang.String, java.lang.Object>> edu.ncsu.csc.itrust2.controllers.api.APIEnumController.getGenders() mapped.
06:58:20.511 [main] DEBUG o.s.b.f.s.DefaultListableBeanFactory - Destroying singletons in org.springframework.beans.factory.support.DefaultListableBeanFactory@3eaf4149: defining beans [org.springframework.context.annotation.internalConfigurationAnnotationProcessor,org.springframework.context.annotation.internalAutowiredAnnotationProcessor,org.springframework.context.annotation.internalRequiredAnnotationProcessor,org.springframework.context.annotation.internalCommonAnnotationProcessor,org.springframework.context.annotation.internalPersistenceAnnotationProcessor,org.springframework.context.event.internalEventListenerProcessor,org.springframework.context.event.internalEventListenerFactory,rootConfiguration,webMvcConfiguration,dataConfiguration,loginAuditingListener,securityConfig,defaultController,adminController,adminUserController,hospitalController,ICDCodesController,APIAppointmentRequestController,APIDiagnosisController,APIDrugController,APIEnumController,APIHospitalController,APIICDCodeController,APILogEntryController,APIOfficeVisitController,APIPasswordController,APIPatientController,APIPersonnelController,APIPrescriptionController,APIUserController,appointmentControllerHCP,HCPController,officeVisitController,appointmentController,diagnosesController,patientController,passwordController,userController,dataSource,org.springframework.security.config.annotation.configuration.ObjectPostProcessorConfiguration,objectPostProcessor,org.springframework.security.config.annotation.authentication.configuration.AuthenticationConfiguration,authenticationManagerBuilder,enableGlobalAuthenticationAutowiredConfigurer,initializeUserDetailsBeanManagerConfigurer,initializeAuthenticationProviderBeanManagerConfigurer,org.springframework.security.config.annotation.web.configuration.WebSecurityConfiguration,delegatingApplicationListener,webSecurityExpressionHandler,springSecurityFilterChain,privilegeEvaluator,autowiredWebSecurityConfigurersIgnoreParents,org.springframework.security.config.annotation.web.configuration.WebMvcSecurityConfiguration,requestDataValueProcessor,passwordEncoder,defaultAuthenticationEventPublisher,failureHandler,ipBlockFilter,org.springframework.web.servlet.config.annotation.DelegatingWebMvcConfiguration,mvcConversionService,requestMappingHandlerMapping,mvcPathMatcher,mvcUrlPathHelper,mvcContentNegotiationManager,viewControllerHandlerMapping,beanNameHandlerMapping,resourceHandlerMapping,mvcResourceUrlProvider,defaultServletHandlerMapping,requestMappingHandlerAdapter,mvcValidator,mvcUriComponentsContributor,httpRequestHandlerAdapter,simpleControllerHandlerAdapter,handlerExceptionResolver,mvcViewResolver,org.springframework.security.config.annotation.method.configuration.GlobalMethodSecurityConfiguration,methodSecurityInterceptor,methodSecurityMetadataSource,preInvocationAuthorizationAdvice,viewResolver,templateEngine,domainClassConverter,metaDataSourceAdvisor,org.springframework.aop.config.internalAutoProxyCreator]; root of factory hierarchy
06:58:20.511 [main] DEBUG o.s.b.f.s.DefaultListableBeanFactory - Retrieved dependent beans for bean 'springSecurityFilterChain': [webSecurityExpressionHandler, privilegeEvaluator]
06:58:20.511 [main] DEBUG o.s.b.f.s.DisposableBeanAdapter - Invoking destroy() on bean with name 'springSecurityFilterChain'
06:58:20.511 [main] DEBUG o.s.b.f.s.DisposableBeanAdapter - Invoking destroy() on bean with name 'ipBlockFilter'
06:58:20.511 [main] DEBUG o.s.b.f.s.DefaultListableBeanFactory - Retrieved dependent beans for bean 'objectPostProcessor': [org.springframework.security.config.annotation.method.configuration.GlobalMethodSecurityConfiguration, org.springframework.security.config.annotation.authentication.configuration.AuthenticationConfiguration, securityConfig, authenticationManagerBuilder, org.springframework.security.config.annotation.web.configuration.WebSecurityConfiguration]
06:58:20.511 [main] DEBUG o.s.b.f.s.DefaultListableBeanFactory - Retrieved dependent beans for bean 'org.springframework.security.config.annotation.authentication.configuration.AuthenticationConfiguration': [securityConfig]
06:58:20.511 [main] DEBUG o.s.b.f.s.DisposableBeanAdapter - Invoking destroy() on bean with name 'objectPostProcessor'
06:58:20.512 [main] ERROR o.s.test.context.TestContextManager - Caught exception while allowing TestExecutionListener [org.springframework.test.context.web.ServletTestExecutionListener@346c1872] to prepare test instance [edu.ncsu.csc.itrust2.apitest.APIPatientTest@1302f0f0]
java.lang.IllegalStateException: Failed to load ApplicationContext
	at org.springframework.test.context.cache.DefaultCacheAwareContextLoaderDelegate.loadContext(DefaultCacheAwareContextLoaderDelegate.java:124) ~[spring-test-4.3.5.RELEASE.jar:4.3.5.RELEASE]
	at org.springframework.test.context.support.DefaultTestContext.getApplicationContext(DefaultTestContext.java:83) ~[spring-test-4.3.5.RELEASE.jar:4.3.5.RELEASE]
	at org.springframework.test.context.web.ServletTestExecutionListener.setUpRequestContextIfNecessary(ServletTestExecutionListener.java:189) ~[spring-test-4.3.5.RELEASE.jar:4.3.5.RELEASE]
	at org.springframework.test.context.web.ServletTestExecutionListener.prepareTestInstance(ServletTestExecutionListener.java:131) ~[spring-test-4.3.5.RELEASE.jar:4.3.5.RELEASE]
	at org.springframework.test.context.TestContextManager.prepareTestInstance(TestContextManager.java:230) ~[spring-test-4.3.5.RELEASE.jar:4.3.5.RELEASE]
	at org.springframework.test.context.junit4.SpringJUnit4ClassRunner.createTest(SpringJUnit4ClassRunner.java:228) [spring-test-4.3.5.RELEASE.jar:4.3.5.RELEASE]
	at org.springframework.test.context.junit4.SpringJUnit4ClassRunner$1.runReflectiveCall(SpringJUnit4ClassRunner.java:287) [spring-test-4.3.5.RELEASE.jar:4.3.5.RELEASE]
	at org.junit.internal.runners.model.ReflectiveCallable.run(ReflectiveCallable.java:12) [junit-4.12.jar:4.12]
	at org.springframework.test.context.junit4.SpringJUnit4ClassRunner.methodBlock(SpringJUnit4ClassRunner.java:289) [spring-test-4.3.5.RELEASE.jar:4.3.5.RELEASE]
	at org.springframework.test.context.junit4.SpringJUnit4ClassRunner.runChild(SpringJUnit4ClassRunner.java:247) [spring-test-4.3.5.RELEASE.jar:4.3.5.RELEASE]
	at org.springframework.test.context.junit4.SpringJUnit4ClassRunner.runChild(SpringJUnit4ClassRunner.java:94) [spring-test-4.3.5.RELEASE.jar:4.3.5.RELEASE]
	at org.junit.runners.ParentRunner$3.run(ParentRunner.java:290) [junit-4.12.jar:4.12]
	at org.junit.runners.ParentRunner$1.schedule(ParentRunner.java:71) [junit-4.12.jar:4.12]
	at org.junit.runners.ParentRunner.runChildren(ParentRunner.java:288) [junit-4.12.jar:4.12]
	at org.junit.runners.ParentRunner.access$000(ParentRunner.java:58) [junit-4.12.jar:4.12]
	at org.junit.runners.ParentRunner$2.evaluate(ParentRunner.java:268) [junit-4.12.jar:4.12]
	at org.springframework.test.context.junit4.statements.RunBeforeTestClassCallbacks.evaluate(RunBeforeTestClassCallbacks.java:61) [spring-test-4.3.5.RELEASE.jar:4.3.5.RELEASE]
	at org.springframework.test.context.junit4.statements.RunAfterTestClassCallbacks.evaluate(RunAfterTestClassCallbacks.java:70) [spring-test-4.3.5.RELEASE.jar:4.3.5.RELEASE]
	at org.junit.runners.ParentRunner.run(ParentRunner.java:363) [junit-4.12.jar:4.12]
	at org.springframework.test.context.junit4.SpringJUnit4ClassRunner.run(SpringJUnit4ClassRunner.java:191) [spring-test-4.3.5.RELEASE.jar:4.3.5.RELEASE]
	at org.apache.maven.surefire.junit4.JUnit4Provider.execute(JUnit4Provider.java:365) [surefire-junit4-2.20.jar:2.20]
	at org.apache.maven.surefire.junit4.JUnit4Provider.executeWithRerun(JUnit4Provider.java:272) [surefire-junit4-2.20.jar:2.20]
	at org.apache.maven.surefire.junit4.JUnit4Provider.executeTestSet(JUnit4Provider.java:236) [surefire-junit4-2.20.jar:2.20]
	at org.apache.maven.surefire.junit4.JUnit4Provider.invoke(JUnit4Provider.java:159) [surefire-junit4-2.20.jar:2.20]
	at org.apache.maven.surefire.booter.ForkedBooter.invokeProviderInSameClassLoader(ForkedBooter.java:386) [surefire-booter-2.20.jar:2.20]
	at org.apache.maven.surefire.booter.ForkedBooter.runSuitesInProcess(ForkedBooter.java:323) [surefire-booter-2.20.jar:2.20]
	at org.apache.maven.surefire.booter.ForkedBooter.main(ForkedBooter.java:143) [surefire-booter-2.20.jar:2.20]
Caused by: org.springframework.beans.factory.BeanCreationException: Error creating bean with name 'requestMappingHandlerMapping' defined in org.springframework.web.servlet.config.annotation.DelegatingWebMvcConfiguration: Invocation of init method failed; nested exception is java.lang.IllegalStateException: Ambiguous mapping. Cannot map 'APIEnumController' method 
public java.util.List<edu.ncsu.csc.itrust2.models.enums.AppointmentType> edu.ncsu.csc.itrust2.controllers.api.APIEnumController.getAppointmentTypes()
to {[/api/v1/new val],methods=[GET]}: There is already 'APIEnumController' bean method
public java.util.List<java.util.Map<java.lang.String, java.lang.Object>> edu.ncsu.csc.itrust2.controllers.api.APIEnumController.getGenders() mapped.
	at org.springframework.beans.factory.support.AbstractAutowireCapableBeanFactory.initializeBean(AbstractAutowireCapableBeanFactory.java:1589) ~[spring-beans-4.3.5.RELEASE.jar:4.3.5.RELEASE]
	at org.springframework.beans.factory.support.AbstractAutowireCapableBeanFactory.doCreateBean(AbstractAutowireCapableBeanFactory.java:554) ~[spring-beans-4.3.5.RELEASE.jar:4.3.5.RELEASE]
	at org.springframework.beans.factory.support.AbstractAutowireCapableBeanFactory.createBean(AbstractAutowireCapableBeanFactory.java:483) ~[spring-beans-4.3.5.RELEASE.jar:4.3.5.RELEASE]
	at org.springframework.beans.factory.support.AbstractBeanFactory$1.getObject(AbstractBeanFactory.java:306) ~[spring-beans-4.3.5.RELEASE.jar:4.3.5.RELEASE]
	at org.springframework.beans.factory.support.DefaultSingletonBeanRegistry.getSingleton(DefaultSingletonBeanRegistry.java:230) ~[spring-beans-4.3.5.RELEASE.jar:4.3.5.RELEASE]
	at org.springframework.beans.factory.support.AbstractBeanFactory.doGetBean(AbstractBeanFactory.java:302) ~[spring-beans-4.3.5.RELEASE.jar:4.3.5.RELEASE]
	at org.springframework.beans.factory.support.AbstractBeanFactory.getBean(AbstractBeanFactory.java:197) ~[spring-beans-4.3.5.RELEASE.jar:4.3.5.RELEASE]
	at org.springframework.beans.factory.support.DefaultListableBeanFactory.preInstantiateSingletons(DefaultListableBeanFactory.java:759) ~[spring-beans-4.3.5.RELEASE.jar:4.3.5.RELEASE]
	at org.springframework.context.support.AbstractApplicationContext.finishBeanFactoryInitialization(AbstractApplicationContext.java:866) ~[spring-context-4.3.5.RELEASE.jar:4.3.5.RELEASE]
	at org.springframework.context.support.AbstractApplicationContext.refresh(AbstractApplicationContext.java:542) ~[spring-context-4.3.5.RELEASE.jar:4.3.5.RELEASE]
	at org.springframework.test.context.web.AbstractGenericWebContextLoader.loadContext(AbstractGenericWebContextLoader.java:134) ~[spring-test-4.3.5.RELEASE.jar:4.3.5.RELEASE]
	at org.springframework.test.context.web.AbstractGenericWebContextLoader.loadContext(AbstractGenericWebContextLoader.java:61) ~[spring-test-4.3.5.RELEASE.jar:4.3.5.RELEASE]
	at org.springframework.test.context.support.AbstractDelegatingSmartContextLoader.delegateLoading(AbstractDelegatingSmartContextLoader.java:108) ~[spring-test-4.3.5.RELEASE.jar:4.3.5.RELEASE]
	at org.springframework.test.context.support.AbstractDelegatingSmartContextLoader.loadContext(AbstractDelegatingSmartContextLoader.java:251) ~[spring-test-4.3.5.RELEASE.jar:4.3.5.RELEASE]
	at org.springframework.test.context.cache.DefaultCacheAwareContextLoaderDelegate.loadContextInternal(DefaultCacheAwareContextLoaderDelegate.java:98) ~[spring-test-4.3.5.RELEASE.jar:4.3.5.RELEASE]
	at org.springframework.test.context.cache.DefaultCacheAwareContextLoaderDelegate.loadContext(DefaultCacheAwareContextLoaderDelegate.java:116) ~[spring-test-4.3.5.RELEASE.jar:4.3.5.RELEASE]
	... 26 common frames omitted
Caused by: java.lang.IllegalStateException: Ambiguous mapping. Cannot map 'APIEnumController' method 
public java.util.List<edu.ncsu.csc.itrust2.models.enums.AppointmentType> edu.ncsu.csc.itrust2.controllers.api.APIEnumController.getAppointmentTypes()
to {[/api/v1/new val],methods=[GET]}: There is already 'APIEnumController' bean method
public java.util.List<java.util.Map<java.lang.String, java.lang.Object>> edu.ncsu.csc.itrust2.controllers.api.APIEnumController.getGenders() mapped.
	at org.springframework.web.servlet.handler.AbstractHandlerMethodMapping$MappingRegistry.assertUniqueMethodMapping(AbstractHandlerMethodMapping.java:576) ~[spring-webmvc-4.3.5.RELEASE.jar:4.3.5.RELEASE]
	at org.springframework.web.servlet.handler.AbstractHandlerMethodMapping$MappingRegistry.register(AbstractHandlerMethodMapping.java:540) ~[spring-webmvc-4.3.5.RELEASE.jar:4.3.5.RELEASE]
	at org.springframework.web.servlet.handler.AbstractHandlerMethodMapping.registerHandlerMethod(AbstractHandlerMethodMapping.java:264) ~[spring-webmvc-4.3.5.RELEASE.jar:4.3.5.RELEASE]
	at org.springframework.web.servlet.handler.AbstractHandlerMethodMapping.detectHandlerMethods(AbstractHandlerMethodMapping.java:250) ~[spring-webmvc-4.3.5.RELEASE.jar:4.3.5.RELEASE]
	at org.springframework.web.servlet.handler.AbstractHandlerMethodMapping.initHandlerMethods(AbstractHandlerMethodMapping.java:214) ~[spring-webmvc-4.3.5.RELEASE.jar:4.3.5.RELEASE]
	at org.springframework.web.servlet.handler.AbstractHandlerMethodMapping.afterPropertiesSet(AbstractHandlerMethodMapping.java:184) ~[spring-webmvc-4.3.5.RELEASE.jar:4.3.5.RELEASE]
	at org.springframework.web.servlet.mvc.method.annotation.RequestMappingHandlerMapping.afterPropertiesSet(RequestMappingHandlerMapping.java:127) ~[spring-webmvc-4.3.5.RELEASE.jar:4.3.5.RELEASE]
	at org.springframework.beans.factory.support.AbstractAutowireCapableBeanFactory.invokeInitMethods(AbstractAutowireCapableBeanFactory.java:1648) ~[spring-beans-4.3.5.RELEASE.jar:4.3.5.RELEASE]
	at org.springframework.beans.factory.support.AbstractAutowireCapableBeanFactory.initializeBean(AbstractAutowireCapableBeanFactory.java:1585) ~[spring-beans-4.3.5.RELEASE.jar:4.3.5.RELEASE]
	... 41 common frames omitted
]]></system-out>
  </testcase>
  <testcase name="testPatientAPI" classname="edu.ncsu.csc.itrust2.apitest.APIPatientTest" time="0">
    <error message="Failed to load ApplicationContext" type="java.lang.IllegalStateException"><![CDATA[java.lang.IllegalStateException: Failed to load ApplicationContext
Caused by: org.springframework.beans.factory.BeanCreationException: 
Error creating bean with name 'requestMappingHandlerMapping' defined in org.springframework.web.servlet.config.annotation.DelegatingWebMvcConfiguration: Invocation of init method failed; nested exception is java.lang.IllegalStateException: Ambiguous mapping. Cannot map 'APIEnumController' method 
public java.util.List<edu.ncsu.csc.itrust2.models.enums.AppointmentType> edu.ncsu.csc.itrust2.controllers.api.APIEnumController.getAppointmentTypes()
to {[/api/v1/new val],methods=[GET]}: There is already 'APIEnumController' bean method
public java.util.List<java.util.Map<java.lang.String, java.lang.Object>> edu.ncsu.csc.itrust2.controllers.api.APIEnumController.getGenders() mapped.
Caused by: java.lang.IllegalStateException: 
Ambiguous mapping. Cannot map 'APIEnumController' method 
public java.util.List<edu.ncsu.csc.itrust2.models.enums.AppointmentType> edu.ncsu.csc.itrust2.controllers.api.APIEnumController.getAppointmentTypes()
to {[/api/v1/new val],methods=[GET]}: There is already 'APIEnumController' bean method
public java.util.List<java.util.Map<java.lang.String, java.lang.Object>> edu.ncsu.csc.itrust2.controllers.api.APIEnumController.getGenders() mapped.
]]></error>
    <system-out><![CDATA[06:58:20.513 [main] DEBUG o.s.t.annotation.ProfileValueUtils - Retrieved @ProfileValueSourceConfiguration [null] for test class [edu.ncsu.csc.itrust2.apitest.APIPatientTest]
06:58:20.513 [main] DEBUG o.s.t.annotation.ProfileValueUtils - Retrieved ProfileValueSource type [class org.springframework.test.annotation.SystemProfileValueSource] for class [edu.ncsu.csc.itrust2.apitest.APIPatientTest]
06:58:20.513 [main] DEBUG o.s.t.c.s.AbstractDelegatingSmartContextLoader - Delegating to AnnotationConfigWebContextLoader to load context from [WebMergedContextConfiguration@69b9ac46 testClass = APIPatientTest, locations = '{}', classes = '{class edu.ncsu.csc.itrust2.config.RootConfiguration, class edu.ncsu.csc.itrust2.mvc.config.WebMvcConfiguration}', contextInitializerClasses = '[]', activeProfiles = '{}', propertySourceLocations = '{}', propertySourceProperties = '{}', contextCustomizers = set[[empty]], resourceBasePath = 'src/main/webapp', contextLoader = 'org.springframework.test.context.web.WebDelegatingSmartContextLoader', parent = [null]].
06:58:20.513 [main] DEBUG o.s.t.c.w.AbstractGenericWebContextLoader - Loading WebApplicationContext for merged context configuration [WebMergedContextConfiguration@69b9ac46 testClass = APIPatientTest, locations = '{}', classes = '{class edu.ncsu.csc.itrust2.config.RootConfiguration, class edu.ncsu.csc.itrust2.mvc.config.WebMvcConfiguration}', contextInitializerClasses = '[]', activeProfiles = '{}', propertySourceLocations = '{}', propertySourceProperties = '{}', contextCustomizers = set[[empty]], resourceBasePath = 'src/main/webapp', contextLoader = 'org.springframework.test.context.web.WebDelegatingSmartContextLoader', parent = [null]].
06:58:20.513 [main] DEBUG o.s.w.c.s.StandardServletEnvironment - Adding [servletConfigInitParams] PropertySource with lowest search precedence
06:58:20.513 [main] DEBUG o.s.w.c.s.StandardServletEnvironment - Adding [servletContextInitParams] PropertySource with lowest search precedence
06:58:20.513 [main] DEBUG o.s.w.c.s.StandardServletEnvironment - Adding [systemProperties] PropertySource with lowest search precedence
06:58:20.513 [main] DEBUG o.s.w.c.s.StandardServletEnvironment - Adding [systemEnvironment] PropertySource with lowest search precedence
06:58:20.513 [main] DEBUG o.s.w.c.s.StandardServletEnvironment - Initialized StandardServletEnvironment with PropertySources [servletConfigInitParams,servletContextInitParams,systemProperties,systemEnvironment]
06:58:20.513 [main] DEBUG o.s.t.c.w.AnnotationConfigWebContextLoader - Registering annotated classes: {class edu.ncsu.csc.itrust2.config.RootConfiguration, class edu.ncsu.csc.itrust2.mvc.config.WebMvcConfiguration}
06:58:20.514 [main] INFO  o.s.w.c.s.GenericWebApplicationContext - Refreshing org.springframework.web.context.support.GenericWebApplicationContext@60e7e8a8: startup date [Thu Mar 22 06:58:20 UTC 2018]; root of context hierarchy
06:58:20.514 [main] DEBUG o.s.w.c.s.StandardServletEnvironment - Replacing [servletContextInitParams] PropertySource with [servletContextInitParams]
06:58:20.514 [main] DEBUG o.s.w.c.s.GenericWebApplicationContext - Bean factory for org.springframework.web.context.support.GenericWebApplicationContext@60e7e8a8: org.springframework.beans.factory.support.DefaultListableBeanFactory@33864c87: defining beans [org.springframework.context.annotation.internalConfigurationAnnotationProcessor,org.springframework.context.annotation.internalAutowiredAnnotationProcessor,org.springframework.context.annotation.internalRequiredAnnotationProcessor,org.springframework.context.annotation.internalCommonAnnotationProcessor,org.springframework.context.annotation.internalPersistenceAnnotationProcessor,org.springframework.context.event.internalEventListenerProcessor,org.springframework.context.event.internalEventListenerFactory,rootConfiguration,webMvcConfiguration]; root of factory hierarchy
06:58:20.514 [main] DEBUG o.s.b.f.s.DefaultListableBeanFactory - Registering scope 'request' with implementation [org.springframework.web.context.request.RequestScope@3d2ca3fe]
06:58:20.514 [main] DEBUG o.s.b.f.s.DefaultListableBeanFactory - Registering scope 'session' with implementation [org.springframework.web.context.request.SessionScope@6251be5b]
06:58:20.514 [main] DEBUG o.s.b.f.s.DefaultListableBeanFactory - Registering scope 'globalSession' with implementation [org.springframework.web.context.request.SessionScope@63b224e2]
06:58:20.514 [main] DEBUG o.s.b.f.s.DefaultListableBeanFactory - Registering scope 'application' with implementation [org.springframework.web.context.support.ServletContextScope@30c696c6]
06:58:20.515 [main] DEBUG o.s.b.f.s.DefaultListableBeanFactory - Creating shared instance of singleton bean 'org.springframework.context.annotation.internalConfigurationAnnotationProcessor'
06:58:20.515 [main] DEBUG o.s.b.f.s.DefaultListableBeanFactory - Creating instance of bean 'org.springframework.context.annotation.internalConfigurationAnnotationProcessor'
06:58:20.515 [main] DEBUG o.s.b.f.s.DefaultListableBeanFactory - Eagerly caching bean 'org.springframework.context.annotation.internalConfigurationAnnotationProcessor' to allow for resolving potential circular references
06:58:20.515 [main] DEBUG o.s.b.f.s.DefaultListableBeanFactory - Finished creating instance of bean 'org.springframework.context.annotation.internalConfigurationAnnotationProcessor'
06:58:20.515 [main] DEBUG o.s.core.env.StandardEnvironment - Adding [systemProperties] PropertySource with lowest search precedence
06:58:20.515 [main] DEBUG o.s.core.env.StandardEnvironment - Adding [systemEnvironment] PropertySource with lowest search precedence
06:58:20.515 [main] DEBUG o.s.core.env.StandardEnvironment - Initialized StandardEnvironment with PropertySources [systemProperties,systemEnvironment]
06:58:20.516 [main] DEBUG o.s.c.i.s.PathMatchingResourcePatternResolver - Resolved classpath location [edu/ncsu/csc/itrust2/config/] to resources [URL [file:/var/lib/jenkins/workspace/itrust-test/iTrust2/target/classes/edu/ncsu/csc/itrust2/config/]]
06:58:20.516 [main] DEBUG o.s.c.i.s.PathMatchingResourcePatternResolver - Looking for matching resources in directory tree [/var/lib/jenkins/workspace/itrust-test/iTrust2/target/classes/edu/ncsu/csc/itrust2/config]
06:58:20.516 [main] DEBUG o.s.c.i.s.PathMatchingResourcePatternResolver - Searching directory [/var/lib/jenkins/workspace/itrust-test/iTrust2/target/classes/edu/ncsu/csc/itrust2/config] for files matching pattern [/var/lib/jenkins/workspace/itrust-test/iTrust2/target/classes/edu/ncsu/csc/itrust2/config/**/*.class]
06:58:20.517 [main] DEBUG o.s.c.i.s.PathMatchingResourcePatternResolver - Resolved location pattern [classpath*:edu/ncsu/csc/itrust2/config/**/*.class] to resources [file [/var/lib/jenkins/workspace/itrust-test/iTrust2/target/classes/edu/ncsu/csc/itrust2/config/ContextListener.class], file [/var/lib/jenkins/workspace/itrust-test/iTrust2/target/classes/edu/ncsu/csc/itrust2/config/DataConfiguration.class], file [/var/lib/jenkins/workspace/itrust-test/iTrust2/target/classes/edu/ncsu/csc/itrust2/config/FailureHandler.class], file [/var/lib/jenkins/workspace/itrust-test/iTrust2/target/classes/edu/ncsu/csc/itrust2/config/IPFilter.class], file [/var/lib/jenkins/workspace/itrust-test/iTrust2/target/classes/edu/ncsu/csc/itrust2/config/ITrust2ApplicationInitializer.class], file [/var/lib/jenkins/workspace/itrust-test/iTrust2/target/classes/edu/ncsu/csc/itrust2/config/ITrust2WebApplicationInitializer.class], file [/var/lib/jenkins/workspace/itrust-test/iTrust2/target/classes/edu/ncsu/csc/itrust2/config/LoginAuditingListener.class], file [/var/lib/jenkins/workspace/itrust-test/iTrust2/target/classes/edu/ncsu/csc/itrust2/config/RootConfiguration.class], file [/var/lib/jenkins/workspace/itrust-test/iTrust2/target/classes/edu/ncsu/csc/itrust2/config/SecurityConfig.class]]
06:58:20.517 [main] DEBUG o.s.c.a.ClassPathBeanDefinitionScanner - Identified candidate component class: file [/var/lib/jenkins/workspace/itrust-test/iTrust2/target/classes/edu/ncsu/csc/itrust2/config/DataConfiguration.class]
06:58:20.518 [main] DEBUG o.s.c.a.ClassPathBeanDefinitionScanner - Identified candidate component class: file [/var/lib/jenkins/workspace/itrust-test/iTrust2/target/classes/edu/ncsu/csc/itrust2/config/LoginAuditingListener.class]
06:58:20.518 [main] DEBUG o.s.c.a.ClassPathBeanDefinitionScanner - Identified candidate component class: file [/var/lib/jenkins/workspace/itrust-test/iTrust2/target/classes/edu/ncsu/csc/itrust2/config/SecurityConfig.class]
06:58:20.529 [main] DEBUG o.s.core.env.StandardEnvironment - Adding [systemProperties] PropertySource with lowest search precedence
06:58:20.530 [main] DEBUG o.s.core.env.StandardEnvironment - Adding [systemEnvironment] PropertySource with lowest search precedence
06:58:20.530 [main] DEBUG o.s.core.env.StandardEnvironment - Initialized StandardEnvironment with PropertySources [systemProperties,systemEnvironment]
06:58:20.531 [main] DEBUG o.s.c.i.s.PathMatchingResourcePatternResolver - Resolved classpath location [edu/ncsu/csc/itrust2/controllers/] to resources [URL [file:/var/lib/jenkins/workspace/itrust-test/iTrust2/target/classes/edu/ncsu/csc/itrust2/controllers/]]
06:58:20.531 [main] DEBUG o.s.c.i.s.PathMatchingResourcePatternResolver - Looking for matching resources in directory tree [/var/lib/jenkins/workspace/itrust-test/iTrust2/target/classes/edu/ncsu/csc/itrust2/controllers]
06:58:20.531 [main] DEBUG o.s.c.i.s.PathMatchingResourcePatternResolver - Searching directory [/var/lib/jenkins/workspace/itrust-test/iTrust2/target/classes/edu/ncsu/csc/itrust2/controllers] for files matching pattern [/var/lib/jenkins/workspace/itrust-test/iTrust2/target/classes/edu/ncsu/csc/itrust2/controllers/**/*.class]
06:58:20.531 [main] DEBUG o.s.c.i.s.PathMatchingResourcePatternResolver - Searching directory [/var/lib/jenkins/workspace/itrust-test/iTrust2/target/classes/edu/ncsu/csc/itrust2/controllers/admin] for files matching pattern [/var/lib/jenkins/workspace/itrust-test/iTrust2/target/classes/edu/ncsu/csc/itrust2/controllers/**/*.class]
06:58:20.532 [main] DEBUG o.s.c.i.s.PathMatchingResourcePatternResolver - Searching directory [/var/lib/jenkins/workspace/itrust-test/iTrust2/target/classes/edu/ncsu/csc/itrust2/controllers/api] for files matching pattern [/var/lib/jenkins/workspace/itrust-test/iTrust2/target/classes/edu/ncsu/csc/itrust2/controllers/**/*.class]
06:58:20.532 [main] DEBUG o.s.c.i.s.PathMatchingResourcePatternResolver - Searching directory [/var/lib/jenkins/workspace/itrust-test/iTrust2/target/classes/edu/ncsu/csc/itrust2/controllers/api/comm] for files matching pattern [/var/lib/jenkins/workspace/itrust-test/iTrust2/target/classes/edu/ncsu/csc/itrust2/controllers/**/*.class]
06:58:20.532 [main] DEBUG o.s.c.i.s.PathMatchingResourcePatternResolver - Searching directory [/var/lib/jenkins/workspace/itrust-test/iTrust2/target/classes/edu/ncsu/csc/itrust2/controllers/hcp] for files matching pattern [/var/lib/jenkins/workspace/itrust-test/iTrust2/target/classes/edu/ncsu/csc/itrust2/controllers/**/*.class]
06:58:20.533 [main] DEBUG o.s.c.i.s.PathMatchingResourcePatternResolver - Searching directory [/var/lib/jenkins/workspace/itrust-test/iTrust2/target/classes/edu/ncsu/csc/itrust2/controllers/patient] for files matching pattern [/var/lib/jenkins/workspace/itrust-test/iTrust2/target/classes/edu/ncsu/csc/itrust2/controllers/**/*.class]
06:58:20.533 [main] DEBUG o.s.c.i.s.PathMatchingResourcePatternResolver - Searching directory [/var/lib/jenkins/workspace/itrust-test/iTrust2/target/classes/edu/ncsu/csc/itrust2/controllers/personnel] for files matching pattern [/var/lib/jenkins/workspace/itrust-test/iTrust2/target/classes/edu/ncsu/csc/itrust2/controllers/**/*.class]
06:58:20.533 [main] DEBUG o.s.c.i.s.PathMatchingResourcePatternResolver - Resolved location pattern [classpath*:edu/ncsu/csc/itrust2/controllers/**/*.class] to resources [file [/var/lib/jenkins/workspace/itrust-test/iTrust2/target/classes/edu/ncsu/csc/itrust2/controllers/DefaultController.class], file [/var/lib/jenkins/workspace/itrust-test/iTrust2/target/classes/edu/ncsu/csc/itrust2/controllers/admin/AdminController.class], file [/var/lib/jenkins/workspace/itrust-test/iTrust2/target/classes/edu/ncsu/csc/itrust2/controllers/admin/AdminUserController$1.class], file [/var/lib/jenkins/workspace/itrust-test/iTrust2/target/classes/edu/ncsu/csc/itrust2/controllers/admin/AdminUserController.class], file [/var/lib/jenkins/workspace/itrust-test/iTrust2/target/classes/edu/ncsu/csc/itrust2/controllers/admin/HospitalController.class], file [/var/lib/jenkins/workspace/itrust-test/iTrust2/target/classes/edu/ncsu/csc/itrust2/controllers/admin/ICDCodesController.class], file [/var/lib/jenkins/workspace/itrust-test/iTrust2/target/classes/edu/ncsu/csc/itrust2/controllers/api/APIAppointmentRequestController.class], file [/var/lib/jenkins/workspace/itrust-test/iTrust2/target/classes/edu/ncsu/csc/itrust2/controllers/api/APIController$JSONResponse.class], file [/var/lib/jenkins/workspace/itrust-test/iTrust2/target/classes/edu/ncsu/csc/itrust2/controllers/api/APIController.class], file [/var/lib/jenkins/workspace/itrust-test/iTrust2/target/classes/edu/ncsu/csc/itrust2/controllers/api/APIDiagnosisController.class], file [/var/lib/jenkins/workspace/itrust-test/iTrust2/target/classes/edu/ncsu/csc/itrust2/controllers/api/APIDrugController.class], file [/var/lib/jenkins/workspace/itrust-test/iTrust2/target/classes/edu/ncsu/csc/itrust2/controllers/api/APIEnumController.class], file [/var/lib/jenkins/workspace/itrust-test/iTrust2/target/classes/edu/ncsu/csc/itrust2/controllers/api/APIHospitalController.class], file [/var/lib/jenkins/workspace/itrust-test/iTrust2/target/classes/edu/ncsu/csc/itrust2/controllers/api/APIICDCodeController.class], file [/var/lib/jenkins/workspace/itrust-test/iTrust2/target/classes/edu/ncsu/csc/itrust2/controllers/api/APILogEntryController.class], file [/var/lib/jenkins/workspace/itrust-test/iTrust2/target/classes/edu/ncsu/csc/itrust2/controllers/api/APIOfficeVisitController.class], file [/var/lib/jenkins/workspace/itrust-test/iTrust2/target/classes/edu/ncsu/csc/itrust2/controllers/api/APIPasswordController.class], file [/var/lib/jenkins/workspace/itrust-test/iTrust2/target/classes/edu/ncsu/csc/itrust2/controllers/api/APIPatientController.class], file [/var/lib/jenkins/workspace/itrust-test/iTrust2/target/classes/edu/ncsu/csc/itrust2/controllers/api/APIPersonnelController.class], file [/var/lib/jenkins/workspace/itrust-test/iTrust2/target/classes/edu/ncsu/csc/itrust2/controllers/api/APIPrescriptionController.class], file [/var/lib/jenkins/workspace/itrust-test/iTrust2/target/classes/edu/ncsu/csc/itrust2/controllers/api/APIUserController.class], file [/var/lib/jenkins/workspace/itrust-test/iTrust2/target/classes/edu/ncsu/csc/itrust2/controllers/api/comm/LogEntryRequestBody.class], file [/var/lib/jenkins/workspace/itrust-test/iTrust2/target/classes/edu/ncsu/csc/itrust2/controllers/api/comm/LogEntryTableRow.class], file [/var/lib/jenkins/workspace/itrust-test/iTrust2/target/classes/edu/ncsu/csc/itrust2/controllers/hcp/AppointmentControllerHCP.class], file [/var/lib/jenkins/workspace/itrust-test/iTrust2/target/classes/edu/ncsu/csc/itrust2/controllers/hcp/HCPController.class], file [/var/lib/jenkins/workspace/itrust-test/iTrust2/target/classes/edu/ncsu/csc/itrust2/controllers/hcp/OfficeVisitController.class], file [/var/lib/jenkins/workspace/itrust-test/iTrust2/target/classes/edu/ncsu/csc/itrust2/controllers/patient/AppointmentController.class], file [/var/lib/jenkins/workspace/itrust-test/iTrust2/target/classes/edu/ncsu/csc/itrust2/controllers/patient/DiagnosesController.class], file [/var/lib/jenkins/workspace/itrust-test/iTrust2/target/classes/edu/ncsu/csc/itrust2/controllers/patient/PatientController.class], file [/var/lib/jenkins/workspace/itrust-test/iTrust2/target/classes/edu/ncsu/csc/itrust2/controllers/personnel/PasswordController.class], file [/var/lib/jenkins/workspace/itrust-test/iTrust2/target/classes/edu/ncsu/csc/itrust2/controllers/personnel/UserController.class]]
06:58:20.534 [main] DEBUG o.s.c.a.ClassPathBeanDefinitionScanner - Identified candidate component class: file [/var/lib/jenkins/workspace/itrust-test/iTrust2/target/classes/edu/ncsu/csc/itrust2/controllers/DefaultController.class]
06:58:20.534 [main] DEBUG o.s.c.a.ClassPathBeanDefinitionScanner - Identified candidate component class: file [/var/lib/jenkins/workspace/itrust-test/iTrust2/target/classes/edu/ncsu/csc/itrust2/controllers/admin/AdminController.class]
06:58:20.535 [main] DEBUG o.s.c.a.ClassPathBeanDefinitionScanner - Identified candidate component class: file [/var/lib/jenkins/workspace/itrust-test/iTrust2/target/classes/edu/ncsu/csc/itrust2/controllers/admin/AdminUserController.class]
06:58:20.535 [main] DEBUG o.s.c.a.ClassPathBeanDefinitionScanner - Identified candidate component class: file [/var/lib/jenkins/workspace/itrust-test/iTrust2/target/classes/edu/ncsu/csc/itrust2/controllers/admin/HospitalController.class]
06:58:20.535 [main] DEBUG o.s.c.a.ClassPathBeanDefinitionScanner - Identified candidate component class: file [/var/lib/jenkins/workspace/itrust-test/iTrust2/target/classes/edu/ncsu/csc/itrust2/controllers/admin/ICDCodesController.class]
06:58:20.536 [main] DEBUG o.s.c.a.ClassPathBeanDefinitionScanner - Identified candidate component class: file [/var/lib/jenkins/workspace/itrust-test/iTrust2/target/classes/edu/ncsu/csc/itrust2/controllers/api/APIAppointmentRequestController.class]
06:58:20.537 [main] DEBUG o.s.c.a.ClassPathBeanDefinitionScanner - Identified candidate component class: file [/var/lib/jenkins/workspace/itrust-test/iTrust2/target/classes/edu/ncsu/csc/itrust2/controllers/api/APIDiagnosisController.class]
06:58:20.537 [main] DEBUG o.s.c.a.ClassPathBeanDefinitionScanner - Identified candidate component class: file [/var/lib/jenkins/workspace/itrust-test/iTrust2/target/classes/edu/ncsu/csc/itrust2/controllers/api/APIDrugController.class]
06:58:20.538 [main] DEBUG o.s.c.a.ClassPathBeanDefinitionScanner - Identified candidate component class: file [/var/lib/jenkins/workspace/itrust-test/iTrust2/target/classes/edu/ncsu/csc/itrust2/controllers/api/APIEnumController.class]
06:58:20.538 [main] DEBUG o.s.c.a.ClassPathBeanDefinitionScanner - Identified candidate component class: file [/var/lib/jenkins/workspace/itrust-test/iTrust2/target/classes/edu/ncsu/csc/itrust2/controllers/api/APIHospitalController.class]
06:58:20.538 [main] DEBUG o.s.c.a.ClassPathBeanDefinitionScanner - Identified candidate component class: file [/var/lib/jenkins/workspace/itrust-test/iTrust2/target/classes/edu/ncsu/csc/itrust2/controllers/api/APIICDCodeController.class]
06:58:20.538 [main] DEBUG o.s.c.a.ClassPathBeanDefinitionScanner - Identified candidate component class: file [/var/lib/jenkins/workspace/itrust-test/iTrust2/target/classes/edu/ncsu/csc/itrust2/controllers/api/APILogEntryController.class]
06:58:20.539 [main] DEBUG o.s.c.a.ClassPathBeanDefinitionScanner - Identified candidate component class: file [/var/lib/jenkins/workspace/itrust-test/iTrust2/target/classes/edu/ncsu/csc/itrust2/controllers/api/APIOfficeVisitController.class]
06:58:20.539 [main] DEBUG o.s.c.a.ClassPathBeanDefinitionScanner - Identified candidate component class: file [/var/lib/jenkins/workspace/itrust-test/iTrust2/target/classes/edu/ncsu/csc/itrust2/controllers/api/APIPasswordController.class]
06:58:20.540 [main] DEBUG o.s.c.a.ClassPathBeanDefinitionScanner - Identified candidate component class: file [/var/lib/jenkins/workspace/itrust-test/iTrust2/target/classes/edu/ncsu/csc/itrust2/controllers/api/APIPatientController.class]
06:58:20.540 [main] DEBUG o.s.c.a.ClassPathBeanDefinitionScanner - Identified candidate component class: file [/var/lib/jenkins/workspace/itrust-test/iTrust2/target/classes/edu/ncsu/csc/itrust2/controllers/api/APIPersonnelController.class]
06:58:20.541 [main] DEBUG o.s.c.a.ClassPathBeanDefinitionScanner - Identified candidate component class: file [/var/lib/jenkins/workspace/itrust-test/iTrust2/target/classes/edu/ncsu/csc/itrust2/controllers/api/APIPrescriptionController.class]
06:58:20.541 [main] DEBUG o.s.c.a.ClassPathBeanDefinitionScanner - Identified candidate component class: file [/var/lib/jenkins/workspace/itrust-test/iTrust2/target/classes/edu/ncsu/csc/itrust2/controllers/api/APIUserController.class]
06:58:20.541 [main] DEBUG o.s.c.a.ClassPathBeanDefinitionScanner - Identified candidate component class: file [/var/lib/jenkins/workspace/itrust-test/iTrust2/target/classes/edu/ncsu/csc/itrust2/controllers/hcp/AppointmentControllerHCP.class]
06:58:20.541 [main] DEBUG o.s.c.a.ClassPathBeanDefinitionScanner - Identified candidate component class: file [/var/lib/jenkins/workspace/itrust-test/iTrust2/target/classes/edu/ncsu/csc/itrust2/controllers/hcp/HCPController.class]
06:58:20.542 [main] DEBUG o.s.c.a.ClassPathBeanDefinitionScanner - Identified candidate component class: file [/var/lib/jenkins/workspace/itrust-test/iTrust2/target/classes/edu/ncsu/csc/itrust2/controllers/hcp/OfficeVisitController.class]
06:58:20.542 [main] DEBUG o.s.c.a.ClassPathBeanDefinitionScanner - Identified candidate component class: file [/var/lib/jenkins/workspace/itrust-test/iTrust2/target/classes/edu/ncsu/csc/itrust2/controllers/patient/AppointmentController.class]
06:58:20.542 [main] DEBUG o.s.c.a.ClassPathBeanDefinitionScanner - Identified candidate component class: file [/var/lib/jenkins/workspace/itrust-test/iTrust2/target/classes/edu/ncsu/csc/itrust2/controllers/patient/DiagnosesController.class]
06:58:20.542 [main] DEBUG o.s.c.a.ClassPathBeanDefinitionScanner - Identified candidate component class: file [/var/lib/jenkins/workspace/itrust-test/iTrust2/target/classes/edu/ncsu/csc/itrust2/controllers/patient/PatientController.class]
06:58:20.543 [main] DEBUG o.s.c.a.ClassPathBeanDefinitionScanner - Identified candidate component class: file [/var/lib/jenkins/workspace/itrust-test/iTrust2/target/classes/edu/ncsu/csc/itrust2/controllers/personnel/PasswordController.class]
06:58:20.543 [main] DEBUG o.s.c.a.ClassPathBeanDefinitionScanner - Identified candidate component class: file [/var/lib/jenkins/workspace/itrust-test/iTrust2/target/classes/edu/ncsu/csc/itrust2/controllers/personnel/UserController.class]
06:58:20.543 [main] DEBUG o.s.c.i.s.PathMatchingResourcePatternResolver - Resolved classpath location [edu/ncsu/csc/itrust2/config/] to resources [URL [file:/var/lib/jenkins/workspace/itrust-test/iTrust2/target/classes/edu/ncsu/csc/itrust2/config/]]
06:58:20.544 [main] DEBUG o.s.c.i.s.PathMatchingResourcePatternResolver - Looking for matching resources in directory tree [/var/lib/jenkins/workspace/itrust-test/iTrust2/target/classes/edu/ncsu/csc/itrust2/config]
06:58:20.544 [main] DEBUG o.s.c.i.s.PathMatchingResourcePatternResolver - Searching directory [/var/lib/jenkins/workspace/itrust-test/iTrust2/target/classes/edu/ncsu/csc/itrust2/config] for files matching pattern [/var/lib/jenkins/workspace/itrust-test/iTrust2/target/classes/edu/ncsu/csc/itrust2/config/**/*.class]
06:58:20.544 [main] DEBUG o.s.c.i.s.PathMatchingResourcePatternResolver - Resolved location pattern [classpath*:edu/ncsu/csc/itrust2/config/**/*.class] to resources [file [/var/lib/jenkins/workspace/itrust-test/iTrust2/target/classes/edu/ncsu/csc/itrust2/config/ContextListener.class], file [/var/lib/jenkins/workspace/itrust-test/iTrust2/target/classes/edu/ncsu/csc/itrust2/config/DataConfiguration.class], file [/var/lib/jenkins/workspace/itrust-test/iTrust2/target/classes/edu/ncsu/csc/itrust2/config/FailureHandler.class], file [/var/lib/jenkins/workspace/itrust-test/iTrust2/target/classes/edu/ncsu/csc/itrust2/config/IPFilter.class], file [/var/lib/jenkins/workspace/itrust-test/iTrust2/target/classes/edu/ncsu/csc/itrust2/config/ITrust2ApplicationInitializer.class], file [/var/lib/jenkins/workspace/itrust-test/iTrust2/target/classes/edu/ncsu/csc/itrust2/config/ITrust2WebApplicationInitializer.class], file [/var/lib/jenkins/workspace/itrust-test/iTrust2/target/classes/edu/ncsu/csc/itrust2/config/LoginAuditingListener.class], file [/var/lib/jenkins/workspace/itrust-test/iTrust2/target/classes/edu/ncsu/csc/itrust2/config/RootConfiguration.class], file [/var/lib/jenkins/workspace/itrust-test/iTrust2/target/classes/edu/ncsu/csc/itrust2/config/SecurityConfig.class]]
06:58:20.544 [main] DEBUG o.s.c.a.ClassPathBeanDefinitionScanner - Identified candidate component class: file [/var/lib/jenkins/workspace/itrust-test/iTrust2/target/classes/edu/ncsu/csc/itrust2/config/DataConfiguration.class]
06:58:20.545 [main] DEBUG o.s.c.a.ClassPathBeanDefinitionScanner - Identified candidate component class: file [/var/lib/jenkins/workspace/itrust-test/iTrust2/target/classes/edu/ncsu/csc/itrust2/config/LoginAuditingListener.class]
06:58:20.545 [main] DEBUG o.s.c.a.ClassPathBeanDefinitionScanner - Identified candidate component class: file [/var/lib/jenkins/workspace/itrust-test/iTrust2/target/classes/edu/ncsu/csc/itrust2/config/RootConfiguration.class]
06:58:20.545 [main] DEBUG o.s.c.a.ClassPathBeanDefinitionScanner - Identified candidate component class: file [/var/lib/jenkins/workspace/itrust-test/iTrust2/target/classes/edu/ncsu/csc/itrust2/config/SecurityConfig.class]
06:58:20.565 [main] DEBUG o.s.c.a.ConfigurationClassBeanDefinitionReader - Registering bean definition for @Bean method edu.ncsu.csc.itrust2.config.DataConfiguration.dataSource()
06:58:20.565 [main] DEBUG o.s.c.a.ConfigurationClassBeanDefinitionReader - Registered bean definition for imported class 'org.springframework.security.config.annotation.configuration.ObjectPostProcessorConfiguration'
06:58:20.565 [main] DEBUG o.s.c.a.ConfigurationClassBeanDefinitionReader - Registering bean definition for @Bean method org.springframework.security.config.annotation.configuration.ObjectPostProcessorConfiguration.objectPostProcessor()
06:58:20.565 [main] DEBUG o.s.c.a.ConfigurationClassBeanDefinitionReader - Registered bean definition for imported class 'org.springframework.security.config.annotation.authentication.configuration.AuthenticationConfiguration'
06:58:20.565 [main] DEBUG o.s.c.a.ConfigurationClassBeanDefinitionReader - Registering bean definition for @Bean method org.springframework.security.config.annotation.authentication.configuration.AuthenticationConfiguration.authenticationManagerBuilder()
06:58:20.565 [main] DEBUG o.s.c.a.ConfigurationClassBeanDefinitionReader - Registering bean definition for @Bean method org.springframework.security.config.annotation.authentication.configuration.AuthenticationConfiguration.enableGlobalAuthenticationAutowiredConfigurer()
06:58:20.565 [main] DEBUG o.s.c.a.ConfigurationClassBeanDefinitionReader - Registering bean definition for @Bean method org.springframework.security.config.annotation.authentication.configuration.AuthenticationConfiguration.initializeUserDetailsBeanManagerConfigurer()
06:58:20.565 [main] DEBUG o.s.c.a.ConfigurationClassBeanDefinitionReader - Registering bean definition for @Bean method org.springframework.security.config.annotation.authentication.configuration.AuthenticationConfiguration.initializeAuthenticationProviderBeanManagerConfigurer()
06:58:20.565 [main] DEBUG o.s.c.a.ConfigurationClassBeanDefinitionReader - Registered bean definition for imported class 'org.springframework.security.config.annotation.web.configuration.WebSecurityConfiguration'
06:58:20.565 [main] DEBUG o.s.c.a.ConfigurationClassBeanDefinitionReader - Registering bean definition for @Bean method org.springframework.security.config.annotation.web.configuration.WebSecurityConfiguration.delegatingApplicationListener()
06:58:20.565 [main] DEBUG o.s.c.a.ConfigurationClassBeanDefinitionReader - Registering bean definition for @Bean method org.springframework.security.config.annotation.web.configuration.WebSecurityConfiguration.webSecurityExpressionHandler()
06:58:20.565 [main] DEBUG o.s.c.a.ConfigurationClassBeanDefinitionReader - Registering bean definition for @Bean method org.springframework.security.config.annotation.web.configuration.WebSecurityConfiguration.springSecurityFilterChain()
06:58:20.565 [main] DEBUG o.s.c.a.ConfigurationClassBeanDefinitionReader - Registering bean definition for @Bean method org.springframework.security.config.annotation.web.configuration.WebSecurityConfiguration.privilegeEvaluator()
06:58:20.565 [main] DEBUG o.s.c.a.ConfigurationClassBeanDefinitionReader - Registering bean definition for @Bean method org.springframework.security.config.annotation.web.configuration.WebSecurityConfiguration.autowiredWebSecurityConfigurersIgnoreParents()
06:58:20.565 [main] DEBUG o.s.c.a.ConfigurationClassBeanDefinitionReader - Registered bean definition for imported class 'org.springframework.security.config.annotation.web.configuration.WebMvcSecurityConfiguration'
06:58:20.565 [main] DEBUG o.s.c.a.ConfigurationClassBeanDefinitionReader - Registering bean definition for @Bean method org.springframework.security.config.annotation.web.configuration.WebMvcSecurityConfiguration.requestDataValueProcessor()
06:58:20.565 [main] DEBUG o.s.c.a.ConfigurationClassBeanDefinitionReader - Registering bean definition for @Bean method edu.ncsu.csc.itrust2.config.SecurityConfig.passwordEncoder()
06:58:20.565 [main] DEBUG o.s.c.a.ConfigurationClassBeanDefinitionReader - Registering bean definition for @Bean method edu.ncsu.csc.itrust2.config.SecurityConfig.defaultAuthenticationEventPublisher()
06:58:20.565 [main] DEBUG o.s.c.a.ConfigurationClassBeanDefinitionReader - Registering bean definition for @Bean method edu.ncsu.csc.itrust2.config.SecurityConfig.failureHandler()
06:58:20.565 [main] DEBUG o.s.c.a.ConfigurationClassBeanDefinitionReader - Registering bean definition for @Bean method edu.ncsu.csc.itrust2.config.SecurityConfig.ipBlockFilter()
06:58:20.566 [main] DEBUG o.s.c.a.ConfigurationClassBeanDefinitionReader - Registered bean definition for imported class 'org.springframework.web.servlet.config.annotation.DelegatingWebMvcConfiguration'
06:58:20.566 [main] DEBUG o.s.c.a.ConfigurationClassBeanDefinitionReader - Registering bean definition for @Bean method org.springframework.web.servlet.config.annotation.DelegatingWebMvcConfiguration.mvcConversionService()
06:58:20.566 [main] DEBUG o.s.c.a.ConfigurationClassBeanDefinitionReader - Registering bean definition for @Bean method org.springframework.web.servlet.config.annotation.DelegatingWebMvcConfiguration.requestMappingHandlerMapping()
06:58:20.566 [main] DEBUG o.s.c.a.ConfigurationClassBeanDefinitionReader - Registering bean definition for @Bean method org.springframework.web.servlet.config.annotation.DelegatingWebMvcConfiguration.mvcPathMatcher()
06:58:20.566 [main] DEBUG o.s.c.a.ConfigurationClassBeanDefinitionReader - Registering bean definition for @Bean method org.springframework.web.servlet.config.annotation.DelegatingWebMvcConfiguration.mvcUrlPathHelper()
06:58:20.566 [main] DEBUG o.s.c.a.ConfigurationClassBeanDefinitionReader - Registering bean definition for @Bean method org.springframework.web.servlet.config.annotation.DelegatingWebMvcConfiguration.mvcContentNegotiationManager()
06:58:20.566 [main] DEBUG o.s.c.a.ConfigurationClassBeanDefinitionReader - Registering bean definition for @Bean method org.springframework.web.servlet.config.annotation.DelegatingWebMvcConfiguration.viewControllerHandlerMapping()
06:58:20.566 [main] DEBUG o.s.c.a.ConfigurationClassBeanDefinitionReader - Registering bean definition for @Bean method org.springframework.web.servlet.config.annotation.DelegatingWebMvcConfiguration.beanNameHandlerMapping()
06:58:20.566 [main] DEBUG o.s.c.a.ConfigurationClassBeanDefinitionReader - Registering bean definition for @Bean method org.springframework.web.servlet.config.annotation.DelegatingWebMvcConfiguration.resourceHandlerMapping()
06:58:20.566 [main] DEBUG o.s.c.a.ConfigurationClassBeanDefinitionReader - Registering bean definition for @Bean method org.springframework.web.servlet.config.annotation.DelegatingWebMvcConfiguration.mvcResourceUrlProvider()
06:58:20.566 [main] DEBUG o.s.c.a.ConfigurationClassBeanDefinitionReader - Registering bean definition for @Bean method org.springframework.web.servlet.config.annotation.DelegatingWebMvcConfiguration.defaultServletHandlerMapping()
06:58:20.566 [main] DEBUG o.s.c.a.ConfigurationClassBeanDefinitionReader - Registering bean definition for @Bean method org.springframework.web.servlet.config.annotation.DelegatingWebMvcConfiguration.requestMappingHandlerAdapter()
06:58:20.566 [main] DEBUG o.s.c.a.ConfigurationClassBeanDefinitionReader - Registering bean definition for @Bean method org.springframework.web.servlet.config.annotation.DelegatingWebMvcConfiguration.mvcValidator()
06:58:20.566 [main] DEBUG o.s.c.a.ConfigurationClassBeanDefinitionReader - Registering bean definition for @Bean method org.springframework.web.servlet.config.annotation.DelegatingWebMvcConfiguration.mvcUriComponentsContributor()
06:58:20.567 [main] DEBUG o.s.c.a.ConfigurationClassBeanDefinitionReader - Registering bean definition for @Bean method org.springframework.web.servlet.config.annotation.DelegatingWebMvcConfiguration.httpRequestHandlerAdapter()
06:58:20.567 [main] DEBUG o.s.c.a.ConfigurationClassBeanDefinitionReader - Registering bean definition for @Bean method org.springframework.web.servlet.config.annotation.DelegatingWebMvcConfiguration.simpleControllerHandlerAdapter()
06:58:20.567 [main] DEBUG o.s.c.a.ConfigurationClassBeanDefinitionReader - Registering bean definition for @Bean method org.springframework.web.servlet.config.annotation.DelegatingWebMvcConfiguration.handlerExceptionResolver()
06:58:20.567 [main] DEBUG o.s.c.a.ConfigurationClassBeanDefinitionReader - Registering bean definition for @Bean method org.springframework.web.servlet.config.annotation.DelegatingWebMvcConfiguration.mvcViewResolver()
06:58:20.567 [main] DEBUG o.s.c.a.ConfigurationClassBeanDefinitionReader - Registered bean definition for imported class 'org.springframework.security.config.annotation.method.configuration.GlobalMethodSecurityConfiguration'
06:58:20.567 [main] DEBUG o.s.c.a.ConfigurationClassBeanDefinitionReader - Registering bean definition for @Bean method org.springframework.security.config.annotation.method.configuration.GlobalMethodSecurityConfiguration.methodSecurityInterceptor()
06:58:20.567 [main] DEBUG o.s.c.a.ConfigurationClassBeanDefinitionReader - Registering bean definition for @Bean method org.springframework.security.config.annotation.method.configuration.GlobalMethodSecurityConfiguration.methodSecurityMetadataSource()
06:58:20.567 [main] DEBUG o.s.c.a.ConfigurationClassBeanDefinitionReader - Registering bean definition for @Bean method org.springframework.security.config.annotation.method.configuration.GlobalMethodSecurityConfiguration.preInvocationAuthorizationAdvice()
06:58:20.567 [main] DEBUG o.s.c.a.ConfigurationClassBeanDefinitionReader - Registering bean definition for @Bean method edu.ncsu.csc.itrust2.mvc.config.WebMvcConfiguration.viewResolver()
06:58:20.567 [main] DEBUG o.s.c.a.ConfigurationClassBeanDefinitionReader - Registering bean definition for @Bean method edu.ncsu.csc.itrust2.mvc.config.WebMvcConfiguration.templateEngine()
06:58:20.567 [main] DEBUG o.s.c.a.ConfigurationClassBeanDefinitionReader - Registering bean definition for @Bean method edu.ncsu.csc.itrust2.mvc.config.WebMvcConfiguration.domainClassConverter()
06:58:20.569 [main] DEBUG o.s.c.a.ConfigurationClassEnhancer - Successfully enhanced edu.ncsu.csc.itrust2.config.RootConfiguration; enhanced class name is: edu.ncsu.csc.itrust2.config.RootConfiguration$$EnhancerBySpringCGLIB$$d6b3470b
06:58:20.569 [main] DEBUG o.s.c.a.ConfigurationClassPostProcessor - Replacing bean definition 'rootConfiguration' existing class 'edu.ncsu.csc.itrust2.config.RootConfiguration' with enhanced class 'edu.ncsu.csc.itrust2.config.RootConfiguration$$EnhancerBySpringCGLIB$$d6b3470b'
06:58:20.569 [main] DEBUG o.s.c.a.ConfigurationClassEnhancer - Successfully enhanced edu.ncsu.csc.itrust2.mvc.config.WebMvcConfiguration; enhanced class name is: edu.ncsu.csc.itrust2.mvc.config.WebMvcConfiguration$$EnhancerBySpringCGLIB$$f35e4a5b
06:58:20.569 [main] DEBUG o.s.c.a.ConfigurationClassPostProcessor - Replacing bean definition 'webMvcConfiguration' existing class 'edu.ncsu.csc.itrust2.mvc.config.WebMvcConfiguration' with enhanced class 'edu.ncsu.csc.itrust2.mvc.config.WebMvcConfiguration$$EnhancerBySpringCGLIB$$f35e4a5b'
06:58:20.569 [main] DEBUG o.s.c.a.ConfigurationClassEnhancer - Successfully enhanced edu.ncsu.csc.itrust2.config.DataConfiguration; enhanced class name is: edu.ncsu.csc.itrust2.config.DataConfiguration$$EnhancerBySpringCGLIB$$1af28c43
06:58:20.569 [main] DEBUG o.s.c.a.ConfigurationClassPostProcessor - Replacing bean definition 'dataConfiguration' existing class 'edu.ncsu.csc.itrust2.config.DataConfiguration' with enhanced class 'edu.ncsu.csc.itrust2.config.DataConfiguration$$EnhancerBySpringCGLIB$$1af28c43'
06:58:20.569 [main] DEBUG o.s.c.a.ConfigurationClassEnhancer - Successfully enhanced edu.ncsu.csc.itrust2.config.SecurityConfig; enhanced class name is: edu.ncsu.csc.itrust2.config.SecurityConfig$$EnhancerBySpringCGLIB$$d7313e7
06:58:20.569 [main] DEBUG o.s.c.a.ConfigurationClassPostProcessor - Replacing bean definition 'securityConfig' existing class 'edu.ncsu.csc.itrust2.config.SecurityConfig' with enhanced class 'edu.ncsu.csc.itrust2.config.SecurityConfig$$EnhancerBySpringCGLIB$$d7313e7'
06:58:20.569 [main] DEBUG o.s.c.a.ConfigurationClassEnhancer - Successfully enhanced org.springframework.security.config.annotation.configuration.ObjectPostProcessorConfiguration; enhanced class name is: org.springframework.security.config.annotation.configuration.ObjectPostProcessorConfiguration$$EnhancerBySpringCGLIB$$1b685db3
06:58:20.569 [main] DEBUG o.s.c.a.ConfigurationClassPostProcessor - Replacing bean definition 'org.springframework.security.config.annotation.configuration.ObjectPostProcessorConfiguration' existing class 'org.springframework.security.config.annotation.configuration.ObjectPostProcessorConfiguration' with enhanced class 'org.springframework.security.config.annotation.configuration.ObjectPostProcessorConfiguration$$EnhancerBySpringCGLIB$$1b685db3'
06:58:20.569 [main] DEBUG o.s.c.a.ConfigurationClassEnhancer - Successfully enhanced org.springframework.security.config.annotation.authentication.configuration.AuthenticationConfiguration; enhanced class name is: org.springframework.security.config.annotation.authentication.configuration.AuthenticationConfiguration$$EnhancerBySpringCGLIB$$67316828
06:58:20.569 [main] DEBUG o.s.c.a.ConfigurationClassPostProcessor - Replacing bean definition 'org.springframework.security.config.annotation.authentication.configuration.AuthenticationConfiguration' existing class 'org.springframework.security.config.annotation.authentication.configuration.AuthenticationConfiguration' with enhanced class 'org.springframework.security.config.annotation.authentication.configuration.AuthenticationConfiguration$$EnhancerBySpringCGLIB$$67316828'
06:58:20.570 [main] DEBUG o.s.c.a.ConfigurationClassEnhancer - Successfully enhanced org.springframework.security.config.annotation.authentication.configuration.AuthenticationConfiguration; enhanced class name is: org.springframework.security.config.annotation.authentication.configuration.AuthenticationConfiguration$$EnhancerBySpringCGLIB$$67316828
06:58:20.570 [main] DEBUG o.s.c.a.ConfigurationClassPostProcessor - Replacing bean definition 'enableGlobalAuthenticationAutowiredConfigurer' existing class 'org.springframework.security.config.annotation.authentication.configuration.AuthenticationConfiguration' with enhanced class 'org.springframework.security.config.annotation.authentication.configuration.AuthenticationConfiguration$$EnhancerBySpringCGLIB$$67316828'
06:58:20.570 [main] DEBUG o.s.c.a.ConfigurationClassEnhancer - Successfully enhanced org.springframework.security.config.annotation.authentication.configuration.AuthenticationConfiguration; enhanced class name is: org.springframework.security.config.annotation.authentication.configuration.AuthenticationConfiguration$$EnhancerBySpringCGLIB$$67316828
06:58:20.570 [main] DEBUG o.s.c.a.ConfigurationClassPostProcessor - Replacing bean definition 'initializeUserDetailsBeanManagerConfigurer' existing class 'org.springframework.security.config.annotation.authentication.configuration.AuthenticationConfiguration' with enhanced class 'org.springframework.security.config.annotation.authentication.configuration.AuthenticationConfiguration$$EnhancerBySpringCGLIB$$67316828'
06:58:20.570 [main] DEBUG o.s.c.a.ConfigurationClassEnhancer - Successfully enhanced org.springframework.security.config.annotation.authentication.configuration.AuthenticationConfiguration; enhanced class name is: org.springframework.security.config.annotation.authentication.configuration.AuthenticationConfiguration$$EnhancerBySpringCGLIB$$67316828
06:58:20.570 [main] DEBUG o.s.c.a.ConfigurationClassPostProcessor - Replacing bean definition 'initializeAuthenticationProviderBeanManagerConfigurer' existing class 'org.springframework.security.config.annotation.authentication.configuration.AuthenticationConfiguration' with enhanced class 'org.springframework.security.config.annotation.authentication.configuration.AuthenticationConfiguration$$EnhancerBySpringCGLIB$$67316828'
06:58:20.570 [main] DEBUG o.s.c.a.ConfigurationClassEnhancer - Successfully enhanced org.springframework.security.config.annotation.web.configuration.WebSecurityConfiguration; enhanced class name is: org.springframework.security.config.annotation.web.configuration.WebSecurityConfiguration$$EnhancerBySpringCGLIB$$29ebc26c
06:58:20.570 [main] DEBUG o.s.c.a.ConfigurationClassPostProcessor - Replacing bean definition 'org.springframework.security.config.annotation.web.configuration.WebSecurityConfiguration' existing class 'org.springframework.security.config.annotation.web.configuration.WebSecurityConfiguration' with enhanced class 'org.springframework.security.config.annotation.web.configuration.WebSecurityConfiguration$$EnhancerBySpringCGLIB$$29ebc26c'
06:58:20.570 [main] DEBUG o.s.c.a.ConfigurationClassEnhancer - Successfully enhanced org.springframework.security.config.annotation.web.configuration.WebSecurityConfiguration; enhanced class name is: org.springframework.security.config.annotation.web.configuration.WebSecurityConfiguration$$EnhancerBySpringCGLIB$$29ebc26c
06:58:20.570 [main] DEBUG o.s.c.a.ConfigurationClassPostProcessor - Replacing bean definition 'delegatingApplicationListener' existing class 'org.springframework.security.config.annotation.web.configuration.WebSecurityConfiguration' with enhanced class 'org.springframework.security.config.annotation.web.configuration.WebSecurityConfiguration$$EnhancerBySpringCGLIB$$29ebc26c'
06:58:20.570 [main] DEBUG o.s.c.a.ConfigurationClassEnhancer - Successfully enhanced org.springframework.web.servlet.config.annotation.DelegatingWebMvcConfiguration; enhanced class name is: org.springframework.web.servlet.config.annotation.DelegatingWebMvcConfiguration$$EnhancerBySpringCGLIB$$477b7aaf
06:58:20.570 [main] DEBUG o.s.c.a.ConfigurationClassPostProcessor - Replacing bean definition 'org.springframework.web.servlet.config.annotation.DelegatingWebMvcConfiguration' existing class 'org.springframework.web.servlet.config.annotation.DelegatingWebMvcConfiguration' with enhanced class 'org.springframework.web.servlet.config.annotation.DelegatingWebMvcConfiguration$$EnhancerBySpringCGLIB$$477b7aaf'
06:58:20.570 [main] DEBUG o.s.c.a.ConfigurationClassEnhancer - Successfully enhanced org.springframework.security.config.annotation.method.configuration.GlobalMethodSecurityConfiguration; enhanced class name is: org.springframework.security.config.annotation.method.configuration.GlobalMethodSecurityConfiguration$$EnhancerBySpringCGLIB$$403d0065
06:58:20.570 [main] DEBUG o.s.c.a.ConfigurationClassPostProcessor - Replacing bean definition 'org.springframework.security.config.annotation.method.configuration.GlobalMethodSecurityConfiguration' existing class 'org.springframework.security.config.annotation.method.configuration.GlobalMethodSecurityConfiguration' with enhanced class 'org.springframework.security.config.annotation.method.configuration.GlobalMethodSecurityConfiguration$$EnhancerBySpringCGLIB$$403d0065'
06:58:20.571 [main] DEBUG o.s.b.f.s.DefaultListableBeanFactory - Creating shared instance of singleton bean 'org.springframework.context.annotation.internalAutowiredAnnotationProcessor'
06:58:20.571 [main] DEBUG o.s.b.f.s.DefaultListableBeanFactory - Creating instance of bean 'org.springframework.context.annotation.internalAutowiredAnnotationProcessor'
06:58:20.571 [main] DEBUG o.s.b.f.s.DefaultListableBeanFactory - Eagerly caching bean 'org.springframework.context.annotation.internalAutowiredAnnotationProcessor' to allow for resolving potential circular references
06:58:20.573 [main] DEBUG o.s.b.f.s.DefaultListableBeanFactory - Finished creating instance of bean 'org.springframework.context.annotation.internalAutowiredAnnotationProcessor'
06:58:20.573 [main] DEBUG o.s.b.f.s.DefaultListableBeanFactory - Creating shared instance of singleton bean 'org.springframework.context.annotation.internalRequiredAnnotationProcessor'
06:58:20.573 [main] DEBUG o.s.b.f.s.DefaultListableBeanFactory - Creating instance of bean 'org.springframework.context.annotation.internalRequiredAnnotationProcessor'
06:58:20.573 [main] DEBUG o.s.b.f.s.DefaultListableBeanFactory - Eagerly caching bean 'org.springframework.context.annotation.internalRequiredAnnotationProcessor' to allow for resolving potential circular references
06:58:20.575 [main] DEBUG o.s.b.f.s.DefaultListableBeanFactory - Finished creating instance of bean 'org.springframework.context.annotation.internalRequiredAnnotationProcessor'
06:58:20.575 [main] DEBUG o.s.b.f.s.DefaultListableBeanFactory - Creating shared instance of singleton bean 'org.springframework.context.annotation.internalCommonAnnotationProcessor'
06:58:20.575 [main] DEBUG o.s.b.f.s.DefaultListableBeanFactory - Creating instance of bean 'org.springframework.context.annotation.internalCommonAnnotationProcessor'
06:58:20.575 [main] DEBUG o.s.b.f.s.DefaultListableBeanFactory - Eagerly caching bean 'org.springframework.context.annotation.internalCommonAnnotationProcessor' to allow for resolving potential circular references
06:58:20.577 [main] DEBUG o.s.b.f.s.DefaultListableBeanFactory - Finished creating instance of bean 'org.springframework.context.annotation.internalCommonAnnotationProcessor'
06:58:20.577 [main] DEBUG o.s.b.f.s.DefaultListableBeanFactory - Creating shared instance of singleton bean 'org.springframework.context.annotation.internalPersistenceAnnotationProcessor'
06:58:20.577 [main] DEBUG o.s.b.f.s.DefaultListableBeanFactory - Creating instance of bean 'org.springframework.context.annotation.internalPersistenceAnnotationProcessor'
06:58:20.577 [main] DEBUG o.s.b.f.s.DefaultListableBeanFactory - Eagerly caching bean 'org.springframework.context.annotation.internalPersistenceAnnotationProcessor' to allow for resolving potential circular references
06:58:20.579 [main] DEBUG o.s.b.f.s.DefaultListableBeanFactory - Finished creating instance of bean 'org.springframework.context.annotation.internalPersistenceAnnotationProcessor'
06:58:20.580 [main] DEBUG o.s.b.f.s.DefaultListableBeanFactory - Creating shared instance of singleton bean 'org.springframework.aop.config.internalAutoProxyCreator'
06:58:20.580 [main] DEBUG o.s.b.f.s.DefaultListableBeanFactory - Creating instance of bean 'org.springframework.aop.config.internalAutoProxyCreator'
06:58:20.580 [main] DEBUG o.s.b.f.s.DefaultListableBeanFactory - Eagerly caching bean 'org.springframework.aop.config.internalAutoProxyCreator' to allow for resolving potential circular references
06:58:20.582 [main] DEBUG o.s.b.f.s.DefaultListableBeanFactory - Finished creating instance of bean 'org.springframework.aop.config.internalAutoProxyCreator'
06:58:20.582 [main] DEBUG o.s.w.c.s.GenericWebApplicationContext - Unable to locate MessageSource with name 'messageSource': using default [org.springframework.context.support.DelegatingMessageSource@4c3bef76]
06:58:20.582 [main] DEBUG o.s.w.c.s.GenericWebApplicationContext - Unable to locate ApplicationEventMulticaster with name 'applicationEventMulticaster': using default [org.springframework.context.event.SimpleApplicationEventMulticaster@50d17a9a]
06:58:20.582 [main] DEBUG o.s.u.c.s.UiApplicationContextUtils - Unable to locate ThemeSource with name 'themeSource': using default [org.springframework.ui.context.support.ResourceBundleThemeSource@425ac7db]
06:58:20.583 [main] DEBUG o.s.b.f.s.DefaultListableBeanFactory - Pre-instantiating singletons in org.springframework.beans.factory.support.DefaultListableBeanFactory@33864c87: defining beans [org.springframework.context.annotation.internalConfigurationAnnotationProcessor,org.springframework.context.annotation.internalAutowiredAnnotationProcessor,org.springframework.context.annotation.internalRequiredAnnotationProcessor,org.springframework.context.annotation.internalCommonAnnotationProcessor,org.springframework.context.annotation.internalPersistenceAnnotationProcessor,org.springframework.context.event.internalEventListenerProcessor,org.springframework.context.event.internalEventListenerFactory,rootConfiguration,webMvcConfiguration,dataConfiguration,loginAuditingListener,securityConfig,defaultController,adminController,adminUserController,hospitalController,ICDCodesController,APIAppointmentRequestController,APIDiagnosisController,APIDrugController,APIEnumController,APIHospitalController,APIICDCodeController,APILogEntryController,APIOfficeVisitController,APIPasswordController,APIPatientController,APIPersonnelController,APIPrescriptionController,APIUserController,appointmentControllerHCP,HCPController,officeVisitController,appointmentController,diagnosesController,patientController,passwordController,userController,dataSource,org.springframework.security.config.annotation.configuration.ObjectPostProcessorConfiguration,objectPostProcessor,org.springframework.security.config.annotation.authentication.configuration.AuthenticationConfiguration,authenticationManagerBuilder,enableGlobalAuthenticationAutowiredConfigurer,initializeUserDetailsBeanManagerConfigurer,initializeAuthenticationProviderBeanManagerConfigurer,org.springframework.security.config.annotation.web.configuration.WebSecurityConfiguration,delegatingApplicationListener,webSecurityExpressionHandler,springSecurityFilterChain,privilegeEvaluator,autowiredWebSecurityConfigurersIgnoreParents,org.springframework.security.config.annotation.web.configuration.WebMvcSecurityConfiguration,requestDataValueProcessor,passwordEncoder,defaultAuthenticationEventPublisher,failureHandler,ipBlockFilter,org.springframework.web.servlet.config.annotation.DelegatingWebMvcConfiguration,mvcConversionService,requestMappingHandlerMapping,mvcPathMatcher,mvcUrlPathHelper,mvcContentNegotiationManager,viewControllerHandlerMapping,beanNameHandlerMapping,resourceHandlerMapping,mvcResourceUrlProvider,defaultServletHandlerMapping,requestMappingHandlerAdapter,mvcValidator,mvcUriComponentsContributor,httpRequestHandlerAdapter,simpleControllerHandlerAdapter,handlerExceptionResolver,mvcViewResolver,org.springframework.security.config.annotation.method.configuration.GlobalMethodSecurityConfiguration,methodSecurityInterceptor,methodSecurityMetadataSource,preInvocationAuthorizationAdvice,viewResolver,templateEngine,domainClassConverter,metaDataSourceAdvisor,org.springframework.aop.config.internalAutoProxyCreator]; root of factory hierarchy
06:58:20.583 [main] DEBUG o.s.b.f.s.DefaultListableBeanFactory - Returning cached instance of singleton bean 'org.springframework.context.annotation.internalConfigurationAnnotationProcessor'
06:58:20.583 [main] DEBUG o.s.b.f.s.DefaultListableBeanFactory - Returning cached instance of singleton bean 'org.springframework.context.annotation.internalAutowiredAnnotationProcessor'
06:58:20.583 [main] DEBUG o.s.b.f.s.DefaultListableBeanFactory - Returning cached instance of singleton bean 'org.springframework.context.annotation.internalRequiredAnnotationProcessor'
06:58:20.583 [main] DEBUG o.s.b.f.s.DefaultListableBeanFactory - Returning cached instance of singleton bean 'org.springframework.context.annotation.internalCommonAnnotationProcessor'
06:58:20.583 [main] DEBUG o.s.b.f.s.DefaultListableBeanFactory - Returning cached instance of singleton bean 'org.springframework.context.annotation.internalPersistenceAnnotationProcessor'
06:58:20.583 [main] DEBUG o.s.b.f.s.DefaultListableBeanFactory - Creating shared instance of singleton bean 'org.springframework.context.event.internalEventListenerProcessor'
06:58:20.583 [main] DEBUG o.s.b.f.s.DefaultListableBeanFactory - Creating instance of bean 'org.springframework.context.event.internalEventListenerProcessor'
06:58:20.583 [main] DEBUG o.s.b.f.s.DefaultListableBeanFactory - Eagerly caching bean 'org.springframework.context.event.internalEventListenerProcessor' to allow for resolving potential circular references
06:58:20.584 [main] DEBUG o.s.b.f.s.DefaultListableBeanFactory - Creating shared instance of singleton bean 'metaDataSourceAdvisor'
06:58:20.584 [main] DEBUG o.s.b.f.s.DefaultListableBeanFactory - Creating instance of bean 'metaDataSourceAdvisor'
06:58:20.584 [main] DEBUG o.s.b.f.s.DefaultListableBeanFactory - Creating shared instance of singleton bean 'methodSecurityMetadataSource'
06:58:20.584 [main] DEBUG o.s.b.f.s.DefaultListableBeanFactory - Creating instance of bean 'methodSecurityMetadataSource'
06:58:20.584 [main] DEBUG o.s.b.f.s.DefaultListableBeanFactory - Creating shared instance of singleton bean 'org.springframework.security.config.annotation.method.configuration.GlobalMethodSecurityConfiguration'
06:58:20.584 [main] DEBUG o.s.b.f.s.DefaultListableBeanFactory - Creating instance of bean 'org.springframework.security.config.annotation.method.configuration.GlobalMethodSecurityConfiguration'
06:58:20.586 [main] DEBUG o.s.b.f.annotation.InjectionMetadata - Registered injected element on class [org.springframework.security.config.annotation.method.configuration.GlobalMethodSecurityConfiguration$$EnhancerBySpringCGLIB$$403d0065]: AutowiredMethodElement for public void org.springframework.security.config.annotation.method.configuration.GlobalMethodSecurityConfiguration.setApplicationContext(org.springframework.context.ApplicationContext)
06:58:20.586 [main] DEBUG o.s.b.f.annotation.InjectionMetadata - Registered injected element on class [org.springframework.security.config.annotation.method.configuration.GlobalMethodSecurityConfiguration$$EnhancerBySpringCGLIB$$403d0065]: AutowiredMethodElement for public void org.springframework.security.config.annotation.method.configuration.GlobalMethodSecurityConfiguration.setJsr250MethodSecurityMetadataSource(org.springframework.security.access.annotation.Jsr250MethodSecurityMetadataSource)
06:58:20.586 [main] DEBUG o.s.b.f.annotation.InjectionMetadata - Registered injected element on class [org.springframework.security.config.annotation.method.configuration.GlobalMethodSecurityConfiguration$$EnhancerBySpringCGLIB$$403d0065]: AutowiredMethodElement for public void org.springframework.security.config.annotation.method.configuration.GlobalMethodSecurityConfiguration.setMethodSecurityExpressionHandler(java.util.List)
06:58:20.586 [main] DEBUG o.s.b.f.annotation.InjectionMetadata - Registered injected element on class [org.springframework.security.config.annotation.method.configuration.GlobalMethodSecurityConfiguration$$EnhancerBySpringCGLIB$$403d0065]: AutowiredMethodElement for public void org.springframework.security.config.annotation.method.configuration.GlobalMethodSecurityConfiguration.setObjectPostProcessor(org.springframework.security.config.annotation.ObjectPostProcessor)
06:58:20.586 [main] DEBUG o.s.b.f.s.DefaultListableBeanFactory - Eagerly caching bean 'org.springframework.security.config.annotation.method.configuration.GlobalMethodSecurityConfiguration' to allow for resolving potential circular references
06:58:20.586 [main] DEBUG o.s.b.f.annotation.InjectionMetadata - Processing injected element of bean 'org.springframework.security.config.annotation.method.configuration.GlobalMethodSecurityConfiguration': AutowiredMethodElement for public void org.springframework.security.config.annotation.method.configuration.GlobalMethodSecurityConfiguration.setApplicationContext(org.springframework.context.ApplicationContext)
06:58:20.586 [main] DEBUG o.s.b.f.a.AutowiredAnnotationBeanPostProcessor - Autowiring by type from bean name 'org.springframework.security.config.annotation.method.configuration.GlobalMethodSecurityConfiguration' to bean named 'org.springframework.web.context.support.GenericWebApplicationContext@60e7e8a8'
06:58:20.586 [main] DEBUG o.s.b.f.annotation.InjectionMetadata - Processing injected element of bean 'org.springframework.security.config.annotation.method.configuration.GlobalMethodSecurityConfiguration': AutowiredMethodElement for public void org.springframework.security.config.annotation.method.configuration.GlobalMethodSecurityConfiguration.setJsr250MethodSecurityMetadataSource(org.springframework.security.access.annotation.Jsr250MethodSecurityMetadataSource)
06:58:20.587 [main] DEBUG o.s.b.f.annotation.InjectionMetadata - Processing injected element of bean 'org.springframework.security.config.annotation.method.configuration.GlobalMethodSecurityConfiguration': AutowiredMethodElement for public void org.springframework.security.config.annotation.method.configuration.GlobalMethodSecurityConfiguration.setMethodSecurityExpressionHandler(java.util.List)
06:58:20.587 [main] DEBUG o.s.b.f.annotation.InjectionMetadata - Processing injected element of bean 'org.springframework.security.config.annotation.method.configuration.GlobalMethodSecurityConfiguration': AutowiredMethodElement for public void org.springframework.security.config.annotation.method.configuration.GlobalMethodSecurityConfiguration.setObjectPostProcessor(org.springframework.security.config.annotation.ObjectPostProcessor)
06:58:20.587 [main] DEBUG o.s.b.f.s.DefaultListableBeanFactory - Creating shared instance of singleton bean 'objectPostProcessor'
06:58:20.587 [main] DEBUG o.s.b.f.s.DefaultListableBeanFactory - Creating instance of bean 'objectPostProcessor'
06:58:20.587 [main] DEBUG o.s.b.f.s.DefaultListableBeanFactory - Creating shared instance of singleton bean 'org.springframework.security.config.annotation.configuration.ObjectPostProcessorConfiguration'
06:58:20.587 [main] DEBUG o.s.b.f.s.DefaultListableBeanFactory - Creating instance of bean 'org.springframework.security.config.annotation.configuration.ObjectPostProcessorConfiguration'
06:58:20.587 [main] DEBUG o.s.b.f.s.DefaultListableBeanFactory - Eagerly caching bean 'org.springframework.security.config.annotation.configuration.ObjectPostProcessorConfiguration' to allow for resolving potential circular references
06:58:20.588 [main] DEBUG o.s.a.f.a.BeanFactoryAdvisorRetrievalHelper - Skipping currently created advisor 'metaDataSourceAdvisor'
06:58:20.588 [main] DEBUG o.s.b.f.s.DefaultListableBeanFactory - Finished creating instance of bean 'org.springframework.security.config.annotation.configuration.ObjectPostProcessorConfiguration'
06:58:20.589 [main] DEBUG o.s.b.f.s.DefaultListableBeanFactory - Autowiring by type from bean name 'objectPostProcessor' via factory method to bean named 'org.springframework.beans.factory.support.DefaultListableBeanFactory@33864c87'
06:58:20.589 [main] DEBUG o.s.b.f.s.DefaultListableBeanFactory - Eagerly caching bean 'objectPostProcessor' to allow for resolving potential circular references
06:58:20.591 [main] DEBUG o.s.a.f.a.BeanFactoryAdvisorRetrievalHelper - Skipping currently created advisor 'metaDataSourceAdvisor'
06:58:20.591 [main] DEBUG o.s.b.f.s.DefaultListableBeanFactory - Finished creating instance of bean 'objectPostProcessor'
06:58:20.591 [main] DEBUG o.s.b.f.a.AutowiredAnnotationBeanPostProcessor - Autowiring by type from bean name 'org.springframework.security.config.annotation.method.configuration.GlobalMethodSecurityConfiguration' to bean named 'objectPostProcessor'
06:58:20.592 [main] DEBUG o.s.b.f.s.DefaultListableBeanFactory - Returning cached instance of singleton bean 'org.springframework.context.annotation.ConfigurationClassPostProcessor.importRegistry'
06:58:20.593 [main] DEBUG o.s.a.f.a.BeanFactoryAdvisorRetrievalHelper - Skipping currently created advisor 'metaDataSourceAdvisor'
06:58:20.593 [main] DEBUG o.s.b.f.s.DefaultListableBeanFactory - Finished creating instance of bean 'org.springframework.security.config.annotation.method.configuration.GlobalMethodSecurityConfiguration'
06:58:20.593 [main] DEBUG o.s.b.f.s.DefaultListableBeanFactory - Eagerly caching bean 'methodSecurityMetadataSource' to allow for resolving potential circular references
06:58:20.594 [main] DEBUG o.s.b.f.s.DefaultListableBeanFactory - Finished creating instance of bean 'methodSecurityMetadataSource'
06:58:20.595 [main] DEBUG o.s.b.f.s.DefaultListableBeanFactory - Eagerly caching bean 'metaDataSourceAdvisor' to allow for resolving potential circular references
06:58:20.597 [main] DEBUG o.s.b.f.s.DefaultListableBeanFactory - Finished creating instance of bean 'metaDataSourceAdvisor'
06:58:20.597 [main] DEBUG o.s.b.f.s.DefaultListableBeanFactory - Finished creating instance of bean 'org.springframework.context.event.internalEventListenerProcessor'
06:58:20.597 [main] DEBUG o.s.b.f.s.DefaultListableBeanFactory - Creating shared instance of singleton bean 'org.springframework.context.event.internalEventListenerFactory'
06:58:20.597 [main] DEBUG o.s.b.f.s.DefaultListableBeanFactory - Creating instance of bean 'org.springframework.context.event.internalEventListenerFactory'
06:58:20.598 [main] DEBUG o.s.b.f.s.DefaultListableBeanFactory - Eagerly caching bean 'org.springframework.context.event.internalEventListenerFactory' to allow for resolving potential circular references
06:58:20.599 [main] DEBUG o.s.b.f.s.DefaultListableBeanFactory - Returning cached instance of singleton bean 'metaDataSourceAdvisor'
06:58:20.599 [main] DEBUG o.s.b.f.s.DefaultListableBeanFactory - Finished creating instance of bean 'org.springframework.context.event.internalEventListenerFactory'
06:58:20.599 [main] DEBUG o.s.b.f.s.DefaultListableBeanFactory - Creating shared instance of singleton bean 'rootConfiguration'
06:58:20.599 [main] DEBUG o.s.b.f.s.DefaultListableBeanFactory - Creating instance of bean 'rootConfiguration'
06:58:20.599 [main] DEBUG o.s.b.f.s.DefaultListableBeanFactory - Eagerly caching bean 'rootConfiguration' to allow for resolving potential circular references
06:58:20.600 [main] DEBUG o.s.b.f.s.DefaultListableBeanFactory - Returning cached instance of singleton bean 'metaDataSourceAdvisor'
06:58:20.600 [main] DEBUG o.s.b.f.s.DefaultListableBeanFactory - Finished creating instance of bean 'rootConfiguration'
06:58:20.601 [main] DEBUG o.s.b.f.s.DefaultListableBeanFactory - Creating shared instance of singleton bean 'webMvcConfiguration'
06:58:20.601 [main] DEBUG o.s.b.f.s.DefaultListableBeanFactory - Creating instance of bean 'webMvcConfiguration'
06:58:20.601 [main] DEBUG o.s.b.f.annotation.InjectionMetadata - Registered injected element on class [edu.ncsu.csc.itrust2.mvc.config.WebMvcConfiguration$$EnhancerBySpringCGLIB$$f35e4a5b]: AutowiredFieldElement for private org.springframework.context.ApplicationContext edu.ncsu.csc.itrust2.mvc.config.WebMvcConfiguration.applicationContext
06:58:20.601 [main] DEBUG o.s.b.f.annotation.InjectionMetadata - Registered injected element on class [edu.ncsu.csc.itrust2.mvc.config.WebMvcConfiguration$$EnhancerBySpringCGLIB$$f35e4a5b]: AutowiredFieldElement for private org.springframework.format.support.FormattingConversionService edu.ncsu.csc.itrust2.mvc.config.WebMvcConfiguration.mvcConversionService
06:58:20.601 [main] DEBUG o.s.b.f.s.DefaultListableBeanFactory - Eagerly caching bean 'webMvcConfiguration' to allow for resolving potential circular references
06:58:20.602 [main] DEBUG o.s.b.f.annotation.InjectionMetadata - Processing injected element of bean 'webMvcConfiguration': AutowiredFieldElement for private org.springframework.context.ApplicationContext edu.ncsu.csc.itrust2.mvc.config.WebMvcConfiguration.applicationContext
06:58:20.602 [main] DEBUG o.s.b.f.a.AutowiredAnnotationBeanPostProcessor - Autowiring by type from bean name 'webMvcConfiguration' to bean named 'org.springframework.web.context.support.GenericWebApplicationContext@60e7e8a8'
06:58:20.602 [main] DEBUG o.s.b.f.annotation.InjectionMetadata - Processing injected element of bean 'webMvcConfiguration': AutowiredFieldElement for private org.springframework.format.support.FormattingConversionService edu.ncsu.csc.itrust2.mvc.config.WebMvcConfiguration.mvcConversionService
06:58:20.602 [main] DEBUG o.s.b.f.s.DefaultListableBeanFactory - Creating shared instance of singleton bean 'mvcConversionService'
06:58:20.602 [main] DEBUG o.s.b.f.s.DefaultListableBeanFactory - Creating instance of bean 'mvcConversionService'
06:58:20.603 [main] DEBUG o.s.b.f.s.DefaultListableBeanFactory - Creating shared instance of singleton bean 'org.springframework.web.servlet.config.annotation.DelegatingWebMvcConfiguration'
06:58:20.603 [main] DEBUG o.s.b.f.s.DefaultListableBeanFactory - Creating instance of bean 'org.springframework.web.servlet.config.annotation.DelegatingWebMvcConfiguration'
06:58:20.604 [main] DEBUG o.s.b.f.annotation.InjectionMetadata - Registered injected element on class [org.springframework.web.servlet.config.annotation.DelegatingWebMvcConfiguration$$EnhancerBySpringCGLIB$$477b7aaf]: AutowiredMethodElement for public void org.springframework.web.servlet.config.annotation.DelegatingWebMvcConfiguration.setConfigurers(java.util.List)
06:58:20.604 [main] DEBUG o.s.b.f.s.DefaultListableBeanFactory - Eagerly caching bean 'org.springframework.web.servlet.config.annotation.DelegatingWebMvcConfiguration' to allow for resolving potential circular references
06:58:20.604 [main] DEBUG o.s.b.f.annotation.InjectionMetadata - Processing injected element of bean 'org.springframework.web.servlet.config.annotation.DelegatingWebMvcConfiguration': AutowiredMethodElement for public void org.springframework.web.servlet.config.annotation.DelegatingWebMvcConfiguration.setConfigurers(java.util.List)
06:58:20.605 [main] DEBUG o.s.b.f.s.DefaultListableBeanFactory - Returning cached instance of singleton bean 'metaDataSourceAdvisor'
06:58:20.608 [main] DEBUG o.s.b.f.s.DefaultListableBeanFactory - Returning eagerly cached instance of singleton bean 'webMvcConfiguration' that is not fully initialized yet - a consequence of a circular reference
06:58:20.608 [main] DEBUG o.s.b.f.s.DefaultListableBeanFactory - Creating shared instance of singleton bean 'org.springframework.security.config.annotation.web.configuration.WebMvcSecurityConfiguration'
06:58:20.608 [main] DEBUG o.s.b.f.s.DefaultListableBeanFactory - Creating instance of bean 'org.springframework.security.config.annotation.web.configuration.WebMvcSecurityConfiguration'
06:58:20.608 [main] DEBUG o.s.b.f.s.DefaultListableBeanFactory - Eagerly caching bean 'org.springframework.security.config.annotation.web.configuration.WebMvcSecurityConfiguration' to allow for resolving potential circular references
06:58:20.609 [main] DEBUG o.s.b.f.s.DefaultListableBeanFactory - Returning cached instance of singleton bean 'metaDataSourceAdvisor'
06:58:20.610 [main] DEBUG o.s.b.f.s.DefaultListableBeanFactory - Finished creating instance of bean 'org.springframework.security.config.annotation.web.configuration.WebMvcSecurityConfiguration'
06:58:20.610 [main] DEBUG o.s.b.f.a.AutowiredAnnotationBeanPostProcessor - Autowiring by type from bean name 'org.springframework.web.servlet.config.annotation.DelegatingWebMvcConfiguration' to bean named 'webMvcConfiguration'
06:58:20.610 [main] DEBUG o.s.b.f.a.AutowiredAnnotationBeanPostProcessor - Autowiring by type from bean name 'org.springframework.web.servlet.config.annotation.DelegatingWebMvcConfiguration' to bean named 'org.springframework.security.config.annotation.web.configuration.WebMvcSecurityConfiguration'
06:58:20.610 [main] DEBUG o.s.b.f.s.DefaultListableBeanFactory - Returning cached instance of singleton bean 'metaDataSourceAdvisor'
06:58:20.614 [main] DEBUG o.s.b.f.s.DefaultListableBeanFactory - Finished creating instance of bean 'org.springframework.web.servlet.config.annotation.DelegatingWebMvcConfiguration'
06:58:20.615 [main] DEBUG o.s.b.f.s.DefaultListableBeanFactory - Eagerly caching bean 'mvcConversionService' to allow for resolving potential circular references
06:58:20.617 [main] DEBUG o.s.b.f.s.DefaultListableBeanFactory - Returning cached instance of singleton bean 'metaDataSourceAdvisor'
06:58:20.618 [main] DEBUG o.s.b.f.s.DefaultListableBeanFactory - Finished creating instance of bean 'mvcConversionService'
06:58:20.618 [main] DEBUG o.s.b.f.a.AutowiredAnnotationBeanPostProcessor - Autowiring by type from bean name 'webMvcConfiguration' to bean named 'mvcConversionService'
06:58:20.618 [main] DEBUG o.s.b.f.s.DefaultListableBeanFactory - Finished creating instance of bean 'webMvcConfiguration'
06:58:20.618 [main] DEBUG o.s.b.f.s.DefaultListableBeanFactory - Creating shared instance of singleton bean 'dataConfiguration'
06:58:20.618 [main] DEBUG o.s.b.f.s.DefaultListableBeanFactory - Creating instance of bean 'dataConfiguration'
06:58:20.618 [main] DEBUG o.s.b.f.s.DefaultListableBeanFactory - Eagerly caching bean 'dataConfiguration' to allow for resolving potential circular references
06:58:20.619 [main] DEBUG o.s.b.f.s.DefaultListableBeanFactory - Returning cached instance of singleton bean 'metaDataSourceAdvisor'
06:58:20.619 [main] DEBUG o.s.b.f.s.DefaultListableBeanFactory - Finished creating instance of bean 'dataConfiguration'
06:58:20.619 [main] DEBUG o.s.b.f.s.DefaultListableBeanFactory - Creating shared instance of singleton bean 'loginAuditingListener'
06:58:20.619 [main] DEBUG o.s.b.f.s.DefaultListableBeanFactory - Creating instance of bean 'loginAuditingListener'
06:58:20.619 [main] DEBUG o.s.b.f.s.DefaultListableBeanFactory - Eagerly caching bean 'loginAuditingListener' to allow for resolving potential circular references
06:58:20.620 [main] DEBUG o.s.b.f.s.DefaultListableBeanFactory - Returning cached instance of singleton bean 'metaDataSourceAdvisor'
06:58:20.620 [main] DEBUG o.s.b.f.s.DefaultListableBeanFactory - Finished creating instance of bean 'loginAuditingListener'
06:58:20.620 [main] DEBUG o.s.b.f.s.DefaultListableBeanFactory - Creating shared instance of singleton bean 'securityConfig'
06:58:20.620 [main] DEBUG o.s.b.f.s.DefaultListableBeanFactory - Creating instance of bean 'securityConfig'
06:58:20.622 [main] DEBUG o.s.b.f.annotation.InjectionMetadata - Registered injected element on class [edu.ncsu.csc.itrust2.config.SecurityConfig$$EnhancerBySpringCGLIB$$d7313e7]: AutowiredMethodElement for public void org.springframework.security.config.annotation.web.configuration.WebSecurityConfigurerAdapter.setApplicationContext(org.springframework.context.ApplicationContext)
06:58:20.622 [main] DEBUG o.s.b.f.annotation.InjectionMetadata - Registered injected element on class [edu.ncsu.csc.itrust2.config.SecurityConfig$$EnhancerBySpringCGLIB$$d7313e7]: AutowiredMethodElement for public void org.springframework.security.config.annotation.web.configuration.WebSecurityConfigurerAdapter.setContentNegotationStrategy(org.springframework.web.accept.ContentNegotiationStrategy)
06:58:20.622 [main] DEBUG o.s.b.f.annotation.InjectionMetadata - Registered injected element on class [edu.ncsu.csc.itrust2.config.SecurityConfig$$EnhancerBySpringCGLIB$$d7313e7]: AutowiredMethodElement for public void org.springframework.security.config.annotation.web.configuration.WebSecurityConfigurerAdapter.setAuthenticationConfiguration(org.springframework.security.config.annotation.authentication.configuration.AuthenticationConfiguration)
06:58:20.622 [main] DEBUG o.s.b.f.annotation.InjectionMetadata - Registered injected element on class [edu.ncsu.csc.itrust2.config.SecurityConfig$$EnhancerBySpringCGLIB$$d7313e7]: AutowiredMethodElement for public void org.springframework.security.config.annotation.web.configuration.WebSecurityConfigurerAdapter.setTrustResolver(org.springframework.security.authentication.AuthenticationTrustResolver)
06:58:20.622 [main] DEBUG o.s.b.f.annotation.InjectionMetadata - Registered injected element on class [edu.ncsu.csc.itrust2.config.SecurityConfig$$EnhancerBySpringCGLIB$$d7313e7]: AutowiredMethodElement for public void org.springframework.security.config.annotation.web.configuration.WebSecurityConfigurerAdapter.setObjectPostProcessor(org.springframework.security.config.annotation.ObjectPostProcessor)
06:58:20.622 [main] DEBUG o.s.b.f.annotation.InjectionMetadata - Registered injected element on class [edu.ncsu.csc.itrust2.config.SecurityConfig$$EnhancerBySpringCGLIB$$d7313e7]: AutowiredFieldElement for javax.sql.DataSource edu.ncsu.csc.itrust2.config.SecurityConfig.dataSource
06:58:20.622 [main] DEBUG o.s.b.f.annotation.InjectionMetadata - Registered injected element on class [edu.ncsu.csc.itrust2.config.SecurityConfig$$EnhancerBySpringCGLIB$$d7313e7]: AutowiredMethodElement for public void edu.ncsu.csc.itrust2.config.SecurityConfig.configureGlobal(org.springframework.security.config.annotation.authentication.builders.AuthenticationManagerBuilder) throws java.lang.Exception
06:58:20.622 [main] DEBUG o.s.b.f.s.DefaultListableBeanFactory - Eagerly caching bean 'securityConfig' to allow for resolving potential circular references
06:58:20.622 [main] DEBUG o.s.b.f.annotation.InjectionMetadata - Processing injected element of bean 'securityConfig': AutowiredMethodElement for public void org.springframework.security.config.annotation.web.configuration.WebSecurityConfigurerAdapter.setApplicationContext(org.springframework.context.ApplicationContext)
06:58:20.622 [main] DEBUG o.s.b.f.a.AutowiredAnnotationBeanPostProcessor - Autowiring by type from bean name 'securityConfig' to bean named 'org.springframework.web.context.support.GenericWebApplicationContext@60e7e8a8'
06:58:20.622 [main] DEBUG o.s.b.f.annotation.InjectionMetadata - Processing injected element of bean 'securityConfig': AutowiredMethodElement for public void org.springframework.security.config.annotation.web.configuration.WebSecurityConfigurerAdapter.setContentNegotationStrategy(org.springframework.web.accept.ContentNegotiationStrategy)
06:58:20.622 [main] DEBUG o.s.b.f.s.DefaultListableBeanFactory - Creating shared instance of singleton bean 'mvcContentNegotiationManager'
06:58:20.622 [main] DEBUG o.s.b.f.s.DefaultListableBeanFactory - Creating instance of bean 'mvcContentNegotiationManager'
06:58:20.622 [main] DEBUG o.s.b.f.s.DefaultListableBeanFactory - Returning cached instance of singleton bean 'org.springframework.web.servlet.config.annotation.DelegatingWebMvcConfiguration'
06:58:20.623 [main] DEBUG o.s.b.f.s.DefaultListableBeanFactory - Eagerly caching bean 'mvcContentNegotiationManager' to allow for resolving potential circular references
06:58:20.624 [main] DEBUG o.s.b.f.s.DefaultListableBeanFactory - Returning cached instance of singleton bean 'metaDataSourceAdvisor'
06:58:20.624 [main] DEBUG o.s.b.f.s.DefaultListableBeanFactory - Finished creating instance of bean 'mvcContentNegotiationManager'
06:58:20.625 [main] DEBUG o.s.b.f.a.AutowiredAnnotationBeanPostProcessor - Autowiring by type from bean name 'securityConfig' to bean named 'mvcContentNegotiationManager'
06:58:20.625 [main] DEBUG o.s.b.f.annotation.InjectionMetadata - Processing injected element of bean 'securityConfig': AutowiredMethodElement for public void org.springframework.security.config.annotation.web.configuration.WebSecurityConfigurerAdapter.setAuthenticationConfiguration(org.springframework.security.config.annotation.authentication.configuration.AuthenticationConfiguration)
06:58:20.625 [main] DEBUG o.s.b.f.s.DefaultListableBeanFactory - Creating shared instance of singleton bean 'org.springframework.security.config.annotation.authentication.configuration.AuthenticationConfiguration'
06:58:20.625 [main] DEBUG o.s.b.f.s.DefaultListableBeanFactory - Creating instance of bean 'org.springframework.security.config.annotation.authentication.configuration.AuthenticationConfiguration'
06:58:20.626 [main] DEBUG o.s.b.f.annotation.InjectionMetadata - Registered injected element on class [org.springframework.security.config.annotation.authentication.configuration.AuthenticationConfiguration$$EnhancerBySpringCGLIB$$67316828]: AutowiredMethodElement for public void org.springframework.security.config.annotation.authentication.configuration.AuthenticationConfiguration.setApplicationContext(org.springframework.context.ApplicationContext)
06:58:20.626 [main] DEBUG o.s.b.f.annotation.InjectionMetadata - Registered injected element on class [org.springframework.security.config.annotation.authentication.configuration.AuthenticationConfiguration$$EnhancerBySpringCGLIB$$67316828]: AutowiredMethodElement for public void org.springframework.security.config.annotation.authentication.configuration.AuthenticationConfiguration.setGlobalAuthenticationConfigurers(java.util.List) throws java.lang.Exception
06:58:20.626 [main] DEBUG o.s.b.f.annotation.InjectionMetadata - Registered injected element on class [org.springframework.security.config.annotation.authentication.configuration.AuthenticationConfiguration$$EnhancerBySpringCGLIB$$67316828]: AutowiredMethodElement for public void org.springframework.security.config.annotation.authentication.configuration.AuthenticationConfiguration.setObjectPostProcessor(org.springframework.security.config.annotation.ObjectPostProcessor)
06:58:20.626 [main] DEBUG o.s.b.f.s.DefaultListableBeanFactory - Eagerly caching bean 'org.springframework.security.config.annotation.authentication.configuration.AuthenticationConfiguration' to allow for resolving potential circular references
06:58:20.627 [main] DEBUG o.s.b.f.annotation.InjectionMetadata - Processing injected element of bean 'org.springframework.security.config.annotation.authentication.configuration.AuthenticationConfiguration': AutowiredMethodElement for public void org.springframework.security.config.annotation.authentication.configuration.AuthenticationConfiguration.setApplicationContext(org.springframework.context.ApplicationContext)
06:58:20.627 [main] DEBUG o.s.b.f.a.AutowiredAnnotationBeanPostProcessor - Autowiring by type from bean name 'org.springframework.security.config.annotation.authentication.configuration.AuthenticationConfiguration' to bean named 'org.springframework.web.context.support.GenericWebApplicationContext@60e7e8a8'
06:58:20.627 [main] DEBUG o.s.b.f.annotation.InjectionMetadata - Processing injected element of bean 'org.springframework.security.config.annotation.authentication.configuration.AuthenticationConfiguration': AutowiredMethodElement for public void org.springframework.security.config.annotation.authentication.configuration.AuthenticationConfiguration.setGlobalAuthenticationConfigurers(java.util.List) throws java.lang.Exception
06:58:20.627 [main] DEBUG o.s.b.f.s.DefaultListableBeanFactory - Creating shared instance of singleton bean 'enableGlobalAuthenticationAutowiredConfigurer'
06:58:20.627 [main] DEBUG o.s.b.f.s.DefaultListableBeanFactory - Creating instance of bean 'enableGlobalAuthenticationAutowiredConfigurer'
06:58:20.628 [main] DEBUG o.s.b.f.s.DefaultListableBeanFactory - Autowiring by type from bean name 'enableGlobalAuthenticationAutowiredConfigurer' via factory method to bean named 'org.springframework.web.context.support.GenericWebApplicationContext@60e7e8a8'
06:58:20.629 [main] DEBUG o.s.b.f.s.DefaultListableBeanFactory - Eagerly caching bean 'enableGlobalAuthenticationAutowiredConfigurer' to allow for resolving potential circular references
06:58:20.630 [main] DEBUG o.s.b.f.s.DefaultListableBeanFactory - Returning cached instance of singleton bean 'metaDataSourceAdvisor'
06:58:20.630 [main] DEBUG o.s.b.f.s.DefaultListableBeanFactory - Finished creating instance of bean 'enableGlobalAuthenticationAutowiredConfigurer'
06:58:20.630 [main] DEBUG o.s.b.f.s.DefaultListableBeanFactory - Creating shared instance of singleton bean 'initializeUserDetailsBeanManagerConfigurer'
06:58:20.630 [main] DEBUG o.s.b.f.s.DefaultListableBeanFactory - Creating instance of bean 'initializeUserDetailsBeanManagerConfigurer'
06:58:20.630 [main] DEBUG o.s.b.f.s.DefaultListableBeanFactory - Autowiring by type from bean name 'initializeUserDetailsBeanManagerConfigurer' via factory method to bean named 'org.springframework.web.context.support.GenericWebApplicationContext@60e7e8a8'
06:58:20.631 [main] DEBUG o.s.b.f.s.DefaultListableBeanFactory - Eagerly caching bean 'initializeUserDetailsBeanManagerConfigurer' to allow for resolving potential circular references
06:58:20.632 [main] DEBUG o.s.b.f.s.DefaultListableBeanFactory - Returning cached instance of singleton bean 'metaDataSourceAdvisor'
06:58:20.633 [main] DEBUG o.s.b.f.s.DefaultListableBeanFactory - Finished creating instance of bean 'initializeUserDetailsBeanManagerConfigurer'
06:58:20.633 [main] DEBUG o.s.b.f.s.DefaultListableBeanFactory - Creating shared instance of singleton bean 'initializeAuthenticationProviderBeanManagerConfigurer'
06:58:20.633 [main] DEBUG o.s.b.f.s.DefaultListableBeanFactory - Creating instance of bean 'initializeAuthenticationProviderBeanManagerConfigurer'
06:58:20.633 [main] DEBUG o.s.b.f.s.DefaultListableBeanFactory - Autowiring by type from bean name 'initializeAuthenticationProviderBeanManagerConfigurer' via factory method to bean named 'org.springframework.web.context.support.GenericWebApplicationContext@60e7e8a8'
06:58:20.633 [main] DEBUG o.s.b.f.s.DefaultListableBeanFactory - Eagerly caching bean 'initializeAuthenticationProviderBeanManagerConfigurer' to allow for resolving potential circular references
06:58:20.635 [main] DEBUG o.s.b.f.s.DefaultListableBeanFactory - Returning cached instance of singleton bean 'metaDataSourceAdvisor'
06:58:20.635 [main] DEBUG o.s.b.f.s.DefaultListableBeanFactory - Finished creating instance of bean 'initializeAuthenticationProviderBeanManagerConfigurer'
06:58:20.636 [main] DEBUG o.s.b.f.a.AutowiredAnnotationBeanPostProcessor - Autowiring by type from bean name 'org.springframework.security.config.annotation.authentication.configuration.AuthenticationConfiguration' to bean named 'enableGlobalAuthenticationAutowiredConfigurer'
06:58:20.636 [main] DEBUG o.s.b.f.a.AutowiredAnnotationBeanPostProcessor - Autowiring by type from bean name 'org.springframework.security.config.annotation.authentication.configuration.AuthenticationConfiguration' to bean named 'initializeUserDetailsBeanManagerConfigurer'
06:58:20.636 [main] DEBUG o.s.b.f.a.AutowiredAnnotationBeanPostProcessor - Autowiring by type from bean name 'org.springframework.security.config.annotation.authentication.configuration.AuthenticationConfiguration' to bean named 'initializeAuthenticationProviderBeanManagerConfigurer'
06:58:20.636 [main] DEBUG o.s.b.f.annotation.InjectionMetadata - Processing injected element of bean 'org.springframework.security.config.annotation.authentication.configuration.AuthenticationConfiguration': AutowiredMethodElement for public void org.springframework.security.config.annotation.authentication.configuration.AuthenticationConfiguration.setObjectPostProcessor(org.springframework.security.config.annotation.ObjectPostProcessor)
06:58:20.636 [main] DEBUG o.s.b.f.s.DefaultListableBeanFactory - Returning cached instance of singleton bean 'objectPostProcessor'
06:58:20.636 [main] DEBUG o.s.b.f.a.AutowiredAnnotationBeanPostProcessor - Autowiring by type from bean name 'org.springframework.security.config.annotation.authentication.configuration.AuthenticationConfiguration' to bean named 'objectPostProcessor'
06:58:20.636 [main] DEBUG o.s.b.f.s.DefaultListableBeanFactory - Returning cached instance of singleton bean 'metaDataSourceAdvisor'
06:58:20.637 [main] DEBUG o.s.b.f.s.DefaultListableBeanFactory - Finished creating instance of bean 'org.springframework.security.config.annotation.authentication.configuration.AuthenticationConfiguration'
06:58:20.637 [main] DEBUG o.s.b.f.a.AutowiredAnnotationBeanPostProcessor - Autowiring by type from bean name 'securityConfig' to bean named 'org.springframework.security.config.annotation.authentication.configuration.AuthenticationConfiguration'
06:58:20.637 [main] DEBUG o.s.b.f.annotation.InjectionMetadata - Processing injected element of bean 'securityConfig': AutowiredMethodElement for public void org.springframework.security.config.annotation.web.configuration.WebSecurityConfigurerAdapter.setTrustResolver(org.springframework.security.authentication.AuthenticationTrustResolver)
06:58:20.637 [main] DEBUG o.s.b.f.annotation.InjectionMetadata - Processing injected element of bean 'securityConfig': AutowiredMethodElement for public void org.springframework.security.config.annotation.web.configuration.WebSecurityConfigurerAdapter.setObjectPostProcessor(org.springframework.security.config.annotation.ObjectPostProcessor)
06:58:20.638 [main] DEBUG o.s.b.f.s.DefaultListableBeanFactory - Returning cached instance of singleton bean 'objectPostProcessor'
06:58:20.638 [main] DEBUG o.s.b.f.a.AutowiredAnnotationBeanPostProcessor - Autowiring by type from bean name 'securityConfig' to bean named 'objectPostProcessor'
06:58:20.638 [main] DEBUG o.s.b.f.annotation.InjectionMetadata - Processing injected element of bean 'securityConfig': AutowiredFieldElement for javax.sql.DataSource edu.ncsu.csc.itrust2.config.SecurityConfig.dataSource
06:58:20.638 [main] DEBUG o.s.b.f.s.DefaultListableBeanFactory - Creating shared instance of singleton bean 'dataSource'
06:58:20.638 [main] DEBUG o.s.b.f.s.DefaultListableBeanFactory - Creating instance of bean 'dataSource'
06:58:20.638 [main] DEBUG o.s.b.f.s.DefaultListableBeanFactory - Returning cached instance of singleton bean 'dataConfiguration'
06:58:20.638 [main] INFO  o.s.j.d.DriverManagerDataSource - Loaded JDBC driver: com.mysql.jdbc.Driver
06:58:20.639 [main] DEBUG o.s.b.f.s.DefaultListableBeanFactory - Eagerly caching bean 'dataSource' to allow for resolving potential circular references
06:58:20.639 [main] DEBUG o.s.b.f.s.DefaultListableBeanFactory - Returning cached instance of singleton bean 'metaDataSourceAdvisor'
06:58:20.641 [main] DEBUG o.s.b.f.s.DefaultListableBeanFactory - Finished creating instance of bean 'dataSource'
06:58:20.641 [main] DEBUG o.s.b.f.a.AutowiredAnnotationBeanPostProcessor - Autowiring by type from bean name 'securityConfig' to bean named 'dataSource'
06:58:20.641 [main] DEBUG o.s.b.f.annotation.InjectionMetadata - Processing injected element of bean 'securityConfig': AutowiredMethodElement for public void edu.ncsu.csc.itrust2.config.SecurityConfig.configureGlobal(org.springframework.security.config.annotation.authentication.builders.AuthenticationManagerBuilder) throws java.lang.Exception
06:58:20.641 [main] DEBUG o.s.b.f.s.DefaultListableBeanFactory - Creating shared instance of singleton bean 'authenticationManagerBuilder'
06:58:20.641 [main] DEBUG o.s.b.f.s.DefaultListableBeanFactory - Creating instance of bean 'authenticationManagerBuilder'
06:58:20.641 [main] DEBUG o.s.b.f.s.DefaultListableBeanFactory - Returning cached instance of singleton bean 'org.springframework.security.config.annotation.authentication.configuration.AuthenticationConfiguration'
06:58:20.642 [main] DEBUG o.s.b.f.s.DefaultListableBeanFactory - Returning cached instance of singleton bean 'objectPostProcessor'
06:58:20.642 [main] DEBUG o.s.b.f.s.DefaultListableBeanFactory - Autowiring by type from bean name 'authenticationManagerBuilder' via factory method to bean named 'objectPostProcessor'
06:58:20.642 [main] DEBUG o.s.b.f.s.DefaultListableBeanFactory - Eagerly caching bean 'authenticationManagerBuilder' to allow for resolving potential circular references
06:58:20.643 [main] DEBUG o.s.b.f.s.DefaultListableBeanFactory - Returning cached instance of singleton bean 'metaDataSourceAdvisor'
06:58:20.646 [main] DEBUG o.s.b.f.s.DefaultListableBeanFactory - Finished creating instance of bean 'authenticationManagerBuilder'
06:58:20.646 [main] DEBUG o.s.b.f.a.AutowiredAnnotationBeanPostProcessor - Autowiring by type from bean name 'securityConfig' to bean named 'authenticationManagerBuilder'
06:58:20.646 [main] DEBUG o.s.b.f.s.DefaultListableBeanFactory - Creating shared instance of singleton bean 'passwordEncoder'
06:58:20.647 [main] DEBUG o.s.b.f.s.DefaultListableBeanFactory - Creating instance of bean 'passwordEncoder'
06:58:20.647 [main] DEBUG o.s.b.f.s.DefaultListableBeanFactory - Returning cached instance of singleton bean 'metaDataSourceAdvisor'
06:58:20.650 [main] DEBUG o.s.b.f.s.DefaultListableBeanFactory - Returning eagerly cached instance of singleton bean 'securityConfig' that is not fully initialized yet - a consequence of a circular reference
06:58:20.651 [main] DEBUG o.s.b.f.s.DefaultListableBeanFactory - Eagerly caching bean 'passwordEncoder' to allow for resolving potential circular references
06:58:20.651 [main] DEBUG o.s.b.f.s.DefaultListableBeanFactory - Returning cached instance of singleton bean 'metaDataSourceAdvisor'
06:58:20.651 [main] DEBUG o.s.b.f.s.DefaultListableBeanFactory - Finished creating instance of bean 'passwordEncoder'
06:58:20.748 [main] DEBUG o.s.b.f.s.DefaultListableBeanFactory - Creating shared instance of singleton bean 'defaultAuthenticationEventPublisher'
06:58:20.748 [main] DEBUG o.s.b.f.s.DefaultListableBeanFactory - Creating instance of bean 'defaultAuthenticationEventPublisher'
06:58:20.748 [main] DEBUG o.s.b.f.s.DefaultListableBeanFactory - Returning eagerly cached instance of singleton bean 'securityConfig' that is not fully initialized yet - a consequence of a circular reference
06:58:20.749 [main] DEBUG o.s.b.f.s.DefaultListableBeanFactory - Eagerly caching bean 'defaultAuthenticationEventPublisher' to allow for resolving potential circular references
06:58:20.751 [main] DEBUG o.s.b.f.s.DefaultListableBeanFactory - Returning cached instance of singleton bean 'metaDataSourceAdvisor'
06:58:20.751 [main] DEBUG o.s.b.f.s.DefaultListableBeanFactory - Finished creating instance of bean 'defaultAuthenticationEventPublisher'
06:58:20.751 [main] DEBUG o.s.b.f.s.DefaultListableBeanFactory - Finished creating instance of bean 'securityConfig'
06:58:20.751 [main] DEBUG o.s.b.f.s.DefaultListableBeanFactory - Creating shared instance of singleton bean 'defaultController'
06:58:20.751 [main] DEBUG o.s.b.f.s.DefaultListableBeanFactory - Creating instance of bean 'defaultController'
06:58:20.751 [main] DEBUG o.s.b.f.s.DefaultListableBeanFactory - Eagerly caching bean 'defaultController' to allow for resolving potential circular references
06:58:20.752 [main] DEBUG o.s.b.f.s.DefaultListableBeanFactory - Returning cached instance of singleton bean 'metaDataSourceAdvisor'
06:58:20.752 [main] DEBUG o.s.b.f.s.DefaultListableBeanFactory - Finished creating instance of bean 'defaultController'
06:58:20.752 [main] DEBUG o.s.b.f.s.DefaultListableBeanFactory - Creating shared instance of singleton bean 'adminController'
06:58:20.752 [main] DEBUG o.s.b.f.s.DefaultListableBeanFactory - Creating instance of bean 'adminController'
06:58:20.752 [main] DEBUG o.s.b.f.s.DefaultListableBeanFactory - Eagerly caching bean 'adminController' to allow for resolving potential circular references
06:58:20.752 [main] DEBUG o.s.b.f.s.DefaultListableBeanFactory - Returning cached instance of singleton bean 'metaDataSourceAdvisor'
06:58:20.752 [main] DEBUG o.s.s.a.p.PrePostAnnotationSecurityMetadataSource - @org.springframework.security.access.prepost.PreAuthorize(value=hasRole('ROLE_ADMIN')) found on specific method: public java.lang.String edu.ncsu.csc.itrust2.controllers.admin.AdminController.index(org.springframework.ui.Model)
06:58:20.752 [main] DEBUG o.s.s.a.m.DelegatingMethodSecurityMetadataSource - Caching method [CacheKey[edu.ncsu.csc.itrust2.controllers.admin.AdminController; public java.lang.String edu.ncsu.csc.itrust2.controllers.admin.AdminController.index(org.springframework.ui.Model)]] with attributes [[authorize: 'hasRole('ROLE_ADMIN')', filter: 'null', filterTarget: 'null']]
06:58:20.752 [main] DEBUG o.s.a.f.a.InfrastructureAdvisorAutoProxyCreator - Creating implicit proxy for bean 'adminController' with 0 common interceptors and 1 specific interceptors
06:58:20.753 [main] DEBUG o.s.aop.framework.CglibAopProxy - Creating CGLIB proxy: target source is SingletonTargetSource for target object [edu.ncsu.csc.itrust2.controllers.admin.AdminController@5ad9bfcc]
06:58:20.753 [main] DEBUG o.s.b.f.s.DefaultListableBeanFactory - Creating shared instance of singleton bean 'methodSecurityInterceptor'
06:58:20.753 [main] DEBUG o.s.b.f.s.DefaultListableBeanFactory - Creating instance of bean 'methodSecurityInterceptor'
06:58:20.753 [main] DEBUG o.s.b.f.s.DefaultListableBeanFactory - Returning cached instance of singleton bean 'org.springframework.security.config.annotation.method.configuration.GlobalMethodSecurityConfiguration'
06:58:20.753 [main] DEBUG o.s.b.f.s.DefaultListableBeanFactory - Returning cached instance of singleton bean 'methodSecurityMetadataSource'
06:58:20.753 [main] DEBUG o.s.b.f.s.DefaultListableBeanFactory - Eagerly caching bean 'methodSecurityInterceptor' to allow for resolving potential circular references
06:58:20.756 [main] DEBUG o.s.b.f.s.DefaultListableBeanFactory - Invoking afterPropertiesSet() on bean with name 'methodSecurityInterceptor'
06:58:20.756 [main] DEBUG o.s.s.a.i.a.MethodSecurityInterceptor - Validated configuration attributes
06:58:20.756 [main] DEBUG o.s.b.f.s.DefaultListableBeanFactory - Finished creating instance of bean 'methodSecurityInterceptor'
06:58:20.757 [main] DEBUG o.s.aop.framework.CglibAopProxy - Unable to apply any optimisations to advised method: public java.lang.String edu.ncsu.csc.itrust2.controllers.admin.AdminController.index(org.springframework.ui.Model)
06:58:20.757 [main] DEBUG o.s.aop.framework.CglibAopProxy - Found 'equals' method: public boolean java.lang.Object.equals(java.lang.Object)
06:58:20.757 [main] DEBUG o.s.aop.framework.CglibAopProxy - Unable to apply any optimisations to advised method: public java.lang.String java.lang.Object.toString()
06:58:20.757 [main] DEBUG o.s.aop.framework.CglibAopProxy - Found 'hashCode' method: public native int java.lang.Object.hashCode()
06:58:20.757 [main] DEBUG o.s.aop.framework.CglibAopProxy - Unable to apply any optimisations to advised method: protected native java.lang.Object java.lang.Object.clone() throws java.lang.CloneNotSupportedException
06:58:20.757 [main] DEBUG o.s.aop.framework.CglibAopProxy - Method is declared on Advised interface: public abstract org.springframework.aop.TargetSource org.springframework.aop.framework.Advised.getTargetSource()
06:58:20.757 [main] DEBUG o.s.aop.framework.CglibAopProxy - Method is declared on Advised interface: public abstract boolean org.springframework.aop.framework.Advised.isProxyTargetClass()
06:58:20.757 [main] DEBUG o.s.aop.framework.CglibAopProxy - Method is declared on Advised interface: public abstract void org.springframework.aop.framework.Advised.addAdvisor(org.springframework.aop.Advisor) throws org.springframework.aop.framework.AopConfigException
06:58:20.757 [main] DEBUG o.s.aop.framework.CglibAopProxy - Method is declared on Advised interface: public abstract void org.springframework.aop.framework.Advised.addAdvisor(int,org.springframework.aop.Advisor) throws org.springframework.aop.framework.AopConfigException
06:58:20.757 [main] DEBUG o.s.aop.framework.CglibAopProxy - Method is declared on Advised interface: public abstract void org.springframework.aop.framework.Advised.setPreFiltered(boolean)
06:58:20.757 [main] DEBUG o.s.aop.framework.CglibAopProxy - Method is declared on Advised interface: public abstract void org.springframework.aop.framework.Advised.setExposeProxy(boolean)
06:58:20.757 [main] DEBUG o.s.aop.framework.CglibAopProxy - Method is declared on Advised interface: public abstract boolean org.springframework.aop.framework.Advised.isExposeProxy()
06:58:20.757 [main] DEBUG o.s.aop.framework.CglibAopProxy - Method is declared on Advised interface: public abstract void org.springframework.aop.framework.Advised.addAdvice(org.aopalliance.aop.Advice) throws org.springframework.aop.framework.AopConfigException
06:58:20.757 [main] DEBUG o.s.aop.framework.CglibAopProxy - Method is declared on Advised interface: public abstract void org.springframework.aop.framework.Advised.addAdvice(int,org.aopalliance.aop.Advice) throws org.springframework.aop.framework.AopConfigException
06:58:20.757 [main] DEBUG o.s.aop.framework.CglibAopProxy - Method is declared on Advised interface: public abstract boolean org.springframework.aop.framework.Advised.isPreFiltered()
06:58:20.757 [main] DEBUG o.s.aop.framework.CglibAopProxy - Method is declared on Advised interface: public abstract java.lang.Class[] org.springframework.aop.framework.Advised.getProxiedInterfaces()
06:58:20.757 [main] DEBUG o.s.aop.framework.CglibAopProxy - Method is declared on Advised interface: public abstract boolean org.springframework.aop.framework.Advised.isInterfaceProxied(java.lang.Class)
06:58:20.757 [main] DEBUG o.s.aop.framework.CglibAopProxy - Method is declared on Advised interface: public abstract org.springframework.aop.Advisor[] org.springframework.aop.framework.Advised.getAdvisors()
06:58:20.757 [main] DEBUG o.s.aop.framework.CglibAopProxy - Method is declared on Advised interface: public abstract boolean org.springframework.aop.framework.Advised.removeAdvisor(org.springframework.aop.Advisor)
06:58:20.757 [main] DEBUG o.s.aop.framework.CglibAopProxy - Method is declared on Advised interface: public abstract void org.springframework.aop.framework.Advised.removeAdvisor(int) throws org.springframework.aop.framework.AopConfigException
06:58:20.757 [main] DEBUG o.s.aop.framework.CglibAopProxy - Method is declared on Advised interface: public abstract boolean org.springframework.aop.framework.Advised.replaceAdvisor(org.springframework.aop.Advisor,org.springframework.aop.Advisor) throws org.springframework.aop.framework.AopConfigException
06:58:20.757 [main] DEBUG o.s.aop.framework.CglibAopProxy - Method is declared on Advised interface: public abstract boolean org.springframework.aop.framework.Advised.removeAdvice(org.aopalliance.aop.Advice)
06:58:20.757 [main] DEBUG o.s.aop.framework.CglibAopProxy - Method is declared on Advised interface: public abstract java.lang.String org.springframework.aop.framework.Advised.toProxyConfigString()
06:58:20.757 [main] DEBUG o.s.aop.framework.CglibAopProxy - Method is declared on Advised interface: public abstract void org.springframework.aop.framework.Advised.setTargetSource(org.springframework.aop.TargetSource)
06:58:20.757 [main] DEBUG o.s.aop.framework.CglibAopProxy - Method is declared on Advised interface: public abstract int org.springframework.aop.framework.Advised.indexOf(org.aopalliance.aop.Advice)
06:58:20.757 [main] DEBUG o.s.aop.framework.CglibAopProxy - Method is declared on Advised interface: public abstract int org.springframework.aop.framework.Advised.indexOf(org.springframework.aop.Advisor)
06:58:20.757 [main] DEBUG o.s.aop.framework.CglibAopProxy - Method is declared on Advised interface: public abstract boolean org.springframework.aop.framework.Advised.isFrozen()
06:58:20.757 [main] DEBUG o.s.aop.framework.CglibAopProxy - Method is declared on Advised interface: public abstract java.lang.Class org.springframework.aop.TargetClassAware.getTargetClass()
06:58:20.762 [main] DEBUG o.s.b.f.s.DefaultListableBeanFactory - Finished creating instance of bean 'adminController'
06:58:20.763 [main] DEBUG o.s.b.f.s.DefaultListableBeanFactory - Creating shared instance of singleton bean 'adminUserController'
06:58:20.763 [main] DEBUG o.s.b.f.s.DefaultListableBeanFactory - Creating instance of bean 'adminUserController'
06:58:20.763 [main] DEBUG o.s.b.f.s.DefaultListableBeanFactory - Eagerly caching bean 'adminUserController' to allow for resolving potential circular references
06:58:20.763 [main] DEBUG o.s.b.f.s.DefaultListableBeanFactory - Returning cached instance of singleton bean 'metaDataSourceAdvisor'
06:58:20.763 [main] DEBUG o.s.s.a.p.PrePostAnnotationSecurityMetadataSource - @org.springframework.security.access.prepost.PreAuthorize(value=hasRole('ROLE_ADMIN')) found on specific method: public java.lang.String edu.ncsu.csc.itrust2.controllers.admin.AdminUserController.deleteUser(org.springframework.ui.Model)
06:58:20.763 [main] DEBUG o.s.s.a.m.DelegatingMethodSecurityMetadataSource - Caching method [CacheKey[edu.ncsu.csc.itrust2.controllers.admin.AdminUserController; public java.lang.String edu.ncsu.csc.itrust2.controllers.admin.AdminUserController.deleteUser(org.springframework.ui.Model)]] with attributes [[authorize: 'hasRole('ROLE_ADMIN')', filter: 'null', filterTarget: 'null']]
06:58:20.763 [main] DEBUG o.s.a.f.a.InfrastructureAdvisorAutoProxyCreator - Creating implicit proxy for bean 'adminUserController' with 0 common interceptors and 1 specific interceptors
06:58:20.763 [main] DEBUG o.s.aop.framework.CglibAopProxy - Creating CGLIB proxy: target source is SingletonTargetSource for target object [edu.ncsu.csc.itrust2.controllers.admin.AdminUserController@15bf8c20]
06:58:20.764 [main] DEBUG o.s.aop.framework.CglibAopProxy - Unable to apply any optimisations to advised method: public java.lang.String edu.ncsu.csc.itrust2.controllers.admin.AdminUserController.deleteUser(org.springframework.ui.Model)
06:58:20.764 [main] DEBUG o.s.s.a.p.PrePostAnnotationSecurityMetadataSource - @org.springframework.security.access.prepost.PreAuthorize(value=hasRole('ROLE_ADMIN')) found on specific method: public java.lang.String edu.ncsu.csc.itrust2.controllers.admin.AdminUserController.deleteUserSubmit(edu.ncsu.csc.itrust2.forms.admin.DeleteUserForm,org.springframework.validation.BindingResult,org.springframework.ui.Model)
06:58:20.764 [main] DEBUG o.s.s.a.m.DelegatingMethodSecurityMetadataSource - Caching method [CacheKey[edu.ncsu.csc.itrust2.controllers.admin.AdminUserController; public java.lang.String edu.ncsu.csc.itrust2.controllers.admin.AdminUserController.deleteUserSubmit(edu.ncsu.csc.itrust2.forms.admin.DeleteUserForm,org.springframework.validation.BindingResult,org.springframework.ui.Model)]] with attributes [[authorize: 'hasRole('ROLE_ADMIN')', filter: 'null', filterTarget: 'null']]
06:58:20.764 [main] DEBUG o.s.aop.framework.CglibAopProxy - Unable to apply any optimisations to advised method: public java.lang.String edu.ncsu.csc.itrust2.controllers.admin.AdminUserController.deleteUserSubmit(edu.ncsu.csc.itrust2.forms.admin.DeleteUserForm,org.springframework.validation.BindingResult,org.springframework.ui.Model)
06:58:20.764 [main] DEBUG o.s.s.a.p.PrePostAnnotationSecurityMetadataSource - @org.springframework.security.access.prepost.PreAuthorize(value=hasRole('ROLE_ADMIN')) found on specific method: public java.lang.String edu.ncsu.csc.itrust2.controllers.admin.AdminUserController.addUserSubmit(edu.ncsu.csc.itrust2.forms.admin.UserForm,org.springframework.validation.BindingResult,org.springframework.ui.Model)
06:58:20.764 [main] DEBUG o.s.s.a.m.DelegatingMethodSecurityMetadataSource - Caching method [CacheKey[edu.ncsu.csc.itrust2.controllers.admin.AdminUserController; public java.lang.String edu.ncsu.csc.itrust2.controllers.admin.AdminUserController.addUserSubmit(edu.ncsu.csc.itrust2.forms.admin.UserForm,org.springframework.validation.BindingResult,org.springframework.ui.Model)]] with attributes [[authorize: 'hasRole('ROLE_ADMIN')', filter: 'null', filterTarget: 'null']]
06:58:20.764 [main] DEBUG o.s.aop.framework.CglibAopProxy - Unable to apply any optimisations to advised method: public java.lang.String edu.ncsu.csc.itrust2.controllers.admin.AdminUserController.addUserSubmit(edu.ncsu.csc.itrust2.forms.admin.UserForm,org.springframework.validation.BindingResult,org.springframework.ui.Model)
06:58:20.764 [main] DEBUG o.s.s.a.p.PrePostAnnotationSecurityMetadataSource - @org.springframework.security.access.prepost.PreAuthorize(value=hasRole('ROLE_ADMIN')) found on specific method: public java.lang.String edu.ncsu.csc.itrust2.controllers.admin.AdminUserController.drugs(org.springframework.ui.Model)
06:58:20.764 [main] DEBUG o.s.s.a.m.DelegatingMethodSecurityMetadataSource - Caching method [CacheKey[edu.ncsu.csc.itrust2.controllers.admin.AdminUserController; public java.lang.String edu.ncsu.csc.itrust2.controllers.admin.AdminUserController.drugs(org.springframework.ui.Model)]] with attributes [[authorize: 'hasRole('ROLE_ADMIN')', filter: 'null', filterTarget: 'null']]
06:58:20.764 [main] DEBUG o.s.aop.framework.CglibAopProxy - Unable to apply any optimisations to advised method: public java.lang.String edu.ncsu.csc.itrust2.controllers.admin.AdminUserController.drugs(org.springframework.ui.Model)
06:58:20.764 [main] DEBUG o.s.s.a.p.PrePostAnnotationSecurityMetadataSource - @org.springframework.security.access.prepost.PreAuthorize(value=hasRole('ROLE_ADMIN')) found on specific method: public java.lang.String edu.ncsu.csc.itrust2.controllers.admin.AdminUserController.addUser(org.springframework.ui.Model)
06:58:20.764 [main] DEBUG o.s.s.a.m.DelegatingMethodSecurityMetadataSource - Caching method [CacheKey[edu.ncsu.csc.itrust2.controllers.admin.AdminUserController; public java.lang.String edu.ncsu.csc.itrust2.controllers.admin.AdminUserController.addUser(org.springframework.ui.Model)]] with attributes [[authorize: 'hasRole('ROLE_ADMIN')', filter: 'null', filterTarget: 'null']]
06:58:20.764 [main] DEBUG o.s.aop.framework.CglibAopProxy - Unable to apply any optimisations to advised method: public java.lang.String edu.ncsu.csc.itrust2.controllers.admin.AdminUserController.addUser(org.springframework.ui.Model)
06:58:20.764 [main] DEBUG o.s.aop.framework.CglibAopProxy - Found 'equals' method: public boolean java.lang.Object.equals(java.lang.Object)
06:58:20.764 [main] DEBUG o.s.aop.framework.CglibAopProxy - Unable to apply any optimisations to advised method: public java.lang.String java.lang.Object.toString()
06:58:20.764 [main] DEBUG o.s.aop.framework.CglibAopProxy - Found 'hashCode' method: public native int java.lang.Object.hashCode()
06:58:20.764 [main] DEBUG o.s.aop.framework.CglibAopProxy - Unable to apply any optimisations to advised method: protected native java.lang.Object java.lang.Object.clone() throws java.lang.CloneNotSupportedException
06:58:20.764 [main] DEBUG o.s.aop.framework.CglibAopProxy - Method is declared on Advised interface: public abstract org.springframework.aop.TargetSource org.springframework.aop.framework.Advised.getTargetSource()
06:58:20.764 [main] DEBUG o.s.aop.framework.CglibAopProxy - Method is declared on Advised interface: public abstract boolean org.springframework.aop.framework.Advised.isProxyTargetClass()
06:58:20.764 [main] DEBUG o.s.aop.framework.CglibAopProxy - Method is declared on Advised interface: public abstract void org.springframework.aop.framework.Advised.addAdvisor(org.springframework.aop.Advisor) throws org.springframework.aop.framework.AopConfigException
06:58:20.764 [main] DEBUG o.s.aop.framework.CglibAopProxy - Method is declared on Advised interface: public abstract void org.springframework.aop.framework.Advised.addAdvisor(int,org.springframework.aop.Advisor) throws org.springframework.aop.framework.AopConfigException
06:58:20.764 [main] DEBUG o.s.aop.framework.CglibAopProxy - Method is declared on Advised interface: public abstract void org.springframework.aop.framework.Advised.setPreFiltered(boolean)
06:58:20.764 [main] DEBUG o.s.aop.framework.CglibAopProxy - Method is declared on Advised interface: public abstract void org.springframework.aop.framework.Advised.setExposeProxy(boolean)
06:58:20.764 [main] DEBUG o.s.aop.framework.CglibAopProxy - Method is declared on Advised interface: public abstract boolean org.springframework.aop.framework.Advised.isExposeProxy()
06:58:20.764 [main] DEBUG o.s.aop.framework.CglibAopProxy - Method is declared on Advised interface: public abstract void org.springframework.aop.framework.Advised.addAdvice(org.aopalliance.aop.Advice) throws org.springframework.aop.framework.AopConfigException
06:58:20.764 [main] DEBUG o.s.aop.framework.CglibAopProxy - Method is declared on Advised interface: public abstract void org.springframework.aop.framework.Advised.addAdvice(int,org.aopalliance.aop.Advice) throws org.springframework.aop.framework.AopConfigException
06:58:20.764 [main] DEBUG o.s.aop.framework.CglibAopProxy - Method is declared on Advised interface: public abstract boolean org.springframework.aop.framework.Advised.isPreFiltered()
06:58:20.764 [main] DEBUG o.s.aop.framework.CglibAopProxy - Method is declared on Advised interface: public abstract java.lang.Class[] org.springframework.aop.framework.Advised.getProxiedInterfaces()
06:58:20.764 [main] DEBUG o.s.aop.framework.CglibAopProxy - Method is declared on Advised interface: public abstract boolean org.springframework.aop.framework.Advised.isInterfaceProxied(java.lang.Class)
06:58:20.764 [main] DEBUG o.s.aop.framework.CglibAopProxy - Method is declared on Advised interface: public abstract org.springframework.aop.Advisor[] org.springframework.aop.framework.Advised.getAdvisors()
06:58:20.764 [main] DEBUG o.s.aop.framework.CglibAopProxy - Method is declared on Advised interface: public abstract boolean org.springframework.aop.framework.Advised.removeAdvisor(org.springframework.aop.Advisor)
06:58:20.764 [main] DEBUG o.s.aop.framework.CglibAopProxy - Method is declared on Advised interface: public abstract void org.springframework.aop.framework.Advised.removeAdvisor(int) throws org.springframework.aop.framework.AopConfigException
06:58:20.764 [main] DEBUG o.s.aop.framework.CglibAopProxy - Method is declared on Advised interface: public abstract boolean org.springframework.aop.framework.Advised.replaceAdvisor(org.springframework.aop.Advisor,org.springframework.aop.Advisor) throws org.springframework.aop.framework.AopConfigException
06:58:20.764 [main] DEBUG o.s.aop.framework.CglibAopProxy - Method is declared on Advised interface: public abstract boolean org.springframework.aop.framework.Advised.removeAdvice(org.aopalliance.aop.Advice)
06:58:20.764 [main] DEBUG o.s.aop.framework.CglibAopProxy - Method is declared on Advised interface: public abstract java.lang.String org.springframework.aop.framework.Advised.toProxyConfigString()
06:58:20.764 [main] DEBUG o.s.aop.framework.CglibAopProxy - Method is declared on Advised interface: public abstract void org.springframework.aop.framework.Advised.setTargetSource(org.springframework.aop.TargetSource)
06:58:20.764 [main] DEBUG o.s.aop.framework.CglibAopProxy - Method is declared on Advised interface: public abstract int org.springframework.aop.framework.Advised.indexOf(org.aopalliance.aop.Advice)
06:58:20.764 [main] DEBUG o.s.aop.framework.CglibAopProxy - Method is declared on Advised interface: public abstract int org.springframework.aop.framework.Advised.indexOf(org.springframework.aop.Advisor)
06:58:20.764 [main] DEBUG o.s.aop.framework.CglibAopProxy - Method is declared on Advised interface: public abstract boolean org.springframework.aop.framework.Advised.isFrozen()
06:58:20.764 [main] DEBUG o.s.aop.framework.CglibAopProxy - Method is declared on Advised interface: public abstract java.lang.Class org.springframework.aop.TargetClassAware.getTargetClass()
06:58:20.769 [main] DEBUG o.s.b.f.s.DefaultListableBeanFactory - Finished creating instance of bean 'adminUserController'
06:58:20.769 [main] DEBUG o.s.b.f.s.DefaultListableBeanFactory - Creating shared instance of singleton bean 'hospitalController'
06:58:20.769 [main] DEBUG o.s.b.f.s.DefaultListableBeanFactory - Creating instance of bean 'hospitalController'
06:58:20.770 [main] DEBUG o.s.b.f.s.DefaultListableBeanFactory - Eagerly caching bean 'hospitalController' to allow for resolving potential circular references
06:58:20.770 [main] DEBUG o.s.b.f.s.DefaultListableBeanFactory - Returning cached instance of singleton bean 'metaDataSourceAdvisor'
06:58:20.770 [main] DEBUG o.s.s.a.p.PrePostAnnotationSecurityMetadataSource - @org.springframework.security.access.prepost.PreAuthorize(value=hasRole('ROLE_ADMIN')) found on specific method: public java.lang.String edu.ncsu.csc.itrust2.controllers.admin.HospitalController.addHospitalSubmit(edu.ncsu.csc.itrust2.forms.admin.HospitalForm,org.springframework.validation.BindingResult,org.springframework.ui.Model)
06:58:20.770 [main] DEBUG o.s.s.a.m.DelegatingMethodSecurityMetadataSource - Caching method [CacheKey[edu.ncsu.csc.itrust2.controllers.admin.HospitalController; public java.lang.String edu.ncsu.csc.itrust2.controllers.admin.HospitalController.addHospitalSubmit(edu.ncsu.csc.itrust2.forms.admin.HospitalForm,org.springframework.validation.BindingResult,org.springframework.ui.Model)]] with attributes [[authorize: 'hasRole('ROLE_ADMIN')', filter: 'null', filterTarget: 'null']]
06:58:20.770 [main] DEBUG o.s.a.f.a.InfrastructureAdvisorAutoProxyCreator - Creating implicit proxy for bean 'hospitalController' with 0 common interceptors and 1 specific interceptors
06:58:20.770 [main] DEBUG o.s.aop.framework.CglibAopProxy - Creating CGLIB proxy: target source is SingletonTargetSource for target object [edu.ncsu.csc.itrust2.controllers.admin.HospitalController@5c5027ac]
06:58:20.770 [main] DEBUG o.s.aop.framework.CglibAopProxy - Unable to apply any optimisations to advised method: public java.lang.String edu.ncsu.csc.itrust2.controllers.admin.HospitalController.addHospitalSubmit(edu.ncsu.csc.itrust2.forms.admin.HospitalForm,org.springframework.validation.BindingResult,org.springframework.ui.Model)
06:58:20.770 [main] DEBUG o.s.s.a.p.PrePostAnnotationSecurityMetadataSource - @org.springframework.security.access.prepost.PreAuthorize(value=hasRole('ROLE_ADMIN')) found on specific method: public java.lang.String edu.ncsu.csc.itrust2.controllers.admin.HospitalController.deleteHospital(org.springframework.ui.Model)
06:58:20.771 [main] DEBUG o.s.s.a.m.DelegatingMethodSecurityMetadataSource - Caching method [CacheKey[edu.ncsu.csc.itrust2.controllers.admin.HospitalController; public java.lang.String edu.ncsu.csc.itrust2.controllers.admin.HospitalController.deleteHospital(org.springframework.ui.Model)]] with attributes [[authorize: 'hasRole('ROLE_ADMIN')', filter: 'null', filterTarget: 'null']]
06:58:20.771 [main] DEBUG o.s.aop.framework.CglibAopProxy - Unable to apply any optimisations to advised method: public java.lang.String edu.ncsu.csc.itrust2.controllers.admin.HospitalController.deleteHospital(org.springframework.ui.Model)
06:58:20.771 [main] DEBUG o.s.s.a.p.PrePostAnnotationSecurityMetadataSource - @org.springframework.security.access.prepost.PreAuthorize(value=hasRole('ROLE_ADMIN')) found on specific method: public java.lang.String edu.ncsu.csc.itrust2.controllers.admin.HospitalController.deleteHospitalSubmit(edu.ncsu.csc.itrust2.forms.admin.DeleteHospitalForm,org.springframework.validation.BindingResult,org.springframework.ui.Model)
06:58:20.771 [main] DEBUG o.s.s.a.m.DelegatingMethodSecurityMetadataSource - Caching method [CacheKey[edu.ncsu.csc.itrust2.controllers.admin.HospitalController; public java.lang.String edu.ncsu.csc.itrust2.controllers.admin.HospitalController.deleteHospitalSubmit(edu.ncsu.csc.itrust2.forms.admin.DeleteHospitalForm,org.springframework.validation.BindingResult,org.springframework.ui.Model)]] with attributes [[authorize: 'hasRole('ROLE_ADMIN')', filter: 'null', filterTarget: 'null']]
06:58:20.771 [main] DEBUG o.s.aop.framework.CglibAopProxy - Unable to apply any optimisations to advised method: public java.lang.String edu.ncsu.csc.itrust2.controllers.admin.HospitalController.deleteHospitalSubmit(edu.ncsu.csc.itrust2.forms.admin.DeleteHospitalForm,org.springframework.validation.BindingResult,org.springframework.ui.Model)
06:58:20.771 [main] DEBUG o.s.s.a.p.PrePostAnnotationSecurityMetadataSource - @org.springframework.security.access.prepost.PreAuthorize(value=hasRole('ROLE_ADMIN')) found on specific method: public java.lang.String edu.ncsu.csc.itrust2.controllers.admin.HospitalController.addHospital(org.springframework.ui.Model)
06:58:20.771 [main] DEBUG o.s.s.a.m.DelegatingMethodSecurityMetadataSource - Caching method [CacheKey[edu.ncsu.csc.itrust2.controllers.admin.HospitalController; public java.lang.String edu.ncsu.csc.itrust2.controllers.admin.HospitalController.addHospital(org.springframework.ui.Model)]] with attributes [[authorize: 'hasRole('ROLE_ADMIN')', filter: 'null', filterTarget: 'null']]
06:58:20.771 [main] DEBUG o.s.aop.framework.CglibAopProxy - Unable to apply any optimisations to advised method: public java.lang.String edu.ncsu.csc.itrust2.controllers.admin.HospitalController.addHospital(org.springframework.ui.Model)
06:58:20.771 [main] DEBUG o.s.aop.framework.CglibAopProxy - Found 'equals' method: public boolean java.lang.Object.equals(java.lang.Object)
06:58:20.771 [main] DEBUG o.s.aop.framework.CglibAopProxy - Unable to apply any optimisations to advised method: public java.lang.String java.lang.Object.toString()
06:58:20.771 [main] DEBUG o.s.aop.framework.CglibAopProxy - Found 'hashCode' method: public native int java.lang.Object.hashCode()
06:58:20.771 [main] DEBUG o.s.aop.framework.CglibAopProxy - Unable to apply any optimisations to advised method: protected native java.lang.Object java.lang.Object.clone() throws java.lang.CloneNotSupportedException
06:58:20.771 [main] DEBUG o.s.aop.framework.CglibAopProxy - Method is declared on Advised interface: public abstract org.springframework.aop.TargetSource org.springframework.aop.framework.Advised.getTargetSource()
06:58:20.771 [main] DEBUG o.s.aop.framework.CglibAopProxy - Method is declared on Advised interface: public abstract boolean org.springframework.aop.framework.Advised.isProxyTargetClass()
06:58:20.771 [main] DEBUG o.s.aop.framework.CglibAopProxy - Method is declared on Advised interface: public abstract void org.springframework.aop.framework.Advised.addAdvisor(org.springframework.aop.Advisor) throws org.springframework.aop.framework.AopConfigException
06:58:20.771 [main] DEBUG o.s.aop.framework.CglibAopProxy - Method is declared on Advised interface: public abstract void org.springframework.aop.framework.Advised.addAdvisor(int,org.springframework.aop.Advisor) throws org.springframework.aop.framework.AopConfigException
06:58:20.771 [main] DEBUG o.s.aop.framework.CglibAopProxy - Method is declared on Advised interface: public abstract void org.springframework.aop.framework.Advised.setPreFiltered(boolean)
06:58:20.771 [main] DEBUG o.s.aop.framework.CglibAopProxy - Method is declared on Advised interface: public abstract void org.springframework.aop.framework.Advised.setExposeProxy(boolean)
06:58:20.771 [main] DEBUG o.s.aop.framework.CglibAopProxy - Method is declared on Advised interface: public abstract boolean org.springframework.aop.framework.Advised.isExposeProxy()
06:58:20.771 [main] DEBUG o.s.aop.framework.CglibAopProxy - Method is declared on Advised interface: public abstract void org.springframework.aop.framework.Advised.addAdvice(org.aopalliance.aop.Advice) throws org.springframework.aop.framework.AopConfigException
06:58:20.771 [main] DEBUG o.s.aop.framework.CglibAopProxy - Method is declared on Advised interface: public abstract void org.springframework.aop.framework.Advised.addAdvice(int,org.aopalliance.aop.Advice) throws org.springframework.aop.framework.AopConfigException
06:58:20.771 [main] DEBUG o.s.aop.framework.CglibAopProxy - Method is declared on Advised interface: public abstract boolean org.springframework.aop.framework.Advised.isPreFiltered()
06:58:20.771 [main] DEBUG o.s.aop.framework.CglibAopProxy - Method is declared on Advised interface: public abstract java.lang.Class[] org.springframework.aop.framework.Advised.getProxiedInterfaces()
06:58:20.771 [main] DEBUG o.s.aop.framework.CglibAopProxy - Method is declared on Advised interface: public abstract boolean org.springframework.aop.framework.Advised.isInterfaceProxied(java.lang.Class)
06:58:20.771 [main] DEBUG o.s.aop.framework.CglibAopProxy - Method is declared on Advised interface: public abstract org.springframework.aop.Advisor[] org.springframework.aop.framework.Advised.getAdvisors()
06:58:20.771 [main] DEBUG o.s.aop.framework.CglibAopProxy - Method is declared on Advised interface: public abstract boolean org.springframework.aop.framework.Advised.removeAdvisor(org.springframework.aop.Advisor)
06:58:20.771 [main] DEBUG o.s.aop.framework.CglibAopProxy - Method is declared on Advised interface: public abstract void org.springframework.aop.framework.Advised.removeAdvisor(int) throws org.springframework.aop.framework.AopConfigException
06:58:20.771 [main] DEBUG o.s.aop.framework.CglibAopProxy - Method is declared on Advised interface: public abstract boolean org.springframework.aop.framework.Advised.replaceAdvisor(org.springframework.aop.Advisor,org.springframework.aop.Advisor) throws org.springframework.aop.framework.AopConfigException
06:58:20.771 [main] DEBUG o.s.aop.framework.CglibAopProxy - Method is declared on Advised interface: public abstract boolean org.springframework.aop.framework.Advised.removeAdvice(org.aopalliance.aop.Advice)
06:58:20.771 [main] DEBUG o.s.aop.framework.CglibAopProxy - Method is declared on Advised interface: public abstract java.lang.String org.springframework.aop.framework.Advised.toProxyConfigString()
06:58:20.771 [main] DEBUG o.s.aop.framework.CglibAopProxy - Method is declared on Advised interface: public abstract void org.springframework.aop.framework.Advised.setTargetSource(org.springframework.aop.TargetSource)
06:58:20.771 [main] DEBUG o.s.aop.framework.CglibAopProxy - Method is declared on Advised interface: public abstract int org.springframework.aop.framework.Advised.indexOf(org.aopalliance.aop.Advice)
06:58:20.771 [main] DEBUG o.s.aop.framework.CglibAopProxy - Method is declared on Advised interface: public abstract int org.springframework.aop.framework.Advised.indexOf(org.springframework.aop.Advisor)
06:58:20.771 [main] DEBUG o.s.aop.framework.CglibAopProxy - Method is declared on Advised interface: public abstract boolean org.springframework.aop.framework.Advised.isFrozen()
06:58:20.771 [main] DEBUG o.s.aop.framework.CglibAopProxy - Method is declared on Advised interface: public abstract java.lang.Class org.springframework.aop.TargetClassAware.getTargetClass()
06:58:20.778 [main] DEBUG o.s.b.f.s.DefaultListableBeanFactory - Finished creating instance of bean 'hospitalController'
06:58:20.779 [main] DEBUG o.s.b.f.s.DefaultListableBeanFactory - Creating shared instance of singleton bean 'ICDCodesController'
06:58:20.779 [main] DEBUG o.s.b.f.s.DefaultListableBeanFactory - Creating instance of bean 'ICDCodesController'
06:58:20.779 [main] DEBUG o.s.b.f.s.DefaultListableBeanFactory - Eagerly caching bean 'ICDCodesController' to allow for resolving potential circular references
06:58:20.779 [main] DEBUG o.s.b.f.s.DefaultListableBeanFactory - Returning cached instance of singleton bean 'metaDataSourceAdvisor'
06:58:20.779 [main] DEBUG o.s.s.a.p.PrePostAnnotationSecurityMetadataSource - @org.springframework.security.access.prepost.PreAuthorize(value=hasRole('ROLE_ADMIN')) found on specific method: public java.lang.String edu.ncsu.csc.itrust2.controllers.admin.ICDCodesController.addCode(org.springframework.ui.Model)
06:58:20.779 [main] DEBUG o.s.s.a.m.DelegatingMethodSecurityMetadataSource - Caching method [CacheKey[edu.ncsu.csc.itrust2.controllers.admin.ICDCodesController; public java.lang.String edu.ncsu.csc.itrust2.controllers.admin.ICDCodesController.addCode(org.springframework.ui.Model)]] with attributes [[authorize: 'hasRole('ROLE_ADMIN')', filter: 'null', filterTarget: 'null']]
06:58:20.779 [main] DEBUG o.s.a.f.a.InfrastructureAdvisorAutoProxyCreator - Creating implicit proxy for bean 'ICDCodesController' with 0 common interceptors and 1 specific interceptors
06:58:20.779 [main] DEBUG o.s.aop.framework.CglibAopProxy - Creating CGLIB proxy: target source is SingletonTargetSource for target object [edu.ncsu.csc.itrust2.controllers.admin.ICDCodesController@7e753551]
06:58:20.780 [main] DEBUG o.s.aop.framework.CglibAopProxy - Unable to apply any optimisations to advised method: public java.lang.String edu.ncsu.csc.itrust2.controllers.admin.ICDCodesController.addCode(org.springframework.ui.Model)
06:58:20.780 [main] DEBUG o.s.aop.framework.CglibAopProxy - Found 'equals' method: public boolean java.lang.Object.equals(java.lang.Object)
06:58:20.780 [main] DEBUG o.s.aop.framework.CglibAopProxy - Unable to apply any optimisations to advised method: public java.lang.String java.lang.Object.toString()
06:58:20.780 [main] DEBUG o.s.aop.framework.CglibAopProxy - Found 'hashCode' method: public native int java.lang.Object.hashCode()
06:58:20.780 [main] DEBUG o.s.aop.framework.CglibAopProxy - Unable to apply any optimisations to advised method: protected native java.lang.Object java.lang.Object.clone() throws java.lang.CloneNotSupportedException
06:58:20.780 [main] DEBUG o.s.aop.framework.CglibAopProxy - Method is declared on Advised interface: public abstract org.springframework.aop.TargetSource org.springframework.aop.framework.Advised.getTargetSource()
06:58:20.780 [main] DEBUG o.s.aop.framework.CglibAopProxy - Method is declared on Advised interface: public abstract boolean org.springframework.aop.framework.Advised.isProxyTargetClass()
06:58:20.780 [main] DEBUG o.s.aop.framework.CglibAopProxy - Method is declared on Advised interface: public abstract void org.springframework.aop.framework.Advised.addAdvisor(org.springframework.aop.Advisor) throws org.springframework.aop.framework.AopConfigException
06:58:20.780 [main] DEBUG o.s.aop.framework.CglibAopProxy - Method is declared on Advised interface: public abstract void org.springframework.aop.framework.Advised.addAdvisor(int,org.springframework.aop.Advisor) throws org.springframework.aop.framework.AopConfigException
06:58:20.780 [main] DEBUG o.s.aop.framework.CglibAopProxy - Method is declared on Advised interface: public abstract void org.springframework.aop.framework.Advised.setPreFiltered(boolean)
06:58:20.780 [main] DEBUG o.s.aop.framework.CglibAopProxy - Method is declared on Advised interface: public abstract void org.springframework.aop.framework.Advised.setExposeProxy(boolean)
06:58:20.780 [main] DEBUG o.s.aop.framework.CglibAopProxy - Method is declared on Advised interface: public abstract boolean org.springframework.aop.framework.Advised.isExposeProxy()
06:58:20.780 [main] DEBUG o.s.aop.framework.CglibAopProxy - Method is declared on Advised interface: public abstract void org.springframework.aop.framework.Advised.addAdvice(org.aopalliance.aop.Advice) throws org.springframework.aop.framework.AopConfigException
06:58:20.780 [main] DEBUG o.s.aop.framework.CglibAopProxy - Method is declared on Advised interface: public abstract void org.springframework.aop.framework.Advised.addAdvice(int,org.aopalliance.aop.Advice) throws org.springframework.aop.framework.AopConfigException
06:58:20.780 [main] DEBUG o.s.aop.framework.CglibAopProxy - Method is declared on Advised interface: public abstract boolean org.springframework.aop.framework.Advised.isPreFiltered()
06:58:20.780 [main] DEBUG o.s.aop.framework.CglibAopProxy - Method is declared on Advised interface: public abstract java.lang.Class[] org.springframework.aop.framework.Advised.getProxiedInterfaces()
06:58:20.780 [main] DEBUG o.s.aop.framework.CglibAopProxy - Method is declared on Advised interface: public abstract boolean org.springframework.aop.framework.Advised.isInterfaceProxied(java.lang.Class)
06:58:20.780 [main] DEBUG o.s.aop.framework.CglibAopProxy - Method is declared on Advised interface: public abstract org.springframework.aop.Advisor[] org.springframework.aop.framework.Advised.getAdvisors()
06:58:20.780 [main] DEBUG o.s.aop.framework.CglibAopProxy - Method is declared on Advised interface: public abstract boolean org.springframework.aop.framework.Advised.removeAdvisor(org.springframework.aop.Advisor)
06:58:20.780 [main] DEBUG o.s.aop.framework.CglibAopProxy - Method is declared on Advised interface: public abstract void org.springframework.aop.framework.Advised.removeAdvisor(int) throws org.springframework.aop.framework.AopConfigException
06:58:20.780 [main] DEBUG o.s.aop.framework.CglibAopProxy - Method is declared on Advised interface: public abstract boolean org.springframework.aop.framework.Advised.replaceAdvisor(org.springframework.aop.Advisor,org.springframework.aop.Advisor) throws org.springframework.aop.framework.AopConfigException
06:58:20.780 [main] DEBUG o.s.aop.framework.CglibAopProxy - Method is declared on Advised interface: public abstract boolean org.springframework.aop.framework.Advised.removeAdvice(org.aopalliance.aop.Advice)
06:58:20.780 [main] DEBUG o.s.aop.framework.CglibAopProxy - Method is declared on Advised interface: public abstract java.lang.String org.springframework.aop.framework.Advised.toProxyConfigString()
06:58:20.781 [main] DEBUG o.s.aop.framework.CglibAopProxy - Method is declared on Advised interface: public abstract void org.springframework.aop.framework.Advised.setTargetSource(org.springframework.aop.TargetSource)
06:58:20.781 [main] DEBUG o.s.aop.framework.CglibAopProxy - Method is declared on Advised interface: public abstract int org.springframework.aop.framework.Advised.indexOf(org.aopalliance.aop.Advice)
06:58:20.781 [main] DEBUG o.s.aop.framework.CglibAopProxy - Method is declared on Advised interface: public abstract int org.springframework.aop.framework.Advised.indexOf(org.springframework.aop.Advisor)
06:58:20.781 [main] DEBUG o.s.aop.framework.CglibAopProxy - Method is declared on Advised interface: public abstract boolean org.springframework.aop.framework.Advised.isFrozen()
06:58:20.781 [main] DEBUG o.s.aop.framework.CglibAopProxy - Method is declared on Advised interface: public abstract java.lang.Class org.springframework.aop.TargetClassAware.getTargetClass()
06:58:20.787 [main] DEBUG o.s.b.f.s.DefaultListableBeanFactory - Finished creating instance of bean 'ICDCodesController'
06:58:20.787 [main] DEBUG o.s.b.f.s.DefaultListableBeanFactory - Creating shared instance of singleton bean 'APIAppointmentRequestController'
06:58:20.788 [main] DEBUG o.s.b.f.s.DefaultListableBeanFactory - Creating instance of bean 'APIAppointmentRequestController'
06:58:20.788 [main] DEBUG o.s.b.f.s.DefaultListableBeanFactory - Eagerly caching bean 'APIAppointmentRequestController' to allow for resolving potential circular references
06:58:20.788 [main] DEBUG o.s.b.f.s.DefaultListableBeanFactory - Returning cached instance of singleton bean 'metaDataSourceAdvisor'
06:58:20.788 [main] DEBUG o.s.b.f.s.DefaultListableBeanFactory - Finished creating instance of bean 'APIAppointmentRequestController'
06:58:20.789 [main] DEBUG o.s.b.f.s.DefaultListableBeanFactory - Creating shared instance of singleton bean 'APIDiagnosisController'
06:58:20.789 [main] DEBUG o.s.b.f.s.DefaultListableBeanFactory - Creating instance of bean 'APIDiagnosisController'
06:58:20.789 [main] DEBUG o.s.b.f.s.DefaultListableBeanFactory - Eagerly caching bean 'APIDiagnosisController' to allow for resolving potential circular references
06:58:20.789 [main] DEBUG o.s.b.f.s.DefaultListableBeanFactory - Returning cached instance of singleton bean 'metaDataSourceAdvisor'
06:58:20.789 [main] DEBUG o.s.b.f.s.DefaultListableBeanFactory - Finished creating instance of bean 'APIDiagnosisController'
06:58:20.789 [main] DEBUG o.s.b.f.s.DefaultListableBeanFactory - Creating shared instance of singleton bean 'APIDrugController'
06:58:20.789 [main] DEBUG o.s.b.f.s.DefaultListableBeanFactory - Creating instance of bean 'APIDrugController'
06:58:20.790 [main] DEBUG o.s.b.f.s.DefaultListableBeanFactory - Eagerly caching bean 'APIDrugController' to allow for resolving potential circular references
06:58:20.790 [main] DEBUG o.s.b.f.s.DefaultListableBeanFactory - Returning cached instance of singleton bean 'metaDataSourceAdvisor'
06:58:20.790 [main] DEBUG o.s.s.a.p.PrePostAnnotationSecurityMetadataSource - @org.springframework.security.access.prepost.PreAuthorize(value=hasRole('ROLE_ADMIN')) found on specific method: public org.springframework.http.ResponseEntity edu.ncsu.csc.itrust2.controllers.api.APIDrugController.addDrug(edu.ncsu.csc.itrust2.forms.admin.DrugForm)
06:58:20.790 [main] DEBUG o.s.s.a.m.DelegatingMethodSecurityMetadataSource - Caching method [CacheKey[edu.ncsu.csc.itrust2.controllers.api.APIDrugController; public org.springframework.http.ResponseEntity edu.ncsu.csc.itrust2.controllers.api.APIDrugController.addDrug(edu.ncsu.csc.itrust2.forms.admin.DrugForm)]] with attributes [[authorize: 'hasRole('ROLE_ADMIN')', filter: 'null', filterTarget: 'null']]
06:58:20.790 [main] DEBUG o.s.a.f.a.InfrastructureAdvisorAutoProxyCreator - Creating implicit proxy for bean 'APIDrugController' with 0 common interceptors and 1 specific interceptors
06:58:20.790 [main] DEBUG o.s.aop.framework.CglibAopProxy - Creating CGLIB proxy: target source is SingletonTargetSource for target object [edu.ncsu.csc.itrust2.controllers.api.APIDrugController@7ec3fa1e]
06:58:20.791 [main] DEBUG o.s.aop.framework.CglibAopProxy - Unable to apply any optimisations to advised method: public org.springframework.http.ResponseEntity edu.ncsu.csc.itrust2.controllers.api.APIDrugController.addDrug(edu.ncsu.csc.itrust2.forms.admin.DrugForm)
06:58:20.791 [main] DEBUG o.s.s.a.p.PrePostAnnotationSecurityMetadataSource - @org.springframework.security.access.prepost.PreAuthorize(value=hasRole('ROLE_ADMIN')) found on specific method: public org.springframework.http.ResponseEntity edu.ncsu.csc.itrust2.controllers.api.APIDrugController.editDrug(edu.ncsu.csc.itrust2.forms.admin.DrugForm)
06:58:20.791 [main] DEBUG o.s.s.a.m.DelegatingMethodSecurityMetadataSource - Caching method [CacheKey[edu.ncsu.csc.itrust2.controllers.api.APIDrugController; public org.springframework.http.ResponseEntity edu.ncsu.csc.itrust2.controllers.api.APIDrugController.editDrug(edu.ncsu.csc.itrust2.forms.admin.DrugForm)]] with attributes [[authorize: 'hasRole('ROLE_ADMIN')', filter: 'null', filterTarget: 'null']]
06:58:20.791 [main] DEBUG o.s.aop.framework.CglibAopProxy - Unable to apply any optimisations to advised method: public org.springframework.http.ResponseEntity edu.ncsu.csc.itrust2.controllers.api.APIDrugController.editDrug(edu.ncsu.csc.itrust2.forms.admin.DrugForm)
06:58:20.791 [main] DEBUG o.s.s.a.p.PrePostAnnotationSecurityMetadataSource - @org.springframework.security.access.prepost.PreAuthorize(value=hasRole('ROLE_ADMIN')) found on specific method: public org.springframework.http.ResponseEntity edu.ncsu.csc.itrust2.controllers.api.APIDrugController.deleteDrug(java.lang.String)
06:58:20.791 [main] DEBUG o.s.s.a.m.DelegatingMethodSecurityMetadataSource - Caching method [CacheKey[edu.ncsu.csc.itrust2.controllers.api.APIDrugController; public org.springframework.http.ResponseEntity edu.ncsu.csc.itrust2.controllers.api.APIDrugController.deleteDrug(java.lang.String)]] with attributes [[authorize: 'hasRole('ROLE_ADMIN')', filter: 'null', filterTarget: 'null']]
06:58:20.791 [main] DEBUG o.s.aop.framework.CglibAopProxy - Unable to apply any optimisations to advised method: public org.springframework.http.ResponseEntity edu.ncsu.csc.itrust2.controllers.api.APIDrugController.deleteDrug(java.lang.String)
06:58:20.791 [main] DEBUG o.s.aop.framework.CglibAopProxy - Unable to apply any optimisations to advised method: public java.util.List edu.ncsu.csc.itrust2.controllers.api.APIDrugController.getDrugs()
06:58:20.792 [main] DEBUG o.s.aop.framework.CglibAopProxy - Found 'equals' method: public boolean java.lang.Object.equals(java.lang.Object)
06:58:20.792 [main] DEBUG o.s.aop.framework.CglibAopProxy - Unable to apply any optimisations to advised method: public java.lang.String java.lang.Object.toString()
06:58:20.792 [main] DEBUG o.s.aop.framework.CglibAopProxy - Found 'hashCode' method: public native int java.lang.Object.hashCode()
06:58:20.792 [main] DEBUG o.s.aop.framework.CglibAopProxy - Unable to apply any optimisations to advised method: protected native java.lang.Object java.lang.Object.clone() throws java.lang.CloneNotSupportedException
06:58:20.792 [main] DEBUG o.s.aop.framework.CglibAopProxy - Method is declared on Advised interface: public abstract org.springframework.aop.TargetSource org.springframework.aop.framework.Advised.getTargetSource()
06:58:20.792 [main] DEBUG o.s.aop.framework.CglibAopProxy - Method is declared on Advised interface: public abstract boolean org.springframework.aop.framework.Advised.isProxyTargetClass()
06:58:20.792 [main] DEBUG o.s.aop.framework.CglibAopProxy - Method is declared on Advised interface: public abstract void org.springframework.aop.framework.Advised.addAdvisor(org.springframework.aop.Advisor) throws org.springframework.aop.framework.AopConfigException
06:58:20.792 [main] DEBUG o.s.aop.framework.CglibAopProxy - Method is declared on Advised interface: public abstract void org.springframework.aop.framework.Advised.addAdvisor(int,org.springframework.aop.Advisor) throws org.springframework.aop.framework.AopConfigException
06:58:20.792 [main] DEBUG o.s.aop.framework.CglibAopProxy - Method is declared on Advised interface: public abstract void org.springframework.aop.framework.Advised.setPreFiltered(boolean)
06:58:20.792 [main] DEBUG o.s.aop.framework.CglibAopProxy - Method is declared on Advised interface: public abstract void org.springframework.aop.framework.Advised.setExposeProxy(boolean)
06:58:20.792 [main] DEBUG o.s.aop.framework.CglibAopProxy - Method is declared on Advised interface: public abstract boolean org.springframework.aop.framework.Advised.isExposeProxy()
06:58:20.792 [main] DEBUG o.s.aop.framework.CglibAopProxy - Method is declared on Advised interface: public abstract void org.springframework.aop.framework.Advised.addAdvice(org.aopalliance.aop.Advice) throws org.springframework.aop.framework.AopConfigException
06:58:20.792 [main] DEBUG o.s.aop.framework.CglibAopProxy - Method is declared on Advised interface: public abstract void org.springframework.aop.framework.Advised.addAdvice(int,org.aopalliance.aop.Advice) throws org.springframework.aop.framework.AopConfigException
06:58:20.792 [main] DEBUG o.s.aop.framework.CglibAopProxy - Method is declared on Advised interface: public abstract boolean org.springframework.aop.framework.Advised.isPreFiltered()
06:58:20.792 [main] DEBUG o.s.aop.framework.CglibAopProxy - Method is declared on Advised interface: public abstract java.lang.Class[] org.springframework.aop.framework.Advised.getProxiedInterfaces()
06:58:20.792 [main] DEBUG o.s.aop.framework.CglibAopProxy - Method is declared on Advised interface: public abstract boolean org.springframework.aop.framework.Advised.isInterfaceProxied(java.lang.Class)
06:58:20.792 [main] DEBUG o.s.aop.framework.CglibAopProxy - Method is declared on Advised interface: public abstract org.springframework.aop.Advisor[] org.springframework.aop.framework.Advised.getAdvisors()
06:58:20.792 [main] DEBUG o.s.aop.framework.CglibAopProxy - Method is declared on Advised interface: public abstract boolean org.springframework.aop.framework.Advised.removeAdvisor(org.springframework.aop.Advisor)
06:58:20.792 [main] DEBUG o.s.aop.framework.CglibAopProxy - Method is declared on Advised interface: public abstract void org.springframework.aop.framework.Advised.removeAdvisor(int) throws org.springframework.aop.framework.AopConfigException
06:58:20.792 [main] DEBUG o.s.aop.framework.CglibAopProxy - Method is declared on Advised interface: public abstract boolean org.springframework.aop.framework.Advised.replaceAdvisor(org.springframework.aop.Advisor,org.springframework.aop.Advisor) throws org.springframework.aop.framework.AopConfigException
06:58:20.792 [main] DEBUG o.s.aop.framework.CglibAopProxy - Method is declared on Advised interface: public abstract boolean org.springframework.aop.framework.Advised.removeAdvice(org.aopalliance.aop.Advice)
06:58:20.792 [main] DEBUG o.s.aop.framework.CglibAopProxy - Method is declared on Advised interface: public abstract java.lang.String org.springframework.aop.framework.Advised.toProxyConfigString()
06:58:20.792 [main] DEBUG o.s.aop.framework.CglibAopProxy - Method is declared on Advised interface: public abstract void org.springframework.aop.framework.Advised.setTargetSource(org.springframework.aop.TargetSource)
06:58:20.792 [main] DEBUG o.s.aop.framework.CglibAopProxy - Method is declared on Advised interface: public abstract int org.springframework.aop.framework.Advised.indexOf(org.aopalliance.aop.Advice)
06:58:20.792 [main] DEBUG o.s.aop.framework.CglibAopProxy - Method is declared on Advised interface: public abstract int org.springframework.aop.framework.Advised.indexOf(org.springframework.aop.Advisor)
06:58:20.792 [main] DEBUG o.s.aop.framework.CglibAopProxy - Method is declared on Advised interface: public abstract boolean org.springframework.aop.framework.Advised.isFrozen()
06:58:20.792 [main] DEBUG o.s.aop.framework.CglibAopProxy - Method is declared on Advised interface: public abstract java.lang.Class org.springframework.aop.TargetClassAware.getTargetClass()
06:58:20.799 [main] DEBUG o.s.b.f.s.DefaultListableBeanFactory - Finished creating instance of bean 'APIDrugController'
06:58:20.800 [main] DEBUG o.s.b.f.s.DefaultListableBeanFactory - Creating shared instance of singleton bean 'APIEnumController'
06:58:20.800 [main] DEBUG o.s.b.f.s.DefaultListableBeanFactory - Creating instance of bean 'APIEnumController'
06:58:20.800 [main] DEBUG o.s.b.f.s.DefaultListableBeanFactory - Eagerly caching bean 'APIEnumController' to allow for resolving potential circular references
06:58:20.800 [main] DEBUG o.s.b.f.s.DefaultListableBeanFactory - Returning cached instance of singleton bean 'metaDataSourceAdvisor'
06:58:20.801 [main] DEBUG o.s.b.f.s.DefaultListableBeanFactory - Finished creating instance of bean 'APIEnumController'
06:58:20.801 [main] DEBUG o.s.b.f.s.DefaultListableBeanFactory - Creating shared instance of singleton bean 'APIHospitalController'
06:58:20.801 [main] DEBUG o.s.b.f.s.DefaultListableBeanFactory - Creating instance of bean 'APIHospitalController'
06:58:20.801 [main] DEBUG o.s.b.f.s.DefaultListableBeanFactory - Eagerly caching bean 'APIHospitalController' to allow for resolving potential circular references
06:58:20.802 [main] DEBUG o.s.b.f.s.DefaultListableBeanFactory - Returning cached instance of singleton bean 'metaDataSourceAdvisor'
06:58:20.802 [main] DEBUG o.s.b.f.s.DefaultListableBeanFactory - Finished creating instance of bean 'APIHospitalController'
06:58:20.802 [main] DEBUG o.s.b.f.s.DefaultListableBeanFactory - Creating shared instance of singleton bean 'APIICDCodeController'
06:58:20.802 [main] DEBUG o.s.b.f.s.DefaultListableBeanFactory - Creating instance of bean 'APIICDCodeController'
06:58:20.802 [main] DEBUG o.s.b.f.s.DefaultListableBeanFactory - Eagerly caching bean 'APIICDCodeController' to allow for resolving potential circular references
06:58:20.802 [main] DEBUG o.s.b.f.s.DefaultListableBeanFactory - Returning cached instance of singleton bean 'metaDataSourceAdvisor'
06:58:20.803 [main] DEBUG o.s.s.a.p.PrePostAnnotationSecurityMetadataSource - @org.springframework.security.access.prepost.PreAuthorize(value=hasRole('ROLE_ADMIN')) found on specific method: public org.springframework.http.ResponseEntity edu.ncsu.csc.itrust2.controllers.api.APIICDCodeController.updateCode(java.lang.Long,edu.ncsu.csc.itrust2.forms.admin.ICDCodeForm)
06:58:20.803 [main] DEBUG o.s.s.a.m.DelegatingMethodSecurityMetadataSource - Caching method [CacheKey[edu.ncsu.csc.itrust2.controllers.api.APIICDCodeController; public org.springframework.http.ResponseEntity edu.ncsu.csc.itrust2.controllers.api.APIICDCodeController.updateCode(java.lang.Long,edu.ncsu.csc.itrust2.forms.admin.ICDCodeForm)]] with attributes [[authorize: 'hasRole('ROLE_ADMIN')', filter: 'null', filterTarget: 'null']]
06:58:20.803 [main] DEBUG o.s.a.f.a.InfrastructureAdvisorAutoProxyCreator - Creating implicit proxy for bean 'APIICDCodeController' with 0 common interceptors and 1 specific interceptors
06:58:20.803 [main] DEBUG o.s.aop.framework.CglibAopProxy - Creating CGLIB proxy: target source is SingletonTargetSource for target object [edu.ncsu.csc.itrust2.controllers.api.APIICDCodeController@28ba0d1d]
06:58:20.804 [main] DEBUG o.s.aop.framework.CglibAopProxy - Unable to apply any optimisations to advised method: public org.springframework.http.ResponseEntity edu.ncsu.csc.itrust2.controllers.api.APIICDCodeController.getCode(java.lang.Long)
06:58:20.804 [main] DEBUG o.s.aop.framework.CglibAopProxy - Unable to apply any optimisations to advised method: public java.util.List edu.ncsu.csc.itrust2.controllers.api.APIICDCodeController.getCodes()
06:58:20.804 [main] DEBUG o.s.aop.framework.CglibAopProxy - Unable to apply any optimisations to advised method: public org.springframework.http.ResponseEntity edu.ncsu.csc.itrust2.controllers.api.APIICDCodeController.updateCode(java.lang.Long,edu.ncsu.csc.itrust2.forms.admin.ICDCodeForm)
06:58:20.804 [main] DEBUG o.s.s.a.p.PrePostAnnotationSecurityMetadataSource - @org.springframework.security.access.prepost.PreAuthorize(value=hasRole('ROLE_ADMIN')) found on specific method: public org.springframework.http.ResponseEntity edu.ncsu.csc.itrust2.controllers.api.APIICDCodeController.deleteCode(java.lang.Long)
06:58:20.804 [main] DEBUG o.s.s.a.m.DelegatingMethodSecurityMetadataSource - Caching method [CacheKey[edu.ncsu.csc.itrust2.controllers.api.APIICDCodeController; public org.springframework.http.ResponseEntity edu.ncsu.csc.itrust2.controllers.api.APIICDCodeController.deleteCode(java.lang.Long)]] with attributes [[authorize: 'hasRole('ROLE_ADMIN')', filter: 'null', filterTarget: 'null']]
06:58:20.804 [main] DEBUG o.s.aop.framework.CglibAopProxy - Unable to apply any optimisations to advised method: public org.springframework.http.ResponseEntity edu.ncsu.csc.itrust2.controllers.api.APIICDCodeController.deleteCode(java.lang.Long)
06:58:20.804 [main] DEBUG o.s.s.a.p.PrePostAnnotationSecurityMetadataSource - @org.springframework.security.access.prepost.PreAuthorize(value=hasRole('ROLE_ADMIN')) found on specific method: public org.springframework.http.ResponseEntity edu.ncsu.csc.itrust2.controllers.api.APIICDCodeController.addCode(edu.ncsu.csc.itrust2.forms.admin.ICDCodeForm)
06:58:20.804 [main] DEBUG o.s.s.a.m.DelegatingMethodSecurityMetadataSource - Caching method [CacheKey[edu.ncsu.csc.itrust2.controllers.api.APIICDCodeController; public org.springframework.http.ResponseEntity edu.ncsu.csc.itrust2.controllers.api.APIICDCodeController.addCode(edu.ncsu.csc.itrust2.forms.admin.ICDCodeForm)]] with attributes [[authorize: 'hasRole('ROLE_ADMIN')', filter: 'null', filterTarget: 'null']]
06:58:20.804 [main] DEBUG o.s.aop.framework.CglibAopProxy - Unable to apply any optimisations to advised method: public org.springframework.http.ResponseEntity edu.ncsu.csc.itrust2.controllers.api.APIICDCodeController.addCode(edu.ncsu.csc.itrust2.forms.admin.ICDCodeForm)
06:58:20.804 [main] DEBUG o.s.aop.framework.CglibAopProxy - Found 'equals' method: public boolean java.lang.Object.equals(java.lang.Object)
06:58:20.804 [main] DEBUG o.s.aop.framework.CglibAopProxy - Unable to apply any optimisations to advised method: public java.lang.String java.lang.Object.toString()
06:58:20.804 [main] DEBUG o.s.aop.framework.CglibAopProxy - Found 'hashCode' method: public native int java.lang.Object.hashCode()
06:58:20.804 [main] DEBUG o.s.aop.framework.CglibAopProxy - Unable to apply any optimisations to advised method: protected native java.lang.Object java.lang.Object.clone() throws java.lang.CloneNotSupportedException
06:58:20.804 [main] DEBUG o.s.aop.framework.CglibAopProxy - Method is declared on Advised interface: public abstract org.springframework.aop.TargetSource org.springframework.aop.framework.Advised.getTargetSource()
06:58:20.804 [main] DEBUG o.s.aop.framework.CglibAopProxy - Method is declared on Advised interface: public abstract boolean org.springframework.aop.framework.Advised.isProxyTargetClass()
06:58:20.804 [main] DEBUG o.s.aop.framework.CglibAopProxy - Method is declared on Advised interface: public abstract void org.springframework.aop.framework.Advised.addAdvisor(org.springframework.aop.Advisor) throws org.springframework.aop.framework.AopConfigException
06:58:20.804 [main] DEBUG o.s.aop.framework.CglibAopProxy - Method is declared on Advised interface: public abstract void org.springframework.aop.framework.Advised.addAdvisor(int,org.springframework.aop.Advisor) throws org.springframework.aop.framework.AopConfigException
06:58:20.804 [main] DEBUG o.s.aop.framework.CglibAopProxy - Method is declared on Advised interface: public abstract void org.springframework.aop.framework.Advised.setPreFiltered(boolean)
06:58:20.804 [main] DEBUG o.s.aop.framework.CglibAopProxy - Method is declared on Advised interface: public abstract void org.springframework.aop.framework.Advised.setExposeProxy(boolean)
06:58:20.804 [main] DEBUG o.s.aop.framework.CglibAopProxy - Method is declared on Advised interface: public abstract boolean org.springframework.aop.framework.Advised.isExposeProxy()
06:58:20.804 [main] DEBUG o.s.aop.framework.CglibAopProxy - Method is declared on Advised interface: public abstract void org.springframework.aop.framework.Advised.addAdvice(org.aopalliance.aop.Advice) throws org.springframework.aop.framework.AopConfigException
06:58:20.804 [main] DEBUG o.s.aop.framework.CglibAopProxy - Method is declared on Advised interface: public abstract void org.springframework.aop.framework.Advised.addAdvice(int,org.aopalliance.aop.Advice) throws org.springframework.aop.framework.AopConfigException
06:58:20.804 [main] DEBUG o.s.aop.framework.CglibAopProxy - Method is declared on Advised interface: public abstract boolean org.springframework.aop.framework.Advised.isPreFiltered()
06:58:20.804 [main] DEBUG o.s.aop.framework.CglibAopProxy - Method is declared on Advised interface: public abstract java.lang.Class[] org.springframework.aop.framework.Advised.getProxiedInterfaces()
06:58:20.804 [main] DEBUG o.s.aop.framework.CglibAopProxy - Method is declared on Advised interface: public abstract boolean org.springframework.aop.framework.Advised.isInterfaceProxied(java.lang.Class)
06:58:20.804 [main] DEBUG o.s.aop.framework.CglibAopProxy - Method is declared on Advised interface: public abstract org.springframework.aop.Advisor[] org.springframework.aop.framework.Advised.getAdvisors()
06:58:20.804 [main] DEBUG o.s.aop.framework.CglibAopProxy - Method is declared on Advised interface: public abstract boolean org.springframework.aop.framework.Advised.removeAdvisor(org.springframework.aop.Advisor)
06:58:20.804 [main] DEBUG o.s.aop.framework.CglibAopProxy - Method is declared on Advised interface: public abstract void org.springframework.aop.framework.Advised.removeAdvisor(int) throws org.springframework.aop.framework.AopConfigException
06:58:20.804 [main] DEBUG o.s.aop.framework.CglibAopProxy - Method is declared on Advised interface: public abstract boolean org.springframework.aop.framework.Advised.replaceAdvisor(org.springframework.aop.Advisor,org.springframework.aop.Advisor) throws org.springframework.aop.framework.AopConfigException
06:58:20.805 [main] DEBUG o.s.aop.framework.CglibAopProxy - Method is declared on Advised interface: public abstract boolean org.springframework.aop.framework.Advised.removeAdvice(org.aopalliance.aop.Advice)
06:58:20.805 [main] DEBUG o.s.aop.framework.CglibAopProxy - Method is declared on Advised interface: public abstract java.lang.String org.springframework.aop.framework.Advised.toProxyConfigString()
06:58:20.805 [main] DEBUG o.s.aop.framework.CglibAopProxy - Method is declared on Advised interface: public abstract void org.springframework.aop.framework.Advised.setTargetSource(org.springframework.aop.TargetSource)
06:58:20.805 [main] DEBUG o.s.aop.framework.CglibAopProxy - Method is declared on Advised interface: public abstract int org.springframework.aop.framework.Advised.indexOf(org.aopalliance.aop.Advice)
06:58:20.805 [main] DEBUG o.s.aop.framework.CglibAopProxy - Method is declared on Advised interface: public abstract int org.springframework.aop.framework.Advised.indexOf(org.springframework.aop.Advisor)
06:58:20.805 [main] DEBUG o.s.aop.framework.CglibAopProxy - Method is declared on Advised interface: public abstract boolean org.springframework.aop.framework.Advised.isFrozen()
06:58:20.805 [main] DEBUG o.s.aop.framework.CglibAopProxy - Method is declared on Advised interface: public abstract java.lang.Class org.springframework.aop.TargetClassAware.getTargetClass()
06:58:20.813 [main] DEBUG o.s.b.f.s.DefaultListableBeanFactory - Finished creating instance of bean 'APIICDCodeController'
06:58:20.813 [main] DEBUG o.s.b.f.s.DefaultListableBeanFactory - Creating shared instance of singleton bean 'APILogEntryController'
06:58:20.813 [main] DEBUG o.s.b.f.s.DefaultListableBeanFactory - Creating instance of bean 'APILogEntryController'
06:58:20.813 [main] DEBUG o.s.b.f.s.DefaultListableBeanFactory - Eagerly caching bean 'APILogEntryController' to allow for resolving potential circular references
06:58:20.813 [main] DEBUG o.s.b.f.s.DefaultListableBeanFactory - Returning cached instance of singleton bean 'metaDataSourceAdvisor'
06:58:20.814 [main] DEBUG o.s.b.f.s.DefaultListableBeanFactory - Finished creating instance of bean 'APILogEntryController'
06:58:20.814 [main] DEBUG o.s.b.f.s.DefaultListableBeanFactory - Creating shared instance of singleton bean 'APIOfficeVisitController'
06:58:20.814 [main] DEBUG o.s.b.f.s.DefaultListableBeanFactory - Creating instance of bean 'APIOfficeVisitController'
06:58:20.814 [main] DEBUG o.s.b.f.s.DefaultListableBeanFactory - Eagerly caching bean 'APIOfficeVisitController' to allow for resolving potential circular references
06:58:20.814 [main] DEBUG o.s.b.f.s.DefaultListableBeanFactory - Returning cached instance of singleton bean 'metaDataSourceAdvisor'
06:58:20.814 [main] DEBUG o.s.s.a.p.PrePostAnnotationSecurityMetadataSource - @org.springframework.security.access.prepost.PreAuthorize(value=hasRole('ROLE_PATIENT')) found on specific method: public java.util.List edu.ncsu.csc.itrust2.controllers.api.APIOfficeVisitController.getMyOfficeVisits()
06:58:20.814 [main] DEBUG o.s.s.a.m.DelegatingMethodSecurityMetadataSource - Caching method [CacheKey[edu.ncsu.csc.itrust2.controllers.api.APIOfficeVisitController; public java.util.List edu.ncsu.csc.itrust2.controllers.api.APIOfficeVisitController.getMyOfficeVisits()]] with attributes [[authorize: 'hasRole('ROLE_PATIENT')', filter: 'null', filterTarget: 'null']]
06:58:20.814 [main] DEBUG o.s.a.f.a.InfrastructureAdvisorAutoProxyCreator - Creating implicit proxy for bean 'APIOfficeVisitController' with 0 common interceptors and 1 specific interceptors
06:58:20.815 [main] DEBUG o.s.aop.framework.CglibAopProxy - Creating CGLIB proxy: target source is SingletonTargetSource for target object [edu.ncsu.csc.itrust2.controllers.api.APIOfficeVisitController@162b9458]
06:58:20.815 [main] DEBUG o.s.aop.framework.CglibAopProxy - Unable to apply any optimisations to advised method: public java.util.List edu.ncsu.csc.itrust2.controllers.api.APIOfficeVisitController.getMyOfficeVisits()
06:58:20.815 [main] DEBUG o.s.aop.framework.CglibAopProxy - Unable to apply any optimisations to advised method: public org.springframework.http.ResponseEntity edu.ncsu.csc.itrust2.controllers.api.APIOfficeVisitController.getOfficeVisit(java.lang.Long)
06:58:20.815 [main] DEBUG o.s.aop.framework.CglibAopProxy - Unable to apply any optimisations to advised method: public void edu.ncsu.csc.itrust2.controllers.api.APIOfficeVisitController.deleteOfficeVisits()
06:58:20.815 [main] DEBUG o.s.aop.framework.CglibAopProxy - Unable to apply any optimisations to advised method: public org.springframework.http.ResponseEntity edu.ncsu.csc.itrust2.controllers.api.APIOfficeVisitController.createOfficeVisit(edu.ncsu.csc.itrust2.forms.hcp.OfficeVisitForm)
06:58:20.816 [main] DEBUG o.s.aop.framework.CglibAopProxy - Unable to apply any optimisations to advised method: public org.springframework.http.ResponseEntity edu.ncsu.csc.itrust2.controllers.api.APIOfficeVisitController.deleteOfficeVisit(java.lang.Long)
06:58:20.816 [main] DEBUG o.s.aop.framework.CglibAopProxy - Unable to apply any optimisations to advised method: public org.springframework.http.ResponseEntity edu.ncsu.csc.itrust2.controllers.api.APIOfficeVisitController.updateOfficeVisit(java.lang.Long,edu.ncsu.csc.itrust2.forms.hcp.OfficeVisitForm)
06:58:20.816 [main] DEBUG o.s.s.a.p.PrePostAnnotationSecurityMetadataSource - @org.springframework.security.access.prepost.PreAuthorize(value=hasRole('ROLE_HCP')) found on specific method: public org.springframework.http.ResponseEntity edu.ncsu.csc.itrust2.controllers.api.APIOfficeVisitController.viewOfficeVisitHCP(java.lang.Long,edu.ncsu.csc.itrust2.forms.hcp.OfficeVisitForm)
06:58:20.816 [main] DEBUG o.s.s.a.m.DelegatingMethodSecurityMetadataSource - Caching method [CacheKey[edu.ncsu.csc.itrust2.controllers.api.APIOfficeVisitController; public org.springframework.http.ResponseEntity edu.ncsu.csc.itrust2.controllers.api.APIOfficeVisitController.viewOfficeVisitHCP(java.lang.Long,edu.ncsu.csc.itrust2.forms.hcp.OfficeVisitForm)]] with attributes [[authorize: 'hasRole('ROLE_HCP')', filter: 'null', filterTarget: 'null']]
06:58:20.816 [main] DEBUG o.s.aop.framework.CglibAopProxy - Unable to apply any optimisations to advised method: public org.springframework.http.ResponseEntity edu.ncsu.csc.itrust2.controllers.api.APIOfficeVisitController.viewOfficeVisitHCP(java.lang.Long,edu.ncsu.csc.itrust2.forms.hcp.OfficeVisitForm)
06:58:20.816 [main] DEBUG o.s.s.a.p.PrePostAnnotationSecurityMetadataSource - @org.springframework.security.access.prepost.PreAuthorize(value=hasRole('ROLE_PATIENT')) found on specific method: public org.springframework.http.ResponseEntity edu.ncsu.csc.itrust2.controllers.api.APIOfficeVisitController.viewOfficeVisitPatient(java.lang.Long,edu.ncsu.csc.itrust2.forms.hcp.OfficeVisitForm)
06:58:20.816 [main] DEBUG o.s.s.a.m.DelegatingMethodSecurityMetadataSource - Caching method [CacheKey[edu.ncsu.csc.itrust2.controllers.api.APIOfficeVisitController; public org.springframework.http.ResponseEntity edu.ncsu.csc.itrust2.controllers.api.APIOfficeVisitController.viewOfficeVisitPatient(java.lang.Long,edu.ncsu.csc.itrust2.forms.hcp.OfficeVisitForm)]] with attributes [[authorize: 'hasRole('ROLE_PATIENT')', filter: 'null', filterTarget: 'null']]
06:58:20.816 [main] DEBUG o.s.aop.framework.CglibAopProxy - Unable to apply any optimisations to advised method: public org.springframework.http.ResponseEntity edu.ncsu.csc.itrust2.controllers.api.APIOfficeVisitController.viewOfficeVisitPatient(java.lang.Long,edu.ncsu.csc.itrust2.forms.hcp.OfficeVisitForm)
06:58:20.816 [main] DEBUG o.s.aop.framework.CglibAopProxy - Unable to apply any optimisations to advised method: public java.util.List edu.ncsu.csc.itrust2.controllers.api.APIOfficeVisitController.getOfficeVisits()
06:58:20.816 [main] DEBUG o.s.aop.framework.CglibAopProxy - Found 'equals' method: public boolean java.lang.Object.equals(java.lang.Object)
06:58:20.816 [main] DEBUG o.s.aop.framework.CglibAopProxy - Unable to apply any optimisations to advised method: public java.lang.String java.lang.Object.toString()
06:58:20.816 [main] DEBUG o.s.aop.framework.CglibAopProxy - Found 'hashCode' method: public native int java.lang.Object.hashCode()
06:58:20.816 [main] DEBUG o.s.aop.framework.CglibAopProxy - Unable to apply any optimisations to advised method: protected native java.lang.Object java.lang.Object.clone() throws java.lang.CloneNotSupportedException
06:58:20.817 [main] DEBUG o.s.aop.framework.CglibAopProxy - Method is declared on Advised interface: public abstract org.springframework.aop.TargetSource org.springframework.aop.framework.Advised.getTargetSource()
06:58:20.817 [main] DEBUG o.s.aop.framework.CglibAopProxy - Method is declared on Advised interface: public abstract boolean org.springframework.aop.framework.Advised.isProxyTargetClass()
06:58:20.817 [main] DEBUG o.s.aop.framework.CglibAopProxy - Method is declared on Advised interface: public abstract void org.springframework.aop.framework.Advised.addAdvisor(org.springframework.aop.Advisor) throws org.springframework.aop.framework.AopConfigException
06:58:20.817 [main] DEBUG o.s.aop.framework.CglibAopProxy - Method is declared on Advised interface: public abstract void org.springframework.aop.framework.Advised.addAdvisor(int,org.springframework.aop.Advisor) throws org.springframework.aop.framework.AopConfigException
06:58:20.817 [main] DEBUG o.s.aop.framework.CglibAopProxy - Method is declared on Advised interface: public abstract void org.springframework.aop.framework.Advised.setPreFiltered(boolean)
06:58:20.817 [main] DEBUG o.s.aop.framework.CglibAopProxy - Method is declared on Advised interface: public abstract void org.springframework.aop.framework.Advised.setExposeProxy(boolean)
06:58:20.817 [main] DEBUG o.s.aop.framework.CglibAopProxy - Method is declared on Advised interface: public abstract boolean org.springframework.aop.framework.Advised.isExposeProxy()
06:58:20.817 [main] DEBUG o.s.aop.framework.CglibAopProxy - Method is declared on Advised interface: public abstract void org.springframework.aop.framework.Advised.addAdvice(org.aopalliance.aop.Advice) throws org.springframework.aop.framework.AopConfigException
06:58:20.817 [main] DEBUG o.s.aop.framework.CglibAopProxy - Method is declared on Advised interface: public abstract void org.springframework.aop.framework.Advised.addAdvice(int,org.aopalliance.aop.Advice) throws org.springframework.aop.framework.AopConfigException
06:58:20.817 [main] DEBUG o.s.aop.framework.CglibAopProxy - Method is declared on Advised interface: public abstract boolean org.springframework.aop.framework.Advised.isPreFiltered()
06:58:20.817 [main] DEBUG o.s.aop.framework.CglibAopProxy - Method is declared on Advised interface: public abstract java.lang.Class[] org.springframework.aop.framework.Advised.getProxiedInterfaces()
06:58:20.817 [main] DEBUG o.s.aop.framework.CglibAopProxy - Method is declared on Advised interface: public abstract boolean org.springframework.aop.framework.Advised.isInterfaceProxied(java.lang.Class)
06:58:20.817 [main] DEBUG o.s.aop.framework.CglibAopProxy - Method is declared on Advised interface: public abstract org.springframework.aop.Advisor[] org.springframework.aop.framework.Advised.getAdvisors()
06:58:20.817 [main] DEBUG o.s.aop.framework.CglibAopProxy - Method is declared on Advised interface: public abstract boolean org.springframework.aop.framework.Advised.removeAdvisor(org.springframework.aop.Advisor)
06:58:20.817 [main] DEBUG o.s.aop.framework.CglibAopProxy - Method is declared on Advised interface: public abstract void org.springframework.aop.framework.Advised.removeAdvisor(int) throws org.springframework.aop.framework.AopConfigException
06:58:20.817 [main] DEBUG o.s.aop.framework.CglibAopProxy - Method is declared on Advised interface: public abstract boolean org.springframework.aop.framework.Advised.replaceAdvisor(org.springframework.aop.Advisor,org.springframework.aop.Advisor) throws org.springframework.aop.framework.AopConfigException
06:58:20.817 [main] DEBUG o.s.aop.framework.CglibAopProxy - Method is declared on Advised interface: public abstract boolean org.springframework.aop.framework.Advised.removeAdvice(org.aopalliance.aop.Advice)
06:58:20.817 [main] DEBUG o.s.aop.framework.CglibAopProxy - Method is declared on Advised interface: public abstract java.lang.String org.springframework.aop.framework.Advised.toProxyConfigString()
06:58:20.817 [main] DEBUG o.s.aop.framework.CglibAopProxy - Method is declared on Advised interface: public abstract void org.springframework.aop.framework.Advised.setTargetSource(org.springframework.aop.TargetSource)
06:58:20.817 [main] DEBUG o.s.aop.framework.CglibAopProxy - Method is declared on Advised interface: public abstract int org.springframework.aop.framework.Advised.indexOf(org.aopalliance.aop.Advice)
06:58:20.817 [main] DEBUG o.s.aop.framework.CglibAopProxy - Method is declared on Advised interface: public abstract int org.springframework.aop.framework.Advised.indexOf(org.springframework.aop.Advisor)
06:58:20.817 [main] DEBUG o.s.aop.framework.CglibAopProxy - Method is declared on Advised interface: public abstract boolean org.springframework.aop.framework.Advised.isFrozen()
06:58:20.817 [main] DEBUG o.s.aop.framework.CglibAopProxy - Method is declared on Advised interface: public abstract java.lang.Class org.springframework.aop.TargetClassAware.getTargetClass()
06:58:20.825 [main] DEBUG o.s.b.f.s.DefaultListableBeanFactory - Finished creating instance of bean 'APIOfficeVisitController'
06:58:20.826 [main] DEBUG o.s.b.f.s.DefaultListableBeanFactory - Creating shared instance of singleton bean 'APIPasswordController'
06:58:20.826 [main] DEBUG o.s.b.f.s.DefaultListableBeanFactory - Creating instance of bean 'APIPasswordController'
06:58:20.826 [main] DEBUG o.s.b.f.annotation.InjectionMetadata - Registered injected element on class [edu.ncsu.csc.itrust2.controllers.api.APIPasswordController]: AutowiredFieldElement for org.springframework.core.env.Environment edu.ncsu.csc.itrust2.controllers.api.APIPasswordController.environment
06:58:20.826 [main] DEBUG o.s.b.f.s.DefaultListableBeanFactory - Eagerly caching bean 'APIPasswordController' to allow for resolving potential circular references
06:58:20.826 [main] DEBUG o.s.b.f.annotation.InjectionMetadata - Processing injected element of bean 'APIPasswordController': AutowiredFieldElement for org.springframework.core.env.Environment edu.ncsu.csc.itrust2.controllers.api.APIPasswordController.environment
06:58:20.827 [main] DEBUG o.s.b.f.s.DefaultListableBeanFactory - Returning cached instance of singleton bean 'environment'
06:58:20.827 [main] DEBUG o.s.b.f.a.AutowiredAnnotationBeanPostProcessor - Autowiring by type from bean name 'APIPasswordController' to bean named 'environment'
06:58:20.827 [main] DEBUG o.s.b.f.s.DefaultListableBeanFactory - Returning cached instance of singleton bean 'metaDataSourceAdvisor'
06:58:20.827 [main] DEBUG o.s.b.f.s.DefaultListableBeanFactory - Finished creating instance of bean 'APIPasswordController'
06:58:20.828 [main] DEBUG o.s.b.f.s.DefaultListableBeanFactory - Creating shared instance of singleton bean 'APIPatientController'
06:58:20.828 [main] DEBUG o.s.b.f.s.DefaultListableBeanFactory - Creating instance of bean 'APIPatientController'
06:58:20.828 [main] DEBUG o.s.b.f.s.DefaultListableBeanFactory - Eagerly caching bean 'APIPatientController' to allow for resolving potential circular references
06:58:20.828 [main] DEBUG o.s.b.f.s.DefaultListableBeanFactory - Returning cached instance of singleton bean 'metaDataSourceAdvisor'
06:58:20.828 [main] DEBUG o.s.s.a.p.PrePostAnnotationSecurityMetadataSource - @org.springframework.security.access.prepost.PreAuthorize(value=hasRole('ROLE_PATIENT')) found on specific method: public org.springframework.http.ResponseEntity edu.ncsu.csc.itrust2.controllers.api.APIPatientController.getPatient()
06:58:20.828 [main] DEBUG o.s.s.a.m.DelegatingMethodSecurityMetadataSource - Caching method [CacheKey[edu.ncsu.csc.itrust2.controllers.api.APIPatientController; public org.springframework.http.ResponseEntity edu.ncsu.csc.itrust2.controllers.api.APIPatientController.getPatient()]] with attributes [[authorize: 'hasRole('ROLE_PATIENT')', filter: 'null', filterTarget: 'null']]
06:58:20.829 [main] DEBUG o.s.a.f.a.InfrastructureAdvisorAutoProxyCreator - Creating implicit proxy for bean 'APIPatientController' with 0 common interceptors and 1 specific interceptors
06:58:20.829 [main] DEBUG o.s.aop.framework.CglibAopProxy - Creating CGLIB proxy: target source is SingletonTargetSource for target object [edu.ncsu.csc.itrust2.controllers.api.APIPatientController@68cd7f68]
06:58:20.829 [main] DEBUG o.s.aop.framework.CglibAopProxy - Unable to apply any optimisations to advised method: public org.springframework.http.ResponseEntity edu.ncsu.csc.itrust2.controllers.api.APIPatientController.getPatient(java.lang.String)
06:58:20.829 [main] DEBUG o.s.aop.framework.CglibAopProxy - Unable to apply any optimisations to advised method: public org.springframework.http.ResponseEntity edu.ncsu.csc.itrust2.controllers.api.APIPatientController.getPatient()
06:58:20.830 [main] DEBUG o.s.aop.framework.CglibAopProxy - Unable to apply any optimisations to advised method: public java.util.List edu.ncsu.csc.itrust2.controllers.api.APIPatientController.getPatients()
06:58:20.830 [main] DEBUG o.s.aop.framework.CglibAopProxy - Unable to apply any optimisations to advised method: public org.springframework.http.ResponseEntity edu.ncsu.csc.itrust2.controllers.api.APIPatientController.createPatient(edu.ncsu.csc.itrust2.forms.hcp_patient.PatientForm)
06:58:20.830 [main] DEBUG o.s.aop.framework.CglibAopProxy - Unable to apply any optimisations to advised method: public org.springframework.http.ResponseEntity edu.ncsu.csc.itrust2.controllers.api.APIPatientController.updatePatient(java.lang.String,edu.ncsu.csc.itrust2.forms.hcp_patient.PatientForm)
06:58:20.830 [main] DEBUG o.s.aop.framework.CglibAopProxy - Found 'equals' method: public boolean java.lang.Object.equals(java.lang.Object)
06:58:20.830 [main] DEBUG o.s.aop.framework.CglibAopProxy - Unable to apply any optimisations to advised method: public java.lang.String java.lang.Object.toString()
06:58:20.830 [main] DEBUG o.s.aop.framework.CglibAopProxy - Found 'hashCode' method: public native int java.lang.Object.hashCode()
06:58:20.830 [main] DEBUG o.s.aop.framework.CglibAopProxy - Unable to apply any optimisations to advised method: protected native java.lang.Object java.lang.Object.clone() throws java.lang.CloneNotSupportedException
06:58:20.830 [main] DEBUG o.s.aop.framework.CglibAopProxy - Method is declared on Advised interface: public abstract org.springframework.aop.TargetSource org.springframework.aop.framework.Advised.getTargetSource()
06:58:20.830 [main] DEBUG o.s.aop.framework.CglibAopProxy - Method is declared on Advised interface: public abstract boolean org.springframework.aop.framework.Advised.isProxyTargetClass()
06:58:20.830 [main] DEBUG o.s.aop.framework.CglibAopProxy - Method is declared on Advised interface: public abstract void org.springframework.aop.framework.Advised.addAdvisor(org.springframework.aop.Advisor) throws org.springframework.aop.framework.AopConfigException
06:58:20.830 [main] DEBUG o.s.aop.framework.CglibAopProxy - Method is declared on Advised interface: public abstract void org.springframework.aop.framework.Advised.addAdvisor(int,org.springframework.aop.Advisor) throws org.springframework.aop.framework.AopConfigException
06:58:20.830 [main] DEBUG o.s.aop.framework.CglibAopProxy - Method is declared on Advised interface: public abstract void org.springframework.aop.framework.Advised.setPreFiltered(boolean)
06:58:20.830 [main] DEBUG o.s.aop.framework.CglibAopProxy - Method is declared on Advised interface: public abstract void org.springframework.aop.framework.Advised.setExposeProxy(boolean)
06:58:20.830 [main] DEBUG o.s.aop.framework.CglibAopProxy - Method is declared on Advised interface: public abstract boolean org.springframework.aop.framework.Advised.isExposeProxy()
06:58:20.830 [main] DEBUG o.s.aop.framework.CglibAopProxy - Method is declared on Advised interface: public abstract void org.springframework.aop.framework.Advised.addAdvice(org.aopalliance.aop.Advice) throws org.springframework.aop.framework.AopConfigException
06:58:20.830 [main] DEBUG o.s.aop.framework.CglibAopProxy - Method is declared on Advised interface: public abstract void org.springframework.aop.framework.Advised.addAdvice(int,org.aopalliance.aop.Advice) throws org.springframework.aop.framework.AopConfigException
06:58:20.830 [main] DEBUG o.s.aop.framework.CglibAopProxy - Method is declared on Advised interface: public abstract boolean org.springframework.aop.framework.Advised.isPreFiltered()
06:58:20.830 [main] DEBUG o.s.aop.framework.CglibAopProxy - Method is declared on Advised interface: public abstract java.lang.Class[] org.springframework.aop.framework.Advised.getProxiedInterfaces()
06:58:20.830 [main] DEBUG o.s.aop.framework.CglibAopProxy - Method is declared on Advised interface: public abstract boolean org.springframework.aop.framework.Advised.isInterfaceProxied(java.lang.Class)
06:58:20.830 [main] DEBUG o.s.aop.framework.CglibAopProxy - Method is declared on Advised interface: public abstract org.springframework.aop.Advisor[] org.springframework.aop.framework.Advised.getAdvisors()
06:58:20.830 [main] DEBUG o.s.aop.framework.CglibAopProxy - Method is declared on Advised interface: public abstract boolean org.springframework.aop.framework.Advised.removeAdvisor(org.springframework.aop.Advisor)
06:58:20.830 [main] DEBUG o.s.aop.framework.CglibAopProxy - Method is declared on Advised interface: public abstract void org.springframework.aop.framework.Advised.removeAdvisor(int) throws org.springframework.aop.framework.AopConfigException
06:58:20.830 [main] DEBUG o.s.aop.framework.CglibAopProxy - Method is declared on Advised interface: public abstract boolean org.springframework.aop.framework.Advised.replaceAdvisor(org.springframework.aop.Advisor,org.springframework.aop.Advisor) throws org.springframework.aop.framework.AopConfigException
06:58:20.830 [main] DEBUG o.s.aop.framework.CglibAopProxy - Method is declared on Advised interface: public abstract boolean org.springframework.aop.framework.Advised.removeAdvice(org.aopalliance.aop.Advice)
06:58:20.830 [main] DEBUG o.s.aop.framework.CglibAopProxy - Method is declared on Advised interface: public abstract java.lang.String org.springframework.aop.framework.Advised.toProxyConfigString()
06:58:20.830 [main] DEBUG o.s.aop.framework.CglibAopProxy - Method is declared on Advised interface: public abstract void org.springframework.aop.framework.Advised.setTargetSource(org.springframework.aop.TargetSource)
06:58:20.830 [main] DEBUG o.s.aop.framework.CglibAopProxy - Method is declared on Advised interface: public abstract int org.springframework.aop.framework.Advised.indexOf(org.aopalliance.aop.Advice)
06:58:20.830 [main] DEBUG o.s.aop.framework.CglibAopProxy - Method is declared on Advised interface: public abstract int org.springframework.aop.framework.Advised.indexOf(org.springframework.aop.Advisor)
06:58:20.830 [main] DEBUG o.s.aop.framework.CglibAopProxy - Method is declared on Advised interface: public abstract boolean org.springframework.aop.framework.Advised.isFrozen()
06:58:20.830 [main] DEBUG o.s.aop.framework.CglibAopProxy - Method is declared on Advised interface: public abstract java.lang.Class org.springframework.aop.TargetClassAware.getTargetClass()
06:58:20.839 [main] DEBUG o.s.b.f.s.DefaultListableBeanFactory - Finished creating instance of bean 'APIPatientController'
06:58:20.839 [main] DEBUG o.s.b.f.s.DefaultListableBeanFactory - Creating shared instance of singleton bean 'APIPersonnelController'
06:58:20.839 [main] DEBUG o.s.b.f.s.DefaultListableBeanFactory - Creating instance of bean 'APIPersonnelController'
06:58:20.839 [main] DEBUG o.s.b.f.s.DefaultListableBeanFactory - Eagerly caching bean 'APIPersonnelController' to allow for resolving potential circular references
06:58:20.839 [main] DEBUG o.s.b.f.s.DefaultListableBeanFactory - Returning cached instance of singleton bean 'metaDataSourceAdvisor'
06:58:20.840 [main] DEBUG o.s.b.f.s.DefaultListableBeanFactory - Finished creating instance of bean 'APIPersonnelController'
06:58:20.840 [main] DEBUG o.s.b.f.s.DefaultListableBeanFactory - Creating shared instance of singleton bean 'APIPrescriptionController'
06:58:20.840 [main] DEBUG o.s.b.f.s.DefaultListableBeanFactory - Creating instance of bean 'APIPrescriptionController'
06:58:20.841 [main] DEBUG o.s.b.f.s.DefaultListableBeanFactory - Eagerly caching bean 'APIPrescriptionController' to allow for resolving potential circular references
06:58:20.841 [main] DEBUG o.s.b.f.s.DefaultListableBeanFactory - Returning cached instance of singleton bean 'metaDataSourceAdvisor'
06:58:20.841 [main] DEBUG o.s.s.a.p.PrePostAnnotationSecurityMetadataSource - @org.springframework.security.access.prepost.PreAuthorize(value=hasRole('ROLE_HCP')) found on specific method: public org.springframework.http.ResponseEntity edu.ncsu.csc.itrust2.controllers.api.APIPrescriptionController.addPrescription(edu.ncsu.csc.itrust2.forms.hcp.PrescriptionForm)
06:58:20.841 [main] DEBUG o.s.s.a.m.DelegatingMethodSecurityMetadataSource - Caching method [CacheKey[edu.ncsu.csc.itrust2.controllers.api.APIPrescriptionController; public org.springframework.http.ResponseEntity edu.ncsu.csc.itrust2.controllers.api.APIPrescriptionController.addPrescription(edu.ncsu.csc.itrust2.forms.hcp.PrescriptionForm)]] with attributes [[authorize: 'hasRole('ROLE_HCP')', filter: 'null', filterTarget: 'null']]
06:58:20.841 [main] DEBUG o.s.a.f.a.InfrastructureAdvisorAutoProxyCreator - Creating implicit proxy for bean 'APIPrescriptionController' with 0 common interceptors and 1 specific interceptors
06:58:20.841 [main] DEBUG o.s.aop.framework.CglibAopProxy - Creating CGLIB proxy: target source is SingletonTargetSource for target object [edu.ncsu.csc.itrust2.controllers.api.APIPrescriptionController@35c034eb]
06:58:20.842 [main] DEBUG o.s.aop.framework.CglibAopProxy - Unable to apply any optimisations to advised method: public org.springframework.http.ResponseEntity edu.ncsu.csc.itrust2.controllers.api.APIPrescriptionController.addPrescription(edu.ncsu.csc.itrust2.forms.hcp.PrescriptionForm)
06:58:20.842 [main] DEBUG o.s.s.a.p.PrePostAnnotationSecurityMetadataSource - @org.springframework.security.access.prepost.PreAuthorize(value=hasRole('ROLE_HCP')) found on specific method: public org.springframework.http.ResponseEntity edu.ncsu.csc.itrust2.controllers.api.APIPrescriptionController.editPrescription(edu.ncsu.csc.itrust2.forms.hcp.PrescriptionForm)
06:58:20.842 [main] DEBUG o.s.s.a.m.DelegatingMethodSecurityMetadataSource - Caching method [CacheKey[edu.ncsu.csc.itrust2.controllers.api.APIPrescriptionController; public org.springframework.http.ResponseEntity edu.ncsu.csc.itrust2.controllers.api.APIPrescriptionController.editPrescription(edu.ncsu.csc.itrust2.forms.hcp.PrescriptionForm)]] with attributes [[authorize: 'hasRole('ROLE_HCP')', filter: 'null', filterTarget: 'null']]
06:58:20.842 [main] DEBUG o.s.aop.framework.CglibAopProxy - Unable to apply any optimisations to advised method: public org.springframework.http.ResponseEntity edu.ncsu.csc.itrust2.controllers.api.APIPrescriptionController.editPrescription(edu.ncsu.csc.itrust2.forms.hcp.PrescriptionForm)
06:58:20.842 [main] DEBUG o.s.s.a.p.PrePostAnnotationSecurityMetadataSource - @org.springframework.security.access.prepost.PreAuthorize(value=hasRole('ROLE_HCP')) found on specific method: public org.springframework.http.ResponseEntity edu.ncsu.csc.itrust2.controllers.api.APIPrescriptionController.deletePrescription(java.lang.Long)
06:58:20.842 [main] DEBUG o.s.s.a.m.DelegatingMethodSecurityMetadataSource - Caching method [CacheKey[edu.ncsu.csc.itrust2.controllers.api.APIPrescriptionController; public org.springframework.http.ResponseEntity edu.ncsu.csc.itrust2.controllers.api.APIPrescriptionController.deletePrescription(java.lang.Long)]] with attributes [[authorize: 'hasRole('ROLE_HCP')', filter: 'null', filterTarget: 'null']]
06:58:20.842 [main] DEBUG o.s.aop.framework.CglibAopProxy - Unable to apply any optimisations to advised method: public org.springframework.http.ResponseEntity edu.ncsu.csc.itrust2.controllers.api.APIPrescriptionController.deletePrescription(java.lang.Long)
06:58:20.842 [main] DEBUG o.s.s.a.p.PrePostAnnotationSecurityMetadataSource - @org.springframework.security.access.prepost.PreAuthorize(value=hasRole('ROLE_HCP')) found on specific method: public org.springframework.http.ResponseEntity edu.ncsu.csc.itrust2.controllers.api.APIPrescriptionController.getPrescription(java.lang.Long)
06:58:20.842 [main] DEBUG o.s.s.a.m.DelegatingMethodSecurityMetadataSource - Caching method [CacheKey[edu.ncsu.csc.itrust2.controllers.api.APIPrescriptionController; public org.springframework.http.ResponseEntity edu.ncsu.csc.itrust2.controllers.api.APIPrescriptionController.getPrescription(java.lang.Long)]] with attributes [[authorize: 'hasRole('ROLE_HCP')', filter: 'null', filterTarget: 'null']]
06:58:20.842 [main] DEBUG o.s.aop.framework.CglibAopProxy - Unable to apply any optimisations to advised method: public org.springframework.http.ResponseEntity edu.ncsu.csc.itrust2.controllers.api.APIPrescriptionController.getPrescription(java.lang.Long)
06:58:20.842 [main] DEBUG o.s.s.a.p.PrePostAnnotationSecurityMetadataSource - @org.springframework.security.access.prepost.PreAuthorize(value=hasAnyRole('ROLE_HCP', 'ROLE_PATIENT')) found on specific method: public java.util.List edu.ncsu.csc.itrust2.controllers.api.APIPrescriptionController.getPrescriptions()
06:58:20.842 [main] DEBUG o.s.s.a.m.DelegatingMethodSecurityMetadataSource - Caching method [CacheKey[edu.ncsu.csc.itrust2.controllers.api.APIPrescriptionController; public java.util.List edu.ncsu.csc.itrust2.controllers.api.APIPrescriptionController.getPrescriptions()]] with attributes [[authorize: 'hasAnyRole('ROLE_HCP', 'ROLE_PATIENT')', filter: 'null', filterTarget: 'null']]
06:58:20.842 [main] DEBUG o.s.aop.framework.CglibAopProxy - Unable to apply any optimisations to advised method: public java.util.List edu.ncsu.csc.itrust2.controllers.api.APIPrescriptionController.getPrescriptions()
06:58:20.842 [main] DEBUG o.s.aop.framework.CglibAopProxy - Found 'equals' method: public boolean java.lang.Object.equals(java.lang.Object)
06:58:20.842 [main] DEBUG o.s.aop.framework.CglibAopProxy - Unable to apply any optimisations to advised method: public java.lang.String java.lang.Object.toString()
06:58:20.843 [main] DEBUG o.s.aop.framework.CglibAopProxy - Found 'hashCode' method: public native int java.lang.Object.hashCode()
06:58:20.843 [main] DEBUG o.s.aop.framework.CglibAopProxy - Unable to apply any optimisations to advised method: protected native java.lang.Object java.lang.Object.clone() throws java.lang.CloneNotSupportedException
06:58:20.843 [main] DEBUG o.s.aop.framework.CglibAopProxy - Method is declared on Advised interface: public abstract org.springframework.aop.TargetSource org.springframework.aop.framework.Advised.getTargetSource()
06:58:20.843 [main] DEBUG o.s.aop.framework.CglibAopProxy - Method is declared on Advised interface: public abstract boolean org.springframework.aop.framework.Advised.isProxyTargetClass()
06:58:20.843 [main] DEBUG o.s.aop.framework.CglibAopProxy - Method is declared on Advised interface: public abstract void org.springframework.aop.framework.Advised.addAdvisor(org.springframework.aop.Advisor) throws org.springframework.aop.framework.AopConfigException
06:58:20.843 [main] DEBUG o.s.aop.framework.CglibAopProxy - Method is declared on Advised interface: public abstract void org.springframework.aop.framework.Advised.addAdvisor(int,org.springframework.aop.Advisor) throws org.springframework.aop.framework.AopConfigException
06:58:20.843 [main] DEBUG o.s.aop.framework.CglibAopProxy - Method is declared on Advised interface: public abstract void org.springframework.aop.framework.Advised.setPreFiltered(boolean)
06:58:20.843 [main] DEBUG o.s.aop.framework.CglibAopProxy - Method is declared on Advised interface: public abstract void org.springframework.aop.framework.Advised.setExposeProxy(boolean)
06:58:20.843 [main] DEBUG o.s.aop.framework.CglibAopProxy - Method is declared on Advised interface: public abstract boolean org.springframework.aop.framework.Advised.isExposeProxy()
06:58:20.843 [main] DEBUG o.s.aop.framework.CglibAopProxy - Method is declared on Advised interface: public abstract void org.springframework.aop.framework.Advised.addAdvice(org.aopalliance.aop.Advice) throws org.springframework.aop.framework.AopConfigException
06:58:20.843 [main] DEBUG o.s.aop.framework.CglibAopProxy - Method is declared on Advised interface: public abstract void org.springframework.aop.framework.Advised.addAdvice(int,org.aopalliance.aop.Advice) throws org.springframework.aop.framework.AopConfigException
06:58:20.843 [main] DEBUG o.s.aop.framework.CglibAopProxy - Method is declared on Advised interface: public abstract boolean org.springframework.aop.framework.Advised.isPreFiltered()
06:58:20.843 [main] DEBUG o.s.aop.framework.CglibAopProxy - Method is declared on Advised interface: public abstract java.lang.Class[] org.springframework.aop.framework.Advised.getProxiedInterfaces()
06:58:20.843 [main] DEBUG o.s.aop.framework.CglibAopProxy - Method is declared on Advised interface: public abstract boolean org.springframework.aop.framework.Advised.isInterfaceProxied(java.lang.Class)
06:58:20.843 [main] DEBUG o.s.aop.framework.CglibAopProxy - Method is declared on Advised interface: public abstract org.springframework.aop.Advisor[] org.springframework.aop.framework.Advised.getAdvisors()
06:58:20.843 [main] DEBUG o.s.aop.framework.CglibAopProxy - Method is declared on Advised interface: public abstract boolean org.springframework.aop.framework.Advised.removeAdvisor(org.springframework.aop.Advisor)
06:58:20.843 [main] DEBUG o.s.aop.framework.CglibAopProxy - Method is declared on Advised interface: public abstract void org.springframework.aop.framework.Advised.removeAdvisor(int) throws org.springframework.aop.framework.AopConfigException
06:58:20.843 [main] DEBUG o.s.aop.framework.CglibAopProxy - Method is declared on Advised interface: public abstract boolean org.springframework.aop.framework.Advised.replaceAdvisor(org.springframework.aop.Advisor,org.springframework.aop.Advisor) throws org.springframework.aop.framework.AopConfigException
06:58:20.843 [main] DEBUG o.s.aop.framework.CglibAopProxy - Method is declared on Advised interface: public abstract boolean org.springframework.aop.framework.Advised.removeAdvice(org.aopalliance.aop.Advice)
06:58:20.843 [main] DEBUG o.s.aop.framework.CglibAopProxy - Method is declared on Advised interface: public abstract java.lang.String org.springframework.aop.framework.Advised.toProxyConfigString()
06:58:20.843 [main] DEBUG o.s.aop.framework.CglibAopProxy - Method is declared on Advised interface: public abstract void org.springframework.aop.framework.Advised.setTargetSource(org.springframework.aop.TargetSource)
06:58:20.843 [main] DEBUG o.s.aop.framework.CglibAopProxy - Method is declared on Advised interface: public abstract int org.springframework.aop.framework.Advised.indexOf(org.aopalliance.aop.Advice)
06:58:20.843 [main] DEBUG o.s.aop.framework.CglibAopProxy - Method is declared on Advised interface: public abstract int org.springframework.aop.framework.Advised.indexOf(org.springframework.aop.Advisor)
06:58:20.843 [main] DEBUG o.s.aop.framework.CglibAopProxy - Method is declared on Advised interface: public abstract boolean org.springframework.aop.framework.Advised.isFrozen()
06:58:20.843 [main] DEBUG o.s.aop.framework.CglibAopProxy - Method is declared on Advised interface: public abstract java.lang.Class org.springframework.aop.TargetClassAware.getTargetClass()
06:58:20.848 [main] DEBUG o.s.b.f.s.DefaultListableBeanFactory - Finished creating instance of bean 'APIPrescriptionController'
06:58:20.848 [main] DEBUG o.s.b.f.s.DefaultListableBeanFactory - Creating shared instance of singleton bean 'APIUserController'
06:58:20.848 [main] DEBUG o.s.b.f.s.DefaultListableBeanFactory - Creating instance of bean 'APIUserController'
06:58:20.848 [main] DEBUG o.s.b.f.s.DefaultListableBeanFactory - Eagerly caching bean 'APIUserController' to allow for resolving potential circular references
06:58:20.848 [main] DEBUG o.s.b.f.s.DefaultListableBeanFactory - Returning cached instance of singleton bean 'metaDataSourceAdvisor'
06:58:20.849 [main] DEBUG o.s.b.f.s.DefaultListableBeanFactory - Finished creating instance of bean 'APIUserController'
06:58:20.849 [main] DEBUG o.s.b.f.s.DefaultListableBeanFactory - Creating shared instance of singleton bean 'appointmentControllerHCP'
06:58:20.849 [main] DEBUG o.s.b.f.s.DefaultListableBeanFactory - Creating instance of bean 'appointmentControllerHCP'
06:58:20.849 [main] DEBUG o.s.b.f.s.DefaultListableBeanFactory - Eagerly caching bean 'appointmentControllerHCP' to allow for resolving potential circular references
06:58:20.849 [main] DEBUG o.s.b.f.s.DefaultListableBeanFactory - Returning cached instance of singleton bean 'metaDataSourceAdvisor'
06:58:20.849 [main] DEBUG o.s.s.a.p.PrePostAnnotationSecurityMetadataSource - @org.springframework.security.access.prepost.PreAuthorize(value=hasRole('ROLE_HCP')) found on specific method: public java.lang.String edu.ncsu.csc.itrust2.controllers.hcp.AppointmentControllerHCP.requestAppointmentForm(org.springframework.ui.Model)
06:58:20.849 [main] DEBUG o.s.s.a.m.DelegatingMethodSecurityMetadataSource - Caching method [CacheKey[edu.ncsu.csc.itrust2.controllers.hcp.AppointmentControllerHCP; public java.lang.String edu.ncsu.csc.itrust2.controllers.hcp.AppointmentControllerHCP.requestAppointmentForm(org.springframework.ui.Model)]] with attributes [[authorize: 'hasRole('ROLE_HCP')', filter: 'null', filterTarget: 'null']]
06:58:20.850 [main] DEBUG o.s.a.f.a.InfrastructureAdvisorAutoProxyCreator - Creating implicit proxy for bean 'appointmentControllerHCP' with 0 common interceptors and 1 specific interceptors
06:58:20.850 [main] DEBUG o.s.aop.framework.CglibAopProxy - Creating CGLIB proxy: target source is SingletonTargetSource for target object [edu.ncsu.csc.itrust2.controllers.hcp.AppointmentControllerHCP@16276c1]
06:58:20.850 [main] DEBUG o.s.aop.framework.CglibAopProxy - Unable to apply any optimisations to advised method: public java.lang.String edu.ncsu.csc.itrust2.controllers.hcp.AppointmentControllerHCP.requestAppointmentForm(org.springframework.ui.Model)
06:58:20.850 [main] DEBUG o.s.s.a.p.PrePostAnnotationSecurityMetadataSource - @org.springframework.security.access.prepost.PreAuthorize(value=hasRole('ROLE_HCP')) found on specific method: public java.lang.String edu.ncsu.csc.itrust2.controllers.hcp.AppointmentControllerHCP.appointmentActionSubmit(edu.ncsu.csc.itrust2.forms.patient.AppointmentForm)
06:58:20.850 [main] DEBUG o.s.s.a.m.DelegatingMethodSecurityMetadataSource - Caching method [CacheKey[edu.ncsu.csc.itrust2.controllers.hcp.AppointmentControllerHCP; public java.lang.String edu.ncsu.csc.itrust2.controllers.hcp.AppointmentControllerHCP.appointmentActionSubmit(edu.ncsu.csc.itrust2.forms.patient.AppointmentForm)]] with attributes [[authorize: 'hasRole('ROLE_HCP')', filter: 'null', filterTarget: 'null']]
06:58:20.850 [main] DEBUG o.s.aop.framework.CglibAopProxy - Unable to apply any optimisations to advised method: public java.lang.String edu.ncsu.csc.itrust2.controllers.hcp.AppointmentControllerHCP.appointmentActionSubmit(edu.ncsu.csc.itrust2.forms.patient.AppointmentForm)
06:58:20.850 [main] DEBUG o.s.s.a.p.PrePostAnnotationSecurityMetadataSource - @org.springframework.security.access.prepost.PreAuthorize(value=hasRole('ROLE_HCP')) found on specific method: public java.lang.String edu.ncsu.csc.itrust2.controllers.hcp.AppointmentControllerHCP.upcomingAppointments(org.springframework.ui.Model)
06:58:20.850 [main] DEBUG o.s.s.a.m.DelegatingMethodSecurityMetadataSource - Caching method [CacheKey[edu.ncsu.csc.itrust2.controllers.hcp.AppointmentControllerHCP; public java.lang.String edu.ncsu.csc.itrust2.controllers.hcp.AppointmentControllerHCP.upcomingAppointments(org.springframework.ui.Model)]] with attributes [[authorize: 'hasRole('ROLE_HCP')', filter: 'null', filterTarget: 'null']]
06:58:20.850 [main] DEBUG o.s.aop.framework.CglibAopProxy - Unable to apply any optimisations to advised method: public java.lang.String edu.ncsu.csc.itrust2.controllers.hcp.AppointmentControllerHCP.upcomingAppointments(org.springframework.ui.Model)
06:58:20.850 [main] DEBUG o.s.aop.framework.CglibAopProxy - Found 'equals' method: public boolean java.lang.Object.equals(java.lang.Object)
06:58:20.850 [main] DEBUG o.s.aop.framework.CglibAopProxy - Unable to apply any optimisations to advised method: public java.lang.String java.lang.Object.toString()
06:58:20.850 [main] DEBUG o.s.aop.framework.CglibAopProxy - Found 'hashCode' method: public native int java.lang.Object.hashCode()
06:58:20.850 [main] DEBUG o.s.aop.framework.CglibAopProxy - Unable to apply any optimisations to advised method: protected native java.lang.Object java.lang.Object.clone() throws java.lang.CloneNotSupportedException
06:58:20.850 [main] DEBUG o.s.aop.framework.CglibAopProxy - Method is declared on Advised interface: public abstract org.springframework.aop.TargetSource org.springframework.aop.framework.Advised.getTargetSource()
06:58:20.850 [main] DEBUG o.s.aop.framework.CglibAopProxy - Method is declared on Advised interface: public abstract boolean org.springframework.aop.framework.Advised.isProxyTargetClass()
06:58:20.850 [main] DEBUG o.s.aop.framework.CglibAopProxy - Method is declared on Advised interface: public abstract void org.springframework.aop.framework.Advised.addAdvisor(org.springframework.aop.Advisor) throws org.springframework.aop.framework.AopConfigException
06:58:20.850 [main] DEBUG o.s.aop.framework.CglibAopProxy - Method is declared on Advised interface: public abstract void org.springframework.aop.framework.Advised.addAdvisor(int,org.springframework.aop.Advisor) throws org.springframework.aop.framework.AopConfigException
06:58:20.850 [main] DEBUG o.s.aop.framework.CglibAopProxy - Method is declared on Advised interface: public abstract void org.springframework.aop.framework.Advised.setPreFiltered(boolean)
06:58:20.850 [main] DEBUG o.s.aop.framework.CglibAopProxy - Method is declared on Advised interface: public abstract void org.springframework.aop.framework.Advised.setExposeProxy(boolean)
06:58:20.850 [main] DEBUG o.s.aop.framework.CglibAopProxy - Method is declared on Advised interface: public abstract boolean org.springframework.aop.framework.Advised.isExposeProxy()
06:58:20.850 [main] DEBUG o.s.aop.framework.CglibAopProxy - Method is declared on Advised interface: public abstract void org.springframework.aop.framework.Advised.addAdvice(org.aopalliance.aop.Advice) throws org.springframework.aop.framework.AopConfigException
06:58:20.850 [main] DEBUG o.s.aop.framework.CglibAopProxy - Method is declared on Advised interface: public abstract void org.springframework.aop.framework.Advised.addAdvice(int,org.aopalliance.aop.Advice) throws org.springframework.aop.framework.AopConfigException
06:58:20.850 [main] DEBUG o.s.aop.framework.CglibAopProxy - Method is declared on Advised interface: public abstract boolean org.springframework.aop.framework.Advised.isPreFiltered()
06:58:20.850 [main] DEBUG o.s.aop.framework.CglibAopProxy - Method is declared on Advised interface: public abstract java.lang.Class[] org.springframework.aop.framework.Advised.getProxiedInterfaces()
06:58:20.850 [main] DEBUG o.s.aop.framework.CglibAopProxy - Method is declared on Advised interface: public abstract boolean org.springframework.aop.framework.Advised.isInterfaceProxied(java.lang.Class)
06:58:20.850 [main] DEBUG o.s.aop.framework.CglibAopProxy - Method is declared on Advised interface: public abstract org.springframework.aop.Advisor[] org.springframework.aop.framework.Advised.getAdvisors()
06:58:20.850 [main] DEBUG o.s.aop.framework.CglibAopProxy - Method is declared on Advised interface: public abstract boolean org.springframework.aop.framework.Advised.removeAdvisor(org.springframework.aop.Advisor)
06:58:20.850 [main] DEBUG o.s.aop.framework.CglibAopProxy - Method is declared on Advised interface: public abstract void org.springframework.aop.framework.Advised.removeAdvisor(int) throws org.springframework.aop.framework.AopConfigException
06:58:20.850 [main] DEBUG o.s.aop.framework.CglibAopProxy - Method is declared on Advised interface: public abstract boolean org.springframework.aop.framework.Advised.replaceAdvisor(org.springframework.aop.Advisor,org.springframework.aop.Advisor) throws org.springframework.aop.framework.AopConfigException
06:58:20.850 [main] DEBUG o.s.aop.framework.CglibAopProxy - Method is declared on Advised interface: public abstract boolean org.springframework.aop.framework.Advised.removeAdvice(org.aopalliance.aop.Advice)
06:58:20.850 [main] DEBUG o.s.aop.framework.CglibAopProxy - Method is declared on Advised interface: public abstract java.lang.String org.springframework.aop.framework.Advised.toProxyConfigString()
06:58:20.850 [main] DEBUG o.s.aop.framework.CglibAopProxy - Method is declared on Advised interface: public abstract void org.springframework.aop.framework.Advised.setTargetSource(org.springframework.aop.TargetSource)
06:58:20.850 [main] DEBUG o.s.aop.framework.CglibAopProxy - Method is declared on Advised interface: public abstract int org.springframework.aop.framework.Advised.indexOf(org.aopalliance.aop.Advice)
06:58:20.850 [main] DEBUG o.s.aop.framework.CglibAopProxy - Method is declared on Advised interface: public abstract int org.springframework.aop.framework.Advised.indexOf(org.springframework.aop.Advisor)
06:58:20.850 [main] DEBUG o.s.aop.framework.CglibAopProxy - Method is declared on Advised interface: public abstract boolean org.springframework.aop.framework.Advised.isFrozen()
06:58:20.850 [main] DEBUG o.s.aop.framework.CglibAopProxy - Method is declared on Advised interface: public abstract java.lang.Class org.springframework.aop.TargetClassAware.getTargetClass()
06:58:20.857 [main] DEBUG o.s.b.f.s.DefaultListableBeanFactory - Finished creating instance of bean 'appointmentControllerHCP'
06:58:20.857 [main] DEBUG o.s.b.f.s.DefaultListableBeanFactory - Creating shared instance of singleton bean 'HCPController'
06:58:20.858 [main] DEBUG o.s.b.f.s.DefaultListableBeanFactory - Creating instance of bean 'HCPController'
06:58:20.858 [main] DEBUG o.s.b.f.s.DefaultListableBeanFactory - Eagerly caching bean 'HCPController' to allow for resolving potential circular references
06:58:20.858 [main] DEBUG o.s.b.f.s.DefaultListableBeanFactory - Returning cached instance of singleton bean 'metaDataSourceAdvisor'
06:58:20.858 [main] DEBUG o.s.s.a.p.PrePostAnnotationSecurityMetadataSource - @org.springframework.security.access.prepost.PreAuthorize(value=hasRole('ROLE_HCP')) found on specific method: public java.lang.String edu.ncsu.csc.itrust2.controllers.hcp.HCPController.editPatientDemographics()
06:58:20.858 [main] DEBUG o.s.s.a.m.DelegatingMethodSecurityMetadataSource - Caching method [CacheKey[edu.ncsu.csc.itrust2.controllers.hcp.HCPController; public java.lang.String edu.ncsu.csc.itrust2.controllers.hcp.HCPController.editPatientDemographics()]] with attributes [[authorize: 'hasRole('ROLE_HCP')', filter: 'null', filterTarget: 'null']]
06:58:20.858 [main] DEBUG o.s.a.f.a.InfrastructureAdvisorAutoProxyCreator - Creating implicit proxy for bean 'HCPController' with 0 common interceptors and 1 specific interceptors
06:58:20.858 [main] DEBUG o.s.aop.framework.CglibAopProxy - Creating CGLIB proxy: target source is SingletonTargetSource for target object [edu.ncsu.csc.itrust2.controllers.hcp.HCPController@7cdb2ad0]
06:58:20.859 [main] DEBUG o.s.aop.framework.CglibAopProxy - Unable to apply any optimisations to advised method: public java.lang.String edu.ncsu.csc.itrust2.controllers.hcp.HCPController.editPatientDemographics()
06:58:20.859 [main] DEBUG o.s.s.a.p.PrePostAnnotationSecurityMetadataSource - @org.springframework.security.access.prepost.PreAuthorize(value=hasRole('ROLE_HCP')) found on specific method: public java.lang.String edu.ncsu.csc.itrust2.controllers.hcp.HCPController.editPrescriptions()
06:58:20.859 [main] DEBUG o.s.s.a.m.DelegatingMethodSecurityMetadataSource - Caching method [CacheKey[edu.ncsu.csc.itrust2.controllers.hcp.HCPController; public java.lang.String edu.ncsu.csc.itrust2.controllers.hcp.HCPController.editPrescriptions()]] with attributes [[authorize: 'hasRole('ROLE_HCP')', filter: 'null', filterTarget: 'null']]
06:58:20.859 [main] DEBUG o.s.aop.framework.CglibAopProxy - Unable to apply any optimisations to advised method: public java.lang.String edu.ncsu.csc.itrust2.controllers.hcp.HCPController.editPrescriptions()
06:58:20.859 [main] DEBUG o.s.s.a.p.PrePostAnnotationSecurityMetadataSource - @org.springframework.security.access.prepost.PreAuthorize(value=hasRole('ROLE_HCP')) found on specific method: public java.lang.String edu.ncsu.csc.itrust2.controllers.hcp.HCPController.index(org.springframework.ui.Model)
06:58:20.859 [main] DEBUG o.s.s.a.m.DelegatingMethodSecurityMetadataSource - Caching method [CacheKey[edu.ncsu.csc.itrust2.controllers.hcp.HCPController; public java.lang.String edu.ncsu.csc.itrust2.controllers.hcp.HCPController.index(org.springframework.ui.Model)]] with attributes [[authorize: 'hasRole('ROLE_HCP')', filter: 'null', filterTarget: 'null']]
06:58:20.859 [main] DEBUG o.s.aop.framework.CglibAopProxy - Unable to apply any optimisations to advised method: public java.lang.String edu.ncsu.csc.itrust2.controllers.hcp.HCPController.index(org.springframework.ui.Model)
06:58:20.859 [main] DEBUG o.s.aop.framework.CglibAopProxy - Found 'equals' method: public boolean java.lang.Object.equals(java.lang.Object)
06:58:20.859 [main] DEBUG o.s.aop.framework.CglibAopProxy - Unable to apply any optimisations to advised method: public java.lang.String java.lang.Object.toString()
06:58:20.859 [main] DEBUG o.s.aop.framework.CglibAopProxy - Found 'hashCode' method: public native int java.lang.Object.hashCode()
06:58:20.859 [main] DEBUG o.s.aop.framework.CglibAopProxy - Unable to apply any optimisations to advised method: protected native java.lang.Object java.lang.Object.clone() throws java.lang.CloneNotSupportedException
06:58:20.859 [main] DEBUG o.s.aop.framework.CglibAopProxy - Method is declared on Advised interface: public abstract org.springframework.aop.TargetSource org.springframework.aop.framework.Advised.getTargetSource()
06:58:20.859 [main] DEBUG o.s.aop.framework.CglibAopProxy - Method is declared on Advised interface: public abstract boolean org.springframework.aop.framework.Advised.isProxyTargetClass()
06:58:20.859 [main] DEBUG o.s.aop.framework.CglibAopProxy - Method is declared on Advised interface: public abstract void org.springframework.aop.framework.Advised.addAdvisor(org.springframework.aop.Advisor) throws org.springframework.aop.framework.AopConfigException
06:58:20.859 [main] DEBUG o.s.aop.framework.CglibAopProxy - Method is declared on Advised interface: public abstract void org.springframework.aop.framework.Advised.addAdvisor(int,org.springframework.aop.Advisor) throws org.springframework.aop.framework.AopConfigException
06:58:20.859 [main] DEBUG o.s.aop.framework.CglibAopProxy - Method is declared on Advised interface: public abstract void org.springframework.aop.framework.Advised.setPreFiltered(boolean)
06:58:20.859 [main] DEBUG o.s.aop.framework.CglibAopProxy - Method is declared on Advised interface: public abstract void org.springframework.aop.framework.Advised.setExposeProxy(boolean)
06:58:20.859 [main] DEBUG o.s.aop.framework.CglibAopProxy - Method is declared on Advised interface: public abstract boolean org.springframework.aop.framework.Advised.isExposeProxy()
06:58:20.859 [main] DEBUG o.s.aop.framework.CglibAopProxy - Method is declared on Advised interface: public abstract void org.springframework.aop.framework.Advised.addAdvice(org.aopalliance.aop.Advice) throws org.springframework.aop.framework.AopConfigException
06:58:20.859 [main] DEBUG o.s.aop.framework.CglibAopProxy - Method is declared on Advised interface: public abstract void org.springframework.aop.framework.Advised.addAdvice(int,org.aopalliance.aop.Advice) throws org.springframework.aop.framework.AopConfigException
06:58:20.859 [main] DEBUG o.s.aop.framework.CglibAopProxy - Method is declared on Advised interface: public abstract boolean org.springframework.aop.framework.Advised.isPreFiltered()
06:58:20.859 [main] DEBUG o.s.aop.framework.CglibAopProxy - Method is declared on Advised interface: public abstract java.lang.Class[] org.springframework.aop.framework.Advised.getProxiedInterfaces()
06:58:20.859 [main] DEBUG o.s.aop.framework.CglibAopProxy - Method is declared on Advised interface: public abstract boolean org.springframework.aop.framework.Advised.isInterfaceProxied(java.lang.Class)
06:58:20.860 [main] DEBUG o.s.aop.framework.CglibAopProxy - Method is declared on Advised interface: public abstract org.springframework.aop.Advisor[] org.springframework.aop.framework.Advised.getAdvisors()
06:58:20.860 [main] DEBUG o.s.aop.framework.CglibAopProxy - Method is declared on Advised interface: public abstract boolean org.springframework.aop.framework.Advised.removeAdvisor(org.springframework.aop.Advisor)
06:58:20.860 [main] DEBUG o.s.aop.framework.CglibAopProxy - Method is declared on Advised interface: public abstract void org.springframework.aop.framework.Advised.removeAdvisor(int) throws org.springframework.aop.framework.AopConfigException
06:58:20.860 [main] DEBUG o.s.aop.framework.CglibAopProxy - Method is declared on Advised interface: public abstract boolean org.springframework.aop.framework.Advised.replaceAdvisor(org.springframework.aop.Advisor,org.springframework.aop.Advisor) throws org.springframework.aop.framework.AopConfigException
06:58:20.860 [main] DEBUG o.s.aop.framework.CglibAopProxy - Method is declared on Advised interface: public abstract boolean org.springframework.aop.framework.Advised.removeAdvice(org.aopalliance.aop.Advice)
06:58:20.860 [main] DEBUG o.s.aop.framework.CglibAopProxy - Method is declared on Advised interface: public abstract java.lang.String org.springframework.aop.framework.Advised.toProxyConfigString()
06:58:20.860 [main] DEBUG o.s.aop.framework.CglibAopProxy - Method is declared on Advised interface: public abstract void org.springframework.aop.framework.Advised.setTargetSource(org.springframework.aop.TargetSource)
06:58:20.860 [main] DEBUG o.s.aop.framework.CglibAopProxy - Method is declared on Advised interface: public abstract int org.springframework.aop.framework.Advised.indexOf(org.aopalliance.aop.Advice)
06:58:20.860 [main] DEBUG o.s.aop.framework.CglibAopProxy - Method is declared on Advised interface: public abstract int org.springframework.aop.framework.Advised.indexOf(org.springframework.aop.Advisor)
06:58:20.860 [main] DEBUG o.s.aop.framework.CglibAopProxy - Method is declared on Advised interface: public abstract boolean org.springframework.aop.framework.Advised.isFrozen()
06:58:20.860 [main] DEBUG o.s.aop.framework.CglibAopProxy - Method is declared on Advised interface: public abstract java.lang.Class org.springframework.aop.TargetClassAware.getTargetClass()
06:58:20.865 [main] DEBUG o.s.b.f.s.DefaultListableBeanFactory - Finished creating instance of bean 'HCPController'
06:58:20.865 [main] DEBUG o.s.b.f.s.DefaultListableBeanFactory - Creating shared instance of singleton bean 'officeVisitController'
06:58:20.865 [main] DEBUG o.s.b.f.s.DefaultListableBeanFactory - Creating instance of bean 'officeVisitController'
06:58:20.865 [main] DEBUG o.s.b.f.s.DefaultListableBeanFactory - Eagerly caching bean 'officeVisitController' to allow for resolving potential circular references
06:58:20.865 [main] DEBUG o.s.b.f.s.DefaultListableBeanFactory - Returning cached instance of singleton bean 'metaDataSourceAdvisor'
06:58:20.865 [main] DEBUG o.s.s.a.p.PrePostAnnotationSecurityMetadataSource - @org.springframework.security.access.prepost.PreAuthorize(value=hasRole('ROLE_HCP')) found on specific method: public java.lang.String edu.ncsu.csc.itrust2.controllers.hcp.OfficeVisitController.documentOfficeVisit(org.springframework.ui.Model)
06:58:20.865 [main] DEBUG o.s.s.a.m.DelegatingMethodSecurityMetadataSource - Caching method [CacheKey[edu.ncsu.csc.itrust2.controllers.hcp.OfficeVisitController; public java.lang.String edu.ncsu.csc.itrust2.controllers.hcp.OfficeVisitController.documentOfficeVisit(org.springframework.ui.Model)]] with attributes [[authorize: 'hasRole('ROLE_HCP')', filter: 'null', filterTarget: 'null']]
06:58:20.865 [main] DEBUG o.s.a.f.a.InfrastructureAdvisorAutoProxyCreator - Creating implicit proxy for bean 'officeVisitController' with 0 common interceptors and 1 specific interceptors
06:58:20.865 [main] DEBUG o.s.aop.framework.CglibAopProxy - Creating CGLIB proxy: target source is SingletonTargetSource for target object [edu.ncsu.csc.itrust2.controllers.hcp.OfficeVisitController@7bd32b57]
06:58:20.866 [main] DEBUG o.s.aop.framework.CglibAopProxy - Unable to apply any optimisations to advised method: public java.lang.String edu.ncsu.csc.itrust2.controllers.hcp.OfficeVisitController.documentOfficeVisit(org.springframework.ui.Model)
06:58:20.866 [main] DEBUG o.s.s.a.p.PrePostAnnotationSecurityMetadataSource - @org.springframework.security.access.prepost.PreAuthorize(value=hasRole('ROLE_HCP')) found on specific method: public java.lang.String edu.ncsu.csc.itrust2.controllers.hcp.OfficeVisitController.documentVisitSubmit(edu.ncsu.csc.itrust2.forms.hcp.OfficeVisitForm,org.springframework.validation.BindingResult,org.springframework.ui.Model)
06:58:20.866 [main] DEBUG o.s.s.a.m.DelegatingMethodSecurityMetadataSource - Caching method [CacheKey[edu.ncsu.csc.itrust2.controllers.hcp.OfficeVisitController; public java.lang.String edu.ncsu.csc.itrust2.controllers.hcp.OfficeVisitController.documentVisitSubmit(edu.ncsu.csc.itrust2.forms.hcp.OfficeVisitForm,org.springframework.validation.BindingResult,org.springframework.ui.Model)]] with attributes [[authorize: 'hasRole('ROLE_HCP')', filter: 'null', filterTarget: 'null']]
06:58:20.866 [main] DEBUG o.s.aop.framework.CglibAopProxy - Unable to apply any optimisations to advised method: public java.lang.String edu.ncsu.csc.itrust2.controllers.hcp.OfficeVisitController.documentVisitSubmit(edu.ncsu.csc.itrust2.forms.hcp.OfficeVisitForm,org.springframework.validation.BindingResult,org.springframework.ui.Model)
06:58:20.866 [main] DEBUG o.s.s.a.p.PrePostAnnotationSecurityMetadataSource - @org.springframework.security.access.prepost.PreAuthorize(value=hasRole('ROLE_HCP')) found on specific method: public java.lang.String edu.ncsu.csc.itrust2.controllers.hcp.OfficeVisitController.getAllOfficeVisits(org.springframework.ui.Model)
06:58:20.866 [main] DEBUG o.s.s.a.m.DelegatingMethodSecurityMetadataSource - Caching method [CacheKey[edu.ncsu.csc.itrust2.controllers.hcp.OfficeVisitController; public java.lang.String edu.ncsu.csc.itrust2.controllers.hcp.OfficeVisitController.getAllOfficeVisits(org.springframework.ui.Model)]] with attributes [[authorize: 'hasRole('ROLE_HCP')', filter: 'null', filterTarget: 'null']]
06:58:20.866 [main] DEBUG o.s.aop.framework.CglibAopProxy - Unable to apply any optimisations to advised method: public java.lang.String edu.ncsu.csc.itrust2.controllers.hcp.OfficeVisitController.getAllOfficeVisits(org.springframework.ui.Model)
06:58:20.866 [main] DEBUG o.s.aop.framework.CglibAopProxy - Found 'equals' method: public boolean java.lang.Object.equals(java.lang.Object)
06:58:20.866 [main] DEBUG o.s.aop.framework.CglibAopProxy - Unable to apply any optimisations to advised method: public java.lang.String java.lang.Object.toString()
06:58:20.866 [main] DEBUG o.s.aop.framework.CglibAopProxy - Found 'hashCode' method: public native int java.lang.Object.hashCode()
06:58:20.866 [main] DEBUG o.s.aop.framework.CglibAopProxy - Unable to apply any optimisations to advised method: protected native java.lang.Object java.lang.Object.clone() throws java.lang.CloneNotSupportedException
06:58:20.866 [main] DEBUG o.s.aop.framework.CglibAopProxy - Method is declared on Advised interface: public abstract org.springframework.aop.TargetSource org.springframework.aop.framework.Advised.getTargetSource()
06:58:20.866 [main] DEBUG o.s.aop.framework.CglibAopProxy - Method is declared on Advised interface: public abstract boolean org.springframework.aop.framework.Advised.isProxyTargetClass()
06:58:20.866 [main] DEBUG o.s.aop.framework.CglibAopProxy - Method is declared on Advised interface: public abstract void org.springframework.aop.framework.Advised.addAdvisor(org.springframework.aop.Advisor) throws org.springframework.aop.framework.AopConfigException
06:58:20.866 [main] DEBUG o.s.aop.framework.CglibAopProxy - Method is declared on Advised interface: public abstract void org.springframework.aop.framework.Advised.addAdvisor(int,org.springframework.aop.Advisor) throws org.springframework.aop.framework.AopConfigException
06:58:20.866 [main] DEBUG o.s.aop.framework.CglibAopProxy - Method is declared on Advised interface: public abstract void org.springframework.aop.framework.Advised.setPreFiltered(boolean)
06:58:20.866 [main] DEBUG o.s.aop.framework.CglibAopProxy - Method is declared on Advised interface: public abstract void org.springframework.aop.framework.Advised.setExposeProxy(boolean)
06:58:20.866 [main] DEBUG o.s.aop.framework.CglibAopProxy - Method is declared on Advised interface: public abstract boolean org.springframework.aop.framework.Advised.isExposeProxy()
06:58:20.866 [main] DEBUG o.s.aop.framework.CglibAopProxy - Method is declared on Advised interface: public abstract void org.springframework.aop.framework.Advised.addAdvice(org.aopalliance.aop.Advice) throws org.springframework.aop.framework.AopConfigException
06:58:20.866 [main] DEBUG o.s.aop.framework.CglibAopProxy - Method is declared on Advised interface: public abstract void org.springframework.aop.framework.Advised.addAdvice(int,org.aopalliance.aop.Advice) throws org.springframework.aop.framework.AopConfigException
06:58:20.866 [main] DEBUG o.s.aop.framework.CglibAopProxy - Method is declared on Advised interface: public abstract boolean org.springframework.aop.framework.Advised.isPreFiltered()
06:58:20.866 [main] DEBUG o.s.aop.framework.CglibAopProxy - Method is declared on Advised interface: public abstract java.lang.Class[] org.springframework.aop.framework.Advised.getProxiedInterfaces()
06:58:20.866 [main] DEBUG o.s.aop.framework.CglibAopProxy - Method is declared on Advised interface: public abstract boolean org.springframework.aop.framework.Advised.isInterfaceProxied(java.lang.Class)
06:58:20.866 [main] DEBUG o.s.aop.framework.CglibAopProxy - Method is declared on Advised interface: public abstract org.springframework.aop.Advisor[] org.springframework.aop.framework.Advised.getAdvisors()
06:58:20.866 [main] DEBUG o.s.aop.framework.CglibAopProxy - Method is declared on Advised interface: public abstract boolean org.springframework.aop.framework.Advised.removeAdvisor(org.springframework.aop.Advisor)
06:58:20.866 [main] DEBUG o.s.aop.framework.CglibAopProxy - Method is declared on Advised interface: public abstract void org.springframework.aop.framework.Advised.removeAdvisor(int) throws org.springframework.aop.framework.AopConfigException
06:58:20.866 [main] DEBUG o.s.aop.framework.CglibAopProxy - Method is declared on Advised interface: public abstract boolean org.springframework.aop.framework.Advised.replaceAdvisor(org.springframework.aop.Advisor,org.springframework.aop.Advisor) throws org.springframework.aop.framework.AopConfigException
06:58:20.866 [main] DEBUG o.s.aop.framework.CglibAopProxy - Method is declared on Advised interface: public abstract boolean org.springframework.aop.framework.Advised.removeAdvice(org.aopalliance.aop.Advice)
06:58:20.866 [main] DEBUG o.s.aop.framework.CglibAopProxy - Method is declared on Advised interface: public abstract java.lang.String org.springframework.aop.framework.Advised.toProxyConfigString()
06:58:20.866 [main] DEBUG o.s.aop.framework.CglibAopProxy - Method is declared on Advised interface: public abstract void org.springframework.aop.framework.Advised.setTargetSource(org.springframework.aop.TargetSource)
06:58:20.866 [main] DEBUG o.s.aop.framework.CglibAopProxy - Method is declared on Advised interface: public abstract int org.springframework.aop.framework.Advised.indexOf(org.aopalliance.aop.Advice)
06:58:20.866 [main] DEBUG o.s.aop.framework.CglibAopProxy - Method is declared on Advised interface: public abstract int org.springframework.aop.framework.Advised.indexOf(org.springframework.aop.Advisor)
06:58:20.866 [main] DEBUG o.s.aop.framework.CglibAopProxy - Method is declared on Advised interface: public abstract boolean org.springframework.aop.framework.Advised.isFrozen()
06:58:20.866 [main] DEBUG o.s.aop.framework.CglibAopProxy - Method is declared on Advised interface: public abstract java.lang.Class org.springframework.aop.TargetClassAware.getTargetClass()
06:58:20.874 [main] DEBUG o.s.b.f.s.DefaultListableBeanFactory - Finished creating instance of bean 'officeVisitController'
06:58:20.874 [main] DEBUG o.s.b.f.s.DefaultListableBeanFactory - Creating shared instance of singleton bean 'appointmentController'
06:58:20.874 [main] DEBUG o.s.b.f.s.DefaultListableBeanFactory - Creating instance of bean 'appointmentController'
06:58:20.875 [main] DEBUG o.s.b.f.s.DefaultListableBeanFactory - Eagerly caching bean 'appointmentController' to allow for resolving potential circular references
06:58:20.875 [main] DEBUG o.s.b.f.s.DefaultListableBeanFactory - Returning cached instance of singleton bean 'metaDataSourceAdvisor'
06:58:20.875 [main] DEBUG o.s.s.a.p.PrePostAnnotationSecurityMetadataSource - @org.springframework.security.access.prepost.PreAuthorize(value=hasRole('ROLE_PATIENT')) found on specific method: public java.lang.String edu.ncsu.csc.itrust2.controllers.patient.AppointmentController.requestAppointmentForm(org.springframework.ui.Model)
06:58:20.875 [main] DEBUG o.s.s.a.m.DelegatingMethodSecurityMetadataSource - Caching method [CacheKey[edu.ncsu.csc.itrust2.controllers.patient.AppointmentController; public java.lang.String edu.ncsu.csc.itrust2.controllers.patient.AppointmentController.requestAppointmentForm(org.springframework.ui.Model)]] with attributes [[authorize: 'hasRole('ROLE_PATIENT')', filter: 'null', filterTarget: 'null']]
06:58:20.875 [main] DEBUG o.s.a.f.a.InfrastructureAdvisorAutoProxyCreator - Creating implicit proxy for bean 'appointmentController' with 0 common interceptors and 1 specific interceptors
06:58:20.875 [main] DEBUG o.s.aop.framework.CglibAopProxy - Creating CGLIB proxy: target source is SingletonTargetSource for target object [edu.ncsu.csc.itrust2.controllers.patient.AppointmentController@457561c8]
06:58:20.876 [main] DEBUG o.s.aop.framework.CglibAopProxy - Unable to apply any optimisations to advised method: public java.lang.String edu.ncsu.csc.itrust2.controllers.patient.AppointmentController.requestAppointmentForm(org.springframework.ui.Model)
06:58:20.876 [main] DEBUG o.s.s.a.p.PrePostAnnotationSecurityMetadataSource - @org.springframework.security.access.prepost.PreAuthorize(value=hasRole('ROLE_PATIENT')) found on specific method: public java.lang.String edu.ncsu.csc.itrust2.controllers.patient.AppointmentController.inventorySubmit(edu.ncsu.csc.itrust2.forms.patient.AppointmentRequestForm,org.springframework.validation.BindingResult,org.springframework.ui.Model)
06:58:20.876 [main] DEBUG o.s.s.a.m.DelegatingMethodSecurityMetadataSource - Caching method [CacheKey[edu.ncsu.csc.itrust2.controllers.patient.AppointmentController; public java.lang.String edu.ncsu.csc.itrust2.controllers.patient.AppointmentController.inventorySubmit(edu.ncsu.csc.itrust2.forms.patient.AppointmentRequestForm,org.springframework.validation.BindingResult,org.springframework.ui.Model)]] with attributes [[authorize: 'hasRole('ROLE_PATIENT')', filter: 'null', filterTarget: 'null']]
06:58:20.876 [main] DEBUG o.s.aop.framework.CglibAopProxy - Unable to apply any optimisations to advised method: public java.lang.String edu.ncsu.csc.itrust2.controllers.patient.AppointmentController.inventorySubmit(edu.ncsu.csc.itrust2.forms.patient.AppointmentRequestForm,org.springframework.validation.BindingResult,org.springframework.ui.Model)
06:58:20.876 [main] DEBUG o.s.s.a.p.PrePostAnnotationSecurityMetadataSource - @org.springframework.security.access.prepost.PreAuthorize(value=hasRole('ROLE_PATIENT')) found on specific method: public java.lang.String edu.ncsu.csc.itrust2.controllers.patient.AppointmentController.viewAppointmentRequests(org.springframework.ui.Model)
06:58:20.876 [main] DEBUG o.s.s.a.m.DelegatingMethodSecurityMetadataSource - Caching method [CacheKey[edu.ncsu.csc.itrust2.controllers.patient.AppointmentController; public java.lang.String edu.ncsu.csc.itrust2.controllers.patient.AppointmentController.viewAppointmentRequests(org.springframework.ui.Model)]] with attributes [[authorize: 'hasRole('ROLE_PATIENT')', filter: 'null', filterTarget: 'null']]
06:58:20.876 [main] DEBUG o.s.aop.framework.CglibAopProxy - Unable to apply any optimisations to advised method: public java.lang.String edu.ncsu.csc.itrust2.controllers.patient.AppointmentController.viewAppointmentRequests(org.springframework.ui.Model)
06:58:20.876 [main] DEBUG o.s.s.a.p.PrePostAnnotationSecurityMetadataSource - @org.springframework.security.access.prepost.PreAuthorize(value=hasRole('ROLE_PATIENT')) found on specific method: public java.lang.String edu.ncsu.csc.itrust2.controllers.patient.AppointmentController.viewRequestsSubmit(edu.ncsu.csc.itrust2.forms.patient.AppointmentForm)
06:58:20.876 [main] DEBUG o.s.s.a.m.DelegatingMethodSecurityMetadataSource - Caching method [CacheKey[edu.ncsu.csc.itrust2.controllers.patient.AppointmentController; public java.lang.String edu.ncsu.csc.itrust2.controllers.patient.AppointmentController.viewRequestsSubmit(edu.ncsu.csc.itrust2.forms.patient.AppointmentForm)]] with attributes [[authorize: 'hasRole('ROLE_PATIENT')', filter: 'null', filterTarget: 'null']]
06:58:20.876 [main] DEBUG o.s.aop.framework.CglibAopProxy - Unable to apply any optimisations to advised method: public java.lang.String edu.ncsu.csc.itrust2.controllers.patient.AppointmentController.viewRequestsSubmit(edu.ncsu.csc.itrust2.forms.patient.AppointmentForm)
06:58:20.876 [main] DEBUG o.s.aop.framework.CglibAopProxy - Found 'equals' method: public boolean java.lang.Object.equals(java.lang.Object)
06:58:20.876 [main] DEBUG o.s.aop.framework.CglibAopProxy - Unable to apply any optimisations to advised method: public java.lang.String java.lang.Object.toString()
06:58:20.876 [main] DEBUG o.s.aop.framework.CglibAopProxy - Found 'hashCode' method: public native int java.lang.Object.hashCode()
06:58:20.876 [main] DEBUG o.s.aop.framework.CglibAopProxy - Unable to apply any optimisations to advised method: protected native java.lang.Object java.lang.Object.clone() throws java.lang.CloneNotSupportedException
06:58:20.876 [main] DEBUG o.s.aop.framework.CglibAopProxy - Method is declared on Advised interface: public abstract org.springframework.aop.TargetSource org.springframework.aop.framework.Advised.getTargetSource()
06:58:20.876 [main] DEBUG o.s.aop.framework.CglibAopProxy - Method is declared on Advised interface: public abstract boolean org.springframework.aop.framework.Advised.isProxyTargetClass()
06:58:20.876 [main] DEBUG o.s.aop.framework.CglibAopProxy - Method is declared on Advised interface: public abstract void org.springframework.aop.framework.Advised.addAdvisor(org.springframework.aop.Advisor) throws org.springframework.aop.framework.AopConfigException
06:58:20.876 [main] DEBUG o.s.aop.framework.CglibAopProxy - Method is declared on Advised interface: public abstract void org.springframework.aop.framework.Advised.addAdvisor(int,org.springframework.aop.Advisor) throws org.springframework.aop.framework.AopConfigException
06:58:20.876 [main] DEBUG o.s.aop.framework.CglibAopProxy - Method is declared on Advised interface: public abstract void org.springframework.aop.framework.Advised.setPreFiltered(boolean)
06:58:20.876 [main] DEBUG o.s.aop.framework.CglibAopProxy - Method is declared on Advised interface: public abstract void org.springframework.aop.framework.Advised.setExposeProxy(boolean)
06:58:20.876 [main] DEBUG o.s.aop.framework.CglibAopProxy - Method is declared on Advised interface: public abstract boolean org.springframework.aop.framework.Advised.isExposeProxy()
06:58:20.876 [main] DEBUG o.s.aop.framework.CglibAopProxy - Method is declared on Advised interface: public abstract void org.springframework.aop.framework.Advised.addAdvice(org.aopalliance.aop.Advice) throws org.springframework.aop.framework.AopConfigException
06:58:20.876 [main] DEBUG o.s.aop.framework.CglibAopProxy - Method is declared on Advised interface: public abstract void org.springframework.aop.framework.Advised.addAdvice(int,org.aopalliance.aop.Advice) throws org.springframework.aop.framework.AopConfigException
06:58:20.876 [main] DEBUG o.s.aop.framework.CglibAopProxy - Method is declared on Advised interface: public abstract boolean org.springframework.aop.framework.Advised.isPreFiltered()
06:58:20.876 [main] DEBUG o.s.aop.framework.CglibAopProxy - Method is declared on Advised interface: public abstract java.lang.Class[] org.springframework.aop.framework.Advised.getProxiedInterfaces()
06:58:20.876 [main] DEBUG o.s.aop.framework.CglibAopProxy - Method is declared on Advised interface: public abstract boolean org.springframework.aop.framework.Advised.isInterfaceProxied(java.lang.Class)
06:58:20.876 [main] DEBUG o.s.aop.framework.CglibAopProxy - Method is declared on Advised interface: public abstract org.springframework.aop.Advisor[] org.springframework.aop.framework.Advised.getAdvisors()
06:58:20.876 [main] DEBUG o.s.aop.framework.CglibAopProxy - Method is declared on Advised interface: public abstract boolean org.springframework.aop.framework.Advised.removeAdvisor(org.springframework.aop.Advisor)
06:58:20.877 [main] DEBUG o.s.aop.framework.CglibAopProxy - Method is declared on Advised interface: public abstract void org.springframework.aop.framework.Advised.removeAdvisor(int) throws org.springframework.aop.framework.AopConfigException
06:58:20.877 [main] DEBUG o.s.aop.framework.CglibAopProxy - Method is declared on Advised interface: public abstract boolean org.springframework.aop.framework.Advised.replaceAdvisor(org.springframework.aop.Advisor,org.springframework.aop.Advisor) throws org.springframework.aop.framework.AopConfigException
06:58:20.877 [main] DEBUG o.s.aop.framework.CglibAopProxy - Method is declared on Advised interface: public abstract boolean org.springframework.aop.framework.Advised.removeAdvice(org.aopalliance.aop.Advice)
06:58:20.877 [main] DEBUG o.s.aop.framework.CglibAopProxy - Method is declared on Advised interface: public abstract java.lang.String org.springframework.aop.framework.Advised.toProxyConfigString()
06:58:20.877 [main] DEBUG o.s.aop.framework.CglibAopProxy - Method is declared on Advised interface: public abstract void org.springframework.aop.framework.Advised.setTargetSource(org.springframework.aop.TargetSource)
06:58:20.877 [main] DEBUG o.s.aop.framework.CglibAopProxy - Method is declared on Advised interface: public abstract int org.springframework.aop.framework.Advised.indexOf(org.aopalliance.aop.Advice)
06:58:20.877 [main] DEBUG o.s.aop.framework.CglibAopProxy - Method is declared on Advised interface: public abstract int org.springframework.aop.framework.Advised.indexOf(org.springframework.aop.Advisor)
06:58:20.877 [main] DEBUG o.s.aop.framework.CglibAopProxy - Method is declared on Advised interface: public abstract boolean org.springframework.aop.framework.Advised.isFrozen()
06:58:20.877 [main] DEBUG o.s.aop.framework.CglibAopProxy - Method is declared on Advised interface: public abstract java.lang.Class org.springframework.aop.TargetClassAware.getTargetClass()
06:58:20.883 [main] DEBUG o.s.b.f.s.DefaultListableBeanFactory - Finished creating instance of bean 'appointmentController'
06:58:20.883 [main] DEBUG o.s.b.f.s.DefaultListableBeanFactory - Creating shared instance of singleton bean 'diagnosesController'
06:58:20.883 [main] DEBUG o.s.b.f.s.DefaultListableBeanFactory - Creating instance of bean 'diagnosesController'
06:58:20.883 [main] DEBUG o.s.b.f.s.DefaultListableBeanFactory - Eagerly caching bean 'diagnosesController' to allow for resolving potential circular references
06:58:20.884 [main] DEBUG o.s.b.f.s.DefaultListableBeanFactory - Returning cached instance of singleton bean 'metaDataSourceAdvisor'
06:58:20.884 [main] DEBUG o.s.s.a.p.PrePostAnnotationSecurityMetadataSource - @org.springframework.security.access.prepost.PreAuthorize(value=hasRole('ROLE_PATIENT')) found on specific method: public java.lang.String edu.ncsu.csc.itrust2.controllers.patient.DiagnosesController.viewDiagnoses(org.springframework.ui.Model)
06:58:20.884 [main] DEBUG o.s.s.a.m.DelegatingMethodSecurityMetadataSource - Caching method [CacheKey[edu.ncsu.csc.itrust2.controllers.patient.DiagnosesController; public java.lang.String edu.ncsu.csc.itrust2.controllers.patient.DiagnosesController.viewDiagnoses(org.springframework.ui.Model)]] with attributes [[authorize: 'hasRole('ROLE_PATIENT')', filter: 'null', filterTarget: 'null']]
06:58:20.884 [main] DEBUG o.s.a.f.a.InfrastructureAdvisorAutoProxyCreator - Creating implicit proxy for bean 'diagnosesController' with 0 common interceptors and 1 specific interceptors
06:58:20.884 [main] DEBUG o.s.aop.framework.CglibAopProxy - Creating CGLIB proxy: target source is SingletonTargetSource for target object [edu.ncsu.csc.itrust2.controllers.patient.DiagnosesController@4b815bec]
06:58:20.884 [main] DEBUG o.s.aop.framework.CglibAopProxy - Unable to apply any optimisations to advised method: public java.lang.String edu.ncsu.csc.itrust2.controllers.patient.DiagnosesController.viewDiagnoses(org.springframework.ui.Model)
06:58:20.884 [main] DEBUG o.s.aop.framework.CglibAopProxy - Found 'equals' method: public boolean java.lang.Object.equals(java.lang.Object)
06:58:20.884 [main] DEBUG o.s.aop.framework.CglibAopProxy - Unable to apply any optimisations to advised method: public java.lang.String java.lang.Object.toString()
06:58:20.884 [main] DEBUG o.s.aop.framework.CglibAopProxy - Found 'hashCode' method: public native int java.lang.Object.hashCode()
06:58:20.884 [main] DEBUG o.s.aop.framework.CglibAopProxy - Unable to apply any optimisations to advised method: protected native java.lang.Object java.lang.Object.clone() throws java.lang.CloneNotSupportedException
06:58:20.884 [main] DEBUG o.s.aop.framework.CglibAopProxy - Method is declared on Advised interface: public abstract org.springframework.aop.TargetSource org.springframework.aop.framework.Advised.getTargetSource()
06:58:20.884 [main] DEBUG o.s.aop.framework.CglibAopProxy - Method is declared on Advised interface: public abstract boolean org.springframework.aop.framework.Advised.isProxyTargetClass()
06:58:20.884 [main] DEBUG o.s.aop.framework.CglibAopProxy - Method is declared on Advised interface: public abstract void org.springframework.aop.framework.Advised.addAdvisor(org.springframework.aop.Advisor) throws org.springframework.aop.framework.AopConfigException
06:58:20.884 [main] DEBUG o.s.aop.framework.CglibAopProxy - Method is declared on Advised interface: public abstract void org.springframework.aop.framework.Advised.addAdvisor(int,org.springframework.aop.Advisor) throws org.springframework.aop.framework.AopConfigException
06:58:20.884 [main] DEBUG o.s.aop.framework.CglibAopProxy - Method is declared on Advised interface: public abstract void org.springframework.aop.framework.Advised.setPreFiltered(boolean)
06:58:20.884 [main] DEBUG o.s.aop.framework.CglibAopProxy - Method is declared on Advised interface: public abstract void org.springframework.aop.framework.Advised.setExposeProxy(boolean)
06:58:20.884 [main] DEBUG o.s.aop.framework.CglibAopProxy - Method is declared on Advised interface: public abstract boolean org.springframework.aop.framework.Advised.isExposeProxy()
06:58:20.884 [main] DEBUG o.s.aop.framework.CglibAopProxy - Method is declared on Advised interface: public abstract void org.springframework.aop.framework.Advised.addAdvice(org.aopalliance.aop.Advice) throws org.springframework.aop.framework.AopConfigException
06:58:20.884 [main] DEBUG o.s.aop.framework.CglibAopProxy - Method is declared on Advised interface: public abstract void org.springframework.aop.framework.Advised.addAdvice(int,org.aopalliance.aop.Advice) throws org.springframework.aop.framework.AopConfigException
06:58:20.884 [main] DEBUG o.s.aop.framework.CglibAopProxy - Method is declared on Advised interface: public abstract boolean org.springframework.aop.framework.Advised.isPreFiltered()
06:58:20.884 [main] DEBUG o.s.aop.framework.CglibAopProxy - Method is declared on Advised interface: public abstract java.lang.Class[] org.springframework.aop.framework.Advised.getProxiedInterfaces()
06:58:20.884 [main] DEBUG o.s.aop.framework.CglibAopProxy - Method is declared on Advised interface: public abstract boolean org.springframework.aop.framework.Advised.isInterfaceProxied(java.lang.Class)
06:58:20.884 [main] DEBUG o.s.aop.framework.CglibAopProxy - Method is declared on Advised interface: public abstract org.springframework.aop.Advisor[] org.springframework.aop.framework.Advised.getAdvisors()
06:58:20.884 [main] DEBUG o.s.aop.framework.CglibAopProxy - Method is declared on Advised interface: public abstract boolean org.springframework.aop.framework.Advised.removeAdvisor(org.springframework.aop.Advisor)
06:58:20.884 [main] DEBUG o.s.aop.framework.CglibAopProxy - Method is declared on Advised interface: public abstract void org.springframework.aop.framework.Advised.removeAdvisor(int) throws org.springframework.aop.framework.AopConfigException
06:58:20.884 [main] DEBUG o.s.aop.framework.CglibAopProxy - Method is declared on Advised interface: public abstract boolean org.springframework.aop.framework.Advised.replaceAdvisor(org.springframework.aop.Advisor,org.springframework.aop.Advisor) throws org.springframework.aop.framework.AopConfigException
06:58:20.884 [main] DEBUG o.s.aop.framework.CglibAopProxy - Method is declared on Advised interface: public abstract boolean org.springframework.aop.framework.Advised.removeAdvice(org.aopalliance.aop.Advice)
06:58:20.884 [main] DEBUG o.s.aop.framework.CglibAopProxy - Method is declared on Advised interface: public abstract java.lang.String org.springframework.aop.framework.Advised.toProxyConfigString()
06:58:20.884 [main] DEBUG o.s.aop.framework.CglibAopProxy - Method is declared on Advised interface: public abstract void org.springframework.aop.framework.Advised.setTargetSource(org.springframework.aop.TargetSource)
06:58:20.884 [main] DEBUG o.s.aop.framework.CglibAopProxy - Method is declared on Advised interface: public abstract int org.springframework.aop.framework.Advised.indexOf(org.aopalliance.aop.Advice)
06:58:20.884 [main] DEBUG o.s.aop.framework.CglibAopProxy - Method is declared on Advised interface: public abstract int org.springframework.aop.framework.Advised.indexOf(org.springframework.aop.Advisor)
06:58:20.884 [main] DEBUG o.s.aop.framework.CglibAopProxy - Method is declared on Advised interface: public abstract boolean org.springframework.aop.framework.Advised.isFrozen()
06:58:20.884 [main] DEBUG o.s.aop.framework.CglibAopProxy - Method is declared on Advised interface: public abstract java.lang.Class org.springframework.aop.TargetClassAware.getTargetClass()
06:58:20.889 [main] DEBUG o.s.b.f.s.DefaultListableBeanFactory - Finished creating instance of bean 'diagnosesController'
06:58:20.889 [main] DEBUG o.s.b.f.s.DefaultListableBeanFactory - Creating shared instance of singleton bean 'patientController'
06:58:20.889 [main] DEBUG o.s.b.f.s.DefaultListableBeanFactory - Creating instance of bean 'patientController'
06:58:20.889 [main] DEBUG o.s.b.f.s.DefaultListableBeanFactory - Eagerly caching bean 'patientController' to allow for resolving potential circular references
06:58:20.890 [main] DEBUG o.s.b.f.s.DefaultListableBeanFactory - Returning cached instance of singleton bean 'metaDataSourceAdvisor'
06:58:20.890 [main] DEBUG o.s.s.a.p.PrePostAnnotationSecurityMetadataSource - @org.springframework.security.access.prepost.PreAuthorize(value=hasRole('ROLE_PATIENT')) found on specific method: public java.lang.String edu.ncsu.csc.itrust2.controllers.patient.PatientController.viewOfficeVisits(org.springframework.ui.Model)
06:58:20.890 [main] DEBUG o.s.s.a.m.DelegatingMethodSecurityMetadataSource - Caching method [CacheKey[edu.ncsu.csc.itrust2.controllers.patient.PatientController; public java.lang.String edu.ncsu.csc.itrust2.controllers.patient.PatientController.viewOfficeVisits(org.springframework.ui.Model)]] with attributes [[authorize: 'hasRole('ROLE_PATIENT')', filter: 'null', filterTarget: 'null']]
06:58:20.890 [main] DEBUG o.s.a.f.a.InfrastructureAdvisorAutoProxyCreator - Creating implicit proxy for bean 'patientController' with 0 common interceptors and 1 specific interceptors
06:58:20.890 [main] DEBUG o.s.aop.framework.CglibAopProxy - Creating CGLIB proxy: target source is SingletonTargetSource for target object [edu.ncsu.csc.itrust2.controllers.patient.PatientController@412ca037]
06:58:20.890 [main] DEBUG o.s.aop.framework.CglibAopProxy - Unable to apply any optimisations to advised method: public java.lang.String edu.ncsu.csc.itrust2.controllers.patient.PatientController.viewOfficeVisits(org.springframework.ui.Model)
06:58:20.891 [main] DEBUG o.s.s.a.p.PrePostAnnotationSecurityMetadataSource - @org.springframework.security.access.prepost.PreAuthorize(value=hasRole('ROLE_PATIENT')) found on specific method: public java.lang.String edu.ncsu.csc.itrust2.controllers.patient.PatientController.viewPrescriptions(org.springframework.ui.Model)
06:58:20.891 [main] DEBUG o.s.s.a.m.DelegatingMethodSecurityMetadataSource - Caching method [CacheKey[edu.ncsu.csc.itrust2.controllers.patient.PatientController; public java.lang.String edu.ncsu.csc.itrust2.controllers.patient.PatientController.viewPrescriptions(org.springframework.ui.Model)]] with attributes [[authorize: 'hasRole('ROLE_PATIENT')', filter: 'null', filterTarget: 'null']]
06:58:20.891 [main] DEBUG o.s.aop.framework.CglibAopProxy - Unable to apply any optimisations to advised method: public java.lang.String edu.ncsu.csc.itrust2.controllers.patient.PatientController.viewPrescriptions(org.springframework.ui.Model)
06:58:20.891 [main] DEBUG o.s.s.a.p.PrePostAnnotationSecurityMetadataSource - @org.springframework.security.access.prepost.PreAuthorize(value=hasRole('ROLE_PATIENT')) found on specific method: public java.lang.String edu.ncsu.csc.itrust2.controllers.patient.PatientController.viewDemographics(org.springframework.ui.Model)
06:58:20.891 [main] DEBUG o.s.s.a.m.DelegatingMethodSecurityMetadataSource - Caching method [CacheKey[edu.ncsu.csc.itrust2.controllers.patient.PatientController; public java.lang.String edu.ncsu.csc.itrust2.controllers.patient.PatientController.viewDemographics(org.springframework.ui.Model)]] with attributes [[authorize: 'hasRole('ROLE_PATIENT')', filter: 'null', filterTarget: 'null']]
06:58:20.891 [main] DEBUG o.s.aop.framework.CglibAopProxy - Unable to apply any optimisations to advised method: public java.lang.String edu.ncsu.csc.itrust2.controllers.patient.PatientController.viewDemographics(org.springframework.ui.Model)
06:58:20.891 [main] DEBUG o.s.s.a.p.PrePostAnnotationSecurityMetadataSource - @org.springframework.security.access.prepost.PreAuthorize(value=hasRole('ROLE_PATIENT')) found on specific method: public java.lang.String edu.ncsu.csc.itrust2.controllers.patient.PatientController.demographicsSubmit(edu.ncsu.csc.itrust2.forms.hcp_patient.PatientForm,org.springframework.validation.BindingResult,org.springframework.ui.Model)
06:58:20.891 [main] DEBUG o.s.s.a.m.DelegatingMethodSecurityMetadataSource - Caching method [CacheKey[edu.ncsu.csc.itrust2.controllers.patient.PatientController; public java.lang.String edu.ncsu.csc.itrust2.controllers.patient.PatientController.demographicsSubmit(edu.ncsu.csc.itrust2.forms.hcp_patient.PatientForm,org.springframework.validation.BindingResult,org.springframework.ui.Model)]] with attributes [[authorize: 'hasRole('ROLE_PATIENT')', filter: 'null', filterTarget: 'null']]
06:58:20.891 [main] DEBUG o.s.aop.framework.CglibAopProxy - Unable to apply any optimisations to advised method: public java.lang.String edu.ncsu.csc.itrust2.controllers.patient.PatientController.demographicsSubmit(edu.ncsu.csc.itrust2.forms.hcp_patient.PatientForm,org.springframework.validation.BindingResult,org.springframework.ui.Model)
06:58:20.891 [main] DEBUG o.s.s.a.p.PrePostAnnotationSecurityMetadataSource - @org.springframework.security.access.prepost.PreAuthorize(value=hasRole('ROLE_PATIENT')) found on specific method: public java.lang.String edu.ncsu.csc.itrust2.controllers.patient.PatientController.index(org.springframework.ui.Model)
06:58:20.891 [main] DEBUG o.s.s.a.m.DelegatingMethodSecurityMetadataSource - Caching method [CacheKey[edu.ncsu.csc.itrust2.controllers.patient.PatientController; public java.lang.String edu.ncsu.csc.itrust2.controllers.patient.PatientController.index(org.springframework.ui.Model)]] with attributes [[authorize: 'hasRole('ROLE_PATIENT')', filter: 'null', filterTarget: 'null']]
06:58:20.891 [main] DEBUG o.s.aop.framework.CglibAopProxy - Unable to apply any optimisations to advised method: public java.lang.String edu.ncsu.csc.itrust2.controllers.patient.PatientController.index(org.springframework.ui.Model)
06:58:20.891 [main] DEBUG o.s.aop.framework.CglibAopProxy - Found 'equals' method: public boolean java.lang.Object.equals(java.lang.Object)
06:58:20.891 [main] DEBUG o.s.aop.framework.CglibAopProxy - Unable to apply any optimisations to advised method: public java.lang.String java.lang.Object.toString()
06:58:20.891 [main] DEBUG o.s.aop.framework.CglibAopProxy - Found 'hashCode' method: public native int java.lang.Object.hashCode()
06:58:20.891 [main] DEBUG o.s.aop.framework.CglibAopProxy - Unable to apply any optimisations to advised method: protected native java.lang.Object java.lang.Object.clone() throws java.lang.CloneNotSupportedException
06:58:20.891 [main] DEBUG o.s.aop.framework.CglibAopProxy - Method is declared on Advised interface: public abstract org.springframework.aop.TargetSource org.springframework.aop.framework.Advised.getTargetSource()
06:58:20.891 [main] DEBUG o.s.aop.framework.CglibAopProxy - Method is declared on Advised interface: public abstract boolean org.springframework.aop.framework.Advised.isProxyTargetClass()
06:58:20.891 [main] DEBUG o.s.aop.framework.CglibAopProxy - Method is declared on Advised interface: public abstract void org.springframework.aop.framework.Advised.addAdvisor(org.springframework.aop.Advisor) throws org.springframework.aop.framework.AopConfigException
06:58:20.891 [main] DEBUG o.s.aop.framework.CglibAopProxy - Method is declared on Advised interface: public abstract void org.springframework.aop.framework.Advised.addAdvisor(int,org.springframework.aop.Advisor) throws org.springframework.aop.framework.AopConfigException
06:58:20.891 [main] DEBUG o.s.aop.framework.CglibAopProxy - Method is declared on Advised interface: public abstract void org.springframework.aop.framework.Advised.setPreFiltered(boolean)
06:58:20.891 [main] DEBUG o.s.aop.framework.CglibAopProxy - Method is declared on Advised interface: public abstract void org.springframework.aop.framework.Advised.setExposeProxy(boolean)
06:58:20.891 [main] DEBUG o.s.aop.framework.CglibAopProxy - Method is declared on Advised interface: public abstract boolean org.springframework.aop.framework.Advised.isExposeProxy()
06:58:20.891 [main] DEBUG o.s.aop.framework.CglibAopProxy - Method is declared on Advised interface: public abstract void org.springframework.aop.framework.Advised.addAdvice(org.aopalliance.aop.Advice) throws org.springframework.aop.framework.AopConfigException
06:58:20.891 [main] DEBUG o.s.aop.framework.CglibAopProxy - Method is declared on Advised interface: public abstract void org.springframework.aop.framework.Advised.addAdvice(int,org.aopalliance.aop.Advice) throws org.springframework.aop.framework.AopConfigException
06:58:20.891 [main] DEBUG o.s.aop.framework.CglibAopProxy - Method is declared on Advised interface: public abstract boolean org.springframework.aop.framework.Advised.isPreFiltered()
06:58:20.891 [main] DEBUG o.s.aop.framework.CglibAopProxy - Method is declared on Advised interface: public abstract java.lang.Class[] org.springframework.aop.framework.Advised.getProxiedInterfaces()
06:58:20.891 [main] DEBUG o.s.aop.framework.CglibAopProxy - Method is declared on Advised interface: public abstract boolean org.springframework.aop.framework.Advised.isInterfaceProxied(java.lang.Class)
06:58:20.891 [main] DEBUG o.s.aop.framework.CglibAopProxy - Method is declared on Advised interface: public abstract org.springframework.aop.Advisor[] org.springframework.aop.framework.Advised.getAdvisors()
06:58:20.891 [main] DEBUG o.s.aop.framework.CglibAopProxy - Method is declared on Advised interface: public abstract boolean org.springframework.aop.framework.Advised.removeAdvisor(org.springframework.aop.Advisor)
06:58:20.891 [main] DEBUG o.s.aop.framework.CglibAopProxy - Method is declared on Advised interface: public abstract void org.springframework.aop.framework.Advised.removeAdvisor(int) throws org.springframework.aop.framework.AopConfigException
06:58:20.891 [main] DEBUG o.s.aop.framework.CglibAopProxy - Method is declared on Advised interface: public abstract boolean org.springframework.aop.framework.Advised.replaceAdvisor(org.springframework.aop.Advisor,org.springframework.aop.Advisor) throws org.springframework.aop.framework.AopConfigException
06:58:20.891 [main] DEBUG o.s.aop.framework.CglibAopProxy - Method is declared on Advised interface: public abstract boolean org.springframework.aop.framework.Advised.removeAdvice(org.aopalliance.aop.Advice)
06:58:20.891 [main] DEBUG o.s.aop.framework.CglibAopProxy - Method is declared on Advised interface: public abstract java.lang.String org.springframework.aop.framework.Advised.toProxyConfigString()
06:58:20.891 [main] DEBUG o.s.aop.framework.CglibAopProxy - Method is declared on Advised interface: public abstract void org.springframework.aop.framework.Advised.setTargetSource(org.springframework.aop.TargetSource)
06:58:20.892 [main] DEBUG o.s.aop.framework.CglibAopProxy - Method is declared on Advised interface: public abstract int org.springframework.aop.framework.Advised.indexOf(org.aopalliance.aop.Advice)
06:58:20.892 [main] DEBUG o.s.aop.framework.CglibAopProxy - Method is declared on Advised interface: public abstract int org.springframework.aop.framework.Advised.indexOf(org.springframework.aop.Advisor)
06:58:20.892 [main] DEBUG o.s.aop.framework.CglibAopProxy - Method is declared on Advised interface: public abstract boolean org.springframework.aop.framework.Advised.isFrozen()
06:58:20.892 [main] DEBUG o.s.aop.framework.CglibAopProxy - Method is declared on Advised interface: public abstract java.lang.Class org.springframework.aop.TargetClassAware.getTargetClass()
06:58:20.898 [main] DEBUG o.s.b.f.s.DefaultListableBeanFactory - Finished creating instance of bean 'patientController'
06:58:20.898 [main] DEBUG o.s.b.f.s.DefaultListableBeanFactory - Creating shared instance of singleton bean 'passwordController'
06:58:20.898 [main] DEBUG o.s.b.f.s.DefaultListableBeanFactory - Creating instance of bean 'passwordController'
06:58:20.898 [main] DEBUG o.s.b.f.s.DefaultListableBeanFactory - Eagerly caching bean 'passwordController' to allow for resolving potential circular references
06:58:20.898 [main] DEBUG o.s.b.f.s.DefaultListableBeanFactory - Returning cached instance of singleton bean 'metaDataSourceAdvisor'
06:58:20.898 [main] DEBUG o.s.b.f.s.DefaultListableBeanFactory - Finished creating instance of bean 'passwordController'
06:58:20.899 [main] DEBUG o.s.b.f.s.DefaultListableBeanFactory - Creating shared instance of singleton bean 'userController'
06:58:20.899 [main] DEBUG o.s.b.f.s.DefaultListableBeanFactory - Creating instance of bean 'userController'
06:58:20.899 [main] DEBUG o.s.b.f.s.DefaultListableBeanFactory - Eagerly caching bean 'userController' to allow for resolving potential circular references
06:58:20.899 [main] DEBUG o.s.b.f.s.DefaultListableBeanFactory - Returning cached instance of singleton bean 'metaDataSourceAdvisor'
06:58:20.899 [main] DEBUG o.s.s.a.p.PrePostAnnotationSecurityMetadataSource - @org.springframework.security.access.prepost.PreAuthorize(value=hasRole('ROLE_HCP') or hasRole('ROLE_ADMIN')) found on specific method: public java.lang.String edu.ncsu.csc.itrust2.controllers.personnel.UserController.viewDemographics(org.springframework.ui.Model)
06:58:20.899 [main] DEBUG o.s.s.a.m.DelegatingMethodSecurityMetadataSource - Caching method [CacheKey[edu.ncsu.csc.itrust2.controllers.personnel.UserController; public java.lang.String edu.ncsu.csc.itrust2.controllers.personnel.UserController.viewDemographics(org.springframework.ui.Model)]] with attributes [[authorize: 'hasRole('ROLE_HCP') or hasRole('ROLE_ADMIN')', filter: 'null', filterTarget: 'null']]
06:58:20.899 [main] DEBUG o.s.a.f.a.InfrastructureAdvisorAutoProxyCreator - Creating implicit proxy for bean 'userController' with 0 common interceptors and 1 specific interceptors
06:58:20.899 [main] DEBUG o.s.aop.framework.CglibAopProxy - Creating CGLIB proxy: target source is SingletonTargetSource for target object [edu.ncsu.csc.itrust2.controllers.personnel.UserController@251206a5]
06:58:20.900 [main] DEBUG o.s.aop.framework.CglibAopProxy - Unable to apply any optimisations to advised method: public java.lang.String edu.ncsu.csc.itrust2.controllers.personnel.UserController.viewDemographics(org.springframework.ui.Model)
06:58:20.900 [main] DEBUG o.s.s.a.p.PrePostAnnotationSecurityMetadataSource - @org.springframework.security.access.prepost.PreAuthorize(value=hasRole('ROLE_HCP') or hasRole('ROLE_ADMIN')) found on specific method: public java.lang.String edu.ncsu.csc.itrust2.controllers.personnel.UserController.demographicsSubmit(edu.ncsu.csc.itrust2.forms.personnel.PersonnelForm,org.springframework.validation.BindingResult,org.springframework.ui.Model)
06:58:20.900 [main] DEBUG o.s.s.a.m.DelegatingMethodSecurityMetadataSource - Caching method [CacheKey[edu.ncsu.csc.itrust2.controllers.personnel.UserController; public java.lang.String edu.ncsu.csc.itrust2.controllers.personnel.UserController.demographicsSubmit(edu.ncsu.csc.itrust2.forms.personnel.PersonnelForm,org.springframework.validation.BindingResult,org.springframework.ui.Model)]] with attributes [[authorize: 'hasRole('ROLE_HCP') or hasRole('ROLE_ADMIN')', filter: 'null', filterTarget: 'null']]
06:58:20.900 [main] DEBUG o.s.aop.framework.CglibAopProxy - Unable to apply any optimisations to advised method: public java.lang.String edu.ncsu.csc.itrust2.controllers.personnel.UserController.demographicsSubmit(edu.ncsu.csc.itrust2.forms.personnel.PersonnelForm,org.springframework.validation.BindingResult,org.springframework.ui.Model)
06:58:20.900 [main] DEBUG o.s.aop.framework.CglibAopProxy - Found 'equals' method: public boolean java.lang.Object.equals(java.lang.Object)
06:58:20.900 [main] DEBUG o.s.aop.framework.CglibAopProxy - Unable to apply any optimisations to advised method: public java.lang.String java.lang.Object.toString()
06:58:20.900 [main] DEBUG o.s.aop.framework.CglibAopProxy - Found 'hashCode' method: public native int java.lang.Object.hashCode()
06:58:20.900 [main] DEBUG o.s.aop.framework.CglibAopProxy - Unable to apply any optimisations to advised method: protected native java.lang.Object java.lang.Object.clone() throws java.lang.CloneNotSupportedException
06:58:20.900 [main] DEBUG o.s.aop.framework.CglibAopProxy - Method is declared on Advised interface: public abstract org.springframework.aop.TargetSource org.springframework.aop.framework.Advised.getTargetSource()
06:58:20.900 [main] DEBUG o.s.aop.framework.CglibAopProxy - Method is declared on Advised interface: public abstract boolean org.springframework.aop.framework.Advised.isProxyTargetClass()
06:58:20.900 [main] DEBUG o.s.aop.framework.CglibAopProxy - Method is declared on Advised interface: public abstract void org.springframework.aop.framework.Advised.addAdvisor(org.springframework.aop.Advisor) throws org.springframework.aop.framework.AopConfigException
06:58:20.900 [main] DEBUG o.s.aop.framework.CglibAopProxy - Method is declared on Advised interface: public abstract void org.springframework.aop.framework.Advised.addAdvisor(int,org.springframework.aop.Advisor) throws org.springframework.aop.framework.AopConfigException
06:58:20.900 [main] DEBUG o.s.aop.framework.CglibAopProxy - Method is declared on Advised interface: public abstract void org.springframework.aop.framework.Advised.setPreFiltered(boolean)
06:58:20.900 [main] DEBUG o.s.aop.framework.CglibAopProxy - Method is declared on Advised interface: public abstract void org.springframework.aop.framework.Advised.setExposeProxy(boolean)
06:58:20.900 [main] DEBUG o.s.aop.framework.CglibAopProxy - Method is declared on Advised interface: public abstract boolean org.springframework.aop.framework.Advised.isExposeProxy()
06:58:20.900 [main] DEBUG o.s.aop.framework.CglibAopProxy - Method is declared on Advised interface: public abstract void org.springframework.aop.framework.Advised.addAdvice(org.aopalliance.aop.Advice) throws org.springframework.aop.framework.AopConfigException
06:58:20.900 [main] DEBUG o.s.aop.framework.CglibAopProxy - Method is declared on Advised interface: public abstract void org.springframework.aop.framework.Advised.addAdvice(int,org.aopalliance.aop.Advice) throws org.springframework.aop.framework.AopConfigException
06:58:20.900 [main] DEBUG o.s.aop.framework.CglibAopProxy - Method is declared on Advised interface: public abstract boolean org.springframework.aop.framework.Advised.isPreFiltered()
06:58:20.900 [main] DEBUG o.s.aop.framework.CglibAopProxy - Method is declared on Advised interface: public abstract java.lang.Class[] org.springframework.aop.framework.Advised.getProxiedInterfaces()
06:58:20.900 [main] DEBUG o.s.aop.framework.CglibAopProxy - Method is declared on Advised interface: public abstract boolean org.springframework.aop.framework.Advised.isInterfaceProxied(java.lang.Class)
06:58:20.900 [main] DEBUG o.s.aop.framework.CglibAopProxy - Method is declared on Advised interface: public abstract org.springframework.aop.Advisor[] org.springframework.aop.framework.Advised.getAdvisors()
06:58:20.900 [main] DEBUG o.s.aop.framework.CglibAopProxy - Method is declared on Advised interface: public abstract boolean org.springframework.aop.framework.Advised.removeAdvisor(org.springframework.aop.Advisor)
06:58:20.900 [main] DEBUG o.s.aop.framework.CglibAopProxy - Method is declared on Advised interface: public abstract void org.springframework.aop.framework.Advised.removeAdvisor(int) throws org.springframework.aop.framework.AopConfigException
06:58:20.900 [main] DEBUG o.s.aop.framework.CglibAopProxy - Method is declared on Advised interface: public abstract boolean org.springframework.aop.framework.Advised.replaceAdvisor(org.springframework.aop.Advisor,org.springframework.aop.Advisor) throws org.springframework.aop.framework.AopConfigException
06:58:20.900 [main] DEBUG o.s.aop.framework.CglibAopProxy - Method is declared on Advised interface: public abstract boolean org.springframework.aop.framework.Advised.removeAdvice(org.aopalliance.aop.Advice)
06:58:20.900 [main] DEBUG o.s.aop.framework.CglibAopProxy - Method is declared on Advised interface: public abstract java.lang.String org.springframework.aop.framework.Advised.toProxyConfigString()
06:58:20.900 [main] DEBUG o.s.aop.framework.CglibAopProxy - Method is declared on Advised interface: public abstract void org.springframework.aop.framework.Advised.setTargetSource(org.springframework.aop.TargetSource)
06:58:20.900 [main] DEBUG o.s.aop.framework.CglibAopProxy - Method is declared on Advised interface: public abstract int org.springframework.aop.framework.Advised.indexOf(org.aopalliance.aop.Advice)
06:58:20.900 [main] DEBUG o.s.aop.framework.CglibAopProxy - Method is declared on Advised interface: public abstract int org.springframework.aop.framework.Advised.indexOf(org.springframework.aop.Advisor)
06:58:20.900 [main] DEBUG o.s.aop.framework.CglibAopProxy - Method is declared on Advised interface: public abstract boolean org.springframework.aop.framework.Advised.isFrozen()
06:58:20.900 [main] DEBUG o.s.aop.framework.CglibAopProxy - Method is declared on Advised interface: public abstract java.lang.Class org.springframework.aop.TargetClassAware.getTargetClass()
06:58:20.905 [main] DEBUG o.s.b.f.s.DefaultListableBeanFactory - Finished creating instance of bean 'userController'
06:58:20.905 [main] DEBUG o.s.b.f.s.DefaultListableBeanFactory - Returning cached instance of singleton bean 'dataSource'
06:58:20.905 [main] DEBUG o.s.b.f.s.DefaultListableBeanFactory - Returning cached instance of singleton bean 'org.springframework.security.config.annotation.configuration.ObjectPostProcessorConfiguration'
06:58:20.905 [main] DEBUG o.s.b.f.s.DefaultListableBeanFactory - Returning cached instance of singleton bean 'objectPostProcessor'
06:58:20.905 [main] DEBUG o.s.b.f.s.DefaultListableBeanFactory - Returning cached instance of singleton bean 'org.springframework.security.config.annotation.authentication.configuration.AuthenticationConfiguration'
06:58:20.905 [main] DEBUG o.s.b.f.s.DefaultListableBeanFactory - Returning cached instance of singleton bean 'authenticationManagerBuilder'
06:58:20.905 [main] DEBUG o.s.b.f.s.DefaultListableBeanFactory - Returning cached instance of singleton bean 'enableGlobalAuthenticationAutowiredConfigurer'
06:58:20.905 [main] DEBUG o.s.b.f.s.DefaultListableBeanFactory - Returning cached instance of singleton bean 'initializeUserDetailsBeanManagerConfigurer'
06:58:20.905 [main] DEBUG o.s.b.f.s.DefaultListableBeanFactory - Returning cached instance of singleton bean 'initializeAuthenticationProviderBeanManagerConfigurer'
06:58:20.905 [main] DEBUG o.s.b.f.s.DefaultListableBeanFactory - Creating shared instance of singleton bean 'org.springframework.security.config.annotation.web.configuration.WebSecurityConfiguration'
06:58:20.905 [main] DEBUG o.s.b.f.s.DefaultListableBeanFactory - Creating instance of bean 'org.springframework.security.config.annotation.web.configuration.WebSecurityConfiguration'
06:58:20.908 [main] DEBUG o.s.b.f.annotation.InjectionMetadata - Registered injected element on class [org.springframework.security.config.annotation.web.configuration.WebSecurityConfiguration$$EnhancerBySpringCGLIB$$29ebc26c]: AutowiredFieldElement for private org.springframework.security.config.annotation.ObjectPostProcessor org.springframework.security.config.annotation.web.configuration.WebSecurityConfiguration.objectObjectPostProcessor
06:58:20.908 [main] DEBUG o.s.b.f.annotation.InjectionMetadata - Registered injected element on class [org.springframework.security.config.annotation.web.configuration.WebSecurityConfiguration$$EnhancerBySpringCGLIB$$29ebc26c]: AutowiredMethodElement for public void org.springframework.security.config.annotation.web.configuration.WebSecurityConfiguration.setFilterChainProxySecurityConfigurer(org.springframework.security.config.annotation.ObjectPostProcessor,java.util.List) throws java.lang.Exception
06:58:20.908 [main] DEBUG o.s.b.f.s.DefaultListableBeanFactory - Eagerly caching bean 'org.springframework.security.config.annotation.web.configuration.WebSecurityConfiguration' to allow for resolving potential circular references
06:58:20.908 [main] DEBUG o.s.b.f.annotation.InjectionMetadata - Processing injected element of bean 'org.springframework.security.config.annotation.web.configuration.WebSecurityConfiguration': AutowiredFieldElement for private org.springframework.security.config.annotation.ObjectPostProcessor org.springframework.security.config.annotation.web.configuration.WebSecurityConfiguration.objectObjectPostProcessor
06:58:20.908 [main] DEBUG o.s.b.f.s.DefaultListableBeanFactory - Returning cached instance of singleton bean 'objectPostProcessor'
06:58:20.909 [main] DEBUG o.s.b.f.a.AutowiredAnnotationBeanPostProcessor - Autowiring by type from bean name 'org.springframework.security.config.annotation.web.configuration.WebSecurityConfiguration' to bean named 'objectPostProcessor'
06:58:20.909 [main] DEBUG o.s.b.f.annotation.InjectionMetadata - Processing injected element of bean 'org.springframework.security.config.annotation.web.configuration.WebSecurityConfiguration': AutowiredMethodElement for public void org.springframework.security.config.annotation.web.configuration.WebSecurityConfiguration.setFilterChainProxySecurityConfigurer(org.springframework.security.config.annotation.ObjectPostProcessor,java.util.List) throws java.lang.Exception
06:58:20.909 [main] DEBUG o.s.b.f.s.DefaultListableBeanFactory - Returning cached instance of singleton bean 'objectPostProcessor'
06:58:20.909 [main] DEBUG o.s.b.f.s.DefaultListableBeanFactory - Creating shared instance of singleton bean 'autowiredWebSecurityConfigurersIgnoreParents'
06:58:20.909 [main] DEBUG o.s.b.f.s.DefaultListableBeanFactory - Creating instance of bean 'autowiredWebSecurityConfigurersIgnoreParents'
06:58:20.909 [main] DEBUG o.s.b.f.s.DefaultListableBeanFactory - Returning cached instance of singleton bean 'metaDataSourceAdvisor'
06:58:20.910 [main] DEBUG o.s.b.f.s.DefaultListableBeanFactory - Returning eagerly cached instance of singleton bean 'org.springframework.security.config.annotation.web.configuration.WebSecurityConfiguration' that is not fully initialized yet - a consequence of a circular reference
06:58:20.911 [main] DEBUG o.s.b.f.s.DefaultListableBeanFactory - Autowiring by type from bean name 'autowiredWebSecurityConfigurersIgnoreParents' via factory method to bean named 'org.springframework.beans.factory.support.DefaultListableBeanFactory@33864c87'
06:58:20.911 [main] DEBUG o.s.b.f.s.DefaultListableBeanFactory - Eagerly caching bean 'autowiredWebSecurityConfigurersIgnoreParents' to allow for resolving potential circular references
06:58:20.911 [main] DEBUG o.s.b.f.s.DefaultListableBeanFactory - Returning cached instance of singleton bean 'metaDataSourceAdvisor'
06:58:20.911 [main] DEBUG o.s.b.f.s.DefaultListableBeanFactory - Finished creating instance of bean 'autowiredWebSecurityConfigurersIgnoreParents'
06:58:20.911 [main] DEBUG o.s.b.f.s.DefaultListableBeanFactory - Returning cached instance of singleton bean 'securityConfig'
06:58:20.912 [main] DEBUG o.s.b.f.a.AutowiredAnnotationBeanPostProcessor - Autowiring by type from bean name 'org.springframework.security.config.annotation.web.configuration.WebSecurityConfiguration' to bean named 'objectPostProcessor'
06:58:20.912 [main] DEBUG o.s.b.f.s.DefaultListableBeanFactory - Returning cached instance of singleton bean 'metaDataSourceAdvisor'
06:58:20.915 [main] DEBUG o.s.b.f.s.DefaultListableBeanFactory - Returning cached instance of singleton bean 'org.springframework.context.annotation.ConfigurationClassPostProcessor.importRegistry'
06:58:20.915 [main] DEBUG o.s.b.f.s.DefaultListableBeanFactory - Finished creating instance of bean 'org.springframework.security.config.annotation.web.configuration.WebSecurityConfiguration'
06:58:20.915 [main] DEBUG o.s.b.f.s.DefaultListableBeanFactory - Creating shared instance of singleton bean 'delegatingApplicationListener'
06:58:20.915 [main] DEBUG o.s.b.f.s.DefaultListableBeanFactory - Creating instance of bean 'delegatingApplicationListener'
06:58:20.915 [main] DEBUG o.s.b.f.s.DefaultListableBeanFactory - Eagerly caching bean 'delegatingApplicationListener' to allow for resolving potential circular references
06:58:20.916 [main] DEBUG o.s.b.f.s.DefaultListableBeanFactory - Returning cached instance of singleton bean 'metaDataSourceAdvisor'
06:58:20.916 [main] DEBUG o.s.b.f.s.DefaultListableBeanFactory - Finished creating instance of bean 'delegatingApplicationListener'
06:58:20.916 [main] DEBUG o.s.b.f.s.DefaultListableBeanFactory - Creating shared instance of singleton bean 'springSecurityFilterChain'
06:58:20.916 [main] DEBUG o.s.b.f.s.DefaultListableBeanFactory - Creating instance of bean 'springSecurityFilterChain'
06:58:20.916 [main] DEBUG o.s.b.f.s.DefaultListableBeanFactory - Returning cached instance of singleton bean 'org.springframework.security.config.annotation.web.configuration.WebSecurityConfiguration'
06:58:20.916 [main] DEBUG o.s.b.f.s.DefaultListableBeanFactory - Returning cached instance of singleton bean 'metaDataSourceAdvisor'
06:58:20.916 [main] DEBUG o.s.b.f.s.DefaultListableBeanFactory - Returning cached instance of singleton bean 'webMvcConfiguration'
06:58:20.917 [main] DEBUG o.s.b.f.s.DefaultListableBeanFactory - Returning cached instance of singleton bean 'securityConfig'
06:58:20.917 [main] DEBUG o.s.s.c.a.a.c.AuthenticationConfiguration$EnableGlobalAuthenticationAutowiredConfigurer - Eagerly initializing {webMvcConfiguration=edu.ncsu.csc.itrust2.mvc.config.WebMvcConfiguration$$EnhancerBySpringCGLIB$$f35e4a5b@68d3fd3c, securityConfig=edu.ncsu.csc.itrust2.config.SecurityConfig$$EnhancerBySpringCGLIB$$d7313e7@7530b4aa}
06:58:20.917 [main] DEBUG o.s.b.f.s.DefaultListableBeanFactory - Invoking afterPropertiesSet() on bean with name 'org.springframework.security.authentication.dao.DaoAuthenticationProvider@2f9700a7'
06:58:20.917 [main] DEBUG o.s.b.f.s.DefaultListableBeanFactory - Returning cached instance of singleton bean 'metaDataSourceAdvisor'
06:58:20.918 [main] DEBUG o.s.b.f.s.DefaultListableBeanFactory - Invoking afterPropertiesSet() on bean with name 'org.springframework.security.authentication.ProviderManager@659c940a'
06:58:20.918 [main] DEBUG o.s.b.f.s.DefaultListableBeanFactory - Returning cached instance of singleton bean 'metaDataSourceAdvisor'
06:58:20.920 [main] DEBUG o.s.b.f.s.DefaultListableBeanFactory - Returning cached instance of singleton bean 'authenticationManagerBuilder'
06:58:20.920 [main] DEBUG o.s.w.c.s.StandardServletEnvironment - Adding [servletConfigInitParams] PropertySource with lowest search precedence
06:58:20.920 [main] DEBUG o.s.w.c.s.StandardServletEnvironment - Adding [servletContextInitParams] PropertySource with lowest search precedence
06:58:20.920 [main] DEBUG o.s.w.c.s.StandardServletEnvironment - Adding [systemProperties] PropertySource with lowest search precedence
06:58:20.920 [main] DEBUG o.s.w.c.s.StandardServletEnvironment - Adding [systemEnvironment] PropertySource with lowest search precedence
06:58:20.920 [main] DEBUG o.s.w.c.s.StandardServletEnvironment - Initialized StandardServletEnvironment with PropertySources [servletConfigInitParams,servletContextInitParams,systemProperties,systemEnvironment]
06:58:20.920 [main] DEBUG o.s.w.c.s.StandardServletEnvironment - Adding [servletConfigInitParams] PropertySource with lowest search precedence
06:58:20.920 [main] DEBUG o.s.w.c.s.StandardServletEnvironment - Adding [servletContextInitParams] PropertySource with lowest search precedence
06:58:20.920 [main] DEBUG o.s.w.c.s.StandardServletEnvironment - Adding [systemProperties] PropertySource with lowest search precedence
06:58:20.920 [main] DEBUG o.s.w.c.s.StandardServletEnvironment - Adding [systemEnvironment] PropertySource with lowest search precedence
06:58:20.920 [main] DEBUG o.s.w.c.s.StandardServletEnvironment - Initialized StandardServletEnvironment with PropertySources [servletConfigInitParams,servletContextInitParams,systemProperties,systemEnvironment]
06:58:20.920 [main] DEBUG o.s.w.c.s.StandardServletEnvironment - Adding [servletConfigInitParams] PropertySource with lowest search precedence
06:58:20.920 [main] DEBUG o.s.w.c.s.StandardServletEnvironment - Adding [servletContextInitParams] PropertySource with lowest search precedence
06:58:20.920 [main] DEBUG o.s.w.c.s.StandardServletEnvironment - Adding [systemProperties] PropertySource with lowest search precedence
06:58:20.920 [main] DEBUG o.s.w.c.s.StandardServletEnvironment - Adding [systemEnvironment] PropertySource with lowest search precedence
06:58:20.921 [main] DEBUG o.s.w.c.s.StandardServletEnvironment - Initialized StandardServletEnvironment with PropertySources [servletConfigInitParams,servletContextInitParams,systemProperties,systemEnvironment]
06:58:20.922 [main] DEBUG o.s.b.f.s.DefaultListableBeanFactory - Creating shared instance of singleton bean 'ipBlockFilter'
06:58:20.922 [main] DEBUG o.s.b.f.s.DefaultListableBeanFactory - Creating instance of bean 'ipBlockFilter'
06:58:20.923 [main] DEBUG o.s.b.f.s.DefaultListableBeanFactory - Returning cached instance of singleton bean 'securityConfig'
06:58:20.923 [main] DEBUG o.s.w.c.s.StandardServletEnvironment - Adding [servletConfigInitParams] PropertySource with lowest search precedence
06:58:20.923 [main] DEBUG o.s.w.c.s.StandardServletEnvironment - Adding [servletContextInitParams] PropertySource with lowest search precedence
06:58:20.923 [main] DEBUG o.s.w.c.s.StandardServletEnvironment - Adding [systemProperties] PropertySource with lowest search precedence
06:58:20.923 [main] DEBUG o.s.w.c.s.StandardServletEnvironment - Adding [systemEnvironment] PropertySource with lowest search precedence
06:58:20.923 [main] DEBUG o.s.w.c.s.StandardServletEnvironment - Initialized StandardServletEnvironment with PropertySources [servletConfigInitParams,servletContextInitParams,systemProperties,systemEnvironment]
06:58:20.923 [main] DEBUG o.s.b.f.s.DefaultListableBeanFactory - Eagerly caching bean 'ipBlockFilter' to allow for resolving potential circular references
06:58:20.927 [main] DEBUG o.s.b.f.s.DefaultListableBeanFactory - Invoking afterPropertiesSet() on bean with name 'ipBlockFilter'
06:58:20.927 [main] DEBUG o.s.b.f.s.DefaultListableBeanFactory - Returning cached instance of singleton bean 'metaDataSourceAdvisor'
06:58:20.928 [main] DEBUG o.s.b.f.s.DefaultListableBeanFactory - Finished creating instance of bean 'ipBlockFilter'
06:58:20.928 [main] DEBUG o.s.w.c.s.StandardServletEnvironment - Adding [servletConfigInitParams] PropertySource with lowest search precedence
06:58:20.928 [main] DEBUG o.s.w.c.s.StandardServletEnvironment - Adding [servletContextInitParams] PropertySource with lowest search precedence
06:58:20.928 [main] DEBUG o.s.w.c.s.StandardServletEnvironment - Adding [systemProperties] PropertySource with lowest search precedence
06:58:20.928 [main] DEBUG o.s.w.c.s.StandardServletEnvironment - Adding [systemEnvironment] PropertySource with lowest search precedence
06:58:20.928 [main] DEBUG o.s.w.c.s.StandardServletEnvironment - Initialized StandardServletEnvironment with PropertySources [servletConfigInitParams,servletContextInitParams,systemProperties,systemEnvironment]
06:58:20.928 [main] DEBUG o.s.b.f.s.DefaultListableBeanFactory - Creating shared instance of singleton bean 'failureHandler'
06:58:20.928 [main] DEBUG o.s.b.f.s.DefaultListableBeanFactory - Creating instance of bean 'failureHandler'
06:58:20.929 [main] DEBUG o.s.b.f.s.DefaultListableBeanFactory - Returning cached instance of singleton bean 'securityConfig'
06:58:20.929 [main] DEBUG o.s.b.f.s.DefaultListableBeanFactory - Eagerly caching bean 'failureHandler' to allow for resolving potential circular references
06:58:20.930 [main] DEBUG o.s.b.f.s.DefaultListableBeanFactory - Returning cached instance of singleton bean 'metaDataSourceAdvisor'
06:58:20.930 [main] DEBUG o.s.b.f.s.DefaultListableBeanFactory - Finished creating instance of bean 'failureHandler'
06:58:20.930 [main] INFO  o.s.s.web.DefaultSecurityFilterChain - Creating filter chain: Ant [pattern='/api/v1/requestPasswordReset'], []
06:58:20.930 [main] INFO  o.s.s.web.DefaultSecurityFilterChain - Creating filter chain: Ant [pattern='/api/v1/resetPassword/*'], []
06:58:20.930 [main] INFO  o.s.s.web.DefaultSecurityFilterChain - Creating filter chain: Ant [pattern='/requestPasswordReset'], []
06:58:20.930 [main] INFO  o.s.s.web.DefaultSecurityFilterChain - Creating filter chain: Ant [pattern='/resetPassword'], []
06:58:20.930 [main] DEBUG o.s.b.f.s.DefaultListableBeanFactory - Returning cached instance of singleton bean 'metaDataSourceAdvisor'
06:58:20.932 [main] DEBUG o.s.b.f.s.DefaultListableBeanFactory - Returning cached instance of singleton bean 'metaDataSourceAdvisor'
06:58:20.933 [main] DEBUG o.s.w.c.s.StandardServletEnvironment - Adding [servletConfigInitParams] PropertySource with lowest search precedence
06:58:20.933 [main] DEBUG o.s.w.c.s.StandardServletEnvironment - Adding [servletContextInitParams] PropertySource with lowest search precedence
06:58:20.933 [main] DEBUG o.s.w.c.s.StandardServletEnvironment - Adding [systemProperties] PropertySource with lowest search precedence
06:58:20.933 [main] DEBUG o.s.w.c.s.StandardServletEnvironment - Adding [systemEnvironment] PropertySource with lowest search precedence
06:58:20.933 [main] DEBUG o.s.w.c.s.StandardServletEnvironment - Initialized StandardServletEnvironment with PropertySources [servletConfigInitParams,servletContextInitParams,systemProperties,systemEnvironment]
06:58:20.933 [main] DEBUG o.s.b.f.s.DefaultListableBeanFactory - Returning cached instance of singleton bean 'metaDataSourceAdvisor'
06:58:20.934 [main] DEBUG o.s.b.f.s.DefaultListableBeanFactory - Invoking afterPropertiesSet() on bean with name 'org.springframework.security.web.authentication.LoginUrlAuthenticationEntryPoint@7799d031'
06:58:20.934 [main] DEBUG o.s.b.f.s.DefaultListableBeanFactory - Returning cached instance of singleton bean 'metaDataSourceAdvisor'
06:58:20.935 [main] DEBUG o.s.b.f.s.DefaultListableBeanFactory - Invoking afterPropertiesSet() on bean with name 'org.springframework.security.authentication.ProviderManager@3a96d64f'
06:58:20.935 [main] DEBUG o.s.b.f.s.DefaultListableBeanFactory - Returning cached instance of singleton bean 'metaDataSourceAdvisor'
06:58:20.935 [main] DEBUG o.s.w.c.s.StandardServletEnvironment - Adding [servletConfigInitParams] PropertySource with lowest search precedence
06:58:20.935 [main] DEBUG o.s.w.c.s.StandardServletEnvironment - Adding [servletContextInitParams] PropertySource with lowest search precedence
06:58:20.936 [main] DEBUG o.s.w.c.s.StandardServletEnvironment - Adding [systemProperties] PropertySource with lowest search precedence
06:58:20.936 [main] DEBUG o.s.w.c.s.StandardServletEnvironment - Adding [systemEnvironment] PropertySource with lowest search precedence
06:58:20.936 [main] DEBUG o.s.w.c.s.StandardServletEnvironment - Initialized StandardServletEnvironment with PropertySources [servletConfigInitParams,servletContextInitParams,systemProperties,systemEnvironment]
06:58:20.936 [main] DEBUG o.s.b.f.s.DefaultListableBeanFactory - Invoking afterPropertiesSet() on bean with name 'org.springframework.security.web.csrf.CsrfFilter@40d76d42'
06:58:20.936 [main] DEBUG o.s.b.f.s.DefaultListableBeanFactory - Returning cached instance of singleton bean 'metaDataSourceAdvisor'
06:58:20.941 [main] DEBUG o.s.w.c.s.StandardServletEnvironment - Adding [servletConfigInitParams] PropertySource with lowest search precedence
06:58:20.942 [main] DEBUG o.s.w.c.s.StandardServletEnvironment - Adding [servletContextInitParams] PropertySource with lowest search precedence
06:58:20.942 [main] DEBUG o.s.w.c.s.StandardServletEnvironment - Adding [systemProperties] PropertySource with lowest search precedence
06:58:20.942 [main] DEBUG o.s.w.c.s.StandardServletEnvironment - Adding [systemEnvironment] PropertySource with lowest search precedence
06:58:20.942 [main] DEBUG o.s.w.c.s.StandardServletEnvironment - Initialized StandardServletEnvironment with PropertySources [servletConfigInitParams,servletContextInitParams,systemProperties,systemEnvironment]
06:58:20.942 [main] DEBUG o.s.b.f.s.DefaultListableBeanFactory - Invoking afterPropertiesSet() on bean with name 'org.springframework.security.web.access.ExceptionTranslationFilter@79f63531'
06:58:20.942 [main] DEBUG o.s.b.f.s.DefaultListableBeanFactory - Returning cached instance of singleton bean 'metaDataSourceAdvisor'
06:58:20.946 [main] DEBUG o.s.w.c.s.StandardServletEnvironment - Adding [servletConfigInitParams] PropertySource with lowest search precedence
06:58:20.947 [main] DEBUG o.s.w.c.s.StandardServletEnvironment - Adding [servletContextInitParams] PropertySource with lowest search precedence
06:58:20.947 [main] DEBUG o.s.w.c.s.StandardServletEnvironment - Adding [systemProperties] PropertySource with lowest search precedence
06:58:20.947 [main] DEBUG o.s.w.c.s.StandardServletEnvironment - Adding [systemEnvironment] PropertySource with lowest search precedence
06:58:20.947 [main] DEBUG o.s.w.c.s.StandardServletEnvironment - Initialized StandardServletEnvironment with PropertySources [servletConfigInitParams,servletContextInitParams,systemProperties,systemEnvironment]
06:58:20.947 [main] DEBUG o.s.b.f.s.DefaultListableBeanFactory - Invoking afterPropertiesSet() on bean with name 'org.springframework.security.web.header.HeaderWriterFilter@7fce382e'
06:58:20.947 [main] DEBUG o.s.b.f.s.DefaultListableBeanFactory - Returning cached instance of singleton bean 'metaDataSourceAdvisor'
06:58:20.952 [main] DEBUG o.s.w.c.s.StandardServletEnvironment - Adding [servletConfigInitParams] PropertySource with lowest search precedence
06:58:20.952 [main] DEBUG o.s.w.c.s.StandardServletEnvironment - Adding [servletContextInitParams] PropertySource with lowest search precedence
06:58:20.952 [main] DEBUG o.s.w.c.s.StandardServletEnvironment - Adding [systemProperties] PropertySource with lowest search precedence
06:58:20.952 [main] DEBUG o.s.w.c.s.StandardServletEnvironment - Adding [systemEnvironment] PropertySource with lowest search precedence
06:58:20.952 [main] DEBUG o.s.w.c.s.StandardServletEnvironment - Initialized StandardServletEnvironment with PropertySources [servletConfigInitParams,servletContextInitParams,systemProperties,systemEnvironment]
06:58:20.952 [main] DEBUG o.s.b.f.s.DefaultListableBeanFactory - Invoking afterPropertiesSet() on bean with name 'org.springframework.security.web.session.SessionManagementFilter@73e6ad36'
06:58:20.952 [main] DEBUG o.s.b.f.s.DefaultListableBeanFactory - Returning cached instance of singleton bean 'metaDataSourceAdvisor'
06:58:20.956 [main] DEBUG o.s.w.c.s.StandardServletEnvironment - Adding [servletConfigInitParams] PropertySource with lowest search precedence
06:58:20.956 [main] DEBUG o.s.w.c.s.StandardServletEnvironment - Adding [servletContextInitParams] PropertySource with lowest search precedence
06:58:20.956 [main] DEBUG o.s.w.c.s.StandardServletEnvironment - Adding [systemProperties] PropertySource with lowest search precedence
06:58:20.956 [main] DEBUG o.s.w.c.s.StandardServletEnvironment - Adding [systemEnvironment] PropertySource with lowest search precedence
06:58:20.956 [main] DEBUG o.s.w.c.s.StandardServletEnvironment - Initialized StandardServletEnvironment with PropertySources [servletConfigInitParams,servletContextInitParams,systemProperties,systemEnvironment]
06:58:20.957 [main] DEBUG o.s.b.f.s.DefaultListableBeanFactory - Invoking afterPropertiesSet() on bean with name 'org.springframework.security.web.context.SecurityContextPersistenceFilter@8207375'
06:58:20.957 [main] DEBUG o.s.b.f.s.DefaultListableBeanFactory - Returning cached instance of singleton bean 'metaDataSourceAdvisor'
06:58:20.961 [main] DEBUG o.s.w.c.s.StandardServletEnvironment - Adding [servletConfigInitParams] PropertySource with lowest search precedence
06:58:20.961 [main] DEBUG o.s.w.c.s.StandardServletEnvironment - Adding [servletContextInitParams] PropertySource with lowest search precedence
06:58:20.961 [main] DEBUG o.s.w.c.s.StandardServletEnvironment - Adding [systemProperties] PropertySource with lowest search precedence
06:58:20.961 [main] DEBUG o.s.w.c.s.StandardServletEnvironment - Adding [systemEnvironment] PropertySource with lowest search precedence
06:58:20.961 [main] DEBUG o.s.w.c.s.StandardServletEnvironment - Initialized StandardServletEnvironment with PropertySources [servletConfigInitParams,servletContextInitParams,systemProperties,systemEnvironment]
06:58:20.961 [main] DEBUG o.s.b.f.s.DefaultListableBeanFactory - Invoking afterPropertiesSet() on bean with name 'org.springframework.security.web.savedrequest.RequestCacheAwareFilter@403780fd'
06:58:20.961 [main] DEBUG o.s.b.f.s.DefaultListableBeanFactory - Returning cached instance of singleton bean 'metaDataSourceAdvisor'
06:58:20.966 [main] DEBUG o.s.b.f.s.DefaultListableBeanFactory - Invoking afterPropertiesSet() on bean with name 'org.springframework.security.web.servletapi.SecurityContextHolderAwareRequestFilter@4eb6df9d'
06:58:20.966 [main] DEBUG o.s.b.f.s.DefaultListableBeanFactory - Returning cached instance of singleton bean 'metaDataSourceAdvisor'
06:58:20.970 [main] DEBUG o.s.w.c.s.StandardServletEnvironment - Adding [servletConfigInitParams] PropertySource with lowest search precedence
06:58:20.970 [main] DEBUG o.s.w.c.s.StandardServletEnvironment - Adding [servletContextInitParams] PropertySource with lowest search precedence
06:58:20.970 [main] DEBUG o.s.w.c.s.StandardServletEnvironment - Adding [systemProperties] PropertySource with lowest search precedence
06:58:20.970 [main] DEBUG o.s.w.c.s.StandardServletEnvironment - Adding [systemEnvironment] PropertySource with lowest search precedence
06:58:20.970 [main] DEBUG o.s.w.c.s.StandardServletEnvironment - Initialized StandardServletEnvironment with PropertySources [servletConfigInitParams,servletContextInitParams,systemProperties,systemEnvironment]
06:58:20.971 [main] DEBUG o.s.b.f.s.DefaultListableBeanFactory - Invoking afterPropertiesSet() on bean with name 'org.springframework.security.web.authentication.logout.LogoutFilter@8ff4460'
06:58:20.971 [main] DEBUG o.s.b.f.s.DefaultListableBeanFactory - Returning cached instance of singleton bean 'metaDataSourceAdvisor'
06:58:20.976 [main] DEBUG o.s.s.w.a.e.ExpressionBasedFilterInvocationSecurityMetadataSource - Adding web access control expression 'anonymous', for Ant [pattern='/login*']
06:58:20.976 [main] DEBUG o.s.s.w.a.e.ExpressionBasedFilterInvocationSecurityMetadataSource - Adding web access control expression 'authenticated', for org.springframework.security.web.util.matcher.AnyRequestMatcher@1
06:58:20.976 [main] DEBUG o.s.b.f.s.DefaultListableBeanFactory - Invoking afterPropertiesSet() on bean with name 'org.springframework.security.access.vote.AffirmativeBased@7f836d3d'
06:58:20.976 [main] DEBUG o.s.b.f.s.DefaultListableBeanFactory - Returning cached instance of singleton bean 'metaDataSourceAdvisor'
06:58:20.978 [main] DEBUG o.s.s.w.a.i.FilterSecurityInterceptor - Validated configuration attributes
06:58:20.978 [main] DEBUG o.s.b.f.s.DefaultListableBeanFactory - Invoking afterPropertiesSet() on bean with name 'org.springframework.security.web.access.intercept.FilterSecurityInterceptor@f84557a'
06:58:20.978 [main] DEBUG o.s.s.w.a.i.FilterSecurityInterceptor - Validated configuration attributes
06:58:20.978 [main] DEBUG o.s.b.f.s.DefaultListableBeanFactory - Returning cached instance of singleton bean 'metaDataSourceAdvisor'
06:58:20.980 [main] DEBUG o.s.b.f.s.DefaultListableBeanFactory - Invoking afterPropertiesSet() on bean with name 'org.springframework.security.web.authentication.UsernamePasswordAuthenticationFilter@6b0a2b32'
06:58:20.980 [main] DEBUG o.s.b.f.s.DefaultListableBeanFactory - Returning cached instance of singleton bean 'metaDataSourceAdvisor'
06:58:20.987 [main] INFO  o.s.s.web.DefaultSecurityFilterChain - Creating filter chain: org.springframework.security.web.util.matcher.AnyRequestMatcher@1, [edu.ncsu.csc.itrust2.config.IPFilter@68e96adb, org.springframework.security.web.context.request.async.WebAsyncManagerIntegrationFilter@64cfdb13, org.springframework.security.web.context.SecurityContextPersistenceFilter@8207375, org.springframework.security.web.header.HeaderWriterFilter@7fce382e, org.springframework.security.web.csrf.CsrfFilter@40d76d42, org.springframework.security.web.authentication.logout.LogoutFilter@8ff4460, org.springframework.security.web.authentication.UsernamePasswordAuthenticationFilter@6b0a2b32, org.springframework.security.web.savedrequest.RequestCacheAwareFilter@403780fd, org.springframework.security.web.servletapi.SecurityContextHolderAwareRequestFilter@4eb6df9d, org.springframework.security.web.authentication.AnonymousAuthenticationFilter@6de45a90, org.springframework.security.web.session.SessionManagementFilter@73e6ad36, org.springframework.security.web.access.ExceptionTranslationFilter@79f63531, org.springframework.security.web.access.intercept.FilterSecurityInterceptor@f84557a]
06:58:20.988 [main] DEBUG o.s.w.c.s.StandardServletEnvironment - Adding [servletConfigInitParams] PropertySource with lowest search precedence
06:58:20.988 [main] DEBUG o.s.w.c.s.StandardServletEnvironment - Adding [servletContextInitParams] PropertySource with lowest search precedence
06:58:20.988 [main] DEBUG o.s.w.c.s.StandardServletEnvironment - Adding [systemProperties] PropertySource with lowest search precedence
06:58:20.988 [main] DEBUG o.s.w.c.s.StandardServletEnvironment - Adding [systemEnvironment] PropertySource with lowest search precedence
06:58:20.988 [main] DEBUG o.s.w.c.s.StandardServletEnvironment - Initialized StandardServletEnvironment with PropertySources [servletConfigInitParams,servletContextInitParams,systemProperties,systemEnvironment]
06:58:20.988 [main] DEBUG o.s.b.f.s.DefaultListableBeanFactory - Eagerly caching bean 'springSecurityFilterChain' to allow for resolving potential circular references
06:58:20.991 [main] DEBUG o.s.b.f.s.DefaultListableBeanFactory - Invoking afterPropertiesSet() on bean with name 'springSecurityFilterChain'
06:58:20.991 [main] DEBUG o.s.b.f.s.DefaultListableBeanFactory - Returning cached instance of singleton bean 'metaDataSourceAdvisor'
06:58:20.992 [main] DEBUG o.s.b.f.s.DefaultListableBeanFactory - Finished creating instance of bean 'springSecurityFilterChain'
06:58:20.992 [main] DEBUG o.s.b.f.s.DefaultListableBeanFactory - Creating shared instance of singleton bean 'webSecurityExpressionHandler'
06:58:20.992 [main] DEBUG o.s.b.f.s.DefaultListableBeanFactory - Creating instance of bean 'webSecurityExpressionHandler'
06:58:20.992 [main] DEBUG o.s.b.f.s.DefaultListableBeanFactory - Returning cached instance of singleton bean 'org.springframework.security.config.annotation.web.configuration.WebSecurityConfiguration'
06:58:20.992 [main] DEBUG o.s.b.f.s.DefaultListableBeanFactory - Eagerly caching bean 'webSecurityExpressionHandler' to allow for resolving potential circular references
06:58:20.992 [main] DEBUG o.s.b.f.s.DefaultListableBeanFactory - Finished creating instance of bean 'webSecurityExpressionHandler'
06:58:20.992 [main] DEBUG o.s.b.f.s.DefaultListableBeanFactory - Returning cached instance of singleton bean 'springSecurityFilterChain'
06:58:20.992 [main] DEBUG o.s.b.f.s.DefaultListableBeanFactory - Returning cached instance of singleton bean 'springSecurityFilterChain'
06:58:20.992 [main] DEBUG o.s.b.f.s.DefaultListableBeanFactory - Creating shared instance of singleton bean 'privilegeEvaluator'
06:58:20.992 [main] DEBUG o.s.b.f.s.DefaultListableBeanFactory - Creating instance of bean 'privilegeEvaluator'
06:58:20.992 [main] DEBUG o.s.b.f.s.DefaultListableBeanFactory - Returning cached instance of singleton bean 'org.springframework.security.config.annotation.web.configuration.WebSecurityConfiguration'
06:58:20.992 [main] DEBUG o.s.b.f.s.DefaultListableBeanFactory - Eagerly caching bean 'privilegeEvaluator' to allow for resolving potential circular references
06:58:20.993 [main] DEBUG o.s.b.f.s.DefaultListableBeanFactory - Returning cached instance of singleton bean 'metaDataSourceAdvisor'
06:58:20.993 [main] DEBUG o.s.b.f.s.DefaultListableBeanFactory - Finished creating instance of bean 'privilegeEvaluator'
06:58:20.993 [main] DEBUG o.s.b.f.s.DefaultListableBeanFactory - Returning cached instance of singleton bean 'autowiredWebSecurityConfigurersIgnoreParents'
06:58:20.993 [main] DEBUG o.s.b.f.s.DefaultListableBeanFactory - Returning cached instance of singleton bean 'org.springframework.security.config.annotation.web.configuration.WebMvcSecurityConfiguration'
06:58:20.993 [main] DEBUG o.s.b.f.s.DefaultListableBeanFactory - Creating shared instance of singleton bean 'requestDataValueProcessor'
06:58:20.993 [main] DEBUG o.s.b.f.s.DefaultListableBeanFactory - Creating instance of bean 'requestDataValueProcessor'
06:58:20.993 [main] DEBUG o.s.b.f.s.DefaultListableBeanFactory - Returning cached instance of singleton bean 'org.springframework.security.config.annotation.web.configuration.WebMvcSecurityConfiguration'
06:58:20.993 [main] DEBUG o.s.b.f.s.DefaultListableBeanFactory - Eagerly caching bean 'requestDataValueProcessor' to allow for resolving potential circular references
06:58:20.994 [main] DEBUG o.s.b.f.s.DefaultListableBeanFactory - Returning cached instance of singleton bean 'metaDataSourceAdvisor'
06:58:20.994 [main] DEBUG o.s.b.f.s.DefaultListableBeanFactory - Finished creating instance of bean 'requestDataValueProcessor'
06:58:20.994 [main] DEBUG o.s.b.f.s.DefaultListableBeanFactory - Returning cached instance of singleton bean 'passwordEncoder'
06:58:20.994 [main] DEBUG o.s.b.f.s.DefaultListableBeanFactory - Returning cached instance of singleton bean 'defaultAuthenticationEventPublisher'
06:58:20.994 [main] DEBUG o.s.b.f.s.DefaultListableBeanFactory - Returning cached instance of singleton bean 'failureHandler'
06:58:20.994 [main] DEBUG o.s.b.f.s.DefaultListableBeanFactory - Returning cached instance of singleton bean 'ipBlockFilter'
06:58:20.994 [main] DEBUG o.s.b.f.s.DefaultListableBeanFactory - Returning cached instance of singleton bean 'org.springframework.web.servlet.config.annotation.DelegatingWebMvcConfiguration'
06:58:20.994 [main] DEBUG o.s.b.f.s.DefaultListableBeanFactory - Returning cached instance of singleton bean 'mvcConversionService'
06:58:20.994 [main] DEBUG o.s.b.f.s.DefaultListableBeanFactory - Creating shared instance of singleton bean 'requestMappingHandlerMapping'
06:58:20.994 [main] DEBUG o.s.b.f.s.DefaultListableBeanFactory - Creating instance of bean 'requestMappingHandlerMapping'
06:58:20.994 [main] DEBUG o.s.b.f.s.DefaultListableBeanFactory - Returning cached instance of singleton bean 'org.springframework.web.servlet.config.annotation.DelegatingWebMvcConfiguration'
06:58:20.994 [main] DEBUG o.s.b.f.s.DefaultListableBeanFactory - Returning cached instance of singleton bean 'mvcConversionService'
06:58:20.994 [main] DEBUG o.s.b.f.s.DefaultListableBeanFactory - Creating shared instance of singleton bean 'mvcResourceUrlProvider'
06:58:20.994 [main] DEBUG o.s.b.f.s.DefaultListableBeanFactory - Creating instance of bean 'mvcResourceUrlProvider'
06:58:20.994 [main] DEBUG o.s.b.f.s.DefaultListableBeanFactory - Returning cached instance of singleton bean 'org.springframework.web.servlet.config.annotation.DelegatingWebMvcConfiguration'
06:58:20.995 [main] DEBUG o.s.b.f.s.DefaultListableBeanFactory - Eagerly caching bean 'mvcResourceUrlProvider' to allow for resolving potential circular references
06:58:20.995 [main] DEBUG o.s.b.f.s.DefaultListableBeanFactory - Returning cached instance of singleton bean 'metaDataSourceAdvisor'
06:58:20.995 [main] DEBUG o.s.b.f.s.DefaultListableBeanFactory - Finished creating instance of bean 'mvcResourceUrlProvider'
06:58:20.996 [main] DEBUG o.s.b.f.s.DefaultListableBeanFactory - Returning cached instance of singleton bean 'mvcContentNegotiationManager'
06:58:20.996 [main] DEBUG o.s.b.f.s.DefaultListableBeanFactory - Eagerly caching bean 'requestMappingHandlerMapping' to allow for resolving potential circular references
06:58:20.999 [main] DEBUG o.s.b.f.s.DefaultListableBeanFactory - Invoking afterPropertiesSet() on bean with name 'requestMappingHandlerMapping'
06:58:20.999 [main] DEBUG o.s.w.s.m.m.a.RequestMappingHandlerMapping - Looking for request mappings in application context: org.springframework.web.context.support.GenericWebApplicationContext@60e7e8a8: startup date [Thu Mar 22 06:58:20 UTC 2018]; root of context hierarchy
06:58:21.000 [main] DEBUG o.s.w.s.m.m.a.RequestMappingHandlerMapping - 1 request handler methods found on class edu.ncsu.csc.itrust2.controllers.DefaultController: {public org.springframework.web.servlet.view.RedirectView edu.ncsu.csc.itrust2.controllers.DefaultController.index(org.springframework.ui.Model)={[/]}}
06:58:21.000 [main] INFO  o.s.w.s.m.m.a.RequestMappingHandlerMapping - Mapped "{[/]}" onto public org.springframework.web.servlet.view.RedirectView edu.ncsu.csc.itrust2.controllers.DefaultController.index(org.springframework.ui.Model)
06:58:21.000 [main] DEBUG o.s.w.s.m.m.a.RequestMappingHandlerMapping - 1 request handler methods found on class edu.ncsu.csc.itrust2.controllers.admin.AdminController: {public java.lang.String edu.ncsu.csc.itrust2.controllers.admin.AdminController.index(org.springframework.ui.Model)={[/admin/index]}}
06:58:21.000 [main] INFO  o.s.w.s.m.m.a.RequestMappingHandlerMapping - Mapped "{[/admin/index]}" onto public java.lang.String edu.ncsu.csc.itrust2.controllers.admin.AdminController.index(org.springframework.ui.Model)
06:58:21.001 [main] DEBUG o.s.w.s.m.m.a.RequestMappingHandlerMapping - 5 request handler methods found on class edu.ncsu.csc.itrust2.controllers.admin.AdminUserController: {public java.lang.String edu.ncsu.csc.itrust2.controllers.admin.AdminUserController.deleteUser(org.springframework.ui.Model)={[/admin/deleteUser]}, public java.lang.String edu.ncsu.csc.itrust2.controllers.admin.AdminUserController.deleteUserSubmit(edu.ncsu.csc.itrust2.forms.admin.DeleteUserForm,org.springframework.validation.BindingResult,org.springframework.ui.Model)={[/admin/deleteUser],methods=[POST]}, public java.lang.String edu.ncsu.csc.itrust2.controllers.admin.AdminUserController.addUserSubmit(edu.ncsu.csc.itrust2.forms.admin.UserForm,org.springframework.validation.BindingResult,org.springframework.ui.Model)={[/admin/addUser],methods=[POST]}, public java.lang.String edu.ncsu.csc.itrust2.controllers.admin.AdminUserController.drugs(org.springframework.ui.Model)={[/admin/drugs]}, public java.lang.String edu.ncsu.csc.itrust2.controllers.admin.AdminUserController.addUser(org.springframework.ui.Model)={[/admin/addUser]}}
06:58:21.001 [main] INFO  o.s.w.s.m.m.a.RequestMappingHandlerMapping - Mapped "{[/admin/deleteUser]}" onto public java.lang.String edu.ncsu.csc.itrust2.controllers.admin.AdminUserController.deleteUser(org.springframework.ui.Model)
06:58:21.001 [main] INFO  o.s.w.s.m.m.a.RequestMappingHandlerMapping - Mapped "{[/admin/deleteUser],methods=[POST]}" onto public java.lang.String edu.ncsu.csc.itrust2.controllers.admin.AdminUserController.deleteUserSubmit(edu.ncsu.csc.itrust2.forms.admin.DeleteUserForm,org.springframework.validation.BindingResult,org.springframework.ui.Model)
06:58:21.001 [main] INFO  o.s.w.s.m.m.a.RequestMappingHandlerMapping - Mapped "{[/admin/addUser],methods=[POST]}" onto public java.lang.String edu.ncsu.csc.itrust2.controllers.admin.AdminUserController.addUserSubmit(edu.ncsu.csc.itrust2.forms.admin.UserForm,org.springframework.validation.BindingResult,org.springframework.ui.Model)
06:58:21.001 [main] INFO  o.s.w.s.m.m.a.RequestMappingHandlerMapping - Mapped "{[/admin/drugs]}" onto public java.lang.String edu.ncsu.csc.itrust2.controllers.admin.AdminUserController.drugs(org.springframework.ui.Model)
06:58:21.001 [main] INFO  o.s.w.s.m.m.a.RequestMappingHandlerMapping - Mapped "{[/admin/addUser]}" onto public java.lang.String edu.ncsu.csc.itrust2.controllers.admin.AdminUserController.addUser(org.springframework.ui.Model)
06:58:21.001 [main] DEBUG o.s.w.s.m.m.a.RequestMappingHandlerMapping - 4 request handler methods found on class edu.ncsu.csc.itrust2.controllers.admin.HospitalController: {public java.lang.String edu.ncsu.csc.itrust2.controllers.admin.HospitalController.addHospitalSubmit(edu.ncsu.csc.itrust2.forms.admin.HospitalForm,org.springframework.validation.BindingResult,org.springframework.ui.Model)={[/admin/addHospital],methods=[POST]}, public java.lang.String edu.ncsu.csc.itrust2.controllers.admin.HospitalController.deleteHospital(org.springframework.ui.Model)={[/admin/deleteHospital]}, public java.lang.String edu.ncsu.csc.itrust2.controllers.admin.HospitalController.deleteHospitalSubmit(edu.ncsu.csc.itrust2.forms.admin.DeleteHospitalForm,org.springframework.validation.BindingResult,org.springframework.ui.Model)={[/admin/deleteHospital],methods=[POST]}, public java.lang.String edu.ncsu.csc.itrust2.controllers.admin.HospitalController.addHospital(org.springframework.ui.Model)={[/admin/addHospital]}}
06:58:21.001 [main] INFO  o.s.w.s.m.m.a.RequestMappingHandlerMapping - Mapped "{[/admin/addHospital],methods=[POST]}" onto public java.lang.String edu.ncsu.csc.itrust2.controllers.admin.HospitalController.addHospitalSubmit(edu.ncsu.csc.itrust2.forms.admin.HospitalForm,org.springframework.validation.BindingResult,org.springframework.ui.Model)
06:58:21.001 [main] INFO  o.s.w.s.m.m.a.RequestMappingHandlerMapping - Mapped "{[/admin/deleteHospital]}" onto public java.lang.String edu.ncsu.csc.itrust2.controllers.admin.HospitalController.deleteHospital(org.springframework.ui.Model)
06:58:21.001 [main] INFO  o.s.w.s.m.m.a.RequestMappingHandlerMapping - Mapped "{[/admin/deleteHospital],methods=[POST]}" onto public java.lang.String edu.ncsu.csc.itrust2.controllers.admin.HospitalController.deleteHospitalSubmit(edu.ncsu.csc.itrust2.forms.admin.DeleteHospitalForm,org.springframework.validation.BindingResult,org.springframework.ui.Model)
06:58:21.001 [main] INFO  o.s.w.s.m.m.a.RequestMappingHandlerMapping - Mapped "{[/admin/addHospital]}" onto public java.lang.String edu.ncsu.csc.itrust2.controllers.admin.HospitalController.addHospital(org.springframework.ui.Model)
06:58:21.001 [main] DEBUG o.s.w.s.m.m.a.RequestMappingHandlerMapping - 1 request handler methods found on class edu.ncsu.csc.itrust2.controllers.admin.ICDCodesController: {public java.lang.String edu.ncsu.csc.itrust2.controllers.admin.ICDCodesController.addCode(org.springframework.ui.Model)={[/admin/manageICDCodes]}}
06:58:21.001 [main] INFO  o.s.w.s.m.m.a.RequestMappingHandlerMapping - Mapped "{[/admin/manageICDCodes]}" onto public java.lang.String edu.ncsu.csc.itrust2.controllers.admin.ICDCodesController.addCode(org.springframework.ui.Model)
06:58:21.002 [main] DEBUG o.s.w.s.m.m.a.RequestMappingHandlerMapping - 6 request handler methods found on class edu.ncsu.csc.itrust2.controllers.api.APIAppointmentRequestController: {public org.springframework.http.ResponseEntity edu.ncsu.csc.itrust2.controllers.api.APIAppointmentRequestController.deleteAppointmentRequest(java.lang.Long)={[/api/v1//appointmentrequests/{id}],methods=[DELETE]}, public org.springframework.http.ResponseEntity edu.ncsu.csc.itrust2.controllers.api.APIAppointmentRequestController.updateAppointmentRequest(java.lang.Long,edu.ncsu.csc.itrust2.forms.patient.AppointmentRequestForm)={[/api/v1//appointmentrequests/{id}],methods=[PUT]}, public org.springframework.http.ResponseEntity edu.ncsu.csc.itrust2.controllers.api.APIAppointmentRequestController.deleteAppointmentRequests()={[/api/v1//appointmentrequests],methods=[DELETE]}, public org.springframework.http.ResponseEntity edu.ncsu.csc.itrust2.controllers.api.APIAppointmentRequestController.getAppointmentRequest(java.lang.Long)={[/api/v1//appointmentrequests/{id}],methods=[GET]}, public org.springframework.http.ResponseEntity edu.ncsu.csc.itrust2.controllers.api.APIAppointmentRequestController.createAppointmentRequest(edu.ncsu.csc.itrust2.forms.patient.AppointmentRequestForm)={[/api/v1//appointmentrequests],methods=[POST]}, public java.util.List edu.ncsu.csc.itrust2.controllers.api.APIAppointmentRequestController.getAppointmentRequests()={[/api/v1//appointmentrequests],methods=[GET]}}
06:58:21.002 [main] INFO  o.s.w.s.m.m.a.RequestMappingHandlerMapping - Mapped "{[/api/v1//appointmentrequests/{id}],methods=[DELETE]}" onto public org.springframework.http.ResponseEntity edu.ncsu.csc.itrust2.controllers.api.APIAppointmentRequestController.deleteAppointmentRequest(java.lang.Long)
06:58:21.002 [main] INFO  o.s.w.s.m.m.a.RequestMappingHandlerMapping - Mapped "{[/api/v1//appointmentrequests/{id}],methods=[PUT]}" onto public org.springframework.http.ResponseEntity edu.ncsu.csc.itrust2.controllers.api.APIAppointmentRequestController.updateAppointmentRequest(java.lang.Long,edu.ncsu.csc.itrust2.forms.patient.AppointmentRequestForm)
06:58:21.002 [main] INFO  o.s.w.s.m.m.a.RequestMappingHandlerMapping - Mapped "{[/api/v1//appointmentrequests],methods=[DELETE]}" onto public org.springframework.http.ResponseEntity edu.ncsu.csc.itrust2.controllers.api.APIAppointmentRequestController.deleteAppointmentRequests()
06:58:21.002 [main] INFO  o.s.w.s.m.m.a.RequestMappingHandlerMapping - Mapped "{[/api/v1//appointmentrequests/{id}],methods=[GET]}" onto public org.springframework.http.ResponseEntity edu.ncsu.csc.itrust2.controllers.api.APIAppointmentRequestController.getAppointmentRequest(java.lang.Long)
06:58:21.002 [main] INFO  o.s.w.s.m.m.a.RequestMappingHandlerMapping - Mapped "{[/api/v1//appointmentrequests],methods=[POST]}" onto public org.springframework.http.ResponseEntity edu.ncsu.csc.itrust2.controllers.api.APIAppointmentRequestController.createAppointmentRequest(edu.ncsu.csc.itrust2.forms.patient.AppointmentRequestForm)
06:58:21.002 [main] INFO  o.s.w.s.m.m.a.RequestMappingHandlerMapping - Mapped "{[/api/v1//appointmentrequests],methods=[GET]}" onto public java.util.List<edu.ncsu.csc.itrust2.models.persistent.AppointmentRequest> edu.ncsu.csc.itrust2.controllers.api.APIAppointmentRequestController.getAppointmentRequests()
06:58:21.003 [main] DEBUG o.s.w.s.m.m.a.RequestMappingHandlerMapping - 3 request handler methods found on class edu.ncsu.csc.itrust2.controllers.api.APIDiagnosisController: {public org.springframework.http.ResponseEntity edu.ncsu.csc.itrust2.controllers.api.APIDiagnosisController.getDiagnosis(java.lang.Long)={[/api/v1//diagnosis/{id}],methods=[GET]}, public java.util.List edu.ncsu.csc.itrust2.controllers.api.APIDiagnosisController.getDiagnosis()={[/api/v1//diagnoses],methods=[GET]}, public java.util.List edu.ncsu.csc.itrust2.controllers.api.APIDiagnosisController.getDiagnosesForVisit(java.lang.Long)={[/api/v1//diagnosesforvisit/{id}],methods=[GET]}}
06:58:21.003 [main] INFO  o.s.w.s.m.m.a.RequestMappingHandlerMapping - Mapped "{[/api/v1//diagnosis/{id}],methods=[GET]}" onto public org.springframework.http.ResponseEntity edu.ncsu.csc.itrust2.controllers.api.APIDiagnosisController.getDiagnosis(java.lang.Long)
06:58:21.003 [main] INFO  o.s.w.s.m.m.a.RequestMappingHandlerMapping - Mapped "{[/api/v1//diagnoses],methods=[GET]}" onto public java.util.List<edu.ncsu.csc.itrust2.models.persistent.Diagnosis> edu.ncsu.csc.itrust2.controllers.api.APIDiagnosisController.getDiagnosis()
06:58:21.003 [main] INFO  o.s.w.s.m.m.a.RequestMappingHandlerMapping - Mapped "{[/api/v1//diagnosesforvisit/{id}],methods=[GET]}" onto public java.util.List<edu.ncsu.csc.itrust2.models.persistent.Diagnosis> edu.ncsu.csc.itrust2.controllers.api.APIDiagnosisController.getDiagnosesForVisit(java.lang.Long)
06:58:21.003 [main] DEBUG o.s.w.s.m.m.a.RequestMappingHandlerMapping - 4 request handler methods found on class edu.ncsu.csc.itrust2.controllers.api.APIDrugController: {public org.springframework.http.ResponseEntity edu.ncsu.csc.itrust2.controllers.api.APIDrugController.addDrug(edu.ncsu.csc.itrust2.forms.admin.DrugForm)={[/api/v1//drugs],methods=[POST]}, public org.springframework.http.ResponseEntity edu.ncsu.csc.itrust2.controllers.api.APIDrugController.editDrug(edu.ncsu.csc.itrust2.forms.admin.DrugForm)={[/api/v1//drugs],methods=[PUT]}, public org.springframework.http.ResponseEntity edu.ncsu.csc.itrust2.controllers.api.APIDrugController.deleteDrug(java.lang.String)={[/api/v1//drugs/{id}],methods=[DELETE]}, public java.util.List edu.ncsu.csc.itrust2.controllers.api.APIDrugController.getDrugs()={[/api/v1//drugs],methods=[GET]}}
06:58:21.003 [main] INFO  o.s.w.s.m.m.a.RequestMappingHandlerMapping - Mapped "{[/api/v1//drugs],methods=[POST]}" onto public org.springframework.http.ResponseEntity edu.ncsu.csc.itrust2.controllers.api.APIDrugController.addDrug(edu.ncsu.csc.itrust2.forms.admin.DrugForm)
06:58:21.003 [main] INFO  o.s.w.s.m.m.a.RequestMappingHandlerMapping - Mapped "{[/api/v1//drugs],methods=[PUT]}" onto public org.springframework.http.ResponseEntity edu.ncsu.csc.itrust2.controllers.api.APIDrugController.editDrug(edu.ncsu.csc.itrust2.forms.admin.DrugForm)
06:58:21.004 [main] INFO  o.s.w.s.m.m.a.RequestMappingHandlerMapping - Mapped "{[/api/v1//drugs/{id}],methods=[DELETE]}" onto public org.springframework.http.ResponseEntity edu.ncsu.csc.itrust2.controllers.api.APIDrugController.deleteDrug(java.lang.String)
06:58:21.004 [main] INFO  o.s.w.s.m.m.a.RequestMappingHandlerMapping - Mapped "{[/api/v1//drugs],methods=[GET]}" onto public java.util.List<edu.ncsu.csc.itrust2.models.persistent.Drug> edu.ncsu.csc.itrust2.controllers.api.APIDrugController.getDrugs()
06:58:21.004 [main] DEBUG o.s.w.s.m.m.a.RequestMappingHandlerMapping - 7 request handler methods found on class edu.ncsu.csc.itrust2.controllers.api.APIEnumController: {public java.util.List edu.ncsu.csc.itrust2.controllers.api.APIEnumController.getEthnicity()={[/api/v1//ethnicity],methods=[GET]}, public java.util.List edu.ncsu.csc.itrust2.controllers.api.APIEnumController.getBloodTypes()={[/api/v1//bloodtype],methods=[GET]}, public java.util.List edu.ncsu.csc.itrust2.controllers.api.APIEnumController.getGenders()={[/api/v1/new val],methods=[GET]}, public java.util.List edu.ncsu.csc.itrust2.controllers.api.APIEnumController.getAppointmentTypes()={[/api/v1/new val],methods=[GET]}, public java.util.List edu.ncsu.csc.itrust2.controllers.api.APIEnumController.getStates()={[/api/v1//state],methods=[GET]}, public java.util.List edu.ncsu.csc.itrust2.controllers.api.APIEnumController.getHouseSmokingStatuses()={[/api/v1/new val],methods=[GET]}, public java.util.List edu.ncsu.csc.itrust2.controllers.api.APIEnumController.getPatientSmokingStatuses()={[/api/v1/new val],methods=[GET]}}
06:58:21.004 [main] INFO  o.s.w.s.m.m.a.RequestMappingHandlerMapping - Mapped "{[/api/v1//ethnicity],methods=[GET]}" onto public java.util.List<java.util.Map<java.lang.String, java.lang.Object>> edu.ncsu.csc.itrust2.controllers.api.APIEnumController.getEthnicity()
06:58:21.004 [main] INFO  o.s.w.s.m.m.a.RequestMappingHandlerMapping - Mapped "{[/api/v1//bloodtype],methods=[GET]}" onto public java.util.List<java.util.Map<java.lang.String, java.lang.Object>> edu.ncsu.csc.itrust2.controllers.api.APIEnumController.getBloodTypes()
06:58:21.005 [main] INFO  o.s.w.s.m.m.a.RequestMappingHandlerMapping - Mapped "{[/api/v1/new val],methods=[GET]}" onto public java.util.List<java.util.Map<java.lang.String, java.lang.Object>> edu.ncsu.csc.itrust2.controllers.api.APIEnumController.getGenders()
06:58:21.005 [main] WARN  o.s.w.c.s.GenericWebApplicationContext - Exception encountered during context initialization - cancelling refresh attempt: org.springframework.beans.factory.BeanCreationException: Error creating bean with name 'requestMappingHandlerMapping' defined in org.springframework.web.servlet.config.annotation.DelegatingWebMvcConfiguration: Invocation of init method failed; nested exception is java.lang.IllegalStateException: Ambiguous mapping. Cannot map 'APIEnumController' method 
public java.util.List<edu.ncsu.csc.itrust2.models.enums.AppointmentType> edu.ncsu.csc.itrust2.controllers.api.APIEnumController.getAppointmentTypes()
to {[/api/v1/new val],methods=[GET]}: There is already 'APIEnumController' bean method
public java.util.List<java.util.Map<java.lang.String, java.lang.Object>> edu.ncsu.csc.itrust2.controllers.api.APIEnumController.getGenders() mapped.
06:58:21.005 [main] DEBUG o.s.b.f.s.DefaultListableBeanFactory - Destroying singletons in org.springframework.beans.factory.support.DefaultListableBeanFactory@33864c87: defining beans [org.springframework.context.annotation.internalConfigurationAnnotationProcessor,org.springframework.context.annotation.internalAutowiredAnnotationProcessor,org.springframework.context.annotation.internalRequiredAnnotationProcessor,org.springframework.context.annotation.internalCommonAnnotationProcessor,org.springframework.context.annotation.internalPersistenceAnnotationProcessor,org.springframework.context.event.internalEventListenerProcessor,org.springframework.context.event.internalEventListenerFactory,rootConfiguration,webMvcConfiguration,dataConfiguration,loginAuditingListener,securityConfig,defaultController,adminController,adminUserController,hospitalController,ICDCodesController,APIAppointmentRequestController,APIDiagnosisController,APIDrugController,APIEnumController,APIHospitalController,APIICDCodeController,APILogEntryController,APIOfficeVisitController,APIPasswordController,APIPatientController,APIPersonnelController,APIPrescriptionController,APIUserController,appointmentControllerHCP,HCPController,officeVisitController,appointmentController,diagnosesController,patientController,passwordController,userController,dataSource,org.springframework.security.config.annotation.configuration.ObjectPostProcessorConfiguration,objectPostProcessor,org.springframework.security.config.annotation.authentication.configuration.AuthenticationConfiguration,authenticationManagerBuilder,enableGlobalAuthenticationAutowiredConfigurer,initializeUserDetailsBeanManagerConfigurer,initializeAuthenticationProviderBeanManagerConfigurer,org.springframework.security.config.annotation.web.configuration.WebSecurityConfiguration,delegatingApplicationListener,webSecurityExpressionHandler,springSecurityFilterChain,privilegeEvaluator,autowiredWebSecurityConfigurersIgnoreParents,org.springframework.security.config.annotation.web.configuration.WebMvcSecurityConfiguration,requestDataValueProcessor,passwordEncoder,defaultAuthenticationEventPublisher,failureHandler,ipBlockFilter,org.springframework.web.servlet.config.annotation.DelegatingWebMvcConfiguration,mvcConversionService,requestMappingHandlerMapping,mvcPathMatcher,mvcUrlPathHelper,mvcContentNegotiationManager,viewControllerHandlerMapping,beanNameHandlerMapping,resourceHandlerMapping,mvcResourceUrlProvider,defaultServletHandlerMapping,requestMappingHandlerAdapter,mvcValidator,mvcUriComponentsContributor,httpRequestHandlerAdapter,simpleControllerHandlerAdapter,handlerExceptionResolver,mvcViewResolver,org.springframework.security.config.annotation.method.configuration.GlobalMethodSecurityConfiguration,methodSecurityInterceptor,methodSecurityMetadataSource,preInvocationAuthorizationAdvice,viewResolver,templateEngine,domainClassConverter,metaDataSourceAdvisor,org.springframework.aop.config.internalAutoProxyCreator]; root of factory hierarchy
06:58:21.005 [main] DEBUG o.s.b.f.s.DefaultListableBeanFactory - Retrieved dependent beans for bean 'springSecurityFilterChain': [webSecurityExpressionHandler, privilegeEvaluator]
06:58:21.005 [main] DEBUG o.s.b.f.s.DisposableBeanAdapter - Invoking destroy() on bean with name 'springSecurityFilterChain'
06:58:21.005 [main] DEBUG o.s.b.f.s.DisposableBeanAdapter - Invoking destroy() on bean with name 'ipBlockFilter'
06:58:21.005 [main] DEBUG o.s.b.f.s.DefaultListableBeanFactory - Retrieved dependent beans for bean 'objectPostProcessor': [org.springframework.security.config.annotation.method.configuration.GlobalMethodSecurityConfiguration, org.springframework.security.config.annotation.authentication.configuration.AuthenticationConfiguration, securityConfig, authenticationManagerBuilder, org.springframework.security.config.annotation.web.configuration.WebSecurityConfiguration]
06:58:21.005 [main] DEBUG o.s.b.f.s.DefaultListableBeanFactory - Retrieved dependent beans for bean 'org.springframework.security.config.annotation.authentication.configuration.AuthenticationConfiguration': [securityConfig]
06:58:21.005 [main] DEBUG o.s.b.f.s.DisposableBeanAdapter - Invoking destroy() on bean with name 'objectPostProcessor'
06:58:21.006 [main] ERROR o.s.test.context.TestContextManager - Caught exception while allowing TestExecutionListener [org.springframework.test.context.web.ServletTestExecutionListener@346c1872] to prepare test instance [edu.ncsu.csc.itrust2.apitest.APIPatientTest@5ae58bbf]
java.lang.IllegalStateException: Failed to load ApplicationContext
	at org.springframework.test.context.cache.DefaultCacheAwareContextLoaderDelegate.loadContext(DefaultCacheAwareContextLoaderDelegate.java:124) ~[spring-test-4.3.5.RELEASE.jar:4.3.5.RELEASE]
	at org.springframework.test.context.support.DefaultTestContext.getApplicationContext(DefaultTestContext.java:83) ~[spring-test-4.3.5.RELEASE.jar:4.3.5.RELEASE]
	at org.springframework.test.context.web.ServletTestExecutionListener.setUpRequestContextIfNecessary(ServletTestExecutionListener.java:189) ~[spring-test-4.3.5.RELEASE.jar:4.3.5.RELEASE]
	at org.springframework.test.context.web.ServletTestExecutionListener.prepareTestInstance(ServletTestExecutionListener.java:131) ~[spring-test-4.3.5.RELEASE.jar:4.3.5.RELEASE]
	at org.springframework.test.context.TestContextManager.prepareTestInstance(TestContextManager.java:230) ~[spring-test-4.3.5.RELEASE.jar:4.3.5.RELEASE]
	at org.springframework.test.context.junit4.SpringJUnit4ClassRunner.createTest(SpringJUnit4ClassRunner.java:228) [spring-test-4.3.5.RELEASE.jar:4.3.5.RELEASE]
	at org.springframework.test.context.junit4.SpringJUnit4ClassRunner$1.runReflectiveCall(SpringJUnit4ClassRunner.java:287) [spring-test-4.3.5.RELEASE.jar:4.3.5.RELEASE]
	at org.junit.internal.runners.model.ReflectiveCallable.run(ReflectiveCallable.java:12) [junit-4.12.jar:4.12]
	at org.springframework.test.context.junit4.SpringJUnit4ClassRunner.methodBlock(SpringJUnit4ClassRunner.java:289) [spring-test-4.3.5.RELEASE.jar:4.3.5.RELEASE]
	at org.springframework.test.context.junit4.SpringJUnit4ClassRunner.runChild(SpringJUnit4ClassRunner.java:247) [spring-test-4.3.5.RELEASE.jar:4.3.5.RELEASE]
	at org.springframework.test.context.junit4.SpringJUnit4ClassRunner.runChild(SpringJUnit4ClassRunner.java:94) [spring-test-4.3.5.RELEASE.jar:4.3.5.RELEASE]
	at org.junit.runners.ParentRunner$3.run(ParentRunner.java:290) [junit-4.12.jar:4.12]
	at org.junit.runners.ParentRunner$1.schedule(ParentRunner.java:71) [junit-4.12.jar:4.12]
	at org.junit.runners.ParentRunner.runChildren(ParentRunner.java:288) [junit-4.12.jar:4.12]
	at org.junit.runners.ParentRunner.access$000(ParentRunner.java:58) [junit-4.12.jar:4.12]
	at org.junit.runners.ParentRunner$2.evaluate(ParentRunner.java:268) [junit-4.12.jar:4.12]
	at org.springframework.test.context.junit4.statements.RunBeforeTestClassCallbacks.evaluate(RunBeforeTestClassCallbacks.java:61) [spring-test-4.3.5.RELEASE.jar:4.3.5.RELEASE]
	at org.springframework.test.context.junit4.statements.RunAfterTestClassCallbacks.evaluate(RunAfterTestClassCallbacks.java:70) [spring-test-4.3.5.RELEASE.jar:4.3.5.RELEASE]
	at org.junit.runners.ParentRunner.run(ParentRunner.java:363) [junit-4.12.jar:4.12]
	at org.springframework.test.context.junit4.SpringJUnit4ClassRunner.run(SpringJUnit4ClassRunner.java:191) [spring-test-4.3.5.RELEASE.jar:4.3.5.RELEASE]
	at org.apache.maven.surefire.junit4.JUnit4Provider.execute(JUnit4Provider.java:365) [surefire-junit4-2.20.jar:2.20]
	at org.apache.maven.surefire.junit4.JUnit4Provider.executeWithRerun(JUnit4Provider.java:272) [surefire-junit4-2.20.jar:2.20]
	at org.apache.maven.surefire.junit4.JUnit4Provider.executeTestSet(JUnit4Provider.java:236) [surefire-junit4-2.20.jar:2.20]
	at org.apache.maven.surefire.junit4.JUnit4Provider.invoke(JUnit4Provider.java:159) [surefire-junit4-2.20.jar:2.20]
	at org.apache.maven.surefire.booter.ForkedBooter.invokeProviderInSameClassLoader(ForkedBooter.java:386) [surefire-booter-2.20.jar:2.20]
	at org.apache.maven.surefire.booter.ForkedBooter.runSuitesInProcess(ForkedBooter.java:323) [surefire-booter-2.20.jar:2.20]
	at org.apache.maven.surefire.booter.ForkedBooter.main(ForkedBooter.java:143) [surefire-booter-2.20.jar:2.20]
Caused by: org.springframework.beans.factory.BeanCreationException: Error creating bean with name 'requestMappingHandlerMapping' defined in org.springframework.web.servlet.config.annotation.DelegatingWebMvcConfiguration: Invocation of init method failed; nested exception is java.lang.IllegalStateException: Ambiguous mapping. Cannot map 'APIEnumController' method 
public java.util.List<edu.ncsu.csc.itrust2.models.enums.AppointmentType> edu.ncsu.csc.itrust2.controllers.api.APIEnumController.getAppointmentTypes()
to {[/api/v1/new val],methods=[GET]}: There is already 'APIEnumController' bean method
public java.util.List<java.util.Map<java.lang.String, java.lang.Object>> edu.ncsu.csc.itrust2.controllers.api.APIEnumController.getGenders() mapped.
	at org.springframework.beans.factory.support.AbstractAutowireCapableBeanFactory.initializeBean(AbstractAutowireCapableBeanFactory.java:1589) ~[spring-beans-4.3.5.RELEASE.jar:4.3.5.RELEASE]
	at org.springframework.beans.factory.support.AbstractAutowireCapableBeanFactory.doCreateBean(AbstractAutowireCapableBeanFactory.java:554) ~[spring-beans-4.3.5.RELEASE.jar:4.3.5.RELEASE]
	at org.springframework.beans.factory.support.AbstractAutowireCapableBeanFactory.createBean(AbstractAutowireCapableBeanFactory.java:483) ~[spring-beans-4.3.5.RELEASE.jar:4.3.5.RELEASE]
	at org.springframework.beans.factory.support.AbstractBeanFactory$1.getObject(AbstractBeanFactory.java:306) ~[spring-beans-4.3.5.RELEASE.jar:4.3.5.RELEASE]
	at org.springframework.beans.factory.support.DefaultSingletonBeanRegistry.getSingleton(DefaultSingletonBeanRegistry.java:230) ~[spring-beans-4.3.5.RELEASE.jar:4.3.5.RELEASE]
	at org.springframework.beans.factory.support.AbstractBeanFactory.doGetBean(AbstractBeanFactory.java:302) ~[spring-beans-4.3.5.RELEASE.jar:4.3.5.RELEASE]
	at org.springframework.beans.factory.support.AbstractBeanFactory.getBean(AbstractBeanFactory.java:197) ~[spring-beans-4.3.5.RELEASE.jar:4.3.5.RELEASE]
	at org.springframework.beans.factory.support.DefaultListableBeanFactory.preInstantiateSingletons(DefaultListableBeanFactory.java:759) ~[spring-beans-4.3.5.RELEASE.jar:4.3.5.RELEASE]
	at org.springframework.context.support.AbstractApplicationContext.finishBeanFactoryInitialization(AbstractApplicationContext.java:866) ~[spring-context-4.3.5.RELEASE.jar:4.3.5.RELEASE]
	at org.springframework.context.support.AbstractApplicationContext.refresh(AbstractApplicationContext.java:542) ~[spring-context-4.3.5.RELEASE.jar:4.3.5.RELEASE]
	at org.springframework.test.context.web.AbstractGenericWebContextLoader.loadContext(AbstractGenericWebContextLoader.java:134) ~[spring-test-4.3.5.RELEASE.jar:4.3.5.RELEASE]
	at org.springframework.test.context.web.AbstractGenericWebContextLoader.loadContext(AbstractGenericWebContextLoader.java:61) ~[spring-test-4.3.5.RELEASE.jar:4.3.5.RELEASE]
	at org.springframework.test.context.support.AbstractDelegatingSmartContextLoader.delegateLoading(AbstractDelegatingSmartContextLoader.java:108) ~[spring-test-4.3.5.RELEASE.jar:4.3.5.RELEASE]
	at org.springframework.test.context.support.AbstractDelegatingSmartContextLoader.loadContext(AbstractDelegatingSmartContextLoader.java:251) ~[spring-test-4.3.5.RELEASE.jar:4.3.5.RELEASE]
	at org.springframework.test.context.cache.DefaultCacheAwareContextLoaderDelegate.loadContextInternal(DefaultCacheAwareContextLoaderDelegate.java:98) ~[spring-test-4.3.5.RELEASE.jar:4.3.5.RELEASE]
	at org.springframework.test.context.cache.DefaultCacheAwareContextLoaderDelegate.loadContext(DefaultCacheAwareContextLoaderDelegate.java:116) ~[spring-test-4.3.5.RELEASE.jar:4.3.5.RELEASE]
	... 26 common frames omitted
Caused by: java.lang.IllegalStateException: Ambiguous mapping. Cannot map 'APIEnumController' method 
public java.util.List<edu.ncsu.csc.itrust2.models.enums.AppointmentType> edu.ncsu.csc.itrust2.controllers.api.APIEnumController.getAppointmentTypes()
to {[/api/v1/new val],methods=[GET]}: There is already 'APIEnumController' bean method
public java.util.List<java.util.Map<java.lang.String, java.lang.Object>> edu.ncsu.csc.itrust2.controllers.api.APIEnumController.getGenders() mapped.
	at org.springframework.web.servlet.handler.AbstractHandlerMethodMapping$MappingRegistry.assertUniqueMethodMapping(AbstractHandlerMethodMapping.java:576) ~[spring-webmvc-4.3.5.RELEASE.jar:4.3.5.RELEASE]
	at org.springframework.web.servlet.handler.AbstractHandlerMethodMapping$MappingRegistry.register(AbstractHandlerMethodMapping.java:540) ~[spring-webmvc-4.3.5.RELEASE.jar:4.3.5.RELEASE]
	at org.springframework.web.servlet.handler.AbstractHandlerMethodMapping.registerHandlerMethod(AbstractHandlerMethodMapping.java:264) ~[spring-webmvc-4.3.5.RELEASE.jar:4.3.5.RELEASE]
	at org.springframework.web.servlet.handler.AbstractHandlerMethodMapping.detectHandlerMethods(AbstractHandlerMethodMapping.java:250) ~[spring-webmvc-4.3.5.RELEASE.jar:4.3.5.RELEASE]
	at org.springframework.web.servlet.handler.AbstractHandlerMethodMapping.initHandlerMethods(AbstractHandlerMethodMapping.java:214) ~[spring-webmvc-4.3.5.RELEASE.jar:4.3.5.RELEASE]
	at org.springframework.web.servlet.handler.AbstractHandlerMethodMapping.afterPropertiesSet(AbstractHandlerMethodMapping.java:184) ~[spring-webmvc-4.3.5.RELEASE.jar:4.3.5.RELEASE]
	at org.springframework.web.servlet.mvc.method.annotation.RequestMappingHandlerMapping.afterPropertiesSet(RequestMappingHandlerMapping.java:127) ~[spring-webmvc-4.3.5.RELEASE.jar:4.3.5.RELEASE]
	at org.springframework.beans.factory.support.AbstractAutowireCapableBeanFactory.invokeInitMethods(AbstractAutowireCapableBeanFactory.java:1648) ~[spring-beans-4.3.5.RELEASE.jar:4.3.5.RELEASE]
	at org.springframework.beans.factory.support.AbstractAutowireCapableBeanFactory.initializeBean(AbstractAutowireCapableBeanFactory.java:1585) ~[spring-beans-4.3.5.RELEASE.jar:4.3.5.RELEASE]
	... 41 common frames omitted
]]></system-out>
  </testcase>
  <testcase name="testPatientAsPatient" classname="edu.ncsu.csc.itrust2.apitest.APIPatientTest" time="0">
    <error message="Failed to load ApplicationContext" type="java.lang.IllegalStateException"><![CDATA[java.lang.IllegalStateException: Failed to load ApplicationContext
Caused by: org.springframework.beans.factory.BeanCreationException: 
Error creating bean with name 'requestMappingHandlerMapping' defined in org.springframework.web.servlet.config.annotation.DelegatingWebMvcConfiguration: Invocation of init method failed; nested exception is java.lang.IllegalStateException: Ambiguous mapping. Cannot map 'APIEnumController' method 
public java.util.List<edu.ncsu.csc.itrust2.models.enums.AppointmentType> edu.ncsu.csc.itrust2.controllers.api.APIEnumController.getAppointmentTypes()
to {[/api/v1/new val],methods=[GET]}: There is already 'APIEnumController' bean method
public java.util.List<java.util.Map<java.lang.String, java.lang.Object>> edu.ncsu.csc.itrust2.controllers.api.APIEnumController.getGenders() mapped.
Caused by: java.lang.IllegalStateException: 
Ambiguous mapping. Cannot map 'APIEnumController' method 
public java.util.List<edu.ncsu.csc.itrust2.models.enums.AppointmentType> edu.ncsu.csc.itrust2.controllers.api.APIEnumController.getAppointmentTypes()
to {[/api/v1/new val],methods=[GET]}: There is already 'APIEnumController' bean method
public java.util.List<java.util.Map<java.lang.String, java.lang.Object>> edu.ncsu.csc.itrust2.controllers.api.APIEnumController.getGenders() mapped.
]]></error>
    <system-out><![CDATA[06:58:21.006 [main] DEBUG o.s.t.annotation.ProfileValueUtils - Retrieved @ProfileValueSourceConfiguration [null] for test class [edu.ncsu.csc.itrust2.apitest.APIPatientTest]
06:58:21.006 [main] DEBUG o.s.t.annotation.ProfileValueUtils - Retrieved ProfileValueSource type [class org.springframework.test.annotation.SystemProfileValueSource] for class [edu.ncsu.csc.itrust2.apitest.APIPatientTest]
06:58:21.007 [main] DEBUG o.s.t.c.s.AbstractDelegatingSmartContextLoader - Delegating to AnnotationConfigWebContextLoader to load context from [WebMergedContextConfiguration@69b9ac46 testClass = APIPatientTest, locations = '{}', classes = '{class edu.ncsu.csc.itrust2.config.RootConfiguration, class edu.ncsu.csc.itrust2.mvc.config.WebMvcConfiguration}', contextInitializerClasses = '[]', activeProfiles = '{}', propertySourceLocations = '{}', propertySourceProperties = '{}', contextCustomizers = set[[empty]], resourceBasePath = 'src/main/webapp', contextLoader = 'org.springframework.test.context.web.WebDelegatingSmartContextLoader', parent = [null]].
06:58:21.007 [main] DEBUG o.s.t.c.w.AbstractGenericWebContextLoader - Loading WebApplicationContext for merged context configuration [WebMergedContextConfiguration@69b9ac46 testClass = APIPatientTest, locations = '{}', classes = '{class edu.ncsu.csc.itrust2.config.RootConfiguration, class edu.ncsu.csc.itrust2.mvc.config.WebMvcConfiguration}', contextInitializerClasses = '[]', activeProfiles = '{}', propertySourceLocations = '{}', propertySourceProperties = '{}', contextCustomizers = set[[empty]], resourceBasePath = 'src/main/webapp', contextLoader = 'org.springframework.test.context.web.WebDelegatingSmartContextLoader', parent = [null]].
06:58:21.007 [main] DEBUG o.s.w.c.s.StandardServletEnvironment - Adding [servletConfigInitParams] PropertySource with lowest search precedence
06:58:21.007 [main] DEBUG o.s.w.c.s.StandardServletEnvironment - Adding [servletContextInitParams] PropertySource with lowest search precedence
06:58:21.007 [main] DEBUG o.s.w.c.s.StandardServletEnvironment - Adding [systemProperties] PropertySource with lowest search precedence
06:58:21.007 [main] DEBUG o.s.w.c.s.StandardServletEnvironment - Adding [systemEnvironment] PropertySource with lowest search precedence
06:58:21.007 [main] DEBUG o.s.w.c.s.StandardServletEnvironment - Initialized StandardServletEnvironment with PropertySources [servletConfigInitParams,servletContextInitParams,systemProperties,systemEnvironment]
06:58:21.007 [main] DEBUG o.s.t.c.w.AnnotationConfigWebContextLoader - Registering annotated classes: {class edu.ncsu.csc.itrust2.config.RootConfiguration, class edu.ncsu.csc.itrust2.mvc.config.WebMvcConfiguration}
06:58:21.008 [main] INFO  o.s.w.c.s.GenericWebApplicationContext - Refreshing org.springframework.web.context.support.GenericWebApplicationContext@28a74e4a: startup date [Thu Mar 22 06:58:21 UTC 2018]; root of context hierarchy
06:58:21.008 [main] DEBUG o.s.w.c.s.StandardServletEnvironment - Replacing [servletContextInitParams] PropertySource with [servletContextInitParams]
06:58:21.008 [main] DEBUG o.s.w.c.s.GenericWebApplicationContext - Bean factory for org.springframework.web.context.support.GenericWebApplicationContext@28a74e4a: org.springframework.beans.factory.support.DefaultListableBeanFactory@6a18fe0b: defining beans [org.springframework.context.annotation.internalConfigurationAnnotationProcessor,org.springframework.context.annotation.internalAutowiredAnnotationProcessor,org.springframework.context.annotation.internalRequiredAnnotationProcessor,org.springframework.context.annotation.internalCommonAnnotationProcessor,org.springframework.context.annotation.internalPersistenceAnnotationProcessor,org.springframework.context.event.internalEventListenerProcessor,org.springframework.context.event.internalEventListenerFactory,rootConfiguration,webMvcConfiguration]; root of factory hierarchy
06:58:21.008 [main] DEBUG o.s.b.f.s.DefaultListableBeanFactory - Registering scope 'request' with implementation [org.springframework.web.context.request.RequestScope@52d804aa]
06:58:21.008 [main] DEBUG o.s.b.f.s.DefaultListableBeanFactory - Registering scope 'session' with implementation [org.springframework.web.context.request.SessionScope@401fd5a5]
06:58:21.008 [main] DEBUG o.s.b.f.s.DefaultListableBeanFactory - Registering scope 'globalSession' with implementation [org.springframework.web.context.request.SessionScope@6d5a830b]
06:58:21.008 [main] DEBUG o.s.b.f.s.DefaultListableBeanFactory - Registering scope 'application' with implementation [org.springframework.web.context.support.ServletContextScope@7f81bcbf]
06:58:21.008 [main] DEBUG o.s.b.f.s.DefaultListableBeanFactory - Creating shared instance of singleton bean 'org.springframework.context.annotation.internalConfigurationAnnotationProcessor'
06:58:21.008 [main] DEBUG o.s.b.f.s.DefaultListableBeanFactory - Creating instance of bean 'org.springframework.context.annotation.internalConfigurationAnnotationProcessor'
06:58:21.009 [main] DEBUG o.s.b.f.s.DefaultListableBeanFactory - Eagerly caching bean 'org.springframework.context.annotation.internalConfigurationAnnotationProcessor' to allow for resolving potential circular references
06:58:21.009 [main] DEBUG o.s.b.f.s.DefaultListableBeanFactory - Finished creating instance of bean 'org.springframework.context.annotation.internalConfigurationAnnotationProcessor'
06:58:21.009 [main] DEBUG o.s.core.env.StandardEnvironment - Adding [systemProperties] PropertySource with lowest search precedence
06:58:21.009 [main] DEBUG o.s.core.env.StandardEnvironment - Adding [systemEnvironment] PropertySource with lowest search precedence
06:58:21.009 [main] DEBUG o.s.core.env.StandardEnvironment - Initialized StandardEnvironment with PropertySources [systemProperties,systemEnvironment]
06:58:21.010 [main] DEBUG o.s.c.i.s.PathMatchingResourcePatternResolver - Resolved classpath location [edu/ncsu/csc/itrust2/config/] to resources [URL [file:/var/lib/jenkins/workspace/itrust-test/iTrust2/target/classes/edu/ncsu/csc/itrust2/config/]]
06:58:21.010 [main] DEBUG o.s.c.i.s.PathMatchingResourcePatternResolver - Looking for matching resources in directory tree [/var/lib/jenkins/workspace/itrust-test/iTrust2/target/classes/edu/ncsu/csc/itrust2/config]
06:58:21.010 [main] DEBUG o.s.c.i.s.PathMatchingResourcePatternResolver - Searching directory [/var/lib/jenkins/workspace/itrust-test/iTrust2/target/classes/edu/ncsu/csc/itrust2/config] for files matching pattern [/var/lib/jenkins/workspace/itrust-test/iTrust2/target/classes/edu/ncsu/csc/itrust2/config/**/*.class]
06:58:21.010 [main] DEBUG o.s.c.i.s.PathMatchingResourcePatternResolver - Resolved location pattern [classpath*:edu/ncsu/csc/itrust2/config/**/*.class] to resources [file [/var/lib/jenkins/workspace/itrust-test/iTrust2/target/classes/edu/ncsu/csc/itrust2/config/ContextListener.class], file [/var/lib/jenkins/workspace/itrust-test/iTrust2/target/classes/edu/ncsu/csc/itrust2/config/DataConfiguration.class], file [/var/lib/jenkins/workspace/itrust-test/iTrust2/target/classes/edu/ncsu/csc/itrust2/config/FailureHandler.class], file [/var/lib/jenkins/workspace/itrust-test/iTrust2/target/classes/edu/ncsu/csc/itrust2/config/IPFilter.class], file [/var/lib/jenkins/workspace/itrust-test/iTrust2/target/classes/edu/ncsu/csc/itrust2/config/ITrust2ApplicationInitializer.class], file [/var/lib/jenkins/workspace/itrust-test/iTrust2/target/classes/edu/ncsu/csc/itrust2/config/ITrust2WebApplicationInitializer.class], file [/var/lib/jenkins/workspace/itrust-test/iTrust2/target/classes/edu/ncsu/csc/itrust2/config/LoginAuditingListener.class], file [/var/lib/jenkins/workspace/itrust-test/iTrust2/target/classes/edu/ncsu/csc/itrust2/config/RootConfiguration.class], file [/var/lib/jenkins/workspace/itrust-test/iTrust2/target/classes/edu/ncsu/csc/itrust2/config/SecurityConfig.class]]
06:58:21.011 [main] DEBUG o.s.c.a.ClassPathBeanDefinitionScanner - Identified candidate component class: file [/var/lib/jenkins/workspace/itrust-test/iTrust2/target/classes/edu/ncsu/csc/itrust2/config/DataConfiguration.class]
06:58:21.011 [main] DEBUG o.s.c.a.ClassPathBeanDefinitionScanner - Identified candidate component class: file [/var/lib/jenkins/workspace/itrust-test/iTrust2/target/classes/edu/ncsu/csc/itrust2/config/LoginAuditingListener.class]
06:58:21.012 [main] DEBUG o.s.c.a.ClassPathBeanDefinitionScanner - Identified candidate component class: file [/var/lib/jenkins/workspace/itrust-test/iTrust2/target/classes/edu/ncsu/csc/itrust2/config/SecurityConfig.class]
06:58:21.022 [main] DEBUG o.s.core.env.StandardEnvironment - Adding [systemProperties] PropertySource with lowest search precedence
06:58:21.022 [main] DEBUG o.s.core.env.StandardEnvironment - Adding [systemEnvironment] PropertySource with lowest search precedence
06:58:21.022 [main] DEBUG o.s.core.env.StandardEnvironment - Initialized StandardEnvironment with PropertySources [systemProperties,systemEnvironment]
06:58:21.023 [main] DEBUG o.s.c.i.s.PathMatchingResourcePatternResolver - Resolved classpath location [edu/ncsu/csc/itrust2/controllers/] to resources [URL [file:/var/lib/jenkins/workspace/itrust-test/iTrust2/target/classes/edu/ncsu/csc/itrust2/controllers/]]
06:58:21.023 [main] DEBUG o.s.c.i.s.PathMatchingResourcePatternResolver - Looking for matching resources in directory tree [/var/lib/jenkins/workspace/itrust-test/iTrust2/target/classes/edu/ncsu/csc/itrust2/controllers]
06:58:21.023 [main] DEBUG o.s.c.i.s.PathMatchingResourcePatternResolver - Searching directory [/var/lib/jenkins/workspace/itrust-test/iTrust2/target/classes/edu/ncsu/csc/itrust2/controllers] for files matching pattern [/var/lib/jenkins/workspace/itrust-test/iTrust2/target/classes/edu/ncsu/csc/itrust2/controllers/**/*.class]
06:58:21.024 [main] DEBUG o.s.c.i.s.PathMatchingResourcePatternResolver - Searching directory [/var/lib/jenkins/workspace/itrust-test/iTrust2/target/classes/edu/ncsu/csc/itrust2/controllers/admin] for files matching pattern [/var/lib/jenkins/workspace/itrust-test/iTrust2/target/classes/edu/ncsu/csc/itrust2/controllers/**/*.class]
06:58:21.024 [main] DEBUG o.s.c.i.s.PathMatchingResourcePatternResolver - Searching directory [/var/lib/jenkins/workspace/itrust-test/iTrust2/target/classes/edu/ncsu/csc/itrust2/controllers/api] for files matching pattern [/var/lib/jenkins/workspace/itrust-test/iTrust2/target/classes/edu/ncsu/csc/itrust2/controllers/**/*.class]
06:58:21.025 [main] DEBUG o.s.c.i.s.PathMatchingResourcePatternResolver - Searching directory [/var/lib/jenkins/workspace/itrust-test/iTrust2/target/classes/edu/ncsu/csc/itrust2/controllers/api/comm] for files matching pattern [/var/lib/jenkins/workspace/itrust-test/iTrust2/target/classes/edu/ncsu/csc/itrust2/controllers/**/*.class]
06:58:21.025 [main] DEBUG o.s.c.i.s.PathMatchingResourcePatternResolver - Searching directory [/var/lib/jenkins/workspace/itrust-test/iTrust2/target/classes/edu/ncsu/csc/itrust2/controllers/hcp] for files matching pattern [/var/lib/jenkins/workspace/itrust-test/iTrust2/target/classes/edu/ncsu/csc/itrust2/controllers/**/*.class]
06:58:21.025 [main] DEBUG o.s.c.i.s.PathMatchingResourcePatternResolver - Searching directory [/var/lib/jenkins/workspace/itrust-test/iTrust2/target/classes/edu/ncsu/csc/itrust2/controllers/patient] for files matching pattern [/var/lib/jenkins/workspace/itrust-test/iTrust2/target/classes/edu/ncsu/csc/itrust2/controllers/**/*.class]
06:58:21.025 [main] DEBUG o.s.c.i.s.PathMatchingResourcePatternResolver - Searching directory [/var/lib/jenkins/workspace/itrust-test/iTrust2/target/classes/edu/ncsu/csc/itrust2/controllers/personnel] for files matching pattern [/var/lib/jenkins/workspace/itrust-test/iTrust2/target/classes/edu/ncsu/csc/itrust2/controllers/**/*.class]
06:58:21.026 [main] DEBUG o.s.c.i.s.PathMatchingResourcePatternResolver - Resolved location pattern [classpath*:edu/ncsu/csc/itrust2/controllers/**/*.class] to resources [file [/var/lib/jenkins/workspace/itrust-test/iTrust2/target/classes/edu/ncsu/csc/itrust2/controllers/DefaultController.class], file [/var/lib/jenkins/workspace/itrust-test/iTrust2/target/classes/edu/ncsu/csc/itrust2/controllers/admin/AdminController.class], file [/var/lib/jenkins/workspace/itrust-test/iTrust2/target/classes/edu/ncsu/csc/itrust2/controllers/admin/AdminUserController$1.class], file [/var/lib/jenkins/workspace/itrust-test/iTrust2/target/classes/edu/ncsu/csc/itrust2/controllers/admin/AdminUserController.class], file [/var/lib/jenkins/workspace/itrust-test/iTrust2/target/classes/edu/ncsu/csc/itrust2/controllers/admin/HospitalController.class], file [/var/lib/jenkins/workspace/itrust-test/iTrust2/target/classes/edu/ncsu/csc/itrust2/controllers/admin/ICDCodesController.class], file [/var/lib/jenkins/workspace/itrust-test/iTrust2/target/classes/edu/ncsu/csc/itrust2/controllers/api/APIAppointmentRequestController.class], file [/var/lib/jenkins/workspace/itrust-test/iTrust2/target/classes/edu/ncsu/csc/itrust2/controllers/api/APIController$JSONResponse.class], file [/var/lib/jenkins/workspace/itrust-test/iTrust2/target/classes/edu/ncsu/csc/itrust2/controllers/api/APIController.class], file [/var/lib/jenkins/workspace/itrust-test/iTrust2/target/classes/edu/ncsu/csc/itrust2/controllers/api/APIDiagnosisController.class], file [/var/lib/jenkins/workspace/itrust-test/iTrust2/target/classes/edu/ncsu/csc/itrust2/controllers/api/APIDrugController.class], file [/var/lib/jenkins/workspace/itrust-test/iTrust2/target/classes/edu/ncsu/csc/itrust2/controllers/api/APIEnumController.class], file [/var/lib/jenkins/workspace/itrust-test/iTrust2/target/classes/edu/ncsu/csc/itrust2/controllers/api/APIHospitalController.class], file [/var/lib/jenkins/workspace/itrust-test/iTrust2/target/classes/edu/ncsu/csc/itrust2/controllers/api/APIICDCodeController.class], file [/var/lib/jenkins/workspace/itrust-test/iTrust2/target/classes/edu/ncsu/csc/itrust2/controllers/api/APILogEntryController.class], file [/var/lib/jenkins/workspace/itrust-test/iTrust2/target/classes/edu/ncsu/csc/itrust2/controllers/api/APIOfficeVisitController.class], file [/var/lib/jenkins/workspace/itrust-test/iTrust2/target/classes/edu/ncsu/csc/itrust2/controllers/api/APIPasswordController.class], file [/var/lib/jenkins/workspace/itrust-test/iTrust2/target/classes/edu/ncsu/csc/itrust2/controllers/api/APIPatientController.class], file [/var/lib/jenkins/workspace/itrust-test/iTrust2/target/classes/edu/ncsu/csc/itrust2/controllers/api/APIPersonnelController.class], file [/var/lib/jenkins/workspace/itrust-test/iTrust2/target/classes/edu/ncsu/csc/itrust2/controllers/api/APIPrescriptionController.class], file [/var/lib/jenkins/workspace/itrust-test/iTrust2/target/classes/edu/ncsu/csc/itrust2/controllers/api/APIUserController.class], file [/var/lib/jenkins/workspace/itrust-test/iTrust2/target/classes/edu/ncsu/csc/itrust2/controllers/api/comm/LogEntryRequestBody.class], file [/var/lib/jenkins/workspace/itrust-test/iTrust2/target/classes/edu/ncsu/csc/itrust2/controllers/api/comm/LogEntryTableRow.class], file [/var/lib/jenkins/workspace/itrust-test/iTrust2/target/classes/edu/ncsu/csc/itrust2/controllers/hcp/AppointmentControllerHCP.class], file [/var/lib/jenkins/workspace/itrust-test/iTrust2/target/classes/edu/ncsu/csc/itrust2/controllers/hcp/HCPController.class], file [/var/lib/jenkins/workspace/itrust-test/iTrust2/target/classes/edu/ncsu/csc/itrust2/controllers/hcp/OfficeVisitController.class], file [/var/lib/jenkins/workspace/itrust-test/iTrust2/target/classes/edu/ncsu/csc/itrust2/controllers/patient/AppointmentController.class], file [/var/lib/jenkins/workspace/itrust-test/iTrust2/target/classes/edu/ncsu/csc/itrust2/controllers/patient/DiagnosesController.class], file [/var/lib/jenkins/workspace/itrust-test/iTrust2/target/classes/edu/ncsu/csc/itrust2/controllers/patient/PatientController.class], file [/var/lib/jenkins/workspace/itrust-test/iTrust2/target/classes/edu/ncsu/csc/itrust2/controllers/personnel/PasswordController.class], file [/var/lib/jenkins/workspace/itrust-test/iTrust2/target/classes/edu/ncsu/csc/itrust2/controllers/personnel/UserController.class]]
06:58:21.026 [main] DEBUG o.s.c.a.ClassPathBeanDefinitionScanner - Identified candidate component class: file [/var/lib/jenkins/workspace/itrust-test/iTrust2/target/classes/edu/ncsu/csc/itrust2/controllers/DefaultController.class]
06:58:21.026 [main] DEBUG o.s.c.a.ClassPathBeanDefinitionScanner - Identified candidate component class: file [/var/lib/jenkins/workspace/itrust-test/iTrust2/target/classes/edu/ncsu/csc/itrust2/controllers/admin/AdminController.class]
06:58:21.027 [main] DEBUG o.s.c.a.ClassPathBeanDefinitionScanner - Identified candidate component class: file [/var/lib/jenkins/workspace/itrust-test/iTrust2/target/classes/edu/ncsu/csc/itrust2/controllers/admin/AdminUserController.class]
06:58:21.027 [main] DEBUG o.s.c.a.ClassPathBeanDefinitionScanner - Identified candidate component class: file [/var/lib/jenkins/workspace/itrust-test/iTrust2/target/classes/edu/ncsu/csc/itrust2/controllers/admin/HospitalController.class]
06:58:21.027 [main] DEBUG o.s.c.a.ClassPathBeanDefinitionScanner - Identified candidate component class: file [/var/lib/jenkins/workspace/itrust-test/iTrust2/target/classes/edu/ncsu/csc/itrust2/controllers/admin/ICDCodesController.class]
06:58:21.028 [main] DEBUG o.s.c.a.ClassPathBeanDefinitionScanner - Identified candidate component class: file [/var/lib/jenkins/workspace/itrust-test/iTrust2/target/classes/edu/ncsu/csc/itrust2/controllers/api/APIAppointmentRequestController.class]
06:58:21.029 [main] DEBUG o.s.c.a.ClassPathBeanDefinitionScanner - Identified candidate component class: file [/var/lib/jenkins/workspace/itrust-test/iTrust2/target/classes/edu/ncsu/csc/itrust2/controllers/api/APIDiagnosisController.class]
06:58:21.029 [main] DEBUG o.s.c.a.ClassPathBeanDefinitionScanner - Identified candidate component class: file [/var/lib/jenkins/workspace/itrust-test/iTrust2/target/classes/edu/ncsu/csc/itrust2/controllers/api/APIDrugController.class]
06:58:21.030 [main] DEBUG o.s.c.a.ClassPathBeanDefinitionScanner - Identified candidate component class: file [/var/lib/jenkins/workspace/itrust-test/iTrust2/target/classes/edu/ncsu/csc/itrust2/controllers/api/APIEnumController.class]
06:58:21.030 [main] DEBUG o.s.c.a.ClassPathBeanDefinitionScanner - Identified candidate component class: file [/var/lib/jenkins/workspace/itrust-test/iTrust2/target/classes/edu/ncsu/csc/itrust2/controllers/api/APIHospitalController.class]
06:58:21.031 [main] DEBUG o.s.c.a.ClassPathBeanDefinitionScanner - Identified candidate component class: file [/var/lib/jenkins/workspace/itrust-test/iTrust2/target/classes/edu/ncsu/csc/itrust2/controllers/api/APIICDCodeController.class]
06:58:21.031 [main] DEBUG o.s.c.a.ClassPathBeanDefinitionScanner - Identified candidate component class: file [/var/lib/jenkins/workspace/itrust-test/iTrust2/target/classes/edu/ncsu/csc/itrust2/controllers/api/APILogEntryController.class]
06:58:21.032 [main] DEBUG o.s.c.a.ClassPathBeanDefinitionScanner - Identified candidate component class: file [/var/lib/jenkins/workspace/itrust-test/iTrust2/target/classes/edu/ncsu/csc/itrust2/controllers/api/APIOfficeVisitController.class]
06:58:21.033 [main] DEBUG o.s.c.a.ClassPathBeanDefinitionScanner - Identified candidate component class: file [/var/lib/jenkins/workspace/itrust-test/iTrust2/target/classes/edu/ncsu/csc/itrust2/controllers/api/APIPasswordController.class]
06:58:21.033 [main] DEBUG o.s.c.a.ClassPathBeanDefinitionScanner - Identified candidate component class: file [/var/lib/jenkins/workspace/itrust-test/iTrust2/target/classes/edu/ncsu/csc/itrust2/controllers/api/APIPatientController.class]
06:58:21.034 [main] DEBUG o.s.c.a.ClassPathBeanDefinitionScanner - Identified candidate component class: file [/var/lib/jenkins/workspace/itrust-test/iTrust2/target/classes/edu/ncsu/csc/itrust2/controllers/api/APIPersonnelController.class]
06:58:21.034 [main] DEBUG o.s.c.a.ClassPathBeanDefinitionScanner - Identified candidate component class: file [/var/lib/jenkins/workspace/itrust-test/iTrust2/target/classes/edu/ncsu/csc/itrust2/controllers/api/APIPrescriptionController.class]
06:58:21.035 [main] DEBUG o.s.c.a.ClassPathBeanDefinitionScanner - Identified candidate component class: file [/var/lib/jenkins/workspace/itrust-test/iTrust2/target/classes/edu/ncsu/csc/itrust2/controllers/api/APIUserController.class]
06:58:21.036 [main] DEBUG o.s.c.a.ClassPathBeanDefinitionScanner - Identified candidate component class: file [/var/lib/jenkins/workspace/itrust-test/iTrust2/target/classes/edu/ncsu/csc/itrust2/controllers/hcp/AppointmentControllerHCP.class]
06:58:21.036 [main] DEBUG o.s.c.a.ClassPathBeanDefinitionScanner - Identified candidate component class: file [/var/lib/jenkins/workspace/itrust-test/iTrust2/target/classes/edu/ncsu/csc/itrust2/controllers/hcp/HCPController.class]
06:58:21.036 [main] DEBUG o.s.c.a.ClassPathBeanDefinitionScanner - Identified candidate component class: file [/var/lib/jenkins/workspace/itrust-test/iTrust2/target/classes/edu/ncsu/csc/itrust2/controllers/hcp/OfficeVisitController.class]
06:58:21.037 [main] DEBUG o.s.c.a.ClassPathBeanDefinitionScanner - Identified candidate component class: file [/var/lib/jenkins/workspace/itrust-test/iTrust2/target/classes/edu/ncsu/csc/itrust2/controllers/patient/AppointmentController.class]
06:58:21.037 [main] DEBUG o.s.c.a.ClassPathBeanDefinitionScanner - Identified candidate component class: file [/var/lib/jenkins/workspace/itrust-test/iTrust2/target/classes/edu/ncsu/csc/itrust2/controllers/patient/DiagnosesController.class]
06:58:21.037 [main] DEBUG o.s.c.a.ClassPathBeanDefinitionScanner - Identified candidate component class: file [/var/lib/jenkins/workspace/itrust-test/iTrust2/target/classes/edu/ncsu/csc/itrust2/controllers/patient/PatientController.class]
06:58:21.038 [main] DEBUG o.s.c.a.ClassPathBeanDefinitionScanner - Identified candidate component class: file [/var/lib/jenkins/workspace/itrust-test/iTrust2/target/classes/edu/ncsu/csc/itrust2/controllers/personnel/PasswordController.class]
06:58:21.038 [main] DEBUG o.s.c.a.ClassPathBeanDefinitionScanner - Identified candidate component class: file [/var/lib/jenkins/workspace/itrust-test/iTrust2/target/classes/edu/ncsu/csc/itrust2/controllers/personnel/UserController.class]
06:58:21.039 [main] DEBUG o.s.c.i.s.PathMatchingResourcePatternResolver - Resolved classpath location [edu/ncsu/csc/itrust2/config/] to resources [URL [file:/var/lib/jenkins/workspace/itrust-test/iTrust2/target/classes/edu/ncsu/csc/itrust2/config/]]
06:58:21.039 [main] DEBUG o.s.c.i.s.PathMatchingResourcePatternResolver - Looking for matching resources in directory tree [/var/lib/jenkins/workspace/itrust-test/iTrust2/target/classes/edu/ncsu/csc/itrust2/config]
06:58:21.039 [main] DEBUG o.s.c.i.s.PathMatchingResourcePatternResolver - Searching directory [/var/lib/jenkins/workspace/itrust-test/iTrust2/target/classes/edu/ncsu/csc/itrust2/config] for files matching pattern [/var/lib/jenkins/workspace/itrust-test/iTrust2/target/classes/edu/ncsu/csc/itrust2/config/**/*.class]
06:58:21.039 [main] DEBUG o.s.c.i.s.PathMatchingResourcePatternResolver - Resolved location pattern [classpath*:edu/ncsu/csc/itrust2/config/**/*.class] to resources [file [/var/lib/jenkins/workspace/itrust-test/iTrust2/target/classes/edu/ncsu/csc/itrust2/config/ContextListener.class], file [/var/lib/jenkins/workspace/itrust-test/iTrust2/target/classes/edu/ncsu/csc/itrust2/config/DataConfiguration.class], file [/var/lib/jenkins/workspace/itrust-test/iTrust2/target/classes/edu/ncsu/csc/itrust2/config/FailureHandler.class], file [/var/lib/jenkins/workspace/itrust-test/iTrust2/target/classes/edu/ncsu/csc/itrust2/config/IPFilter.class], file [/var/lib/jenkins/workspace/itrust-test/iTrust2/target/classes/edu/ncsu/csc/itrust2/config/ITrust2ApplicationInitializer.class], file [/var/lib/jenkins/workspace/itrust-test/iTrust2/target/classes/edu/ncsu/csc/itrust2/config/ITrust2WebApplicationInitializer.class], file [/var/lib/jenkins/workspace/itrust-test/iTrust2/target/classes/edu/ncsu/csc/itrust2/config/LoginAuditingListener.class], file [/var/lib/jenkins/workspace/itrust-test/iTrust2/target/classes/edu/ncsu/csc/itrust2/config/RootConfiguration.class], file [/var/lib/jenkins/workspace/itrust-test/iTrust2/target/classes/edu/ncsu/csc/itrust2/config/SecurityConfig.class]]
06:58:21.040 [main] DEBUG o.s.c.a.ClassPathBeanDefinitionScanner - Identified candidate component class: file [/var/lib/jenkins/workspace/itrust-test/iTrust2/target/classes/edu/ncsu/csc/itrust2/config/DataConfiguration.class]
06:58:21.041 [main] DEBUG o.s.c.a.ClassPathBeanDefinitionScanner - Identified candidate component class: file [/var/lib/jenkins/workspace/itrust-test/iTrust2/target/classes/edu/ncsu/csc/itrust2/config/LoginAuditingListener.class]
06:58:21.041 [main] DEBUG o.s.c.a.ClassPathBeanDefinitionScanner - Identified candidate component class: file [/var/lib/jenkins/workspace/itrust-test/iTrust2/target/classes/edu/ncsu/csc/itrust2/config/RootConfiguration.class]
06:58:21.041 [main] DEBUG o.s.c.a.ClassPathBeanDefinitionScanner - Identified candidate component class: file [/var/lib/jenkins/workspace/itrust-test/iTrust2/target/classes/edu/ncsu/csc/itrust2/config/SecurityConfig.class]
06:58:21.059 [main] DEBUG o.s.c.a.ConfigurationClassBeanDefinitionReader - Registering bean definition for @Bean method edu.ncsu.csc.itrust2.config.DataConfiguration.dataSource()
06:58:21.059 [main] DEBUG o.s.c.a.ConfigurationClassBeanDefinitionReader - Registered bean definition for imported class 'org.springframework.security.config.annotation.configuration.ObjectPostProcessorConfiguration'
06:58:21.059 [main] DEBUG o.s.c.a.ConfigurationClassBeanDefinitionReader - Registering bean definition for @Bean method org.springframework.security.config.annotation.configuration.ObjectPostProcessorConfiguration.objectPostProcessor()
06:58:21.059 [main] DEBUG o.s.c.a.ConfigurationClassBeanDefinitionReader - Registered bean definition for imported class 'org.springframework.security.config.annotation.authentication.configuration.AuthenticationConfiguration'
06:58:21.059 [main] DEBUG o.s.c.a.ConfigurationClassBeanDefinitionReader - Registering bean definition for @Bean method org.springframework.security.config.annotation.authentication.configuration.AuthenticationConfiguration.authenticationManagerBuilder()
06:58:21.059 [main] DEBUG o.s.c.a.ConfigurationClassBeanDefinitionReader - Registering bean definition for @Bean method org.springframework.security.config.annotation.authentication.configuration.AuthenticationConfiguration.enableGlobalAuthenticationAutowiredConfigurer()
06:58:21.059 [main] DEBUG o.s.c.a.ConfigurationClassBeanDefinitionReader - Registering bean definition for @Bean method org.springframework.security.config.annotation.authentication.configuration.AuthenticationConfiguration.initializeUserDetailsBeanManagerConfigurer()
06:58:21.059 [main] DEBUG o.s.c.a.ConfigurationClassBeanDefinitionReader - Registering bean definition for @Bean method org.springframework.security.config.annotation.authentication.configuration.AuthenticationConfiguration.initializeAuthenticationProviderBeanManagerConfigurer()
06:58:21.059 [main] DEBUG o.s.c.a.ConfigurationClassBeanDefinitionReader - Registered bean definition for imported class 'org.springframework.security.config.annotation.web.configuration.WebSecurityConfiguration'
06:58:21.059 [main] DEBUG o.s.c.a.ConfigurationClassBeanDefinitionReader - Registering bean definition for @Bean method org.springframework.security.config.annotation.web.configuration.WebSecurityConfiguration.delegatingApplicationListener()
06:58:21.059 [main] DEBUG o.s.c.a.ConfigurationClassBeanDefinitionReader - Registering bean definition for @Bean method org.springframework.security.config.annotation.web.configuration.WebSecurityConfiguration.webSecurityExpressionHandler()
06:58:21.059 [main] DEBUG o.s.c.a.ConfigurationClassBeanDefinitionReader - Registering bean definition for @Bean method org.springframework.security.config.annotation.web.configuration.WebSecurityConfiguration.springSecurityFilterChain()
06:58:21.059 [main] DEBUG o.s.c.a.ConfigurationClassBeanDefinitionReader - Registering bean definition for @Bean method org.springframework.security.config.annotation.web.configuration.WebSecurityConfiguration.privilegeEvaluator()
06:58:21.059 [main] DEBUG o.s.c.a.ConfigurationClassBeanDefinitionReader - Registering bean definition for @Bean method org.springframework.security.config.annotation.web.configuration.WebSecurityConfiguration.autowiredWebSecurityConfigurersIgnoreParents()
06:58:21.059 [main] DEBUG o.s.c.a.ConfigurationClassBeanDefinitionReader - Registered bean definition for imported class 'org.springframework.security.config.annotation.web.configuration.WebMvcSecurityConfiguration'
06:58:21.059 [main] DEBUG o.s.c.a.ConfigurationClassBeanDefinitionReader - Registering bean definition for @Bean method org.springframework.security.config.annotation.web.configuration.WebMvcSecurityConfiguration.requestDataValueProcessor()
06:58:21.059 [main] DEBUG o.s.c.a.ConfigurationClassBeanDefinitionReader - Registering bean definition for @Bean method edu.ncsu.csc.itrust2.config.SecurityConfig.passwordEncoder()
06:58:21.059 [main] DEBUG o.s.c.a.ConfigurationClassBeanDefinitionReader - Registering bean definition for @Bean method edu.ncsu.csc.itrust2.config.SecurityConfig.defaultAuthenticationEventPublisher()
06:58:21.060 [main] DEBUG o.s.c.a.ConfigurationClassBeanDefinitionReader - Registering bean definition for @Bean method edu.ncsu.csc.itrust2.config.SecurityConfig.failureHandler()
06:58:21.060 [main] DEBUG o.s.c.a.ConfigurationClassBeanDefinitionReader - Registering bean definition for @Bean method edu.ncsu.csc.itrust2.config.SecurityConfig.ipBlockFilter()
06:58:21.060 [main] DEBUG o.s.c.a.ConfigurationClassBeanDefinitionReader - Registered bean definition for imported class 'org.springframework.web.servlet.config.annotation.DelegatingWebMvcConfiguration'
06:58:21.060 [main] DEBUG o.s.c.a.ConfigurationClassBeanDefinitionReader - Registering bean definition for @Bean method org.springframework.web.servlet.config.annotation.DelegatingWebMvcConfiguration.mvcConversionService()
06:58:21.060 [main] DEBUG o.s.c.a.ConfigurationClassBeanDefinitionReader - Registering bean definition for @Bean method org.springframework.web.servlet.config.annotation.DelegatingWebMvcConfiguration.requestMappingHandlerMapping()
06:58:21.060 [main] DEBUG o.s.c.a.ConfigurationClassBeanDefinitionReader - Registering bean definition for @Bean method org.springframework.web.servlet.config.annotation.DelegatingWebMvcConfiguration.mvcPathMatcher()
06:58:21.060 [main] DEBUG o.s.c.a.ConfigurationClassBeanDefinitionReader - Registering bean definition for @Bean method org.springframework.web.servlet.config.annotation.DelegatingWebMvcConfiguration.mvcUrlPathHelper()
06:58:21.060 [main] DEBUG o.s.c.a.ConfigurationClassBeanDefinitionReader - Registering bean definition for @Bean method org.springframework.web.servlet.config.annotation.DelegatingWebMvcConfiguration.mvcContentNegotiationManager()
06:58:21.060 [main] DEBUG o.s.c.a.ConfigurationClassBeanDefinitionReader - Registering bean definition for @Bean method org.springframework.web.servlet.config.annotation.DelegatingWebMvcConfiguration.viewControllerHandlerMapping()
06:58:21.060 [main] DEBUG o.s.c.a.ConfigurationClassBeanDefinitionReader - Registering bean definition for @Bean method org.springframework.web.servlet.config.annotation.DelegatingWebMvcConfiguration.beanNameHandlerMapping()
06:58:21.060 [main] DEBUG o.s.c.a.ConfigurationClassBeanDefinitionReader - Registering bean definition for @Bean method org.springframework.web.servlet.config.annotation.DelegatingWebMvcConfiguration.resourceHandlerMapping()
06:58:21.060 [main] DEBUG o.s.c.a.ConfigurationClassBeanDefinitionReader - Registering bean definition for @Bean method org.springframework.web.servlet.config.annotation.DelegatingWebMvcConfiguration.mvcResourceUrlProvider()
06:58:21.060 [main] DEBUG o.s.c.a.ConfigurationClassBeanDefinitionReader - Registering bean definition for @Bean method org.springframework.web.servlet.config.annotation.DelegatingWebMvcConfiguration.defaultServletHandlerMapping()
06:58:21.060 [main] DEBUG o.s.c.a.ConfigurationClassBeanDefinitionReader - Registering bean definition for @Bean method org.springframework.web.servlet.config.annotation.DelegatingWebMvcConfiguration.requestMappingHandlerAdapter()
06:58:21.060 [main] DEBUG o.s.c.a.ConfigurationClassBeanDefinitionReader - Registering bean definition for @Bean method org.springframework.web.servlet.config.annotation.DelegatingWebMvcConfiguration.mvcValidator()
06:58:21.061 [main] DEBUG o.s.c.a.ConfigurationClassBeanDefinitionReader - Registering bean definition for @Bean method org.springframework.web.servlet.config.annotation.DelegatingWebMvcConfiguration.mvcUriComponentsContributor()
06:58:21.061 [main] DEBUG o.s.c.a.ConfigurationClassBeanDefinitionReader - Registering bean definition for @Bean method org.springframework.web.servlet.config.annotation.DelegatingWebMvcConfiguration.httpRequestHandlerAdapter()
06:58:21.061 [main] DEBUG o.s.c.a.ConfigurationClassBeanDefinitionReader - Registering bean definition for @Bean method org.springframework.web.servlet.config.annotation.DelegatingWebMvcConfiguration.simpleControllerHandlerAdapter()
06:58:21.061 [main] DEBUG o.s.c.a.ConfigurationClassBeanDefinitionReader - Registering bean definition for @Bean method org.springframework.web.servlet.config.annotation.DelegatingWebMvcConfiguration.handlerExceptionResolver()
06:58:21.061 [main] DEBUG o.s.c.a.ConfigurationClassBeanDefinitionReader - Registering bean definition for @Bean method org.springframework.web.servlet.config.annotation.DelegatingWebMvcConfiguration.mvcViewResolver()
06:58:21.061 [main] DEBUG o.s.c.a.ConfigurationClassBeanDefinitionReader - Registered bean definition for imported class 'org.springframework.security.config.annotation.method.configuration.GlobalMethodSecurityConfiguration'
06:58:21.061 [main] DEBUG o.s.c.a.ConfigurationClassBeanDefinitionReader - Registering bean definition for @Bean method org.springframework.security.config.annotation.method.configuration.GlobalMethodSecurityConfiguration.methodSecurityInterceptor()
06:58:21.061 [main] DEBUG o.s.c.a.ConfigurationClassBeanDefinitionReader - Registering bean definition for @Bean method org.springframework.security.config.annotation.method.configuration.GlobalMethodSecurityConfiguration.methodSecurityMetadataSource()
06:58:21.061 [main] DEBUG o.s.c.a.ConfigurationClassBeanDefinitionReader - Registering bean definition for @Bean method org.springframework.security.config.annotation.method.configuration.GlobalMethodSecurityConfiguration.preInvocationAuthorizationAdvice()
06:58:21.061 [main] DEBUG o.s.c.a.ConfigurationClassBeanDefinitionReader - Registering bean definition for @Bean method edu.ncsu.csc.itrust2.mvc.config.WebMvcConfiguration.viewResolver()
06:58:21.061 [main] DEBUG o.s.c.a.ConfigurationClassBeanDefinitionReader - Registering bean definition for @Bean method edu.ncsu.csc.itrust2.mvc.config.WebMvcConfiguration.templateEngine()
06:58:21.061 [main] DEBUG o.s.c.a.ConfigurationClassBeanDefinitionReader - Registering bean definition for @Bean method edu.ncsu.csc.itrust2.mvc.config.WebMvcConfiguration.domainClassConverter()
06:58:21.063 [main] DEBUG o.s.c.a.ConfigurationClassEnhancer - Successfully enhanced edu.ncsu.csc.itrust2.config.RootConfiguration; enhanced class name is: edu.ncsu.csc.itrust2.config.RootConfiguration$$EnhancerBySpringCGLIB$$d6b3470b
06:58:21.063 [main] DEBUG o.s.c.a.ConfigurationClassPostProcessor - Replacing bean definition 'rootConfiguration' existing class 'edu.ncsu.csc.itrust2.config.RootConfiguration' with enhanced class 'edu.ncsu.csc.itrust2.config.RootConfiguration$$EnhancerBySpringCGLIB$$d6b3470b'
06:58:21.063 [main] DEBUG o.s.c.a.ConfigurationClassEnhancer - Successfully enhanced edu.ncsu.csc.itrust2.mvc.config.WebMvcConfiguration; enhanced class name is: edu.ncsu.csc.itrust2.mvc.config.WebMvcConfiguration$$EnhancerBySpringCGLIB$$f35e4a5b
06:58:21.063 [main] DEBUG o.s.c.a.ConfigurationClassPostProcessor - Replacing bean definition 'webMvcConfiguration' existing class 'edu.ncsu.csc.itrust2.mvc.config.WebMvcConfiguration' with enhanced class 'edu.ncsu.csc.itrust2.mvc.config.WebMvcConfiguration$$EnhancerBySpringCGLIB$$f35e4a5b'
06:58:21.063 [main] DEBUG o.s.c.a.ConfigurationClassEnhancer - Successfully enhanced edu.ncsu.csc.itrust2.config.DataConfiguration; enhanced class name is: edu.ncsu.csc.itrust2.config.DataConfiguration$$EnhancerBySpringCGLIB$$1af28c43
06:58:21.063 [main] DEBUG o.s.c.a.ConfigurationClassPostProcessor - Replacing bean definition 'dataConfiguration' existing class 'edu.ncsu.csc.itrust2.config.DataConfiguration' with enhanced class 'edu.ncsu.csc.itrust2.config.DataConfiguration$$EnhancerBySpringCGLIB$$1af28c43'
06:58:21.063 [main] DEBUG o.s.c.a.ConfigurationClassEnhancer - Successfully enhanced edu.ncsu.csc.itrust2.config.SecurityConfig; enhanced class name is: edu.ncsu.csc.itrust2.config.SecurityConfig$$EnhancerBySpringCGLIB$$d7313e7
06:58:21.064 [main] DEBUG o.s.c.a.ConfigurationClassPostProcessor - Replacing bean definition 'securityConfig' existing class 'edu.ncsu.csc.itrust2.config.SecurityConfig' with enhanced class 'edu.ncsu.csc.itrust2.config.SecurityConfig$$EnhancerBySpringCGLIB$$d7313e7'
06:58:21.064 [main] DEBUG o.s.c.a.ConfigurationClassEnhancer - Successfully enhanced org.springframework.security.config.annotation.configuration.ObjectPostProcessorConfiguration; enhanced class name is: org.springframework.security.config.annotation.configuration.ObjectPostProcessorConfiguration$$EnhancerBySpringCGLIB$$1b685db3
06:58:21.064 [main] DEBUG o.s.c.a.ConfigurationClassPostProcessor - Replacing bean definition 'org.springframework.security.config.annotation.configuration.ObjectPostProcessorConfiguration' existing class 'org.springframework.security.config.annotation.configuration.ObjectPostProcessorConfiguration' with enhanced class 'org.springframework.security.config.annotation.configuration.ObjectPostProcessorConfiguration$$EnhancerBySpringCGLIB$$1b685db3'
06:58:21.064 [main] DEBUG o.s.c.a.ConfigurationClassEnhancer - Successfully enhanced org.springframework.security.config.annotation.authentication.configuration.AuthenticationConfiguration; enhanced class name is: org.springframework.security.config.annotation.authentication.configuration.AuthenticationConfiguration$$EnhancerBySpringCGLIB$$67316828
06:58:21.064 [main] DEBUG o.s.c.a.ConfigurationClassPostProcessor - Replacing bean definition 'org.springframework.security.config.annotation.authentication.configuration.AuthenticationConfiguration' existing class 'org.springframework.security.config.annotation.authentication.configuration.AuthenticationConfiguration' with enhanced class 'org.springframework.security.config.annotation.authentication.configuration.AuthenticationConfiguration$$EnhancerBySpringCGLIB$$67316828'
06:58:21.064 [main] DEBUG o.s.c.a.ConfigurationClassEnhancer - Successfully enhanced org.springframework.security.config.annotation.authentication.configuration.AuthenticationConfiguration; enhanced class name is: org.springframework.security.config.annotation.authentication.configuration.AuthenticationConfiguration$$EnhancerBySpringCGLIB$$67316828
06:58:21.064 [main] DEBUG o.s.c.a.ConfigurationClassPostProcessor - Replacing bean definition 'enableGlobalAuthenticationAutowiredConfigurer' existing class 'org.springframework.security.config.annotation.authentication.configuration.AuthenticationConfiguration' with enhanced class 'org.springframework.security.config.annotation.authentication.configuration.AuthenticationConfiguration$$EnhancerBySpringCGLIB$$67316828'
06:58:21.064 [main] DEBUG o.s.c.a.ConfigurationClassEnhancer - Successfully enhanced org.springframework.security.config.annotation.authentication.configuration.AuthenticationConfiguration; enhanced class name is: org.springframework.security.config.annotation.authentication.configuration.AuthenticationConfiguration$$EnhancerBySpringCGLIB$$67316828
06:58:21.064 [main] DEBUG o.s.c.a.ConfigurationClassPostProcessor - Replacing bean definition 'initializeUserDetailsBeanManagerConfigurer' existing class 'org.springframework.security.config.annotation.authentication.configuration.AuthenticationConfiguration' with enhanced class 'org.springframework.security.config.annotation.authentication.configuration.AuthenticationConfiguration$$EnhancerBySpringCGLIB$$67316828'
06:58:21.064 [main] DEBUG o.s.c.a.ConfigurationClassEnhancer - Successfully enhanced org.springframework.security.config.annotation.authentication.configuration.AuthenticationConfiguration; enhanced class name is: org.springframework.security.config.annotation.authentication.configuration.AuthenticationConfiguration$$EnhancerBySpringCGLIB$$67316828
06:58:21.064 [main] DEBUG o.s.c.a.ConfigurationClassPostProcessor - Replacing bean definition 'initializeAuthenticationProviderBeanManagerConfigurer' existing class 'org.springframework.security.config.annotation.authentication.configuration.AuthenticationConfiguration' with enhanced class 'org.springframework.security.config.annotation.authentication.configuration.AuthenticationConfiguration$$EnhancerBySpringCGLIB$$67316828'
06:58:21.064 [main] DEBUG o.s.c.a.ConfigurationClassEnhancer - Successfully enhanced org.springframework.security.config.annotation.web.configuration.WebSecurityConfiguration; enhanced class name is: org.springframework.security.config.annotation.web.configuration.WebSecurityConfiguration$$EnhancerBySpringCGLIB$$29ebc26c
06:58:21.064 [main] DEBUG o.s.c.a.ConfigurationClassPostProcessor - Replacing bean definition 'org.springframework.security.config.annotation.web.configuration.WebSecurityConfiguration' existing class 'org.springframework.security.config.annotation.web.configuration.WebSecurityConfiguration' with enhanced class 'org.springframework.security.config.annotation.web.configuration.WebSecurityConfiguration$$EnhancerBySpringCGLIB$$29ebc26c'
06:58:21.064 [main] DEBUG o.s.c.a.ConfigurationClassEnhancer - Successfully enhanced org.springframework.security.config.annotation.web.configuration.WebSecurityConfiguration; enhanced class name is: org.springframework.security.config.annotation.web.configuration.WebSecurityConfiguration$$EnhancerBySpringCGLIB$$29ebc26c
06:58:21.064 [main] DEBUG o.s.c.a.ConfigurationClassPostProcessor - Replacing bean definition 'delegatingApplicationListener' existing class 'org.springframework.security.config.annotation.web.configuration.WebSecurityConfiguration' with enhanced class 'org.springframework.security.config.annotation.web.configuration.WebSecurityConfiguration$$EnhancerBySpringCGLIB$$29ebc26c'
06:58:21.064 [main] DEBUG o.s.c.a.ConfigurationClassEnhancer - Successfully enhanced org.springframework.web.servlet.config.annotation.DelegatingWebMvcConfiguration; enhanced class name is: org.springframework.web.servlet.config.annotation.DelegatingWebMvcConfiguration$$EnhancerBySpringCGLIB$$477b7aaf
06:58:21.064 [main] DEBUG o.s.c.a.ConfigurationClassPostProcessor - Replacing bean definition 'org.springframework.web.servlet.config.annotation.DelegatingWebMvcConfiguration' existing class 'org.springframework.web.servlet.config.annotation.DelegatingWebMvcConfiguration' with enhanced class 'org.springframework.web.servlet.config.annotation.DelegatingWebMvcConfiguration$$EnhancerBySpringCGLIB$$477b7aaf'
06:58:21.064 [main] DEBUG o.s.c.a.ConfigurationClassEnhancer - Successfully enhanced org.springframework.security.config.annotation.method.configuration.GlobalMethodSecurityConfiguration; enhanced class name is: org.springframework.security.config.annotation.method.configuration.GlobalMethodSecurityConfiguration$$EnhancerBySpringCGLIB$$403d0065
06:58:21.064 [main] DEBUG o.s.c.a.ConfigurationClassPostProcessor - Replacing bean definition 'org.springframework.security.config.annotation.method.configuration.GlobalMethodSecurityConfiguration' existing class 'org.springframework.security.config.annotation.method.configuration.GlobalMethodSecurityConfiguration' with enhanced class 'org.springframework.security.config.annotation.method.configuration.GlobalMethodSecurityConfiguration$$EnhancerBySpringCGLIB$$403d0065'
06:58:21.065 [main] DEBUG o.s.b.f.s.DefaultListableBeanFactory - Creating shared instance of singleton bean 'org.springframework.context.annotation.internalAutowiredAnnotationProcessor'
06:58:21.065 [main] DEBUG o.s.b.f.s.DefaultListableBeanFactory - Creating instance of bean 'org.springframework.context.annotation.internalAutowiredAnnotationProcessor'
06:58:21.066 [main] DEBUG o.s.b.f.s.DefaultListableBeanFactory - Eagerly caching bean 'org.springframework.context.annotation.internalAutowiredAnnotationProcessor' to allow for resolving potential circular references
06:58:21.067 [main] DEBUG o.s.b.f.s.DefaultListableBeanFactory - Finished creating instance of bean 'org.springframework.context.annotation.internalAutowiredAnnotationProcessor'
06:58:21.067 [main] DEBUG o.s.b.f.s.DefaultListableBeanFactory - Creating shared instance of singleton bean 'org.springframework.context.annotation.internalRequiredAnnotationProcessor'
06:58:21.067 [main] DEBUG o.s.b.f.s.DefaultListableBeanFactory - Creating instance of bean 'org.springframework.context.annotation.internalRequiredAnnotationProcessor'
06:58:21.068 [main] DEBUG o.s.b.f.s.DefaultListableBeanFactory - Eagerly caching bean 'org.springframework.context.annotation.internalRequiredAnnotationProcessor' to allow for resolving potential circular references
06:58:21.069 [main] DEBUG o.s.b.f.s.DefaultListableBeanFactory - Finished creating instance of bean 'org.springframework.context.annotation.internalRequiredAnnotationProcessor'
06:58:21.069 [main] DEBUG o.s.b.f.s.DefaultListableBeanFactory - Creating shared instance of singleton bean 'org.springframework.context.annotation.internalCommonAnnotationProcessor'
06:58:21.069 [main] DEBUG o.s.b.f.s.DefaultListableBeanFactory - Creating instance of bean 'org.springframework.context.annotation.internalCommonAnnotationProcessor'
06:58:21.069 [main] DEBUG o.s.b.f.s.DefaultListableBeanFactory - Eagerly caching bean 'org.springframework.context.annotation.internalCommonAnnotationProcessor' to allow for resolving potential circular references
06:58:21.071 [main] DEBUG o.s.b.f.s.DefaultListableBeanFactory - Finished creating instance of bean 'org.springframework.context.annotation.internalCommonAnnotationProcessor'
06:58:21.071 [main] DEBUG o.s.b.f.s.DefaultListableBeanFactory - Creating shared instance of singleton bean 'org.springframework.context.annotation.internalPersistenceAnnotationProcessor'
06:58:21.071 [main] DEBUG o.s.b.f.s.DefaultListableBeanFactory - Creating instance of bean 'org.springframework.context.annotation.internalPersistenceAnnotationProcessor'
06:58:21.071 [main] DEBUG o.s.b.f.s.DefaultListableBeanFactory - Eagerly caching bean 'org.springframework.context.annotation.internalPersistenceAnnotationProcessor' to allow for resolving potential circular references
06:58:21.073 [main] DEBUG o.s.b.f.s.DefaultListableBeanFactory - Finished creating instance of bean 'org.springframework.context.annotation.internalPersistenceAnnotationProcessor'
06:58:21.074 [main] DEBUG o.s.b.f.s.DefaultListableBeanFactory - Creating shared instance of singleton bean 'org.springframework.aop.config.internalAutoProxyCreator'
06:58:21.074 [main] DEBUG o.s.b.f.s.DefaultListableBeanFactory - Creating instance of bean 'org.springframework.aop.config.internalAutoProxyCreator'
06:58:21.074 [main] DEBUG o.s.b.f.s.DefaultListableBeanFactory - Eagerly caching bean 'org.springframework.aop.config.internalAutoProxyCreator' to allow for resolving potential circular references
06:58:21.076 [main] DEBUG o.s.b.f.s.DefaultListableBeanFactory - Finished creating instance of bean 'org.springframework.aop.config.internalAutoProxyCreator'
06:58:21.076 [main] DEBUG o.s.w.c.s.GenericWebApplicationContext - Unable to locate MessageSource with name 'messageSource': using default [org.springframework.context.support.DelegatingMessageSource@eff270c]
06:58:21.076 [main] DEBUG o.s.w.c.s.GenericWebApplicationContext - Unable to locate ApplicationEventMulticaster with name 'applicationEventMulticaster': using default [org.springframework.context.event.SimpleApplicationEventMulticaster@7fb80373]
06:58:21.076 [main] DEBUG o.s.u.c.s.UiApplicationContextUtils - Unable to locate ThemeSource with name 'themeSource': using default [org.springframework.ui.context.support.ResourceBundleThemeSource@1109fd98]
06:58:21.077 [main] DEBUG o.s.b.f.s.DefaultListableBeanFactory - Pre-instantiating singletons in org.springframework.beans.factory.support.DefaultListableBeanFactory@6a18fe0b: defining beans [org.springframework.context.annotation.internalConfigurationAnnotationProcessor,org.springframework.context.annotation.internalAutowiredAnnotationProcessor,org.springframework.context.annotation.internalRequiredAnnotationProcessor,org.springframework.context.annotation.internalCommonAnnotationProcessor,org.springframework.context.annotation.internalPersistenceAnnotationProcessor,org.springframework.context.event.internalEventListenerProcessor,org.springframework.context.event.internalEventListenerFactory,rootConfiguration,webMvcConfiguration,dataConfiguration,loginAuditingListener,securityConfig,defaultController,adminController,adminUserController,hospitalController,ICDCodesController,APIAppointmentRequestController,APIDiagnosisController,APIDrugController,APIEnumController,APIHospitalController,APIICDCodeController,APILogEntryController,APIOfficeVisitController,APIPasswordController,APIPatientController,APIPersonnelController,APIPrescriptionController,APIUserController,appointmentControllerHCP,HCPController,officeVisitController,appointmentController,diagnosesController,patientController,passwordController,userController,dataSource,org.springframework.security.config.annotation.configuration.ObjectPostProcessorConfiguration,objectPostProcessor,org.springframework.security.config.annotation.authentication.configuration.AuthenticationConfiguration,authenticationManagerBuilder,enableGlobalAuthenticationAutowiredConfigurer,initializeUserDetailsBeanManagerConfigurer,initializeAuthenticationProviderBeanManagerConfigurer,org.springframework.security.config.annotation.web.configuration.WebSecurityConfiguration,delegatingApplicationListener,webSecurityExpressionHandler,springSecurityFilterChain,privilegeEvaluator,autowiredWebSecurityConfigurersIgnoreParents,org.springframework.security.config.annotation.web.configuration.WebMvcSecurityConfiguration,requestDataValueProcessor,passwordEncoder,defaultAuthenticationEventPublisher,failureHandler,ipBlockFilter,org.springframework.web.servlet.config.annotation.DelegatingWebMvcConfiguration,mvcConversionService,requestMappingHandlerMapping,mvcPathMatcher,mvcUrlPathHelper,mvcContentNegotiationManager,viewControllerHandlerMapping,beanNameHandlerMapping,resourceHandlerMapping,mvcResourceUrlProvider,defaultServletHandlerMapping,requestMappingHandlerAdapter,mvcValidator,mvcUriComponentsContributor,httpRequestHandlerAdapter,simpleControllerHandlerAdapter,handlerExceptionResolver,mvcViewResolver,org.springframework.security.config.annotation.method.configuration.GlobalMethodSecurityConfiguration,methodSecurityInterceptor,methodSecurityMetadataSource,preInvocationAuthorizationAdvice,viewResolver,templateEngine,domainClassConverter,metaDataSourceAdvisor,org.springframework.aop.config.internalAutoProxyCreator]; root of factory hierarchy
06:58:21.077 [main] DEBUG o.s.b.f.s.DefaultListableBeanFactory - Returning cached instance of singleton bean 'org.springframework.context.annotation.internalConfigurationAnnotationProcessor'
06:58:21.077 [main] DEBUG o.s.b.f.s.DefaultListableBeanFactory - Returning cached instance of singleton bean 'org.springframework.context.annotation.internalAutowiredAnnotationProcessor'
06:58:21.077 [main] DEBUG o.s.b.f.s.DefaultListableBeanFactory - Returning cached instance of singleton bean 'org.springframework.context.annotation.internalRequiredAnnotationProcessor'
06:58:21.077 [main] DEBUG o.s.b.f.s.DefaultListableBeanFactory - Returning cached instance of singleton bean 'org.springframework.context.annotation.internalCommonAnnotationProcessor'
06:58:21.077 [main] DEBUG o.s.b.f.s.DefaultListableBeanFactory - Returning cached instance of singleton bean 'org.springframework.context.annotation.internalPersistenceAnnotationProcessor'
06:58:21.077 [main] DEBUG o.s.b.f.s.DefaultListableBeanFactory - Creating shared instance of singleton bean 'org.springframework.context.event.internalEventListenerProcessor'
06:58:21.077 [main] DEBUG o.s.b.f.s.DefaultListableBeanFactory - Creating instance of bean 'org.springframework.context.event.internalEventListenerProcessor'
06:58:21.077 [main] DEBUG o.s.b.f.s.DefaultListableBeanFactory - Eagerly caching bean 'org.springframework.context.event.internalEventListenerProcessor' to allow for resolving potential circular references
06:58:21.078 [main] DEBUG o.s.b.f.s.DefaultListableBeanFactory - Creating shared instance of singleton bean 'metaDataSourceAdvisor'
06:58:21.078 [main] DEBUG o.s.b.f.s.DefaultListableBeanFactory - Creating instance of bean 'metaDataSourceAdvisor'
06:58:21.079 [main] DEBUG o.s.b.f.s.DefaultListableBeanFactory - Creating shared instance of singleton bean 'methodSecurityMetadataSource'
06:58:21.079 [main] DEBUG o.s.b.f.s.DefaultListableBeanFactory - Creating instance of bean 'methodSecurityMetadataSource'
06:58:21.079 [main] DEBUG o.s.b.f.s.DefaultListableBeanFactory - Creating shared instance of singleton bean 'org.springframework.security.config.annotation.method.configuration.GlobalMethodSecurityConfiguration'
06:58:21.079 [main] DEBUG o.s.b.f.s.DefaultListableBeanFactory - Creating instance of bean 'org.springframework.security.config.annotation.method.configuration.GlobalMethodSecurityConfiguration'
06:58:21.080 [main] DEBUG o.s.b.f.annotation.InjectionMetadata - Registered injected element on class [org.springframework.security.config.annotation.method.configuration.GlobalMethodSecurityConfiguration$$EnhancerBySpringCGLIB$$403d0065]: AutowiredMethodElement for public void org.springframework.security.config.annotation.method.configuration.GlobalMethodSecurityConfiguration.setApplicationContext(org.springframework.context.ApplicationContext)
06:58:21.080 [main] DEBUG o.s.b.f.annotation.InjectionMetadata - Registered injected element on class [org.springframework.security.config.annotation.method.configuration.GlobalMethodSecurityConfiguration$$EnhancerBySpringCGLIB$$403d0065]: AutowiredMethodElement for public void org.springframework.security.config.annotation.method.configuration.GlobalMethodSecurityConfiguration.setJsr250MethodSecurityMetadataSource(org.springframework.security.access.annotation.Jsr250MethodSecurityMetadataSource)
06:58:21.080 [main] DEBUG o.s.b.f.annotation.InjectionMetadata - Registered injected element on class [org.springframework.security.config.annotation.method.configuration.GlobalMethodSecurityConfiguration$$EnhancerBySpringCGLIB$$403d0065]: AutowiredMethodElement for public void org.springframework.security.config.annotation.method.configuration.GlobalMethodSecurityConfiguration.setMethodSecurityExpressionHandler(java.util.List)
06:58:21.080 [main] DEBUG o.s.b.f.annotation.InjectionMetadata - Registered injected element on class [org.springframework.security.config.annotation.method.configuration.GlobalMethodSecurityConfiguration$$EnhancerBySpringCGLIB$$403d0065]: AutowiredMethodElement for public void org.springframework.security.config.annotation.method.configuration.GlobalMethodSecurityConfiguration.setObjectPostProcessor(org.springframework.security.config.annotation.ObjectPostProcessor)
06:58:21.080 [main] DEBUG o.s.b.f.s.DefaultListableBeanFactory - Eagerly caching bean 'org.springframework.security.config.annotation.method.configuration.GlobalMethodSecurityConfiguration' to allow for resolving potential circular references
06:58:21.080 [main] DEBUG o.s.b.f.annotation.InjectionMetadata - Processing injected element of bean 'org.springframework.security.config.annotation.method.configuration.GlobalMethodSecurityConfiguration': AutowiredMethodElement for public void org.springframework.security.config.annotation.method.configuration.GlobalMethodSecurityConfiguration.setApplicationContext(org.springframework.context.ApplicationContext)
06:58:21.081 [main] DEBUG o.s.b.f.a.AutowiredAnnotationBeanPostProcessor - Autowiring by type from bean name 'org.springframework.security.config.annotation.method.configuration.GlobalMethodSecurityConfiguration' to bean named 'org.springframework.web.context.support.GenericWebApplicationContext@28a74e4a'
06:58:21.081 [main] DEBUG o.s.b.f.annotation.InjectionMetadata - Processing injected element of bean 'org.springframework.security.config.annotation.method.configuration.GlobalMethodSecurityConfiguration': AutowiredMethodElement for public void org.springframework.security.config.annotation.method.configuration.GlobalMethodSecurityConfiguration.setJsr250MethodSecurityMetadataSource(org.springframework.security.access.annotation.Jsr250MethodSecurityMetadataSource)
06:58:21.081 [main] DEBUG o.s.b.f.annotation.InjectionMetadata - Processing injected element of bean 'org.springframework.security.config.annotation.method.configuration.GlobalMethodSecurityConfiguration': AutowiredMethodElement for public void org.springframework.security.config.annotation.method.configuration.GlobalMethodSecurityConfiguration.setMethodSecurityExpressionHandler(java.util.List)
06:58:21.081 [main] DEBUG o.s.b.f.annotation.InjectionMetadata - Processing injected element of bean 'org.springframework.security.config.annotation.method.configuration.GlobalMethodSecurityConfiguration': AutowiredMethodElement for public void org.springframework.security.config.annotation.method.configuration.GlobalMethodSecurityConfiguration.setObjectPostProcessor(org.springframework.security.config.annotation.ObjectPostProcessor)
06:58:21.082 [main] DEBUG o.s.b.f.s.DefaultListableBeanFactory - Creating shared instance of singleton bean 'objectPostProcessor'
06:58:21.082 [main] DEBUG o.s.b.f.s.DefaultListableBeanFactory - Creating instance of bean 'objectPostProcessor'
06:58:21.082 [main] DEBUG o.s.b.f.s.DefaultListableBeanFactory - Creating shared instance of singleton bean 'org.springframework.security.config.annotation.configuration.ObjectPostProcessorConfiguration'
06:58:21.082 [main] DEBUG o.s.b.f.s.DefaultListableBeanFactory - Creating instance of bean 'org.springframework.security.config.annotation.configuration.ObjectPostProcessorConfiguration'
06:58:21.082 [main] DEBUG o.s.b.f.s.DefaultListableBeanFactory - Eagerly caching bean 'org.springframework.security.config.annotation.configuration.ObjectPostProcessorConfiguration' to allow for resolving potential circular references
06:58:21.082 [main] DEBUG o.s.a.f.a.BeanFactoryAdvisorRetrievalHelper - Skipping currently created advisor 'metaDataSourceAdvisor'
06:58:21.083 [main] DEBUG o.s.b.f.s.DefaultListableBeanFactory - Finished creating instance of bean 'org.springframework.security.config.annotation.configuration.ObjectPostProcessorConfiguration'
06:58:21.083 [main] DEBUG o.s.b.f.s.DefaultListableBeanFactory - Autowiring by type from bean name 'objectPostProcessor' via factory method to bean named 'org.springframework.beans.factory.support.DefaultListableBeanFactory@6a18fe0b'
06:58:21.083 [main] DEBUG o.s.b.f.s.DefaultListableBeanFactory - Eagerly caching bean 'objectPostProcessor' to allow for resolving potential circular references
06:58:21.084 [main] DEBUG o.s.a.f.a.BeanFactoryAdvisorRetrievalHelper - Skipping currently created advisor 'metaDataSourceAdvisor'
06:58:21.084 [main] DEBUG o.s.b.f.s.DefaultListableBeanFactory - Finished creating instance of bean 'objectPostProcessor'
06:58:21.084 [main] DEBUG o.s.b.f.a.AutowiredAnnotationBeanPostProcessor - Autowiring by type from bean name 'org.springframework.security.config.annotation.method.configuration.GlobalMethodSecurityConfiguration' to bean named 'objectPostProcessor'
06:58:21.086 [main] DEBUG o.s.b.f.s.DefaultListableBeanFactory - Returning cached instance of singleton bean 'org.springframework.context.annotation.ConfigurationClassPostProcessor.importRegistry'
06:58:21.086 [main] DEBUG o.s.a.f.a.BeanFactoryAdvisorRetrievalHelper - Skipping currently created advisor 'metaDataSourceAdvisor'
06:58:21.086 [main] DEBUG o.s.b.f.s.DefaultListableBeanFactory - Finished creating instance of bean 'org.springframework.security.config.annotation.method.configuration.GlobalMethodSecurityConfiguration'
06:58:21.087 [main] DEBUG o.s.b.f.s.DefaultListableBeanFactory - Eagerly caching bean 'methodSecurityMetadataSource' to allow for resolving potential circular references
06:58:21.087 [main] DEBUG o.s.b.f.s.DefaultListableBeanFactory - Finished creating instance of bean 'methodSecurityMetadataSource'
06:58:21.088 [main] DEBUG o.s.b.f.s.DefaultListableBeanFactory - Eagerly caching bean 'metaDataSourceAdvisor' to allow for resolving potential circular references
06:58:21.089 [main] DEBUG o.s.b.f.s.DefaultListableBeanFactory - Finished creating instance of bean 'metaDataSourceAdvisor'
06:58:21.089 [main] DEBUG o.s.b.f.s.DefaultListableBeanFactory - Finished creating instance of bean 'org.springframework.context.event.internalEventListenerProcessor'
06:58:21.089 [main] DEBUG o.s.b.f.s.DefaultListableBeanFactory - Creating shared instance of singleton bean 'org.springframework.context.event.internalEventListenerFactory'
06:58:21.089 [main] DEBUG o.s.b.f.s.DefaultListableBeanFactory - Creating instance of bean 'org.springframework.context.event.internalEventListenerFactory'
06:58:21.090 [main] DEBUG o.s.b.f.s.DefaultListableBeanFactory - Eagerly caching bean 'org.springframework.context.event.internalEventListenerFactory' to allow for resolving potential circular references
06:58:21.091 [main] DEBUG o.s.b.f.s.DefaultListableBeanFactory - Returning cached instance of singleton bean 'metaDataSourceAdvisor'
06:58:21.091 [main] DEBUG o.s.b.f.s.DefaultListableBeanFactory - Finished creating instance of bean 'org.springframework.context.event.internalEventListenerFactory'
06:58:21.091 [main] DEBUG o.s.b.f.s.DefaultListableBeanFactory - Creating shared instance of singleton bean 'rootConfiguration'
06:58:21.091 [main] DEBUG o.s.b.f.s.DefaultListableBeanFactory - Creating instance of bean 'rootConfiguration'
06:58:21.091 [main] DEBUG o.s.b.f.s.DefaultListableBeanFactory - Eagerly caching bean 'rootConfiguration' to allow for resolving potential circular references
06:58:21.092 [main] DEBUG o.s.b.f.s.DefaultListableBeanFactory - Returning cached instance of singleton bean 'metaDataSourceAdvisor'
06:58:21.092 [main] DEBUG o.s.b.f.s.DefaultListableBeanFactory - Finished creating instance of bean 'rootConfiguration'
06:58:21.092 [main] DEBUG o.s.b.f.s.DefaultListableBeanFactory - Creating shared instance of singleton bean 'webMvcConfiguration'
06:58:21.092 [main] DEBUG o.s.b.f.s.DefaultListableBeanFactory - Creating instance of bean 'webMvcConfiguration'
06:58:21.093 [main] DEBUG o.s.b.f.annotation.InjectionMetadata - Registered injected element on class [edu.ncsu.csc.itrust2.mvc.config.WebMvcConfiguration$$EnhancerBySpringCGLIB$$f35e4a5b]: AutowiredFieldElement for private org.springframework.context.ApplicationContext edu.ncsu.csc.itrust2.mvc.config.WebMvcConfiguration.applicationContext
06:58:21.093 [main] DEBUG o.s.b.f.annotation.InjectionMetadata - Registered injected element on class [edu.ncsu.csc.itrust2.mvc.config.WebMvcConfiguration$$EnhancerBySpringCGLIB$$f35e4a5b]: AutowiredFieldElement for private org.springframework.format.support.FormattingConversionService edu.ncsu.csc.itrust2.mvc.config.WebMvcConfiguration.mvcConversionService
06:58:21.093 [main] DEBUG o.s.b.f.s.DefaultListableBeanFactory - Eagerly caching bean 'webMvcConfiguration' to allow for resolving potential circular references
06:58:21.094 [main] DEBUG o.s.b.f.annotation.InjectionMetadata - Processing injected element of bean 'webMvcConfiguration': AutowiredFieldElement for private org.springframework.context.ApplicationContext edu.ncsu.csc.itrust2.mvc.config.WebMvcConfiguration.applicationContext
06:58:21.094 [main] DEBUG o.s.b.f.a.AutowiredAnnotationBeanPostProcessor - Autowiring by type from bean name 'webMvcConfiguration' to bean named 'org.springframework.web.context.support.GenericWebApplicationContext@28a74e4a'
06:58:21.094 [main] DEBUG o.s.b.f.annotation.InjectionMetadata - Processing injected element of bean 'webMvcConfiguration': AutowiredFieldElement for private org.springframework.format.support.FormattingConversionService edu.ncsu.csc.itrust2.mvc.config.WebMvcConfiguration.mvcConversionService
06:58:21.095 [main] DEBUG o.s.b.f.s.DefaultListableBeanFactory - Creating shared instance of singleton bean 'mvcConversionService'
06:58:21.095 [main] DEBUG o.s.b.f.s.DefaultListableBeanFactory - Creating instance of bean 'mvcConversionService'
06:58:21.095 [main] DEBUG o.s.b.f.s.DefaultListableBeanFactory - Creating shared instance of singleton bean 'org.springframework.web.servlet.config.annotation.DelegatingWebMvcConfiguration'
06:58:21.095 [main] DEBUG o.s.b.f.s.DefaultListableBeanFactory - Creating instance of bean 'org.springframework.web.servlet.config.annotation.DelegatingWebMvcConfiguration'
06:58:21.097 [main] DEBUG o.s.b.f.annotation.InjectionMetadata - Registered injected element on class [org.springframework.web.servlet.config.annotation.DelegatingWebMvcConfiguration$$EnhancerBySpringCGLIB$$477b7aaf]: AutowiredMethodElement for public void org.springframework.web.servlet.config.annotation.DelegatingWebMvcConfiguration.setConfigurers(java.util.List)
06:58:21.097 [main] DEBUG o.s.b.f.s.DefaultListableBeanFactory - Eagerly caching bean 'org.springframework.web.servlet.config.annotation.DelegatingWebMvcConfiguration' to allow for resolving potential circular references
06:58:21.097 [main] DEBUG o.s.b.f.annotation.InjectionMetadata - Processing injected element of bean 'org.springframework.web.servlet.config.annotation.DelegatingWebMvcConfiguration': AutowiredMethodElement for public void org.springframework.web.servlet.config.annotation.DelegatingWebMvcConfiguration.setConfigurers(java.util.List)
06:58:21.097 [main] DEBUG o.s.b.f.s.DefaultListableBeanFactory - Returning cached instance of singleton bean 'metaDataSourceAdvisor'
06:58:21.100 [main] DEBUG o.s.b.f.s.DefaultListableBeanFactory - Returning eagerly cached instance of singleton bean 'webMvcConfiguration' that is not fully initialized yet - a consequence of a circular reference
06:58:21.100 [main] DEBUG o.s.b.f.s.DefaultListableBeanFactory - Creating shared instance of singleton bean 'org.springframework.security.config.annotation.web.configuration.WebMvcSecurityConfiguration'
06:58:21.100 [main] DEBUG o.s.b.f.s.DefaultListableBeanFactory - Creating instance of bean 'org.springframework.security.config.annotation.web.configuration.WebMvcSecurityConfiguration'
06:58:21.100 [main] DEBUG o.s.b.f.s.DefaultListableBeanFactory - Eagerly caching bean 'org.springframework.security.config.annotation.web.configuration.WebMvcSecurityConfiguration' to allow for resolving potential circular references
06:58:21.101 [main] DEBUG o.s.b.f.s.DefaultListableBeanFactory - Returning cached instance of singleton bean 'metaDataSourceAdvisor'
06:58:21.101 [main] DEBUG o.s.b.f.s.DefaultListableBeanFactory - Finished creating instance of bean 'org.springframework.security.config.annotation.web.configuration.WebMvcSecurityConfiguration'
06:58:21.102 [main] DEBUG o.s.b.f.a.AutowiredAnnotationBeanPostProcessor - Autowiring by type from bean name 'org.springframework.web.servlet.config.annotation.DelegatingWebMvcConfiguration' to bean named 'webMvcConfiguration'
06:58:21.102 [main] DEBUG o.s.b.f.a.AutowiredAnnotationBeanPostProcessor - Autowiring by type from bean name 'org.springframework.web.servlet.config.annotation.DelegatingWebMvcConfiguration' to bean named 'org.springframework.security.config.annotation.web.configuration.WebMvcSecurityConfiguration'
06:58:21.102 [main] DEBUG o.s.b.f.s.DefaultListableBeanFactory - Returning cached instance of singleton bean 'metaDataSourceAdvisor'
06:58:21.106 [main] DEBUG o.s.b.f.s.DefaultListableBeanFactory - Finished creating instance of bean 'org.springframework.web.servlet.config.annotation.DelegatingWebMvcConfiguration'
06:58:21.108 [main] DEBUG o.s.b.f.s.DefaultListableBeanFactory - Eagerly caching bean 'mvcConversionService' to allow for resolving potential circular references
06:58:21.111 [main] DEBUG o.s.b.f.s.DefaultListableBeanFactory - Returning cached instance of singleton bean 'metaDataSourceAdvisor'
06:58:21.112 [main] DEBUG o.s.b.f.s.DefaultListableBeanFactory - Finished creating instance of bean 'mvcConversionService'
06:58:21.113 [main] DEBUG o.s.b.f.a.AutowiredAnnotationBeanPostProcessor - Autowiring by type from bean name 'webMvcConfiguration' to bean named 'mvcConversionService'
06:58:21.113 [main] DEBUG o.s.b.f.s.DefaultListableBeanFactory - Finished creating instance of bean 'webMvcConfiguration'
06:58:21.113 [main] DEBUG o.s.b.f.s.DefaultListableBeanFactory - Creating shared instance of singleton bean 'dataConfiguration'
06:58:21.113 [main] DEBUG o.s.b.f.s.DefaultListableBeanFactory - Creating instance of bean 'dataConfiguration'
06:58:21.113 [main] DEBUG o.s.b.f.s.DefaultListableBeanFactory - Eagerly caching bean 'dataConfiguration' to allow for resolving potential circular references
06:58:21.114 [main] DEBUG o.s.b.f.s.DefaultListableBeanFactory - Returning cached instance of singleton bean 'metaDataSourceAdvisor'
06:58:21.115 [main] DEBUG o.s.b.f.s.DefaultListableBeanFactory - Finished creating instance of bean 'dataConfiguration'
06:58:21.115 [main] DEBUG o.s.b.f.s.DefaultListableBeanFactory - Creating shared instance of singleton bean 'loginAuditingListener'
06:58:21.115 [main] DEBUG o.s.b.f.s.DefaultListableBeanFactory - Creating instance of bean 'loginAuditingListener'
06:58:21.115 [main] DEBUG o.s.b.f.s.DefaultListableBeanFactory - Eagerly caching bean 'loginAuditingListener' to allow for resolving potential circular references
06:58:21.116 [main] DEBUG o.s.b.f.s.DefaultListableBeanFactory - Returning cached instance of singleton bean 'metaDataSourceAdvisor'
06:58:21.116 [main] DEBUG o.s.b.f.s.DefaultListableBeanFactory - Finished creating instance of bean 'loginAuditingListener'
06:58:21.116 [main] DEBUG o.s.b.f.s.DefaultListableBeanFactory - Creating shared instance of singleton bean 'securityConfig'
06:58:21.116 [main] DEBUG o.s.b.f.s.DefaultListableBeanFactory - Creating instance of bean 'securityConfig'
06:58:21.119 [main] DEBUG o.s.b.f.annotation.InjectionMetadata - Registered injected element on class [edu.ncsu.csc.itrust2.config.SecurityConfig$$EnhancerBySpringCGLIB$$d7313e7]: AutowiredMethodElement for public void org.springframework.security.config.annotation.web.configuration.WebSecurityConfigurerAdapter.setApplicationContext(org.springframework.context.ApplicationContext)
06:58:21.119 [main] DEBUG o.s.b.f.annotation.InjectionMetadata - Registered injected element on class [edu.ncsu.csc.itrust2.config.SecurityConfig$$EnhancerBySpringCGLIB$$d7313e7]: AutowiredMethodElement for public void org.springframework.security.config.annotation.web.configuration.WebSecurityConfigurerAdapter.setContentNegotationStrategy(org.springframework.web.accept.ContentNegotiationStrategy)
06:58:21.119 [main] DEBUG o.s.b.f.annotation.InjectionMetadata - Registered injected element on class [edu.ncsu.csc.itrust2.config.SecurityConfig$$EnhancerBySpringCGLIB$$d7313e7]: AutowiredMethodElement for public void org.springframework.security.config.annotation.web.configuration.WebSecurityConfigurerAdapter.setAuthenticationConfiguration(org.springframework.security.config.annotation.authentication.configuration.AuthenticationConfiguration)
06:58:21.119 [main] DEBUG o.s.b.f.annotation.InjectionMetadata - Registered injected element on class [edu.ncsu.csc.itrust2.config.SecurityConfig$$EnhancerBySpringCGLIB$$d7313e7]: AutowiredMethodElement for public void org.springframework.security.config.annotation.web.configuration.WebSecurityConfigurerAdapter.setTrustResolver(org.springframework.security.authentication.AuthenticationTrustResolver)
06:58:21.119 [main] DEBUG o.s.b.f.annotation.InjectionMetadata - Registered injected element on class [edu.ncsu.csc.itrust2.config.SecurityConfig$$EnhancerBySpringCGLIB$$d7313e7]: AutowiredMethodElement for public void org.springframework.security.config.annotation.web.configuration.WebSecurityConfigurerAdapter.setObjectPostProcessor(org.springframework.security.config.annotation.ObjectPostProcessor)
06:58:21.119 [main] DEBUG o.s.b.f.annotation.InjectionMetadata - Registered injected element on class [edu.ncsu.csc.itrust2.config.SecurityConfig$$EnhancerBySpringCGLIB$$d7313e7]: AutowiredFieldElement for javax.sql.DataSource edu.ncsu.csc.itrust2.config.SecurityConfig.dataSource
06:58:21.119 [main] DEBUG o.s.b.f.annotation.InjectionMetadata - Registered injected element on class [edu.ncsu.csc.itrust2.config.SecurityConfig$$EnhancerBySpringCGLIB$$d7313e7]: AutowiredMethodElement for public void edu.ncsu.csc.itrust2.config.SecurityConfig.configureGlobal(org.springframework.security.config.annotation.authentication.builders.AuthenticationManagerBuilder) throws java.lang.Exception
06:58:21.119 [main] DEBUG o.s.b.f.s.DefaultListableBeanFactory - Eagerly caching bean 'securityConfig' to allow for resolving potential circular references
06:58:21.119 [main] DEBUG o.s.b.f.annotation.InjectionMetadata - Processing injected element of bean 'securityConfig': AutowiredMethodElement for public void org.springframework.security.config.annotation.web.configuration.WebSecurityConfigurerAdapter.setApplicationContext(org.springframework.context.ApplicationContext)
06:58:21.119 [main] DEBUG o.s.b.f.a.AutowiredAnnotationBeanPostProcessor - Autowiring by type from bean name 'securityConfig' to bean named 'org.springframework.web.context.support.GenericWebApplicationContext@28a74e4a'
06:58:21.119 [main] DEBUG o.s.b.f.annotation.InjectionMetadata - Processing injected element of bean 'securityConfig': AutowiredMethodElement for public void org.springframework.security.config.annotation.web.configuration.WebSecurityConfigurerAdapter.setContentNegotationStrategy(org.springframework.web.accept.ContentNegotiationStrategy)
06:58:21.120 [main] DEBUG o.s.b.f.s.DefaultListableBeanFactory - Creating shared instance of singleton bean 'mvcContentNegotiationManager'
06:58:21.120 [main] DEBUG o.s.b.f.s.DefaultListableBeanFactory - Creating instance of bean 'mvcContentNegotiationManager'
06:58:21.120 [main] DEBUG o.s.b.f.s.DefaultListableBeanFactory - Returning cached instance of singleton bean 'org.springframework.web.servlet.config.annotation.DelegatingWebMvcConfiguration'
06:58:21.120 [main] DEBUG o.s.b.f.s.DefaultListableBeanFactory - Eagerly caching bean 'mvcContentNegotiationManager' to allow for resolving potential circular references
06:58:21.121 [main] DEBUG o.s.b.f.s.DefaultListableBeanFactory - Returning cached instance of singleton bean 'metaDataSourceAdvisor'
06:58:21.121 [main] DEBUG o.s.b.f.s.DefaultListableBeanFactory - Finished creating instance of bean 'mvcContentNegotiationManager'
06:58:21.122 [main] DEBUG o.s.b.f.a.AutowiredAnnotationBeanPostProcessor - Autowiring by type from bean name 'securityConfig' to bean named 'mvcContentNegotiationManager'
06:58:21.122 [main] DEBUG o.s.b.f.annotation.InjectionMetadata - Processing injected element of bean 'securityConfig': AutowiredMethodElement for public void org.springframework.security.config.annotation.web.configuration.WebSecurityConfigurerAdapter.setAuthenticationConfiguration(org.springframework.security.config.annotation.authentication.configuration.AuthenticationConfiguration)
06:58:21.122 [main] DEBUG o.s.b.f.s.DefaultListableBeanFactory - Creating shared instance of singleton bean 'org.springframework.security.config.annotation.authentication.configuration.AuthenticationConfiguration'
06:58:21.122 [main] DEBUG o.s.b.f.s.DefaultListableBeanFactory - Creating instance of bean 'org.springframework.security.config.annotation.authentication.configuration.AuthenticationConfiguration'
06:58:21.123 [main] DEBUG o.s.b.f.annotation.InjectionMetadata - Registered injected element on class [org.springframework.security.config.annotation.authentication.configuration.AuthenticationConfiguration$$EnhancerBySpringCGLIB$$67316828]: AutowiredMethodElement for public void org.springframework.security.config.annotation.authentication.configuration.AuthenticationConfiguration.setApplicationContext(org.springframework.context.ApplicationContext)
06:58:21.123 [main] DEBUG o.s.b.f.annotation.InjectionMetadata - Registered injected element on class [org.springframework.security.config.annotation.authentication.configuration.AuthenticationConfiguration$$EnhancerBySpringCGLIB$$67316828]: AutowiredMethodElement for public void org.springframework.security.config.annotation.authentication.configuration.AuthenticationConfiguration.setGlobalAuthenticationConfigurers(java.util.List) throws java.lang.Exception
06:58:21.123 [main] DEBUG o.s.b.f.annotation.InjectionMetadata - Registered injected element on class [org.springframework.security.config.annotation.authentication.configuration.AuthenticationConfiguration$$EnhancerBySpringCGLIB$$67316828]: AutowiredMethodElement for public void org.springframework.security.config.annotation.authentication.configuration.AuthenticationConfiguration.setObjectPostProcessor(org.springframework.security.config.annotation.ObjectPostProcessor)
06:58:21.123 [main] DEBUG o.s.b.f.s.DefaultListableBeanFactory - Eagerly caching bean 'org.springframework.security.config.annotation.authentication.configuration.AuthenticationConfiguration' to allow for resolving potential circular references
06:58:21.124 [main] DEBUG o.s.b.f.annotation.InjectionMetadata - Processing injected element of bean 'org.springframework.security.config.annotation.authentication.configuration.AuthenticationConfiguration': AutowiredMethodElement for public void org.springframework.security.config.annotation.authentication.configuration.AuthenticationConfiguration.setApplicationContext(org.springframework.context.ApplicationContext)
06:58:21.124 [main] DEBUG o.s.b.f.a.AutowiredAnnotationBeanPostProcessor - Autowiring by type from bean name 'org.springframework.security.config.annotation.authentication.configuration.AuthenticationConfiguration' to bean named 'org.springframework.web.context.support.GenericWebApplicationContext@28a74e4a'
06:58:21.124 [main] DEBUG o.s.b.f.annotation.InjectionMetadata - Processing injected element of bean 'org.springframework.security.config.annotation.authentication.configuration.AuthenticationConfiguration': AutowiredMethodElement for public void org.springframework.security.config.annotation.authentication.configuration.AuthenticationConfiguration.setGlobalAuthenticationConfigurers(java.util.List) throws java.lang.Exception
06:58:21.124 [main] DEBUG o.s.b.f.s.DefaultListableBeanFactory - Creating shared instance of singleton bean 'enableGlobalAuthenticationAutowiredConfigurer'
06:58:21.124 [main] DEBUG o.s.b.f.s.DefaultListableBeanFactory - Creating instance of bean 'enableGlobalAuthenticationAutowiredConfigurer'
06:58:21.125 [main] DEBUG o.s.b.f.s.DefaultListableBeanFactory - Autowiring by type from bean name 'enableGlobalAuthenticationAutowiredConfigurer' via factory method to bean named 'org.springframework.web.context.support.GenericWebApplicationContext@28a74e4a'
06:58:21.125 [main] DEBUG o.s.b.f.s.DefaultListableBeanFactory - Eagerly caching bean 'enableGlobalAuthenticationAutowiredConfigurer' to allow for resolving potential circular references
06:58:21.126 [main] DEBUG o.s.b.f.s.DefaultListableBeanFactory - Returning cached instance of singleton bean 'metaDataSourceAdvisor'
06:58:21.127 [main] DEBUG o.s.b.f.s.DefaultListableBeanFactory - Finished creating instance of bean 'enableGlobalAuthenticationAutowiredConfigurer'
06:58:21.127 [main] DEBUG o.s.b.f.s.DefaultListableBeanFactory - Creating shared instance of singleton bean 'initializeUserDetailsBeanManagerConfigurer'
06:58:21.127 [main] DEBUG o.s.b.f.s.DefaultListableBeanFactory - Creating instance of bean 'initializeUserDetailsBeanManagerConfigurer'
06:58:21.127 [main] DEBUG o.s.b.f.s.DefaultListableBeanFactory - Autowiring by type from bean name 'initializeUserDetailsBeanManagerConfigurer' via factory method to bean named 'org.springframework.web.context.support.GenericWebApplicationContext@28a74e4a'
06:58:21.128 [main] DEBUG o.s.b.f.s.DefaultListableBeanFactory - Eagerly caching bean 'initializeUserDetailsBeanManagerConfigurer' to allow for resolving potential circular references
06:58:21.128 [main] DEBUG o.s.b.f.s.DefaultListableBeanFactory - Returning cached instance of singleton bean 'metaDataSourceAdvisor'
06:58:21.129 [main] DEBUG o.s.b.f.s.DefaultListableBeanFactory - Finished creating instance of bean 'initializeUserDetailsBeanManagerConfigurer'
06:58:21.129 [main] DEBUG o.s.b.f.s.DefaultListableBeanFactory - Creating shared instance of singleton bean 'initializeAuthenticationProviderBeanManagerConfigurer'
06:58:21.129 [main] DEBUG o.s.b.f.s.DefaultListableBeanFactory - Creating instance of bean 'initializeAuthenticationProviderBeanManagerConfigurer'
06:58:21.129 [main] DEBUG o.s.b.f.s.DefaultListableBeanFactory - Autowiring by type from bean name 'initializeAuthenticationProviderBeanManagerConfigurer' via factory method to bean named 'org.springframework.web.context.support.GenericWebApplicationContext@28a74e4a'
06:58:21.129 [main] DEBUG o.s.b.f.s.DefaultListableBeanFactory - Eagerly caching bean 'initializeAuthenticationProviderBeanManagerConfigurer' to allow for resolving potential circular references
06:58:21.130 [main] DEBUG o.s.b.f.s.DefaultListableBeanFactory - Returning cached instance of singleton bean 'metaDataSourceAdvisor'
06:58:21.131 [main] DEBUG o.s.b.f.s.DefaultListableBeanFactory - Finished creating instance of bean 'initializeAuthenticationProviderBeanManagerConfigurer'
06:58:21.131 [main] DEBUG o.s.b.f.a.AutowiredAnnotationBeanPostProcessor - Autowiring by type from bean name 'org.springframework.security.config.annotation.authentication.configuration.AuthenticationConfiguration' to bean named 'enableGlobalAuthenticationAutowiredConfigurer'
06:58:21.131 [main] DEBUG o.s.b.f.a.AutowiredAnnotationBeanPostProcessor - Autowiring by type from bean name 'org.springframework.security.config.annotation.authentication.configuration.AuthenticationConfiguration' to bean named 'initializeUserDetailsBeanManagerConfigurer'
06:58:21.131 [main] DEBUG o.s.b.f.a.AutowiredAnnotationBeanPostProcessor - Autowiring by type from bean name 'org.springframework.security.config.annotation.authentication.configuration.AuthenticationConfiguration' to bean named 'initializeAuthenticationProviderBeanManagerConfigurer'
06:58:21.131 [main] DEBUG o.s.b.f.annotation.InjectionMetadata - Processing injected element of bean 'org.springframework.security.config.annotation.authentication.configuration.AuthenticationConfiguration': AutowiredMethodElement for public void org.springframework.security.config.annotation.authentication.configuration.AuthenticationConfiguration.setObjectPostProcessor(org.springframework.security.config.annotation.ObjectPostProcessor)
06:58:21.131 [main] DEBUG o.s.b.f.s.DefaultListableBeanFactory - Returning cached instance of singleton bean 'objectPostProcessor'
06:58:21.131 [main] DEBUG o.s.b.f.a.AutowiredAnnotationBeanPostProcessor - Autowiring by type from bean name 'org.springframework.security.config.annotation.authentication.configuration.AuthenticationConfiguration' to bean named 'objectPostProcessor'
06:58:21.131 [main] DEBUG o.s.b.f.s.DefaultListableBeanFactory - Returning cached instance of singleton bean 'metaDataSourceAdvisor'
06:58:21.133 [main] DEBUG o.s.b.f.s.DefaultListableBeanFactory - Finished creating instance of bean 'org.springframework.security.config.annotation.authentication.configuration.AuthenticationConfiguration'
06:58:21.133 [main] DEBUG o.s.b.f.a.AutowiredAnnotationBeanPostProcessor - Autowiring by type from bean name 'securityConfig' to bean named 'org.springframework.security.config.annotation.authentication.configuration.AuthenticationConfiguration'
06:58:21.133 [main] DEBUG o.s.b.f.annotation.InjectionMetadata - Processing injected element of bean 'securityConfig': AutowiredMethodElement for public void org.springframework.security.config.annotation.web.configuration.WebSecurityConfigurerAdapter.setTrustResolver(org.springframework.security.authentication.AuthenticationTrustResolver)
06:58:21.133 [main] DEBUG o.s.b.f.annotation.InjectionMetadata - Processing injected element of bean 'securityConfig': AutowiredMethodElement for public void org.springframework.security.config.annotation.web.configuration.WebSecurityConfigurerAdapter.setObjectPostProcessor(org.springframework.security.config.annotation.ObjectPostProcessor)
06:58:21.133 [main] DEBUG o.s.b.f.s.DefaultListableBeanFactory - Returning cached instance of singleton bean 'objectPostProcessor'
06:58:21.133 [main] DEBUG o.s.b.f.a.AutowiredAnnotationBeanPostProcessor - Autowiring by type from bean name 'securityConfig' to bean named 'objectPostProcessor'
06:58:21.133 [main] DEBUG o.s.b.f.annotation.InjectionMetadata - Processing injected element of bean 'securityConfig': AutowiredFieldElement for javax.sql.DataSource edu.ncsu.csc.itrust2.config.SecurityConfig.dataSource
06:58:21.134 [main] DEBUG o.s.b.f.s.DefaultListableBeanFactory - Creating shared instance of singleton bean 'dataSource'
06:58:21.134 [main] DEBUG o.s.b.f.s.DefaultListableBeanFactory - Creating instance of bean 'dataSource'
06:58:21.134 [main] DEBUG o.s.b.f.s.DefaultListableBeanFactory - Returning cached instance of singleton bean 'dataConfiguration'
06:58:21.134 [main] INFO  o.s.j.d.DriverManagerDataSource - Loaded JDBC driver: com.mysql.jdbc.Driver
06:58:21.134 [main] DEBUG o.s.b.f.s.DefaultListableBeanFactory - Eagerly caching bean 'dataSource' to allow for resolving potential circular references
06:58:21.135 [main] DEBUG o.s.b.f.s.DefaultListableBeanFactory - Returning cached instance of singleton bean 'metaDataSourceAdvisor'
06:58:21.137 [main] DEBUG o.s.b.f.s.DefaultListableBeanFactory - Finished creating instance of bean 'dataSource'
06:58:21.137 [main] DEBUG o.s.b.f.a.AutowiredAnnotationBeanPostProcessor - Autowiring by type from bean name 'securityConfig' to bean named 'dataSource'
06:58:21.137 [main] DEBUG o.s.b.f.annotation.InjectionMetadata - Processing injected element of bean 'securityConfig': AutowiredMethodElement for public void edu.ncsu.csc.itrust2.config.SecurityConfig.configureGlobal(org.springframework.security.config.annotation.authentication.builders.AuthenticationManagerBuilder) throws java.lang.Exception
06:58:21.138 [main] DEBUG o.s.b.f.s.DefaultListableBeanFactory - Creating shared instance of singleton bean 'authenticationManagerBuilder'
06:58:21.138 [main] DEBUG o.s.b.f.s.DefaultListableBeanFactory - Creating instance of bean 'authenticationManagerBuilder'
06:58:21.138 [main] DEBUG o.s.b.f.s.DefaultListableBeanFactory - Returning cached instance of singleton bean 'org.springframework.security.config.annotation.authentication.configuration.AuthenticationConfiguration'
06:58:21.138 [main] DEBUG o.s.b.f.s.DefaultListableBeanFactory - Returning cached instance of singleton bean 'objectPostProcessor'
06:58:21.138 [main] DEBUG o.s.b.f.s.DefaultListableBeanFactory - Autowiring by type from bean name 'authenticationManagerBuilder' via factory method to bean named 'objectPostProcessor'
06:58:21.139 [main] DEBUG o.s.b.f.s.DefaultListableBeanFactory - Eagerly caching bean 'authenticationManagerBuilder' to allow for resolving potential circular references
06:58:21.141 [main] DEBUG o.s.b.f.s.DefaultListableBeanFactory - Returning cached instance of singleton bean 'metaDataSourceAdvisor'
06:58:21.144 [main] DEBUG o.s.b.f.s.DefaultListableBeanFactory - Finished creating instance of bean 'authenticationManagerBuilder'
06:58:21.144 [main] DEBUG o.s.b.f.a.AutowiredAnnotationBeanPostProcessor - Autowiring by type from bean name 'securityConfig' to bean named 'authenticationManagerBuilder'
06:58:21.145 [main] DEBUG o.s.b.f.s.DefaultListableBeanFactory - Creating shared instance of singleton bean 'passwordEncoder'
06:58:21.145 [main] DEBUG o.s.b.f.s.DefaultListableBeanFactory - Creating instance of bean 'passwordEncoder'
06:58:21.145 [main] DEBUG o.s.b.f.s.DefaultListableBeanFactory - Returning cached instance of singleton bean 'metaDataSourceAdvisor'
06:58:21.148 [main] DEBUG o.s.b.f.s.DefaultListableBeanFactory - Returning eagerly cached instance of singleton bean 'securityConfig' that is not fully initialized yet - a consequence of a circular reference
06:58:21.148 [main] DEBUG o.s.b.f.s.DefaultListableBeanFactory - Eagerly caching bean 'passwordEncoder' to allow for resolving potential circular references
06:58:21.149 [main] DEBUG o.s.b.f.s.DefaultListableBeanFactory - Returning cached instance of singleton bean 'metaDataSourceAdvisor'
06:58:21.149 [main] DEBUG o.s.b.f.s.DefaultListableBeanFactory - Finished creating instance of bean 'passwordEncoder'
06:58:21.244 [main] DEBUG o.s.b.f.s.DefaultListableBeanFactory - Creating shared instance of singleton bean 'defaultAuthenticationEventPublisher'
06:58:21.244 [main] DEBUG o.s.b.f.s.DefaultListableBeanFactory - Creating instance of bean 'defaultAuthenticationEventPublisher'
06:58:21.244 [main] DEBUG o.s.b.f.s.DefaultListableBeanFactory - Returning eagerly cached instance of singleton bean 'securityConfig' that is not fully initialized yet - a consequence of a circular reference
06:58:21.244 [main] DEBUG o.s.b.f.s.DefaultListableBeanFactory - Eagerly caching bean 'defaultAuthenticationEventPublisher' to allow for resolving potential circular references
06:58:21.246 [main] DEBUG o.s.b.f.s.DefaultListableBeanFactory - Returning cached instance of singleton bean 'metaDataSourceAdvisor'
06:58:21.246 [main] DEBUG o.s.b.f.s.DefaultListableBeanFactory - Finished creating instance of bean 'defaultAuthenticationEventPublisher'
06:58:21.246 [main] DEBUG o.s.b.f.s.DefaultListableBeanFactory - Finished creating instance of bean 'securityConfig'
06:58:21.246 [main] DEBUG o.s.b.f.s.DefaultListableBeanFactory - Creating shared instance of singleton bean 'defaultController'
06:58:21.246 [main] DEBUG o.s.b.f.s.DefaultListableBeanFactory - Creating instance of bean 'defaultController'
06:58:21.246 [main] DEBUG o.s.b.f.s.DefaultListableBeanFactory - Eagerly caching bean 'defaultController' to allow for resolving potential circular references
06:58:21.246 [main] DEBUG o.s.b.f.s.DefaultListableBeanFactory - Returning cached instance of singleton bean 'metaDataSourceAdvisor'
06:58:21.246 [main] DEBUG o.s.b.f.s.DefaultListableBeanFactory - Finished creating instance of bean 'defaultController'
06:58:21.246 [main] DEBUG o.s.b.f.s.DefaultListableBeanFactory - Creating shared instance of singleton bean 'adminController'
06:58:21.246 [main] DEBUG o.s.b.f.s.DefaultListableBeanFactory - Creating instance of bean 'adminController'
06:58:21.246 [main] DEBUG o.s.b.f.s.DefaultListableBeanFactory - Eagerly caching bean 'adminController' to allow for resolving potential circular references
06:58:21.246 [main] DEBUG o.s.b.f.s.DefaultListableBeanFactory - Returning cached instance of singleton bean 'metaDataSourceAdvisor'
06:58:21.247 [main] DEBUG o.s.s.a.p.PrePostAnnotationSecurityMetadataSource - @org.springframework.security.access.prepost.PreAuthorize(value=hasRole('ROLE_ADMIN')) found on specific method: public java.lang.String edu.ncsu.csc.itrust2.controllers.admin.AdminController.index(org.springframework.ui.Model)
06:58:21.247 [main] DEBUG o.s.s.a.m.DelegatingMethodSecurityMetadataSource - Caching method [CacheKey[edu.ncsu.csc.itrust2.controllers.admin.AdminController; public java.lang.String edu.ncsu.csc.itrust2.controllers.admin.AdminController.index(org.springframework.ui.Model)]] with attributes [[authorize: 'hasRole('ROLE_ADMIN')', filter: 'null', filterTarget: 'null']]
06:58:21.247 [main] DEBUG o.s.a.f.a.InfrastructureAdvisorAutoProxyCreator - Creating implicit proxy for bean 'adminController' with 0 common interceptors and 1 specific interceptors
06:58:21.247 [main] DEBUG o.s.aop.framework.CglibAopProxy - Creating CGLIB proxy: target source is SingletonTargetSource for target object [edu.ncsu.csc.itrust2.controllers.admin.AdminController@2dee7874]
06:58:21.247 [main] DEBUG o.s.b.f.s.DefaultListableBeanFactory - Creating shared instance of singleton bean 'methodSecurityInterceptor'
06:58:21.247 [main] DEBUG o.s.b.f.s.DefaultListableBeanFactory - Creating instance of bean 'methodSecurityInterceptor'
06:58:21.247 [main] DEBUG o.s.b.f.s.DefaultListableBeanFactory - Returning cached instance of singleton bean 'org.springframework.security.config.annotation.method.configuration.GlobalMethodSecurityConfiguration'
06:58:21.247 [main] DEBUG o.s.b.f.s.DefaultListableBeanFactory - Returning cached instance of singleton bean 'methodSecurityMetadataSource'
06:58:21.247 [main] DEBUG o.s.b.f.s.DefaultListableBeanFactory - Eagerly caching bean 'methodSecurityInterceptor' to allow for resolving potential circular references
06:58:21.249 [main] DEBUG o.s.b.f.s.DefaultListableBeanFactory - Invoking afterPropertiesSet() on bean with name 'methodSecurityInterceptor'
06:58:21.249 [main] DEBUG o.s.s.a.i.a.MethodSecurityInterceptor - Validated configuration attributes
06:58:21.250 [main] DEBUG o.s.b.f.s.DefaultListableBeanFactory - Finished creating instance of bean 'methodSecurityInterceptor'
06:58:21.250 [main] DEBUG o.s.aop.framework.CglibAopProxy - Unable to apply any optimisations to advised method: public java.lang.String edu.ncsu.csc.itrust2.controllers.admin.AdminController.index(org.springframework.ui.Model)
06:58:21.250 [main] DEBUG o.s.aop.framework.CglibAopProxy - Found 'equals' method: public boolean java.lang.Object.equals(java.lang.Object)
06:58:21.250 [main] DEBUG o.s.aop.framework.CglibAopProxy - Unable to apply any optimisations to advised method: public java.lang.String java.lang.Object.toString()
06:58:21.250 [main] DEBUG o.s.aop.framework.CglibAopProxy - Found 'hashCode' method: public native int java.lang.Object.hashCode()
06:58:21.250 [main] DEBUG o.s.aop.framework.CglibAopProxy - Unable to apply any optimisations to advised method: protected native java.lang.Object java.lang.Object.clone() throws java.lang.CloneNotSupportedException
06:58:21.250 [main] DEBUG o.s.aop.framework.CglibAopProxy - Method is declared on Advised interface: public abstract org.springframework.aop.TargetSource org.springframework.aop.framework.Advised.getTargetSource()
06:58:21.250 [main] DEBUG o.s.aop.framework.CglibAopProxy - Method is declared on Advised interface: public abstract boolean org.springframework.aop.framework.Advised.isProxyTargetClass()
06:58:21.250 [main] DEBUG o.s.aop.framework.CglibAopProxy - Method is declared on Advised interface: public abstract void org.springframework.aop.framework.Advised.addAdvisor(org.springframework.aop.Advisor) throws org.springframework.aop.framework.AopConfigException
06:58:21.250 [main] DEBUG o.s.aop.framework.CglibAopProxy - Method is declared on Advised interface: public abstract void org.springframework.aop.framework.Advised.addAdvisor(int,org.springframework.aop.Advisor) throws org.springframework.aop.framework.AopConfigException
06:58:21.250 [main] DEBUG o.s.aop.framework.CglibAopProxy - Method is declared on Advised interface: public abstract void org.springframework.aop.framework.Advised.setPreFiltered(boolean)
06:58:21.250 [main] DEBUG o.s.aop.framework.CglibAopProxy - Method is declared on Advised interface: public abstract void org.springframework.aop.framework.Advised.setExposeProxy(boolean)
06:58:21.250 [main] DEBUG o.s.aop.framework.CglibAopProxy - Method is declared on Advised interface: public abstract boolean org.springframework.aop.framework.Advised.isExposeProxy()
06:58:21.250 [main] DEBUG o.s.aop.framework.CglibAopProxy - Method is declared on Advised interface: public abstract void org.springframework.aop.framework.Advised.addAdvice(org.aopalliance.aop.Advice) throws org.springframework.aop.framework.AopConfigException
06:58:21.250 [main] DEBUG o.s.aop.framework.CglibAopProxy - Method is declared on Advised interface: public abstract void org.springframework.aop.framework.Advised.addAdvice(int,org.aopalliance.aop.Advice) throws org.springframework.aop.framework.AopConfigException
06:58:21.250 [main] DEBUG o.s.aop.framework.CglibAopProxy - Method is declared on Advised interface: public abstract boolean org.springframework.aop.framework.Advised.isPreFiltered()
06:58:21.250 [main] DEBUG o.s.aop.framework.CglibAopProxy - Method is declared on Advised interface: public abstract java.lang.Class[] org.springframework.aop.framework.Advised.getProxiedInterfaces()
06:58:21.250 [main] DEBUG o.s.aop.framework.CglibAopProxy - Method is declared on Advised interface: public abstract boolean org.springframework.aop.framework.Advised.isInterfaceProxied(java.lang.Class)
06:58:21.250 [main] DEBUG o.s.aop.framework.CglibAopProxy - Method is declared on Advised interface: public abstract org.springframework.aop.Advisor[] org.springframework.aop.framework.Advised.getAdvisors()
06:58:21.250 [main] DEBUG o.s.aop.framework.CglibAopProxy - Method is declared on Advised interface: public abstract boolean org.springframework.aop.framework.Advised.removeAdvisor(org.springframework.aop.Advisor)
06:58:21.250 [main] DEBUG o.s.aop.framework.CglibAopProxy - Method is declared on Advised interface: public abstract void org.springframework.aop.framework.Advised.removeAdvisor(int) throws org.springframework.aop.framework.AopConfigException
06:58:21.250 [main] DEBUG o.s.aop.framework.CglibAopProxy - Method is declared on Advised interface: public abstract boolean org.springframework.aop.framework.Advised.replaceAdvisor(org.springframework.aop.Advisor,org.springframework.aop.Advisor) throws org.springframework.aop.framework.AopConfigException
06:58:21.250 [main] DEBUG o.s.aop.framework.CglibAopProxy - Method is declared on Advised interface: public abstract boolean org.springframework.aop.framework.Advised.removeAdvice(org.aopalliance.aop.Advice)
06:58:21.250 [main] DEBUG o.s.aop.framework.CglibAopProxy - Method is declared on Advised interface: public abstract java.lang.String org.springframework.aop.framework.Advised.toProxyConfigString()
06:58:21.250 [main] DEBUG o.s.aop.framework.CglibAopProxy - Method is declared on Advised interface: public abstract void org.springframework.aop.framework.Advised.setTargetSource(org.springframework.aop.TargetSource)
06:58:21.250 [main] DEBUG o.s.aop.framework.CglibAopProxy - Method is declared on Advised interface: public abstract int org.springframework.aop.framework.Advised.indexOf(org.aopalliance.aop.Advice)
06:58:21.250 [main] DEBUG o.s.aop.framework.CglibAopProxy - Method is declared on Advised interface: public abstract int org.springframework.aop.framework.Advised.indexOf(org.springframework.aop.Advisor)
06:58:21.250 [main] DEBUG o.s.aop.framework.CglibAopProxy - Method is declared on Advised interface: public abstract boolean org.springframework.aop.framework.Advised.isFrozen()
06:58:21.250 [main] DEBUG o.s.aop.framework.CglibAopProxy - Method is declared on Advised interface: public abstract java.lang.Class org.springframework.aop.TargetClassAware.getTargetClass()
06:58:21.256 [main] DEBUG o.s.b.f.s.DefaultListableBeanFactory - Finished creating instance of bean 'adminController'
06:58:21.256 [main] DEBUG o.s.b.f.s.DefaultListableBeanFactory - Creating shared instance of singleton bean 'adminUserController'
06:58:21.256 [main] DEBUG o.s.b.f.s.DefaultListableBeanFactory - Creating instance of bean 'adminUserController'
06:58:21.256 [main] DEBUG o.s.b.f.s.DefaultListableBeanFactory - Eagerly caching bean 'adminUserController' to allow for resolving potential circular references
06:58:21.257 [main] DEBUG o.s.b.f.s.DefaultListableBeanFactory - Returning cached instance of singleton bean 'metaDataSourceAdvisor'
06:58:21.257 [main] DEBUG o.s.s.a.p.PrePostAnnotationSecurityMetadataSource - @org.springframework.security.access.prepost.PreAuthorize(value=hasRole('ROLE_ADMIN')) found on specific method: public java.lang.String edu.ncsu.csc.itrust2.controllers.admin.AdminUserController.deleteUser(org.springframework.ui.Model)
06:58:21.257 [main] DEBUG o.s.s.a.m.DelegatingMethodSecurityMetadataSource - Caching method [CacheKey[edu.ncsu.csc.itrust2.controllers.admin.AdminUserController; public java.lang.String edu.ncsu.csc.itrust2.controllers.admin.AdminUserController.deleteUser(org.springframework.ui.Model)]] with attributes [[authorize: 'hasRole('ROLE_ADMIN')', filter: 'null', filterTarget: 'null']]
06:58:21.257 [main] DEBUG o.s.a.f.a.InfrastructureAdvisorAutoProxyCreator - Creating implicit proxy for bean 'adminUserController' with 0 common interceptors and 1 specific interceptors
06:58:21.257 [main] DEBUG o.s.aop.framework.CglibAopProxy - Creating CGLIB proxy: target source is SingletonTargetSource for target object [edu.ncsu.csc.itrust2.controllers.admin.AdminUserController@221885c3]
06:58:21.257 [main] DEBUG o.s.aop.framework.CglibAopProxy - Unable to apply any optimisations to advised method: public java.lang.String edu.ncsu.csc.itrust2.controllers.admin.AdminUserController.deleteUser(org.springframework.ui.Model)
06:58:21.257 [main] DEBUG o.s.s.a.p.PrePostAnnotationSecurityMetadataSource - @org.springframework.security.access.prepost.PreAuthorize(value=hasRole('ROLE_ADMIN')) found on specific method: public java.lang.String edu.ncsu.csc.itrust2.controllers.admin.AdminUserController.deleteUserSubmit(edu.ncsu.csc.itrust2.forms.admin.DeleteUserForm,org.springframework.validation.BindingResult,org.springframework.ui.Model)
06:58:21.258 [main] DEBUG o.s.s.a.m.DelegatingMethodSecurityMetadataSource - Caching method [CacheKey[edu.ncsu.csc.itrust2.controllers.admin.AdminUserController; public java.lang.String edu.ncsu.csc.itrust2.controllers.admin.AdminUserController.deleteUserSubmit(edu.ncsu.csc.itrust2.forms.admin.DeleteUserForm,org.springframework.validation.BindingResult,org.springframework.ui.Model)]] with attributes [[authorize: 'hasRole('ROLE_ADMIN')', filter: 'null', filterTarget: 'null']]
06:58:21.258 [main] DEBUG o.s.aop.framework.CglibAopProxy - Unable to apply any optimisations to advised method: public java.lang.String edu.ncsu.csc.itrust2.controllers.admin.AdminUserController.deleteUserSubmit(edu.ncsu.csc.itrust2.forms.admin.DeleteUserForm,org.springframework.validation.BindingResult,org.springframework.ui.Model)
06:58:21.258 [main] DEBUG o.s.s.a.p.PrePostAnnotationSecurityMetadataSource - @org.springframework.security.access.prepost.PreAuthorize(value=hasRole('ROLE_ADMIN')) found on specific method: public java.lang.String edu.ncsu.csc.itrust2.controllers.admin.AdminUserController.addUserSubmit(edu.ncsu.csc.itrust2.forms.admin.UserForm,org.springframework.validation.BindingResult,org.springframework.ui.Model)
06:58:21.258 [main] DEBUG o.s.s.a.m.DelegatingMethodSecurityMetadataSource - Caching method [CacheKey[edu.ncsu.csc.itrust2.controllers.admin.AdminUserController; public java.lang.String edu.ncsu.csc.itrust2.controllers.admin.AdminUserController.addUserSubmit(edu.ncsu.csc.itrust2.forms.admin.UserForm,org.springframework.validation.BindingResult,org.springframework.ui.Model)]] with attributes [[authorize: 'hasRole('ROLE_ADMIN')', filter: 'null', filterTarget: 'null']]
06:58:21.258 [main] DEBUG o.s.aop.framework.CglibAopProxy - Unable to apply any optimisations to advised method: public java.lang.String edu.ncsu.csc.itrust2.controllers.admin.AdminUserController.addUserSubmit(edu.ncsu.csc.itrust2.forms.admin.UserForm,org.springframework.validation.BindingResult,org.springframework.ui.Model)
06:58:21.258 [main] DEBUG o.s.s.a.p.PrePostAnnotationSecurityMetadataSource - @org.springframework.security.access.prepost.PreAuthorize(value=hasRole('ROLE_ADMIN')) found on specific method: public java.lang.String edu.ncsu.csc.itrust2.controllers.admin.AdminUserController.drugs(org.springframework.ui.Model)
06:58:21.258 [main] DEBUG o.s.s.a.m.DelegatingMethodSecurityMetadataSource - Caching method [CacheKey[edu.ncsu.csc.itrust2.controllers.admin.AdminUserController; public java.lang.String edu.ncsu.csc.itrust2.controllers.admin.AdminUserController.drugs(org.springframework.ui.Model)]] with attributes [[authorize: 'hasRole('ROLE_ADMIN')', filter: 'null', filterTarget: 'null']]
06:58:21.258 [main] DEBUG o.s.aop.framework.CglibAopProxy - Unable to apply any optimisations to advised method: public java.lang.String edu.ncsu.csc.itrust2.controllers.admin.AdminUserController.drugs(org.springframework.ui.Model)
06:58:21.258 [main] DEBUG o.s.s.a.p.PrePostAnnotationSecurityMetadataSource - @org.springframework.security.access.prepost.PreAuthorize(value=hasRole('ROLE_ADMIN')) found on specific method: public java.lang.String edu.ncsu.csc.itrust2.controllers.admin.AdminUserController.addUser(org.springframework.ui.Model)
06:58:21.258 [main] DEBUG o.s.s.a.m.DelegatingMethodSecurityMetadataSource - Caching method [CacheKey[edu.ncsu.csc.itrust2.controllers.admin.AdminUserController; public java.lang.String edu.ncsu.csc.itrust2.controllers.admin.AdminUserController.addUser(org.springframework.ui.Model)]] with attributes [[authorize: 'hasRole('ROLE_ADMIN')', filter: 'null', filterTarget: 'null']]
06:58:21.258 [main] DEBUG o.s.aop.framework.CglibAopProxy - Unable to apply any optimisations to advised method: public java.lang.String edu.ncsu.csc.itrust2.controllers.admin.AdminUserController.addUser(org.springframework.ui.Model)
06:58:21.258 [main] DEBUG o.s.aop.framework.CglibAopProxy - Found 'equals' method: public boolean java.lang.Object.equals(java.lang.Object)
06:58:21.258 [main] DEBUG o.s.aop.framework.CglibAopProxy - Unable to apply any optimisations to advised method: public java.lang.String java.lang.Object.toString()
06:58:21.258 [main] DEBUG o.s.aop.framework.CglibAopProxy - Found 'hashCode' method: public native int java.lang.Object.hashCode()
06:58:21.258 [main] DEBUG o.s.aop.framework.CglibAopProxy - Unable to apply any optimisations to advised method: protected native java.lang.Object java.lang.Object.clone() throws java.lang.CloneNotSupportedException
06:58:21.258 [main] DEBUG o.s.aop.framework.CglibAopProxy - Method is declared on Advised interface: public abstract org.springframework.aop.TargetSource org.springframework.aop.framework.Advised.getTargetSource()
06:58:21.258 [main] DEBUG o.s.aop.framework.CglibAopProxy - Method is declared on Advised interface: public abstract boolean org.springframework.aop.framework.Advised.isProxyTargetClass()
06:58:21.258 [main] DEBUG o.s.aop.framework.CglibAopProxy - Method is declared on Advised interface: public abstract void org.springframework.aop.framework.Advised.addAdvisor(org.springframework.aop.Advisor) throws org.springframework.aop.framework.AopConfigException
06:58:21.258 [main] DEBUG o.s.aop.framework.CglibAopProxy - Method is declared on Advised interface: public abstract void org.springframework.aop.framework.Advised.addAdvisor(int,org.springframework.aop.Advisor) throws org.springframework.aop.framework.AopConfigException
06:58:21.258 [main] DEBUG o.s.aop.framework.CglibAopProxy - Method is declared on Advised interface: public abstract void org.springframework.aop.framework.Advised.setPreFiltered(boolean)
06:58:21.258 [main] DEBUG o.s.aop.framework.CglibAopProxy - Method is declared on Advised interface: public abstract void org.springframework.aop.framework.Advised.setExposeProxy(boolean)
06:58:21.258 [main] DEBUG o.s.aop.framework.CglibAopProxy - Method is declared on Advised interface: public abstract boolean org.springframework.aop.framework.Advised.isExposeProxy()
06:58:21.258 [main] DEBUG o.s.aop.framework.CglibAopProxy - Method is declared on Advised interface: public abstract void org.springframework.aop.framework.Advised.addAdvice(org.aopalliance.aop.Advice) throws org.springframework.aop.framework.AopConfigException
06:58:21.258 [main] DEBUG o.s.aop.framework.CglibAopProxy - Method is declared on Advised interface: public abstract void org.springframework.aop.framework.Advised.addAdvice(int,org.aopalliance.aop.Advice) throws org.springframework.aop.framework.AopConfigException
06:58:21.258 [main] DEBUG o.s.aop.framework.CglibAopProxy - Method is declared on Advised interface: public abstract boolean org.springframework.aop.framework.Advised.isPreFiltered()
06:58:21.258 [main] DEBUG o.s.aop.framework.CglibAopProxy - Method is declared on Advised interface: public abstract java.lang.Class[] org.springframework.aop.framework.Advised.getProxiedInterfaces()
06:58:21.258 [main] DEBUG o.s.aop.framework.CglibAopProxy - Method is declared on Advised interface: public abstract boolean org.springframework.aop.framework.Advised.isInterfaceProxied(java.lang.Class)
06:58:21.258 [main] DEBUG o.s.aop.framework.CglibAopProxy - Method is declared on Advised interface: public abstract org.springframework.aop.Advisor[] org.springframework.aop.framework.Advised.getAdvisors()
06:58:21.258 [main] DEBUG o.s.aop.framework.CglibAopProxy - Method is declared on Advised interface: public abstract boolean org.springframework.aop.framework.Advised.removeAdvisor(org.springframework.aop.Advisor)
06:58:21.258 [main] DEBUG o.s.aop.framework.CglibAopProxy - Method is declared on Advised interface: public abstract void org.springframework.aop.framework.Advised.removeAdvisor(int) throws org.springframework.aop.framework.AopConfigException
06:58:21.258 [main] DEBUG o.s.aop.framework.CglibAopProxy - Method is declared on Advised interface: public abstract boolean org.springframework.aop.framework.Advised.replaceAdvisor(org.springframework.aop.Advisor,org.springframework.aop.Advisor) throws org.springframework.aop.framework.AopConfigException
06:58:21.258 [main] DEBUG o.s.aop.framework.CglibAopProxy - Method is declared on Advised interface: public abstract boolean org.springframework.aop.framework.Advised.removeAdvice(org.aopalliance.aop.Advice)
06:58:21.258 [main] DEBUG o.s.aop.framework.CglibAopProxy - Method is declared on Advised interface: public abstract java.lang.String org.springframework.aop.framework.Advised.toProxyConfigString()
06:58:21.258 [main] DEBUG o.s.aop.framework.CglibAopProxy - Method is declared on Advised interface: public abstract void org.springframework.aop.framework.Advised.setTargetSource(org.springframework.aop.TargetSource)
06:58:21.258 [main] DEBUG o.s.aop.framework.CglibAopProxy - Method is declared on Advised interface: public abstract int org.springframework.aop.framework.Advised.indexOf(org.aopalliance.aop.Advice)
06:58:21.258 [main] DEBUG o.s.aop.framework.CglibAopProxy - Method is declared on Advised interface: public abstract int org.springframework.aop.framework.Advised.indexOf(org.springframework.aop.Advisor)
06:58:21.258 [main] DEBUG o.s.aop.framework.CglibAopProxy - Method is declared on Advised interface: public abstract boolean org.springframework.aop.framework.Advised.isFrozen()
06:58:21.258 [main] DEBUG o.s.aop.framework.CglibAopProxy - Method is declared on Advised interface: public abstract java.lang.Class org.springframework.aop.TargetClassAware.getTargetClass()
06:58:21.264 [main] DEBUG o.s.b.f.s.DefaultListableBeanFactory - Finished creating instance of bean 'adminUserController'
06:58:21.264 [main] DEBUG o.s.b.f.s.DefaultListableBeanFactory - Creating shared instance of singleton bean 'hospitalController'
06:58:21.264 [main] DEBUG o.s.b.f.s.DefaultListableBeanFactory - Creating instance of bean 'hospitalController'
06:58:21.264 [main] DEBUG o.s.b.f.s.DefaultListableBeanFactory - Eagerly caching bean 'hospitalController' to allow for resolving potential circular references
06:58:21.265 [main] DEBUG o.s.b.f.s.DefaultListableBeanFactory - Returning cached instance of singleton bean 'metaDataSourceAdvisor'
06:58:21.265 [main] DEBUG o.s.s.a.p.PrePostAnnotationSecurityMetadataSource - @org.springframework.security.access.prepost.PreAuthorize(value=hasRole('ROLE_ADMIN')) found on specific method: public java.lang.String edu.ncsu.csc.itrust2.controllers.admin.HospitalController.addHospitalSubmit(edu.ncsu.csc.itrust2.forms.admin.HospitalForm,org.springframework.validation.BindingResult,org.springframework.ui.Model)
06:58:21.265 [main] DEBUG o.s.s.a.m.DelegatingMethodSecurityMetadataSource - Caching method [CacheKey[edu.ncsu.csc.itrust2.controllers.admin.HospitalController; public java.lang.String edu.ncsu.csc.itrust2.controllers.admin.HospitalController.addHospitalSubmit(edu.ncsu.csc.itrust2.forms.admin.HospitalForm,org.springframework.validation.BindingResult,org.springframework.ui.Model)]] with attributes [[authorize: 'hasRole('ROLE_ADMIN')', filter: 'null', filterTarget: 'null']]
06:58:21.265 [main] DEBUG o.s.a.f.a.InfrastructureAdvisorAutoProxyCreator - Creating implicit proxy for bean 'hospitalController' with 0 common interceptors and 1 specific interceptors
06:58:21.265 [main] DEBUG o.s.aop.framework.CglibAopProxy - Creating CGLIB proxy: target source is SingletonTargetSource for target object [edu.ncsu.csc.itrust2.controllers.admin.HospitalController@27ddc4ff]
06:58:21.265 [main] DEBUG o.s.aop.framework.CglibAopProxy - Unable to apply any optimisations to advised method: public java.lang.String edu.ncsu.csc.itrust2.controllers.admin.HospitalController.addHospitalSubmit(edu.ncsu.csc.itrust2.forms.admin.HospitalForm,org.springframework.validation.BindingResult,org.springframework.ui.Model)
06:58:21.265 [main] DEBUG o.s.s.a.p.PrePostAnnotationSecurityMetadataSource - @org.springframework.security.access.prepost.PreAuthorize(value=hasRole('ROLE_ADMIN')) found on specific method: public java.lang.String edu.ncsu.csc.itrust2.controllers.admin.HospitalController.deleteHospital(org.springframework.ui.Model)
06:58:21.266 [main] DEBUG o.s.s.a.m.DelegatingMethodSecurityMetadataSource - Caching method [CacheKey[edu.ncsu.csc.itrust2.controllers.admin.HospitalController; public java.lang.String edu.ncsu.csc.itrust2.controllers.admin.HospitalController.deleteHospital(org.springframework.ui.Model)]] with attributes [[authorize: 'hasRole('ROLE_ADMIN')', filter: 'null', filterTarget: 'null']]
06:58:21.266 [main] DEBUG o.s.aop.framework.CglibAopProxy - Unable to apply any optimisations to advised method: public java.lang.String edu.ncsu.csc.itrust2.controllers.admin.HospitalController.deleteHospital(org.springframework.ui.Model)
06:58:21.266 [main] DEBUG o.s.s.a.p.PrePostAnnotationSecurityMetadataSource - @org.springframework.security.access.prepost.PreAuthorize(value=hasRole('ROLE_ADMIN')) found on specific method: public java.lang.String edu.ncsu.csc.itrust2.controllers.admin.HospitalController.deleteHospitalSubmit(edu.ncsu.csc.itrust2.forms.admin.DeleteHospitalForm,org.springframework.validation.BindingResult,org.springframework.ui.Model)
06:58:21.266 [main] DEBUG o.s.s.a.m.DelegatingMethodSecurityMetadataSource - Caching method [CacheKey[edu.ncsu.csc.itrust2.controllers.admin.HospitalController; public java.lang.String edu.ncsu.csc.itrust2.controllers.admin.HospitalController.deleteHospitalSubmit(edu.ncsu.csc.itrust2.forms.admin.DeleteHospitalForm,org.springframework.validation.BindingResult,org.springframework.ui.Model)]] with attributes [[authorize: 'hasRole('ROLE_ADMIN')', filter: 'null', filterTarget: 'null']]
06:58:21.266 [main] DEBUG o.s.aop.framework.CglibAopProxy - Unable to apply any optimisations to advised method: public java.lang.String edu.ncsu.csc.itrust2.controllers.admin.HospitalController.deleteHospitalSubmit(edu.ncsu.csc.itrust2.forms.admin.DeleteHospitalForm,org.springframework.validation.BindingResult,org.springframework.ui.Model)
06:58:21.266 [main] DEBUG o.s.s.a.p.PrePostAnnotationSecurityMetadataSource - @org.springframework.security.access.prepost.PreAuthorize(value=hasRole('ROLE_ADMIN')) found on specific method: public java.lang.String edu.ncsu.csc.itrust2.controllers.admin.HospitalController.addHospital(org.springframework.ui.Model)
06:58:21.266 [main] DEBUG o.s.s.a.m.DelegatingMethodSecurityMetadataSource - Caching method [CacheKey[edu.ncsu.csc.itrust2.controllers.admin.HospitalController; public java.lang.String edu.ncsu.csc.itrust2.controllers.admin.HospitalController.addHospital(org.springframework.ui.Model)]] with attributes [[authorize: 'hasRole('ROLE_ADMIN')', filter: 'null', filterTarget: 'null']]
06:58:21.266 [main] DEBUG o.s.aop.framework.CglibAopProxy - Unable to apply any optimisations to advised method: public java.lang.String edu.ncsu.csc.itrust2.controllers.admin.HospitalController.addHospital(org.springframework.ui.Model)
06:58:21.266 [main] DEBUG o.s.aop.framework.CglibAopProxy - Found 'equals' method: public boolean java.lang.Object.equals(java.lang.Object)
06:58:21.266 [main] DEBUG o.s.aop.framework.CglibAopProxy - Unable to apply any optimisations to advised method: public java.lang.String java.lang.Object.toString()
06:58:21.266 [main] DEBUG o.s.aop.framework.CglibAopProxy - Found 'hashCode' method: public native int java.lang.Object.hashCode()
06:58:21.266 [main] DEBUG o.s.aop.framework.CglibAopProxy - Unable to apply any optimisations to advised method: protected native java.lang.Object java.lang.Object.clone() throws java.lang.CloneNotSupportedException
06:58:21.266 [main] DEBUG o.s.aop.framework.CglibAopProxy - Method is declared on Advised interface: public abstract org.springframework.aop.TargetSource org.springframework.aop.framework.Advised.getTargetSource()
06:58:21.266 [main] DEBUG o.s.aop.framework.CglibAopProxy - Method is declared on Advised interface: public abstract boolean org.springframework.aop.framework.Advised.isProxyTargetClass()
06:58:21.266 [main] DEBUG o.s.aop.framework.CglibAopProxy - Method is declared on Advised interface: public abstract void org.springframework.aop.framework.Advised.addAdvisor(org.springframework.aop.Advisor) throws org.springframework.aop.framework.AopConfigException
06:58:21.266 [main] DEBUG o.s.aop.framework.CglibAopProxy - Method is declared on Advised interface: public abstract void org.springframework.aop.framework.Advised.addAdvisor(int,org.springframework.aop.Advisor) throws org.springframework.aop.framework.AopConfigException
06:58:21.266 [main] DEBUG o.s.aop.framework.CglibAopProxy - Method is declared on Advised interface: public abstract void org.springframework.aop.framework.Advised.setPreFiltered(boolean)
06:58:21.266 [main] DEBUG o.s.aop.framework.CglibAopProxy - Method is declared on Advised interface: public abstract void org.springframework.aop.framework.Advised.setExposeProxy(boolean)
06:58:21.266 [main] DEBUG o.s.aop.framework.CglibAopProxy - Method is declared on Advised interface: public abstract boolean org.springframework.aop.framework.Advised.isExposeProxy()
06:58:21.266 [main] DEBUG o.s.aop.framework.CglibAopProxy - Method is declared on Advised interface: public abstract void org.springframework.aop.framework.Advised.addAdvice(org.aopalliance.aop.Advice) throws org.springframework.aop.framework.AopConfigException
06:58:21.266 [main] DEBUG o.s.aop.framework.CglibAopProxy - Method is declared on Advised interface: public abstract void org.springframework.aop.framework.Advised.addAdvice(int,org.aopalliance.aop.Advice) throws org.springframework.aop.framework.AopConfigException
06:58:21.266 [main] DEBUG o.s.aop.framework.CglibAopProxy - Method is declared on Advised interface: public abstract boolean org.springframework.aop.framework.Advised.isPreFiltered()
06:58:21.266 [main] DEBUG o.s.aop.framework.CglibAopProxy - Method is declared on Advised interface: public abstract java.lang.Class[] org.springframework.aop.framework.Advised.getProxiedInterfaces()
06:58:21.266 [main] DEBUG o.s.aop.framework.CglibAopProxy - Method is declared on Advised interface: public abstract boolean org.springframework.aop.framework.Advised.isInterfaceProxied(java.lang.Class)
06:58:21.266 [main] DEBUG o.s.aop.framework.CglibAopProxy - Method is declared on Advised interface: public abstract org.springframework.aop.Advisor[] org.springframework.aop.framework.Advised.getAdvisors()
06:58:21.266 [main] DEBUG o.s.aop.framework.CglibAopProxy - Method is declared on Advised interface: public abstract boolean org.springframework.aop.framework.Advised.removeAdvisor(org.springframework.aop.Advisor)
06:58:21.266 [main] DEBUG o.s.aop.framework.CglibAopProxy - Method is declared on Advised interface: public abstract void org.springframework.aop.framework.Advised.removeAdvisor(int) throws org.springframework.aop.framework.AopConfigException
06:58:21.266 [main] DEBUG o.s.aop.framework.CglibAopProxy - Method is declared on Advised interface: public abstract boolean org.springframework.aop.framework.Advised.replaceAdvisor(org.springframework.aop.Advisor,org.springframework.aop.Advisor) throws org.springframework.aop.framework.AopConfigException
06:58:21.266 [main] DEBUG o.s.aop.framework.CglibAopProxy - Method is declared on Advised interface: public abstract boolean org.springframework.aop.framework.Advised.removeAdvice(org.aopalliance.aop.Advice)
06:58:21.266 [main] DEBUG o.s.aop.framework.CglibAopProxy - Method is declared on Advised interface: public abstract java.lang.String org.springframework.aop.framework.Advised.toProxyConfigString()
06:58:21.266 [main] DEBUG o.s.aop.framework.CglibAopProxy - Method is declared on Advised interface: public abstract void org.springframework.aop.framework.Advised.setTargetSource(org.springframework.aop.TargetSource)
06:58:21.266 [main] DEBUG o.s.aop.framework.CglibAopProxy - Method is declared on Advised interface: public abstract int org.springframework.aop.framework.Advised.indexOf(org.aopalliance.aop.Advice)
06:58:21.266 [main] DEBUG o.s.aop.framework.CglibAopProxy - Method is declared on Advised interface: public abstract int org.springframework.aop.framework.Advised.indexOf(org.springframework.aop.Advisor)
06:58:21.266 [main] DEBUG o.s.aop.framework.CglibAopProxy - Method is declared on Advised interface: public abstract boolean org.springframework.aop.framework.Advised.isFrozen()
06:58:21.266 [main] DEBUG o.s.aop.framework.CglibAopProxy - Method is declared on Advised interface: public abstract java.lang.Class org.springframework.aop.TargetClassAware.getTargetClass()
06:58:21.272 [main] DEBUG o.s.b.f.s.DefaultListableBeanFactory - Finished creating instance of bean 'hospitalController'
06:58:21.272 [main] DEBUG o.s.b.f.s.DefaultListableBeanFactory - Creating shared instance of singleton bean 'ICDCodesController'
06:58:21.272 [main] DEBUG o.s.b.f.s.DefaultListableBeanFactory - Creating instance of bean 'ICDCodesController'
06:58:21.272 [main] DEBUG o.s.b.f.s.DefaultListableBeanFactory - Eagerly caching bean 'ICDCodesController' to allow for resolving potential circular references
06:58:21.272 [main] DEBUG o.s.b.f.s.DefaultListableBeanFactory - Returning cached instance of singleton bean 'metaDataSourceAdvisor'
06:58:21.273 [main] DEBUG o.s.s.a.p.PrePostAnnotationSecurityMetadataSource - @org.springframework.security.access.prepost.PreAuthorize(value=hasRole('ROLE_ADMIN')) found on specific method: public java.lang.String edu.ncsu.csc.itrust2.controllers.admin.ICDCodesController.addCode(org.springframework.ui.Model)
06:58:21.273 [main] DEBUG o.s.s.a.m.DelegatingMethodSecurityMetadataSource - Caching method [CacheKey[edu.ncsu.csc.itrust2.controllers.admin.ICDCodesController; public java.lang.String edu.ncsu.csc.itrust2.controllers.admin.ICDCodesController.addCode(org.springframework.ui.Model)]] with attributes [[authorize: 'hasRole('ROLE_ADMIN')', filter: 'null', filterTarget: 'null']]
06:58:21.273 [main] DEBUG o.s.a.f.a.InfrastructureAdvisorAutoProxyCreator - Creating implicit proxy for bean 'ICDCodesController' with 0 common interceptors and 1 specific interceptors
06:58:21.273 [main] DEBUG o.s.aop.framework.CglibAopProxy - Creating CGLIB proxy: target source is SingletonTargetSource for target object [edu.ncsu.csc.itrust2.controllers.admin.ICDCodesController@6a7fd5ba]
06:58:21.274 [main] DEBUG o.s.aop.framework.CglibAopProxy - Unable to apply any optimisations to advised method: public java.lang.String edu.ncsu.csc.itrust2.controllers.admin.ICDCodesController.addCode(org.springframework.ui.Model)
06:58:21.274 [main] DEBUG o.s.aop.framework.CglibAopProxy - Found 'equals' method: public boolean java.lang.Object.equals(java.lang.Object)
06:58:21.274 [main] DEBUG o.s.aop.framework.CglibAopProxy - Unable to apply any optimisations to advised method: public java.lang.String java.lang.Object.toString()
06:58:21.274 [main] DEBUG o.s.aop.framework.CglibAopProxy - Found 'hashCode' method: public native int java.lang.Object.hashCode()
06:58:21.274 [main] DEBUG o.s.aop.framework.CglibAopProxy - Unable to apply any optimisations to advised method: protected native java.lang.Object java.lang.Object.clone() throws java.lang.CloneNotSupportedException
06:58:21.274 [main] DEBUG o.s.aop.framework.CglibAopProxy - Method is declared on Advised interface: public abstract org.springframework.aop.TargetSource org.springframework.aop.framework.Advised.getTargetSource()
06:58:21.274 [main] DEBUG o.s.aop.framework.CglibAopProxy - Method is declared on Advised interface: public abstract boolean org.springframework.aop.framework.Advised.isProxyTargetClass()
06:58:21.274 [main] DEBUG o.s.aop.framework.CglibAopProxy - Method is declared on Advised interface: public abstract void org.springframework.aop.framework.Advised.addAdvisor(org.springframework.aop.Advisor) throws org.springframework.aop.framework.AopConfigException
06:58:21.274 [main] DEBUG o.s.aop.framework.CglibAopProxy - Method is declared on Advised interface: public abstract void org.springframework.aop.framework.Advised.addAdvisor(int,org.springframework.aop.Advisor) throws org.springframework.aop.framework.AopConfigException
06:58:21.274 [main] DEBUG o.s.aop.framework.CglibAopProxy - Method is declared on Advised interface: public abstract void org.springframework.aop.framework.Advised.setPreFiltered(boolean)
06:58:21.274 [main] DEBUG o.s.aop.framework.CglibAopProxy - Method is declared on Advised interface: public abstract void org.springframework.aop.framework.Advised.setExposeProxy(boolean)
06:58:21.274 [main] DEBUG o.s.aop.framework.CglibAopProxy - Method is declared on Advised interface: public abstract boolean org.springframework.aop.framework.Advised.isExposeProxy()
06:58:21.274 [main] DEBUG o.s.aop.framework.CglibAopProxy - Method is declared on Advised interface: public abstract void org.springframework.aop.framework.Advised.addAdvice(org.aopalliance.aop.Advice) throws org.springframework.aop.framework.AopConfigException
06:58:21.274 [main] DEBUG o.s.aop.framework.CglibAopProxy - Method is declared on Advised interface: public abstract void org.springframework.aop.framework.Advised.addAdvice(int,org.aopalliance.aop.Advice) throws org.springframework.aop.framework.AopConfigException
06:58:21.274 [main] DEBUG o.s.aop.framework.CglibAopProxy - Method is declared on Advised interface: public abstract boolean org.springframework.aop.framework.Advised.isPreFiltered()
06:58:21.274 [main] DEBUG o.s.aop.framework.CglibAopProxy - Method is declared on Advised interface: public abstract java.lang.Class[] org.springframework.aop.framework.Advised.getProxiedInterfaces()
06:58:21.274 [main] DEBUG o.s.aop.framework.CglibAopProxy - Method is declared on Advised interface: public abstract boolean org.springframework.aop.framework.Advised.isInterfaceProxied(java.lang.Class)
06:58:21.274 [main] DEBUG o.s.aop.framework.CglibAopProxy - Method is declared on Advised interface: public abstract org.springframework.aop.Advisor[] org.springframework.aop.framework.Advised.getAdvisors()
06:58:21.274 [main] DEBUG o.s.aop.framework.CglibAopProxy - Method is declared on Advised interface: public abstract boolean org.springframework.aop.framework.Advised.removeAdvisor(org.springframework.aop.Advisor)
06:58:21.274 [main] DEBUG o.s.aop.framework.CglibAopProxy - Method is declared on Advised interface: public abstract void org.springframework.aop.framework.Advised.removeAdvisor(int) throws org.springframework.aop.framework.AopConfigException
06:58:21.274 [main] DEBUG o.s.aop.framework.CglibAopProxy - Method is declared on Advised interface: public abstract boolean org.springframework.aop.framework.Advised.replaceAdvisor(org.springframework.aop.Advisor,org.springframework.aop.Advisor) throws org.springframework.aop.framework.AopConfigException
06:58:21.274 [main] DEBUG o.s.aop.framework.CglibAopProxy - Method is declared on Advised interface: public abstract boolean org.springframework.aop.framework.Advised.removeAdvice(org.aopalliance.aop.Advice)
06:58:21.274 [main] DEBUG o.s.aop.framework.CglibAopProxy - Method is declared on Advised interface: public abstract java.lang.String org.springframework.aop.framework.Advised.toProxyConfigString()
06:58:21.274 [main] DEBUG o.s.aop.framework.CglibAopProxy - Method is declared on Advised interface: public abstract void org.springframework.aop.framework.Advised.setTargetSource(org.springframework.aop.TargetSource)
06:58:21.274 [main] DEBUG o.s.aop.framework.CglibAopProxy - Method is declared on Advised interface: public abstract int org.springframework.aop.framework.Advised.indexOf(org.aopalliance.aop.Advice)
06:58:21.274 [main] DEBUG o.s.aop.framework.CglibAopProxy - Method is declared on Advised interface: public abstract int org.springframework.aop.framework.Advised.indexOf(org.springframework.aop.Advisor)
06:58:21.274 [main] DEBUG o.s.aop.framework.CglibAopProxy - Method is declared on Advised interface: public abstract boolean org.springframework.aop.framework.Advised.isFrozen()
06:58:21.274 [main] DEBUG o.s.aop.framework.CglibAopProxy - Method is declared on Advised interface: public abstract java.lang.Class org.springframework.aop.TargetClassAware.getTargetClass()
06:58:21.280 [main] DEBUG o.s.b.f.s.DefaultListableBeanFactory - Finished creating instance of bean 'ICDCodesController'
06:58:21.280 [main] DEBUG o.s.b.f.s.DefaultListableBeanFactory - Creating shared instance of singleton bean 'APIAppointmentRequestController'
06:58:21.280 [main] DEBUG o.s.b.f.s.DefaultListableBeanFactory - Creating instance of bean 'APIAppointmentRequestController'
06:58:21.280 [main] DEBUG o.s.b.f.s.DefaultListableBeanFactory - Eagerly caching bean 'APIAppointmentRequestController' to allow for resolving potential circular references
06:58:21.280 [main] DEBUG o.s.b.f.s.DefaultListableBeanFactory - Returning cached instance of singleton bean 'metaDataSourceAdvisor'
06:58:21.281 [main] DEBUG o.s.b.f.s.DefaultListableBeanFactory - Finished creating instance of bean 'APIAppointmentRequestController'
06:58:21.281 [main] DEBUG o.s.b.f.s.DefaultListableBeanFactory - Creating shared instance of singleton bean 'APIDiagnosisController'
06:58:21.281 [main] DEBUG o.s.b.f.s.DefaultListableBeanFactory - Creating instance of bean 'APIDiagnosisController'
06:58:21.282 [main] DEBUG o.s.b.f.s.DefaultListableBeanFactory - Eagerly caching bean 'APIDiagnosisController' to allow for resolving potential circular references
06:58:21.282 [main] DEBUG o.s.b.f.s.DefaultListableBeanFactory - Returning cached instance of singleton bean 'metaDataSourceAdvisor'
06:58:21.282 [main] DEBUG o.s.b.f.s.DefaultListableBeanFactory - Finished creating instance of bean 'APIDiagnosisController'
06:58:21.282 [main] DEBUG o.s.b.f.s.DefaultListableBeanFactory - Creating shared instance of singleton bean 'APIDrugController'
06:58:21.282 [main] DEBUG o.s.b.f.s.DefaultListableBeanFactory - Creating instance of bean 'APIDrugController'
06:58:21.282 [main] DEBUG o.s.b.f.s.DefaultListableBeanFactory - Eagerly caching bean 'APIDrugController' to allow for resolving potential circular references
06:58:21.282 [main] DEBUG o.s.b.f.s.DefaultListableBeanFactory - Returning cached instance of singleton bean 'metaDataSourceAdvisor'
06:58:21.282 [main] DEBUG o.s.s.a.p.PrePostAnnotationSecurityMetadataSource - @org.springframework.security.access.prepost.PreAuthorize(value=hasRole('ROLE_ADMIN')) found on specific method: public org.springframework.http.ResponseEntity edu.ncsu.csc.itrust2.controllers.api.APIDrugController.addDrug(edu.ncsu.csc.itrust2.forms.admin.DrugForm)
06:58:21.283 [main] DEBUG o.s.s.a.m.DelegatingMethodSecurityMetadataSource - Caching method [CacheKey[edu.ncsu.csc.itrust2.controllers.api.APIDrugController; public org.springframework.http.ResponseEntity edu.ncsu.csc.itrust2.controllers.api.APIDrugController.addDrug(edu.ncsu.csc.itrust2.forms.admin.DrugForm)]] with attributes [[authorize: 'hasRole('ROLE_ADMIN')', filter: 'null', filterTarget: 'null']]
06:58:21.283 [main] DEBUG o.s.a.f.a.InfrastructureAdvisorAutoProxyCreator - Creating implicit proxy for bean 'APIDrugController' with 0 common interceptors and 1 specific interceptors
06:58:21.283 [main] DEBUG o.s.aop.framework.CglibAopProxy - Creating CGLIB proxy: target source is SingletonTargetSource for target object [edu.ncsu.csc.itrust2.controllers.api.APIDrugController@293ec07a]
06:58:21.283 [main] DEBUG o.s.aop.framework.CglibAopProxy - Unable to apply any optimisations to advised method: public org.springframework.http.ResponseEntity edu.ncsu.csc.itrust2.controllers.api.APIDrugController.addDrug(edu.ncsu.csc.itrust2.forms.admin.DrugForm)
06:58:21.283 [main] DEBUG o.s.s.a.p.PrePostAnnotationSecurityMetadataSource - @org.springframework.security.access.prepost.PreAuthorize(value=hasRole('ROLE_ADMIN')) found on specific method: public org.springframework.http.ResponseEntity edu.ncsu.csc.itrust2.controllers.api.APIDrugController.editDrug(edu.ncsu.csc.itrust2.forms.admin.DrugForm)
06:58:21.283 [main] DEBUG o.s.s.a.m.DelegatingMethodSecurityMetadataSource - Caching method [CacheKey[edu.ncsu.csc.itrust2.controllers.api.APIDrugController; public org.springframework.http.ResponseEntity edu.ncsu.csc.itrust2.controllers.api.APIDrugController.editDrug(edu.ncsu.csc.itrust2.forms.admin.DrugForm)]] with attributes [[authorize: 'hasRole('ROLE_ADMIN')', filter: 'null', filterTarget: 'null']]
06:58:21.283 [main] DEBUG o.s.aop.framework.CglibAopProxy - Unable to apply any optimisations to advised method: public org.springframework.http.ResponseEntity edu.ncsu.csc.itrust2.controllers.api.APIDrugController.editDrug(edu.ncsu.csc.itrust2.forms.admin.DrugForm)
06:58:21.284 [main] DEBUG o.s.s.a.p.PrePostAnnotationSecurityMetadataSource - @org.springframework.security.access.prepost.PreAuthorize(value=hasRole('ROLE_ADMIN')) found on specific method: public org.springframework.http.ResponseEntity edu.ncsu.csc.itrust2.controllers.api.APIDrugController.deleteDrug(java.lang.String)
06:58:21.284 [main] DEBUG o.s.s.a.m.DelegatingMethodSecurityMetadataSource - Caching method [CacheKey[edu.ncsu.csc.itrust2.controllers.api.APIDrugController; public org.springframework.http.ResponseEntity edu.ncsu.csc.itrust2.controllers.api.APIDrugController.deleteDrug(java.lang.String)]] with attributes [[authorize: 'hasRole('ROLE_ADMIN')', filter: 'null', filterTarget: 'null']]
06:58:21.284 [main] DEBUG o.s.aop.framework.CglibAopProxy - Unable to apply any optimisations to advised method: public org.springframework.http.ResponseEntity edu.ncsu.csc.itrust2.controllers.api.APIDrugController.deleteDrug(java.lang.String)
06:58:21.284 [main] DEBUG o.s.aop.framework.CglibAopProxy - Unable to apply any optimisations to advised method: public java.util.List edu.ncsu.csc.itrust2.controllers.api.APIDrugController.getDrugs()
06:58:21.284 [main] DEBUG o.s.aop.framework.CglibAopProxy - Found 'equals' method: public boolean java.lang.Object.equals(java.lang.Object)
06:58:21.284 [main] DEBUG o.s.aop.framework.CglibAopProxy - Unable to apply any optimisations to advised method: public java.lang.String java.lang.Object.toString()
06:58:21.284 [main] DEBUG o.s.aop.framework.CglibAopProxy - Found 'hashCode' method: public native int java.lang.Object.hashCode()
06:58:21.284 [main] DEBUG o.s.aop.framework.CglibAopProxy - Unable to apply any optimisations to advised method: protected native java.lang.Object java.lang.Object.clone() throws java.lang.CloneNotSupportedException
06:58:21.284 [main] DEBUG o.s.aop.framework.CglibAopProxy - Method is declared on Advised interface: public abstract org.springframework.aop.TargetSource org.springframework.aop.framework.Advised.getTargetSource()
06:58:21.284 [main] DEBUG o.s.aop.framework.CglibAopProxy - Method is declared on Advised interface: public abstract boolean org.springframework.aop.framework.Advised.isProxyTargetClass()
06:58:21.284 [main] DEBUG o.s.aop.framework.CglibAopProxy - Method is declared on Advised interface: public abstract void org.springframework.aop.framework.Advised.addAdvisor(org.springframework.aop.Advisor) throws org.springframework.aop.framework.AopConfigException
06:58:21.284 [main] DEBUG o.s.aop.framework.CglibAopProxy - Method is declared on Advised interface: public abstract void org.springframework.aop.framework.Advised.addAdvisor(int,org.springframework.aop.Advisor) throws org.springframework.aop.framework.AopConfigException
06:58:21.284 [main] DEBUG o.s.aop.framework.CglibAopProxy - Method is declared on Advised interface: public abstract void org.springframework.aop.framework.Advised.setPreFiltered(boolean)
06:58:21.284 [main] DEBUG o.s.aop.framework.CglibAopProxy - Method is declared on Advised interface: public abstract void org.springframework.aop.framework.Advised.setExposeProxy(boolean)
06:58:21.284 [main] DEBUG o.s.aop.framework.CglibAopProxy - Method is declared on Advised interface: public abstract boolean org.springframework.aop.framework.Advised.isExposeProxy()
06:58:21.284 [main] DEBUG o.s.aop.framework.CglibAopProxy - Method is declared on Advised interface: public abstract void org.springframework.aop.framework.Advised.addAdvice(org.aopalliance.aop.Advice) throws org.springframework.aop.framework.AopConfigException
06:58:21.284 [main] DEBUG o.s.aop.framework.CglibAopProxy - Method is declared on Advised interface: public abstract void org.springframework.aop.framework.Advised.addAdvice(int,org.aopalliance.aop.Advice) throws org.springframework.aop.framework.AopConfigException
06:58:21.284 [main] DEBUG o.s.aop.framework.CglibAopProxy - Method is declared on Advised interface: public abstract boolean org.springframework.aop.framework.Advised.isPreFiltered()
06:58:21.284 [main] DEBUG o.s.aop.framework.CglibAopProxy - Method is declared on Advised interface: public abstract java.lang.Class[] org.springframework.aop.framework.Advised.getProxiedInterfaces()
06:58:21.284 [main] DEBUG o.s.aop.framework.CglibAopProxy - Method is declared on Advised interface: public abstract boolean org.springframework.aop.framework.Advised.isInterfaceProxied(java.lang.Class)
06:58:21.284 [main] DEBUG o.s.aop.framework.CglibAopProxy - Method is declared on Advised interface: public abstract org.springframework.aop.Advisor[] org.springframework.aop.framework.Advised.getAdvisors()
06:58:21.284 [main] DEBUG o.s.aop.framework.CglibAopProxy - Method is declared on Advised interface: public abstract boolean org.springframework.aop.framework.Advised.removeAdvisor(org.springframework.aop.Advisor)
06:58:21.284 [main] DEBUG o.s.aop.framework.CglibAopProxy - Method is declared on Advised interface: public abstract void org.springframework.aop.framework.Advised.removeAdvisor(int) throws org.springframework.aop.framework.AopConfigException
06:58:21.284 [main] DEBUG o.s.aop.framework.CglibAopProxy - Method is declared on Advised interface: public abstract boolean org.springframework.aop.framework.Advised.replaceAdvisor(org.springframework.aop.Advisor,org.springframework.aop.Advisor) throws org.springframework.aop.framework.AopConfigException
06:58:21.284 [main] DEBUG o.s.aop.framework.CglibAopProxy - Method is declared on Advised interface: public abstract boolean org.springframework.aop.framework.Advised.removeAdvice(org.aopalliance.aop.Advice)
06:58:21.284 [main] DEBUG o.s.aop.framework.CglibAopProxy - Method is declared on Advised interface: public abstract java.lang.String org.springframework.aop.framework.Advised.toProxyConfigString()
06:58:21.284 [main] DEBUG o.s.aop.framework.CglibAopProxy - Method is declared on Advised interface: public abstract void org.springframework.aop.framework.Advised.setTargetSource(org.springframework.aop.TargetSource)
06:58:21.284 [main] DEBUG o.s.aop.framework.CglibAopProxy - Method is declared on Advised interface: public abstract int org.springframework.aop.framework.Advised.indexOf(org.aopalliance.aop.Advice)
06:58:21.284 [main] DEBUG o.s.aop.framework.CglibAopProxy - Method is declared on Advised interface: public abstract int org.springframework.aop.framework.Advised.indexOf(org.springframework.aop.Advisor)
06:58:21.284 [main] DEBUG o.s.aop.framework.CglibAopProxy - Method is declared on Advised interface: public abstract boolean org.springframework.aop.framework.Advised.isFrozen()
06:58:21.284 [main] DEBUG o.s.aop.framework.CglibAopProxy - Method is declared on Advised interface: public abstract java.lang.Class org.springframework.aop.TargetClassAware.getTargetClass()
06:58:21.290 [main] DEBUG o.s.b.f.s.DefaultListableBeanFactory - Finished creating instance of bean 'APIDrugController'
06:58:21.290 [main] DEBUG o.s.b.f.s.DefaultListableBeanFactory - Creating shared instance of singleton bean 'APIEnumController'
06:58:21.290 [main] DEBUG o.s.b.f.s.DefaultListableBeanFactory - Creating instance of bean 'APIEnumController'
06:58:21.290 [main] DEBUG o.s.b.f.s.DefaultListableBeanFactory - Eagerly caching bean 'APIEnumController' to allow for resolving potential circular references
06:58:21.290 [main] DEBUG o.s.b.f.s.DefaultListableBeanFactory - Returning cached instance of singleton bean 'metaDataSourceAdvisor'
06:58:21.291 [main] DEBUG o.s.b.f.s.DefaultListableBeanFactory - Finished creating instance of bean 'APIEnumController'
06:58:21.291 [main] DEBUG o.s.b.f.s.DefaultListableBeanFactory - Creating shared instance of singleton bean 'APIHospitalController'
06:58:21.291 [main] DEBUG o.s.b.f.s.DefaultListableBeanFactory - Creating instance of bean 'APIHospitalController'
06:58:21.292 [main] DEBUG o.s.b.f.s.DefaultListableBeanFactory - Eagerly caching bean 'APIHospitalController' to allow for resolving potential circular references
06:58:21.292 [main] DEBUG o.s.b.f.s.DefaultListableBeanFactory - Returning cached instance of singleton bean 'metaDataSourceAdvisor'
06:58:21.292 [main] DEBUG o.s.b.f.s.DefaultListableBeanFactory - Finished creating instance of bean 'APIHospitalController'
06:58:21.292 [main] DEBUG o.s.b.f.s.DefaultListableBeanFactory - Creating shared instance of singleton bean 'APIICDCodeController'
06:58:21.292 [main] DEBUG o.s.b.f.s.DefaultListableBeanFactory - Creating instance of bean 'APIICDCodeController'
06:58:21.292 [main] DEBUG o.s.b.f.s.DefaultListableBeanFactory - Eagerly caching bean 'APIICDCodeController' to allow for resolving potential circular references
06:58:21.292 [main] DEBUG o.s.b.f.s.DefaultListableBeanFactory - Returning cached instance of singleton bean 'metaDataSourceAdvisor'
06:58:21.292 [main] DEBUG o.s.s.a.p.PrePostAnnotationSecurityMetadataSource - @org.springframework.security.access.prepost.PreAuthorize(value=hasRole('ROLE_ADMIN')) found on specific method: public org.springframework.http.ResponseEntity edu.ncsu.csc.itrust2.controllers.api.APIICDCodeController.updateCode(java.lang.Long,edu.ncsu.csc.itrust2.forms.admin.ICDCodeForm)
06:58:21.292 [main] DEBUG o.s.s.a.m.DelegatingMethodSecurityMetadataSource - Caching method [CacheKey[edu.ncsu.csc.itrust2.controllers.api.APIICDCodeController; public org.springframework.http.ResponseEntity edu.ncsu.csc.itrust2.controllers.api.APIICDCodeController.updateCode(java.lang.Long,edu.ncsu.csc.itrust2.forms.admin.ICDCodeForm)]] with attributes [[authorize: 'hasRole('ROLE_ADMIN')', filter: 'null', filterTarget: 'null']]
06:58:21.293 [main] DEBUG o.s.a.f.a.InfrastructureAdvisorAutoProxyCreator - Creating implicit proxy for bean 'APIICDCodeController' with 0 common interceptors and 1 specific interceptors
06:58:21.293 [main] DEBUG o.s.aop.framework.CglibAopProxy - Creating CGLIB proxy: target source is SingletonTargetSource for target object [edu.ncsu.csc.itrust2.controllers.api.APIICDCodeController@8444b95]
06:58:21.293 [main] DEBUG o.s.aop.framework.CglibAopProxy - Unable to apply any optimisations to advised method: public org.springframework.http.ResponseEntity edu.ncsu.csc.itrust2.controllers.api.APIICDCodeController.getCode(java.lang.Long)
06:58:21.293 [main] DEBUG o.s.aop.framework.CglibAopProxy - Unable to apply any optimisations to advised method: public java.util.List edu.ncsu.csc.itrust2.controllers.api.APIICDCodeController.getCodes()
06:58:21.293 [main] DEBUG o.s.aop.framework.CglibAopProxy - Unable to apply any optimisations to advised method: public org.springframework.http.ResponseEntity edu.ncsu.csc.itrust2.controllers.api.APIICDCodeController.updateCode(java.lang.Long,edu.ncsu.csc.itrust2.forms.admin.ICDCodeForm)
06:58:21.293 [main] DEBUG o.s.s.a.p.PrePostAnnotationSecurityMetadataSource - @org.springframework.security.access.prepost.PreAuthorize(value=hasRole('ROLE_ADMIN')) found on specific method: public org.springframework.http.ResponseEntity edu.ncsu.csc.itrust2.controllers.api.APIICDCodeController.deleteCode(java.lang.Long)
06:58:21.293 [main] DEBUG o.s.s.a.m.DelegatingMethodSecurityMetadataSource - Caching method [CacheKey[edu.ncsu.csc.itrust2.controllers.api.APIICDCodeController; public org.springframework.http.ResponseEntity edu.ncsu.csc.itrust2.controllers.api.APIICDCodeController.deleteCode(java.lang.Long)]] with attributes [[authorize: 'hasRole('ROLE_ADMIN')', filter: 'null', filterTarget: 'null']]
06:58:21.293 [main] DEBUG o.s.aop.framework.CglibAopProxy - Unable to apply any optimisations to advised method: public org.springframework.http.ResponseEntity edu.ncsu.csc.itrust2.controllers.api.APIICDCodeController.deleteCode(java.lang.Long)
06:58:21.293 [main] DEBUG o.s.s.a.p.PrePostAnnotationSecurityMetadataSource - @org.springframework.security.access.prepost.PreAuthorize(value=hasRole('ROLE_ADMIN')) found on specific method: public org.springframework.http.ResponseEntity edu.ncsu.csc.itrust2.controllers.api.APIICDCodeController.addCode(edu.ncsu.csc.itrust2.forms.admin.ICDCodeForm)
06:58:21.293 [main] DEBUG o.s.s.a.m.DelegatingMethodSecurityMetadataSource - Caching method [CacheKey[edu.ncsu.csc.itrust2.controllers.api.APIICDCodeController; public org.springframework.http.ResponseEntity edu.ncsu.csc.itrust2.controllers.api.APIICDCodeController.addCode(edu.ncsu.csc.itrust2.forms.admin.ICDCodeForm)]] with attributes [[authorize: 'hasRole('ROLE_ADMIN')', filter: 'null', filterTarget: 'null']]
06:58:21.293 [main] DEBUG o.s.aop.framework.CglibAopProxy - Unable to apply any optimisations to advised method: public org.springframework.http.ResponseEntity edu.ncsu.csc.itrust2.controllers.api.APIICDCodeController.addCode(edu.ncsu.csc.itrust2.forms.admin.ICDCodeForm)
06:58:21.293 [main] DEBUG o.s.aop.framework.CglibAopProxy - Found 'equals' method: public boolean java.lang.Object.equals(java.lang.Object)
06:58:21.293 [main] DEBUG o.s.aop.framework.CglibAopProxy - Unable to apply any optimisations to advised method: public java.lang.String java.lang.Object.toString()
06:58:21.293 [main] DEBUG o.s.aop.framework.CglibAopProxy - Found 'hashCode' method: public native int java.lang.Object.hashCode()
06:58:21.293 [main] DEBUG o.s.aop.framework.CglibAopProxy - Unable to apply any optimisations to advised method: protected native java.lang.Object java.lang.Object.clone() throws java.lang.CloneNotSupportedException
06:58:21.293 [main] DEBUG o.s.aop.framework.CglibAopProxy - Method is declared on Advised interface: public abstract org.springframework.aop.TargetSource org.springframework.aop.framework.Advised.getTargetSource()
06:58:21.293 [main] DEBUG o.s.aop.framework.CglibAopProxy - Method is declared on Advised interface: public abstract boolean org.springframework.aop.framework.Advised.isProxyTargetClass()
06:58:21.293 [main] DEBUG o.s.aop.framework.CglibAopProxy - Method is declared on Advised interface: public abstract void org.springframework.aop.framework.Advised.addAdvisor(org.springframework.aop.Advisor) throws org.springframework.aop.framework.AopConfigException
06:58:21.293 [main] DEBUG o.s.aop.framework.CglibAopProxy - Method is declared on Advised interface: public abstract void org.springframework.aop.framework.Advised.addAdvisor(int,org.springframework.aop.Advisor) throws org.springframework.aop.framework.AopConfigException
06:58:21.293 [main] DEBUG o.s.aop.framework.CglibAopProxy - Method is declared on Advised interface: public abstract void org.springframework.aop.framework.Advised.setPreFiltered(boolean)
06:58:21.293 [main] DEBUG o.s.aop.framework.CglibAopProxy - Method is declared on Advised interface: public abstract void org.springframework.aop.framework.Advised.setExposeProxy(boolean)
06:58:21.293 [main] DEBUG o.s.aop.framework.CglibAopProxy - Method is declared on Advised interface: public abstract boolean org.springframework.aop.framework.Advised.isExposeProxy()
06:58:21.293 [main] DEBUG o.s.aop.framework.CglibAopProxy - Method is declared on Advised interface: public abstract void org.springframework.aop.framework.Advised.addAdvice(org.aopalliance.aop.Advice) throws org.springframework.aop.framework.AopConfigException
06:58:21.294 [main] DEBUG o.s.aop.framework.CglibAopProxy - Method is declared on Advised interface: public abstract void org.springframework.aop.framework.Advised.addAdvice(int,org.aopalliance.aop.Advice) throws org.springframework.aop.framework.AopConfigException
06:58:21.294 [main] DEBUG o.s.aop.framework.CglibAopProxy - Method is declared on Advised interface: public abstract boolean org.springframework.aop.framework.Advised.isPreFiltered()
06:58:21.294 [main] DEBUG o.s.aop.framework.CglibAopProxy - Method is declared on Advised interface: public abstract java.lang.Class[] org.springframework.aop.framework.Advised.getProxiedInterfaces()
06:58:21.294 [main] DEBUG o.s.aop.framework.CglibAopProxy - Method is declared on Advised interface: public abstract boolean org.springframework.aop.framework.Advised.isInterfaceProxied(java.lang.Class)
06:58:21.294 [main] DEBUG o.s.aop.framework.CglibAopProxy - Method is declared on Advised interface: public abstract org.springframework.aop.Advisor[] org.springframework.aop.framework.Advised.getAdvisors()
06:58:21.294 [main] DEBUG o.s.aop.framework.CglibAopProxy - Method is declared on Advised interface: public abstract boolean org.springframework.aop.framework.Advised.removeAdvisor(org.springframework.aop.Advisor)
06:58:21.294 [main] DEBUG o.s.aop.framework.CglibAopProxy - Method is declared on Advised interface: public abstract void org.springframework.aop.framework.Advised.removeAdvisor(int) throws org.springframework.aop.framework.AopConfigException
06:58:21.294 [main] DEBUG o.s.aop.framework.CglibAopProxy - Method is declared on Advised interface: public abstract boolean org.springframework.aop.framework.Advised.replaceAdvisor(org.springframework.aop.Advisor,org.springframework.aop.Advisor) throws org.springframework.aop.framework.AopConfigException
06:58:21.294 [main] DEBUG o.s.aop.framework.CglibAopProxy - Method is declared on Advised interface: public abstract boolean org.springframework.aop.framework.Advised.removeAdvice(org.aopalliance.aop.Advice)
06:58:21.294 [main] DEBUG o.s.aop.framework.CglibAopProxy - Method is declared on Advised interface: public abstract java.lang.String org.springframework.aop.framework.Advised.toProxyConfigString()
06:58:21.294 [main] DEBUG o.s.aop.framework.CglibAopProxy - Method is declared on Advised interface: public abstract void org.springframework.aop.framework.Advised.setTargetSource(org.springframework.aop.TargetSource)
06:58:21.294 [main] DEBUG o.s.aop.framework.CglibAopProxy - Method is declared on Advised interface: public abstract int org.springframework.aop.framework.Advised.indexOf(org.aopalliance.aop.Advice)
06:58:21.294 [main] DEBUG o.s.aop.framework.CglibAopProxy - Method is declared on Advised interface: public abstract int org.springframework.aop.framework.Advised.indexOf(org.springframework.aop.Advisor)
06:58:21.294 [main] DEBUG o.s.aop.framework.CglibAopProxy - Method is declared on Advised interface: public abstract boolean org.springframework.aop.framework.Advised.isFrozen()
06:58:21.294 [main] DEBUG o.s.aop.framework.CglibAopProxy - Method is declared on Advised interface: public abstract java.lang.Class org.springframework.aop.TargetClassAware.getTargetClass()
06:58:21.299 [main] DEBUG o.s.b.f.s.DefaultListableBeanFactory - Finished creating instance of bean 'APIICDCodeController'
06:58:21.299 [main] DEBUG o.s.b.f.s.DefaultListableBeanFactory - Creating shared instance of singleton bean 'APILogEntryController'
06:58:21.299 [main] DEBUG o.s.b.f.s.DefaultListableBeanFactory - Creating instance of bean 'APILogEntryController'
06:58:21.299 [main] DEBUG o.s.b.f.s.DefaultListableBeanFactory - Eagerly caching bean 'APILogEntryController' to allow for resolving potential circular references
06:58:21.299 [main] DEBUG o.s.b.f.s.DefaultListableBeanFactory - Returning cached instance of singleton bean 'metaDataSourceAdvisor'
06:58:21.299 [main] DEBUG o.s.b.f.s.DefaultListableBeanFactory - Finished creating instance of bean 'APILogEntryController'
06:58:21.299 [main] DEBUG o.s.b.f.s.DefaultListableBeanFactory - Creating shared instance of singleton bean 'APIOfficeVisitController'
06:58:21.299 [main] DEBUG o.s.b.f.s.DefaultListableBeanFactory - Creating instance of bean 'APIOfficeVisitController'
06:58:21.300 [main] DEBUG o.s.b.f.s.DefaultListableBeanFactory - Eagerly caching bean 'APIOfficeVisitController' to allow for resolving potential circular references
06:58:21.300 [main] DEBUG o.s.b.f.s.DefaultListableBeanFactory - Returning cached instance of singleton bean 'metaDataSourceAdvisor'
06:58:21.300 [main] DEBUG o.s.s.a.p.PrePostAnnotationSecurityMetadataSource - @org.springframework.security.access.prepost.PreAuthorize(value=hasRole('ROLE_PATIENT')) found on specific method: public java.util.List edu.ncsu.csc.itrust2.controllers.api.APIOfficeVisitController.getMyOfficeVisits()
06:58:21.300 [main] DEBUG o.s.s.a.m.DelegatingMethodSecurityMetadataSource - Caching method [CacheKey[edu.ncsu.csc.itrust2.controllers.api.APIOfficeVisitController; public java.util.List edu.ncsu.csc.itrust2.controllers.api.APIOfficeVisitController.getMyOfficeVisits()]] with attributes [[authorize: 'hasRole('ROLE_PATIENT')', filter: 'null', filterTarget: 'null']]
06:58:21.300 [main] DEBUG o.s.a.f.a.InfrastructureAdvisorAutoProxyCreator - Creating implicit proxy for bean 'APIOfficeVisitController' with 0 common interceptors and 1 specific interceptors
06:58:21.300 [main] DEBUG o.s.aop.framework.CglibAopProxy - Creating CGLIB proxy: target source is SingletonTargetSource for target object [edu.ncsu.csc.itrust2.controllers.api.APIOfficeVisitController@583453e9]
06:58:21.300 [main] DEBUG o.s.aop.framework.CglibAopProxy - Unable to apply any optimisations to advised method: public java.util.List edu.ncsu.csc.itrust2.controllers.api.APIOfficeVisitController.getMyOfficeVisits()
06:58:21.300 [main] DEBUG o.s.aop.framework.CglibAopProxy - Unable to apply any optimisations to advised method: public org.springframework.http.ResponseEntity edu.ncsu.csc.itrust2.controllers.api.APIOfficeVisitController.getOfficeVisit(java.lang.Long)
06:58:21.301 [main] DEBUG o.s.aop.framework.CglibAopProxy - Unable to apply any optimisations to advised method: public void edu.ncsu.csc.itrust2.controllers.api.APIOfficeVisitController.deleteOfficeVisits()
06:58:21.301 [main] DEBUG o.s.aop.framework.CglibAopProxy - Unable to apply any optimisations to advised method: public org.springframework.http.ResponseEntity edu.ncsu.csc.itrust2.controllers.api.APIOfficeVisitController.createOfficeVisit(edu.ncsu.csc.itrust2.forms.hcp.OfficeVisitForm)
06:58:21.301 [main] DEBUG o.s.aop.framework.CglibAopProxy - Unable to apply any optimisations to advised method: public org.springframework.http.ResponseEntity edu.ncsu.csc.itrust2.controllers.api.APIOfficeVisitController.deleteOfficeVisit(java.lang.Long)
06:58:21.301 [main] DEBUG o.s.aop.framework.CglibAopProxy - Unable to apply any optimisations to advised method: public org.springframework.http.ResponseEntity edu.ncsu.csc.itrust2.controllers.api.APIOfficeVisitController.updateOfficeVisit(java.lang.Long,edu.ncsu.csc.itrust2.forms.hcp.OfficeVisitForm)
06:58:21.301 [main] DEBUG o.s.s.a.p.PrePostAnnotationSecurityMetadataSource - @org.springframework.security.access.prepost.PreAuthorize(value=hasRole('ROLE_HCP')) found on specific method: public org.springframework.http.ResponseEntity edu.ncsu.csc.itrust2.controllers.api.APIOfficeVisitController.viewOfficeVisitHCP(java.lang.Long,edu.ncsu.csc.itrust2.forms.hcp.OfficeVisitForm)
06:58:21.301 [main] DEBUG o.s.s.a.m.DelegatingMethodSecurityMetadataSource - Caching method [CacheKey[edu.ncsu.csc.itrust2.controllers.api.APIOfficeVisitController; public org.springframework.http.ResponseEntity edu.ncsu.csc.itrust2.controllers.api.APIOfficeVisitController.viewOfficeVisitHCP(java.lang.Long,edu.ncsu.csc.itrust2.forms.hcp.OfficeVisitForm)]] with attributes [[authorize: 'hasRole('ROLE_HCP')', filter: 'null', filterTarget: 'null']]
06:58:21.301 [main] DEBUG o.s.aop.framework.CglibAopProxy - Unable to apply any optimisations to advised method: public org.springframework.http.ResponseEntity edu.ncsu.csc.itrust2.controllers.api.APIOfficeVisitController.viewOfficeVisitHCP(java.lang.Long,edu.ncsu.csc.itrust2.forms.hcp.OfficeVisitForm)
06:58:21.301 [main] DEBUG o.s.s.a.p.PrePostAnnotationSecurityMetadataSource - @org.springframework.security.access.prepost.PreAuthorize(value=hasRole('ROLE_PATIENT')) found on specific method: public org.springframework.http.ResponseEntity edu.ncsu.csc.itrust2.controllers.api.APIOfficeVisitController.viewOfficeVisitPatient(java.lang.Long,edu.ncsu.csc.itrust2.forms.hcp.OfficeVisitForm)
06:58:21.301 [main] DEBUG o.s.s.a.m.DelegatingMethodSecurityMetadataSource - Caching method [CacheKey[edu.ncsu.csc.itrust2.controllers.api.APIOfficeVisitController; public org.springframework.http.ResponseEntity edu.ncsu.csc.itrust2.controllers.api.APIOfficeVisitController.viewOfficeVisitPatient(java.lang.Long,edu.ncsu.csc.itrust2.forms.hcp.OfficeVisitForm)]] with attributes [[authorize: 'hasRole('ROLE_PATIENT')', filter: 'null', filterTarget: 'null']]
06:58:21.301 [main] DEBUG o.s.aop.framework.CglibAopProxy - Unable to apply any optimisations to advised method: public org.springframework.http.ResponseEntity edu.ncsu.csc.itrust2.controllers.api.APIOfficeVisitController.viewOfficeVisitPatient(java.lang.Long,edu.ncsu.csc.itrust2.forms.hcp.OfficeVisitForm)
06:58:21.301 [main] DEBUG o.s.aop.framework.CglibAopProxy - Unable to apply any optimisations to advised method: public java.util.List edu.ncsu.csc.itrust2.controllers.api.APIOfficeVisitController.getOfficeVisits()
06:58:21.301 [main] DEBUG o.s.aop.framework.CglibAopProxy - Found 'equals' method: public boolean java.lang.Object.equals(java.lang.Object)
06:58:21.301 [main] DEBUG o.s.aop.framework.CglibAopProxy - Unable to apply any optimisations to advised method: public java.lang.String java.lang.Object.toString()
06:58:21.301 [main] DEBUG o.s.aop.framework.CglibAopProxy - Found 'hashCode' method: public native int java.lang.Object.hashCode()
06:58:21.301 [main] DEBUG o.s.aop.framework.CglibAopProxy - Unable to apply any optimisations to advised method: protected native java.lang.Object java.lang.Object.clone() throws java.lang.CloneNotSupportedException
06:58:21.301 [main] DEBUG o.s.aop.framework.CglibAopProxy - Method is declared on Advised interface: public abstract org.springframework.aop.TargetSource org.springframework.aop.framework.Advised.getTargetSource()
06:58:21.301 [main] DEBUG o.s.aop.framework.CglibAopProxy - Method is declared on Advised interface: public abstract boolean org.springframework.aop.framework.Advised.isProxyTargetClass()
06:58:21.301 [main] DEBUG o.s.aop.framework.CglibAopProxy - Method is declared on Advised interface: public abstract void org.springframework.aop.framework.Advised.addAdvisor(org.springframework.aop.Advisor) throws org.springframework.aop.framework.AopConfigException
06:58:21.301 [main] DEBUG o.s.aop.framework.CglibAopProxy - Method is declared on Advised interface: public abstract void org.springframework.aop.framework.Advised.addAdvisor(int,org.springframework.aop.Advisor) throws org.springframework.aop.framework.AopConfigException
06:58:21.301 [main] DEBUG o.s.aop.framework.CglibAopProxy - Method is declared on Advised interface: public abstract void org.springframework.aop.framework.Advised.setPreFiltered(boolean)
06:58:21.301 [main] DEBUG o.s.aop.framework.CglibAopProxy - Method is declared on Advised interface: public abstract void org.springframework.aop.framework.Advised.setExposeProxy(boolean)
06:58:21.301 [main] DEBUG o.s.aop.framework.CglibAopProxy - Method is declared on Advised interface: public abstract boolean org.springframework.aop.framework.Advised.isExposeProxy()
06:58:21.301 [main] DEBUG o.s.aop.framework.CglibAopProxy - Method is declared on Advised interface: public abstract void org.springframework.aop.framework.Advised.addAdvice(org.aopalliance.aop.Advice) throws org.springframework.aop.framework.AopConfigException
06:58:21.301 [main] DEBUG o.s.aop.framework.CglibAopProxy - Method is declared on Advised interface: public abstract void org.springframework.aop.framework.Advised.addAdvice(int,org.aopalliance.aop.Advice) throws org.springframework.aop.framework.AopConfigException
06:58:21.301 [main] DEBUG o.s.aop.framework.CglibAopProxy - Method is declared on Advised interface: public abstract boolean org.springframework.aop.framework.Advised.isPreFiltered()
06:58:21.301 [main] DEBUG o.s.aop.framework.CglibAopProxy - Method is declared on Advised interface: public abstract java.lang.Class[] org.springframework.aop.framework.Advised.getProxiedInterfaces()
06:58:21.301 [main] DEBUG o.s.aop.framework.CglibAopProxy - Method is declared on Advised interface: public abstract boolean org.springframework.aop.framework.Advised.isInterfaceProxied(java.lang.Class)
06:58:21.301 [main] DEBUG o.s.aop.framework.CglibAopProxy - Method is declared on Advised interface: public abstract org.springframework.aop.Advisor[] org.springframework.aop.framework.Advised.getAdvisors()
06:58:21.301 [main] DEBUG o.s.aop.framework.CglibAopProxy - Method is declared on Advised interface: public abstract boolean org.springframework.aop.framework.Advised.removeAdvisor(org.springframework.aop.Advisor)
06:58:21.301 [main] DEBUG o.s.aop.framework.CglibAopProxy - Method is declared on Advised interface: public abstract void org.springframework.aop.framework.Advised.removeAdvisor(int) throws org.springframework.aop.framework.AopConfigException
06:58:21.301 [main] DEBUG o.s.aop.framework.CglibAopProxy - Method is declared on Advised interface: public abstract boolean org.springframework.aop.framework.Advised.replaceAdvisor(org.springframework.aop.Advisor,org.springframework.aop.Advisor) throws org.springframework.aop.framework.AopConfigException
06:58:21.301 [main] DEBUG o.s.aop.framework.CglibAopProxy - Method is declared on Advised interface: public abstract boolean org.springframework.aop.framework.Advised.removeAdvice(org.aopalliance.aop.Advice)
06:58:21.301 [main] DEBUG o.s.aop.framework.CglibAopProxy - Method is declared on Advised interface: public abstract java.lang.String org.springframework.aop.framework.Advised.toProxyConfigString()
06:58:21.301 [main] DEBUG o.s.aop.framework.CglibAopProxy - Method is declared on Advised interface: public abstract void org.springframework.aop.framework.Advised.setTargetSource(org.springframework.aop.TargetSource)
06:58:21.301 [main] DEBUG o.s.aop.framework.CglibAopProxy - Method is declared on Advised interface: public abstract int org.springframework.aop.framework.Advised.indexOf(org.aopalliance.aop.Advice)
06:58:21.301 [main] DEBUG o.s.aop.framework.CglibAopProxy - Method is declared on Advised interface: public abstract int org.springframework.aop.framework.Advised.indexOf(org.springframework.aop.Advisor)
06:58:21.301 [main] DEBUG o.s.aop.framework.CglibAopProxy - Method is declared on Advised interface: public abstract boolean org.springframework.aop.framework.Advised.isFrozen()
06:58:21.301 [main] DEBUG o.s.aop.framework.CglibAopProxy - Method is declared on Advised interface: public abstract java.lang.Class org.springframework.aop.TargetClassAware.getTargetClass()
06:58:21.310 [main] DEBUG o.s.b.f.s.DefaultListableBeanFactory - Finished creating instance of bean 'APIOfficeVisitController'
06:58:21.310 [main] DEBUG o.s.b.f.s.DefaultListableBeanFactory - Creating shared instance of singleton bean 'APIPasswordController'
06:58:21.310 [main] DEBUG o.s.b.f.s.DefaultListableBeanFactory - Creating instance of bean 'APIPasswordController'
06:58:21.310 [main] DEBUG o.s.b.f.annotation.InjectionMetadata - Registered injected element on class [edu.ncsu.csc.itrust2.controllers.api.APIPasswordController]: AutowiredFieldElement for org.springframework.core.env.Environment edu.ncsu.csc.itrust2.controllers.api.APIPasswordController.environment
06:58:21.310 [main] DEBUG o.s.b.f.s.DefaultListableBeanFactory - Eagerly caching bean 'APIPasswordController' to allow for resolving potential circular references
06:58:21.310 [main] DEBUG o.s.b.f.annotation.InjectionMetadata - Processing injected element of bean 'APIPasswordController': AutowiredFieldElement for org.springframework.core.env.Environment edu.ncsu.csc.itrust2.controllers.api.APIPasswordController.environment
06:58:21.311 [main] DEBUG o.s.b.f.s.DefaultListableBeanFactory - Returning cached instance of singleton bean 'environment'
06:58:21.311 [main] DEBUG o.s.b.f.a.AutowiredAnnotationBeanPostProcessor - Autowiring by type from bean name 'APIPasswordController' to bean named 'environment'
06:58:21.311 [main] DEBUG o.s.b.f.s.DefaultListableBeanFactory - Returning cached instance of singleton bean 'metaDataSourceAdvisor'
06:58:21.311 [main] DEBUG o.s.b.f.s.DefaultListableBeanFactory - Finished creating instance of bean 'APIPasswordController'
06:58:21.311 [main] DEBUG o.s.b.f.s.DefaultListableBeanFactory - Creating shared instance of singleton bean 'APIPatientController'
06:58:21.311 [main] DEBUG o.s.b.f.s.DefaultListableBeanFactory - Creating instance of bean 'APIPatientController'
06:58:21.311 [main] DEBUG o.s.b.f.s.DefaultListableBeanFactory - Eagerly caching bean 'APIPatientController' to allow for resolving potential circular references
06:58:21.311 [main] DEBUG o.s.b.f.s.DefaultListableBeanFactory - Returning cached instance of singleton bean 'metaDataSourceAdvisor'
06:58:21.312 [main] DEBUG o.s.s.a.p.PrePostAnnotationSecurityMetadataSource - @org.springframework.security.access.prepost.PreAuthorize(value=hasRole('ROLE_PATIENT')) found on specific method: public org.springframework.http.ResponseEntity edu.ncsu.csc.itrust2.controllers.api.APIPatientController.getPatient()
06:58:21.312 [main] DEBUG o.s.s.a.m.DelegatingMethodSecurityMetadataSource - Caching method [CacheKey[edu.ncsu.csc.itrust2.controllers.api.APIPatientController; public org.springframework.http.ResponseEntity edu.ncsu.csc.itrust2.controllers.api.APIPatientController.getPatient()]] with attributes [[authorize: 'hasRole('ROLE_PATIENT')', filter: 'null', filterTarget: 'null']]
06:58:21.312 [main] DEBUG o.s.a.f.a.InfrastructureAdvisorAutoProxyCreator - Creating implicit proxy for bean 'APIPatientController' with 0 common interceptors and 1 specific interceptors
06:58:21.312 [main] DEBUG o.s.aop.framework.CglibAopProxy - Creating CGLIB proxy: target source is SingletonTargetSource for target object [edu.ncsu.csc.itrust2.controllers.api.APIPatientController@1a15f3b9]
06:58:21.312 [main] DEBUG o.s.aop.framework.CglibAopProxy - Unable to apply any optimisations to advised method: public org.springframework.http.ResponseEntity edu.ncsu.csc.itrust2.controllers.api.APIPatientController.getPatient(java.lang.String)
06:58:21.312 [main] DEBUG o.s.aop.framework.CglibAopProxy - Unable to apply any optimisations to advised method: public org.springframework.http.ResponseEntity edu.ncsu.csc.itrust2.controllers.api.APIPatientController.getPatient()
06:58:21.312 [main] DEBUG o.s.aop.framework.CglibAopProxy - Unable to apply any optimisations to advised method: public java.util.List edu.ncsu.csc.itrust2.controllers.api.APIPatientController.getPatients()
06:58:21.312 [main] DEBUG o.s.aop.framework.CglibAopProxy - Unable to apply any optimisations to advised method: public org.springframework.http.ResponseEntity edu.ncsu.csc.itrust2.controllers.api.APIPatientController.createPatient(edu.ncsu.csc.itrust2.forms.hcp_patient.PatientForm)
06:58:21.313 [main] DEBUG o.s.aop.framework.CglibAopProxy - Unable to apply any optimisations to advised method: public org.springframework.http.ResponseEntity edu.ncsu.csc.itrust2.controllers.api.APIPatientController.updatePatient(java.lang.String,edu.ncsu.csc.itrust2.forms.hcp_patient.PatientForm)
06:58:21.313 [main] DEBUG o.s.aop.framework.CglibAopProxy - Found 'equals' method: public boolean java.lang.Object.equals(java.lang.Object)
06:58:21.313 [main] DEBUG o.s.aop.framework.CglibAopProxy - Unable to apply any optimisations to advised method: public java.lang.String java.lang.Object.toString()
06:58:21.313 [main] DEBUG o.s.aop.framework.CglibAopProxy - Found 'hashCode' method: public native int java.lang.Object.hashCode()
06:58:21.313 [main] DEBUG o.s.aop.framework.CglibAopProxy - Unable to apply any optimisations to advised method: protected native java.lang.Object java.lang.Object.clone() throws java.lang.CloneNotSupportedException
06:58:21.313 [main] DEBUG o.s.aop.framework.CglibAopProxy - Method is declared on Advised interface: public abstract org.springframework.aop.TargetSource org.springframework.aop.framework.Advised.getTargetSource()
06:58:21.313 [main] DEBUG o.s.aop.framework.CglibAopProxy - Method is declared on Advised interface: public abstract boolean org.springframework.aop.framework.Advised.isProxyTargetClass()
06:58:21.313 [main] DEBUG o.s.aop.framework.CglibAopProxy - Method is declared on Advised interface: public abstract void org.springframework.aop.framework.Advised.addAdvisor(org.springframework.aop.Advisor) throws org.springframework.aop.framework.AopConfigException
06:58:21.313 [main] DEBUG o.s.aop.framework.CglibAopProxy - Method is declared on Advised interface: public abstract void org.springframework.aop.framework.Advised.addAdvisor(int,org.springframework.aop.Advisor) throws org.springframework.aop.framework.AopConfigException
06:58:21.313 [main] DEBUG o.s.aop.framework.CglibAopProxy - Method is declared on Advised interface: public abstract void org.springframework.aop.framework.Advised.setPreFiltered(boolean)
06:58:21.313 [main] DEBUG o.s.aop.framework.CglibAopProxy - Method is declared on Advised interface: public abstract void org.springframework.aop.framework.Advised.setExposeProxy(boolean)
06:58:21.313 [main] DEBUG o.s.aop.framework.CglibAopProxy - Method is declared on Advised interface: public abstract boolean org.springframework.aop.framework.Advised.isExposeProxy()
06:58:21.313 [main] DEBUG o.s.aop.framework.CglibAopProxy - Method is declared on Advised interface: public abstract void org.springframework.aop.framework.Advised.addAdvice(org.aopalliance.aop.Advice) throws org.springframework.aop.framework.AopConfigException
06:58:21.313 [main] DEBUG o.s.aop.framework.CglibAopProxy - Method is declared on Advised interface: public abstract void org.springframework.aop.framework.Advised.addAdvice(int,org.aopalliance.aop.Advice) throws org.springframework.aop.framework.AopConfigException
06:58:21.313 [main] DEBUG o.s.aop.framework.CglibAopProxy - Method is declared on Advised interface: public abstract boolean org.springframework.aop.framework.Advised.isPreFiltered()
06:58:21.313 [main] DEBUG o.s.aop.framework.CglibAopProxy - Method is declared on Advised interface: public abstract java.lang.Class[] org.springframework.aop.framework.Advised.getProxiedInterfaces()
06:58:21.313 [main] DEBUG o.s.aop.framework.CglibAopProxy - Method is declared on Advised interface: public abstract boolean org.springframework.aop.framework.Advised.isInterfaceProxied(java.lang.Class)
06:58:21.313 [main] DEBUG o.s.aop.framework.CglibAopProxy - Method is declared on Advised interface: public abstract org.springframework.aop.Advisor[] org.springframework.aop.framework.Advised.getAdvisors()
06:58:21.313 [main] DEBUG o.s.aop.framework.CglibAopProxy - Method is declared on Advised interface: public abstract boolean org.springframework.aop.framework.Advised.removeAdvisor(org.springframework.aop.Advisor)
06:58:21.313 [main] DEBUG o.s.aop.framework.CglibAopProxy - Method is declared on Advised interface: public abstract void org.springframework.aop.framework.Advised.removeAdvisor(int) throws org.springframework.aop.framework.AopConfigException
06:58:21.313 [main] DEBUG o.s.aop.framework.CglibAopProxy - Method is declared on Advised interface: public abstract boolean org.springframework.aop.framework.Advised.replaceAdvisor(org.springframework.aop.Advisor,org.springframework.aop.Advisor) throws org.springframework.aop.framework.AopConfigException
06:58:21.313 [main] DEBUG o.s.aop.framework.CglibAopProxy - Method is declared on Advised interface: public abstract boolean org.springframework.aop.framework.Advised.removeAdvice(org.aopalliance.aop.Advice)
06:58:21.313 [main] DEBUG o.s.aop.framework.CglibAopProxy - Method is declared on Advised interface: public abstract java.lang.String org.springframework.aop.framework.Advised.toProxyConfigString()
06:58:21.313 [main] DEBUG o.s.aop.framework.CglibAopProxy - Method is declared on Advised interface: public abstract void org.springframework.aop.framework.Advised.setTargetSource(org.springframework.aop.TargetSource)
06:58:21.313 [main] DEBUG o.s.aop.framework.CglibAopProxy - Method is declared on Advised interface: public abstract int org.springframework.aop.framework.Advised.indexOf(org.aopalliance.aop.Advice)
06:58:21.313 [main] DEBUG o.s.aop.framework.CglibAopProxy - Method is declared on Advised interface: public abstract int org.springframework.aop.framework.Advised.indexOf(org.springframework.aop.Advisor)
06:58:21.313 [main] DEBUG o.s.aop.framework.CglibAopProxy - Method is declared on Advised interface: public abstract boolean org.springframework.aop.framework.Advised.isFrozen()
06:58:21.313 [main] DEBUG o.s.aop.framework.CglibAopProxy - Method is declared on Advised interface: public abstract java.lang.Class org.springframework.aop.TargetClassAware.getTargetClass()
06:58:21.318 [main] DEBUG o.s.b.f.s.DefaultListableBeanFactory - Finished creating instance of bean 'APIPatientController'
06:58:21.318 [main] DEBUG o.s.b.f.s.DefaultListableBeanFactory - Creating shared instance of singleton bean 'APIPersonnelController'
06:58:21.318 [main] DEBUG o.s.b.f.s.DefaultListableBeanFactory - Creating instance of bean 'APIPersonnelController'
06:58:21.318 [main] DEBUG o.s.b.f.s.DefaultListableBeanFactory - Eagerly caching bean 'APIPersonnelController' to allow for resolving potential circular references
06:58:21.318 [main] DEBUG o.s.b.f.s.DefaultListableBeanFactory - Returning cached instance of singleton bean 'metaDataSourceAdvisor'
06:58:21.319 [main] DEBUG o.s.b.f.s.DefaultListableBeanFactory - Finished creating instance of bean 'APIPersonnelController'
06:58:21.319 [main] DEBUG o.s.b.f.s.DefaultListableBeanFactory - Creating shared instance of singleton bean 'APIPrescriptionController'
06:58:21.319 [main] DEBUG o.s.b.f.s.DefaultListableBeanFactory - Creating instance of bean 'APIPrescriptionController'
06:58:21.319 [main] DEBUG o.s.b.f.s.DefaultListableBeanFactory - Eagerly caching bean 'APIPrescriptionController' to allow for resolving potential circular references
06:58:21.319 [main] DEBUG o.s.b.f.s.DefaultListableBeanFactory - Returning cached instance of singleton bean 'metaDataSourceAdvisor'
06:58:21.319 [main] DEBUG o.s.s.a.p.PrePostAnnotationSecurityMetadataSource - @org.springframework.security.access.prepost.PreAuthorize(value=hasRole('ROLE_HCP')) found on specific method: public org.springframework.http.ResponseEntity edu.ncsu.csc.itrust2.controllers.api.APIPrescriptionController.addPrescription(edu.ncsu.csc.itrust2.forms.hcp.PrescriptionForm)
06:58:21.319 [main] DEBUG o.s.s.a.m.DelegatingMethodSecurityMetadataSource - Caching method [CacheKey[edu.ncsu.csc.itrust2.controllers.api.APIPrescriptionController; public org.springframework.http.ResponseEntity edu.ncsu.csc.itrust2.controllers.api.APIPrescriptionController.addPrescription(edu.ncsu.csc.itrust2.forms.hcp.PrescriptionForm)]] with attributes [[authorize: 'hasRole('ROLE_HCP')', filter: 'null', filterTarget: 'null']]
06:58:21.319 [main] DEBUG o.s.a.f.a.InfrastructureAdvisorAutoProxyCreator - Creating implicit proxy for bean 'APIPrescriptionController' with 0 common interceptors and 1 specific interceptors
06:58:21.319 [main] DEBUG o.s.aop.framework.CglibAopProxy - Creating CGLIB proxy: target source is SingletonTargetSource for target object [edu.ncsu.csc.itrust2.controllers.api.APIPrescriptionController@6412ea94]
06:58:21.320 [main] DEBUG o.s.aop.framework.CglibAopProxy - Unable to apply any optimisations to advised method: public org.springframework.http.ResponseEntity edu.ncsu.csc.itrust2.controllers.api.APIPrescriptionController.addPrescription(edu.ncsu.csc.itrust2.forms.hcp.PrescriptionForm)
06:58:21.320 [main] DEBUG o.s.s.a.p.PrePostAnnotationSecurityMetadataSource - @org.springframework.security.access.prepost.PreAuthorize(value=hasRole('ROLE_HCP')) found on specific method: public org.springframework.http.ResponseEntity edu.ncsu.csc.itrust2.controllers.api.APIPrescriptionController.editPrescription(edu.ncsu.csc.itrust2.forms.hcp.PrescriptionForm)
06:58:21.320 [main] DEBUG o.s.s.a.m.DelegatingMethodSecurityMetadataSource - Caching method [CacheKey[edu.ncsu.csc.itrust2.controllers.api.APIPrescriptionController; public org.springframework.http.ResponseEntity edu.ncsu.csc.itrust2.controllers.api.APIPrescriptionController.editPrescription(edu.ncsu.csc.itrust2.forms.hcp.PrescriptionForm)]] with attributes [[authorize: 'hasRole('ROLE_HCP')', filter: 'null', filterTarget: 'null']]
06:58:21.320 [main] DEBUG o.s.aop.framework.CglibAopProxy - Unable to apply any optimisations to advised method: public org.springframework.http.ResponseEntity edu.ncsu.csc.itrust2.controllers.api.APIPrescriptionController.editPrescription(edu.ncsu.csc.itrust2.forms.hcp.PrescriptionForm)
06:58:21.320 [main] DEBUG o.s.s.a.p.PrePostAnnotationSecurityMetadataSource - @org.springframework.security.access.prepost.PreAuthorize(value=hasRole('ROLE_HCP')) found on specific method: public org.springframework.http.ResponseEntity edu.ncsu.csc.itrust2.controllers.api.APIPrescriptionController.deletePrescription(java.lang.Long)
06:58:21.320 [main] DEBUG o.s.s.a.m.DelegatingMethodSecurityMetadataSource - Caching method [CacheKey[edu.ncsu.csc.itrust2.controllers.api.APIPrescriptionController; public org.springframework.http.ResponseEntity edu.ncsu.csc.itrust2.controllers.api.APIPrescriptionController.deletePrescription(java.lang.Long)]] with attributes [[authorize: 'hasRole('ROLE_HCP')', filter: 'null', filterTarget: 'null']]
06:58:21.320 [main] DEBUG o.s.aop.framework.CglibAopProxy - Unable to apply any optimisations to advised method: public org.springframework.http.ResponseEntity edu.ncsu.csc.itrust2.controllers.api.APIPrescriptionController.deletePrescription(java.lang.Long)
06:58:21.320 [main] DEBUG o.s.s.a.p.PrePostAnnotationSecurityMetadataSource - @org.springframework.security.access.prepost.PreAuthorize(value=hasRole('ROLE_HCP')) found on specific method: public org.springframework.http.ResponseEntity edu.ncsu.csc.itrust2.controllers.api.APIPrescriptionController.getPrescription(java.lang.Long)
06:58:21.320 [main] DEBUG o.s.s.a.m.DelegatingMethodSecurityMetadataSource - Caching method [CacheKey[edu.ncsu.csc.itrust2.controllers.api.APIPrescriptionController; public org.springframework.http.ResponseEntity edu.ncsu.csc.itrust2.controllers.api.APIPrescriptionController.getPrescription(java.lang.Long)]] with attributes [[authorize: 'hasRole('ROLE_HCP')', filter: 'null', filterTarget: 'null']]
06:58:21.320 [main] DEBUG o.s.aop.framework.CglibAopProxy - Unable to apply any optimisations to advised method: public org.springframework.http.ResponseEntity edu.ncsu.csc.itrust2.controllers.api.APIPrescriptionController.getPrescription(java.lang.Long)
06:58:21.320 [main] DEBUG o.s.s.a.p.PrePostAnnotationSecurityMetadataSource - @org.springframework.security.access.prepost.PreAuthorize(value=hasAnyRole('ROLE_HCP', 'ROLE_PATIENT')) found on specific method: public java.util.List edu.ncsu.csc.itrust2.controllers.api.APIPrescriptionController.getPrescriptions()
06:58:21.321 [main] DEBUG o.s.s.a.m.DelegatingMethodSecurityMetadataSource - Caching method [CacheKey[edu.ncsu.csc.itrust2.controllers.api.APIPrescriptionController; public java.util.List edu.ncsu.csc.itrust2.controllers.api.APIPrescriptionController.getPrescriptions()]] with attributes [[authorize: 'hasAnyRole('ROLE_HCP', 'ROLE_PATIENT')', filter: 'null', filterTarget: 'null']]
06:58:21.321 [main] DEBUG o.s.aop.framework.CglibAopProxy - Unable to apply any optimisations to advised method: public java.util.List edu.ncsu.csc.itrust2.controllers.api.APIPrescriptionController.getPrescriptions()
06:58:21.321 [main] DEBUG o.s.aop.framework.CglibAopProxy - Found 'equals' method: public boolean java.lang.Object.equals(java.lang.Object)
06:58:21.321 [main] DEBUG o.s.aop.framework.CglibAopProxy - Unable to apply any optimisations to advised method: public java.lang.String java.lang.Object.toString()
06:58:21.321 [main] DEBUG o.s.aop.framework.CglibAopProxy - Found 'hashCode' method: public native int java.lang.Object.hashCode()
06:58:21.321 [main] DEBUG o.s.aop.framework.CglibAopProxy - Unable to apply any optimisations to advised method: protected native java.lang.Object java.lang.Object.clone() throws java.lang.CloneNotSupportedException
06:58:21.321 [main] DEBUG o.s.aop.framework.CglibAopProxy - Method is declared on Advised interface: public abstract org.springframework.aop.TargetSource org.springframework.aop.framework.Advised.getTargetSource()
06:58:21.321 [main] DEBUG o.s.aop.framework.CglibAopProxy - Method is declared on Advised interface: public abstract boolean org.springframework.aop.framework.Advised.isProxyTargetClass()
06:58:21.321 [main] DEBUG o.s.aop.framework.CglibAopProxy - Method is declared on Advised interface: public abstract void org.springframework.aop.framework.Advised.addAdvisor(org.springframework.aop.Advisor) throws org.springframework.aop.framework.AopConfigException
06:58:21.321 [main] DEBUG o.s.aop.framework.CglibAopProxy - Method is declared on Advised interface: public abstract void org.springframework.aop.framework.Advised.addAdvisor(int,org.springframework.aop.Advisor) throws org.springframework.aop.framework.AopConfigException
06:58:21.321 [main] DEBUG o.s.aop.framework.CglibAopProxy - Method is declared on Advised interface: public abstract void org.springframework.aop.framework.Advised.setPreFiltered(boolean)
06:58:21.321 [main] DEBUG o.s.aop.framework.CglibAopProxy - Method is declared on Advised interface: public abstract void org.springframework.aop.framework.Advised.setExposeProxy(boolean)
06:58:21.321 [main] DEBUG o.s.aop.framework.CglibAopProxy - Method is declared on Advised interface: public abstract boolean org.springframework.aop.framework.Advised.isExposeProxy()
06:58:21.321 [main] DEBUG o.s.aop.framework.CglibAopProxy - Method is declared on Advised interface: public abstract void org.springframework.aop.framework.Advised.addAdvice(org.aopalliance.aop.Advice) throws org.springframework.aop.framework.AopConfigException
06:58:21.321 [main] DEBUG o.s.aop.framework.CglibAopProxy - Method is declared on Advised interface: public abstract void org.springframework.aop.framework.Advised.addAdvice(int,org.aopalliance.aop.Advice) throws org.springframework.aop.framework.AopConfigException
06:58:21.321 [main] DEBUG o.s.aop.framework.CglibAopProxy - Method is declared on Advised interface: public abstract boolean org.springframework.aop.framework.Advised.isPreFiltered()
06:58:21.321 [main] DEBUG o.s.aop.framework.CglibAopProxy - Method is declared on Advised interface: public abstract java.lang.Class[] org.springframework.aop.framework.Advised.getProxiedInterfaces()
06:58:21.321 [main] DEBUG o.s.aop.framework.CglibAopProxy - Method is declared on Advised interface: public abstract boolean org.springframework.aop.framework.Advised.isInterfaceProxied(java.lang.Class)
06:58:21.321 [main] DEBUG o.s.aop.framework.CglibAopProxy - Method is declared on Advised interface: public abstract org.springframework.aop.Advisor[] org.springframework.aop.framework.Advised.getAdvisors()
06:58:21.321 [main] DEBUG o.s.aop.framework.CglibAopProxy - Method is declared on Advised interface: public abstract boolean org.springframework.aop.framework.Advised.removeAdvisor(org.springframework.aop.Advisor)
06:58:21.321 [main] DEBUG o.s.aop.framework.CglibAopProxy - Method is declared on Advised interface: public abstract void org.springframework.aop.framework.Advised.removeAdvisor(int) throws org.springframework.aop.framework.AopConfigException
06:58:21.321 [main] DEBUG o.s.aop.framework.CglibAopProxy - Method is declared on Advised interface: public abstract boolean org.springframework.aop.framework.Advised.replaceAdvisor(org.springframework.aop.Advisor,org.springframework.aop.Advisor) throws org.springframework.aop.framework.AopConfigException
06:58:21.321 [main] DEBUG o.s.aop.framework.CglibAopProxy - Method is declared on Advised interface: public abstract boolean org.springframework.aop.framework.Advised.removeAdvice(org.aopalliance.aop.Advice)
06:58:21.321 [main] DEBUG o.s.aop.framework.CglibAopProxy - Method is declared on Advised interface: public abstract java.lang.String org.springframework.aop.framework.Advised.toProxyConfigString()
06:58:21.321 [main] DEBUG o.s.aop.framework.CglibAopProxy - Method is declared on Advised interface: public abstract void org.springframework.aop.framework.Advised.setTargetSource(org.springframework.aop.TargetSource)
06:58:21.321 [main] DEBUG o.s.aop.framework.CglibAopProxy - Method is declared on Advised interface: public abstract int org.springframework.aop.framework.Advised.indexOf(org.aopalliance.aop.Advice)
06:58:21.321 [main] DEBUG o.s.aop.framework.CglibAopProxy - Method is declared on Advised interface: public abstract int org.springframework.aop.framework.Advised.indexOf(org.springframework.aop.Advisor)
06:58:21.321 [main] DEBUG o.s.aop.framework.CglibAopProxy - Method is declared on Advised interface: public abstract boolean org.springframework.aop.framework.Advised.isFrozen()
06:58:21.321 [main] DEBUG o.s.aop.framework.CglibAopProxy - Method is declared on Advised interface: public abstract java.lang.Class org.springframework.aop.TargetClassAware.getTargetClass()
06:58:21.329 [main] DEBUG o.s.b.f.s.DefaultListableBeanFactory - Finished creating instance of bean 'APIPrescriptionController'
06:58:21.329 [main] DEBUG o.s.b.f.s.DefaultListableBeanFactory - Creating shared instance of singleton bean 'APIUserController'
06:58:21.329 [main] DEBUG o.s.b.f.s.DefaultListableBeanFactory - Creating instance of bean 'APIUserController'
06:58:21.330 [main] DEBUG o.s.b.f.s.DefaultListableBeanFactory - Eagerly caching bean 'APIUserController' to allow for resolving potential circular references
06:58:21.330 [main] DEBUG o.s.b.f.s.DefaultListableBeanFactory - Returning cached instance of singleton bean 'metaDataSourceAdvisor'
06:58:21.331 [main] DEBUG o.s.b.f.s.DefaultListableBeanFactory - Finished creating instance of bean 'APIUserController'
06:58:21.331 [main] DEBUG o.s.b.f.s.DefaultListableBeanFactory - Creating shared instance of singleton bean 'appointmentControllerHCP'
06:58:21.331 [main] DEBUG o.s.b.f.s.DefaultListableBeanFactory - Creating instance of bean 'appointmentControllerHCP'
06:58:21.331 [main] DEBUG o.s.b.f.s.DefaultListableBeanFactory - Eagerly caching bean 'appointmentControllerHCP' to allow for resolving potential circular references
06:58:21.331 [main] DEBUG o.s.b.f.s.DefaultListableBeanFactory - Returning cached instance of singleton bean 'metaDataSourceAdvisor'
06:58:21.331 [main] DEBUG o.s.s.a.p.PrePostAnnotationSecurityMetadataSource - @org.springframework.security.access.prepost.PreAuthorize(value=hasRole('ROLE_HCP')) found on specific method: public java.lang.String edu.ncsu.csc.itrust2.controllers.hcp.AppointmentControllerHCP.requestAppointmentForm(org.springframework.ui.Model)
06:58:21.332 [main] DEBUG o.s.s.a.m.DelegatingMethodSecurityMetadataSource - Caching method [CacheKey[edu.ncsu.csc.itrust2.controllers.hcp.AppointmentControllerHCP; public java.lang.String edu.ncsu.csc.itrust2.controllers.hcp.AppointmentControllerHCP.requestAppointmentForm(org.springframework.ui.Model)]] with attributes [[authorize: 'hasRole('ROLE_HCP')', filter: 'null', filterTarget: 'null']]
06:58:21.332 [main] DEBUG o.s.a.f.a.InfrastructureAdvisorAutoProxyCreator - Creating implicit proxy for bean 'appointmentControllerHCP' with 0 common interceptors and 1 specific interceptors
06:58:21.332 [main] DEBUG o.s.aop.framework.CglibAopProxy - Creating CGLIB proxy: target source is SingletonTargetSource for target object [edu.ncsu.csc.itrust2.controllers.hcp.AppointmentControllerHCP@135e1401]
06:58:21.332 [main] DEBUG o.s.aop.framework.CglibAopProxy - Unable to apply any optimisations to advised method: public java.lang.String edu.ncsu.csc.itrust2.controllers.hcp.AppointmentControllerHCP.requestAppointmentForm(org.springframework.ui.Model)
06:58:21.332 [main] DEBUG o.s.s.a.p.PrePostAnnotationSecurityMetadataSource - @org.springframework.security.access.prepost.PreAuthorize(value=hasRole('ROLE_HCP')) found on specific method: public java.lang.String edu.ncsu.csc.itrust2.controllers.hcp.AppointmentControllerHCP.appointmentActionSubmit(edu.ncsu.csc.itrust2.forms.patient.AppointmentForm)
06:58:21.333 [main] DEBUG o.s.s.a.m.DelegatingMethodSecurityMetadataSource - Caching method [CacheKey[edu.ncsu.csc.itrust2.controllers.hcp.AppointmentControllerHCP; public java.lang.String edu.ncsu.csc.itrust2.controllers.hcp.AppointmentControllerHCP.appointmentActionSubmit(edu.ncsu.csc.itrust2.forms.patient.AppointmentForm)]] with attributes [[authorize: 'hasRole('ROLE_HCP')', filter: 'null', filterTarget: 'null']]
06:58:21.333 [main] DEBUG o.s.aop.framework.CglibAopProxy - Unable to apply any optimisations to advised method: public java.lang.String edu.ncsu.csc.itrust2.controllers.hcp.AppointmentControllerHCP.appointmentActionSubmit(edu.ncsu.csc.itrust2.forms.patient.AppointmentForm)
06:58:21.333 [main] DEBUG o.s.s.a.p.PrePostAnnotationSecurityMetadataSource - @org.springframework.security.access.prepost.PreAuthorize(value=hasRole('ROLE_HCP')) found on specific method: public java.lang.String edu.ncsu.csc.itrust2.controllers.hcp.AppointmentControllerHCP.upcomingAppointments(org.springframework.ui.Model)
06:58:21.333 [main] DEBUG o.s.s.a.m.DelegatingMethodSecurityMetadataSource - Caching method [CacheKey[edu.ncsu.csc.itrust2.controllers.hcp.AppointmentControllerHCP; public java.lang.String edu.ncsu.csc.itrust2.controllers.hcp.AppointmentControllerHCP.upcomingAppointments(org.springframework.ui.Model)]] with attributes [[authorize: 'hasRole('ROLE_HCP')', filter: 'null', filterTarget: 'null']]
06:58:21.333 [main] DEBUG o.s.aop.framework.CglibAopProxy - Unable to apply any optimisations to advised method: public java.lang.String edu.ncsu.csc.itrust2.controllers.hcp.AppointmentControllerHCP.upcomingAppointments(org.springframework.ui.Model)
06:58:21.333 [main] DEBUG o.s.aop.framework.CglibAopProxy - Found 'equals' method: public boolean java.lang.Object.equals(java.lang.Object)
06:58:21.333 [main] DEBUG o.s.aop.framework.CglibAopProxy - Unable to apply any optimisations to advised method: public java.lang.String java.lang.Object.toString()
06:58:21.333 [main] DEBUG o.s.aop.framework.CglibAopProxy - Found 'hashCode' method: public native int java.lang.Object.hashCode()
06:58:21.333 [main] DEBUG o.s.aop.framework.CglibAopProxy - Unable to apply any optimisations to advised method: protected native java.lang.Object java.lang.Object.clone() throws java.lang.CloneNotSupportedException
06:58:21.333 [main] DEBUG o.s.aop.framework.CglibAopProxy - Method is declared on Advised interface: public abstract org.springframework.aop.TargetSource org.springframework.aop.framework.Advised.getTargetSource()
06:58:21.333 [main] DEBUG o.s.aop.framework.CglibAopProxy - Method is declared on Advised interface: public abstract boolean org.springframework.aop.framework.Advised.isProxyTargetClass()
06:58:21.333 [main] DEBUG o.s.aop.framework.CglibAopProxy - Method is declared on Advised interface: public abstract void org.springframework.aop.framework.Advised.addAdvisor(org.springframework.aop.Advisor) throws org.springframework.aop.framework.AopConfigException
06:58:21.333 [main] DEBUG o.s.aop.framework.CglibAopProxy - Method is declared on Advised interface: public abstract void org.springframework.aop.framework.Advised.addAdvisor(int,org.springframework.aop.Advisor) throws org.springframework.aop.framework.AopConfigException
06:58:21.333 [main] DEBUG o.s.aop.framework.CglibAopProxy - Method is declared on Advised interface: public abstract void org.springframework.aop.framework.Advised.setPreFiltered(boolean)
06:58:21.333 [main] DEBUG o.s.aop.framework.CglibAopProxy - Method is declared on Advised interface: public abstract void org.springframework.aop.framework.Advised.setExposeProxy(boolean)
06:58:21.333 [main] DEBUG o.s.aop.framework.CglibAopProxy - Method is declared on Advised interface: public abstract boolean org.springframework.aop.framework.Advised.isExposeProxy()
06:58:21.333 [main] DEBUG o.s.aop.framework.CglibAopProxy - Method is declared on Advised interface: public abstract void org.springframework.aop.framework.Advised.addAdvice(org.aopalliance.aop.Advice) throws org.springframework.aop.framework.AopConfigException
06:58:21.333 [main] DEBUG o.s.aop.framework.CglibAopProxy - Method is declared on Advised interface: public abstract void org.springframework.aop.framework.Advised.addAdvice(int,org.aopalliance.aop.Advice) throws org.springframework.aop.framework.AopConfigException
06:58:21.333 [main] DEBUG o.s.aop.framework.CglibAopProxy - Method is declared on Advised interface: public abstract boolean org.springframework.aop.framework.Advised.isPreFiltered()
06:58:21.333 [main] DEBUG o.s.aop.framework.CglibAopProxy - Method is declared on Advised interface: public abstract java.lang.Class[] org.springframework.aop.framework.Advised.getProxiedInterfaces()
06:58:21.333 [main] DEBUG o.s.aop.framework.CglibAopProxy - Method is declared on Advised interface: public abstract boolean org.springframework.aop.framework.Advised.isInterfaceProxied(java.lang.Class)
06:58:21.333 [main] DEBUG o.s.aop.framework.CglibAopProxy - Method is declared on Advised interface: public abstract org.springframework.aop.Advisor[] org.springframework.aop.framework.Advised.getAdvisors()
06:58:21.333 [main] DEBUG o.s.aop.framework.CglibAopProxy - Method is declared on Advised interface: public abstract boolean org.springframework.aop.framework.Advised.removeAdvisor(org.springframework.aop.Advisor)
06:58:21.333 [main] DEBUG o.s.aop.framework.CglibAopProxy - Method is declared on Advised interface: public abstract void org.springframework.aop.framework.Advised.removeAdvisor(int) throws org.springframework.aop.framework.AopConfigException
06:58:21.333 [main] DEBUG o.s.aop.framework.CglibAopProxy - Method is declared on Advised interface: public abstract boolean org.springframework.aop.framework.Advised.replaceAdvisor(org.springframework.aop.Advisor,org.springframework.aop.Advisor) throws org.springframework.aop.framework.AopConfigException
06:58:21.333 [main] DEBUG o.s.aop.framework.CglibAopProxy - Method is declared on Advised interface: public abstract boolean org.springframework.aop.framework.Advised.removeAdvice(org.aopalliance.aop.Advice)
06:58:21.333 [main] DEBUG o.s.aop.framework.CglibAopProxy - Method is declared on Advised interface: public abstract java.lang.String org.springframework.aop.framework.Advised.toProxyConfigString()
06:58:21.333 [main] DEBUG o.s.aop.framework.CglibAopProxy - Method is declared on Advised interface: public abstract void org.springframework.aop.framework.Advised.setTargetSource(org.springframework.aop.TargetSource)
06:58:21.333 [main] DEBUG o.s.aop.framework.CglibAopProxy - Method is declared on Advised interface: public abstract int org.springframework.aop.framework.Advised.indexOf(org.aopalliance.aop.Advice)
06:58:21.333 [main] DEBUG o.s.aop.framework.CglibAopProxy - Method is declared on Advised interface: public abstract int org.springframework.aop.framework.Advised.indexOf(org.springframework.aop.Advisor)
06:58:21.333 [main] DEBUG o.s.aop.framework.CglibAopProxy - Method is declared on Advised interface: public abstract boolean org.springframework.aop.framework.Advised.isFrozen()
06:58:21.333 [main] DEBUG o.s.aop.framework.CglibAopProxy - Method is declared on Advised interface: public abstract java.lang.Class org.springframework.aop.TargetClassAware.getTargetClass()
06:58:21.342 [main] DEBUG o.s.b.f.s.DefaultListableBeanFactory - Finished creating instance of bean 'appointmentControllerHCP'
06:58:21.342 [main] DEBUG o.s.b.f.s.DefaultListableBeanFactory - Creating shared instance of singleton bean 'HCPController'
06:58:21.342 [main] DEBUG o.s.b.f.s.DefaultListableBeanFactory - Creating instance of bean 'HCPController'
06:58:21.342 [main] DEBUG o.s.b.f.s.DefaultListableBeanFactory - Eagerly caching bean 'HCPController' to allow for resolving potential circular references
06:58:21.342 [main] DEBUG o.s.b.f.s.DefaultListableBeanFactory - Returning cached instance of singleton bean 'metaDataSourceAdvisor'
06:58:21.342 [main] DEBUG o.s.s.a.p.PrePostAnnotationSecurityMetadataSource - @org.springframework.security.access.prepost.PreAuthorize(value=hasRole('ROLE_HCP')) found on specific method: public java.lang.String edu.ncsu.csc.itrust2.controllers.hcp.HCPController.editPatientDemographics()
06:58:21.342 [main] DEBUG o.s.s.a.m.DelegatingMethodSecurityMetadataSource - Caching method [CacheKey[edu.ncsu.csc.itrust2.controllers.hcp.HCPController; public java.lang.String edu.ncsu.csc.itrust2.controllers.hcp.HCPController.editPatientDemographics()]] with attributes [[authorize: 'hasRole('ROLE_HCP')', filter: 'null', filterTarget: 'null']]
06:58:21.342 [main] DEBUG o.s.a.f.a.InfrastructureAdvisorAutoProxyCreator - Creating implicit proxy for bean 'HCPController' with 0 common interceptors and 1 specific interceptors
06:58:21.342 [main] DEBUG o.s.aop.framework.CglibAopProxy - Creating CGLIB proxy: target source is SingletonTargetSource for target object [edu.ncsu.csc.itrust2.controllers.hcp.HCPController@512e50a3]
06:58:21.343 [main] DEBUG o.s.aop.framework.CglibAopProxy - Unable to apply any optimisations to advised method: public java.lang.String edu.ncsu.csc.itrust2.controllers.hcp.HCPController.editPatientDemographics()
06:58:21.343 [main] DEBUG o.s.s.a.p.PrePostAnnotationSecurityMetadataSource - @org.springframework.security.access.prepost.PreAuthorize(value=hasRole('ROLE_HCP')) found on specific method: public java.lang.String edu.ncsu.csc.itrust2.controllers.hcp.HCPController.editPrescriptions()
06:58:21.343 [main] DEBUG o.s.s.a.m.DelegatingMethodSecurityMetadataSource - Caching method [CacheKey[edu.ncsu.csc.itrust2.controllers.hcp.HCPController; public java.lang.String edu.ncsu.csc.itrust2.controllers.hcp.HCPController.editPrescriptions()]] with attributes [[authorize: 'hasRole('ROLE_HCP')', filter: 'null', filterTarget: 'null']]
06:58:21.343 [main] DEBUG o.s.aop.framework.CglibAopProxy - Unable to apply any optimisations to advised method: public java.lang.String edu.ncsu.csc.itrust2.controllers.hcp.HCPController.editPrescriptions()
06:58:21.343 [main] DEBUG o.s.s.a.p.PrePostAnnotationSecurityMetadataSource - @org.springframework.security.access.prepost.PreAuthorize(value=hasRole('ROLE_HCP')) found on specific method: public java.lang.String edu.ncsu.csc.itrust2.controllers.hcp.HCPController.index(org.springframework.ui.Model)
06:58:21.343 [main] DEBUG o.s.s.a.m.DelegatingMethodSecurityMetadataSource - Caching method [CacheKey[edu.ncsu.csc.itrust2.controllers.hcp.HCPController; public java.lang.String edu.ncsu.csc.itrust2.controllers.hcp.HCPController.index(org.springframework.ui.Model)]] with attributes [[authorize: 'hasRole('ROLE_HCP')', filter: 'null', filterTarget: 'null']]
06:58:21.343 [main] DEBUG o.s.aop.framework.CglibAopProxy - Unable to apply any optimisations to advised method: public java.lang.String edu.ncsu.csc.itrust2.controllers.hcp.HCPController.index(org.springframework.ui.Model)
06:58:21.343 [main] DEBUG o.s.aop.framework.CglibAopProxy - Found 'equals' method: public boolean java.lang.Object.equals(java.lang.Object)
06:58:21.343 [main] DEBUG o.s.aop.framework.CglibAopProxy - Unable to apply any optimisations to advised method: public java.lang.String java.lang.Object.toString()
06:58:21.343 [main] DEBUG o.s.aop.framework.CglibAopProxy - Found 'hashCode' method: public native int java.lang.Object.hashCode()
06:58:21.343 [main] DEBUG o.s.aop.framework.CglibAopProxy - Unable to apply any optimisations to advised method: protected native java.lang.Object java.lang.Object.clone() throws java.lang.CloneNotSupportedException
06:58:21.343 [main] DEBUG o.s.aop.framework.CglibAopProxy - Method is declared on Advised interface: public abstract org.springframework.aop.TargetSource org.springframework.aop.framework.Advised.getTargetSource()
06:58:21.343 [main] DEBUG o.s.aop.framework.CglibAopProxy - Method is declared on Advised interface: public abstract boolean org.springframework.aop.framework.Advised.isProxyTargetClass()
06:58:21.343 [main] DEBUG o.s.aop.framework.CglibAopProxy - Method is declared on Advised interface: public abstract void org.springframework.aop.framework.Advised.addAdvisor(org.springframework.aop.Advisor) throws org.springframework.aop.framework.AopConfigException
06:58:21.343 [main] DEBUG o.s.aop.framework.CglibAopProxy - Method is declared on Advised interface: public abstract void org.springframework.aop.framework.Advised.addAdvisor(int,org.springframework.aop.Advisor) throws org.springframework.aop.framework.AopConfigException
06:58:21.343 [main] DEBUG o.s.aop.framework.CglibAopProxy - Method is declared on Advised interface: public abstract void org.springframework.aop.framework.Advised.setPreFiltered(boolean)
06:58:21.343 [main] DEBUG o.s.aop.framework.CglibAopProxy - Method is declared on Advised interface: public abstract void org.springframework.aop.framework.Advised.setExposeProxy(boolean)
06:58:21.343 [main] DEBUG o.s.aop.framework.CglibAopProxy - Method is declared on Advised interface: public abstract boolean org.springframework.aop.framework.Advised.isExposeProxy()
06:58:21.343 [main] DEBUG o.s.aop.framework.CglibAopProxy - Method is declared on Advised interface: public abstract void org.springframework.aop.framework.Advised.addAdvice(org.aopalliance.aop.Advice) throws org.springframework.aop.framework.AopConfigException
06:58:21.343 [main] DEBUG o.s.aop.framework.CglibAopProxy - Method is declared on Advised interface: public abstract void org.springframework.aop.framework.Advised.addAdvice(int,org.aopalliance.aop.Advice) throws org.springframework.aop.framework.AopConfigException
06:58:21.343 [main] DEBUG o.s.aop.framework.CglibAopProxy - Method is declared on Advised interface: public abstract boolean org.springframework.aop.framework.Advised.isPreFiltered()
06:58:21.343 [main] DEBUG o.s.aop.framework.CglibAopProxy - Method is declared on Advised interface: public abstract java.lang.Class[] org.springframework.aop.framework.Advised.getProxiedInterfaces()
06:58:21.343 [main] DEBUG o.s.aop.framework.CglibAopProxy - Method is declared on Advised interface: public abstract boolean org.springframework.aop.framework.Advised.isInterfaceProxied(java.lang.Class)
06:58:21.343 [main] DEBUG o.s.aop.framework.CglibAopProxy - Method is declared on Advised interface: public abstract org.springframework.aop.Advisor[] org.springframework.aop.framework.Advised.getAdvisors()
06:58:21.343 [main] DEBUG o.s.aop.framework.CglibAopProxy - Method is declared on Advised interface: public abstract boolean org.springframework.aop.framework.Advised.removeAdvisor(org.springframework.aop.Advisor)
06:58:21.343 [main] DEBUG o.s.aop.framework.CglibAopProxy - Method is declared on Advised interface: public abstract void org.springframework.aop.framework.Advised.removeAdvisor(int) throws org.springframework.aop.framework.AopConfigException
06:58:21.343 [main] DEBUG o.s.aop.framework.CglibAopProxy - Method is declared on Advised interface: public abstract boolean org.springframework.aop.framework.Advised.replaceAdvisor(org.springframework.aop.Advisor,org.springframework.aop.Advisor) throws org.springframework.aop.framework.AopConfigException
06:58:21.343 [main] DEBUG o.s.aop.framework.CglibAopProxy - Method is declared on Advised interface: public abstract boolean org.springframework.aop.framework.Advised.removeAdvice(org.aopalliance.aop.Advice)
06:58:21.343 [main] DEBUG o.s.aop.framework.CglibAopProxy - Method is declared on Advised interface: public abstract java.lang.String org.springframework.aop.framework.Advised.toProxyConfigString()
06:58:21.343 [main] DEBUG o.s.aop.framework.CglibAopProxy - Method is declared on Advised interface: public abstract void org.springframework.aop.framework.Advised.setTargetSource(org.springframework.aop.TargetSource)
06:58:21.343 [main] DEBUG o.s.aop.framework.CglibAopProxy - Method is declared on Advised interface: public abstract int org.springframework.aop.framework.Advised.indexOf(org.aopalliance.aop.Advice)
06:58:21.343 [main] DEBUG o.s.aop.framework.CglibAopProxy - Method is declared on Advised interface: public abstract int org.springframework.aop.framework.Advised.indexOf(org.springframework.aop.Advisor)
06:58:21.343 [main] DEBUG o.s.aop.framework.CglibAopProxy - Method is declared on Advised interface: public abstract boolean org.springframework.aop.framework.Advised.isFrozen()
06:58:21.343 [main] DEBUG o.s.aop.framework.CglibAopProxy - Method is declared on Advised interface: public abstract java.lang.Class org.springframework.aop.TargetClassAware.getTargetClass()
06:58:21.350 [main] DEBUG o.s.b.f.s.DefaultListableBeanFactory - Finished creating instance of bean 'HCPController'
06:58:21.350 [main] DEBUG o.s.b.f.s.DefaultListableBeanFactory - Creating shared instance of singleton bean 'officeVisitController'
06:58:21.350 [main] DEBUG o.s.b.f.s.DefaultListableBeanFactory - Creating instance of bean 'officeVisitController'
06:58:21.350 [main] DEBUG o.s.b.f.s.DefaultListableBeanFactory - Eagerly caching bean 'officeVisitController' to allow for resolving potential circular references
06:58:21.350 [main] DEBUG o.s.b.f.s.DefaultListableBeanFactory - Returning cached instance of singleton bean 'metaDataSourceAdvisor'
06:58:21.350 [main] DEBUG o.s.s.a.p.PrePostAnnotationSecurityMetadataSource - @org.springframework.security.access.prepost.PreAuthorize(value=hasRole('ROLE_HCP')) found on specific method: public java.lang.String edu.ncsu.csc.itrust2.controllers.hcp.OfficeVisitController.documentOfficeVisit(org.springframework.ui.Model)
06:58:21.350 [main] DEBUG o.s.s.a.m.DelegatingMethodSecurityMetadataSource - Caching method [CacheKey[edu.ncsu.csc.itrust2.controllers.hcp.OfficeVisitController; public java.lang.String edu.ncsu.csc.itrust2.controllers.hcp.OfficeVisitController.documentOfficeVisit(org.springframework.ui.Model)]] with attributes [[authorize: 'hasRole('ROLE_HCP')', filter: 'null', filterTarget: 'null']]
06:58:21.350 [main] DEBUG o.s.a.f.a.InfrastructureAdvisorAutoProxyCreator - Creating implicit proxy for bean 'officeVisitController' with 0 common interceptors and 1 specific interceptors
06:58:21.351 [main] DEBUG o.s.aop.framework.CglibAopProxy - Creating CGLIB proxy: target source is SingletonTargetSource for target object [edu.ncsu.csc.itrust2.controllers.hcp.OfficeVisitController@1aee962e]
06:58:21.351 [main] DEBUG o.s.aop.framework.CglibAopProxy - Unable to apply any optimisations to advised method: public java.lang.String edu.ncsu.csc.itrust2.controllers.hcp.OfficeVisitController.documentOfficeVisit(org.springframework.ui.Model)
06:58:21.351 [main] DEBUG o.s.s.a.p.PrePostAnnotationSecurityMetadataSource - @org.springframework.security.access.prepost.PreAuthorize(value=hasRole('ROLE_HCP')) found on specific method: public java.lang.String edu.ncsu.csc.itrust2.controllers.hcp.OfficeVisitController.documentVisitSubmit(edu.ncsu.csc.itrust2.forms.hcp.OfficeVisitForm,org.springframework.validation.BindingResult,org.springframework.ui.Model)
06:58:21.351 [main] DEBUG o.s.s.a.m.DelegatingMethodSecurityMetadataSource - Caching method [CacheKey[edu.ncsu.csc.itrust2.controllers.hcp.OfficeVisitController; public java.lang.String edu.ncsu.csc.itrust2.controllers.hcp.OfficeVisitController.documentVisitSubmit(edu.ncsu.csc.itrust2.forms.hcp.OfficeVisitForm,org.springframework.validation.BindingResult,org.springframework.ui.Model)]] with attributes [[authorize: 'hasRole('ROLE_HCP')', filter: 'null', filterTarget: 'null']]
06:58:21.351 [main] DEBUG o.s.aop.framework.CglibAopProxy - Unable to apply any optimisations to advised method: public java.lang.String edu.ncsu.csc.itrust2.controllers.hcp.OfficeVisitController.documentVisitSubmit(edu.ncsu.csc.itrust2.forms.hcp.OfficeVisitForm,org.springframework.validation.BindingResult,org.springframework.ui.Model)
06:58:21.351 [main] DEBUG o.s.s.a.p.PrePostAnnotationSecurityMetadataSource - @org.springframework.security.access.prepost.PreAuthorize(value=hasRole('ROLE_HCP')) found on specific method: public java.lang.String edu.ncsu.csc.itrust2.controllers.hcp.OfficeVisitController.getAllOfficeVisits(org.springframework.ui.Model)
06:58:21.351 [main] DEBUG o.s.s.a.m.DelegatingMethodSecurityMetadataSource - Caching method [CacheKey[edu.ncsu.csc.itrust2.controllers.hcp.OfficeVisitController; public java.lang.String edu.ncsu.csc.itrust2.controllers.hcp.OfficeVisitController.getAllOfficeVisits(org.springframework.ui.Model)]] with attributes [[authorize: 'hasRole('ROLE_HCP')', filter: 'null', filterTarget: 'null']]
06:58:21.351 [main] DEBUG o.s.aop.framework.CglibAopProxy - Unable to apply any optimisations to advised method: public java.lang.String edu.ncsu.csc.itrust2.controllers.hcp.OfficeVisitController.getAllOfficeVisits(org.springframework.ui.Model)
06:58:21.351 [main] DEBUG o.s.aop.framework.CglibAopProxy - Found 'equals' method: public boolean java.lang.Object.equals(java.lang.Object)
06:58:21.351 [main] DEBUG o.s.aop.framework.CglibAopProxy - Unable to apply any optimisations to advised method: public java.lang.String java.lang.Object.toString()
06:58:21.351 [main] DEBUG o.s.aop.framework.CglibAopProxy - Found 'hashCode' method: public native int java.lang.Object.hashCode()
06:58:21.351 [main] DEBUG o.s.aop.framework.CglibAopProxy - Unable to apply any optimisations to advised method: protected native java.lang.Object java.lang.Object.clone() throws java.lang.CloneNotSupportedException
06:58:21.351 [main] DEBUG o.s.aop.framework.CglibAopProxy - Method is declared on Advised interface: public abstract org.springframework.aop.TargetSource org.springframework.aop.framework.Advised.getTargetSource()
06:58:21.351 [main] DEBUG o.s.aop.framework.CglibAopProxy - Method is declared on Advised interface: public abstract boolean org.springframework.aop.framework.Advised.isProxyTargetClass()
06:58:21.351 [main] DEBUG o.s.aop.framework.CglibAopProxy - Method is declared on Advised interface: public abstract void org.springframework.aop.framework.Advised.addAdvisor(org.springframework.aop.Advisor) throws org.springframework.aop.framework.AopConfigException
06:58:21.351 [main] DEBUG o.s.aop.framework.CglibAopProxy - Method is declared on Advised interface: public abstract void org.springframework.aop.framework.Advised.addAdvisor(int,org.springframework.aop.Advisor) throws org.springframework.aop.framework.AopConfigException
06:58:21.351 [main] DEBUG o.s.aop.framework.CglibAopProxy - Method is declared on Advised interface: public abstract void org.springframework.aop.framework.Advised.setPreFiltered(boolean)
06:58:21.351 [main] DEBUG o.s.aop.framework.CglibAopProxy - Method is declared on Advised interface: public abstract void org.springframework.aop.framework.Advised.setExposeProxy(boolean)
06:58:21.351 [main] DEBUG o.s.aop.framework.CglibAopProxy - Method is declared on Advised interface: public abstract boolean org.springframework.aop.framework.Advised.isExposeProxy()
06:58:21.351 [main] DEBUG o.s.aop.framework.CglibAopProxy - Method is declared on Advised interface: public abstract void org.springframework.aop.framework.Advised.addAdvice(org.aopalliance.aop.Advice) throws org.springframework.aop.framework.AopConfigException
06:58:21.351 [main] DEBUG o.s.aop.framework.CglibAopProxy - Method is declared on Advised interface: public abstract void org.springframework.aop.framework.Advised.addAdvice(int,org.aopalliance.aop.Advice) throws org.springframework.aop.framework.AopConfigException
06:58:21.351 [main] DEBUG o.s.aop.framework.CglibAopProxy - Method is declared on Advised interface: public abstract boolean org.springframework.aop.framework.Advised.isPreFiltered()
06:58:21.351 [main] DEBUG o.s.aop.framework.CglibAopProxy - Method is declared on Advised interface: public abstract java.lang.Class[] org.springframework.aop.framework.Advised.getProxiedInterfaces()
06:58:21.351 [main] DEBUG o.s.aop.framework.CglibAopProxy - Method is declared on Advised interface: public abstract boolean org.springframework.aop.framework.Advised.isInterfaceProxied(java.lang.Class)
06:58:21.351 [main] DEBUG o.s.aop.framework.CglibAopProxy - Method is declared on Advised interface: public abstract org.springframework.aop.Advisor[] org.springframework.aop.framework.Advised.getAdvisors()
06:58:21.351 [main] DEBUG o.s.aop.framework.CglibAopProxy - Method is declared on Advised interface: public abstract boolean org.springframework.aop.framework.Advised.removeAdvisor(org.springframework.aop.Advisor)
06:58:21.351 [main] DEBUG o.s.aop.framework.CglibAopProxy - Method is declared on Advised interface: public abstract void org.springframework.aop.framework.Advised.removeAdvisor(int) throws org.springframework.aop.framework.AopConfigException
06:58:21.352 [main] DEBUG o.s.aop.framework.CglibAopProxy - Method is declared on Advised interface: public abstract boolean org.springframework.aop.framework.Advised.replaceAdvisor(org.springframework.aop.Advisor,org.springframework.aop.Advisor) throws org.springframework.aop.framework.AopConfigException
06:58:21.352 [main] DEBUG o.s.aop.framework.CglibAopProxy - Method is declared on Advised interface: public abstract boolean org.springframework.aop.framework.Advised.removeAdvice(org.aopalliance.aop.Advice)
06:58:21.352 [main] DEBUG o.s.aop.framework.CglibAopProxy - Method is declared on Advised interface: public abstract java.lang.String org.springframework.aop.framework.Advised.toProxyConfigString()
06:58:21.352 [main] DEBUG o.s.aop.framework.CglibAopProxy - Method is declared on Advised interface: public abstract void org.springframework.aop.framework.Advised.setTargetSource(org.springframework.aop.TargetSource)
06:58:21.352 [main] DEBUG o.s.aop.framework.CglibAopProxy - Method is declared on Advised interface: public abstract int org.springframework.aop.framework.Advised.indexOf(org.aopalliance.aop.Advice)
06:58:21.352 [main] DEBUG o.s.aop.framework.CglibAopProxy - Method is declared on Advised interface: public abstract int org.springframework.aop.framework.Advised.indexOf(org.springframework.aop.Advisor)
06:58:21.352 [main] DEBUG o.s.aop.framework.CglibAopProxy - Method is declared on Advised interface: public abstract boolean org.springframework.aop.framework.Advised.isFrozen()
06:58:21.352 [main] DEBUG o.s.aop.framework.CglibAopProxy - Method is declared on Advised interface: public abstract java.lang.Class org.springframework.aop.TargetClassAware.getTargetClass()
06:58:21.356 [main] DEBUG o.s.b.f.s.DefaultListableBeanFactory - Finished creating instance of bean 'officeVisitController'
06:58:21.356 [main] DEBUG o.s.b.f.s.DefaultListableBeanFactory - Creating shared instance of singleton bean 'appointmentController'
06:58:21.357 [main] DEBUG o.s.b.f.s.DefaultListableBeanFactory - Creating instance of bean 'appointmentController'
06:58:21.357 [main] DEBUG o.s.b.f.s.DefaultListableBeanFactory - Eagerly caching bean 'appointmentController' to allow for resolving potential circular references
06:58:21.357 [main] DEBUG o.s.b.f.s.DefaultListableBeanFactory - Returning cached instance of singleton bean 'metaDataSourceAdvisor'
06:58:21.357 [main] DEBUG o.s.s.a.p.PrePostAnnotationSecurityMetadataSource - @org.springframework.security.access.prepost.PreAuthorize(value=hasRole('ROLE_PATIENT')) found on specific method: public java.lang.String edu.ncsu.csc.itrust2.controllers.patient.AppointmentController.requestAppointmentForm(org.springframework.ui.Model)
06:58:21.357 [main] DEBUG o.s.s.a.m.DelegatingMethodSecurityMetadataSource - Caching method [CacheKey[edu.ncsu.csc.itrust2.controllers.patient.AppointmentController; public java.lang.String edu.ncsu.csc.itrust2.controllers.patient.AppointmentController.requestAppointmentForm(org.springframework.ui.Model)]] with attributes [[authorize: 'hasRole('ROLE_PATIENT')', filter: 'null', filterTarget: 'null']]
06:58:21.357 [main] DEBUG o.s.a.f.a.InfrastructureAdvisorAutoProxyCreator - Creating implicit proxy for bean 'appointmentController' with 0 common interceptors and 1 specific interceptors
06:58:21.357 [main] DEBUG o.s.aop.framework.CglibAopProxy - Creating CGLIB proxy: target source is SingletonTargetSource for target object [edu.ncsu.csc.itrust2.controllers.patient.AppointmentController@699145b6]
06:58:21.357 [main] DEBUG o.s.aop.framework.CglibAopProxy - Unable to apply any optimisations to advised method: public java.lang.String edu.ncsu.csc.itrust2.controllers.patient.AppointmentController.requestAppointmentForm(org.springframework.ui.Model)
06:58:21.358 [main] DEBUG o.s.s.a.p.PrePostAnnotationSecurityMetadataSource - @org.springframework.security.access.prepost.PreAuthorize(value=hasRole('ROLE_PATIENT')) found on specific method: public java.lang.String edu.ncsu.csc.itrust2.controllers.patient.AppointmentController.inventorySubmit(edu.ncsu.csc.itrust2.forms.patient.AppointmentRequestForm,org.springframework.validation.BindingResult,org.springframework.ui.Model)
06:58:21.358 [main] DEBUG o.s.s.a.m.DelegatingMethodSecurityMetadataSource - Caching method [CacheKey[edu.ncsu.csc.itrust2.controllers.patient.AppointmentController; public java.lang.String edu.ncsu.csc.itrust2.controllers.patient.AppointmentController.inventorySubmit(edu.ncsu.csc.itrust2.forms.patient.AppointmentRequestForm,org.springframework.validation.BindingResult,org.springframework.ui.Model)]] with attributes [[authorize: 'hasRole('ROLE_PATIENT')', filter: 'null', filterTarget: 'null']]
06:58:21.358 [main] DEBUG o.s.aop.framework.CglibAopProxy - Unable to apply any optimisations to advised method: public java.lang.String edu.ncsu.csc.itrust2.controllers.patient.AppointmentController.inventorySubmit(edu.ncsu.csc.itrust2.forms.patient.AppointmentRequestForm,org.springframework.validation.BindingResult,org.springframework.ui.Model)
06:58:21.358 [main] DEBUG o.s.s.a.p.PrePostAnnotationSecurityMetadataSource - @org.springframework.security.access.prepost.PreAuthorize(value=hasRole('ROLE_PATIENT')) found on specific method: public java.lang.String edu.ncsu.csc.itrust2.controllers.patient.AppointmentController.viewAppointmentRequests(org.springframework.ui.Model)
06:58:21.358 [main] DEBUG o.s.s.a.m.DelegatingMethodSecurityMetadataSource - Caching method [CacheKey[edu.ncsu.csc.itrust2.controllers.patient.AppointmentController; public java.lang.String edu.ncsu.csc.itrust2.controllers.patient.AppointmentController.viewAppointmentRequests(org.springframework.ui.Model)]] with attributes [[authorize: 'hasRole('ROLE_PATIENT')', filter: 'null', filterTarget: 'null']]
06:58:21.358 [main] DEBUG o.s.aop.framework.CglibAopProxy - Unable to apply any optimisations to advised method: public java.lang.String edu.ncsu.csc.itrust2.controllers.patient.AppointmentController.viewAppointmentRequests(org.springframework.ui.Model)
06:58:21.358 [main] DEBUG o.s.s.a.p.PrePostAnnotationSecurityMetadataSource - @org.springframework.security.access.prepost.PreAuthorize(value=hasRole('ROLE_PATIENT')) found on specific method: public java.lang.String edu.ncsu.csc.itrust2.controllers.patient.AppointmentController.viewRequestsSubmit(edu.ncsu.csc.itrust2.forms.patient.AppointmentForm)
06:58:21.358 [main] DEBUG o.s.s.a.m.DelegatingMethodSecurityMetadataSource - Caching method [CacheKey[edu.ncsu.csc.itrust2.controllers.patient.AppointmentController; public java.lang.String edu.ncsu.csc.itrust2.controllers.patient.AppointmentController.viewRequestsSubmit(edu.ncsu.csc.itrust2.forms.patient.AppointmentForm)]] with attributes [[authorize: 'hasRole('ROLE_PATIENT')', filter: 'null', filterTarget: 'null']]
06:58:21.358 [main] DEBUG o.s.aop.framework.CglibAopProxy - Unable to apply any optimisations to advised method: public java.lang.String edu.ncsu.csc.itrust2.controllers.patient.AppointmentController.viewRequestsSubmit(edu.ncsu.csc.itrust2.forms.patient.AppointmentForm)
06:58:21.358 [main] DEBUG o.s.aop.framework.CglibAopProxy - Found 'equals' method: public boolean java.lang.Object.equals(java.lang.Object)
06:58:21.358 [main] DEBUG o.s.aop.framework.CglibAopProxy - Unable to apply any optimisations to advised method: public java.lang.String java.lang.Object.toString()
06:58:21.358 [main] DEBUG o.s.aop.framework.CglibAopProxy - Found 'hashCode' method: public native int java.lang.Object.hashCode()
06:58:21.358 [main] DEBUG o.s.aop.framework.CglibAopProxy - Unable to apply any optimisations to advised method: protected native java.lang.Object java.lang.Object.clone() throws java.lang.CloneNotSupportedException
06:58:21.358 [main] DEBUG o.s.aop.framework.CglibAopProxy - Method is declared on Advised interface: public abstract org.springframework.aop.TargetSource org.springframework.aop.framework.Advised.getTargetSource()
06:58:21.358 [main] DEBUG o.s.aop.framework.CglibAopProxy - Method is declared on Advised interface: public abstract boolean org.springframework.aop.framework.Advised.isProxyTargetClass()
06:58:21.358 [main] DEBUG o.s.aop.framework.CglibAopProxy - Method is declared on Advised interface: public abstract void org.springframework.aop.framework.Advised.addAdvisor(org.springframework.aop.Advisor) throws org.springframework.aop.framework.AopConfigException
06:58:21.358 [main] DEBUG o.s.aop.framework.CglibAopProxy - Method is declared on Advised interface: public abstract void org.springframework.aop.framework.Advised.addAdvisor(int,org.springframework.aop.Advisor) throws org.springframework.aop.framework.AopConfigException
06:58:21.358 [main] DEBUG o.s.aop.framework.CglibAopProxy - Method is declared on Advised interface: public abstract void org.springframework.aop.framework.Advised.setPreFiltered(boolean)
06:58:21.358 [main] DEBUG o.s.aop.framework.CglibAopProxy - Method is declared on Advised interface: public abstract void org.springframework.aop.framework.Advised.setExposeProxy(boolean)
06:58:21.358 [main] DEBUG o.s.aop.framework.CglibAopProxy - Method is declared on Advised interface: public abstract boolean org.springframework.aop.framework.Advised.isExposeProxy()
06:58:21.358 [main] DEBUG o.s.aop.framework.CglibAopProxy - Method is declared on Advised interface: public abstract void org.springframework.aop.framework.Advised.addAdvice(org.aopalliance.aop.Advice) throws org.springframework.aop.framework.AopConfigException
06:58:21.358 [main] DEBUG o.s.aop.framework.CglibAopProxy - Method is declared on Advised interface: public abstract void org.springframework.aop.framework.Advised.addAdvice(int,org.aopalliance.aop.Advice) throws org.springframework.aop.framework.AopConfigException
06:58:21.358 [main] DEBUG o.s.aop.framework.CglibAopProxy - Method is declared on Advised interface: public abstract boolean org.springframework.aop.framework.Advised.isPreFiltered()
06:58:21.358 [main] DEBUG o.s.aop.framework.CglibAopProxy - Method is declared on Advised interface: public abstract java.lang.Class[] org.springframework.aop.framework.Advised.getProxiedInterfaces()
06:58:21.358 [main] DEBUG o.s.aop.framework.CglibAopProxy - Method is declared on Advised interface: public abstract boolean org.springframework.aop.framework.Advised.isInterfaceProxied(java.lang.Class)
06:58:21.358 [main] DEBUG o.s.aop.framework.CglibAopProxy - Method is declared on Advised interface: public abstract org.springframework.aop.Advisor[] org.springframework.aop.framework.Advised.getAdvisors()
06:58:21.358 [main] DEBUG o.s.aop.framework.CglibAopProxy - Method is declared on Advised interface: public abstract boolean org.springframework.aop.framework.Advised.removeAdvisor(org.springframework.aop.Advisor)
06:58:21.358 [main] DEBUG o.s.aop.framework.CglibAopProxy - Method is declared on Advised interface: public abstract void org.springframework.aop.framework.Advised.removeAdvisor(int) throws org.springframework.aop.framework.AopConfigException
06:58:21.358 [main] DEBUG o.s.aop.framework.CglibAopProxy - Method is declared on Advised interface: public abstract boolean org.springframework.aop.framework.Advised.replaceAdvisor(org.springframework.aop.Advisor,org.springframework.aop.Advisor) throws org.springframework.aop.framework.AopConfigException
06:58:21.358 [main] DEBUG o.s.aop.framework.CglibAopProxy - Method is declared on Advised interface: public abstract boolean org.springframework.aop.framework.Advised.removeAdvice(org.aopalliance.aop.Advice)
06:58:21.358 [main] DEBUG o.s.aop.framework.CglibAopProxy - Method is declared on Advised interface: public abstract java.lang.String org.springframework.aop.framework.Advised.toProxyConfigString()
06:58:21.358 [main] DEBUG o.s.aop.framework.CglibAopProxy - Method is declared on Advised interface: public abstract void org.springframework.aop.framework.Advised.setTargetSource(org.springframework.aop.TargetSource)
06:58:21.358 [main] DEBUG o.s.aop.framework.CglibAopProxy - Method is declared on Advised interface: public abstract int org.springframework.aop.framework.Advised.indexOf(org.aopalliance.aop.Advice)
06:58:21.358 [main] DEBUG o.s.aop.framework.CglibAopProxy - Method is declared on Advised interface: public abstract int org.springframework.aop.framework.Advised.indexOf(org.springframework.aop.Advisor)
06:58:21.358 [main] DEBUG o.s.aop.framework.CglibAopProxy - Method is declared on Advised interface: public abstract boolean org.springframework.aop.framework.Advised.isFrozen()
06:58:21.358 [main] DEBUG o.s.aop.framework.CglibAopProxy - Method is declared on Advised interface: public abstract java.lang.Class org.springframework.aop.TargetClassAware.getTargetClass()
06:58:21.363 [main] DEBUG o.s.b.f.s.DefaultListableBeanFactory - Finished creating instance of bean 'appointmentController'
06:58:21.363 [main] DEBUG o.s.b.f.s.DefaultListableBeanFactory - Creating shared instance of singleton bean 'diagnosesController'
06:58:21.363 [main] DEBUG o.s.b.f.s.DefaultListableBeanFactory - Creating instance of bean 'diagnosesController'
06:58:21.363 [main] DEBUG o.s.b.f.s.DefaultListableBeanFactory - Eagerly caching bean 'diagnosesController' to allow for resolving potential circular references
06:58:21.363 [main] DEBUG o.s.b.f.s.DefaultListableBeanFactory - Returning cached instance of singleton bean 'metaDataSourceAdvisor'
06:58:21.364 [main] DEBUG o.s.s.a.p.PrePostAnnotationSecurityMetadataSource - @org.springframework.security.access.prepost.PreAuthorize(value=hasRole('ROLE_PATIENT')) found on specific method: public java.lang.String edu.ncsu.csc.itrust2.controllers.patient.DiagnosesController.viewDiagnoses(org.springframework.ui.Model)
06:58:21.364 [main] DEBUG o.s.s.a.m.DelegatingMethodSecurityMetadataSource - Caching method [CacheKey[edu.ncsu.csc.itrust2.controllers.patient.DiagnosesController; public java.lang.String edu.ncsu.csc.itrust2.controllers.patient.DiagnosesController.viewDiagnoses(org.springframework.ui.Model)]] with attributes [[authorize: 'hasRole('ROLE_PATIENT')', filter: 'null', filterTarget: 'null']]
06:58:21.364 [main] DEBUG o.s.a.f.a.InfrastructureAdvisorAutoProxyCreator - Creating implicit proxy for bean 'diagnosesController' with 0 common interceptors and 1 specific interceptors
06:58:21.364 [main] DEBUG o.s.aop.framework.CglibAopProxy - Creating CGLIB proxy: target source is SingletonTargetSource for target object [edu.ncsu.csc.itrust2.controllers.patient.DiagnosesController@430b46a5]
06:58:21.364 [main] DEBUG o.s.aop.framework.CglibAopProxy - Unable to apply any optimisations to advised method: public java.lang.String edu.ncsu.csc.itrust2.controllers.patient.DiagnosesController.viewDiagnoses(org.springframework.ui.Model)
06:58:21.364 [main] DEBUG o.s.aop.framework.CglibAopProxy - Found 'equals' method: public boolean java.lang.Object.equals(java.lang.Object)
06:58:21.364 [main] DEBUG o.s.aop.framework.CglibAopProxy - Unable to apply any optimisations to advised method: public java.lang.String java.lang.Object.toString()
06:58:21.364 [main] DEBUG o.s.aop.framework.CglibAopProxy - Found 'hashCode' method: public native int java.lang.Object.hashCode()
06:58:21.364 [main] DEBUG o.s.aop.framework.CglibAopProxy - Unable to apply any optimisations to advised method: protected native java.lang.Object java.lang.Object.clone() throws java.lang.CloneNotSupportedException
06:58:21.364 [main] DEBUG o.s.aop.framework.CglibAopProxy - Method is declared on Advised interface: public abstract org.springframework.aop.TargetSource org.springframework.aop.framework.Advised.getTargetSource()
06:58:21.364 [main] DEBUG o.s.aop.framework.CglibAopProxy - Method is declared on Advised interface: public abstract boolean org.springframework.aop.framework.Advised.isProxyTargetClass()
06:58:21.364 [main] DEBUG o.s.aop.framework.CglibAopProxy - Method is declared on Advised interface: public abstract void org.springframework.aop.framework.Advised.addAdvisor(org.springframework.aop.Advisor) throws org.springframework.aop.framework.AopConfigException
06:58:21.364 [main] DEBUG o.s.aop.framework.CglibAopProxy - Method is declared on Advised interface: public abstract void org.springframework.aop.framework.Advised.addAdvisor(int,org.springframework.aop.Advisor) throws org.springframework.aop.framework.AopConfigException
06:58:21.364 [main] DEBUG o.s.aop.framework.CglibAopProxy - Method is declared on Advised interface: public abstract void org.springframework.aop.framework.Advised.setPreFiltered(boolean)
06:58:21.364 [main] DEBUG o.s.aop.framework.CglibAopProxy - Method is declared on Advised interface: public abstract void org.springframework.aop.framework.Advised.setExposeProxy(boolean)
06:58:21.364 [main] DEBUG o.s.aop.framework.CglibAopProxy - Method is declared on Advised interface: public abstract boolean org.springframework.aop.framework.Advised.isExposeProxy()
06:58:21.364 [main] DEBUG o.s.aop.framework.CglibAopProxy - Method is declared on Advised interface: public abstract void org.springframework.aop.framework.Advised.addAdvice(org.aopalliance.aop.Advice) throws org.springframework.aop.framework.AopConfigException
06:58:21.364 [main] DEBUG o.s.aop.framework.CglibAopProxy - Method is declared on Advised interface: public abstract void org.springframework.aop.framework.Advised.addAdvice(int,org.aopalliance.aop.Advice) throws org.springframework.aop.framework.AopConfigException
06:58:21.364 [main] DEBUG o.s.aop.framework.CglibAopProxy - Method is declared on Advised interface: public abstract boolean org.springframework.aop.framework.Advised.isPreFiltered()
06:58:21.364 [main] DEBUG o.s.aop.framework.CglibAopProxy - Method is declared on Advised interface: public abstract java.lang.Class[] org.springframework.aop.framework.Advised.getProxiedInterfaces()
06:58:21.364 [main] DEBUG o.s.aop.framework.CglibAopProxy - Method is declared on Advised interface: public abstract boolean org.springframework.aop.framework.Advised.isInterfaceProxied(java.lang.Class)
06:58:21.364 [main] DEBUG o.s.aop.framework.CglibAopProxy - Method is declared on Advised interface: public abstract org.springframework.aop.Advisor[] org.springframework.aop.framework.Advised.getAdvisors()
06:58:21.364 [main] DEBUG o.s.aop.framework.CglibAopProxy - Method is declared on Advised interface: public abstract boolean org.springframework.aop.framework.Advised.removeAdvisor(org.springframework.aop.Advisor)
06:58:21.364 [main] DEBUG o.s.aop.framework.CglibAopProxy - Method is declared on Advised interface: public abstract void org.springframework.aop.framework.Advised.removeAdvisor(int) throws org.springframework.aop.framework.AopConfigException
06:58:21.364 [main] DEBUG o.s.aop.framework.CglibAopProxy - Method is declared on Advised interface: public abstract boolean org.springframework.aop.framework.Advised.replaceAdvisor(org.springframework.aop.Advisor,org.springframework.aop.Advisor) throws org.springframework.aop.framework.AopConfigException
06:58:21.364 [main] DEBUG o.s.aop.framework.CglibAopProxy - Method is declared on Advised interface: public abstract boolean org.springframework.aop.framework.Advised.removeAdvice(org.aopalliance.aop.Advice)
06:58:21.364 [main] DEBUG o.s.aop.framework.CglibAopProxy - Method is declared on Advised interface: public abstract java.lang.String org.springframework.aop.framework.Advised.toProxyConfigString()
06:58:21.364 [main] DEBUG o.s.aop.framework.CglibAopProxy - Method is declared on Advised interface: public abstract void org.springframework.aop.framework.Advised.setTargetSource(org.springframework.aop.TargetSource)
06:58:21.364 [main] DEBUG o.s.aop.framework.CglibAopProxy - Method is declared on Advised interface: public abstract int org.springframework.aop.framework.Advised.indexOf(org.aopalliance.aop.Advice)
06:58:21.364 [main] DEBUG o.s.aop.framework.CglibAopProxy - Method is declared on Advised interface: public abstract int org.springframework.aop.framework.Advised.indexOf(org.springframework.aop.Advisor)
06:58:21.364 [main] DEBUG o.s.aop.framework.CglibAopProxy - Method is declared on Advised interface: public abstract boolean org.springframework.aop.framework.Advised.isFrozen()
06:58:21.364 [main] DEBUG o.s.aop.framework.CglibAopProxy - Method is declared on Advised interface: public abstract java.lang.Class org.springframework.aop.TargetClassAware.getTargetClass()
06:58:21.375 [main] DEBUG o.s.b.f.s.DefaultListableBeanFactory - Finished creating instance of bean 'diagnosesController'
06:58:21.375 [main] DEBUG o.s.b.f.s.DefaultListableBeanFactory - Creating shared instance of singleton bean 'patientController'
06:58:21.375 [main] DEBUG o.s.b.f.s.DefaultListableBeanFactory - Creating instance of bean 'patientController'
06:58:21.376 [main] DEBUG o.s.b.f.s.DefaultListableBeanFactory - Eagerly caching bean 'patientController' to allow for resolving potential circular references
06:58:21.376 [main] DEBUG o.s.b.f.s.DefaultListableBeanFactory - Returning cached instance of singleton bean 'metaDataSourceAdvisor'
06:58:21.376 [main] DEBUG o.s.s.a.p.PrePostAnnotationSecurityMetadataSource - @org.springframework.security.access.prepost.PreAuthorize(value=hasRole('ROLE_PATIENT')) found on specific method: public java.lang.String edu.ncsu.csc.itrust2.controllers.patient.PatientController.viewOfficeVisits(org.springframework.ui.Model)
06:58:21.376 [main] DEBUG o.s.s.a.m.DelegatingMethodSecurityMetadataSource - Caching method [CacheKey[edu.ncsu.csc.itrust2.controllers.patient.PatientController; public java.lang.String edu.ncsu.csc.itrust2.controllers.patient.PatientController.viewOfficeVisits(org.springframework.ui.Model)]] with attributes [[authorize: 'hasRole('ROLE_PATIENT')', filter: 'null', filterTarget: 'null']]
06:58:21.376 [main] DEBUG o.s.a.f.a.InfrastructureAdvisorAutoProxyCreator - Creating implicit proxy for bean 'patientController' with 0 common interceptors and 1 specific interceptors
06:58:21.376 [main] DEBUG o.s.aop.framework.CglibAopProxy - Creating CGLIB proxy: target source is SingletonTargetSource for target object [edu.ncsu.csc.itrust2.controllers.patient.PatientController@532d74e0]
06:58:21.377 [main] DEBUG o.s.aop.framework.CglibAopProxy - Unable to apply any optimisations to advised method: public java.lang.String edu.ncsu.csc.itrust2.controllers.patient.PatientController.viewOfficeVisits(org.springframework.ui.Model)
06:58:21.377 [main] DEBUG o.s.s.a.p.PrePostAnnotationSecurityMetadataSource - @org.springframework.security.access.prepost.PreAuthorize(value=hasRole('ROLE_PATIENT')) found on specific method: public java.lang.String edu.ncsu.csc.itrust2.controllers.patient.PatientController.viewPrescriptions(org.springframework.ui.Model)
06:58:21.377 [main] DEBUG o.s.s.a.m.DelegatingMethodSecurityMetadataSource - Caching method [CacheKey[edu.ncsu.csc.itrust2.controllers.patient.PatientController; public java.lang.String edu.ncsu.csc.itrust2.controllers.patient.PatientController.viewPrescriptions(org.springframework.ui.Model)]] with attributes [[authorize: 'hasRole('ROLE_PATIENT')', filter: 'null', filterTarget: 'null']]
06:58:21.377 [main] DEBUG o.s.aop.framework.CglibAopProxy - Unable to apply any optimisations to advised method: public java.lang.String edu.ncsu.csc.itrust2.controllers.patient.PatientController.viewPrescriptions(org.springframework.ui.Model)
06:58:21.377 [main] DEBUG o.s.s.a.p.PrePostAnnotationSecurityMetadataSource - @org.springframework.security.access.prepost.PreAuthorize(value=hasRole('ROLE_PATIENT')) found on specific method: public java.lang.String edu.ncsu.csc.itrust2.controllers.patient.PatientController.viewDemographics(org.springframework.ui.Model)
06:58:21.377 [main] DEBUG o.s.s.a.m.DelegatingMethodSecurityMetadataSource - Caching method [CacheKey[edu.ncsu.csc.itrust2.controllers.patient.PatientController; public java.lang.String edu.ncsu.csc.itrust2.controllers.patient.PatientController.viewDemographics(org.springframework.ui.Model)]] with attributes [[authorize: 'hasRole('ROLE_PATIENT')', filter: 'null', filterTarget: 'null']]
06:58:21.377 [main] DEBUG o.s.aop.framework.CglibAopProxy - Unable to apply any optimisations to advised method: public java.lang.String edu.ncsu.csc.itrust2.controllers.patient.PatientController.viewDemographics(org.springframework.ui.Model)
06:58:21.377 [main] DEBUG o.s.s.a.p.PrePostAnnotationSecurityMetadataSource - @org.springframework.security.access.prepost.PreAuthorize(value=hasRole('ROLE_PATIENT')) found on specific method: public java.lang.String edu.ncsu.csc.itrust2.controllers.patient.PatientController.demographicsSubmit(edu.ncsu.csc.itrust2.forms.hcp_patient.PatientForm,org.springframework.validation.BindingResult,org.springframework.ui.Model)
06:58:21.377 [main] DEBUG o.s.s.a.m.DelegatingMethodSecurityMetadataSource - Caching method [CacheKey[edu.ncsu.csc.itrust2.controllers.patient.PatientController; public java.lang.String edu.ncsu.csc.itrust2.controllers.patient.PatientController.demographicsSubmit(edu.ncsu.csc.itrust2.forms.hcp_patient.PatientForm,org.springframework.validation.BindingResult,org.springframework.ui.Model)]] with attributes [[authorize: 'hasRole('ROLE_PATIENT')', filter: 'null', filterTarget: 'null']]
06:58:21.377 [main] DEBUG o.s.aop.framework.CglibAopProxy - Unable to apply any optimisations to advised method: public java.lang.String edu.ncsu.csc.itrust2.controllers.patient.PatientController.demographicsSubmit(edu.ncsu.csc.itrust2.forms.hcp_patient.PatientForm,org.springframework.validation.BindingResult,org.springframework.ui.Model)
06:58:21.377 [main] DEBUG o.s.s.a.p.PrePostAnnotationSecurityMetadataSource - @org.springframework.security.access.prepost.PreAuthorize(value=hasRole('ROLE_PATIENT')) found on specific method: public java.lang.String edu.ncsu.csc.itrust2.controllers.patient.PatientController.index(org.springframework.ui.Model)
06:58:21.377 [main] DEBUG o.s.s.a.m.DelegatingMethodSecurityMetadataSource - Caching method [CacheKey[edu.ncsu.csc.itrust2.controllers.patient.PatientController; public java.lang.String edu.ncsu.csc.itrust2.controllers.patient.PatientController.index(org.springframework.ui.Model)]] with attributes [[authorize: 'hasRole('ROLE_PATIENT')', filter: 'null', filterTarget: 'null']]
06:58:21.377 [main] DEBUG o.s.aop.framework.CglibAopProxy - Unable to apply any optimisations to advised method: public java.lang.String edu.ncsu.csc.itrust2.controllers.patient.PatientController.index(org.springframework.ui.Model)
06:58:21.377 [main] DEBUG o.s.aop.framework.CglibAopProxy - Found 'equals' method: public boolean java.lang.Object.equals(java.lang.Object)
06:58:21.377 [main] DEBUG o.s.aop.framework.CglibAopProxy - Unable to apply any optimisations to advised method: public java.lang.String java.lang.Object.toString()
06:58:21.377 [main] DEBUG o.s.aop.framework.CglibAopProxy - Found 'hashCode' method: public native int java.lang.Object.hashCode()
06:58:21.377 [main] DEBUG o.s.aop.framework.CglibAopProxy - Unable to apply any optimisations to advised method: protected native java.lang.Object java.lang.Object.clone() throws java.lang.CloneNotSupportedException
06:58:21.377 [main] DEBUG o.s.aop.framework.CglibAopProxy - Method is declared on Advised interface: public abstract org.springframework.aop.TargetSource org.springframework.aop.framework.Advised.getTargetSource()
06:58:21.377 [main] DEBUG o.s.aop.framework.CglibAopProxy - Method is declared on Advised interface: public abstract boolean org.springframework.aop.framework.Advised.isProxyTargetClass()
06:58:21.377 [main] DEBUG o.s.aop.framework.CglibAopProxy - Method is declared on Advised interface: public abstract void org.springframework.aop.framework.Advised.addAdvisor(org.springframework.aop.Advisor) throws org.springframework.aop.framework.AopConfigException
06:58:21.377 [main] DEBUG o.s.aop.framework.CglibAopProxy - Method is declared on Advised interface: public abstract void org.springframework.aop.framework.Advised.addAdvisor(int,org.springframework.aop.Advisor) throws org.springframework.aop.framework.AopConfigException
06:58:21.377 [main] DEBUG o.s.aop.framework.CglibAopProxy - Method is declared on Advised interface: public abstract void org.springframework.aop.framework.Advised.setPreFiltered(boolean)
06:58:21.377 [main] DEBUG o.s.aop.framework.CglibAopProxy - Method is declared on Advised interface: public abstract void org.springframework.aop.framework.Advised.setExposeProxy(boolean)
06:58:21.377 [main] DEBUG o.s.aop.framework.CglibAopProxy - Method is declared on Advised interface: public abstract boolean org.springframework.aop.framework.Advised.isExposeProxy()
06:58:21.377 [main] DEBUG o.s.aop.framework.CglibAopProxy - Method is declared on Advised interface: public abstract void org.springframework.aop.framework.Advised.addAdvice(org.aopalliance.aop.Advice) throws org.springframework.aop.framework.AopConfigException
06:58:21.377 [main] DEBUG o.s.aop.framework.CglibAopProxy - Method is declared on Advised interface: public abstract void org.springframework.aop.framework.Advised.addAdvice(int,org.aopalliance.aop.Advice) throws org.springframework.aop.framework.AopConfigException
06:58:21.377 [main] DEBUG o.s.aop.framework.CglibAopProxy - Method is declared on Advised interface: public abstract boolean org.springframework.aop.framework.Advised.isPreFiltered()
06:58:21.377 [main] DEBUG o.s.aop.framework.CglibAopProxy - Method is declared on Advised interface: public abstract java.lang.Class[] org.springframework.aop.framework.Advised.getProxiedInterfaces()
06:58:21.377 [main] DEBUG o.s.aop.framework.CglibAopProxy - Method is declared on Advised interface: public abstract boolean org.springframework.aop.framework.Advised.isInterfaceProxied(java.lang.Class)
06:58:21.377 [main] DEBUG o.s.aop.framework.CglibAopProxy - Method is declared on Advised interface: public abstract org.springframework.aop.Advisor[] org.springframework.aop.framework.Advised.getAdvisors()
06:58:21.377 [main] DEBUG o.s.aop.framework.CglibAopProxy - Method is declared on Advised interface: public abstract boolean org.springframework.aop.framework.Advised.removeAdvisor(org.springframework.aop.Advisor)
06:58:21.377 [main] DEBUG o.s.aop.framework.CglibAopProxy - Method is declared on Advised interface: public abstract void org.springframework.aop.framework.Advised.removeAdvisor(int) throws org.springframework.aop.framework.AopConfigException
06:58:21.377 [main] DEBUG o.s.aop.framework.CglibAopProxy - Method is declared on Advised interface: public abstract boolean org.springframework.aop.framework.Advised.replaceAdvisor(org.springframework.aop.Advisor,org.springframework.aop.Advisor) throws org.springframework.aop.framework.AopConfigException
06:58:21.377 [main] DEBUG o.s.aop.framework.CglibAopProxy - Method is declared on Advised interface: public abstract boolean org.springframework.aop.framework.Advised.removeAdvice(org.aopalliance.aop.Advice)
06:58:21.377 [main] DEBUG o.s.aop.framework.CglibAopProxy - Method is declared on Advised interface: public abstract java.lang.String org.springframework.aop.framework.Advised.toProxyConfigString()
06:58:21.377 [main] DEBUG o.s.aop.framework.CglibAopProxy - Method is declared on Advised interface: public abstract void org.springframework.aop.framework.Advised.setTargetSource(org.springframework.aop.TargetSource)
06:58:21.377 [main] DEBUG o.s.aop.framework.CglibAopProxy - Method is declared on Advised interface: public abstract int org.springframework.aop.framework.Advised.indexOf(org.aopalliance.aop.Advice)
06:58:21.377 [main] DEBUG o.s.aop.framework.CglibAopProxy - Method is declared on Advised interface: public abstract int org.springframework.aop.framework.Advised.indexOf(org.springframework.aop.Advisor)
06:58:21.377 [main] DEBUG o.s.aop.framework.CglibAopProxy - Method is declared on Advised interface: public abstract boolean org.springframework.aop.framework.Advised.isFrozen()
06:58:21.377 [main] DEBUG o.s.aop.framework.CglibAopProxy - Method is declared on Advised interface: public abstract java.lang.Class org.springframework.aop.TargetClassAware.getTargetClass()
06:58:21.383 [main] DEBUG o.s.b.f.s.DefaultListableBeanFactory - Finished creating instance of bean 'patientController'
06:58:21.383 [main] DEBUG o.s.b.f.s.DefaultListableBeanFactory - Creating shared instance of singleton bean 'passwordController'
06:58:21.383 [main] DEBUG o.s.b.f.s.DefaultListableBeanFactory - Creating instance of bean 'passwordController'
06:58:21.383 [main] DEBUG o.s.b.f.s.DefaultListableBeanFactory - Eagerly caching bean 'passwordController' to allow for resolving potential circular references
06:58:21.383 [main] DEBUG o.s.b.f.s.DefaultListableBeanFactory - Returning cached instance of singleton bean 'metaDataSourceAdvisor'
06:58:21.383 [main] DEBUG o.s.b.f.s.DefaultListableBeanFactory - Finished creating instance of bean 'passwordController'
06:58:21.383 [main] DEBUG o.s.b.f.s.DefaultListableBeanFactory - Creating shared instance of singleton bean 'userController'
06:58:21.383 [main] DEBUG o.s.b.f.s.DefaultListableBeanFactory - Creating instance of bean 'userController'
06:58:21.384 [main] DEBUG o.s.b.f.s.DefaultListableBeanFactory - Eagerly caching bean 'userController' to allow for resolving potential circular references
06:58:21.384 [main] DEBUG o.s.b.f.s.DefaultListableBeanFactory - Returning cached instance of singleton bean 'metaDataSourceAdvisor'
06:58:21.384 [main] DEBUG o.s.s.a.p.PrePostAnnotationSecurityMetadataSource - @org.springframework.security.access.prepost.PreAuthorize(value=hasRole('ROLE_HCP') or hasRole('ROLE_ADMIN')) found on specific method: public java.lang.String edu.ncsu.csc.itrust2.controllers.personnel.UserController.viewDemographics(org.springframework.ui.Model)
06:58:21.384 [main] DEBUG o.s.s.a.m.DelegatingMethodSecurityMetadataSource - Caching method [CacheKey[edu.ncsu.csc.itrust2.controllers.personnel.UserController; public java.lang.String edu.ncsu.csc.itrust2.controllers.personnel.UserController.viewDemographics(org.springframework.ui.Model)]] with attributes [[authorize: 'hasRole('ROLE_HCP') or hasRole('ROLE_ADMIN')', filter: 'null', filterTarget: 'null']]
06:58:21.384 [main] DEBUG o.s.a.f.a.InfrastructureAdvisorAutoProxyCreator - Creating implicit proxy for bean 'userController' with 0 common interceptors and 1 specific interceptors
06:58:21.384 [main] DEBUG o.s.aop.framework.CglibAopProxy - Creating CGLIB proxy: target source is SingletonTargetSource for target object [edu.ncsu.csc.itrust2.controllers.personnel.UserController@60aec678]
06:58:21.384 [main] DEBUG o.s.aop.framework.CglibAopProxy - Unable to apply any optimisations to advised method: public java.lang.String edu.ncsu.csc.itrust2.controllers.personnel.UserController.viewDemographics(org.springframework.ui.Model)
06:58:21.384 [main] DEBUG o.s.s.a.p.PrePostAnnotationSecurityMetadataSource - @org.springframework.security.access.prepost.PreAuthorize(value=hasRole('ROLE_HCP') or hasRole('ROLE_ADMIN')) found on specific method: public java.lang.String edu.ncsu.csc.itrust2.controllers.personnel.UserController.demographicsSubmit(edu.ncsu.csc.itrust2.forms.personnel.PersonnelForm,org.springframework.validation.BindingResult,org.springframework.ui.Model)
06:58:21.384 [main] DEBUG o.s.s.a.m.DelegatingMethodSecurityMetadataSource - Caching method [CacheKey[edu.ncsu.csc.itrust2.controllers.personnel.UserController; public java.lang.String edu.ncsu.csc.itrust2.controllers.personnel.UserController.demographicsSubmit(edu.ncsu.csc.itrust2.forms.personnel.PersonnelForm,org.springframework.validation.BindingResult,org.springframework.ui.Model)]] with attributes [[authorize: 'hasRole('ROLE_HCP') or hasRole('ROLE_ADMIN')', filter: 'null', filterTarget: 'null']]
06:58:21.384 [main] DEBUG o.s.aop.framework.CglibAopProxy - Unable to apply any optimisations to advised method: public java.lang.String edu.ncsu.csc.itrust2.controllers.personnel.UserController.demographicsSubmit(edu.ncsu.csc.itrust2.forms.personnel.PersonnelForm,org.springframework.validation.BindingResult,org.springframework.ui.Model)
06:58:21.384 [main] DEBUG o.s.aop.framework.CglibAopProxy - Found 'equals' method: public boolean java.lang.Object.equals(java.lang.Object)
06:58:21.385 [main] DEBUG o.s.aop.framework.CglibAopProxy - Unable to apply any optimisations to advised method: public java.lang.String java.lang.Object.toString()
06:58:21.385 [main] DEBUG o.s.aop.framework.CglibAopProxy - Found 'hashCode' method: public native int java.lang.Object.hashCode()
06:58:21.385 [main] DEBUG o.s.aop.framework.CglibAopProxy - Unable to apply any optimisations to advised method: protected native java.lang.Object java.lang.Object.clone() throws java.lang.CloneNotSupportedException
06:58:21.385 [main] DEBUG o.s.aop.framework.CglibAopProxy - Method is declared on Advised interface: public abstract org.springframework.aop.TargetSource org.springframework.aop.framework.Advised.getTargetSource()
06:58:21.385 [main] DEBUG o.s.aop.framework.CglibAopProxy - Method is declared on Advised interface: public abstract boolean org.springframework.aop.framework.Advised.isProxyTargetClass()
06:58:21.385 [main] DEBUG o.s.aop.framework.CglibAopProxy - Method is declared on Advised interface: public abstract void org.springframework.aop.framework.Advised.addAdvisor(org.springframework.aop.Advisor) throws org.springframework.aop.framework.AopConfigException
06:58:21.385 [main] DEBUG o.s.aop.framework.CglibAopProxy - Method is declared on Advised interface: public abstract void org.springframework.aop.framework.Advised.addAdvisor(int,org.springframework.aop.Advisor) throws org.springframework.aop.framework.AopConfigException
06:58:21.385 [main] DEBUG o.s.aop.framework.CglibAopProxy - Method is declared on Advised interface: public abstract void org.springframework.aop.framework.Advised.setPreFiltered(boolean)
06:58:21.385 [main] DEBUG o.s.aop.framework.CglibAopProxy - Method is declared on Advised interface: public abstract void org.springframework.aop.framework.Advised.setExposeProxy(boolean)
06:58:21.385 [main] DEBUG o.s.aop.framework.CglibAopProxy - Method is declared on Advised interface: public abstract boolean org.springframework.aop.framework.Advised.isExposeProxy()
06:58:21.385 [main] DEBUG o.s.aop.framework.CglibAopProxy - Method is declared on Advised interface: public abstract void org.springframework.aop.framework.Advised.addAdvice(org.aopalliance.aop.Advice) throws org.springframework.aop.framework.AopConfigException
06:58:21.385 [main] DEBUG o.s.aop.framework.CglibAopProxy - Method is declared on Advised interface: public abstract void org.springframework.aop.framework.Advised.addAdvice(int,org.aopalliance.aop.Advice) throws org.springframework.aop.framework.AopConfigException
06:58:21.385 [main] DEBUG o.s.aop.framework.CglibAopProxy - Method is declared on Advised interface: public abstract boolean org.springframework.aop.framework.Advised.isPreFiltered()
06:58:21.385 [main] DEBUG o.s.aop.framework.CglibAopProxy - Method is declared on Advised interface: public abstract java.lang.Class[] org.springframework.aop.framework.Advised.getProxiedInterfaces()
06:58:21.385 [main] DEBUG o.s.aop.framework.CglibAopProxy - Method is declared on Advised interface: public abstract boolean org.springframework.aop.framework.Advised.isInterfaceProxied(java.lang.Class)
06:58:21.385 [main] DEBUG o.s.aop.framework.CglibAopProxy - Method is declared on Advised interface: public abstract org.springframework.aop.Advisor[] org.springframework.aop.framework.Advised.getAdvisors()
06:58:21.385 [main] DEBUG o.s.aop.framework.CglibAopProxy - Method is declared on Advised interface: public abstract boolean org.springframework.aop.framework.Advised.removeAdvisor(org.springframework.aop.Advisor)
06:58:21.385 [main] DEBUG o.s.aop.framework.CglibAopProxy - Method is declared on Advised interface: public abstract void org.springframework.aop.framework.Advised.removeAdvisor(int) throws org.springframework.aop.framework.AopConfigException
06:58:21.385 [main] DEBUG o.s.aop.framework.CglibAopProxy - Method is declared on Advised interface: public abstract boolean org.springframework.aop.framework.Advised.replaceAdvisor(org.springframework.aop.Advisor,org.springframework.aop.Advisor) throws org.springframework.aop.framework.AopConfigException
06:58:21.385 [main] DEBUG o.s.aop.framework.CglibAopProxy - Method is declared on Advised interface: public abstract boolean org.springframework.aop.framework.Advised.removeAdvice(org.aopalliance.aop.Advice)
06:58:21.385 [main] DEBUG o.s.aop.framework.CglibAopProxy - Method is declared on Advised interface: public abstract java.lang.String org.springframework.aop.framework.Advised.toProxyConfigString()
06:58:21.385 [main] DEBUG o.s.aop.framework.CglibAopProxy - Method is declared on Advised interface: public abstract void org.springframework.aop.framework.Advised.setTargetSource(org.springframework.aop.TargetSource)
06:58:21.385 [main] DEBUG o.s.aop.framework.CglibAopProxy - Method is declared on Advised interface: public abstract int org.springframework.aop.framework.Advised.indexOf(org.aopalliance.aop.Advice)
06:58:21.385 [main] DEBUG o.s.aop.framework.CglibAopProxy - Method is declared on Advised interface: public abstract int org.springframework.aop.framework.Advised.indexOf(org.springframework.aop.Advisor)
06:58:21.385 [main] DEBUG o.s.aop.framework.CglibAopProxy - Method is declared on Advised interface: public abstract boolean org.springframework.aop.framework.Advised.isFrozen()
06:58:21.385 [main] DEBUG o.s.aop.framework.CglibAopProxy - Method is declared on Advised interface: public abstract java.lang.Class org.springframework.aop.TargetClassAware.getTargetClass()
06:58:21.390 [main] DEBUG o.s.b.f.s.DefaultListableBeanFactory - Finished creating instance of bean 'userController'
06:58:21.390 [main] DEBUG o.s.b.f.s.DefaultListableBeanFactory - Returning cached instance of singleton bean 'dataSource'
06:58:21.390 [main] DEBUG o.s.b.f.s.DefaultListableBeanFactory - Returning cached instance of singleton bean 'org.springframework.security.config.annotation.configuration.ObjectPostProcessorConfiguration'
06:58:21.390 [main] DEBUG o.s.b.f.s.DefaultListableBeanFactory - Returning cached instance of singleton bean 'objectPostProcessor'
06:58:21.390 [main] DEBUG o.s.b.f.s.DefaultListableBeanFactory - Returning cached instance of singleton bean 'org.springframework.security.config.annotation.authentication.configuration.AuthenticationConfiguration'
06:58:21.390 [main] DEBUG o.s.b.f.s.DefaultListableBeanFactory - Returning cached instance of singleton bean 'authenticationManagerBuilder'
06:58:21.390 [main] DEBUG o.s.b.f.s.DefaultListableBeanFactory - Returning cached instance of singleton bean 'enableGlobalAuthenticationAutowiredConfigurer'
06:58:21.390 [main] DEBUG o.s.b.f.s.DefaultListableBeanFactory - Returning cached instance of singleton bean 'initializeUserDetailsBeanManagerConfigurer'
06:58:21.390 [main] DEBUG o.s.b.f.s.DefaultListableBeanFactory - Returning cached instance of singleton bean 'initializeAuthenticationProviderBeanManagerConfigurer'
06:58:21.390 [main] DEBUG o.s.b.f.s.DefaultListableBeanFactory - Creating shared instance of singleton bean 'org.springframework.security.config.annotation.web.configuration.WebSecurityConfiguration'
06:58:21.390 [main] DEBUG o.s.b.f.s.DefaultListableBeanFactory - Creating instance of bean 'org.springframework.security.config.annotation.web.configuration.WebSecurityConfiguration'
06:58:21.393 [main] DEBUG o.s.b.f.annotation.InjectionMetadata - Registered injected element on class [org.springframework.security.config.annotation.web.configuration.WebSecurityConfiguration$$EnhancerBySpringCGLIB$$29ebc26c]: AutowiredFieldElement for private org.springframework.security.config.annotation.ObjectPostProcessor org.springframework.security.config.annotation.web.configuration.WebSecurityConfiguration.objectObjectPostProcessor
06:58:21.393 [main] DEBUG o.s.b.f.annotation.InjectionMetadata - Registered injected element on class [org.springframework.security.config.annotation.web.configuration.WebSecurityConfiguration$$EnhancerBySpringCGLIB$$29ebc26c]: AutowiredMethodElement for public void org.springframework.security.config.annotation.web.configuration.WebSecurityConfiguration.setFilterChainProxySecurityConfigurer(org.springframework.security.config.annotation.ObjectPostProcessor,java.util.List) throws java.lang.Exception
06:58:21.393 [main] DEBUG o.s.b.f.s.DefaultListableBeanFactory - Eagerly caching bean 'org.springframework.security.config.annotation.web.configuration.WebSecurityConfiguration' to allow for resolving potential circular references
06:58:21.394 [main] DEBUG o.s.b.f.annotation.InjectionMetadata - Processing injected element of bean 'org.springframework.security.config.annotation.web.configuration.WebSecurityConfiguration': AutowiredFieldElement for private org.springframework.security.config.annotation.ObjectPostProcessor org.springframework.security.config.annotation.web.configuration.WebSecurityConfiguration.objectObjectPostProcessor
06:58:21.394 [main] DEBUG o.s.b.f.s.DefaultListableBeanFactory - Returning cached instance of singleton bean 'objectPostProcessor'
06:58:21.394 [main] DEBUG o.s.b.f.a.AutowiredAnnotationBeanPostProcessor - Autowiring by type from bean name 'org.springframework.security.config.annotation.web.configuration.WebSecurityConfiguration' to bean named 'objectPostProcessor'
06:58:21.394 [main] DEBUG o.s.b.f.annotation.InjectionMetadata - Processing injected element of bean 'org.springframework.security.config.annotation.web.configuration.WebSecurityConfiguration': AutowiredMethodElement for public void org.springframework.security.config.annotation.web.configuration.WebSecurityConfiguration.setFilterChainProxySecurityConfigurer(org.springframework.security.config.annotation.ObjectPostProcessor,java.util.List) throws java.lang.Exception
06:58:21.394 [main] DEBUG o.s.b.f.s.DefaultListableBeanFactory - Returning cached instance of singleton bean 'objectPostProcessor'
06:58:21.395 [main] DEBUG o.s.b.f.s.DefaultListableBeanFactory - Creating shared instance of singleton bean 'autowiredWebSecurityConfigurersIgnoreParents'
06:58:21.395 [main] DEBUG o.s.b.f.s.DefaultListableBeanFactory - Creating instance of bean 'autowiredWebSecurityConfigurersIgnoreParents'
06:58:21.395 [main] DEBUG o.s.b.f.s.DefaultListableBeanFactory - Returning cached instance of singleton bean 'metaDataSourceAdvisor'
06:58:21.396 [main] DEBUG o.s.b.f.s.DefaultListableBeanFactory - Returning eagerly cached instance of singleton bean 'org.springframework.security.config.annotation.web.configuration.WebSecurityConfiguration' that is not fully initialized yet - a consequence of a circular reference
06:58:21.397 [main] DEBUG o.s.b.f.s.DefaultListableBeanFactory - Autowiring by type from bean name 'autowiredWebSecurityConfigurersIgnoreParents' via factory method to bean named 'org.springframework.beans.factory.support.DefaultListableBeanFactory@6a18fe0b'
06:58:21.397 [main] DEBUG o.s.b.f.s.DefaultListableBeanFactory - Eagerly caching bean 'autowiredWebSecurityConfigurersIgnoreParents' to allow for resolving potential circular references
06:58:21.398 [main] DEBUG o.s.b.f.s.DefaultListableBeanFactory - Returning cached instance of singleton bean 'metaDataSourceAdvisor'
06:58:21.398 [main] DEBUG o.s.b.f.s.DefaultListableBeanFactory - Finished creating instance of bean 'autowiredWebSecurityConfigurersIgnoreParents'
06:58:21.398 [main] DEBUG o.s.b.f.s.DefaultListableBeanFactory - Returning cached instance of singleton bean 'securityConfig'
06:58:21.398 [main] DEBUG o.s.b.f.a.AutowiredAnnotationBeanPostProcessor - Autowiring by type from bean name 'org.springframework.security.config.annotation.web.configuration.WebSecurityConfiguration' to bean named 'objectPostProcessor'
06:58:21.398 [main] DEBUG o.s.b.f.s.DefaultListableBeanFactory - Returning cached instance of singleton bean 'metaDataSourceAdvisor'
06:58:21.403 [main] DEBUG o.s.b.f.s.DefaultListableBeanFactory - Returning cached instance of singleton bean 'org.springframework.context.annotation.ConfigurationClassPostProcessor.importRegistry'
06:58:21.403 [main] DEBUG o.s.b.f.s.DefaultListableBeanFactory - Finished creating instance of bean 'org.springframework.security.config.annotation.web.configuration.WebSecurityConfiguration'
06:58:21.403 [main] DEBUG o.s.b.f.s.DefaultListableBeanFactory - Creating shared instance of singleton bean 'delegatingApplicationListener'
06:58:21.403 [main] DEBUG o.s.b.f.s.DefaultListableBeanFactory - Creating instance of bean 'delegatingApplicationListener'
06:58:21.403 [main] DEBUG o.s.b.f.s.DefaultListableBeanFactory - Eagerly caching bean 'delegatingApplicationListener' to allow for resolving potential circular references
06:58:21.404 [main] DEBUG o.s.b.f.s.DefaultListableBeanFactory - Returning cached instance of singleton bean 'metaDataSourceAdvisor'
06:58:21.404 [main] DEBUG o.s.b.f.s.DefaultListableBeanFactory - Finished creating instance of bean 'delegatingApplicationListener'
06:58:21.404 [main] DEBUG o.s.b.f.s.DefaultListableBeanFactory - Creating shared instance of singleton bean 'springSecurityFilterChain'
06:58:21.404 [main] DEBUG o.s.b.f.s.DefaultListableBeanFactory - Creating instance of bean 'springSecurityFilterChain'
06:58:21.404 [main] DEBUG o.s.b.f.s.DefaultListableBeanFactory - Returning cached instance of singleton bean 'org.springframework.security.config.annotation.web.configuration.WebSecurityConfiguration'
06:58:21.405 [main] DEBUG o.s.b.f.s.DefaultListableBeanFactory - Returning cached instance of singleton bean 'metaDataSourceAdvisor'
06:58:21.406 [main] DEBUG o.s.b.f.s.DefaultListableBeanFactory - Returning cached instance of singleton bean 'webMvcConfiguration'
06:58:21.406 [main] DEBUG o.s.b.f.s.DefaultListableBeanFactory - Returning cached instance of singleton bean 'securityConfig'
06:58:21.406 [main] DEBUG o.s.s.c.a.a.c.AuthenticationConfiguration$EnableGlobalAuthenticationAutowiredConfigurer - Eagerly initializing {webMvcConfiguration=edu.ncsu.csc.itrust2.mvc.config.WebMvcConfiguration$$EnhancerBySpringCGLIB$$f35e4a5b@445f4ee1, securityConfig=edu.ncsu.csc.itrust2.config.SecurityConfig$$EnhancerBySpringCGLIB$$d7313e7@2e6b26c9}
06:58:21.406 [main] DEBUG o.s.b.f.s.DefaultListableBeanFactory - Invoking afterPropertiesSet() on bean with name 'org.springframework.security.authentication.dao.DaoAuthenticationProvider@7184700b'
06:58:21.406 [main] DEBUG o.s.b.f.s.DefaultListableBeanFactory - Returning cached instance of singleton bean 'metaDataSourceAdvisor'
06:58:21.409 [main] DEBUG o.s.b.f.s.DefaultListableBeanFactory - Invoking afterPropertiesSet() on bean with name 'org.springframework.security.authentication.ProviderManager@7d4717af'
06:58:21.409 [main] DEBUG o.s.b.f.s.DefaultListableBeanFactory - Returning cached instance of singleton bean 'metaDataSourceAdvisor'
06:58:21.411 [main] DEBUG o.s.b.f.s.DefaultListableBeanFactory - Returning cached instance of singleton bean 'authenticationManagerBuilder'
06:58:21.411 [main] DEBUG o.s.w.c.s.StandardServletEnvironment - Adding [servletConfigInitParams] PropertySource with lowest search precedence
06:58:21.411 [main] DEBUG o.s.w.c.s.StandardServletEnvironment - Adding [servletContextInitParams] PropertySource with lowest search precedence
06:58:21.411 [main] DEBUG o.s.w.c.s.StandardServletEnvironment - Adding [systemProperties] PropertySource with lowest search precedence
06:58:21.411 [main] DEBUG o.s.w.c.s.StandardServletEnvironment - Adding [systemEnvironment] PropertySource with lowest search precedence
06:58:21.411 [main] DEBUG o.s.w.c.s.StandardServletEnvironment - Initialized StandardServletEnvironment with PropertySources [servletConfigInitParams,servletContextInitParams,systemProperties,systemEnvironment]
06:58:21.411 [main] DEBUG o.s.w.c.s.StandardServletEnvironment - Adding [servletConfigInitParams] PropertySource with lowest search precedence
06:58:21.411 [main] DEBUG o.s.w.c.s.StandardServletEnvironment - Adding [servletContextInitParams] PropertySource with lowest search precedence
06:58:21.411 [main] DEBUG o.s.w.c.s.StandardServletEnvironment - Adding [systemProperties] PropertySource with lowest search precedence
06:58:21.411 [main] DEBUG o.s.w.c.s.StandardServletEnvironment - Adding [systemEnvironment] PropertySource with lowest search precedence
06:58:21.411 [main] DEBUG o.s.w.c.s.StandardServletEnvironment - Initialized StandardServletEnvironment with PropertySources [servletConfigInitParams,servletContextInitParams,systemProperties,systemEnvironment]
06:58:21.412 [main] DEBUG o.s.w.c.s.StandardServletEnvironment - Adding [servletConfigInitParams] PropertySource with lowest search precedence
06:58:21.412 [main] DEBUG o.s.w.c.s.StandardServletEnvironment - Adding [servletContextInitParams] PropertySource with lowest search precedence
06:58:21.412 [main] DEBUG o.s.w.c.s.StandardServletEnvironment - Adding [systemProperties] PropertySource with lowest search precedence
06:58:21.412 [main] DEBUG o.s.w.c.s.StandardServletEnvironment - Adding [systemEnvironment] PropertySource with lowest search precedence
06:58:21.412 [main] DEBUG o.s.w.c.s.StandardServletEnvironment - Initialized StandardServletEnvironment with PropertySources [servletConfigInitParams,servletContextInitParams,systemProperties,systemEnvironment]
06:58:21.413 [main] DEBUG o.s.b.f.s.DefaultListableBeanFactory - Creating shared instance of singleton bean 'ipBlockFilter'
06:58:21.413 [main] DEBUG o.s.b.f.s.DefaultListableBeanFactory - Creating instance of bean 'ipBlockFilter'
06:58:21.413 [main] DEBUG o.s.b.f.s.DefaultListableBeanFactory - Returning cached instance of singleton bean 'securityConfig'
06:58:21.413 [main] DEBUG o.s.w.c.s.StandardServletEnvironment - Adding [servletConfigInitParams] PropertySource with lowest search precedence
06:58:21.413 [main] DEBUG o.s.w.c.s.StandardServletEnvironment - Adding [servletContextInitParams] PropertySource with lowest search precedence
06:58:21.413 [main] DEBUG o.s.w.c.s.StandardServletEnvironment - Adding [systemProperties] PropertySource with lowest search precedence
06:58:21.413 [main] DEBUG o.s.w.c.s.StandardServletEnvironment - Adding [systemEnvironment] PropertySource with lowest search precedence
06:58:21.413 [main] DEBUG o.s.w.c.s.StandardServletEnvironment - Initialized StandardServletEnvironment with PropertySources [servletConfigInitParams,servletContextInitParams,systemProperties,systemEnvironment]
06:58:21.413 [main] DEBUG o.s.b.f.s.DefaultListableBeanFactory - Eagerly caching bean 'ipBlockFilter' to allow for resolving potential circular references
06:58:21.416 [main] DEBUG o.s.b.f.s.DefaultListableBeanFactory - Invoking afterPropertiesSet() on bean with name 'ipBlockFilter'
06:58:21.417 [main] DEBUG o.s.b.f.s.DefaultListableBeanFactory - Returning cached instance of singleton bean 'metaDataSourceAdvisor'
06:58:21.417 [main] DEBUG o.s.b.f.s.DefaultListableBeanFactory - Finished creating instance of bean 'ipBlockFilter'
06:58:21.417 [main] DEBUG o.s.w.c.s.StandardServletEnvironment - Adding [servletConfigInitParams] PropertySource with lowest search precedence
06:58:21.417 [main] DEBUG o.s.w.c.s.StandardServletEnvironment - Adding [servletContextInitParams] PropertySource with lowest search precedence
06:58:21.417 [main] DEBUG o.s.w.c.s.StandardServletEnvironment - Adding [systemProperties] PropertySource with lowest search precedence
06:58:21.417 [main] DEBUG o.s.w.c.s.StandardServletEnvironment - Adding [systemEnvironment] PropertySource with lowest search precedence
06:58:21.417 [main] DEBUG o.s.w.c.s.StandardServletEnvironment - Initialized StandardServletEnvironment with PropertySources [servletConfigInitParams,servletContextInitParams,systemProperties,systemEnvironment]
06:58:21.418 [main] DEBUG o.s.b.f.s.DefaultListableBeanFactory - Creating shared instance of singleton bean 'failureHandler'
06:58:21.418 [main] DEBUG o.s.b.f.s.DefaultListableBeanFactory - Creating instance of bean 'failureHandler'
06:58:21.418 [main] DEBUG o.s.b.f.s.DefaultListableBeanFactory - Returning cached instance of singleton bean 'securityConfig'
06:58:21.418 [main] DEBUG o.s.b.f.s.DefaultListableBeanFactory - Eagerly caching bean 'failureHandler' to allow for resolving potential circular references
06:58:21.419 [main] DEBUG o.s.b.f.s.DefaultListableBeanFactory - Returning cached instance of singleton bean 'metaDataSourceAdvisor'
06:58:21.419 [main] DEBUG o.s.b.f.s.DefaultListableBeanFactory - Finished creating instance of bean 'failureHandler'
06:58:21.419 [main] INFO  o.s.s.web.DefaultSecurityFilterChain - Creating filter chain: Ant [pattern='/api/v1/requestPasswordReset'], []
06:58:21.420 [main] INFO  o.s.s.web.DefaultSecurityFilterChain - Creating filter chain: Ant [pattern='/api/v1/resetPassword/*'], []
06:58:21.420 [main] INFO  o.s.s.web.DefaultSecurityFilterChain - Creating filter chain: Ant [pattern='/requestPasswordReset'], []
06:58:21.420 [main] INFO  o.s.s.web.DefaultSecurityFilterChain - Creating filter chain: Ant [pattern='/resetPassword'], []
06:58:21.420 [main] DEBUG o.s.b.f.s.DefaultListableBeanFactory - Returning cached instance of singleton bean 'metaDataSourceAdvisor'
06:58:21.422 [main] DEBUG o.s.b.f.s.DefaultListableBeanFactory - Returning cached instance of singleton bean 'metaDataSourceAdvisor'
06:58:21.423 [main] DEBUG o.s.w.c.s.StandardServletEnvironment - Adding [servletConfigInitParams] PropertySource with lowest search precedence
06:58:21.423 [main] DEBUG o.s.w.c.s.StandardServletEnvironment - Adding [servletContextInitParams] PropertySource with lowest search precedence
06:58:21.423 [main] DEBUG o.s.w.c.s.StandardServletEnvironment - Adding [systemProperties] PropertySource with lowest search precedence
06:58:21.423 [main] DEBUG o.s.w.c.s.StandardServletEnvironment - Adding [systemEnvironment] PropertySource with lowest search precedence
06:58:21.423 [main] DEBUG o.s.w.c.s.StandardServletEnvironment - Initialized StandardServletEnvironment with PropertySources [servletConfigInitParams,servletContextInitParams,systemProperties,systemEnvironment]
06:58:21.423 [main] DEBUG o.s.b.f.s.DefaultListableBeanFactory - Returning cached instance of singleton bean 'metaDataSourceAdvisor'
06:58:21.424 [main] DEBUG o.s.b.f.s.DefaultListableBeanFactory - Invoking afterPropertiesSet() on bean with name 'org.springframework.security.web.authentication.LoginUrlAuthenticationEntryPoint@47b0cd2a'
06:58:21.425 [main] DEBUG o.s.b.f.s.DefaultListableBeanFactory - Returning cached instance of singleton bean 'metaDataSourceAdvisor'
06:58:21.426 [main] DEBUG o.s.b.f.s.DefaultListableBeanFactory - Invoking afterPropertiesSet() on bean with name 'org.springframework.security.authentication.ProviderManager@116bdc72'
06:58:21.426 [main] DEBUG o.s.b.f.s.DefaultListableBeanFactory - Returning cached instance of singleton bean 'metaDataSourceAdvisor'
06:58:21.427 [main] DEBUG o.s.w.c.s.StandardServletEnvironment - Adding [servletConfigInitParams] PropertySource with lowest search precedence
06:58:21.427 [main] DEBUG o.s.w.c.s.StandardServletEnvironment - Adding [servletContextInitParams] PropertySource with lowest search precedence
06:58:21.436 [main] DEBUG o.s.w.c.s.StandardServletEnvironment - Adding [systemProperties] PropertySource with lowest search precedence
06:58:21.436 [main] DEBUG o.s.w.c.s.StandardServletEnvironment - Adding [systemEnvironment] PropertySource with lowest search precedence
06:58:21.436 [main] DEBUG o.s.w.c.s.StandardServletEnvironment - Initialized StandardServletEnvironment with PropertySources [servletConfigInitParams,servletContextInitParams,systemProperties,systemEnvironment]
06:58:21.436 [main] DEBUG o.s.b.f.s.DefaultListableBeanFactory - Invoking afterPropertiesSet() on bean with name 'org.springframework.security.web.csrf.CsrfFilter@2c70c66a'
06:58:21.436 [main] DEBUG o.s.b.f.s.DefaultListableBeanFactory - Returning cached instance of singleton bean 'metaDataSourceAdvisor'
06:58:21.441 [main] DEBUG o.s.w.c.s.StandardServletEnvironment - Adding [servletConfigInitParams] PropertySource with lowest search precedence
06:58:21.441 [main] DEBUG o.s.w.c.s.StandardServletEnvironment - Adding [servletContextInitParams] PropertySource with lowest search precedence
06:58:21.441 [main] DEBUG o.s.w.c.s.StandardServletEnvironment - Adding [systemProperties] PropertySource with lowest search precedence
06:58:21.441 [main] DEBUG o.s.w.c.s.StandardServletEnvironment - Adding [systemEnvironment] PropertySource with lowest search precedence
06:58:21.441 [main] DEBUG o.s.w.c.s.StandardServletEnvironment - Initialized StandardServletEnvironment with PropertySources [servletConfigInitParams,servletContextInitParams,systemProperties,systemEnvironment]
06:58:21.441 [main] DEBUG o.s.b.f.s.DefaultListableBeanFactory - Invoking afterPropertiesSet() on bean with name 'org.springframework.security.web.access.ExceptionTranslationFilter@6de89753'
06:58:21.441 [main] DEBUG o.s.b.f.s.DefaultListableBeanFactory - Returning cached instance of singleton bean 'metaDataSourceAdvisor'
06:58:21.446 [main] DEBUG o.s.w.c.s.StandardServletEnvironment - Adding [servletConfigInitParams] PropertySource with lowest search precedence
06:58:21.446 [main] DEBUG o.s.w.c.s.StandardServletEnvironment - Adding [servletContextInitParams] PropertySource with lowest search precedence
06:58:21.446 [main] DEBUG o.s.w.c.s.StandardServletEnvironment - Adding [systemProperties] PropertySource with lowest search precedence
06:58:21.446 [main] DEBUG o.s.w.c.s.StandardServletEnvironment - Adding [systemEnvironment] PropertySource with lowest search precedence
06:58:21.446 [main] DEBUG o.s.w.c.s.StandardServletEnvironment - Initialized StandardServletEnvironment with PropertySources [servletConfigInitParams,servletContextInitParams,systemProperties,systemEnvironment]
06:58:21.446 [main] DEBUG o.s.b.f.s.DefaultListableBeanFactory - Invoking afterPropertiesSet() on bean with name 'org.springframework.security.web.header.HeaderWriterFilter@2ce2cecf'
06:58:21.446 [main] DEBUG o.s.b.f.s.DefaultListableBeanFactory - Returning cached instance of singleton bean 'metaDataSourceAdvisor'
06:58:21.462 [main] DEBUG o.s.w.c.s.StandardServletEnvironment - Adding [servletConfigInitParams] PropertySource with lowest search precedence
06:58:21.462 [main] DEBUG o.s.w.c.s.StandardServletEnvironment - Adding [servletContextInitParams] PropertySource with lowest search precedence
06:58:21.462 [main] DEBUG o.s.w.c.s.StandardServletEnvironment - Adding [systemProperties] PropertySource with lowest search precedence
06:58:21.462 [main] DEBUG o.s.w.c.s.StandardServletEnvironment - Adding [systemEnvironment] PropertySource with lowest search precedence
06:58:21.462 [main] DEBUG o.s.w.c.s.StandardServletEnvironment - Initialized StandardServletEnvironment with PropertySources [servletConfigInitParams,servletContextInitParams,systemProperties,systemEnvironment]
06:58:21.462 [main] DEBUG o.s.b.f.s.DefaultListableBeanFactory - Invoking afterPropertiesSet() on bean with name 'org.springframework.security.web.session.SessionManagementFilter@63a50f6d'
06:58:21.462 [main] DEBUG o.s.b.f.s.DefaultListableBeanFactory - Returning cached instance of singleton bean 'metaDataSourceAdvisor'
06:58:21.466 [main] DEBUG o.s.w.c.s.StandardServletEnvironment - Adding [servletConfigInitParams] PropertySource with lowest search precedence
06:58:21.466 [main] DEBUG o.s.w.c.s.StandardServletEnvironment - Adding [servletContextInitParams] PropertySource with lowest search precedence
06:58:21.466 [main] DEBUG o.s.w.c.s.StandardServletEnvironment - Adding [systemProperties] PropertySource with lowest search precedence
06:58:21.466 [main] DEBUG o.s.w.c.s.StandardServletEnvironment - Adding [systemEnvironment] PropertySource with lowest search precedence
06:58:21.466 [main] DEBUG o.s.w.c.s.StandardServletEnvironment - Initialized StandardServletEnvironment with PropertySources [servletConfigInitParams,servletContextInitParams,systemProperties,systemEnvironment]
06:58:21.466 [main] DEBUG o.s.b.f.s.DefaultListableBeanFactory - Invoking afterPropertiesSet() on bean with name 'org.springframework.security.web.context.SecurityContextPersistenceFilter@49ccc6e5'
06:58:21.466 [main] DEBUG o.s.b.f.s.DefaultListableBeanFactory - Returning cached instance of singleton bean 'metaDataSourceAdvisor'
06:58:21.469 [main] DEBUG o.s.w.c.s.StandardServletEnvironment - Adding [servletConfigInitParams] PropertySource with lowest search precedence
06:58:21.469 [main] DEBUG o.s.w.c.s.StandardServletEnvironment - Adding [servletContextInitParams] PropertySource with lowest search precedence
06:58:21.469 [main] DEBUG o.s.w.c.s.StandardServletEnvironment - Adding [systemProperties] PropertySource with lowest search precedence
06:58:21.469 [main] DEBUG o.s.w.c.s.StandardServletEnvironment - Adding [systemEnvironment] PropertySource with lowest search precedence
06:58:21.469 [main] DEBUG o.s.w.c.s.StandardServletEnvironment - Initialized StandardServletEnvironment with PropertySources [servletConfigInitParams,servletContextInitParams,systemProperties,systemEnvironment]
06:58:21.470 [main] DEBUG o.s.b.f.s.DefaultListableBeanFactory - Invoking afterPropertiesSet() on bean with name 'org.springframework.security.web.savedrequest.RequestCacheAwareFilter@60378280'
06:58:21.470 [main] DEBUG o.s.b.f.s.DefaultListableBeanFactory - Returning cached instance of singleton bean 'metaDataSourceAdvisor'
06:58:21.477 [main] DEBUG o.s.b.f.s.DefaultListableBeanFactory - Invoking afterPropertiesSet() on bean with name 'org.springframework.security.web.servletapi.SecurityContextHolderAwareRequestFilter@5a99acff'
06:58:21.477 [main] DEBUG o.s.b.f.s.DefaultListableBeanFactory - Returning cached instance of singleton bean 'metaDataSourceAdvisor'
06:58:21.480 [main] DEBUG o.s.w.c.s.StandardServletEnvironment - Adding [servletConfigInitParams] PropertySource with lowest search precedence
06:58:21.480 [main] DEBUG o.s.w.c.s.StandardServletEnvironment - Adding [servletContextInitParams] PropertySource with lowest search precedence
06:58:21.480 [main] DEBUG o.s.w.c.s.StandardServletEnvironment - Adding [systemProperties] PropertySource with lowest search precedence
06:58:21.480 [main] DEBUG o.s.w.c.s.StandardServletEnvironment - Adding [systemEnvironment] PropertySource with lowest search precedence
06:58:21.480 [main] DEBUG o.s.w.c.s.StandardServletEnvironment - Initialized StandardServletEnvironment with PropertySources [servletConfigInitParams,servletContextInitParams,systemProperties,systemEnvironment]
06:58:21.481 [main] DEBUG o.s.b.f.s.DefaultListableBeanFactory - Invoking afterPropertiesSet() on bean with name 'org.springframework.security.web.authentication.logout.LogoutFilter@118c1ea6'
06:58:21.481 [main] DEBUG o.s.b.f.s.DefaultListableBeanFactory - Returning cached instance of singleton bean 'metaDataSourceAdvisor'
06:58:21.488 [main] DEBUG o.s.s.w.a.e.ExpressionBasedFilterInvocationSecurityMetadataSource - Adding web access control expression 'anonymous', for Ant [pattern='/login*']
06:58:21.488 [main] DEBUG o.s.s.w.a.e.ExpressionBasedFilterInvocationSecurityMetadataSource - Adding web access control expression 'authenticated', for org.springframework.security.web.util.matcher.AnyRequestMatcher@1
06:58:21.488 [main] DEBUG o.s.b.f.s.DefaultListableBeanFactory - Invoking afterPropertiesSet() on bean with name 'org.springframework.security.access.vote.AffirmativeBased@6227bf45'
06:58:21.489 [main] DEBUG o.s.b.f.s.DefaultListableBeanFactory - Returning cached instance of singleton bean 'metaDataSourceAdvisor'
06:58:21.491 [main] DEBUG o.s.s.w.a.i.FilterSecurityInterceptor - Validated configuration attributes
06:58:21.491 [main] DEBUG o.s.b.f.s.DefaultListableBeanFactory - Invoking afterPropertiesSet() on bean with name 'org.springframework.security.web.access.intercept.FilterSecurityInterceptor@7a2cad76'
06:58:21.492 [main] DEBUG o.s.s.w.a.i.FilterSecurityInterceptor - Validated configuration attributes
06:58:21.492 [main] DEBUG o.s.b.f.s.DefaultListableBeanFactory - Returning cached instance of singleton bean 'metaDataSourceAdvisor'
06:58:21.495 [main] DEBUG o.s.b.f.s.DefaultListableBeanFactory - Invoking afterPropertiesSet() on bean with name 'org.springframework.security.web.authentication.UsernamePasswordAuthenticationFilter@252ee8e1'
06:58:21.496 [main] DEBUG o.s.b.f.s.DefaultListableBeanFactory - Returning cached instance of singleton bean 'metaDataSourceAdvisor'
06:58:21.504 [main] INFO  o.s.s.web.DefaultSecurityFilterChain - Creating filter chain: org.springframework.security.web.util.matcher.AnyRequestMatcher@1, [edu.ncsu.csc.itrust2.config.IPFilter@5fe25122, org.springframework.security.web.context.request.async.WebAsyncManagerIntegrationFilter@2028a6b7, org.springframework.security.web.context.SecurityContextPersistenceFilter@49ccc6e5, org.springframework.security.web.header.HeaderWriterFilter@2ce2cecf, org.springframework.security.web.csrf.CsrfFilter@2c70c66a, org.springframework.security.web.authentication.logout.LogoutFilter@118c1ea6, org.springframework.security.web.authentication.UsernamePasswordAuthenticationFilter@252ee8e1, org.springframework.security.web.savedrequest.RequestCacheAwareFilter@60378280, org.springframework.security.web.servletapi.SecurityContextHolderAwareRequestFilter@5a99acff, org.springframework.security.web.authentication.AnonymousAuthenticationFilter@16dcf831, org.springframework.security.web.session.SessionManagementFilter@63a50f6d, org.springframework.security.web.access.ExceptionTranslationFilter@6de89753, org.springframework.security.web.access.intercept.FilterSecurityInterceptor@7a2cad76]
06:58:21.504 [main] DEBUG o.s.w.c.s.StandardServletEnvironment - Adding [servletConfigInitParams] PropertySource with lowest search precedence
06:58:21.504 [main] DEBUG o.s.w.c.s.StandardServletEnvironment - Adding [servletContextInitParams] PropertySource with lowest search precedence
06:58:21.504 [main] DEBUG o.s.w.c.s.StandardServletEnvironment - Adding [systemProperties] PropertySource with lowest search precedence
06:58:21.504 [main] DEBUG o.s.w.c.s.StandardServletEnvironment - Adding [systemEnvironment] PropertySource with lowest search precedence
06:58:21.504 [main] DEBUG o.s.w.c.s.StandardServletEnvironment - Initialized StandardServletEnvironment with PropertySources [servletConfigInitParams,servletContextInitParams,systemProperties,systemEnvironment]
06:58:21.504 [main] DEBUG o.s.b.f.s.DefaultListableBeanFactory - Eagerly caching bean 'springSecurityFilterChain' to allow for resolving potential circular references
06:58:21.508 [main] DEBUG o.s.b.f.s.DefaultListableBeanFactory - Invoking afterPropertiesSet() on bean with name 'springSecurityFilterChain'
06:58:21.508 [main] DEBUG o.s.b.f.s.DefaultListableBeanFactory - Returning cached instance of singleton bean 'metaDataSourceAdvisor'
06:58:21.509 [main] DEBUG o.s.b.f.s.DefaultListableBeanFactory - Finished creating instance of bean 'springSecurityFilterChain'
06:58:21.509 [main] DEBUG o.s.b.f.s.DefaultListableBeanFactory - Creating shared instance of singleton bean 'webSecurityExpressionHandler'
06:58:21.509 [main] DEBUG o.s.b.f.s.DefaultListableBeanFactory - Creating instance of bean 'webSecurityExpressionHandler'
06:58:21.509 [main] DEBUG o.s.b.f.s.DefaultListableBeanFactory - Returning cached instance of singleton bean 'org.springframework.security.config.annotation.web.configuration.WebSecurityConfiguration'
06:58:21.509 [main] DEBUG o.s.b.f.s.DefaultListableBeanFactory - Eagerly caching bean 'webSecurityExpressionHandler' to allow for resolving potential circular references
06:58:21.509 [main] DEBUG o.s.b.f.s.DefaultListableBeanFactory - Finished creating instance of bean 'webSecurityExpressionHandler'
06:58:21.509 [main] DEBUG o.s.b.f.s.DefaultListableBeanFactory - Returning cached instance of singleton bean 'springSecurityFilterChain'
06:58:21.509 [main] DEBUG o.s.b.f.s.DefaultListableBeanFactory - Returning cached instance of singleton bean 'springSecurityFilterChain'
06:58:21.509 [main] DEBUG o.s.b.f.s.DefaultListableBeanFactory - Creating shared instance of singleton bean 'privilegeEvaluator'
06:58:21.509 [main] DEBUG o.s.b.f.s.DefaultListableBeanFactory - Creating instance of bean 'privilegeEvaluator'
06:58:21.509 [main] DEBUG o.s.b.f.s.DefaultListableBeanFactory - Returning cached instance of singleton bean 'org.springframework.security.config.annotation.web.configuration.WebSecurityConfiguration'
06:58:21.509 [main] DEBUG o.s.b.f.s.DefaultListableBeanFactory - Eagerly caching bean 'privilegeEvaluator' to allow for resolving potential circular references
06:58:21.510 [main] DEBUG o.s.b.f.s.DefaultListableBeanFactory - Returning cached instance of singleton bean 'metaDataSourceAdvisor'
06:58:21.510 [main] DEBUG o.s.b.f.s.DefaultListableBeanFactory - Finished creating instance of bean 'privilegeEvaluator'
06:58:21.510 [main] DEBUG o.s.b.f.s.DefaultListableBeanFactory - Returning cached instance of singleton bean 'autowiredWebSecurityConfigurersIgnoreParents'
06:58:21.510 [main] DEBUG o.s.b.f.s.DefaultListableBeanFactory - Returning cached instance of singleton bean 'org.springframework.security.config.annotation.web.configuration.WebMvcSecurityConfiguration'
06:58:21.510 [main] DEBUG o.s.b.f.s.DefaultListableBeanFactory - Creating shared instance of singleton bean 'requestDataValueProcessor'
06:58:21.510 [main] DEBUG o.s.b.f.s.DefaultListableBeanFactory - Creating instance of bean 'requestDataValueProcessor'
06:58:21.510 [main] DEBUG o.s.b.f.s.DefaultListableBeanFactory - Returning cached instance of singleton bean 'org.springframework.security.config.annotation.web.configuration.WebMvcSecurityConfiguration'
06:58:21.511 [main] DEBUG o.s.b.f.s.DefaultListableBeanFactory - Eagerly caching bean 'requestDataValueProcessor' to allow for resolving potential circular references
06:58:21.511 [main] DEBUG o.s.b.f.s.DefaultListableBeanFactory - Returning cached instance of singleton bean 'metaDataSourceAdvisor'
06:58:21.511 [main] DEBUG o.s.b.f.s.DefaultListableBeanFactory - Finished creating instance of bean 'requestDataValueProcessor'
06:58:21.511 [main] DEBUG o.s.b.f.s.DefaultListableBeanFactory - Returning cached instance of singleton bean 'passwordEncoder'
06:58:21.511 [main] DEBUG o.s.b.f.s.DefaultListableBeanFactory - Returning cached instance of singleton bean 'defaultAuthenticationEventPublisher'
06:58:21.511 [main] DEBUG o.s.b.f.s.DefaultListableBeanFactory - Returning cached instance of singleton bean 'failureHandler'
06:58:21.511 [main] DEBUG o.s.b.f.s.DefaultListableBeanFactory - Returning cached instance of singleton bean 'ipBlockFilter'
06:58:21.511 [main] DEBUG o.s.b.f.s.DefaultListableBeanFactory - Returning cached instance of singleton bean 'org.springframework.web.servlet.config.annotation.DelegatingWebMvcConfiguration'
06:58:21.511 [main] DEBUG o.s.b.f.s.DefaultListableBeanFactory - Returning cached instance of singleton bean 'mvcConversionService'
06:58:21.511 [main] DEBUG o.s.b.f.s.DefaultListableBeanFactory - Creating shared instance of singleton bean 'requestMappingHandlerMapping'
06:58:21.511 [main] DEBUG o.s.b.f.s.DefaultListableBeanFactory - Creating instance of bean 'requestMappingHandlerMapping'
06:58:21.512 [main] DEBUG o.s.b.f.s.DefaultListableBeanFactory - Returning cached instance of singleton bean 'org.springframework.web.servlet.config.annotation.DelegatingWebMvcConfiguration'
06:58:21.512 [main] DEBUG o.s.b.f.s.DefaultListableBeanFactory - Returning cached instance of singleton bean 'mvcConversionService'
06:58:21.512 [main] DEBUG o.s.b.f.s.DefaultListableBeanFactory - Creating shared instance of singleton bean 'mvcResourceUrlProvider'
06:58:21.512 [main] DEBUG o.s.b.f.s.DefaultListableBeanFactory - Creating instance of bean 'mvcResourceUrlProvider'
06:58:21.512 [main] DEBUG o.s.b.f.s.DefaultListableBeanFactory - Returning cached instance of singleton bean 'org.springframework.web.servlet.config.annotation.DelegatingWebMvcConfiguration'
06:58:21.512 [main] DEBUG o.s.b.f.s.DefaultListableBeanFactory - Eagerly caching bean 'mvcResourceUrlProvider' to allow for resolving potential circular references
06:58:21.513 [main] DEBUG o.s.b.f.s.DefaultListableBeanFactory - Returning cached instance of singleton bean 'metaDataSourceAdvisor'
06:58:21.513 [main] DEBUG o.s.b.f.s.DefaultListableBeanFactory - Finished creating instance of bean 'mvcResourceUrlProvider'
06:58:21.514 [main] DEBUG o.s.b.f.s.DefaultListableBeanFactory - Returning cached instance of singleton bean 'mvcContentNegotiationManager'
06:58:21.514 [main] DEBUG o.s.b.f.s.DefaultListableBeanFactory - Eagerly caching bean 'requestMappingHandlerMapping' to allow for resolving potential circular references
06:58:21.520 [main] DEBUG o.s.b.f.s.DefaultListableBeanFactory - Invoking afterPropertiesSet() on bean with name 'requestMappingHandlerMapping'
06:58:21.520 [main] DEBUG o.s.w.s.m.m.a.RequestMappingHandlerMapping - Looking for request mappings in application context: org.springframework.web.context.support.GenericWebApplicationContext@28a74e4a: startup date [Thu Mar 22 06:58:21 UTC 2018]; root of context hierarchy
06:58:21.521 [main] DEBUG o.s.w.s.m.m.a.RequestMappingHandlerMapping - 1 request handler methods found on class edu.ncsu.csc.itrust2.controllers.DefaultController: {public org.springframework.web.servlet.view.RedirectView edu.ncsu.csc.itrust2.controllers.DefaultController.index(org.springframework.ui.Model)={[/]}}
06:58:21.521 [main] INFO  o.s.w.s.m.m.a.RequestMappingHandlerMapping - Mapped "{[/]}" onto public org.springframework.web.servlet.view.RedirectView edu.ncsu.csc.itrust2.controllers.DefaultController.index(org.springframework.ui.Model)
06:58:21.521 [main] DEBUG o.s.w.s.m.m.a.RequestMappingHandlerMapping - 1 request handler methods found on class edu.ncsu.csc.itrust2.controllers.admin.AdminController: {public java.lang.String edu.ncsu.csc.itrust2.controllers.admin.AdminController.index(org.springframework.ui.Model)={[/admin/index]}}
06:58:21.521 [main] INFO  o.s.w.s.m.m.a.RequestMappingHandlerMapping - Mapped "{[/admin/index]}" onto public java.lang.String edu.ncsu.csc.itrust2.controllers.admin.AdminController.index(org.springframework.ui.Model)
06:58:21.522 [main] DEBUG o.s.w.s.m.m.a.RequestMappingHandlerMapping - 5 request handler methods found on class edu.ncsu.csc.itrust2.controllers.admin.AdminUserController: {public java.lang.String edu.ncsu.csc.itrust2.controllers.admin.AdminUserController.deleteUser(org.springframework.ui.Model)={[/admin/deleteUser]}, public java.lang.String edu.ncsu.csc.itrust2.controllers.admin.AdminUserController.deleteUserSubmit(edu.ncsu.csc.itrust2.forms.admin.DeleteUserForm,org.springframework.validation.BindingResult,org.springframework.ui.Model)={[/admin/deleteUser],methods=[POST]}, public java.lang.String edu.ncsu.csc.itrust2.controllers.admin.AdminUserController.addUserSubmit(edu.ncsu.csc.itrust2.forms.admin.UserForm,org.springframework.validation.BindingResult,org.springframework.ui.Model)={[/admin/addUser],methods=[POST]}, public java.lang.String edu.ncsu.csc.itrust2.controllers.admin.AdminUserController.drugs(org.springframework.ui.Model)={[/admin/drugs]}, public java.lang.String edu.ncsu.csc.itrust2.controllers.admin.AdminUserController.addUser(org.springframework.ui.Model)={[/admin/addUser]}}
06:58:21.522 [main] INFO  o.s.w.s.m.m.a.RequestMappingHandlerMapping - Mapped "{[/admin/deleteUser]}" onto public java.lang.String edu.ncsu.csc.itrust2.controllers.admin.AdminUserController.deleteUser(org.springframework.ui.Model)
06:58:21.522 [main] INFO  o.s.w.s.m.m.a.RequestMappingHandlerMapping - Mapped "{[/admin/deleteUser],methods=[POST]}" onto public java.lang.String edu.ncsu.csc.itrust2.controllers.admin.AdminUserController.deleteUserSubmit(edu.ncsu.csc.itrust2.forms.admin.DeleteUserForm,org.springframework.validation.BindingResult,org.springframework.ui.Model)
06:58:21.522 [main] INFO  o.s.w.s.m.m.a.RequestMappingHandlerMapping - Mapped "{[/admin/addUser],methods=[POST]}" onto public java.lang.String edu.ncsu.csc.itrust2.controllers.admin.AdminUserController.addUserSubmit(edu.ncsu.csc.itrust2.forms.admin.UserForm,org.springframework.validation.BindingResult,org.springframework.ui.Model)
06:58:21.522 [main] INFO  o.s.w.s.m.m.a.RequestMappingHandlerMapping - Mapped "{[/admin/drugs]}" onto public java.lang.String edu.ncsu.csc.itrust2.controllers.admin.AdminUserController.drugs(org.springframework.ui.Model)
06:58:21.522 [main] INFO  o.s.w.s.m.m.a.RequestMappingHandlerMapping - Mapped "{[/admin/addUser]}" onto public java.lang.String edu.ncsu.csc.itrust2.controllers.admin.AdminUserController.addUser(org.springframework.ui.Model)
06:58:21.523 [main] DEBUG o.s.w.s.m.m.a.RequestMappingHandlerMapping - 4 request handler methods found on class edu.ncsu.csc.itrust2.controllers.admin.HospitalController: {public java.lang.String edu.ncsu.csc.itrust2.controllers.admin.HospitalController.addHospitalSubmit(edu.ncsu.csc.itrust2.forms.admin.HospitalForm,org.springframework.validation.BindingResult,org.springframework.ui.Model)={[/admin/addHospital],methods=[POST]}, public java.lang.String edu.ncsu.csc.itrust2.controllers.admin.HospitalController.deleteHospital(org.springframework.ui.Model)={[/admin/deleteHospital]}, public java.lang.String edu.ncsu.csc.itrust2.controllers.admin.HospitalController.deleteHospitalSubmit(edu.ncsu.csc.itrust2.forms.admin.DeleteHospitalForm,org.springframework.validation.BindingResult,org.springframework.ui.Model)={[/admin/deleteHospital],methods=[POST]}, public java.lang.String edu.ncsu.csc.itrust2.controllers.admin.HospitalController.addHospital(org.springframework.ui.Model)={[/admin/addHospital]}}
06:58:21.523 [main] INFO  o.s.w.s.m.m.a.RequestMappingHandlerMapping - Mapped "{[/admin/addHospital],methods=[POST]}" onto public java.lang.String edu.ncsu.csc.itrust2.controllers.admin.HospitalController.addHospitalSubmit(edu.ncsu.csc.itrust2.forms.admin.HospitalForm,org.springframework.validation.BindingResult,org.springframework.ui.Model)
06:58:21.523 [main] INFO  o.s.w.s.m.m.a.RequestMappingHandlerMapping - Mapped "{[/admin/deleteHospital]}" onto public java.lang.String edu.ncsu.csc.itrust2.controllers.admin.HospitalController.deleteHospital(org.springframework.ui.Model)
06:58:21.523 [main] INFO  o.s.w.s.m.m.a.RequestMappingHandlerMapping - Mapped "{[/admin/deleteHospital],methods=[POST]}" onto public java.lang.String edu.ncsu.csc.itrust2.controllers.admin.HospitalController.deleteHospitalSubmit(edu.ncsu.csc.itrust2.forms.admin.DeleteHospitalForm,org.springframework.validation.BindingResult,org.springframework.ui.Model)
06:58:21.523 [main] INFO  o.s.w.s.m.m.a.RequestMappingHandlerMapping - Mapped "{[/admin/addHospital]}" onto public java.lang.String edu.ncsu.csc.itrust2.controllers.admin.HospitalController.addHospital(org.springframework.ui.Model)
06:58:21.523 [main] DEBUG o.s.w.s.m.m.a.RequestMappingHandlerMapping - 1 request handler methods found on class edu.ncsu.csc.itrust2.controllers.admin.ICDCodesController: {public java.lang.String edu.ncsu.csc.itrust2.controllers.admin.ICDCodesController.addCode(org.springframework.ui.Model)={[/admin/manageICDCodes]}}
06:58:21.523 [main] INFO  o.s.w.s.m.m.a.RequestMappingHandlerMapping - Mapped "{[/admin/manageICDCodes]}" onto public java.lang.String edu.ncsu.csc.itrust2.controllers.admin.ICDCodesController.addCode(org.springframework.ui.Model)
06:58:21.524 [main] DEBUG o.s.w.s.m.m.a.RequestMappingHandlerMapping - 6 request handler methods found on class edu.ncsu.csc.itrust2.controllers.api.APIAppointmentRequestController: {public org.springframework.http.ResponseEntity edu.ncsu.csc.itrust2.controllers.api.APIAppointmentRequestController.deleteAppointmentRequest(java.lang.Long)={[/api/v1//appointmentrequests/{id}],methods=[DELETE]}, public org.springframework.http.ResponseEntity edu.ncsu.csc.itrust2.controllers.api.APIAppointmentRequestController.updateAppointmentRequest(java.lang.Long,edu.ncsu.csc.itrust2.forms.patient.AppointmentRequestForm)={[/api/v1//appointmentrequests/{id}],methods=[PUT]}, public org.springframework.http.ResponseEntity edu.ncsu.csc.itrust2.controllers.api.APIAppointmentRequestController.deleteAppointmentRequests()={[/api/v1//appointmentrequests],methods=[DELETE]}, public org.springframework.http.ResponseEntity edu.ncsu.csc.itrust2.controllers.api.APIAppointmentRequestController.getAppointmentRequest(java.lang.Long)={[/api/v1//appointmentrequests/{id}],methods=[GET]}, public org.springframework.http.ResponseEntity edu.ncsu.csc.itrust2.controllers.api.APIAppointmentRequestController.createAppointmentRequest(edu.ncsu.csc.itrust2.forms.patient.AppointmentRequestForm)={[/api/v1//appointmentrequests],methods=[POST]}, public java.util.List edu.ncsu.csc.itrust2.controllers.api.APIAppointmentRequestController.getAppointmentRequests()={[/api/v1//appointmentrequests],methods=[GET]}}
06:58:21.524 [main] INFO  o.s.w.s.m.m.a.RequestMappingHandlerMapping - Mapped "{[/api/v1//appointmentrequests/{id}],methods=[DELETE]}" onto public org.springframework.http.ResponseEntity edu.ncsu.csc.itrust2.controllers.api.APIAppointmentRequestController.deleteAppointmentRequest(java.lang.Long)
06:58:21.524 [main] INFO  o.s.w.s.m.m.a.RequestMappingHandlerMapping - Mapped "{[/api/v1//appointmentrequests/{id}],methods=[PUT]}" onto public org.springframework.http.ResponseEntity edu.ncsu.csc.itrust2.controllers.api.APIAppointmentRequestController.updateAppointmentRequest(java.lang.Long,edu.ncsu.csc.itrust2.forms.patient.AppointmentRequestForm)
06:58:21.525 [main] INFO  o.s.w.s.m.m.a.RequestMappingHandlerMapping - Mapped "{[/api/v1//appointmentrequests],methods=[DELETE]}" onto public org.springframework.http.ResponseEntity edu.ncsu.csc.itrust2.controllers.api.APIAppointmentRequestController.deleteAppointmentRequests()
06:58:21.525 [main] INFO  o.s.w.s.m.m.a.RequestMappingHandlerMapping - Mapped "{[/api/v1//appointmentrequests/{id}],methods=[GET]}" onto public org.springframework.http.ResponseEntity edu.ncsu.csc.itrust2.controllers.api.APIAppointmentRequestController.getAppointmentRequest(java.lang.Long)
06:58:21.525 [main] INFO  o.s.w.s.m.m.a.RequestMappingHandlerMapping - Mapped "{[/api/v1//appointmentrequests],methods=[POST]}" onto public org.springframework.http.ResponseEntity edu.ncsu.csc.itrust2.controllers.api.APIAppointmentRequestController.createAppointmentRequest(edu.ncsu.csc.itrust2.forms.patient.AppointmentRequestForm)
06:58:21.525 [main] INFO  o.s.w.s.m.m.a.RequestMappingHandlerMapping - Mapped "{[/api/v1//appointmentrequests],methods=[GET]}" onto public java.util.List<edu.ncsu.csc.itrust2.models.persistent.AppointmentRequest> edu.ncsu.csc.itrust2.controllers.api.APIAppointmentRequestController.getAppointmentRequests()
06:58:21.525 [main] DEBUG o.s.w.s.m.m.a.RequestMappingHandlerMapping - 3 request handler methods found on class edu.ncsu.csc.itrust2.controllers.api.APIDiagnosisController: {public org.springframework.http.ResponseEntity edu.ncsu.csc.itrust2.controllers.api.APIDiagnosisController.getDiagnosis(java.lang.Long)={[/api/v1//diagnosis/{id}],methods=[GET]}, public java.util.List edu.ncsu.csc.itrust2.controllers.api.APIDiagnosisController.getDiagnosis()={[/api/v1//diagnoses],methods=[GET]}, public java.util.List edu.ncsu.csc.itrust2.controllers.api.APIDiagnosisController.getDiagnosesForVisit(java.lang.Long)={[/api/v1//diagnosesforvisit/{id}],methods=[GET]}}
06:58:21.525 [main] INFO  o.s.w.s.m.m.a.RequestMappingHandlerMapping - Mapped "{[/api/v1//diagnosis/{id}],methods=[GET]}" onto public org.springframework.http.ResponseEntity edu.ncsu.csc.itrust2.controllers.api.APIDiagnosisController.getDiagnosis(java.lang.Long)
06:58:21.526 [main] INFO  o.s.w.s.m.m.a.RequestMappingHandlerMapping - Mapped "{[/api/v1//diagnoses],methods=[GET]}" onto public java.util.List<edu.ncsu.csc.itrust2.models.persistent.Diagnosis> edu.ncsu.csc.itrust2.controllers.api.APIDiagnosisController.getDiagnosis()
06:58:21.526 [main] INFO  o.s.w.s.m.m.a.RequestMappingHandlerMapping - Mapped "{[/api/v1//diagnosesforvisit/{id}],methods=[GET]}" onto public java.util.List<edu.ncsu.csc.itrust2.models.persistent.Diagnosis> edu.ncsu.csc.itrust2.controllers.api.APIDiagnosisController.getDiagnosesForVisit(java.lang.Long)
06:58:21.526 [main] DEBUG o.s.w.s.m.m.a.RequestMappingHandlerMapping - 4 request handler methods found on class edu.ncsu.csc.itrust2.controllers.api.APIDrugController: {public org.springframework.http.ResponseEntity edu.ncsu.csc.itrust2.controllers.api.APIDrugController.addDrug(edu.ncsu.csc.itrust2.forms.admin.DrugForm)={[/api/v1//drugs],methods=[POST]}, public org.springframework.http.ResponseEntity edu.ncsu.csc.itrust2.controllers.api.APIDrugController.editDrug(edu.ncsu.csc.itrust2.forms.admin.DrugForm)={[/api/v1//drugs],methods=[PUT]}, public org.springframework.http.ResponseEntity edu.ncsu.csc.itrust2.controllers.api.APIDrugController.deleteDrug(java.lang.String)={[/api/v1//drugs/{id}],methods=[DELETE]}, public java.util.List edu.ncsu.csc.itrust2.controllers.api.APIDrugController.getDrugs()={[/api/v1//drugs],methods=[GET]}}
06:58:21.527 [main] INFO  o.s.w.s.m.m.a.RequestMappingHandlerMapping - Mapped "{[/api/v1//drugs],methods=[POST]}" onto public org.springframework.http.ResponseEntity edu.ncsu.csc.itrust2.controllers.api.APIDrugController.addDrug(edu.ncsu.csc.itrust2.forms.admin.DrugForm)
06:58:21.527 [main] INFO  o.s.w.s.m.m.a.RequestMappingHandlerMapping - Mapped "{[/api/v1//drugs],methods=[PUT]}" onto public org.springframework.http.ResponseEntity edu.ncsu.csc.itrust2.controllers.api.APIDrugController.editDrug(edu.ncsu.csc.itrust2.forms.admin.DrugForm)
06:58:21.527 [main] INFO  o.s.w.s.m.m.a.RequestMappingHandlerMapping - Mapped "{[/api/v1//drugs/{id}],methods=[DELETE]}" onto public org.springframework.http.ResponseEntity edu.ncsu.csc.itrust2.controllers.api.APIDrugController.deleteDrug(java.lang.String)
06:58:21.527 [main] INFO  o.s.w.s.m.m.a.RequestMappingHandlerMapping - Mapped "{[/api/v1//drugs],methods=[GET]}" onto public java.util.List<edu.ncsu.csc.itrust2.models.persistent.Drug> edu.ncsu.csc.itrust2.controllers.api.APIDrugController.getDrugs()
06:58:21.528 [main] DEBUG o.s.w.s.m.m.a.RequestMappingHandlerMapping - 7 request handler methods found on class edu.ncsu.csc.itrust2.controllers.api.APIEnumController: {public java.util.List edu.ncsu.csc.itrust2.controllers.api.APIEnumController.getEthnicity()={[/api/v1//ethnicity],methods=[GET]}, public java.util.List edu.ncsu.csc.itrust2.controllers.api.APIEnumController.getBloodTypes()={[/api/v1//bloodtype],methods=[GET]}, public java.util.List edu.ncsu.csc.itrust2.controllers.api.APIEnumController.getGenders()={[/api/v1/new val],methods=[GET]}, public java.util.List edu.ncsu.csc.itrust2.controllers.api.APIEnumController.getAppointmentTypes()={[/api/v1/new val],methods=[GET]}, public java.util.List edu.ncsu.csc.itrust2.controllers.api.APIEnumController.getStates()={[/api/v1//state],methods=[GET]}, public java.util.List edu.ncsu.csc.itrust2.controllers.api.APIEnumController.getHouseSmokingStatuses()={[/api/v1/new val],methods=[GET]}, public java.util.List edu.ncsu.csc.itrust2.controllers.api.APIEnumController.getPatientSmokingStatuses()={[/api/v1/new val],methods=[GET]}}
06:58:21.528 [main] INFO  o.s.w.s.m.m.a.RequestMappingHandlerMapping - Mapped "{[/api/v1//ethnicity],methods=[GET]}" onto public java.util.List<java.util.Map<java.lang.String, java.lang.Object>> edu.ncsu.csc.itrust2.controllers.api.APIEnumController.getEthnicity()
06:58:21.528 [main] INFO  o.s.w.s.m.m.a.RequestMappingHandlerMapping - Mapped "{[/api/v1//bloodtype],methods=[GET]}" onto public java.util.List<java.util.Map<java.lang.String, java.lang.Object>> edu.ncsu.csc.itrust2.controllers.api.APIEnumController.getBloodTypes()
06:58:21.528 [main] INFO  o.s.w.s.m.m.a.RequestMappingHandlerMapping - Mapped "{[/api/v1/new val],methods=[GET]}" onto public java.util.List<java.util.Map<java.lang.String, java.lang.Object>> edu.ncsu.csc.itrust2.controllers.api.APIEnumController.getGenders()
06:58:21.529 [main] WARN  o.s.w.c.s.GenericWebApplicationContext - Exception encountered during context initialization - cancelling refresh attempt: org.springframework.beans.factory.BeanCreationException: Error creating bean with name 'requestMappingHandlerMapping' defined in org.springframework.web.servlet.config.annotation.DelegatingWebMvcConfiguration: Invocation of init method failed; nested exception is java.lang.IllegalStateException: Ambiguous mapping. Cannot map 'APIEnumController' method 
public java.util.List<edu.ncsu.csc.itrust2.models.enums.AppointmentType> edu.ncsu.csc.itrust2.controllers.api.APIEnumController.getAppointmentTypes()
to {[/api/v1/new val],methods=[GET]}: There is already 'APIEnumController' bean method
public java.util.List<java.util.Map<java.lang.String, java.lang.Object>> edu.ncsu.csc.itrust2.controllers.api.APIEnumController.getGenders() mapped.
06:58:21.529 [main] DEBUG o.s.b.f.s.DefaultListableBeanFactory - Destroying singletons in org.springframework.beans.factory.support.DefaultListableBeanFactory@6a18fe0b: defining beans [org.springframework.context.annotation.internalConfigurationAnnotationProcessor,org.springframework.context.annotation.internalAutowiredAnnotationProcessor,org.springframework.context.annotation.internalRequiredAnnotationProcessor,org.springframework.context.annotation.internalCommonAnnotationProcessor,org.springframework.context.annotation.internalPersistenceAnnotationProcessor,org.springframework.context.event.internalEventListenerProcessor,org.springframework.context.event.internalEventListenerFactory,rootConfiguration,webMvcConfiguration,dataConfiguration,loginAuditingListener,securityConfig,defaultController,adminController,adminUserController,hospitalController,ICDCodesController,APIAppointmentRequestController,APIDiagnosisController,APIDrugController,APIEnumController,APIHospitalController,APIICDCodeController,APILogEntryController,APIOfficeVisitController,APIPasswordController,APIPatientController,APIPersonnelController,APIPrescriptionController,APIUserController,appointmentControllerHCP,HCPController,officeVisitController,appointmentController,diagnosesController,patientController,passwordController,userController,dataSource,org.springframework.security.config.annotation.configuration.ObjectPostProcessorConfiguration,objectPostProcessor,org.springframework.security.config.annotation.authentication.configuration.AuthenticationConfiguration,authenticationManagerBuilder,enableGlobalAuthenticationAutowiredConfigurer,initializeUserDetailsBeanManagerConfigurer,initializeAuthenticationProviderBeanManagerConfigurer,org.springframework.security.config.annotation.web.configuration.WebSecurityConfiguration,delegatingApplicationListener,webSecurityExpressionHandler,springSecurityFilterChain,privilegeEvaluator,autowiredWebSecurityConfigurersIgnoreParents,org.springframework.security.config.annotation.web.configuration.WebMvcSecurityConfiguration,requestDataValueProcessor,passwordEncoder,defaultAuthenticationEventPublisher,failureHandler,ipBlockFilter,org.springframework.web.servlet.config.annotation.DelegatingWebMvcConfiguration,mvcConversionService,requestMappingHandlerMapping,mvcPathMatcher,mvcUrlPathHelper,mvcContentNegotiationManager,viewControllerHandlerMapping,beanNameHandlerMapping,resourceHandlerMapping,mvcResourceUrlProvider,defaultServletHandlerMapping,requestMappingHandlerAdapter,mvcValidator,mvcUriComponentsContributor,httpRequestHandlerAdapter,simpleControllerHandlerAdapter,handlerExceptionResolver,mvcViewResolver,org.springframework.security.config.annotation.method.configuration.GlobalMethodSecurityConfiguration,methodSecurityInterceptor,methodSecurityMetadataSource,preInvocationAuthorizationAdvice,viewResolver,templateEngine,domainClassConverter,metaDataSourceAdvisor,org.springframework.aop.config.internalAutoProxyCreator]; root of factory hierarchy
06:58:21.529 [main] DEBUG o.s.b.f.s.DefaultListableBeanFactory - Retrieved dependent beans for bean 'springSecurityFilterChain': [webSecurityExpressionHandler, privilegeEvaluator]
06:58:21.529 [main] DEBUG o.s.b.f.s.DisposableBeanAdapter - Invoking destroy() on bean with name 'springSecurityFilterChain'
06:58:21.529 [main] DEBUG o.s.b.f.s.DisposableBeanAdapter - Invoking destroy() on bean with name 'ipBlockFilter'
06:58:21.529 [main] DEBUG o.s.b.f.s.DefaultListableBeanFactory - Retrieved dependent beans for bean 'objectPostProcessor': [org.springframework.security.config.annotation.method.configuration.GlobalMethodSecurityConfiguration, org.springframework.security.config.annotation.authentication.configuration.AuthenticationConfiguration, securityConfig, authenticationManagerBuilder, org.springframework.security.config.annotation.web.configuration.WebSecurityConfiguration]
06:58:21.529 [main] DEBUG o.s.b.f.s.DefaultListableBeanFactory - Retrieved dependent beans for bean 'org.springframework.security.config.annotation.authentication.configuration.AuthenticationConfiguration': [securityConfig]
06:58:21.529 [main] DEBUG o.s.b.f.s.DisposableBeanAdapter - Invoking destroy() on bean with name 'objectPostProcessor'
06:58:21.530 [main] ERROR o.s.test.context.TestContextManager - Caught exception while allowing TestExecutionListener [org.springframework.test.context.web.ServletTestExecutionListener@346c1872] to prepare test instance [edu.ncsu.csc.itrust2.apitest.APIPatientTest@41dfa543]
java.lang.IllegalStateException: Failed to load ApplicationContext
	at org.springframework.test.context.cache.DefaultCacheAwareContextLoaderDelegate.loadContext(DefaultCacheAwareContextLoaderDelegate.java:124) ~[spring-test-4.3.5.RELEASE.jar:4.3.5.RELEASE]
	at org.springframework.test.context.support.DefaultTestContext.getApplicationContext(DefaultTestContext.java:83) ~[spring-test-4.3.5.RELEASE.jar:4.3.5.RELEASE]
	at org.springframework.test.context.web.ServletTestExecutionListener.setUpRequestContextIfNecessary(ServletTestExecutionListener.java:189) ~[spring-test-4.3.5.RELEASE.jar:4.3.5.RELEASE]
	at org.springframework.test.context.web.ServletTestExecutionListener.prepareTestInstance(ServletTestExecutionListener.java:131) ~[spring-test-4.3.5.RELEASE.jar:4.3.5.RELEASE]
	at org.springframework.test.context.TestContextManager.prepareTestInstance(TestContextManager.java:230) ~[spring-test-4.3.5.RELEASE.jar:4.3.5.RELEASE]
	at org.springframework.test.context.junit4.SpringJUnit4ClassRunner.createTest(SpringJUnit4ClassRunner.java:228) [spring-test-4.3.5.RELEASE.jar:4.3.5.RELEASE]
	at org.springframework.test.context.junit4.SpringJUnit4ClassRunner$1.runReflectiveCall(SpringJUnit4ClassRunner.java:287) [spring-test-4.3.5.RELEASE.jar:4.3.5.RELEASE]
	at org.junit.internal.runners.model.ReflectiveCallable.run(ReflectiveCallable.java:12) [junit-4.12.jar:4.12]
	at org.springframework.test.context.junit4.SpringJUnit4ClassRunner.methodBlock(SpringJUnit4ClassRunner.java:289) [spring-test-4.3.5.RELEASE.jar:4.3.5.RELEASE]
	at org.springframework.test.context.junit4.SpringJUnit4ClassRunner.runChild(SpringJUnit4ClassRunner.java:247) [spring-test-4.3.5.RELEASE.jar:4.3.5.RELEASE]
	at org.springframework.test.context.junit4.SpringJUnit4ClassRunner.runChild(SpringJUnit4ClassRunner.java:94) [spring-test-4.3.5.RELEASE.jar:4.3.5.RELEASE]
	at org.junit.runners.ParentRunner$3.run(ParentRunner.java:290) [junit-4.12.jar:4.12]
	at org.junit.runners.ParentRunner$1.schedule(ParentRunner.java:71) [junit-4.12.jar:4.12]
	at org.junit.runners.ParentRunner.runChildren(ParentRunner.java:288) [junit-4.12.jar:4.12]
	at org.junit.runners.ParentRunner.access$000(ParentRunner.java:58) [junit-4.12.jar:4.12]
	at org.junit.runners.ParentRunner$2.evaluate(ParentRunner.java:268) [junit-4.12.jar:4.12]
	at org.springframework.test.context.junit4.statements.RunBeforeTestClassCallbacks.evaluate(RunBeforeTestClassCallbacks.java:61) [spring-test-4.3.5.RELEASE.jar:4.3.5.RELEASE]
	at org.springframework.test.context.junit4.statements.RunAfterTestClassCallbacks.evaluate(RunAfterTestClassCallbacks.java:70) [spring-test-4.3.5.RELEASE.jar:4.3.5.RELEASE]
	at org.junit.runners.ParentRunner.run(ParentRunner.java:363) [junit-4.12.jar:4.12]
	at org.springframework.test.context.junit4.SpringJUnit4ClassRunner.run(SpringJUnit4ClassRunner.java:191) [spring-test-4.3.5.RELEASE.jar:4.3.5.RELEASE]
	at org.apache.maven.surefire.junit4.JUnit4Provider.execute(JUnit4Provider.java:365) [surefire-junit4-2.20.jar:2.20]
	at org.apache.maven.surefire.junit4.JUnit4Provider.executeWithRerun(JUnit4Provider.java:272) [surefire-junit4-2.20.jar:2.20]
	at org.apache.maven.surefire.junit4.JUnit4Provider.executeTestSet(JUnit4Provider.java:236) [surefire-junit4-2.20.jar:2.20]
	at org.apache.maven.surefire.junit4.JUnit4Provider.invoke(JUnit4Provider.java:159) [surefire-junit4-2.20.jar:2.20]
	at org.apache.maven.surefire.booter.ForkedBooter.invokeProviderInSameClassLoader(ForkedBooter.java:386) [surefire-booter-2.20.jar:2.20]
	at org.apache.maven.surefire.booter.ForkedBooter.runSuitesInProcess(ForkedBooter.java:323) [surefire-booter-2.20.jar:2.20]
	at org.apache.maven.surefire.booter.ForkedBooter.main(ForkedBooter.java:143) [surefire-booter-2.20.jar:2.20]
Caused by: org.springframework.beans.factory.BeanCreationException: Error creating bean with name 'requestMappingHandlerMapping' defined in org.springframework.web.servlet.config.annotation.DelegatingWebMvcConfiguration: Invocation of init method failed; nested exception is java.lang.IllegalStateException: Ambiguous mapping. Cannot map 'APIEnumController' method 
public java.util.List<edu.ncsu.csc.itrust2.models.enums.AppointmentType> edu.ncsu.csc.itrust2.controllers.api.APIEnumController.getAppointmentTypes()
to {[/api/v1/new val],methods=[GET]}: There is already 'APIEnumController' bean method
public java.util.List<java.util.Map<java.lang.String, java.lang.Object>> edu.ncsu.csc.itrust2.controllers.api.APIEnumController.getGenders() mapped.
	at org.springframework.beans.factory.support.AbstractAutowireCapableBeanFactory.initializeBean(AbstractAutowireCapableBeanFactory.java:1589) ~[spring-beans-4.3.5.RELEASE.jar:4.3.5.RELEASE]
	at org.springframework.beans.factory.support.AbstractAutowireCapableBeanFactory.doCreateBean(AbstractAutowireCapableBeanFactory.java:554) ~[spring-beans-4.3.5.RELEASE.jar:4.3.5.RELEASE]
	at org.springframework.beans.factory.support.AbstractAutowireCapableBeanFactory.createBean(AbstractAutowireCapableBeanFactory.java:483) ~[spring-beans-4.3.5.RELEASE.jar:4.3.5.RELEASE]
	at org.springframework.beans.factory.support.AbstractBeanFactory$1.getObject(AbstractBeanFactory.java:306) ~[spring-beans-4.3.5.RELEASE.jar:4.3.5.RELEASE]
	at org.springframework.beans.factory.support.DefaultSingletonBeanRegistry.getSingleton(DefaultSingletonBeanRegistry.java:230) ~[spring-beans-4.3.5.RELEASE.jar:4.3.5.RELEASE]
	at org.springframework.beans.factory.support.AbstractBeanFactory.doGetBean(AbstractBeanFactory.java:302) ~[spring-beans-4.3.5.RELEASE.jar:4.3.5.RELEASE]
	at org.springframework.beans.factory.support.AbstractBeanFactory.getBean(AbstractBeanFactory.java:197) ~[spring-beans-4.3.5.RELEASE.jar:4.3.5.RELEASE]
	at org.springframework.beans.factory.support.DefaultListableBeanFactory.preInstantiateSingletons(DefaultListableBeanFactory.java:759) ~[spring-beans-4.3.5.RELEASE.jar:4.3.5.RELEASE]
	at org.springframework.context.support.AbstractApplicationContext.finishBeanFactoryInitialization(AbstractApplicationContext.java:866) ~[spring-context-4.3.5.RELEASE.jar:4.3.5.RELEASE]
	at org.springframework.context.support.AbstractApplicationContext.refresh(AbstractApplicationContext.java:542) ~[spring-context-4.3.5.RELEASE.jar:4.3.5.RELEASE]
	at org.springframework.test.context.web.AbstractGenericWebContextLoader.loadContext(AbstractGenericWebContextLoader.java:134) ~[spring-test-4.3.5.RELEASE.jar:4.3.5.RELEASE]
	at org.springframework.test.context.web.AbstractGenericWebContextLoader.loadContext(AbstractGenericWebContextLoader.java:61) ~[spring-test-4.3.5.RELEASE.jar:4.3.5.RELEASE]
	at org.springframework.test.context.support.AbstractDelegatingSmartContextLoader.delegateLoading(AbstractDelegatingSmartContextLoader.java:108) ~[spring-test-4.3.5.RELEASE.jar:4.3.5.RELEASE]
	at org.springframework.test.context.support.AbstractDelegatingSmartContextLoader.loadContext(AbstractDelegatingSmartContextLoader.java:251) ~[spring-test-4.3.5.RELEASE.jar:4.3.5.RELEASE]
	at org.springframework.test.context.cache.DefaultCacheAwareContextLoaderDelegate.loadContextInternal(DefaultCacheAwareContextLoaderDelegate.java:98) ~[spring-test-4.3.5.RELEASE.jar:4.3.5.RELEASE]
	at org.springframework.test.context.cache.DefaultCacheAwareContextLoaderDelegate.loadContext(DefaultCacheAwareContextLoaderDelegate.java:116) ~[spring-test-4.3.5.RELEASE.jar:4.3.5.RELEASE]
	... 26 common frames omitted
Caused by: java.lang.IllegalStateException: Ambiguous mapping. Cannot map 'APIEnumController' method 
public java.util.List<edu.ncsu.csc.itrust2.models.enums.AppointmentType> edu.ncsu.csc.itrust2.controllers.api.APIEnumController.getAppointmentTypes()
to {[/api/v1/new val],methods=[GET]}: There is already 'APIEnumController' bean method
public java.util.List<java.util.Map<java.lang.String, java.lang.Object>> edu.ncsu.csc.itrust2.controllers.api.APIEnumController.getGenders() mapped.
	at org.springframework.web.servlet.handler.AbstractHandlerMethodMapping$MappingRegistry.assertUniqueMethodMapping(AbstractHandlerMethodMapping.java:576) ~[spring-webmvc-4.3.5.RELEASE.jar:4.3.5.RELEASE]
	at org.springframework.web.servlet.handler.AbstractHandlerMethodMapping$MappingRegistry.register(AbstractHandlerMethodMapping.java:540) ~[spring-webmvc-4.3.5.RELEASE.jar:4.3.5.RELEASE]
	at org.springframework.web.servlet.handler.AbstractHandlerMethodMapping.registerHandlerMethod(AbstractHandlerMethodMapping.java:264) ~[spring-webmvc-4.3.5.RELEASE.jar:4.3.5.RELEASE]
	at org.springframework.web.servlet.handler.AbstractHandlerMethodMapping.detectHandlerMethods(AbstractHandlerMethodMapping.java:250) ~[spring-webmvc-4.3.5.RELEASE.jar:4.3.5.RELEASE]
	at org.springframework.web.servlet.handler.AbstractHandlerMethodMapping.initHandlerMethods(AbstractHandlerMethodMapping.java:214) ~[spring-webmvc-4.3.5.RELEASE.jar:4.3.5.RELEASE]
	at org.springframework.web.servlet.handler.AbstractHandlerMethodMapping.afterPropertiesSet(AbstractHandlerMethodMapping.java:184) ~[spring-webmvc-4.3.5.RELEASE.jar:4.3.5.RELEASE]
	at org.springframework.web.servlet.mvc.method.annotation.RequestMappingHandlerMapping.afterPropertiesSet(RequestMappingHandlerMapping.java:127) ~[spring-webmvc-4.3.5.RELEASE.jar:4.3.5.RELEASE]
	at org.springframework.beans.factory.support.AbstractAutowireCapableBeanFactory.invokeInitMethods(AbstractAutowireCapableBeanFactory.java:1648) ~[spring-beans-4.3.5.RELEASE.jar:4.3.5.RELEASE]
	at org.springframework.beans.factory.support.AbstractAutowireCapableBeanFactory.initializeBean(AbstractAutowireCapableBeanFactory.java:1585) ~[spring-beans-4.3.5.RELEASE.jar:4.3.5.RELEASE]
	... 41 common frames omitted
]]></system-out>
  </testcase>
  <testcase name="testPatientUnauthenticated" classname="edu.ncsu.csc.itrust2.apitest.APIPatientTest" time="0">
    <error message="Failed to load ApplicationContext" type="java.lang.IllegalStateException"><![CDATA[java.lang.IllegalStateException: Failed to load ApplicationContext
Caused by: org.springframework.beans.factory.BeanCreationException: 
Error creating bean with name 'requestMappingHandlerMapping' defined in org.springframework.web.servlet.config.annotation.DelegatingWebMvcConfiguration: Invocation of init method failed; nested exception is java.lang.IllegalStateException: Ambiguous mapping. Cannot map 'APIEnumController' method 
public java.util.List<edu.ncsu.csc.itrust2.models.enums.AppointmentType> edu.ncsu.csc.itrust2.controllers.api.APIEnumController.getAppointmentTypes()
to {[/api/v1/new val],methods=[GET]}: There is already 'APIEnumController' bean method
public java.util.List<java.util.Map<java.lang.String, java.lang.Object>> edu.ncsu.csc.itrust2.controllers.api.APIEnumController.getGenders() mapped.
Caused by: java.lang.IllegalStateException: 
Ambiguous mapping. Cannot map 'APIEnumController' method 
public java.util.List<edu.ncsu.csc.itrust2.models.enums.AppointmentType> edu.ncsu.csc.itrust2.controllers.api.APIEnumController.getAppointmentTypes()
to {[/api/v1/new val],methods=[GET]}: There is already 'APIEnumController' bean method
public java.util.List<java.util.Map<java.lang.String, java.lang.Object>> edu.ncsu.csc.itrust2.controllers.api.APIEnumController.getGenders() mapped.
]]></error>
    <system-out><![CDATA[06:58:21.531 [main] DEBUG o.s.t.annotation.ProfileValueUtils - Retrieved @ProfileValueSourceConfiguration [null] for test class [edu.ncsu.csc.itrust2.apitest.APIPatientTest]
06:58:21.531 [main] DEBUG o.s.t.annotation.ProfileValueUtils - Retrieved ProfileValueSource type [class org.springframework.test.annotation.SystemProfileValueSource] for class [edu.ncsu.csc.itrust2.apitest.APIPatientTest]
06:58:21.531 [main] DEBUG o.s.t.c.s.AbstractDelegatingSmartContextLoader - Delegating to AnnotationConfigWebContextLoader to load context from [WebMergedContextConfiguration@69b9ac46 testClass = APIPatientTest, locations = '{}', classes = '{class edu.ncsu.csc.itrust2.config.RootConfiguration, class edu.ncsu.csc.itrust2.mvc.config.WebMvcConfiguration}', contextInitializerClasses = '[]', activeProfiles = '{}', propertySourceLocations = '{}', propertySourceProperties = '{}', contextCustomizers = set[[empty]], resourceBasePath = 'src/main/webapp', contextLoader = 'org.springframework.test.context.web.WebDelegatingSmartContextLoader', parent = [null]].
06:58:21.531 [main] DEBUG o.s.t.c.w.AbstractGenericWebContextLoader - Loading WebApplicationContext for merged context configuration [WebMergedContextConfiguration@69b9ac46 testClass = APIPatientTest, locations = '{}', classes = '{class edu.ncsu.csc.itrust2.config.RootConfiguration, class edu.ncsu.csc.itrust2.mvc.config.WebMvcConfiguration}', contextInitializerClasses = '[]', activeProfiles = '{}', propertySourceLocations = '{}', propertySourceProperties = '{}', contextCustomizers = set[[empty]], resourceBasePath = 'src/main/webapp', contextLoader = 'org.springframework.test.context.web.WebDelegatingSmartContextLoader', parent = [null]].
06:58:21.531 [main] DEBUG o.s.w.c.s.StandardServletEnvironment - Adding [servletConfigInitParams] PropertySource with lowest search precedence
06:58:21.531 [main] DEBUG o.s.w.c.s.StandardServletEnvironment - Adding [servletContextInitParams] PropertySource with lowest search precedence
06:58:21.531 [main] DEBUG o.s.w.c.s.StandardServletEnvironment - Adding [systemProperties] PropertySource with lowest search precedence
06:58:21.531 [main] DEBUG o.s.w.c.s.StandardServletEnvironment - Adding [systemEnvironment] PropertySource with lowest search precedence
06:58:21.531 [main] DEBUG o.s.w.c.s.StandardServletEnvironment - Initialized StandardServletEnvironment with PropertySources [servletConfigInitParams,servletContextInitParams,systemProperties,systemEnvironment]
06:58:21.531 [main] DEBUG o.s.t.c.w.AnnotationConfigWebContextLoader - Registering annotated classes: {class edu.ncsu.csc.itrust2.config.RootConfiguration, class edu.ncsu.csc.itrust2.mvc.config.WebMvcConfiguration}
06:58:21.533 [main] INFO  o.s.w.c.s.GenericWebApplicationContext - Refreshing org.springframework.web.context.support.GenericWebApplicationContext@469c39c6: startup date [Thu Mar 22 06:58:21 UTC 2018]; root of context hierarchy
06:58:21.533 [main] DEBUG o.s.w.c.s.StandardServletEnvironment - Replacing [servletContextInitParams] PropertySource with [servletContextInitParams]
06:58:21.533 [main] DEBUG o.s.w.c.s.GenericWebApplicationContext - Bean factory for org.springframework.web.context.support.GenericWebApplicationContext@469c39c6: org.springframework.beans.factory.support.DefaultListableBeanFactory@53f5bf90: defining beans [org.springframework.context.annotation.internalConfigurationAnnotationProcessor,org.springframework.context.annotation.internalAutowiredAnnotationProcessor,org.springframework.context.annotation.internalRequiredAnnotationProcessor,org.springframework.context.annotation.internalCommonAnnotationProcessor,org.springframework.context.annotation.internalPersistenceAnnotationProcessor,org.springframework.context.event.internalEventListenerProcessor,org.springframework.context.event.internalEventListenerFactory,rootConfiguration,webMvcConfiguration]; root of factory hierarchy
06:58:21.533 [main] DEBUG o.s.b.f.s.DefaultListableBeanFactory - Registering scope 'request' with implementation [org.springframework.web.context.request.RequestScope@373a0176]
06:58:21.533 [main] DEBUG o.s.b.f.s.DefaultListableBeanFactory - Registering scope 'session' with implementation [org.springframework.web.context.request.SessionScope@104f4c5e]
06:58:21.533 [main] DEBUG o.s.b.f.s.DefaultListableBeanFactory - Registering scope 'globalSession' with implementation [org.springframework.web.context.request.SessionScope@6eb868f8]
06:58:21.533 [main] DEBUG o.s.b.f.s.DefaultListableBeanFactory - Registering scope 'application' with implementation [org.springframework.web.context.support.ServletContextScope@7f9db931]
06:58:21.533 [main] DEBUG o.s.b.f.s.DefaultListableBeanFactory - Creating shared instance of singleton bean 'org.springframework.context.annotation.internalConfigurationAnnotationProcessor'
06:58:21.533 [main] DEBUG o.s.b.f.s.DefaultListableBeanFactory - Creating instance of bean 'org.springframework.context.annotation.internalConfigurationAnnotationProcessor'
06:58:21.533 [main] DEBUG o.s.b.f.s.DefaultListableBeanFactory - Eagerly caching bean 'org.springframework.context.annotation.internalConfigurationAnnotationProcessor' to allow for resolving potential circular references
06:58:21.533 [main] DEBUG o.s.b.f.s.DefaultListableBeanFactory - Finished creating instance of bean 'org.springframework.context.annotation.internalConfigurationAnnotationProcessor'
06:58:21.534 [main] DEBUG o.s.core.env.StandardEnvironment - Adding [systemProperties] PropertySource with lowest search precedence
06:58:21.534 [main] DEBUG o.s.core.env.StandardEnvironment - Adding [systemEnvironment] PropertySource with lowest search precedence
06:58:21.534 [main] DEBUG o.s.core.env.StandardEnvironment - Initialized StandardEnvironment with PropertySources [systemProperties,systemEnvironment]
06:58:21.536 [main] DEBUG o.s.c.i.s.PathMatchingResourcePatternResolver - Resolved classpath location [edu/ncsu/csc/itrust2/config/] to resources [URL [file:/var/lib/jenkins/workspace/itrust-test/iTrust2/target/classes/edu/ncsu/csc/itrust2/config/]]
06:58:21.536 [main] DEBUG o.s.c.i.s.PathMatchingResourcePatternResolver - Looking for matching resources in directory tree [/var/lib/jenkins/workspace/itrust-test/iTrust2/target/classes/edu/ncsu/csc/itrust2/config]
06:58:21.536 [main] DEBUG o.s.c.i.s.PathMatchingResourcePatternResolver - Searching directory [/var/lib/jenkins/workspace/itrust-test/iTrust2/target/classes/edu/ncsu/csc/itrust2/config] for files matching pattern [/var/lib/jenkins/workspace/itrust-test/iTrust2/target/classes/edu/ncsu/csc/itrust2/config/**/*.class]
06:58:21.536 [main] DEBUG o.s.c.i.s.PathMatchingResourcePatternResolver - Resolved location pattern [classpath*:edu/ncsu/csc/itrust2/config/**/*.class] to resources [file [/var/lib/jenkins/workspace/itrust-test/iTrust2/target/classes/edu/ncsu/csc/itrust2/config/ContextListener.class], file [/var/lib/jenkins/workspace/itrust-test/iTrust2/target/classes/edu/ncsu/csc/itrust2/config/DataConfiguration.class], file [/var/lib/jenkins/workspace/itrust-test/iTrust2/target/classes/edu/ncsu/csc/itrust2/config/FailureHandler.class], file [/var/lib/jenkins/workspace/itrust-test/iTrust2/target/classes/edu/ncsu/csc/itrust2/config/IPFilter.class], file [/var/lib/jenkins/workspace/itrust-test/iTrust2/target/classes/edu/ncsu/csc/itrust2/config/ITrust2ApplicationInitializer.class], file [/var/lib/jenkins/workspace/itrust-test/iTrust2/target/classes/edu/ncsu/csc/itrust2/config/ITrust2WebApplicationInitializer.class], file [/var/lib/jenkins/workspace/itrust-test/iTrust2/target/classes/edu/ncsu/csc/itrust2/config/LoginAuditingListener.class], file [/var/lib/jenkins/workspace/itrust-test/iTrust2/target/classes/edu/ncsu/csc/itrust2/config/RootConfiguration.class], file [/var/lib/jenkins/workspace/itrust-test/iTrust2/target/classes/edu/ncsu/csc/itrust2/config/SecurityConfig.class]]
06:58:21.537 [main] DEBUG o.s.c.a.ClassPathBeanDefinitionScanner - Identified candidate component class: file [/var/lib/jenkins/workspace/itrust-test/iTrust2/target/classes/edu/ncsu/csc/itrust2/config/DataConfiguration.class]
06:58:21.538 [main] DEBUG o.s.c.a.ClassPathBeanDefinitionScanner - Identified candidate component class: file [/var/lib/jenkins/workspace/itrust-test/iTrust2/target/classes/edu/ncsu/csc/itrust2/config/LoginAuditingListener.class]
06:58:21.538 [main] DEBUG o.s.c.a.ClassPathBeanDefinitionScanner - Identified candidate component class: file [/var/lib/jenkins/workspace/itrust-test/iTrust2/target/classes/edu/ncsu/csc/itrust2/config/SecurityConfig.class]
06:58:21.556 [main] DEBUG o.s.core.env.StandardEnvironment - Adding [systemProperties] PropertySource with lowest search precedence
06:58:21.556 [main] DEBUG o.s.core.env.StandardEnvironment - Adding [systemEnvironment] PropertySource with lowest search precedence
06:58:21.556 [main] DEBUG o.s.core.env.StandardEnvironment - Initialized StandardEnvironment with PropertySources [systemProperties,systemEnvironment]
06:58:21.558 [main] DEBUG o.s.c.i.s.PathMatchingResourcePatternResolver - Resolved classpath location [edu/ncsu/csc/itrust2/controllers/] to resources [URL [file:/var/lib/jenkins/workspace/itrust-test/iTrust2/target/classes/edu/ncsu/csc/itrust2/controllers/]]
06:58:21.558 [main] DEBUG o.s.c.i.s.PathMatchingResourcePatternResolver - Looking for matching resources in directory tree [/var/lib/jenkins/workspace/itrust-test/iTrust2/target/classes/edu/ncsu/csc/itrust2/controllers]
06:58:21.558 [main] DEBUG o.s.c.i.s.PathMatchingResourcePatternResolver - Searching directory [/var/lib/jenkins/workspace/itrust-test/iTrust2/target/classes/edu/ncsu/csc/itrust2/controllers] for files matching pattern [/var/lib/jenkins/workspace/itrust-test/iTrust2/target/classes/edu/ncsu/csc/itrust2/controllers/**/*.class]
06:58:21.558 [main] DEBUG o.s.c.i.s.PathMatchingResourcePatternResolver - Searching directory [/var/lib/jenkins/workspace/itrust-test/iTrust2/target/classes/edu/ncsu/csc/itrust2/controllers/admin] for files matching pattern [/var/lib/jenkins/workspace/itrust-test/iTrust2/target/classes/edu/ncsu/csc/itrust2/controllers/**/*.class]
06:58:21.558 [main] DEBUG o.s.c.i.s.PathMatchingResourcePatternResolver - Searching directory [/var/lib/jenkins/workspace/itrust-test/iTrust2/target/classes/edu/ncsu/csc/itrust2/controllers/api] for files matching pattern [/var/lib/jenkins/workspace/itrust-test/iTrust2/target/classes/edu/ncsu/csc/itrust2/controllers/**/*.class]
06:58:21.559 [main] DEBUG o.s.c.i.s.PathMatchingResourcePatternResolver - Searching directory [/var/lib/jenkins/workspace/itrust-test/iTrust2/target/classes/edu/ncsu/csc/itrust2/controllers/api/comm] for files matching pattern [/var/lib/jenkins/workspace/itrust-test/iTrust2/target/classes/edu/ncsu/csc/itrust2/controllers/**/*.class]
06:58:21.559 [main] DEBUG o.s.c.i.s.PathMatchingResourcePatternResolver - Searching directory [/var/lib/jenkins/workspace/itrust-test/iTrust2/target/classes/edu/ncsu/csc/itrust2/controllers/hcp] for files matching pattern [/var/lib/jenkins/workspace/itrust-test/iTrust2/target/classes/edu/ncsu/csc/itrust2/controllers/**/*.class]
06:58:21.559 [main] DEBUG o.s.c.i.s.PathMatchingResourcePatternResolver - Searching directory [/var/lib/jenkins/workspace/itrust-test/iTrust2/target/classes/edu/ncsu/csc/itrust2/controllers/patient] for files matching pattern [/var/lib/jenkins/workspace/itrust-test/iTrust2/target/classes/edu/ncsu/csc/itrust2/controllers/**/*.class]
06:58:21.560 [main] DEBUG o.s.c.i.s.PathMatchingResourcePatternResolver - Searching directory [/var/lib/jenkins/workspace/itrust-test/iTrust2/target/classes/edu/ncsu/csc/itrust2/controllers/personnel] for files matching pattern [/var/lib/jenkins/workspace/itrust-test/iTrust2/target/classes/edu/ncsu/csc/itrust2/controllers/**/*.class]
06:58:21.560 [main] DEBUG o.s.c.i.s.PathMatchingResourcePatternResolver - Resolved location pattern [classpath*:edu/ncsu/csc/itrust2/controllers/**/*.class] to resources [file [/var/lib/jenkins/workspace/itrust-test/iTrust2/target/classes/edu/ncsu/csc/itrust2/controllers/DefaultController.class], file [/var/lib/jenkins/workspace/itrust-test/iTrust2/target/classes/edu/ncsu/csc/itrust2/controllers/admin/AdminController.class], file [/var/lib/jenkins/workspace/itrust-test/iTrust2/target/classes/edu/ncsu/csc/itrust2/controllers/admin/AdminUserController$1.class], file [/var/lib/jenkins/workspace/itrust-test/iTrust2/target/classes/edu/ncsu/csc/itrust2/controllers/admin/AdminUserController.class], file [/var/lib/jenkins/workspace/itrust-test/iTrust2/target/classes/edu/ncsu/csc/itrust2/controllers/admin/HospitalController.class], file [/var/lib/jenkins/workspace/itrust-test/iTrust2/target/classes/edu/ncsu/csc/itrust2/controllers/admin/ICDCodesController.class], file [/var/lib/jenkins/workspace/itrust-test/iTrust2/target/classes/edu/ncsu/csc/itrust2/controllers/api/APIAppointmentRequestController.class], file [/var/lib/jenkins/workspace/itrust-test/iTrust2/target/classes/edu/ncsu/csc/itrust2/controllers/api/APIController$JSONResponse.class], file [/var/lib/jenkins/workspace/itrust-test/iTrust2/target/classes/edu/ncsu/csc/itrust2/controllers/api/APIController.class], file [/var/lib/jenkins/workspace/itrust-test/iTrust2/target/classes/edu/ncsu/csc/itrust2/controllers/api/APIDiagnosisController.class], file [/var/lib/jenkins/workspace/itrust-test/iTrust2/target/classes/edu/ncsu/csc/itrust2/controllers/api/APIDrugController.class], file [/var/lib/jenkins/workspace/itrust-test/iTrust2/target/classes/edu/ncsu/csc/itrust2/controllers/api/APIEnumController.class], file [/var/lib/jenkins/workspace/itrust-test/iTrust2/target/classes/edu/ncsu/csc/itrust2/controllers/api/APIHospitalController.class], file [/var/lib/jenkins/workspace/itrust-test/iTrust2/target/classes/edu/ncsu/csc/itrust2/controllers/api/APIICDCodeController.class], file [/var/lib/jenkins/workspace/itrust-test/iTrust2/target/classes/edu/ncsu/csc/itrust2/controllers/api/APILogEntryController.class], file [/var/lib/jenkins/workspace/itrust-test/iTrust2/target/classes/edu/ncsu/csc/itrust2/controllers/api/APIOfficeVisitController.class], file [/var/lib/jenkins/workspace/itrust-test/iTrust2/target/classes/edu/ncsu/csc/itrust2/controllers/api/APIPasswordController.class], file [/var/lib/jenkins/workspace/itrust-test/iTrust2/target/classes/edu/ncsu/csc/itrust2/controllers/api/APIPatientController.class], file [/var/lib/jenkins/workspace/itrust-test/iTrust2/target/classes/edu/ncsu/csc/itrust2/controllers/api/APIPersonnelController.class], file [/var/lib/jenkins/workspace/itrust-test/iTrust2/target/classes/edu/ncsu/csc/itrust2/controllers/api/APIPrescriptionController.class], file [/var/lib/jenkins/workspace/itrust-test/iTrust2/target/classes/edu/ncsu/csc/itrust2/controllers/api/APIUserController.class], file [/var/lib/jenkins/workspace/itrust-test/iTrust2/target/classes/edu/ncsu/csc/itrust2/controllers/api/comm/LogEntryRequestBody.class], file [/var/lib/jenkins/workspace/itrust-test/iTrust2/target/classes/edu/ncsu/csc/itrust2/controllers/api/comm/LogEntryTableRow.class], file [/var/lib/jenkins/workspace/itrust-test/iTrust2/target/classes/edu/ncsu/csc/itrust2/controllers/hcp/AppointmentControllerHCP.class], file [/var/lib/jenkins/workspace/itrust-test/iTrust2/target/classes/edu/ncsu/csc/itrust2/controllers/hcp/HCPController.class], file [/var/lib/jenkins/workspace/itrust-test/iTrust2/target/classes/edu/ncsu/csc/itrust2/controllers/hcp/OfficeVisitController.class], file [/var/lib/jenkins/workspace/itrust-test/iTrust2/target/classes/edu/ncsu/csc/itrust2/controllers/patient/AppointmentController.class], file [/var/lib/jenkins/workspace/itrust-test/iTrust2/target/classes/edu/ncsu/csc/itrust2/controllers/patient/DiagnosesController.class], file [/var/lib/jenkins/workspace/itrust-test/iTrust2/target/classes/edu/ncsu/csc/itrust2/controllers/patient/PatientController.class], file [/var/lib/jenkins/workspace/itrust-test/iTrust2/target/classes/edu/ncsu/csc/itrust2/controllers/personnel/PasswordController.class], file [/var/lib/jenkins/workspace/itrust-test/iTrust2/target/classes/edu/ncsu/csc/itrust2/controllers/personnel/UserController.class]]
06:58:21.560 [main] DEBUG o.s.c.a.ClassPathBeanDefinitionScanner - Identified candidate component class: file [/var/lib/jenkins/workspace/itrust-test/iTrust2/target/classes/edu/ncsu/csc/itrust2/controllers/DefaultController.class]
06:58:21.561 [main] DEBUG o.s.c.a.ClassPathBeanDefinitionScanner - Identified candidate component class: file [/var/lib/jenkins/workspace/itrust-test/iTrust2/target/classes/edu/ncsu/csc/itrust2/controllers/admin/AdminController.class]
06:58:21.561 [main] DEBUG o.s.c.a.ClassPathBeanDefinitionScanner - Identified candidate component class: file [/var/lib/jenkins/workspace/itrust-test/iTrust2/target/classes/edu/ncsu/csc/itrust2/controllers/admin/AdminUserController.class]
06:58:21.562 [main] DEBUG o.s.c.a.ClassPathBeanDefinitionScanner - Identified candidate component class: file [/var/lib/jenkins/workspace/itrust-test/iTrust2/target/classes/edu/ncsu/csc/itrust2/controllers/admin/HospitalController.class]
06:58:21.562 [main] DEBUG o.s.c.a.ClassPathBeanDefinitionScanner - Identified candidate component class: file [/var/lib/jenkins/workspace/itrust-test/iTrust2/target/classes/edu/ncsu/csc/itrust2/controllers/admin/ICDCodesController.class]
06:58:21.563 [main] DEBUG o.s.c.a.ClassPathBeanDefinitionScanner - Identified candidate component class: file [/var/lib/jenkins/workspace/itrust-test/iTrust2/target/classes/edu/ncsu/csc/itrust2/controllers/api/APIAppointmentRequestController.class]
06:58:21.563 [main] DEBUG o.s.c.a.ClassPathBeanDefinitionScanner - Identified candidate component class: file [/var/lib/jenkins/workspace/itrust-test/iTrust2/target/classes/edu/ncsu/csc/itrust2/controllers/api/APIDiagnosisController.class]
06:58:21.564 [main] DEBUG o.s.c.a.ClassPathBeanDefinitionScanner - Identified candidate component class: file [/var/lib/jenkins/workspace/itrust-test/iTrust2/target/classes/edu/ncsu/csc/itrust2/controllers/api/APIDrugController.class]
06:58:21.564 [main] DEBUG o.s.c.a.ClassPathBeanDefinitionScanner - Identified candidate component class: file [/var/lib/jenkins/workspace/itrust-test/iTrust2/target/classes/edu/ncsu/csc/itrust2/controllers/api/APIEnumController.class]
06:58:21.565 [main] DEBUG o.s.c.a.ClassPathBeanDefinitionScanner - Identified candidate component class: file [/var/lib/jenkins/workspace/itrust-test/iTrust2/target/classes/edu/ncsu/csc/itrust2/controllers/api/APIHospitalController.class]
06:58:21.565 [main] DEBUG o.s.c.a.ClassPathBeanDefinitionScanner - Identified candidate component class: file [/var/lib/jenkins/workspace/itrust-test/iTrust2/target/classes/edu/ncsu/csc/itrust2/controllers/api/APIICDCodeController.class]
06:58:21.566 [main] DEBUG o.s.c.a.ClassPathBeanDefinitionScanner - Identified candidate component class: file [/var/lib/jenkins/workspace/itrust-test/iTrust2/target/classes/edu/ncsu/csc/itrust2/controllers/api/APILogEntryController.class]
06:58:21.566 [main] DEBUG o.s.c.a.ClassPathBeanDefinitionScanner - Identified candidate component class: file [/var/lib/jenkins/workspace/itrust-test/iTrust2/target/classes/edu/ncsu/csc/itrust2/controllers/api/APIOfficeVisitController.class]
06:58:21.567 [main] DEBUG o.s.c.a.ClassPathBeanDefinitionScanner - Identified candidate component class: file [/var/lib/jenkins/workspace/itrust-test/iTrust2/target/classes/edu/ncsu/csc/itrust2/controllers/api/APIPasswordController.class]
06:58:21.567 [main] DEBUG o.s.c.a.ClassPathBeanDefinitionScanner - Identified candidate component class: file [/var/lib/jenkins/workspace/itrust-test/iTrust2/target/classes/edu/ncsu/csc/itrust2/controllers/api/APIPatientController.class]
06:58:21.568 [main] DEBUG o.s.c.a.ClassPathBeanDefinitionScanner - Identified candidate component class: file [/var/lib/jenkins/workspace/itrust-test/iTrust2/target/classes/edu/ncsu/csc/itrust2/controllers/api/APIPersonnelController.class]
06:58:21.568 [main] DEBUG o.s.c.a.ClassPathBeanDefinitionScanner - Identified candidate component class: file [/var/lib/jenkins/workspace/itrust-test/iTrust2/target/classes/edu/ncsu/csc/itrust2/controllers/api/APIPrescriptionController.class]
06:58:21.569 [main] DEBUG o.s.c.a.ClassPathBeanDefinitionScanner - Identified candidate component class: file [/var/lib/jenkins/workspace/itrust-test/iTrust2/target/classes/edu/ncsu/csc/itrust2/controllers/api/APIUserController.class]
06:58:21.569 [main] DEBUG o.s.c.a.ClassPathBeanDefinitionScanner - Identified candidate component class: file [/var/lib/jenkins/workspace/itrust-test/iTrust2/target/classes/edu/ncsu/csc/itrust2/controllers/hcp/AppointmentControllerHCP.class]
06:58:21.570 [main] DEBUG o.s.c.a.ClassPathBeanDefinitionScanner - Identified candidate component class: file [/var/lib/jenkins/workspace/itrust-test/iTrust2/target/classes/edu/ncsu/csc/itrust2/controllers/hcp/HCPController.class]
06:58:21.570 [main] DEBUG o.s.c.a.ClassPathBeanDefinitionScanner - Identified candidate component class: file [/var/lib/jenkins/workspace/itrust-test/iTrust2/target/classes/edu/ncsu/csc/itrust2/controllers/hcp/OfficeVisitController.class]
06:58:21.570 [main] DEBUG o.s.c.a.ClassPathBeanDefinitionScanner - Identified candidate component class: file [/var/lib/jenkins/workspace/itrust-test/iTrust2/target/classes/edu/ncsu/csc/itrust2/controllers/patient/AppointmentController.class]
06:58:21.571 [main] DEBUG o.s.c.a.ClassPathBeanDefinitionScanner - Identified candidate component class: file [/var/lib/jenkins/workspace/itrust-test/iTrust2/target/classes/edu/ncsu/csc/itrust2/controllers/patient/DiagnosesController.class]
06:58:21.571 [main] DEBUG o.s.c.a.ClassPathBeanDefinitionScanner - Identified candidate component class: file [/var/lib/jenkins/workspace/itrust-test/iTrust2/target/classes/edu/ncsu/csc/itrust2/controllers/patient/PatientController.class]
06:58:21.571 [main] DEBUG o.s.c.a.ClassPathBeanDefinitionScanner - Identified candidate component class: file [/var/lib/jenkins/workspace/itrust-test/iTrust2/target/classes/edu/ncsu/csc/itrust2/controllers/personnel/PasswordController.class]
06:58:21.572 [main] DEBUG o.s.c.a.ClassPathBeanDefinitionScanner - Identified candidate component class: file [/var/lib/jenkins/workspace/itrust-test/iTrust2/target/classes/edu/ncsu/csc/itrust2/controllers/personnel/UserController.class]
06:58:21.572 [main] DEBUG o.s.c.i.s.PathMatchingResourcePatternResolver - Resolved classpath location [edu/ncsu/csc/itrust2/config/] to resources [URL [file:/var/lib/jenkins/workspace/itrust-test/iTrust2/target/classes/edu/ncsu/csc/itrust2/config/]]
06:58:21.572 [main] DEBUG o.s.c.i.s.PathMatchingResourcePatternResolver - Looking for matching resources in directory tree [/var/lib/jenkins/workspace/itrust-test/iTrust2/target/classes/edu/ncsu/csc/itrust2/config]
06:58:21.573 [main] DEBUG o.s.c.i.s.PathMatchingResourcePatternResolver - Searching directory [/var/lib/jenkins/workspace/itrust-test/iTrust2/target/classes/edu/ncsu/csc/itrust2/config] for files matching pattern [/var/lib/jenkins/workspace/itrust-test/iTrust2/target/classes/edu/ncsu/csc/itrust2/config/**/*.class]
06:58:21.573 [main] DEBUG o.s.c.i.s.PathMatchingResourcePatternResolver - Resolved location pattern [classpath*:edu/ncsu/csc/itrust2/config/**/*.class] to resources [file [/var/lib/jenkins/workspace/itrust-test/iTrust2/target/classes/edu/ncsu/csc/itrust2/config/ContextListener.class], file [/var/lib/jenkins/workspace/itrust-test/iTrust2/target/classes/edu/ncsu/csc/itrust2/config/DataConfiguration.class], file [/var/lib/jenkins/workspace/itrust-test/iTrust2/target/classes/edu/ncsu/csc/itrust2/config/FailureHandler.class], file [/var/lib/jenkins/workspace/itrust-test/iTrust2/target/classes/edu/ncsu/csc/itrust2/config/IPFilter.class], file [/var/lib/jenkins/workspace/itrust-test/iTrust2/target/classes/edu/ncsu/csc/itrust2/config/ITrust2ApplicationInitializer.class], file [/var/lib/jenkins/workspace/itrust-test/iTrust2/target/classes/edu/ncsu/csc/itrust2/config/ITrust2WebApplicationInitializer.class], file [/var/lib/jenkins/workspace/itrust-test/iTrust2/target/classes/edu/ncsu/csc/itrust2/config/LoginAuditingListener.class], file [/var/lib/jenkins/workspace/itrust-test/iTrust2/target/classes/edu/ncsu/csc/itrust2/config/RootConfiguration.class], file [/var/lib/jenkins/workspace/itrust-test/iTrust2/target/classes/edu/ncsu/csc/itrust2/config/SecurityConfig.class]]
06:58:21.573 [main] DEBUG o.s.c.a.ClassPathBeanDefinitionScanner - Identified candidate component class: file [/var/lib/jenkins/workspace/itrust-test/iTrust2/target/classes/edu/ncsu/csc/itrust2/config/DataConfiguration.class]
06:58:21.574 [main] DEBUG o.s.c.a.ClassPathBeanDefinitionScanner - Identified candidate component class: file [/var/lib/jenkins/workspace/itrust-test/iTrust2/target/classes/edu/ncsu/csc/itrust2/config/LoginAuditingListener.class]
06:58:21.574 [main] DEBUG o.s.c.a.ClassPathBeanDefinitionScanner - Identified candidate component class: file [/var/lib/jenkins/workspace/itrust-test/iTrust2/target/classes/edu/ncsu/csc/itrust2/config/RootConfiguration.class]
06:58:21.574 [main] DEBUG o.s.c.a.ClassPathBeanDefinitionScanner - Identified candidate component class: file [/var/lib/jenkins/workspace/itrust-test/iTrust2/target/classes/edu/ncsu/csc/itrust2/config/SecurityConfig.class]
06:58:21.593 [main] DEBUG o.s.c.a.ConfigurationClassBeanDefinitionReader - Registering bean definition for @Bean method edu.ncsu.csc.itrust2.config.DataConfiguration.dataSource()
06:58:21.593 [main] DEBUG o.s.c.a.ConfigurationClassBeanDefinitionReader - Registered bean definition for imported class 'org.springframework.security.config.annotation.configuration.ObjectPostProcessorConfiguration'
06:58:21.593 [main] DEBUG o.s.c.a.ConfigurationClassBeanDefinitionReader - Registering bean definition for @Bean method org.springframework.security.config.annotation.configuration.ObjectPostProcessorConfiguration.objectPostProcessor()
06:58:21.593 [main] DEBUG o.s.c.a.ConfigurationClassBeanDefinitionReader - Registered bean definition for imported class 'org.springframework.security.config.annotation.authentication.configuration.AuthenticationConfiguration'
06:58:21.593 [main] DEBUG o.s.c.a.ConfigurationClassBeanDefinitionReader - Registering bean definition for @Bean method org.springframework.security.config.annotation.authentication.configuration.AuthenticationConfiguration.authenticationManagerBuilder()
06:58:21.593 [main] DEBUG o.s.c.a.ConfigurationClassBeanDefinitionReader - Registering bean definition for @Bean method org.springframework.security.config.annotation.authentication.configuration.AuthenticationConfiguration.enableGlobalAuthenticationAutowiredConfigurer()
06:58:21.593 [main] DEBUG o.s.c.a.ConfigurationClassBeanDefinitionReader - Registering bean definition for @Bean method org.springframework.security.config.annotation.authentication.configuration.AuthenticationConfiguration.initializeUserDetailsBeanManagerConfigurer()
06:58:21.593 [main] DEBUG o.s.c.a.ConfigurationClassBeanDefinitionReader - Registering bean definition for @Bean method org.springframework.security.config.annotation.authentication.configuration.AuthenticationConfiguration.initializeAuthenticationProviderBeanManagerConfigurer()
06:58:21.594 [main] DEBUG o.s.c.a.ConfigurationClassBeanDefinitionReader - Registered bean definition for imported class 'org.springframework.security.config.annotation.web.configuration.WebSecurityConfiguration'
06:58:21.594 [main] DEBUG o.s.c.a.ConfigurationClassBeanDefinitionReader - Registering bean definition for @Bean method org.springframework.security.config.annotation.web.configuration.WebSecurityConfiguration.delegatingApplicationListener()
06:58:21.594 [main] DEBUG o.s.c.a.ConfigurationClassBeanDefinitionReader - Registering bean definition for @Bean method org.springframework.security.config.annotation.web.configuration.WebSecurityConfiguration.webSecurityExpressionHandler()
06:58:21.594 [main] DEBUG o.s.c.a.ConfigurationClassBeanDefinitionReader - Registering bean definition for @Bean method org.springframework.security.config.annotation.web.configuration.WebSecurityConfiguration.springSecurityFilterChain()
06:58:21.594 [main] DEBUG o.s.c.a.ConfigurationClassBeanDefinitionReader - Registering bean definition for @Bean method org.springframework.security.config.annotation.web.configuration.WebSecurityConfiguration.privilegeEvaluator()
06:58:21.594 [main] DEBUG o.s.c.a.ConfigurationClassBeanDefinitionReader - Registering bean definition for @Bean method org.springframework.security.config.annotation.web.configuration.WebSecurityConfiguration.autowiredWebSecurityConfigurersIgnoreParents()
06:58:21.594 [main] DEBUG o.s.c.a.ConfigurationClassBeanDefinitionReader - Registered bean definition for imported class 'org.springframework.security.config.annotation.web.configuration.WebMvcSecurityConfiguration'
06:58:21.594 [main] DEBUG o.s.c.a.ConfigurationClassBeanDefinitionReader - Registering bean definition for @Bean method org.springframework.security.config.annotation.web.configuration.WebMvcSecurityConfiguration.requestDataValueProcessor()
06:58:21.594 [main] DEBUG o.s.c.a.ConfigurationClassBeanDefinitionReader - Registering bean definition for @Bean method edu.ncsu.csc.itrust2.config.SecurityConfig.passwordEncoder()
06:58:21.594 [main] DEBUG o.s.c.a.ConfigurationClassBeanDefinitionReader - Registering bean definition for @Bean method edu.ncsu.csc.itrust2.config.SecurityConfig.defaultAuthenticationEventPublisher()
06:58:21.594 [main] DEBUG o.s.c.a.ConfigurationClassBeanDefinitionReader - Registering bean definition for @Bean method edu.ncsu.csc.itrust2.config.SecurityConfig.failureHandler()
06:58:21.594 [main] DEBUG o.s.c.a.ConfigurationClassBeanDefinitionReader - Registering bean definition for @Bean method edu.ncsu.csc.itrust2.config.SecurityConfig.ipBlockFilter()
06:58:21.594 [main] DEBUG o.s.c.a.ConfigurationClassBeanDefinitionReader - Registered bean definition for imported class 'org.springframework.web.servlet.config.annotation.DelegatingWebMvcConfiguration'
06:58:21.594 [main] DEBUG o.s.c.a.ConfigurationClassBeanDefinitionReader - Registering bean definition for @Bean method org.springframework.web.servlet.config.annotation.DelegatingWebMvcConfiguration.mvcConversionService()
06:58:21.594 [main] DEBUG o.s.c.a.ConfigurationClassBeanDefinitionReader - Registering bean definition for @Bean method org.springframework.web.servlet.config.annotation.DelegatingWebMvcConfiguration.requestMappingHandlerMapping()
06:58:21.594 [main] DEBUG o.s.c.a.ConfigurationClassBeanDefinitionReader - Registering bean definition for @Bean method org.springframework.web.servlet.config.annotation.DelegatingWebMvcConfiguration.mvcPathMatcher()
06:58:21.594 [main] DEBUG o.s.c.a.ConfigurationClassBeanDefinitionReader - Registering bean definition for @Bean method org.springframework.web.servlet.config.annotation.DelegatingWebMvcConfiguration.mvcUrlPathHelper()
06:58:21.594 [main] DEBUG o.s.c.a.ConfigurationClassBeanDefinitionReader - Registering bean definition for @Bean method org.springframework.web.servlet.config.annotation.DelegatingWebMvcConfiguration.mvcContentNegotiationManager()
06:58:21.594 [main] DEBUG o.s.c.a.ConfigurationClassBeanDefinitionReader - Registering bean definition for @Bean method org.springframework.web.servlet.config.annotation.DelegatingWebMvcConfiguration.viewControllerHandlerMapping()
06:58:21.594 [main] DEBUG o.s.c.a.ConfigurationClassBeanDefinitionReader - Registering bean definition for @Bean method org.springframework.web.servlet.config.annotation.DelegatingWebMvcConfiguration.beanNameHandlerMapping()
06:58:21.595 [main] DEBUG o.s.c.a.ConfigurationClassBeanDefinitionReader - Registering bean definition for @Bean method org.springframework.web.servlet.config.annotation.DelegatingWebMvcConfiguration.resourceHandlerMapping()
06:58:21.595 [main] DEBUG o.s.c.a.ConfigurationClassBeanDefinitionReader - Registering bean definition for @Bean method org.springframework.web.servlet.config.annotation.DelegatingWebMvcConfiguration.mvcResourceUrlProvider()
06:58:21.595 [main] DEBUG o.s.c.a.ConfigurationClassBeanDefinitionReader - Registering bean definition for @Bean method org.springframework.web.servlet.config.annotation.DelegatingWebMvcConfiguration.defaultServletHandlerMapping()
06:58:21.595 [main] DEBUG o.s.c.a.ConfigurationClassBeanDefinitionReader - Registering bean definition for @Bean method org.springframework.web.servlet.config.annotation.DelegatingWebMvcConfiguration.requestMappingHandlerAdapter()
06:58:21.595 [main] DEBUG o.s.c.a.ConfigurationClassBeanDefinitionReader - Registering bean definition for @Bean method org.springframework.web.servlet.config.annotation.DelegatingWebMvcConfiguration.mvcValidator()
06:58:21.595 [main] DEBUG o.s.c.a.ConfigurationClassBeanDefinitionReader - Registering bean definition for @Bean method org.springframework.web.servlet.config.annotation.DelegatingWebMvcConfiguration.mvcUriComponentsContributor()
06:58:21.595 [main] DEBUG o.s.c.a.ConfigurationClassBeanDefinitionReader - Registering bean definition for @Bean method org.springframework.web.servlet.config.annotation.DelegatingWebMvcConfiguration.httpRequestHandlerAdapter()
06:58:21.595 [main] DEBUG o.s.c.a.ConfigurationClassBeanDefinitionReader - Registering bean definition for @Bean method org.springframework.web.servlet.config.annotation.DelegatingWebMvcConfiguration.simpleControllerHandlerAdapter()
06:58:21.595 [main] DEBUG o.s.c.a.ConfigurationClassBeanDefinitionReader - Registering bean definition for @Bean method org.springframework.web.servlet.config.annotation.DelegatingWebMvcConfiguration.handlerExceptionResolver()
06:58:21.595 [main] DEBUG o.s.c.a.ConfigurationClassBeanDefinitionReader - Registering bean definition for @Bean method org.springframework.web.servlet.config.annotation.DelegatingWebMvcConfiguration.mvcViewResolver()
06:58:21.595 [main] DEBUG o.s.c.a.ConfigurationClassBeanDefinitionReader - Registered bean definition for imported class 'org.springframework.security.config.annotation.method.configuration.GlobalMethodSecurityConfiguration'
06:58:21.595 [main] DEBUG o.s.c.a.ConfigurationClassBeanDefinitionReader - Registering bean definition for @Bean method org.springframework.security.config.annotation.method.configuration.GlobalMethodSecurityConfiguration.methodSecurityInterceptor()
06:58:21.595 [main] DEBUG o.s.c.a.ConfigurationClassBeanDefinitionReader - Registering bean definition for @Bean method org.springframework.security.config.annotation.method.configuration.GlobalMethodSecurityConfiguration.methodSecurityMetadataSource()
06:58:21.595 [main] DEBUG o.s.c.a.ConfigurationClassBeanDefinitionReader - Registering bean definition for @Bean method org.springframework.security.config.annotation.method.configuration.GlobalMethodSecurityConfiguration.preInvocationAuthorizationAdvice()
06:58:21.595 [main] DEBUG o.s.c.a.ConfigurationClassBeanDefinitionReader - Registering bean definition for @Bean method edu.ncsu.csc.itrust2.mvc.config.WebMvcConfiguration.viewResolver()
06:58:21.596 [main] DEBUG o.s.c.a.ConfigurationClassBeanDefinitionReader - Registering bean definition for @Bean method edu.ncsu.csc.itrust2.mvc.config.WebMvcConfiguration.templateEngine()
06:58:21.596 [main] DEBUG o.s.c.a.ConfigurationClassBeanDefinitionReader - Registering bean definition for @Bean method edu.ncsu.csc.itrust2.mvc.config.WebMvcConfiguration.domainClassConverter()
06:58:21.598 [main] DEBUG o.s.c.a.ConfigurationClassEnhancer - Successfully enhanced edu.ncsu.csc.itrust2.config.RootConfiguration; enhanced class name is: edu.ncsu.csc.itrust2.config.RootConfiguration$$EnhancerBySpringCGLIB$$d6b3470b
06:58:21.598 [main] DEBUG o.s.c.a.ConfigurationClassPostProcessor - Replacing bean definition 'rootConfiguration' existing class 'edu.ncsu.csc.itrust2.config.RootConfiguration' with enhanced class 'edu.ncsu.csc.itrust2.config.RootConfiguration$$EnhancerBySpringCGLIB$$d6b3470b'
06:58:21.598 [main] DEBUG o.s.c.a.ConfigurationClassEnhancer - Successfully enhanced edu.ncsu.csc.itrust2.mvc.config.WebMvcConfiguration; enhanced class name is: edu.ncsu.csc.itrust2.mvc.config.WebMvcConfiguration$$EnhancerBySpringCGLIB$$f35e4a5b
06:58:21.598 [main] DEBUG o.s.c.a.ConfigurationClassPostProcessor - Replacing bean definition 'webMvcConfiguration' existing class 'edu.ncsu.csc.itrust2.mvc.config.WebMvcConfiguration' with enhanced class 'edu.ncsu.csc.itrust2.mvc.config.WebMvcConfiguration$$EnhancerBySpringCGLIB$$f35e4a5b'
06:58:21.598 [main] DEBUG o.s.c.a.ConfigurationClassEnhancer - Successfully enhanced edu.ncsu.csc.itrust2.config.DataConfiguration; enhanced class name is: edu.ncsu.csc.itrust2.config.DataConfiguration$$EnhancerBySpringCGLIB$$1af28c43
06:58:21.598 [main] DEBUG o.s.c.a.ConfigurationClassPostProcessor - Replacing bean definition 'dataConfiguration' existing class 'edu.ncsu.csc.itrust2.config.DataConfiguration' with enhanced class 'edu.ncsu.csc.itrust2.config.DataConfiguration$$EnhancerBySpringCGLIB$$1af28c43'
06:58:21.598 [main] DEBUG o.s.c.a.ConfigurationClassEnhancer - Successfully enhanced edu.ncsu.csc.itrust2.config.SecurityConfig; enhanced class name is: edu.ncsu.csc.itrust2.config.SecurityConfig$$EnhancerBySpringCGLIB$$d7313e7
06:58:21.598 [main] DEBUG o.s.c.a.ConfigurationClassPostProcessor - Replacing bean definition 'securityConfig' existing class 'edu.ncsu.csc.itrust2.config.SecurityConfig' with enhanced class 'edu.ncsu.csc.itrust2.config.SecurityConfig$$EnhancerBySpringCGLIB$$d7313e7'
06:58:21.598 [main] DEBUG o.s.c.a.ConfigurationClassEnhancer - Successfully enhanced org.springframework.security.config.annotation.configuration.ObjectPostProcessorConfiguration; enhanced class name is: org.springframework.security.config.annotation.configuration.ObjectPostProcessorConfiguration$$EnhancerBySpringCGLIB$$1b685db3
06:58:21.598 [main] DEBUG o.s.c.a.ConfigurationClassPostProcessor - Replacing bean definition 'org.springframework.security.config.annotation.configuration.ObjectPostProcessorConfiguration' existing class 'org.springframework.security.config.annotation.configuration.ObjectPostProcessorConfiguration' with enhanced class 'org.springframework.security.config.annotation.configuration.ObjectPostProcessorConfiguration$$EnhancerBySpringCGLIB$$1b685db3'
06:58:21.598 [main] DEBUG o.s.c.a.ConfigurationClassEnhancer - Successfully enhanced org.springframework.security.config.annotation.authentication.configuration.AuthenticationConfiguration; enhanced class name is: org.springframework.security.config.annotation.authentication.configuration.AuthenticationConfiguration$$EnhancerBySpringCGLIB$$67316828
06:58:21.598 [main] DEBUG o.s.c.a.ConfigurationClassPostProcessor - Replacing bean definition 'org.springframework.security.config.annotation.authentication.configuration.AuthenticationConfiguration' existing class 'org.springframework.security.config.annotation.authentication.configuration.AuthenticationConfiguration' with enhanced class 'org.springframework.security.config.annotation.authentication.configuration.AuthenticationConfiguration$$EnhancerBySpringCGLIB$$67316828'
06:58:21.598 [main] DEBUG o.s.c.a.ConfigurationClassEnhancer - Successfully enhanced org.springframework.security.config.annotation.authentication.configuration.AuthenticationConfiguration; enhanced class name is: org.springframework.security.config.annotation.authentication.configuration.AuthenticationConfiguration$$EnhancerBySpringCGLIB$$67316828
06:58:21.598 [main] DEBUG o.s.c.a.ConfigurationClassPostProcessor - Replacing bean definition 'enableGlobalAuthenticationAutowiredConfigurer' existing class 'org.springframework.security.config.annotation.authentication.configuration.AuthenticationConfiguration' with enhanced class 'org.springframework.security.config.annotation.authentication.configuration.AuthenticationConfiguration$$EnhancerBySpringCGLIB$$67316828'
06:58:21.598 [main] DEBUG o.s.c.a.ConfigurationClassEnhancer - Successfully enhanced org.springframework.security.config.annotation.authentication.configuration.AuthenticationConfiguration; enhanced class name is: org.springframework.security.config.annotation.authentication.configuration.AuthenticationConfiguration$$EnhancerBySpringCGLIB$$67316828
06:58:21.598 [main] DEBUG o.s.c.a.ConfigurationClassPostProcessor - Replacing bean definition 'initializeUserDetailsBeanManagerConfigurer' existing class 'org.springframework.security.config.annotation.authentication.configuration.AuthenticationConfiguration' with enhanced class 'org.springframework.security.config.annotation.authentication.configuration.AuthenticationConfiguration$$EnhancerBySpringCGLIB$$67316828'
06:58:21.598 [main] DEBUG o.s.c.a.ConfigurationClassEnhancer - Successfully enhanced org.springframework.security.config.annotation.authentication.configuration.AuthenticationConfiguration; enhanced class name is: org.springframework.security.config.annotation.authentication.configuration.AuthenticationConfiguration$$EnhancerBySpringCGLIB$$67316828
06:58:21.598 [main] DEBUG o.s.c.a.ConfigurationClassPostProcessor - Replacing bean definition 'initializeAuthenticationProviderBeanManagerConfigurer' existing class 'org.springframework.security.config.annotation.authentication.configuration.AuthenticationConfiguration' with enhanced class 'org.springframework.security.config.annotation.authentication.configuration.AuthenticationConfiguration$$EnhancerBySpringCGLIB$$67316828'
06:58:21.598 [main] DEBUG o.s.c.a.ConfigurationClassEnhancer - Successfully enhanced org.springframework.security.config.annotation.web.configuration.WebSecurityConfiguration; enhanced class name is: org.springframework.security.config.annotation.web.configuration.WebSecurityConfiguration$$EnhancerBySpringCGLIB$$29ebc26c
06:58:21.598 [main] DEBUG o.s.c.a.ConfigurationClassPostProcessor - Replacing bean definition 'org.springframework.security.config.annotation.web.configuration.WebSecurityConfiguration' existing class 'org.springframework.security.config.annotation.web.configuration.WebSecurityConfiguration' with enhanced class 'org.springframework.security.config.annotation.web.configuration.WebSecurityConfiguration$$EnhancerBySpringCGLIB$$29ebc26c'
06:58:21.598 [main] DEBUG o.s.c.a.ConfigurationClassEnhancer - Successfully enhanced org.springframework.security.config.annotation.web.configuration.WebSecurityConfiguration; enhanced class name is: org.springframework.security.config.annotation.web.configuration.WebSecurityConfiguration$$EnhancerBySpringCGLIB$$29ebc26c
06:58:21.598 [main] DEBUG o.s.c.a.ConfigurationClassPostProcessor - Replacing bean definition 'delegatingApplicationListener' existing class 'org.springframework.security.config.annotation.web.configuration.WebSecurityConfiguration' with enhanced class 'org.springframework.security.config.annotation.web.configuration.WebSecurityConfiguration$$EnhancerBySpringCGLIB$$29ebc26c'
06:58:21.598 [main] DEBUG o.s.c.a.ConfigurationClassEnhancer - Successfully enhanced org.springframework.web.servlet.config.annotation.DelegatingWebMvcConfiguration; enhanced class name is: org.springframework.web.servlet.config.annotation.DelegatingWebMvcConfiguration$$EnhancerBySpringCGLIB$$477b7aaf
06:58:21.598 [main] DEBUG o.s.c.a.ConfigurationClassPostProcessor - Replacing bean definition 'org.springframework.web.servlet.config.annotation.DelegatingWebMvcConfiguration' existing class 'org.springframework.web.servlet.config.annotation.DelegatingWebMvcConfiguration' with enhanced class 'org.springframework.web.servlet.config.annotation.DelegatingWebMvcConfiguration$$EnhancerBySpringCGLIB$$477b7aaf'
06:58:21.598 [main] DEBUG o.s.c.a.ConfigurationClassEnhancer - Successfully enhanced org.springframework.security.config.annotation.method.configuration.GlobalMethodSecurityConfiguration; enhanced class name is: org.springframework.security.config.annotation.method.configuration.GlobalMethodSecurityConfiguration$$EnhancerBySpringCGLIB$$403d0065
06:58:21.598 [main] DEBUG o.s.c.a.ConfigurationClassPostProcessor - Replacing bean definition 'org.springframework.security.config.annotation.method.configuration.GlobalMethodSecurityConfiguration' existing class 'org.springframework.security.config.annotation.method.configuration.GlobalMethodSecurityConfiguration' with enhanced class 'org.springframework.security.config.annotation.method.configuration.GlobalMethodSecurityConfiguration$$EnhancerBySpringCGLIB$$403d0065'
06:58:21.600 [main] DEBUG o.s.b.f.s.DefaultListableBeanFactory - Creating shared instance of singleton bean 'org.springframework.context.annotation.internalAutowiredAnnotationProcessor'
06:58:21.600 [main] DEBUG o.s.b.f.s.DefaultListableBeanFactory - Creating instance of bean 'org.springframework.context.annotation.internalAutowiredAnnotationProcessor'
06:58:21.600 [main] DEBUG o.s.b.f.s.DefaultListableBeanFactory - Eagerly caching bean 'org.springframework.context.annotation.internalAutowiredAnnotationProcessor' to allow for resolving potential circular references
06:58:21.603 [main] DEBUG o.s.b.f.s.DefaultListableBeanFactory - Finished creating instance of bean 'org.springframework.context.annotation.internalAutowiredAnnotationProcessor'
06:58:21.603 [main] DEBUG o.s.b.f.s.DefaultListableBeanFactory - Creating shared instance of singleton bean 'org.springframework.context.annotation.internalRequiredAnnotationProcessor'
06:58:21.603 [main] DEBUG o.s.b.f.s.DefaultListableBeanFactory - Creating instance of bean 'org.springframework.context.annotation.internalRequiredAnnotationProcessor'
06:58:21.603 [main] DEBUG o.s.b.f.s.DefaultListableBeanFactory - Eagerly caching bean 'org.springframework.context.annotation.internalRequiredAnnotationProcessor' to allow for resolving potential circular references
06:58:21.605 [main] DEBUG o.s.b.f.s.DefaultListableBeanFactory - Finished creating instance of bean 'org.springframework.context.annotation.internalRequiredAnnotationProcessor'
06:58:21.605 [main] DEBUG o.s.b.f.s.DefaultListableBeanFactory - Creating shared instance of singleton bean 'org.springframework.context.annotation.internalCommonAnnotationProcessor'
06:58:21.605 [main] DEBUG o.s.b.f.s.DefaultListableBeanFactory - Creating instance of bean 'org.springframework.context.annotation.internalCommonAnnotationProcessor'
06:58:21.605 [main] DEBUG o.s.b.f.s.DefaultListableBeanFactory - Eagerly caching bean 'org.springframework.context.annotation.internalCommonAnnotationProcessor' to allow for resolving potential circular references
06:58:21.608 [main] DEBUG o.s.b.f.s.DefaultListableBeanFactory - Finished creating instance of bean 'org.springframework.context.annotation.internalCommonAnnotationProcessor'
06:58:21.608 [main] DEBUG o.s.b.f.s.DefaultListableBeanFactory - Creating shared instance of singleton bean 'org.springframework.context.annotation.internalPersistenceAnnotationProcessor'
06:58:21.608 [main] DEBUG o.s.b.f.s.DefaultListableBeanFactory - Creating instance of bean 'org.springframework.context.annotation.internalPersistenceAnnotationProcessor'
06:58:21.608 [main] DEBUG o.s.b.f.s.DefaultListableBeanFactory - Eagerly caching bean 'org.springframework.context.annotation.internalPersistenceAnnotationProcessor' to allow for resolving potential circular references
06:58:21.610 [main] DEBUG o.s.b.f.s.DefaultListableBeanFactory - Finished creating instance of bean 'org.springframework.context.annotation.internalPersistenceAnnotationProcessor'
06:58:21.610 [main] DEBUG o.s.b.f.s.DefaultListableBeanFactory - Creating shared instance of singleton bean 'org.springframework.aop.config.internalAutoProxyCreator'
06:58:21.610 [main] DEBUG o.s.b.f.s.DefaultListableBeanFactory - Creating instance of bean 'org.springframework.aop.config.internalAutoProxyCreator'
06:58:21.611 [main] DEBUG o.s.b.f.s.DefaultListableBeanFactory - Eagerly caching bean 'org.springframework.aop.config.internalAutoProxyCreator' to allow for resolving potential circular references
06:58:21.613 [main] DEBUG o.s.b.f.s.DefaultListableBeanFactory - Finished creating instance of bean 'org.springframework.aop.config.internalAutoProxyCreator'
06:58:21.613 [main] DEBUG o.s.w.c.s.GenericWebApplicationContext - Unable to locate MessageSource with name 'messageSource': using default [org.springframework.context.support.DelegatingMessageSource@6b43112c]
06:58:21.613 [main] DEBUG o.s.w.c.s.GenericWebApplicationContext - Unable to locate ApplicationEventMulticaster with name 'applicationEventMulticaster': using default [org.springframework.context.event.SimpleApplicationEventMulticaster@50fd8388]
06:58:21.613 [main] DEBUG o.s.u.c.s.UiApplicationContextUtils - Unable to locate ThemeSource with name 'themeSource': using default [org.springframework.ui.context.support.ResourceBundleThemeSource@69743222]
06:58:21.614 [main] DEBUG o.s.b.f.s.DefaultListableBeanFactory - Pre-instantiating singletons in org.springframework.beans.factory.support.DefaultListableBeanFactory@53f5bf90: defining beans [org.springframework.context.annotation.internalConfigurationAnnotationProcessor,org.springframework.context.annotation.internalAutowiredAnnotationProcessor,org.springframework.context.annotation.internalRequiredAnnotationProcessor,org.springframework.context.annotation.internalCommonAnnotationProcessor,org.springframework.context.annotation.internalPersistenceAnnotationProcessor,org.springframework.context.event.internalEventListenerProcessor,org.springframework.context.event.internalEventListenerFactory,rootConfiguration,webMvcConfiguration,dataConfiguration,loginAuditingListener,securityConfig,defaultController,adminController,adminUserController,hospitalController,ICDCodesController,APIAppointmentRequestController,APIDiagnosisController,APIDrugController,APIEnumController,APIHospitalController,APIICDCodeController,APILogEntryController,APIOfficeVisitController,APIPasswordController,APIPatientController,APIPersonnelController,APIPrescriptionController,APIUserController,appointmentControllerHCP,HCPController,officeVisitController,appointmentController,diagnosesController,patientController,passwordController,userController,dataSource,org.springframework.security.config.annotation.configuration.ObjectPostProcessorConfiguration,objectPostProcessor,org.springframework.security.config.annotation.authentication.configuration.AuthenticationConfiguration,authenticationManagerBuilder,enableGlobalAuthenticationAutowiredConfigurer,initializeUserDetailsBeanManagerConfigurer,initializeAuthenticationProviderBeanManagerConfigurer,org.springframework.security.config.annotation.web.configuration.WebSecurityConfiguration,delegatingApplicationListener,webSecurityExpressionHandler,springSecurityFilterChain,privilegeEvaluator,autowiredWebSecurityConfigurersIgnoreParents,org.springframework.security.config.annotation.web.configuration.WebMvcSecurityConfiguration,requestDataValueProcessor,passwordEncoder,defaultAuthenticationEventPublisher,failureHandler,ipBlockFilter,org.springframework.web.servlet.config.annotation.DelegatingWebMvcConfiguration,mvcConversionService,requestMappingHandlerMapping,mvcPathMatcher,mvcUrlPathHelper,mvcContentNegotiationManager,viewControllerHandlerMapping,beanNameHandlerMapping,resourceHandlerMapping,mvcResourceUrlProvider,defaultServletHandlerMapping,requestMappingHandlerAdapter,mvcValidator,mvcUriComponentsContributor,httpRequestHandlerAdapter,simpleControllerHandlerAdapter,handlerExceptionResolver,mvcViewResolver,org.springframework.security.config.annotation.method.configuration.GlobalMethodSecurityConfiguration,methodSecurityInterceptor,methodSecurityMetadataSource,preInvocationAuthorizationAdvice,viewResolver,templateEngine,domainClassConverter,metaDataSourceAdvisor,org.springframework.aop.config.internalAutoProxyCreator]; root of factory hierarchy
06:58:21.614 [main] DEBUG o.s.b.f.s.DefaultListableBeanFactory - Returning cached instance of singleton bean 'org.springframework.context.annotation.internalConfigurationAnnotationProcessor'
06:58:21.614 [main] DEBUG o.s.b.f.s.DefaultListableBeanFactory - Returning cached instance of singleton bean 'org.springframework.context.annotation.internalAutowiredAnnotationProcessor'
06:58:21.614 [main] DEBUG o.s.b.f.s.DefaultListableBeanFactory - Returning cached instance of singleton bean 'org.springframework.context.annotation.internalRequiredAnnotationProcessor'
06:58:21.614 [main] DEBUG o.s.b.f.s.DefaultListableBeanFactory - Returning cached instance of singleton bean 'org.springframework.context.annotation.internalCommonAnnotationProcessor'
06:58:21.614 [main] DEBUG o.s.b.f.s.DefaultListableBeanFactory - Returning cached instance of singleton bean 'org.springframework.context.annotation.internalPersistenceAnnotationProcessor'
06:58:21.614 [main] DEBUG o.s.b.f.s.DefaultListableBeanFactory - Creating shared instance of singleton bean 'org.springframework.context.event.internalEventListenerProcessor'
06:58:21.614 [main] DEBUG o.s.b.f.s.DefaultListableBeanFactory - Creating instance of bean 'org.springframework.context.event.internalEventListenerProcessor'
06:58:21.614 [main] DEBUG o.s.b.f.s.DefaultListableBeanFactory - Eagerly caching bean 'org.springframework.context.event.internalEventListenerProcessor' to allow for resolving potential circular references
06:58:21.616 [main] DEBUG o.s.b.f.s.DefaultListableBeanFactory - Creating shared instance of singleton bean 'metaDataSourceAdvisor'
06:58:21.616 [main] DEBUG o.s.b.f.s.DefaultListableBeanFactory - Creating instance of bean 'metaDataSourceAdvisor'
06:58:21.616 [main] DEBUG o.s.b.f.s.DefaultListableBeanFactory - Creating shared instance of singleton bean 'methodSecurityMetadataSource'
06:58:21.616 [main] DEBUG o.s.b.f.s.DefaultListableBeanFactory - Creating instance of bean 'methodSecurityMetadataSource'
06:58:21.616 [main] DEBUG o.s.b.f.s.DefaultListableBeanFactory - Creating shared instance of singleton bean 'org.springframework.security.config.annotation.method.configuration.GlobalMethodSecurityConfiguration'
06:58:21.616 [main] DEBUG o.s.b.f.s.DefaultListableBeanFactory - Creating instance of bean 'org.springframework.security.config.annotation.method.configuration.GlobalMethodSecurityConfiguration'
06:58:21.618 [main] DEBUG o.s.b.f.annotation.InjectionMetadata - Registered injected element on class [org.springframework.security.config.annotation.method.configuration.GlobalMethodSecurityConfiguration$$EnhancerBySpringCGLIB$$403d0065]: AutowiredMethodElement for public void org.springframework.security.config.annotation.method.configuration.GlobalMethodSecurityConfiguration.setApplicationContext(org.springframework.context.ApplicationContext)
06:58:21.618 [main] DEBUG o.s.b.f.annotation.InjectionMetadata - Registered injected element on class [org.springframework.security.config.annotation.method.configuration.GlobalMethodSecurityConfiguration$$EnhancerBySpringCGLIB$$403d0065]: AutowiredMethodElement for public void org.springframework.security.config.annotation.method.configuration.GlobalMethodSecurityConfiguration.setJsr250MethodSecurityMetadataSource(org.springframework.security.access.annotation.Jsr250MethodSecurityMetadataSource)
06:58:21.618 [main] DEBUG o.s.b.f.annotation.InjectionMetadata - Registered injected element on class [org.springframework.security.config.annotation.method.configuration.GlobalMethodSecurityConfiguration$$EnhancerBySpringCGLIB$$403d0065]: AutowiredMethodElement for public void org.springframework.security.config.annotation.method.configuration.GlobalMethodSecurityConfiguration.setMethodSecurityExpressionHandler(java.util.List)
06:58:21.618 [main] DEBUG o.s.b.f.annotation.InjectionMetadata - Registered injected element on class [org.springframework.security.config.annotation.method.configuration.GlobalMethodSecurityConfiguration$$EnhancerBySpringCGLIB$$403d0065]: AutowiredMethodElement for public void org.springframework.security.config.annotation.method.configuration.GlobalMethodSecurityConfiguration.setObjectPostProcessor(org.springframework.security.config.annotation.ObjectPostProcessor)
06:58:21.618 [main] DEBUG o.s.b.f.s.DefaultListableBeanFactory - Eagerly caching bean 'org.springframework.security.config.annotation.method.configuration.GlobalMethodSecurityConfiguration' to allow for resolving potential circular references
06:58:21.619 [main] DEBUG o.s.b.f.annotation.InjectionMetadata - Processing injected element of bean 'org.springframework.security.config.annotation.method.configuration.GlobalMethodSecurityConfiguration': AutowiredMethodElement for public void org.springframework.security.config.annotation.method.configuration.GlobalMethodSecurityConfiguration.setApplicationContext(org.springframework.context.ApplicationContext)
06:58:21.619 [main] DEBUG o.s.b.f.a.AutowiredAnnotationBeanPostProcessor - Autowiring by type from bean name 'org.springframework.security.config.annotation.method.configuration.GlobalMethodSecurityConfiguration' to bean named 'org.springframework.web.context.support.GenericWebApplicationContext@469c39c6'
06:58:21.619 [main] DEBUG o.s.b.f.annotation.InjectionMetadata - Processing injected element of bean 'org.springframework.security.config.annotation.method.configuration.GlobalMethodSecurityConfiguration': AutowiredMethodElement for public void org.springframework.security.config.annotation.method.configuration.GlobalMethodSecurityConfiguration.setJsr250MethodSecurityMetadataSource(org.springframework.security.access.annotation.Jsr250MethodSecurityMetadataSource)
06:58:21.619 [main] DEBUG o.s.b.f.annotation.InjectionMetadata - Processing injected element of bean 'org.springframework.security.config.annotation.method.configuration.GlobalMethodSecurityConfiguration': AutowiredMethodElement for public void org.springframework.security.config.annotation.method.configuration.GlobalMethodSecurityConfiguration.setMethodSecurityExpressionHandler(java.util.List)
06:58:21.620 [main] DEBUG o.s.b.f.annotation.InjectionMetadata - Processing injected element of bean 'org.springframework.security.config.annotation.method.configuration.GlobalMethodSecurityConfiguration': AutowiredMethodElement for public void org.springframework.security.config.annotation.method.configuration.GlobalMethodSecurityConfiguration.setObjectPostProcessor(org.springframework.security.config.annotation.ObjectPostProcessor)
06:58:21.620 [main] DEBUG o.s.b.f.s.DefaultListableBeanFactory - Creating shared instance of singleton bean 'objectPostProcessor'
06:58:21.620 [main] DEBUG o.s.b.f.s.DefaultListableBeanFactory - Creating instance of bean 'objectPostProcessor'
06:58:21.620 [main] DEBUG o.s.b.f.s.DefaultListableBeanFactory - Creating shared instance of singleton bean 'org.springframework.security.config.annotation.configuration.ObjectPostProcessorConfiguration'
06:58:21.620 [main] DEBUG o.s.b.f.s.DefaultListableBeanFactory - Creating instance of bean 'org.springframework.security.config.annotation.configuration.ObjectPostProcessorConfiguration'
06:58:21.620 [main] DEBUG o.s.b.f.s.DefaultListableBeanFactory - Eagerly caching bean 'org.springframework.security.config.annotation.configuration.ObjectPostProcessorConfiguration' to allow for resolving potential circular references
06:58:21.621 [main] DEBUG o.s.a.f.a.BeanFactoryAdvisorRetrievalHelper - Skipping currently created advisor 'metaDataSourceAdvisor'
06:58:21.622 [main] DEBUG o.s.b.f.s.DefaultListableBeanFactory - Finished creating instance of bean 'org.springframework.security.config.annotation.configuration.ObjectPostProcessorConfiguration'
06:58:21.622 [main] DEBUG o.s.b.f.s.DefaultListableBeanFactory - Autowiring by type from bean name 'objectPostProcessor' via factory method to bean named 'org.springframework.beans.factory.support.DefaultListableBeanFactory@53f5bf90'
06:58:21.622 [main] DEBUG o.s.b.f.s.DefaultListableBeanFactory - Eagerly caching bean 'objectPostProcessor' to allow for resolving potential circular references
06:58:21.625 [main] DEBUG o.s.a.f.a.BeanFactoryAdvisorRetrievalHelper - Skipping currently created advisor 'metaDataSourceAdvisor'
06:58:21.625 [main] DEBUG o.s.b.f.s.DefaultListableBeanFactory - Finished creating instance of bean 'objectPostProcessor'
06:58:21.625 [main] DEBUG o.s.b.f.a.AutowiredAnnotationBeanPostProcessor - Autowiring by type from bean name 'org.springframework.security.config.annotation.method.configuration.GlobalMethodSecurityConfiguration' to bean named 'objectPostProcessor'
06:58:21.628 [main] DEBUG o.s.b.f.s.DefaultListableBeanFactory - Returning cached instance of singleton bean 'org.springframework.context.annotation.ConfigurationClassPostProcessor.importRegistry'
06:58:21.628 [main] DEBUG o.s.a.f.a.BeanFactoryAdvisorRetrievalHelper - Skipping currently created advisor 'metaDataSourceAdvisor'
06:58:21.628 [main] DEBUG o.s.b.f.s.DefaultListableBeanFactory - Finished creating instance of bean 'org.springframework.security.config.annotation.method.configuration.GlobalMethodSecurityConfiguration'
06:58:21.629 [main] DEBUG o.s.b.f.s.DefaultListableBeanFactory - Eagerly caching bean 'methodSecurityMetadataSource' to allow for resolving potential circular references
06:58:21.630 [main] DEBUG o.s.b.f.s.DefaultListableBeanFactory - Finished creating instance of bean 'methodSecurityMetadataSource'
06:58:21.630 [main] DEBUG o.s.b.f.s.DefaultListableBeanFactory - Eagerly caching bean 'metaDataSourceAdvisor' to allow for resolving potential circular references
06:58:21.632 [main] DEBUG o.s.b.f.s.DefaultListableBeanFactory - Finished creating instance of bean 'metaDataSourceAdvisor'
06:58:21.632 [main] DEBUG o.s.b.f.s.DefaultListableBeanFactory - Finished creating instance of bean 'org.springframework.context.event.internalEventListenerProcessor'
06:58:21.632 [main] DEBUG o.s.b.f.s.DefaultListableBeanFactory - Creating shared instance of singleton bean 'org.springframework.context.event.internalEventListenerFactory'
06:58:21.632 [main] DEBUG o.s.b.f.s.DefaultListableBeanFactory - Creating instance of bean 'org.springframework.context.event.internalEventListenerFactory'
06:58:21.632 [main] DEBUG o.s.b.f.s.DefaultListableBeanFactory - Eagerly caching bean 'org.springframework.context.event.internalEventListenerFactory' to allow for resolving potential circular references
06:58:21.633 [main] DEBUG o.s.b.f.s.DefaultListableBeanFactory - Returning cached instance of singleton bean 'metaDataSourceAdvisor'
06:58:21.633 [main] DEBUG o.s.b.f.s.DefaultListableBeanFactory - Finished creating instance of bean 'org.springframework.context.event.internalEventListenerFactory'
06:58:21.634 [main] DEBUG o.s.b.f.s.DefaultListableBeanFactory - Creating shared instance of singleton bean 'rootConfiguration'
06:58:21.634 [main] DEBUG o.s.b.f.s.DefaultListableBeanFactory - Creating instance of bean 'rootConfiguration'
06:58:21.634 [main] DEBUG o.s.b.f.s.DefaultListableBeanFactory - Eagerly caching bean 'rootConfiguration' to allow for resolving potential circular references
06:58:21.634 [main] DEBUG o.s.b.f.s.DefaultListableBeanFactory - Returning cached instance of singleton bean 'metaDataSourceAdvisor'
06:58:21.635 [main] DEBUG o.s.b.f.s.DefaultListableBeanFactory - Finished creating instance of bean 'rootConfiguration'
06:58:21.635 [main] DEBUG o.s.b.f.s.DefaultListableBeanFactory - Creating shared instance of singleton bean 'webMvcConfiguration'
06:58:21.635 [main] DEBUG o.s.b.f.s.DefaultListableBeanFactory - Creating instance of bean 'webMvcConfiguration'
06:58:21.635 [main] DEBUG o.s.b.f.annotation.InjectionMetadata - Registered injected element on class [edu.ncsu.csc.itrust2.mvc.config.WebMvcConfiguration$$EnhancerBySpringCGLIB$$f35e4a5b]: AutowiredFieldElement for private org.springframework.context.ApplicationContext edu.ncsu.csc.itrust2.mvc.config.WebMvcConfiguration.applicationContext
06:58:21.635 [main] DEBUG o.s.b.f.annotation.InjectionMetadata - Registered injected element on class [edu.ncsu.csc.itrust2.mvc.config.WebMvcConfiguration$$EnhancerBySpringCGLIB$$f35e4a5b]: AutowiredFieldElement for private org.springframework.format.support.FormattingConversionService edu.ncsu.csc.itrust2.mvc.config.WebMvcConfiguration.mvcConversionService
06:58:21.635 [main] DEBUG o.s.b.f.s.DefaultListableBeanFactory - Eagerly caching bean 'webMvcConfiguration' to allow for resolving potential circular references
06:58:21.637 [main] DEBUG o.s.b.f.annotation.InjectionMetadata - Processing injected element of bean 'webMvcConfiguration': AutowiredFieldElement for private org.springframework.context.ApplicationContext edu.ncsu.csc.itrust2.mvc.config.WebMvcConfiguration.applicationContext
06:58:21.637 [main] DEBUG o.s.b.f.a.AutowiredAnnotationBeanPostProcessor - Autowiring by type from bean name 'webMvcConfiguration' to bean named 'org.springframework.web.context.support.GenericWebApplicationContext@469c39c6'
06:58:21.637 [main] DEBUG o.s.b.f.annotation.InjectionMetadata - Processing injected element of bean 'webMvcConfiguration': AutowiredFieldElement for private org.springframework.format.support.FormattingConversionService edu.ncsu.csc.itrust2.mvc.config.WebMvcConfiguration.mvcConversionService
06:58:21.638 [main] DEBUG o.s.b.f.s.DefaultListableBeanFactory - Creating shared instance of singleton bean 'mvcConversionService'
06:58:21.638 [main] DEBUG o.s.b.f.s.DefaultListableBeanFactory - Creating instance of bean 'mvcConversionService'
06:58:21.638 [main] DEBUG o.s.b.f.s.DefaultListableBeanFactory - Creating shared instance of singleton bean 'org.springframework.web.servlet.config.annotation.DelegatingWebMvcConfiguration'
06:58:21.638 [main] DEBUG o.s.b.f.s.DefaultListableBeanFactory - Creating instance of bean 'org.springframework.web.servlet.config.annotation.DelegatingWebMvcConfiguration'
06:58:21.640 [main] DEBUG o.s.b.f.annotation.InjectionMetadata - Registered injected element on class [org.springframework.web.servlet.config.annotation.DelegatingWebMvcConfiguration$$EnhancerBySpringCGLIB$$477b7aaf]: AutowiredMethodElement for public void org.springframework.web.servlet.config.annotation.DelegatingWebMvcConfiguration.setConfigurers(java.util.List)
06:58:21.640 [main] DEBUG o.s.b.f.s.DefaultListableBeanFactory - Eagerly caching bean 'org.springframework.web.servlet.config.annotation.DelegatingWebMvcConfiguration' to allow for resolving potential circular references
06:58:21.641 [main] DEBUG o.s.b.f.annotation.InjectionMetadata - Processing injected element of bean 'org.springframework.web.servlet.config.annotation.DelegatingWebMvcConfiguration': AutowiredMethodElement for public void org.springframework.web.servlet.config.annotation.DelegatingWebMvcConfiguration.setConfigurers(java.util.List)
06:58:21.641 [main] DEBUG o.s.b.f.s.DefaultListableBeanFactory - Returning cached instance of singleton bean 'metaDataSourceAdvisor'
06:58:21.643 [main] DEBUG o.s.b.f.s.DefaultListableBeanFactory - Returning eagerly cached instance of singleton bean 'webMvcConfiguration' that is not fully initialized yet - a consequence of a circular reference
06:58:21.644 [main] DEBUG o.s.b.f.s.DefaultListableBeanFactory - Creating shared instance of singleton bean 'org.springframework.security.config.annotation.web.configuration.WebMvcSecurityConfiguration'
06:58:21.644 [main] DEBUG o.s.b.f.s.DefaultListableBeanFactory - Creating instance of bean 'org.springframework.security.config.annotation.web.configuration.WebMvcSecurityConfiguration'
06:58:21.644 [main] DEBUG o.s.b.f.s.DefaultListableBeanFactory - Eagerly caching bean 'org.springframework.security.config.annotation.web.configuration.WebMvcSecurityConfiguration' to allow for resolving potential circular references
06:58:21.645 [main] DEBUG o.s.b.f.s.DefaultListableBeanFactory - Returning cached instance of singleton bean 'metaDataSourceAdvisor'
06:58:21.645 [main] DEBUG o.s.b.f.s.DefaultListableBeanFactory - Finished creating instance of bean 'org.springframework.security.config.annotation.web.configuration.WebMvcSecurityConfiguration'
06:58:21.646 [main] DEBUG o.s.b.f.a.AutowiredAnnotationBeanPostProcessor - Autowiring by type from bean name 'org.springframework.web.servlet.config.annotation.DelegatingWebMvcConfiguration' to bean named 'webMvcConfiguration'
06:58:21.646 [main] DEBUG o.s.b.f.a.AutowiredAnnotationBeanPostProcessor - Autowiring by type from bean name 'org.springframework.web.servlet.config.annotation.DelegatingWebMvcConfiguration' to bean named 'org.springframework.security.config.annotation.web.configuration.WebMvcSecurityConfiguration'
06:58:21.646 [main] DEBUG o.s.b.f.s.DefaultListableBeanFactory - Returning cached instance of singleton bean 'metaDataSourceAdvisor'
06:58:21.650 [main] DEBUG o.s.b.f.s.DefaultListableBeanFactory - Finished creating instance of bean 'org.springframework.web.servlet.config.annotation.DelegatingWebMvcConfiguration'
06:58:21.651 [main] DEBUG o.s.b.f.s.DefaultListableBeanFactory - Eagerly caching bean 'mvcConversionService' to allow for resolving potential circular references
06:58:21.653 [main] DEBUG o.s.b.f.s.DefaultListableBeanFactory - Returning cached instance of singleton bean 'metaDataSourceAdvisor'
06:58:21.654 [main] DEBUG o.s.b.f.s.DefaultListableBeanFactory - Finished creating instance of bean 'mvcConversionService'
06:58:21.654 [main] DEBUG o.s.b.f.a.AutowiredAnnotationBeanPostProcessor - Autowiring by type from bean name 'webMvcConfiguration' to bean named 'mvcConversionService'
06:58:21.654 [main] DEBUG o.s.b.f.s.DefaultListableBeanFactory - Finished creating instance of bean 'webMvcConfiguration'
06:58:21.654 [main] DEBUG o.s.b.f.s.DefaultListableBeanFactory - Creating shared instance of singleton bean 'dataConfiguration'
06:58:21.654 [main] DEBUG o.s.b.f.s.DefaultListableBeanFactory - Creating instance of bean 'dataConfiguration'
06:58:21.654 [main] DEBUG o.s.b.f.s.DefaultListableBeanFactory - Eagerly caching bean 'dataConfiguration' to allow for resolving potential circular references
06:58:21.655 [main] DEBUG o.s.b.f.s.DefaultListableBeanFactory - Returning cached instance of singleton bean 'metaDataSourceAdvisor'
06:58:21.656 [main] DEBUG o.s.b.f.s.DefaultListableBeanFactory - Finished creating instance of bean 'dataConfiguration'
06:58:21.656 [main] DEBUG o.s.b.f.s.DefaultListableBeanFactory - Creating shared instance of singleton bean 'loginAuditingListener'
06:58:21.656 [main] DEBUG o.s.b.f.s.DefaultListableBeanFactory - Creating instance of bean 'loginAuditingListener'
06:58:21.656 [main] DEBUG o.s.b.f.s.DefaultListableBeanFactory - Eagerly caching bean 'loginAuditingListener' to allow for resolving potential circular references
06:58:21.657 [main] DEBUG o.s.b.f.s.DefaultListableBeanFactory - Returning cached instance of singleton bean 'metaDataSourceAdvisor'
06:58:21.657 [main] DEBUG o.s.b.f.s.DefaultListableBeanFactory - Finished creating instance of bean 'loginAuditingListener'
06:58:21.657 [main] DEBUG o.s.b.f.s.DefaultListableBeanFactory - Creating shared instance of singleton bean 'securityConfig'
06:58:21.657 [main] DEBUG o.s.b.f.s.DefaultListableBeanFactory - Creating instance of bean 'securityConfig'
06:58:21.658 [main] DEBUG o.s.b.f.annotation.InjectionMetadata - Registered injected element on class [edu.ncsu.csc.itrust2.config.SecurityConfig$$EnhancerBySpringCGLIB$$d7313e7]: AutowiredMethodElement for public void org.springframework.security.config.annotation.web.configuration.WebSecurityConfigurerAdapter.setApplicationContext(org.springframework.context.ApplicationContext)
06:58:21.658 [main] DEBUG o.s.b.f.annotation.InjectionMetadata - Registered injected element on class [edu.ncsu.csc.itrust2.config.SecurityConfig$$EnhancerBySpringCGLIB$$d7313e7]: AutowiredMethodElement for public void org.springframework.security.config.annotation.web.configuration.WebSecurityConfigurerAdapter.setContentNegotationStrategy(org.springframework.web.accept.ContentNegotiationStrategy)
06:58:21.658 [main] DEBUG o.s.b.f.annotation.InjectionMetadata - Registered injected element on class [edu.ncsu.csc.itrust2.config.SecurityConfig$$EnhancerBySpringCGLIB$$d7313e7]: AutowiredMethodElement for public void org.springframework.security.config.annotation.web.configuration.WebSecurityConfigurerAdapter.setAuthenticationConfiguration(org.springframework.security.config.annotation.authentication.configuration.AuthenticationConfiguration)
06:58:21.658 [main] DEBUG o.s.b.f.annotation.InjectionMetadata - Registered injected element on class [edu.ncsu.csc.itrust2.config.SecurityConfig$$EnhancerBySpringCGLIB$$d7313e7]: AutowiredMethodElement for public void org.springframework.security.config.annotation.web.configuration.WebSecurityConfigurerAdapter.setTrustResolver(org.springframework.security.authentication.AuthenticationTrustResolver)
06:58:21.658 [main] DEBUG o.s.b.f.annotation.InjectionMetadata - Registered injected element on class [edu.ncsu.csc.itrust2.config.SecurityConfig$$EnhancerBySpringCGLIB$$d7313e7]: AutowiredMethodElement for public void org.springframework.security.config.annotation.web.configuration.WebSecurityConfigurerAdapter.setObjectPostProcessor(org.springframework.security.config.annotation.ObjectPostProcessor)
06:58:21.658 [main] DEBUG o.s.b.f.annotation.InjectionMetadata - Registered injected element on class [edu.ncsu.csc.itrust2.config.SecurityConfig$$EnhancerBySpringCGLIB$$d7313e7]: AutowiredFieldElement for javax.sql.DataSource edu.ncsu.csc.itrust2.config.SecurityConfig.dataSource
06:58:21.658 [main] DEBUG o.s.b.f.annotation.InjectionMetadata - Registered injected element on class [edu.ncsu.csc.itrust2.config.SecurityConfig$$EnhancerBySpringCGLIB$$d7313e7]: AutowiredMethodElement for public void edu.ncsu.csc.itrust2.config.SecurityConfig.configureGlobal(org.springframework.security.config.annotation.authentication.builders.AuthenticationManagerBuilder) throws java.lang.Exception
06:58:21.658 [main] DEBUG o.s.b.f.s.DefaultListableBeanFactory - Eagerly caching bean 'securityConfig' to allow for resolving potential circular references
06:58:21.658 [main] DEBUG o.s.b.f.annotation.InjectionMetadata - Processing injected element of bean 'securityConfig': AutowiredMethodElement for public void org.springframework.security.config.annotation.web.configuration.WebSecurityConfigurerAdapter.setApplicationContext(org.springframework.context.ApplicationContext)
06:58:21.658 [main] DEBUG o.s.b.f.a.AutowiredAnnotationBeanPostProcessor - Autowiring by type from bean name 'securityConfig' to bean named 'org.springframework.web.context.support.GenericWebApplicationContext@469c39c6'
06:58:21.658 [main] DEBUG o.s.b.f.annotation.InjectionMetadata - Processing injected element of bean 'securityConfig': AutowiredMethodElement for public void org.springframework.security.config.annotation.web.configuration.WebSecurityConfigurerAdapter.setContentNegotationStrategy(org.springframework.web.accept.ContentNegotiationStrategy)
06:58:21.659 [main] DEBUG o.s.b.f.s.DefaultListableBeanFactory - Creating shared instance of singleton bean 'mvcContentNegotiationManager'
06:58:21.659 [main] DEBUG o.s.b.f.s.DefaultListableBeanFactory - Creating instance of bean 'mvcContentNegotiationManager'
06:58:21.659 [main] DEBUG o.s.b.f.s.DefaultListableBeanFactory - Returning cached instance of singleton bean 'org.springframework.web.servlet.config.annotation.DelegatingWebMvcConfiguration'
06:58:21.659 [main] DEBUG o.s.b.f.s.DefaultListableBeanFactory - Eagerly caching bean 'mvcContentNegotiationManager' to allow for resolving potential circular references
06:58:21.660 [main] DEBUG o.s.b.f.s.DefaultListableBeanFactory - Returning cached instance of singleton bean 'metaDataSourceAdvisor'
06:58:21.660 [main] DEBUG o.s.b.f.s.DefaultListableBeanFactory - Finished creating instance of bean 'mvcContentNegotiationManager'
06:58:21.660 [main] DEBUG o.s.b.f.a.AutowiredAnnotationBeanPostProcessor - Autowiring by type from bean name 'securityConfig' to bean named 'mvcContentNegotiationManager'
06:58:21.660 [main] DEBUG o.s.b.f.annotation.InjectionMetadata - Processing injected element of bean 'securityConfig': AutowiredMethodElement for public void org.springframework.security.config.annotation.web.configuration.WebSecurityConfigurerAdapter.setAuthenticationConfiguration(org.springframework.security.config.annotation.authentication.configuration.AuthenticationConfiguration)
06:58:21.660 [main] DEBUG o.s.b.f.s.DefaultListableBeanFactory - Creating shared instance of singleton bean 'org.springframework.security.config.annotation.authentication.configuration.AuthenticationConfiguration'
06:58:21.660 [main] DEBUG o.s.b.f.s.DefaultListableBeanFactory - Creating instance of bean 'org.springframework.security.config.annotation.authentication.configuration.AuthenticationConfiguration'
06:58:21.661 [main] DEBUG o.s.b.f.annotation.InjectionMetadata - Registered injected element on class [org.springframework.security.config.annotation.authentication.configuration.AuthenticationConfiguration$$EnhancerBySpringCGLIB$$67316828]: AutowiredMethodElement for public void org.springframework.security.config.annotation.authentication.configuration.AuthenticationConfiguration.setApplicationContext(org.springframework.context.ApplicationContext)
06:58:21.661 [main] DEBUG o.s.b.f.annotation.InjectionMetadata - Registered injected element on class [org.springframework.security.config.annotation.authentication.configuration.AuthenticationConfiguration$$EnhancerBySpringCGLIB$$67316828]: AutowiredMethodElement for public void org.springframework.security.config.annotation.authentication.configuration.AuthenticationConfiguration.setGlobalAuthenticationConfigurers(java.util.List) throws java.lang.Exception
06:58:21.661 [main] DEBUG o.s.b.f.annotation.InjectionMetadata - Registered injected element on class [org.springframework.security.config.annotation.authentication.configuration.AuthenticationConfiguration$$EnhancerBySpringCGLIB$$67316828]: AutowiredMethodElement for public void org.springframework.security.config.annotation.authentication.configuration.AuthenticationConfiguration.setObjectPostProcessor(org.springframework.security.config.annotation.ObjectPostProcessor)
06:58:21.661 [main] DEBUG o.s.b.f.s.DefaultListableBeanFactory - Eagerly caching bean 'org.springframework.security.config.annotation.authentication.configuration.AuthenticationConfiguration' to allow for resolving potential circular references
06:58:21.661 [main] DEBUG o.s.b.f.annotation.InjectionMetadata - Processing injected element of bean 'org.springframework.security.config.annotation.authentication.configuration.AuthenticationConfiguration': AutowiredMethodElement for public void org.springframework.security.config.annotation.authentication.configuration.AuthenticationConfiguration.setApplicationContext(org.springframework.context.ApplicationContext)
06:58:21.661 [main] DEBUG o.s.b.f.a.AutowiredAnnotationBeanPostProcessor - Autowiring by type from bean name 'org.springframework.security.config.annotation.authentication.configuration.AuthenticationConfiguration' to bean named 'org.springframework.web.context.support.GenericWebApplicationContext@469c39c6'
06:58:21.661 [main] DEBUG o.s.b.f.annotation.InjectionMetadata - Processing injected element of bean 'org.springframework.security.config.annotation.authentication.configuration.AuthenticationConfiguration': AutowiredMethodElement for public void org.springframework.security.config.annotation.authentication.configuration.AuthenticationConfiguration.setGlobalAuthenticationConfigurers(java.util.List) throws java.lang.Exception
06:58:21.662 [main] DEBUG o.s.b.f.s.DefaultListableBeanFactory - Creating shared instance of singleton bean 'enableGlobalAuthenticationAutowiredConfigurer'
06:58:21.662 [main] DEBUG o.s.b.f.s.DefaultListableBeanFactory - Creating instance of bean 'enableGlobalAuthenticationAutowiredConfigurer'
06:58:21.662 [main] DEBUG o.s.b.f.s.DefaultListableBeanFactory - Autowiring by type from bean name 'enableGlobalAuthenticationAutowiredConfigurer' via factory method to bean named 'org.springframework.web.context.support.GenericWebApplicationContext@469c39c6'
06:58:21.662 [main] DEBUG o.s.b.f.s.DefaultListableBeanFactory - Eagerly caching bean 'enableGlobalAuthenticationAutowiredConfigurer' to allow for resolving potential circular references
06:58:21.663 [main] DEBUG o.s.b.f.s.DefaultListableBeanFactory - Returning cached instance of singleton bean 'metaDataSourceAdvisor'
06:58:21.663 [main] DEBUG o.s.b.f.s.DefaultListableBeanFactory - Finished creating instance of bean 'enableGlobalAuthenticationAutowiredConfigurer'
06:58:21.663 [main] DEBUG o.s.b.f.s.DefaultListableBeanFactory - Creating shared instance of singleton bean 'initializeUserDetailsBeanManagerConfigurer'
06:58:21.663 [main] DEBUG o.s.b.f.s.DefaultListableBeanFactory - Creating instance of bean 'initializeUserDetailsBeanManagerConfigurer'
06:58:21.664 [main] DEBUG o.s.b.f.s.DefaultListableBeanFactory - Autowiring by type from bean name 'initializeUserDetailsBeanManagerConfigurer' via factory method to bean named 'org.springframework.web.context.support.GenericWebApplicationContext@469c39c6'
06:58:21.664 [main] DEBUG o.s.b.f.s.DefaultListableBeanFactory - Eagerly caching bean 'initializeUserDetailsBeanManagerConfigurer' to allow for resolving potential circular references
06:58:21.664 [main] DEBUG o.s.b.f.s.DefaultListableBeanFactory - Returning cached instance of singleton bean 'metaDataSourceAdvisor'
06:58:21.665 [main] DEBUG o.s.b.f.s.DefaultListableBeanFactory - Finished creating instance of bean 'initializeUserDetailsBeanManagerConfigurer'
06:58:21.665 [main] DEBUG o.s.b.f.s.DefaultListableBeanFactory - Creating shared instance of singleton bean 'initializeAuthenticationProviderBeanManagerConfigurer'
06:58:21.665 [main] DEBUG o.s.b.f.s.DefaultListableBeanFactory - Creating instance of bean 'initializeAuthenticationProviderBeanManagerConfigurer'
06:58:21.665 [main] DEBUG o.s.b.f.s.DefaultListableBeanFactory - Autowiring by type from bean name 'initializeAuthenticationProviderBeanManagerConfigurer' via factory method to bean named 'org.springframework.web.context.support.GenericWebApplicationContext@469c39c6'
06:58:21.666 [main] DEBUG o.s.b.f.s.DefaultListableBeanFactory - Eagerly caching bean 'initializeAuthenticationProviderBeanManagerConfigurer' to allow for resolving potential circular references
06:58:21.667 [main] DEBUG o.s.b.f.s.DefaultListableBeanFactory - Returning cached instance of singleton bean 'metaDataSourceAdvisor'
06:58:21.667 [main] DEBUG o.s.b.f.s.DefaultListableBeanFactory - Finished creating instance of bean 'initializeAuthenticationProviderBeanManagerConfigurer'
06:58:21.668 [main] DEBUG o.s.b.f.a.AutowiredAnnotationBeanPostProcessor - Autowiring by type from bean name 'org.springframework.security.config.annotation.authentication.configuration.AuthenticationConfiguration' to bean named 'enableGlobalAuthenticationAutowiredConfigurer'
06:58:21.668 [main] DEBUG o.s.b.f.a.AutowiredAnnotationBeanPostProcessor - Autowiring by type from bean name 'org.springframework.security.config.annotation.authentication.configuration.AuthenticationConfiguration' to bean named 'initializeUserDetailsBeanManagerConfigurer'
06:58:21.668 [main] DEBUG o.s.b.f.a.AutowiredAnnotationBeanPostProcessor - Autowiring by type from bean name 'org.springframework.security.config.annotation.authentication.configuration.AuthenticationConfiguration' to bean named 'initializeAuthenticationProviderBeanManagerConfigurer'
06:58:21.668 [main] DEBUG o.s.b.f.annotation.InjectionMetadata - Processing injected element of bean 'org.springframework.security.config.annotation.authentication.configuration.AuthenticationConfiguration': AutowiredMethodElement for public void org.springframework.security.config.annotation.authentication.configuration.AuthenticationConfiguration.setObjectPostProcessor(org.springframework.security.config.annotation.ObjectPostProcessor)
06:58:21.668 [main] DEBUG o.s.b.f.s.DefaultListableBeanFactory - Returning cached instance of singleton bean 'objectPostProcessor'
06:58:21.668 [main] DEBUG o.s.b.f.a.AutowiredAnnotationBeanPostProcessor - Autowiring by type from bean name 'org.springframework.security.config.annotation.authentication.configuration.AuthenticationConfiguration' to bean named 'objectPostProcessor'
06:58:21.668 [main] DEBUG o.s.b.f.s.DefaultListableBeanFactory - Returning cached instance of singleton bean 'metaDataSourceAdvisor'
06:58:21.670 [main] DEBUG o.s.b.f.s.DefaultListableBeanFactory - Finished creating instance of bean 'org.springframework.security.config.annotation.authentication.configuration.AuthenticationConfiguration'
06:58:21.670 [main] DEBUG o.s.b.f.a.AutowiredAnnotationBeanPostProcessor - Autowiring by type from bean name 'securityConfig' to bean named 'org.springframework.security.config.annotation.authentication.configuration.AuthenticationConfiguration'
06:58:21.670 [main] DEBUG o.s.b.f.annotation.InjectionMetadata - Processing injected element of bean 'securityConfig': AutowiredMethodElement for public void org.springframework.security.config.annotation.web.configuration.WebSecurityConfigurerAdapter.setTrustResolver(org.springframework.security.authentication.AuthenticationTrustResolver)
06:58:21.670 [main] DEBUG o.s.b.f.annotation.InjectionMetadata - Processing injected element of bean 'securityConfig': AutowiredMethodElement for public void org.springframework.security.config.annotation.web.configuration.WebSecurityConfigurerAdapter.setObjectPostProcessor(org.springframework.security.config.annotation.ObjectPostProcessor)
06:58:21.670 [main] DEBUG o.s.b.f.s.DefaultListableBeanFactory - Returning cached instance of singleton bean 'objectPostProcessor'
06:58:21.670 [main] DEBUG o.s.b.f.a.AutowiredAnnotationBeanPostProcessor - Autowiring by type from bean name 'securityConfig' to bean named 'objectPostProcessor'
06:58:21.670 [main] DEBUG o.s.b.f.annotation.InjectionMetadata - Processing injected element of bean 'securityConfig': AutowiredFieldElement for javax.sql.DataSource edu.ncsu.csc.itrust2.config.SecurityConfig.dataSource
06:58:21.671 [main] DEBUG o.s.b.f.s.DefaultListableBeanFactory - Creating shared instance of singleton bean 'dataSource'
06:58:21.671 [main] DEBUG o.s.b.f.s.DefaultListableBeanFactory - Creating instance of bean 'dataSource'
06:58:21.671 [main] DEBUG o.s.b.f.s.DefaultListableBeanFactory - Returning cached instance of singleton bean 'dataConfiguration'
06:58:21.671 [main] INFO  o.s.j.d.DriverManagerDataSource - Loaded JDBC driver: com.mysql.jdbc.Driver
06:58:21.671 [main] DEBUG o.s.b.f.s.DefaultListableBeanFactory - Eagerly caching bean 'dataSource' to allow for resolving potential circular references
06:58:21.672 [main] DEBUG o.s.b.f.s.DefaultListableBeanFactory - Returning cached instance of singleton bean 'metaDataSourceAdvisor'
06:58:21.675 [main] DEBUG o.s.b.f.s.DefaultListableBeanFactory - Finished creating instance of bean 'dataSource'
06:58:21.675 [main] DEBUG o.s.b.f.a.AutowiredAnnotationBeanPostProcessor - Autowiring by type from bean name 'securityConfig' to bean named 'dataSource'
06:58:21.675 [main] DEBUG o.s.b.f.annotation.InjectionMetadata - Processing injected element of bean 'securityConfig': AutowiredMethodElement for public void edu.ncsu.csc.itrust2.config.SecurityConfig.configureGlobal(org.springframework.security.config.annotation.authentication.builders.AuthenticationManagerBuilder) throws java.lang.Exception
06:58:21.675 [main] DEBUG o.s.b.f.s.DefaultListableBeanFactory - Creating shared instance of singleton bean 'authenticationManagerBuilder'
06:58:21.675 [main] DEBUG o.s.b.f.s.DefaultListableBeanFactory - Creating instance of bean 'authenticationManagerBuilder'
06:58:21.675 [main] DEBUG o.s.b.f.s.DefaultListableBeanFactory - Returning cached instance of singleton bean 'org.springframework.security.config.annotation.authentication.configuration.AuthenticationConfiguration'
06:58:21.676 [main] DEBUG o.s.b.f.s.DefaultListableBeanFactory - Returning cached instance of singleton bean 'objectPostProcessor'
06:58:21.676 [main] DEBUG o.s.b.f.s.DefaultListableBeanFactory - Autowiring by type from bean name 'authenticationManagerBuilder' via factory method to bean named 'objectPostProcessor'
06:58:21.676 [main] DEBUG o.s.b.f.s.DefaultListableBeanFactory - Eagerly caching bean 'authenticationManagerBuilder' to allow for resolving potential circular references
06:58:21.678 [main] DEBUG o.s.b.f.s.DefaultListableBeanFactory - Returning cached instance of singleton bean 'metaDataSourceAdvisor'
06:58:21.681 [main] DEBUG o.s.b.f.s.DefaultListableBeanFactory - Finished creating instance of bean 'authenticationManagerBuilder'
06:58:21.682 [main] DEBUG o.s.b.f.a.AutowiredAnnotationBeanPostProcessor - Autowiring by type from bean name 'securityConfig' to bean named 'authenticationManagerBuilder'
06:58:21.682 [main] DEBUG o.s.b.f.s.DefaultListableBeanFactory - Creating shared instance of singleton bean 'passwordEncoder'
06:58:21.682 [main] DEBUG o.s.b.f.s.DefaultListableBeanFactory - Creating instance of bean 'passwordEncoder'
06:58:21.682 [main] DEBUG o.s.b.f.s.DefaultListableBeanFactory - Returning cached instance of singleton bean 'metaDataSourceAdvisor'
06:58:21.686 [main] DEBUG o.s.b.f.s.DefaultListableBeanFactory - Returning eagerly cached instance of singleton bean 'securityConfig' that is not fully initialized yet - a consequence of a circular reference
06:58:21.687 [main] DEBUG o.s.b.f.s.DefaultListableBeanFactory - Eagerly caching bean 'passwordEncoder' to allow for resolving potential circular references
06:58:21.687 [main] DEBUG o.s.b.f.s.DefaultListableBeanFactory - Returning cached instance of singleton bean 'metaDataSourceAdvisor'
06:58:21.688 [main] DEBUG o.s.b.f.s.DefaultListableBeanFactory - Finished creating instance of bean 'passwordEncoder'
06:58:21.777 [main] DEBUG o.s.b.f.s.DefaultListableBeanFactory - Creating shared instance of singleton bean 'defaultAuthenticationEventPublisher'
06:58:21.777 [main] DEBUG o.s.b.f.s.DefaultListableBeanFactory - Creating instance of bean 'defaultAuthenticationEventPublisher'
06:58:21.777 [main] DEBUG o.s.b.f.s.DefaultListableBeanFactory - Returning eagerly cached instance of singleton bean 'securityConfig' that is not fully initialized yet - a consequence of a circular reference
06:58:21.777 [main] DEBUG o.s.b.f.s.DefaultListableBeanFactory - Eagerly caching bean 'defaultAuthenticationEventPublisher' to allow for resolving potential circular references
06:58:21.778 [main] DEBUG o.s.b.f.s.DefaultListableBeanFactory - Returning cached instance of singleton bean 'metaDataSourceAdvisor'
06:58:21.779 [main] DEBUG o.s.b.f.s.DefaultListableBeanFactory - Finished creating instance of bean 'defaultAuthenticationEventPublisher'
06:58:21.779 [main] DEBUG o.s.b.f.s.DefaultListableBeanFactory - Finished creating instance of bean 'securityConfig'
06:58:21.779 [main] DEBUG o.s.b.f.s.DefaultListableBeanFactory - Creating shared instance of singleton bean 'defaultController'
06:58:21.779 [main] DEBUG o.s.b.f.s.DefaultListableBeanFactory - Creating instance of bean 'defaultController'
06:58:21.779 [main] DEBUG o.s.b.f.s.DefaultListableBeanFactory - Eagerly caching bean 'defaultController' to allow for resolving potential circular references
06:58:21.779 [main] DEBUG o.s.b.f.s.DefaultListableBeanFactory - Returning cached instance of singleton bean 'metaDataSourceAdvisor'
06:58:21.779 [main] DEBUG o.s.b.f.s.DefaultListableBeanFactory - Finished creating instance of bean 'defaultController'
06:58:21.779 [main] DEBUG o.s.b.f.s.DefaultListableBeanFactory - Creating shared instance of singleton bean 'adminController'
06:58:21.779 [main] DEBUG o.s.b.f.s.DefaultListableBeanFactory - Creating instance of bean 'adminController'
06:58:21.779 [main] DEBUG o.s.b.f.s.DefaultListableBeanFactory - Eagerly caching bean 'adminController' to allow for resolving potential circular references
06:58:21.779 [main] DEBUG o.s.b.f.s.DefaultListableBeanFactory - Returning cached instance of singleton bean 'metaDataSourceAdvisor'
06:58:21.779 [main] DEBUG o.s.s.a.p.PrePostAnnotationSecurityMetadataSource - @org.springframework.security.access.prepost.PreAuthorize(value=hasRole('ROLE_ADMIN')) found on specific method: public java.lang.String edu.ncsu.csc.itrust2.controllers.admin.AdminController.index(org.springframework.ui.Model)
06:58:21.779 [main] DEBUG o.s.s.a.m.DelegatingMethodSecurityMetadataSource - Caching method [CacheKey[edu.ncsu.csc.itrust2.controllers.admin.AdminController; public java.lang.String edu.ncsu.csc.itrust2.controllers.admin.AdminController.index(org.springframework.ui.Model)]] with attributes [[authorize: 'hasRole('ROLE_ADMIN')', filter: 'null', filterTarget: 'null']]
06:58:21.779 [main] DEBUG o.s.a.f.a.InfrastructureAdvisorAutoProxyCreator - Creating implicit proxy for bean 'adminController' with 0 common interceptors and 1 specific interceptors
06:58:21.779 [main] DEBUG o.s.aop.framework.CglibAopProxy - Creating CGLIB proxy: target source is SingletonTargetSource for target object [edu.ncsu.csc.itrust2.controllers.admin.AdminController@1491099f]
06:58:21.780 [main] DEBUG o.s.b.f.s.DefaultListableBeanFactory - Creating shared instance of singleton bean 'methodSecurityInterceptor'
06:58:21.780 [main] DEBUG o.s.b.f.s.DefaultListableBeanFactory - Creating instance of bean 'methodSecurityInterceptor'
06:58:21.780 [main] DEBUG o.s.b.f.s.DefaultListableBeanFactory - Returning cached instance of singleton bean 'org.springframework.security.config.annotation.method.configuration.GlobalMethodSecurityConfiguration'
06:58:21.780 [main] DEBUG o.s.b.f.s.DefaultListableBeanFactory - Returning cached instance of singleton bean 'methodSecurityMetadataSource'
06:58:21.780 [main] DEBUG o.s.b.f.s.DefaultListableBeanFactory - Eagerly caching bean 'methodSecurityInterceptor' to allow for resolving potential circular references
06:58:21.782 [main] DEBUG o.s.b.f.s.DefaultListableBeanFactory - Invoking afterPropertiesSet() on bean with name 'methodSecurityInterceptor'
06:58:21.782 [main] DEBUG o.s.s.a.i.a.MethodSecurityInterceptor - Validated configuration attributes
06:58:21.782 [main] DEBUG o.s.b.f.s.DefaultListableBeanFactory - Finished creating instance of bean 'methodSecurityInterceptor'
06:58:21.783 [main] DEBUG o.s.aop.framework.CglibAopProxy - Unable to apply any optimisations to advised method: public java.lang.String edu.ncsu.csc.itrust2.controllers.admin.AdminController.index(org.springframework.ui.Model)
06:58:21.783 [main] DEBUG o.s.aop.framework.CglibAopProxy - Found 'equals' method: public boolean java.lang.Object.equals(java.lang.Object)
06:58:21.783 [main] DEBUG o.s.aop.framework.CglibAopProxy - Unable to apply any optimisations to advised method: public java.lang.String java.lang.Object.toString()
06:58:21.783 [main] DEBUG o.s.aop.framework.CglibAopProxy - Found 'hashCode' method: public native int java.lang.Object.hashCode()
06:58:21.783 [main] DEBUG o.s.aop.framework.CglibAopProxy - Unable to apply any optimisations to advised method: protected native java.lang.Object java.lang.Object.clone() throws java.lang.CloneNotSupportedException
06:58:21.783 [main] DEBUG o.s.aop.framework.CglibAopProxy - Method is declared on Advised interface: public abstract org.springframework.aop.TargetSource org.springframework.aop.framework.Advised.getTargetSource()
06:58:21.783 [main] DEBUG o.s.aop.framework.CglibAopProxy - Method is declared on Advised interface: public abstract boolean org.springframework.aop.framework.Advised.isProxyTargetClass()
06:58:21.783 [main] DEBUG o.s.aop.framework.CglibAopProxy - Method is declared on Advised interface: public abstract void org.springframework.aop.framework.Advised.addAdvisor(org.springframework.aop.Advisor) throws org.springframework.aop.framework.AopConfigException
06:58:21.783 [main] DEBUG o.s.aop.framework.CglibAopProxy - Method is declared on Advised interface: public abstract void org.springframework.aop.framework.Advised.addAdvisor(int,org.springframework.aop.Advisor) throws org.springframework.aop.framework.AopConfigException
06:58:21.783 [main] DEBUG o.s.aop.framework.CglibAopProxy - Method is declared on Advised interface: public abstract void org.springframework.aop.framework.Advised.setPreFiltered(boolean)
06:58:21.783 [main] DEBUG o.s.aop.framework.CglibAopProxy - Method is declared on Advised interface: public abstract void org.springframework.aop.framework.Advised.setExposeProxy(boolean)
06:58:21.783 [main] DEBUG o.s.aop.framework.CglibAopProxy - Method is declared on Advised interface: public abstract boolean org.springframework.aop.framework.Advised.isExposeProxy()
06:58:21.783 [main] DEBUG o.s.aop.framework.CglibAopProxy - Method is declared on Advised interface: public abstract void org.springframework.aop.framework.Advised.addAdvice(org.aopalliance.aop.Advice) throws org.springframework.aop.framework.AopConfigException
06:58:21.783 [main] DEBUG o.s.aop.framework.CglibAopProxy - Method is declared on Advised interface: public abstract void org.springframework.aop.framework.Advised.addAdvice(int,org.aopalliance.aop.Advice) throws org.springframework.aop.framework.AopConfigException
06:58:21.783 [main] DEBUG o.s.aop.framework.CglibAopProxy - Method is declared on Advised interface: public abstract boolean org.springframework.aop.framework.Advised.isPreFiltered()
06:58:21.783 [main] DEBUG o.s.aop.framework.CglibAopProxy - Method is declared on Advised interface: public abstract java.lang.Class[] org.springframework.aop.framework.Advised.getProxiedInterfaces()
06:58:21.783 [main] DEBUG o.s.aop.framework.CglibAopProxy - Method is declared on Advised interface: public abstract boolean org.springframework.aop.framework.Advised.isInterfaceProxied(java.lang.Class)
06:58:21.783 [main] DEBUG o.s.aop.framework.CglibAopProxy - Method is declared on Advised interface: public abstract org.springframework.aop.Advisor[] org.springframework.aop.framework.Advised.getAdvisors()
06:58:21.783 [main] DEBUG o.s.aop.framework.CglibAopProxy - Method is declared on Advised interface: public abstract boolean org.springframework.aop.framework.Advised.removeAdvisor(org.springframework.aop.Advisor)
06:58:21.783 [main] DEBUG o.s.aop.framework.CglibAopProxy - Method is declared on Advised interface: public abstract void org.springframework.aop.framework.Advised.removeAdvisor(int) throws org.springframework.aop.framework.AopConfigException
06:58:21.783 [main] DEBUG o.s.aop.framework.CglibAopProxy - Method is declared on Advised interface: public abstract boolean org.springframework.aop.framework.Advised.replaceAdvisor(org.springframework.aop.Advisor,org.springframework.aop.Advisor) throws org.springframework.aop.framework.AopConfigException
06:58:21.783 [main] DEBUG o.s.aop.framework.CglibAopProxy - Method is declared on Advised interface: public abstract boolean org.springframework.aop.framework.Advised.removeAdvice(org.aopalliance.aop.Advice)
06:58:21.783 [main] DEBUG o.s.aop.framework.CglibAopProxy - Method is declared on Advised interface: public abstract java.lang.String org.springframework.aop.framework.Advised.toProxyConfigString()
06:58:21.783 [main] DEBUG o.s.aop.framework.CglibAopProxy - Method is declared on Advised interface: public abstract void org.springframework.aop.framework.Advised.setTargetSource(org.springframework.aop.TargetSource)
06:58:21.783 [main] DEBUG o.s.aop.framework.CglibAopProxy - Method is declared on Advised interface: public abstract int org.springframework.aop.framework.Advised.indexOf(org.aopalliance.aop.Advice)
06:58:21.783 [main] DEBUG o.s.aop.framework.CglibAopProxy - Method is declared on Advised interface: public abstract int org.springframework.aop.framework.Advised.indexOf(org.springframework.aop.Advisor)
06:58:21.783 [main] DEBUG o.s.aop.framework.CglibAopProxy - Method is declared on Advised interface: public abstract boolean org.springframework.aop.framework.Advised.isFrozen()
06:58:21.783 [main] DEBUG o.s.aop.framework.CglibAopProxy - Method is declared on Advised interface: public abstract java.lang.Class org.springframework.aop.TargetClassAware.getTargetClass()
06:58:21.788 [main] DEBUG o.s.b.f.s.DefaultListableBeanFactory - Finished creating instance of bean 'adminController'
06:58:21.788 [main] DEBUG o.s.b.f.s.DefaultListableBeanFactory - Creating shared instance of singleton bean 'adminUserController'
06:58:21.788 [main] DEBUG o.s.b.f.s.DefaultListableBeanFactory - Creating instance of bean 'adminUserController'
06:58:21.789 [main] DEBUG o.s.b.f.s.DefaultListableBeanFactory - Eagerly caching bean 'adminUserController' to allow for resolving potential circular references
06:58:21.789 [main] DEBUG o.s.b.f.s.DefaultListableBeanFactory - Returning cached instance of singleton bean 'metaDataSourceAdvisor'
06:58:21.789 [main] DEBUG o.s.s.a.p.PrePostAnnotationSecurityMetadataSource - @org.springframework.security.access.prepost.PreAuthorize(value=hasRole('ROLE_ADMIN')) found on specific method: public java.lang.String edu.ncsu.csc.itrust2.controllers.admin.AdminUserController.deleteUser(org.springframework.ui.Model)
06:58:21.789 [main] DEBUG o.s.s.a.m.DelegatingMethodSecurityMetadataSource - Caching method [CacheKey[edu.ncsu.csc.itrust2.controllers.admin.AdminUserController; public java.lang.String edu.ncsu.csc.itrust2.controllers.admin.AdminUserController.deleteUser(org.springframework.ui.Model)]] with attributes [[authorize: 'hasRole('ROLE_ADMIN')', filter: 'null', filterTarget: 'null']]
06:58:21.789 [main] DEBUG o.s.a.f.a.InfrastructureAdvisorAutoProxyCreator - Creating implicit proxy for bean 'adminUserController' with 0 common interceptors and 1 specific interceptors
06:58:21.789 [main] DEBUG o.s.aop.framework.CglibAopProxy - Creating CGLIB proxy: target source is SingletonTargetSource for target object [edu.ncsu.csc.itrust2.controllers.admin.AdminUserController@22e745ac]
06:58:21.790 [main] DEBUG o.s.aop.framework.CglibAopProxy - Unable to apply any optimisations to advised method: public java.lang.String edu.ncsu.csc.itrust2.controllers.admin.AdminUserController.deleteUser(org.springframework.ui.Model)
06:58:21.790 [main] DEBUG o.s.s.a.p.PrePostAnnotationSecurityMetadataSource - @org.springframework.security.access.prepost.PreAuthorize(value=hasRole('ROLE_ADMIN')) found on specific method: public java.lang.String edu.ncsu.csc.itrust2.controllers.admin.AdminUserController.deleteUserSubmit(edu.ncsu.csc.itrust2.forms.admin.DeleteUserForm,org.springframework.validation.BindingResult,org.springframework.ui.Model)
06:58:21.790 [main] DEBUG o.s.s.a.m.DelegatingMethodSecurityMetadataSource - Caching method [CacheKey[edu.ncsu.csc.itrust2.controllers.admin.AdminUserController; public java.lang.String edu.ncsu.csc.itrust2.controllers.admin.AdminUserController.deleteUserSubmit(edu.ncsu.csc.itrust2.forms.admin.DeleteUserForm,org.springframework.validation.BindingResult,org.springframework.ui.Model)]] with attributes [[authorize: 'hasRole('ROLE_ADMIN')', filter: 'null', filterTarget: 'null']]
06:58:21.790 [main] DEBUG o.s.aop.framework.CglibAopProxy - Unable to apply any optimisations to advised method: public java.lang.String edu.ncsu.csc.itrust2.controllers.admin.AdminUserController.deleteUserSubmit(edu.ncsu.csc.itrust2.forms.admin.DeleteUserForm,org.springframework.validation.BindingResult,org.springframework.ui.Model)
06:58:21.790 [main] DEBUG o.s.s.a.p.PrePostAnnotationSecurityMetadataSource - @org.springframework.security.access.prepost.PreAuthorize(value=hasRole('ROLE_ADMIN')) found on specific method: public java.lang.String edu.ncsu.csc.itrust2.controllers.admin.AdminUserController.addUserSubmit(edu.ncsu.csc.itrust2.forms.admin.UserForm,org.springframework.validation.BindingResult,org.springframework.ui.Model)
06:58:21.790 [main] DEBUG o.s.s.a.m.DelegatingMethodSecurityMetadataSource - Caching method [CacheKey[edu.ncsu.csc.itrust2.controllers.admin.AdminUserController; public java.lang.String edu.ncsu.csc.itrust2.controllers.admin.AdminUserController.addUserSubmit(edu.ncsu.csc.itrust2.forms.admin.UserForm,org.springframework.validation.BindingResult,org.springframework.ui.Model)]] with attributes [[authorize: 'hasRole('ROLE_ADMIN')', filter: 'null', filterTarget: 'null']]
06:58:21.790 [main] DEBUG o.s.aop.framework.CglibAopProxy - Unable to apply any optimisations to advised method: public java.lang.String edu.ncsu.csc.itrust2.controllers.admin.AdminUserController.addUserSubmit(edu.ncsu.csc.itrust2.forms.admin.UserForm,org.springframework.validation.BindingResult,org.springframework.ui.Model)
06:58:21.790 [main] DEBUG o.s.s.a.p.PrePostAnnotationSecurityMetadataSource - @org.springframework.security.access.prepost.PreAuthorize(value=hasRole('ROLE_ADMIN')) found on specific method: public java.lang.String edu.ncsu.csc.itrust2.controllers.admin.AdminUserController.drugs(org.springframework.ui.Model)
06:58:21.790 [main] DEBUG o.s.s.a.m.DelegatingMethodSecurityMetadataSource - Caching method [CacheKey[edu.ncsu.csc.itrust2.controllers.admin.AdminUserController; public java.lang.String edu.ncsu.csc.itrust2.controllers.admin.AdminUserController.drugs(org.springframework.ui.Model)]] with attributes [[authorize: 'hasRole('ROLE_ADMIN')', filter: 'null', filterTarget: 'null']]
06:58:21.790 [main] DEBUG o.s.aop.framework.CglibAopProxy - Unable to apply any optimisations to advised method: public java.lang.String edu.ncsu.csc.itrust2.controllers.admin.AdminUserController.drugs(org.springframework.ui.Model)
06:58:21.791 [main] DEBUG o.s.s.a.p.PrePostAnnotationSecurityMetadataSource - @org.springframework.security.access.prepost.PreAuthorize(value=hasRole('ROLE_ADMIN')) found on specific method: public java.lang.String edu.ncsu.csc.itrust2.controllers.admin.AdminUserController.addUser(org.springframework.ui.Model)
06:58:21.791 [main] DEBUG o.s.s.a.m.DelegatingMethodSecurityMetadataSource - Caching method [CacheKey[edu.ncsu.csc.itrust2.controllers.admin.AdminUserController; public java.lang.String edu.ncsu.csc.itrust2.controllers.admin.AdminUserController.addUser(org.springframework.ui.Model)]] with attributes [[authorize: 'hasRole('ROLE_ADMIN')', filter: 'null', filterTarget: 'null']]
06:58:21.791 [main] DEBUG o.s.aop.framework.CglibAopProxy - Unable to apply any optimisations to advised method: public java.lang.String edu.ncsu.csc.itrust2.controllers.admin.AdminUserController.addUser(org.springframework.ui.Model)
06:58:21.791 [main] DEBUG o.s.aop.framework.CglibAopProxy - Found 'equals' method: public boolean java.lang.Object.equals(java.lang.Object)
06:58:21.791 [main] DEBUG o.s.aop.framework.CglibAopProxy - Unable to apply any optimisations to advised method: public java.lang.String java.lang.Object.toString()
06:58:21.791 [main] DEBUG o.s.aop.framework.CglibAopProxy - Found 'hashCode' method: public native int java.lang.Object.hashCode()
06:58:21.791 [main] DEBUG o.s.aop.framework.CglibAopProxy - Unable to apply any optimisations to advised method: protected native java.lang.Object java.lang.Object.clone() throws java.lang.CloneNotSupportedException
06:58:21.791 [main] DEBUG o.s.aop.framework.CglibAopProxy - Method is declared on Advised interface: public abstract org.springframework.aop.TargetSource org.springframework.aop.framework.Advised.getTargetSource()
06:58:21.791 [main] DEBUG o.s.aop.framework.CglibAopProxy - Method is declared on Advised interface: public abstract boolean org.springframework.aop.framework.Advised.isProxyTargetClass()
06:58:21.791 [main] DEBUG o.s.aop.framework.CglibAopProxy - Method is declared on Advised interface: public abstract void org.springframework.aop.framework.Advised.addAdvisor(org.springframework.aop.Advisor) throws org.springframework.aop.framework.AopConfigException
06:58:21.791 [main] DEBUG o.s.aop.framework.CglibAopProxy - Method is declared on Advised interface: public abstract void org.springframework.aop.framework.Advised.addAdvisor(int,org.springframework.aop.Advisor) throws org.springframework.aop.framework.AopConfigException
06:58:21.791 [main] DEBUG o.s.aop.framework.CglibAopProxy - Method is declared on Advised interface: public abstract void org.springframework.aop.framework.Advised.setPreFiltered(boolean)
06:58:21.791 [main] DEBUG o.s.aop.framework.CglibAopProxy - Method is declared on Advised interface: public abstract void org.springframework.aop.framework.Advised.setExposeProxy(boolean)
06:58:21.791 [main] DEBUG o.s.aop.framework.CglibAopProxy - Method is declared on Advised interface: public abstract boolean org.springframework.aop.framework.Advised.isExposeProxy()
06:58:21.791 [main] DEBUG o.s.aop.framework.CglibAopProxy - Method is declared on Advised interface: public abstract void org.springframework.aop.framework.Advised.addAdvice(org.aopalliance.aop.Advice) throws org.springframework.aop.framework.AopConfigException
06:58:21.791 [main] DEBUG o.s.aop.framework.CglibAopProxy - Method is declared on Advised interface: public abstract void org.springframework.aop.framework.Advised.addAdvice(int,org.aopalliance.aop.Advice) throws org.springframework.aop.framework.AopConfigException
06:58:21.791 [main] DEBUG o.s.aop.framework.CglibAopProxy - Method is declared on Advised interface: public abstract boolean org.springframework.aop.framework.Advised.isPreFiltered()
06:58:21.791 [main] DEBUG o.s.aop.framework.CglibAopProxy - Method is declared on Advised interface: public abstract java.lang.Class[] org.springframework.aop.framework.Advised.getProxiedInterfaces()
06:58:21.791 [main] DEBUG o.s.aop.framework.CglibAopProxy - Method is declared on Advised interface: public abstract boolean org.springframework.aop.framework.Advised.isInterfaceProxied(java.lang.Class)
06:58:21.791 [main] DEBUG o.s.aop.framework.CglibAopProxy - Method is declared on Advised interface: public abstract org.springframework.aop.Advisor[] org.springframework.aop.framework.Advised.getAdvisors()
06:58:21.791 [main] DEBUG o.s.aop.framework.CglibAopProxy - Method is declared on Advised interface: public abstract boolean org.springframework.aop.framework.Advised.removeAdvisor(org.springframework.aop.Advisor)
06:58:21.791 [main] DEBUG o.s.aop.framework.CglibAopProxy - Method is declared on Advised interface: public abstract void org.springframework.aop.framework.Advised.removeAdvisor(int) throws org.springframework.aop.framework.AopConfigException
06:58:21.791 [main] DEBUG o.s.aop.framework.CglibAopProxy - Method is declared on Advised interface: public abstract boolean org.springframework.aop.framework.Advised.replaceAdvisor(org.springframework.aop.Advisor,org.springframework.aop.Advisor) throws org.springframework.aop.framework.AopConfigException
06:58:21.791 [main] DEBUG o.s.aop.framework.CglibAopProxy - Method is declared on Advised interface: public abstract boolean org.springframework.aop.framework.Advised.removeAdvice(org.aopalliance.aop.Advice)
06:58:21.791 [main] DEBUG o.s.aop.framework.CglibAopProxy - Method is declared on Advised interface: public abstract java.lang.String org.springframework.aop.framework.Advised.toProxyConfigString()
06:58:21.791 [main] DEBUG o.s.aop.framework.CglibAopProxy - Method is declared on Advised interface: public abstract void org.springframework.aop.framework.Advised.setTargetSource(org.springframework.aop.TargetSource)
06:58:21.791 [main] DEBUG o.s.aop.framework.CglibAopProxy - Method is declared on Advised interface: public abstract int org.springframework.aop.framework.Advised.indexOf(org.aopalliance.aop.Advice)
06:58:21.791 [main] DEBUG o.s.aop.framework.CglibAopProxy - Method is declared on Advised interface: public abstract int org.springframework.aop.framework.Advised.indexOf(org.springframework.aop.Advisor)
06:58:21.791 [main] DEBUG o.s.aop.framework.CglibAopProxy - Method is declared on Advised interface: public abstract boolean org.springframework.aop.framework.Advised.isFrozen()
06:58:21.791 [main] DEBUG o.s.aop.framework.CglibAopProxy - Method is declared on Advised interface: public abstract java.lang.Class org.springframework.aop.TargetClassAware.getTargetClass()
06:58:21.796 [main] DEBUG o.s.b.f.s.DefaultListableBeanFactory - Finished creating instance of bean 'adminUserController'
06:58:21.796 [main] DEBUG o.s.b.f.s.DefaultListableBeanFactory - Creating shared instance of singleton bean 'hospitalController'
06:58:21.796 [main] DEBUG o.s.b.f.s.DefaultListableBeanFactory - Creating instance of bean 'hospitalController'
06:58:21.796 [main] DEBUG o.s.b.f.s.DefaultListableBeanFactory - Eagerly caching bean 'hospitalController' to allow for resolving potential circular references
06:58:21.797 [main] DEBUG o.s.b.f.s.DefaultListableBeanFactory - Returning cached instance of singleton bean 'metaDataSourceAdvisor'
06:58:21.797 [main] DEBUG o.s.s.a.p.PrePostAnnotationSecurityMetadataSource - @org.springframework.security.access.prepost.PreAuthorize(value=hasRole('ROLE_ADMIN')) found on specific method: public java.lang.String edu.ncsu.csc.itrust2.controllers.admin.HospitalController.addHospitalSubmit(edu.ncsu.csc.itrust2.forms.admin.HospitalForm,org.springframework.validation.BindingResult,org.springframework.ui.Model)
06:58:21.797 [main] DEBUG o.s.s.a.m.DelegatingMethodSecurityMetadataSource - Caching method [CacheKey[edu.ncsu.csc.itrust2.controllers.admin.HospitalController; public java.lang.String edu.ncsu.csc.itrust2.controllers.admin.HospitalController.addHospitalSubmit(edu.ncsu.csc.itrust2.forms.admin.HospitalForm,org.springframework.validation.BindingResult,org.springframework.ui.Model)]] with attributes [[authorize: 'hasRole('ROLE_ADMIN')', filter: 'null', filterTarget: 'null']]
06:58:21.797 [main] DEBUG o.s.a.f.a.InfrastructureAdvisorAutoProxyCreator - Creating implicit proxy for bean 'hospitalController' with 0 common interceptors and 1 specific interceptors
06:58:21.797 [main] DEBUG o.s.aop.framework.CglibAopProxy - Creating CGLIB proxy: target source is SingletonTargetSource for target object [edu.ncsu.csc.itrust2.controllers.admin.HospitalController@55cd6f06]
06:58:21.797 [main] DEBUG o.s.aop.framework.CglibAopProxy - Unable to apply any optimisations to advised method: public java.lang.String edu.ncsu.csc.itrust2.controllers.admin.HospitalController.addHospitalSubmit(edu.ncsu.csc.itrust2.forms.admin.HospitalForm,org.springframework.validation.BindingResult,org.springframework.ui.Model)
06:58:21.797 [main] DEBUG o.s.s.a.p.PrePostAnnotationSecurityMetadataSource - @org.springframework.security.access.prepost.PreAuthorize(value=hasRole('ROLE_ADMIN')) found on specific method: public java.lang.String edu.ncsu.csc.itrust2.controllers.admin.HospitalController.deleteHospital(org.springframework.ui.Model)
06:58:21.797 [main] DEBUG o.s.s.a.m.DelegatingMethodSecurityMetadataSource - Caching method [CacheKey[edu.ncsu.csc.itrust2.controllers.admin.HospitalController; public java.lang.String edu.ncsu.csc.itrust2.controllers.admin.HospitalController.deleteHospital(org.springframework.ui.Model)]] with attributes [[authorize: 'hasRole('ROLE_ADMIN')', filter: 'null', filterTarget: 'null']]
06:58:21.797 [main] DEBUG o.s.aop.framework.CglibAopProxy - Unable to apply any optimisations to advised method: public java.lang.String edu.ncsu.csc.itrust2.controllers.admin.HospitalController.deleteHospital(org.springframework.ui.Model)
06:58:21.797 [main] DEBUG o.s.s.a.p.PrePostAnnotationSecurityMetadataSource - @org.springframework.security.access.prepost.PreAuthorize(value=hasRole('ROLE_ADMIN')) found on specific method: public java.lang.String edu.ncsu.csc.itrust2.controllers.admin.HospitalController.deleteHospitalSubmit(edu.ncsu.csc.itrust2.forms.admin.DeleteHospitalForm,org.springframework.validation.BindingResult,org.springframework.ui.Model)
06:58:21.797 [main] DEBUG o.s.s.a.m.DelegatingMethodSecurityMetadataSource - Caching method [CacheKey[edu.ncsu.csc.itrust2.controllers.admin.HospitalController; public java.lang.String edu.ncsu.csc.itrust2.controllers.admin.HospitalController.deleteHospitalSubmit(edu.ncsu.csc.itrust2.forms.admin.DeleteHospitalForm,org.springframework.validation.BindingResult,org.springframework.ui.Model)]] with attributes [[authorize: 'hasRole('ROLE_ADMIN')', filter: 'null', filterTarget: 'null']]
06:58:21.797 [main] DEBUG o.s.aop.framework.CglibAopProxy - Unable to apply any optimisations to advised method: public java.lang.String edu.ncsu.csc.itrust2.controllers.admin.HospitalController.deleteHospitalSubmit(edu.ncsu.csc.itrust2.forms.admin.DeleteHospitalForm,org.springframework.validation.BindingResult,org.springframework.ui.Model)
06:58:21.798 [main] DEBUG o.s.s.a.p.PrePostAnnotationSecurityMetadataSource - @org.springframework.security.access.prepost.PreAuthorize(value=hasRole('ROLE_ADMIN')) found on specific method: public java.lang.String edu.ncsu.csc.itrust2.controllers.admin.HospitalController.addHospital(org.springframework.ui.Model)
06:58:21.798 [main] DEBUG o.s.s.a.m.DelegatingMethodSecurityMetadataSource - Caching method [CacheKey[edu.ncsu.csc.itrust2.controllers.admin.HospitalController; public java.lang.String edu.ncsu.csc.itrust2.controllers.admin.HospitalController.addHospital(org.springframework.ui.Model)]] with attributes [[authorize: 'hasRole('ROLE_ADMIN')', filter: 'null', filterTarget: 'null']]
06:58:21.798 [main] DEBUG o.s.aop.framework.CglibAopProxy - Unable to apply any optimisations to advised method: public java.lang.String edu.ncsu.csc.itrust2.controllers.admin.HospitalController.addHospital(org.springframework.ui.Model)
06:58:21.798 [main] DEBUG o.s.aop.framework.CglibAopProxy - Found 'equals' method: public boolean java.lang.Object.equals(java.lang.Object)
06:58:21.798 [main] DEBUG o.s.aop.framework.CglibAopProxy - Unable to apply any optimisations to advised method: public java.lang.String java.lang.Object.toString()
06:58:21.798 [main] DEBUG o.s.aop.framework.CglibAopProxy - Found 'hashCode' method: public native int java.lang.Object.hashCode()
06:58:21.798 [main] DEBUG o.s.aop.framework.CglibAopProxy - Unable to apply any optimisations to advised method: protected native java.lang.Object java.lang.Object.clone() throws java.lang.CloneNotSupportedException
06:58:21.798 [main] DEBUG o.s.aop.framework.CglibAopProxy - Method is declared on Advised interface: public abstract org.springframework.aop.TargetSource org.springframework.aop.framework.Advised.getTargetSource()
06:58:21.798 [main] DEBUG o.s.aop.framework.CglibAopProxy - Method is declared on Advised interface: public abstract boolean org.springframework.aop.framework.Advised.isProxyTargetClass()
06:58:21.798 [main] DEBUG o.s.aop.framework.CglibAopProxy - Method is declared on Advised interface: public abstract void org.springframework.aop.framework.Advised.addAdvisor(org.springframework.aop.Advisor) throws org.springframework.aop.framework.AopConfigException
06:58:21.798 [main] DEBUG o.s.aop.framework.CglibAopProxy - Method is declared on Advised interface: public abstract void org.springframework.aop.framework.Advised.addAdvisor(int,org.springframework.aop.Advisor) throws org.springframework.aop.framework.AopConfigException
06:58:21.798 [main] DEBUG o.s.aop.framework.CglibAopProxy - Method is declared on Advised interface: public abstract void org.springframework.aop.framework.Advised.setPreFiltered(boolean)
06:58:21.798 [main] DEBUG o.s.aop.framework.CglibAopProxy - Method is declared on Advised interface: public abstract void org.springframework.aop.framework.Advised.setExposeProxy(boolean)
06:58:21.798 [main] DEBUG o.s.aop.framework.CglibAopProxy - Method is declared on Advised interface: public abstract boolean org.springframework.aop.framework.Advised.isExposeProxy()
06:58:21.798 [main] DEBUG o.s.aop.framework.CglibAopProxy - Method is declared on Advised interface: public abstract void org.springframework.aop.framework.Advised.addAdvice(org.aopalliance.aop.Advice) throws org.springframework.aop.framework.AopConfigException
06:58:21.798 [main] DEBUG o.s.aop.framework.CglibAopProxy - Method is declared on Advised interface: public abstract void org.springframework.aop.framework.Advised.addAdvice(int,org.aopalliance.aop.Advice) throws org.springframework.aop.framework.AopConfigException
06:58:21.798 [main] DEBUG o.s.aop.framework.CglibAopProxy - Method is declared on Advised interface: public abstract boolean org.springframework.aop.framework.Advised.isPreFiltered()
06:58:21.798 [main] DEBUG o.s.aop.framework.CglibAopProxy - Method is declared on Advised interface: public abstract java.lang.Class[] org.springframework.aop.framework.Advised.getProxiedInterfaces()
06:58:21.798 [main] DEBUG o.s.aop.framework.CglibAopProxy - Method is declared on Advised interface: public abstract boolean org.springframework.aop.framework.Advised.isInterfaceProxied(java.lang.Class)
06:58:21.798 [main] DEBUG o.s.aop.framework.CglibAopProxy - Method is declared on Advised interface: public abstract org.springframework.aop.Advisor[] org.springframework.aop.framework.Advised.getAdvisors()
06:58:21.798 [main] DEBUG o.s.aop.framework.CglibAopProxy - Method is declared on Advised interface: public abstract boolean org.springframework.aop.framework.Advised.removeAdvisor(org.springframework.aop.Advisor)
06:58:21.798 [main] DEBUG o.s.aop.framework.CglibAopProxy - Method is declared on Advised interface: public abstract void org.springframework.aop.framework.Advised.removeAdvisor(int) throws org.springframework.aop.framework.AopConfigException
06:58:21.798 [main] DEBUG o.s.aop.framework.CglibAopProxy - Method is declared on Advised interface: public abstract boolean org.springframework.aop.framework.Advised.replaceAdvisor(org.springframework.aop.Advisor,org.springframework.aop.Advisor) throws org.springframework.aop.framework.AopConfigException
06:58:21.798 [main] DEBUG o.s.aop.framework.CglibAopProxy - Method is declared on Advised interface: public abstract boolean org.springframework.aop.framework.Advised.removeAdvice(org.aopalliance.aop.Advice)
06:58:21.798 [main] DEBUG o.s.aop.framework.CglibAopProxy - Method is declared on Advised interface: public abstract java.lang.String org.springframework.aop.framework.Advised.toProxyConfigString()
06:58:21.798 [main] DEBUG o.s.aop.framework.CglibAopProxy - Method is declared on Advised interface: public abstract void org.springframework.aop.framework.Advised.setTargetSource(org.springframework.aop.TargetSource)
06:58:21.798 [main] DEBUG o.s.aop.framework.CglibAopProxy - Method is declared on Advised interface: public abstract int org.springframework.aop.framework.Advised.indexOf(org.aopalliance.aop.Advice)
06:58:21.798 [main] DEBUG o.s.aop.framework.CglibAopProxy - Method is declared on Advised interface: public abstract int org.springframework.aop.framework.Advised.indexOf(org.springframework.aop.Advisor)
06:58:21.798 [main] DEBUG o.s.aop.framework.CglibAopProxy - Method is declared on Advised interface: public abstract boolean org.springframework.aop.framework.Advised.isFrozen()
06:58:21.798 [main] DEBUG o.s.aop.framework.CglibAopProxy - Method is declared on Advised interface: public abstract java.lang.Class org.springframework.aop.TargetClassAware.getTargetClass()
06:58:21.803 [main] DEBUG o.s.b.f.s.DefaultListableBeanFactory - Finished creating instance of bean 'hospitalController'
06:58:21.803 [main] DEBUG o.s.b.f.s.DefaultListableBeanFactory - Creating shared instance of singleton bean 'ICDCodesController'
06:58:21.803 [main] DEBUG o.s.b.f.s.DefaultListableBeanFactory - Creating instance of bean 'ICDCodesController'
06:58:21.803 [main] DEBUG o.s.b.f.s.DefaultListableBeanFactory - Eagerly caching bean 'ICDCodesController' to allow for resolving potential circular references
06:58:21.803 [main] DEBUG o.s.b.f.s.DefaultListableBeanFactory - Returning cached instance of singleton bean 'metaDataSourceAdvisor'
06:58:21.803 [main] DEBUG o.s.s.a.p.PrePostAnnotationSecurityMetadataSource - @org.springframework.security.access.prepost.PreAuthorize(value=hasRole('ROLE_ADMIN')) found on specific method: public java.lang.String edu.ncsu.csc.itrust2.controllers.admin.ICDCodesController.addCode(org.springframework.ui.Model)
06:58:21.803 [main] DEBUG o.s.s.a.m.DelegatingMethodSecurityMetadataSource - Caching method [CacheKey[edu.ncsu.csc.itrust2.controllers.admin.ICDCodesController; public java.lang.String edu.ncsu.csc.itrust2.controllers.admin.ICDCodesController.addCode(org.springframework.ui.Model)]] with attributes [[authorize: 'hasRole('ROLE_ADMIN')', filter: 'null', filterTarget: 'null']]
06:58:21.804 [main] DEBUG o.s.a.f.a.InfrastructureAdvisorAutoProxyCreator - Creating implicit proxy for bean 'ICDCodesController' with 0 common interceptors and 1 specific interceptors
06:58:21.804 [main] DEBUG o.s.aop.framework.CglibAopProxy - Creating CGLIB proxy: target source is SingletonTargetSource for target object [edu.ncsu.csc.itrust2.controllers.admin.ICDCodesController@7f74d79f]
06:58:21.804 [main] DEBUG o.s.aop.framework.CglibAopProxy - Unable to apply any optimisations to advised method: public java.lang.String edu.ncsu.csc.itrust2.controllers.admin.ICDCodesController.addCode(org.springframework.ui.Model)
06:58:21.804 [main] DEBUG o.s.aop.framework.CglibAopProxy - Found 'equals' method: public boolean java.lang.Object.equals(java.lang.Object)
06:58:21.804 [main] DEBUG o.s.aop.framework.CglibAopProxy - Unable to apply any optimisations to advised method: public java.lang.String java.lang.Object.toString()
06:58:21.804 [main] DEBUG o.s.aop.framework.CglibAopProxy - Found 'hashCode' method: public native int java.lang.Object.hashCode()
06:58:21.804 [main] DEBUG o.s.aop.framework.CglibAopProxy - Unable to apply any optimisations to advised method: protected native java.lang.Object java.lang.Object.clone() throws java.lang.CloneNotSupportedException
06:58:21.804 [main] DEBUG o.s.aop.framework.CglibAopProxy - Method is declared on Advised interface: public abstract org.springframework.aop.TargetSource org.springframework.aop.framework.Advised.getTargetSource()
06:58:21.804 [main] DEBUG o.s.aop.framework.CglibAopProxy - Method is declared on Advised interface: public abstract boolean org.springframework.aop.framework.Advised.isProxyTargetClass()
06:58:21.804 [main] DEBUG o.s.aop.framework.CglibAopProxy - Method is declared on Advised interface: public abstract void org.springframework.aop.framework.Advised.addAdvisor(org.springframework.aop.Advisor) throws org.springframework.aop.framework.AopConfigException
06:58:21.804 [main] DEBUG o.s.aop.framework.CglibAopProxy - Method is declared on Advised interface: public abstract void org.springframework.aop.framework.Advised.addAdvisor(int,org.springframework.aop.Advisor) throws org.springframework.aop.framework.AopConfigException
06:58:21.804 [main] DEBUG o.s.aop.framework.CglibAopProxy - Method is declared on Advised interface: public abstract void org.springframework.aop.framework.Advised.setPreFiltered(boolean)
06:58:21.804 [main] DEBUG o.s.aop.framework.CglibAopProxy - Method is declared on Advised interface: public abstract void org.springframework.aop.framework.Advised.setExposeProxy(boolean)
06:58:21.804 [main] DEBUG o.s.aop.framework.CglibAopProxy - Method is declared on Advised interface: public abstract boolean org.springframework.aop.framework.Advised.isExposeProxy()
06:58:21.804 [main] DEBUG o.s.aop.framework.CglibAopProxy - Method is declared on Advised interface: public abstract void org.springframework.aop.framework.Advised.addAdvice(org.aopalliance.aop.Advice) throws org.springframework.aop.framework.AopConfigException
06:58:21.804 [main] DEBUG o.s.aop.framework.CglibAopProxy - Method is declared on Advised interface: public abstract void org.springframework.aop.framework.Advised.addAdvice(int,org.aopalliance.aop.Advice) throws org.springframework.aop.framework.AopConfigException
06:58:21.804 [main] DEBUG o.s.aop.framework.CglibAopProxy - Method is declared on Advised interface: public abstract boolean org.springframework.aop.framework.Advised.isPreFiltered()
06:58:21.804 [main] DEBUG o.s.aop.framework.CglibAopProxy - Method is declared on Advised interface: public abstract java.lang.Class[] org.springframework.aop.framework.Advised.getProxiedInterfaces()
06:58:21.804 [main] DEBUG o.s.aop.framework.CglibAopProxy - Method is declared on Advised interface: public abstract boolean org.springframework.aop.framework.Advised.isInterfaceProxied(java.lang.Class)
06:58:21.804 [main] DEBUG o.s.aop.framework.CglibAopProxy - Method is declared on Advised interface: public abstract org.springframework.aop.Advisor[] org.springframework.aop.framework.Advised.getAdvisors()
06:58:21.804 [main] DEBUG o.s.aop.framework.CglibAopProxy - Method is declared on Advised interface: public abstract boolean org.springframework.aop.framework.Advised.removeAdvisor(org.springframework.aop.Advisor)
06:58:21.804 [main] DEBUG o.s.aop.framework.CglibAopProxy - Method is declared on Advised interface: public abstract void org.springframework.aop.framework.Advised.removeAdvisor(int) throws org.springframework.aop.framework.AopConfigException
06:58:21.804 [main] DEBUG o.s.aop.framework.CglibAopProxy - Method is declared on Advised interface: public abstract boolean org.springframework.aop.framework.Advised.replaceAdvisor(org.springframework.aop.Advisor,org.springframework.aop.Advisor) throws org.springframework.aop.framework.AopConfigException
06:58:21.804 [main] DEBUG o.s.aop.framework.CglibAopProxy - Method is declared on Advised interface: public abstract boolean org.springframework.aop.framework.Advised.removeAdvice(org.aopalliance.aop.Advice)
06:58:21.804 [main] DEBUG o.s.aop.framework.CglibAopProxy - Method is declared on Advised interface: public abstract java.lang.String org.springframework.aop.framework.Advised.toProxyConfigString()
06:58:21.804 [main] DEBUG o.s.aop.framework.CglibAopProxy - Method is declared on Advised interface: public abstract void org.springframework.aop.framework.Advised.setTargetSource(org.springframework.aop.TargetSource)
06:58:21.804 [main] DEBUG o.s.aop.framework.CglibAopProxy - Method is declared on Advised interface: public abstract int org.springframework.aop.framework.Advised.indexOf(org.aopalliance.aop.Advice)
06:58:21.804 [main] DEBUG o.s.aop.framework.CglibAopProxy - Method is declared on Advised interface: public abstract int org.springframework.aop.framework.Advised.indexOf(org.springframework.aop.Advisor)
06:58:21.804 [main] DEBUG o.s.aop.framework.CglibAopProxy - Method is declared on Advised interface: public abstract boolean org.springframework.aop.framework.Advised.isFrozen()
06:58:21.804 [main] DEBUG o.s.aop.framework.CglibAopProxy - Method is declared on Advised interface: public abstract java.lang.Class org.springframework.aop.TargetClassAware.getTargetClass()
06:58:21.809 [main] DEBUG o.s.b.f.s.DefaultListableBeanFactory - Finished creating instance of bean 'ICDCodesController'
06:58:21.809 [main] DEBUG o.s.b.f.s.DefaultListableBeanFactory - Creating shared instance of singleton bean 'APIAppointmentRequestController'
06:58:21.809 [main] DEBUG o.s.b.f.s.DefaultListableBeanFactory - Creating instance of bean 'APIAppointmentRequestController'
06:58:21.809 [main] DEBUG o.s.b.f.s.DefaultListableBeanFactory - Eagerly caching bean 'APIAppointmentRequestController' to allow for resolving potential circular references
06:58:21.809 [main] DEBUG o.s.b.f.s.DefaultListableBeanFactory - Returning cached instance of singleton bean 'metaDataSourceAdvisor'
06:58:21.809 [main] DEBUG o.s.b.f.s.DefaultListableBeanFactory - Finished creating instance of bean 'APIAppointmentRequestController'
06:58:21.809 [main] DEBUG o.s.b.f.s.DefaultListableBeanFactory - Creating shared instance of singleton bean 'APIDiagnosisController'
06:58:21.809 [main] DEBUG o.s.b.f.s.DefaultListableBeanFactory - Creating instance of bean 'APIDiagnosisController'
06:58:21.809 [main] DEBUG o.s.b.f.s.DefaultListableBeanFactory - Eagerly caching bean 'APIDiagnosisController' to allow for resolving potential circular references
06:58:21.810 [main] DEBUG o.s.b.f.s.DefaultListableBeanFactory - Returning cached instance of singleton bean 'metaDataSourceAdvisor'
06:58:21.810 [main] DEBUG o.s.b.f.s.DefaultListableBeanFactory - Finished creating instance of bean 'APIDiagnosisController'
06:58:21.810 [main] DEBUG o.s.b.f.s.DefaultListableBeanFactory - Creating shared instance of singleton bean 'APIDrugController'
06:58:21.810 [main] DEBUG o.s.b.f.s.DefaultListableBeanFactory - Creating instance of bean 'APIDrugController'
06:58:21.810 [main] DEBUG o.s.b.f.s.DefaultListableBeanFactory - Eagerly caching bean 'APIDrugController' to allow for resolving potential circular references
06:58:21.810 [main] DEBUG o.s.b.f.s.DefaultListableBeanFactory - Returning cached instance of singleton bean 'metaDataSourceAdvisor'
06:58:21.810 [main] DEBUG o.s.s.a.p.PrePostAnnotationSecurityMetadataSource - @org.springframework.security.access.prepost.PreAuthorize(value=hasRole('ROLE_ADMIN')) found on specific method: public org.springframework.http.ResponseEntity edu.ncsu.csc.itrust2.controllers.api.APIDrugController.addDrug(edu.ncsu.csc.itrust2.forms.admin.DrugForm)
06:58:21.810 [main] DEBUG o.s.s.a.m.DelegatingMethodSecurityMetadataSource - Caching method [CacheKey[edu.ncsu.csc.itrust2.controllers.api.APIDrugController; public org.springframework.http.ResponseEntity edu.ncsu.csc.itrust2.controllers.api.APIDrugController.addDrug(edu.ncsu.csc.itrust2.forms.admin.DrugForm)]] with attributes [[authorize: 'hasRole('ROLE_ADMIN')', filter: 'null', filterTarget: 'null']]
06:58:21.810 [main] DEBUG o.s.a.f.a.InfrastructureAdvisorAutoProxyCreator - Creating implicit proxy for bean 'APIDrugController' with 0 common interceptors and 1 specific interceptors
06:58:21.810 [main] DEBUG o.s.aop.framework.CglibAopProxy - Creating CGLIB proxy: target source is SingletonTargetSource for target object [edu.ncsu.csc.itrust2.controllers.api.APIDrugController@b526150]
06:58:23.905 [main] DEBUG o.s.aop.framework.CglibAopProxy - Unable to apply any optimisations to advised method: public org.springframework.http.ResponseEntity edu.ncsu.csc.itrust2.controllers.api.APIDrugController.addDrug(edu.ncsu.csc.itrust2.forms.admin.DrugForm)
06:58:23.905 [main] DEBUG o.s.s.a.p.PrePostAnnotationSecurityMetadataSource - @org.springframework.security.access.prepost.PreAuthorize(value=hasRole('ROLE_ADMIN')) found on specific method: public org.springframework.http.ResponseEntity edu.ncsu.csc.itrust2.controllers.api.APIDrugController.editDrug(edu.ncsu.csc.itrust2.forms.admin.DrugForm)
06:58:23.906 [main] DEBUG o.s.s.a.m.DelegatingMethodSecurityMetadataSource - Caching method [CacheKey[edu.ncsu.csc.itrust2.controllers.api.APIDrugController; public org.springframework.http.ResponseEntity edu.ncsu.csc.itrust2.controllers.api.APIDrugController.editDrug(edu.ncsu.csc.itrust2.forms.admin.DrugForm)]] with attributes [[authorize: 'hasRole('ROLE_ADMIN')', filter: 'null', filterTarget: 'null']]
06:58:23.906 [main] DEBUG o.s.aop.framework.CglibAopProxy - Unable to apply any optimisations to advised method: public org.springframework.http.ResponseEntity edu.ncsu.csc.itrust2.controllers.api.APIDrugController.editDrug(edu.ncsu.csc.itrust2.forms.admin.DrugForm)
06:58:23.906 [main] DEBUG o.s.s.a.p.PrePostAnnotationSecurityMetadataSource - @org.springframework.security.access.prepost.PreAuthorize(value=hasRole('ROLE_ADMIN')) found on specific method: public org.springframework.http.ResponseEntity edu.ncsu.csc.itrust2.controllers.api.APIDrugController.deleteDrug(java.lang.String)
06:58:23.906 [main] DEBUG o.s.s.a.m.DelegatingMethodSecurityMetadataSource - Caching method [CacheKey[edu.ncsu.csc.itrust2.controllers.api.APIDrugController; public org.springframework.http.ResponseEntity edu.ncsu.csc.itrust2.controllers.api.APIDrugController.deleteDrug(java.lang.String)]] with attributes [[authorize: 'hasRole('ROLE_ADMIN')', filter: 'null', filterTarget: 'null']]
06:58:23.906 [main] DEBUG o.s.aop.framework.CglibAopProxy - Unable to apply any optimisations to advised method: public org.springframework.http.ResponseEntity edu.ncsu.csc.itrust2.controllers.api.APIDrugController.deleteDrug(java.lang.String)
06:58:23.906 [main] DEBUG o.s.aop.framework.CglibAopProxy - Unable to apply any optimisations to advised method: public java.util.List edu.ncsu.csc.itrust2.controllers.api.APIDrugController.getDrugs()
06:58:23.906 [main] DEBUG o.s.aop.framework.CglibAopProxy - Found 'equals' method: public boolean java.lang.Object.equals(java.lang.Object)
06:58:23.906 [main] DEBUG o.s.aop.framework.CglibAopProxy - Unable to apply any optimisations to advised method: public java.lang.String java.lang.Object.toString()
06:58:23.906 [main] DEBUG o.s.aop.framework.CglibAopProxy - Found 'hashCode' method: public native int java.lang.Object.hashCode()
06:58:23.906 [main] DEBUG o.s.aop.framework.CglibAopProxy - Unable to apply any optimisations to advised method: protected native java.lang.Object java.lang.Object.clone() throws java.lang.CloneNotSupportedException
06:58:23.906 [main] DEBUG o.s.aop.framework.CglibAopProxy - Method is declared on Advised interface: public abstract org.springframework.aop.TargetSource org.springframework.aop.framework.Advised.getTargetSource()
06:58:23.906 [main] DEBUG o.s.aop.framework.CglibAopProxy - Method is declared on Advised interface: public abstract boolean org.springframework.aop.framework.Advised.isProxyTargetClass()
06:58:23.906 [main] DEBUG o.s.aop.framework.CglibAopProxy - Method is declared on Advised interface: public abstract void org.springframework.aop.framework.Advised.addAdvisor(org.springframework.aop.Advisor) throws org.springframework.aop.framework.AopConfigException
06:58:23.906 [main] DEBUG o.s.aop.framework.CglibAopProxy - Method is declared on Advised interface: public abstract void org.springframework.aop.framework.Advised.addAdvisor(int,org.springframework.aop.Advisor) throws org.springframework.aop.framework.AopConfigException
06:58:23.906 [main] DEBUG o.s.aop.framework.CglibAopProxy - Method is declared on Advised interface: public abstract void org.springframework.aop.framework.Advised.setPreFiltered(boolean)
06:58:23.906 [main] DEBUG o.s.aop.framework.CglibAopProxy - Method is declared on Advised interface: public abstract void org.springframework.aop.framework.Advised.setExposeProxy(boolean)
06:58:23.906 [main] DEBUG o.s.aop.framework.CglibAopProxy - Method is declared on Advised interface: public abstract boolean org.springframework.aop.framework.Advised.isExposeProxy()
06:58:23.906 [main] DEBUG o.s.aop.framework.CglibAopProxy - Method is declared on Advised interface: public abstract void org.springframework.aop.framework.Advised.addAdvice(org.aopalliance.aop.Advice) throws org.springframework.aop.framework.AopConfigException
06:58:23.906 [main] DEBUG o.s.aop.framework.CglibAopProxy - Method is declared on Advised interface: public abstract void org.springframework.aop.framework.Advised.addAdvice(int,org.aopalliance.aop.Advice) throws org.springframework.aop.framework.AopConfigException
06:58:23.906 [main] DEBUG o.s.aop.framework.CglibAopProxy - Method is declared on Advised interface: public abstract boolean org.springframework.aop.framework.Advised.isPreFiltered()
06:58:23.906 [main] DEBUG o.s.aop.framework.CglibAopProxy - Method is declared on Advised interface: public abstract java.lang.Class[] org.springframework.aop.framework.Advised.getProxiedInterfaces()
06:58:23.906 [main] DEBUG o.s.aop.framework.CglibAopProxy - Method is declared on Advised interface: public abstract boolean org.springframework.aop.framework.Advised.isInterfaceProxied(java.lang.Class)
06:58:23.906 [main] DEBUG o.s.aop.framework.CglibAopProxy - Method is declared on Advised interface: public abstract org.springframework.aop.Advisor[] org.springframework.aop.framework.Advised.getAdvisors()
06:58:23.906 [main] DEBUG o.s.aop.framework.CglibAopProxy - Method is declared on Advised interface: public abstract boolean org.springframework.aop.framework.Advised.removeAdvisor(org.springframework.aop.Advisor)
06:58:23.906 [main] DEBUG o.s.aop.framework.CglibAopProxy - Method is declared on Advised interface: public abstract void org.springframework.aop.framework.Advised.removeAdvisor(int) throws org.springframework.aop.framework.AopConfigException
06:58:23.906 [main] DEBUG o.s.aop.framework.CglibAopProxy - Method is declared on Advised interface: public abstract boolean org.springframework.aop.framework.Advised.replaceAdvisor(org.springframework.aop.Advisor,org.springframework.aop.Advisor) throws org.springframework.aop.framework.AopConfigException
06:58:23.907 [main] DEBUG o.s.aop.framework.CglibAopProxy - Method is declared on Advised interface: public abstract boolean org.springframework.aop.framework.Advised.removeAdvice(org.aopalliance.aop.Advice)
06:58:23.907 [main] DEBUG o.s.aop.framework.CglibAopProxy - Method is declared on Advised interface: public abstract java.lang.String org.springframework.aop.framework.Advised.toProxyConfigString()
06:58:23.907 [main] DEBUG o.s.aop.framework.CglibAopProxy - Method is declared on Advised interface: public abstract void org.springframework.aop.framework.Advised.setTargetSource(org.springframework.aop.TargetSource)
06:58:23.907 [main] DEBUG o.s.aop.framework.CglibAopProxy - Method is declared on Advised interface: public abstract int org.springframework.aop.framework.Advised.indexOf(org.aopalliance.aop.Advice)
06:58:23.907 [main] DEBUG o.s.aop.framework.CglibAopProxy - Method is declared on Advised interface: public abstract int org.springframework.aop.framework.Advised.indexOf(org.springframework.aop.Advisor)
06:58:23.907 [main] DEBUG o.s.aop.framework.CglibAopProxy - Method is declared on Advised interface: public abstract boolean org.springframework.aop.framework.Advised.isFrozen()
06:58:23.907 [main] DEBUG o.s.aop.framework.CglibAopProxy - Method is declared on Advised interface: public abstract java.lang.Class org.springframework.aop.TargetClassAware.getTargetClass()
06:58:23.912 [main] DEBUG o.s.b.f.s.DefaultListableBeanFactory - Finished creating instance of bean 'APIDrugController'
06:58:23.912 [main] DEBUG o.s.b.f.s.DefaultListableBeanFactory - Creating shared instance of singleton bean 'APIEnumController'
06:58:23.912 [main] DEBUG o.s.b.f.s.DefaultListableBeanFactory - Creating instance of bean 'APIEnumController'
06:58:23.912 [main] DEBUG o.s.b.f.s.DefaultListableBeanFactory - Eagerly caching bean 'APIEnumController' to allow for resolving potential circular references
06:58:23.913 [main] DEBUG o.s.b.f.s.DefaultListableBeanFactory - Returning cached instance of singleton bean 'metaDataSourceAdvisor'
06:58:23.913 [main] DEBUG o.s.b.f.s.DefaultListableBeanFactory - Finished creating instance of bean 'APIEnumController'
06:58:23.913 [main] DEBUG o.s.b.f.s.DefaultListableBeanFactory - Creating shared instance of singleton bean 'APIHospitalController'
06:58:23.913 [main] DEBUG o.s.b.f.s.DefaultListableBeanFactory - Creating instance of bean 'APIHospitalController'
06:58:23.914 [main] DEBUG o.s.b.f.s.DefaultListableBeanFactory - Eagerly caching bean 'APIHospitalController' to allow for resolving potential circular references
06:58:23.914 [main] DEBUG o.s.b.f.s.DefaultListableBeanFactory - Returning cached instance of singleton bean 'metaDataSourceAdvisor'
06:58:23.914 [main] DEBUG o.s.b.f.s.DefaultListableBeanFactory - Finished creating instance of bean 'APIHospitalController'
06:58:23.914 [main] DEBUG o.s.b.f.s.DefaultListableBeanFactory - Creating shared instance of singleton bean 'APIICDCodeController'
06:58:23.914 [main] DEBUG o.s.b.f.s.DefaultListableBeanFactory - Creating instance of bean 'APIICDCodeController'
06:58:23.914 [main] DEBUG o.s.b.f.s.DefaultListableBeanFactory - Eagerly caching bean 'APIICDCodeController' to allow for resolving potential circular references
06:58:23.914 [main] DEBUG o.s.b.f.s.DefaultListableBeanFactory - Returning cached instance of singleton bean 'metaDataSourceAdvisor'
06:58:23.914 [main] DEBUG o.s.s.a.p.PrePostAnnotationSecurityMetadataSource - @org.springframework.security.access.prepost.PreAuthorize(value=hasRole('ROLE_ADMIN')) found on specific method: public org.springframework.http.ResponseEntity edu.ncsu.csc.itrust2.controllers.api.APIICDCodeController.updateCode(java.lang.Long,edu.ncsu.csc.itrust2.forms.admin.ICDCodeForm)
06:58:23.915 [main] DEBUG o.s.s.a.m.DelegatingMethodSecurityMetadataSource - Caching method [CacheKey[edu.ncsu.csc.itrust2.controllers.api.APIICDCodeController; public org.springframework.http.ResponseEntity edu.ncsu.csc.itrust2.controllers.api.APIICDCodeController.updateCode(java.lang.Long,edu.ncsu.csc.itrust2.forms.admin.ICDCodeForm)]] with attributes [[authorize: 'hasRole('ROLE_ADMIN')', filter: 'null', filterTarget: 'null']]
06:58:23.915 [main] DEBUG o.s.a.f.a.InfrastructureAdvisorAutoProxyCreator - Creating implicit proxy for bean 'APIICDCodeController' with 0 common interceptors and 1 specific interceptors
06:58:23.915 [main] DEBUG o.s.aop.framework.CglibAopProxy - Creating CGLIB proxy: target source is SingletonTargetSource for target object [edu.ncsu.csc.itrust2.controllers.api.APIICDCodeController@661f2140]
06:58:23.915 [main] DEBUG o.s.aop.framework.CglibAopProxy - Unable to apply any optimisations to advised method: public org.springframework.http.ResponseEntity edu.ncsu.csc.itrust2.controllers.api.APIICDCodeController.getCode(java.lang.Long)
06:58:23.915 [main] DEBUG o.s.aop.framework.CglibAopProxy - Unable to apply any optimisations to advised method: public java.util.List edu.ncsu.csc.itrust2.controllers.api.APIICDCodeController.getCodes()
06:58:23.915 [main] DEBUG o.s.aop.framework.CglibAopProxy - Unable to apply any optimisations to advised method: public org.springframework.http.ResponseEntity edu.ncsu.csc.itrust2.controllers.api.APIICDCodeController.updateCode(java.lang.Long,edu.ncsu.csc.itrust2.forms.admin.ICDCodeForm)
06:58:23.916 [main] DEBUG o.s.s.a.p.PrePostAnnotationSecurityMetadataSource - @org.springframework.security.access.prepost.PreAuthorize(value=hasRole('ROLE_ADMIN')) found on specific method: public org.springframework.http.ResponseEntity edu.ncsu.csc.itrust2.controllers.api.APIICDCodeController.deleteCode(java.lang.Long)
06:58:23.916 [main] DEBUG o.s.s.a.m.DelegatingMethodSecurityMetadataSource - Caching method [CacheKey[edu.ncsu.csc.itrust2.controllers.api.APIICDCodeController; public org.springframework.http.ResponseEntity edu.ncsu.csc.itrust2.controllers.api.APIICDCodeController.deleteCode(java.lang.Long)]] with attributes [[authorize: 'hasRole('ROLE_ADMIN')', filter: 'null', filterTarget: 'null']]
06:58:23.916 [main] DEBUG o.s.aop.framework.CglibAopProxy - Unable to apply any optimisations to advised method: public org.springframework.http.ResponseEntity edu.ncsu.csc.itrust2.controllers.api.APIICDCodeController.deleteCode(java.lang.Long)
06:58:23.916 [main] DEBUG o.s.s.a.p.PrePostAnnotationSecurityMetadataSource - @org.springframework.security.access.prepost.PreAuthorize(value=hasRole('ROLE_ADMIN')) found on specific method: public org.springframework.http.ResponseEntity edu.ncsu.csc.itrust2.controllers.api.APIICDCodeController.addCode(edu.ncsu.csc.itrust2.forms.admin.ICDCodeForm)
06:58:23.916 [main] DEBUG o.s.s.a.m.DelegatingMethodSecurityMetadataSource - Caching method [CacheKey[edu.ncsu.csc.itrust2.controllers.api.APIICDCodeController; public org.springframework.http.ResponseEntity edu.ncsu.csc.itrust2.controllers.api.APIICDCodeController.addCode(edu.ncsu.csc.itrust2.forms.admin.ICDCodeForm)]] with attributes [[authorize: 'hasRole('ROLE_ADMIN')', filter: 'null', filterTarget: 'null']]
06:58:23.916 [main] DEBUG o.s.aop.framework.CglibAopProxy - Unable to apply any optimisations to advised method: public org.springframework.http.ResponseEntity edu.ncsu.csc.itrust2.controllers.api.APIICDCodeController.addCode(edu.ncsu.csc.itrust2.forms.admin.ICDCodeForm)
06:58:23.916 [main] DEBUG o.s.aop.framework.CglibAopProxy - Found 'equals' method: public boolean java.lang.Object.equals(java.lang.Object)
06:58:23.916 [main] DEBUG o.s.aop.framework.CglibAopProxy - Unable to apply any optimisations to advised method: public java.lang.String java.lang.Object.toString()
06:58:23.916 [main] DEBUG o.s.aop.framework.CglibAopProxy - Found 'hashCode' method: public native int java.lang.Object.hashCode()
06:58:23.916 [main] DEBUG o.s.aop.framework.CglibAopProxy - Unable to apply any optimisations to advised method: protected native java.lang.Object java.lang.Object.clone() throws java.lang.CloneNotSupportedException
06:58:23.916 [main] DEBUG o.s.aop.framework.CglibAopProxy - Method is declared on Advised interface: public abstract org.springframework.aop.TargetSource org.springframework.aop.framework.Advised.getTargetSource()
06:58:23.916 [main] DEBUG o.s.aop.framework.CglibAopProxy - Method is declared on Advised interface: public abstract boolean org.springframework.aop.framework.Advised.isProxyTargetClass()
06:58:23.916 [main] DEBUG o.s.aop.framework.CglibAopProxy - Method is declared on Advised interface: public abstract void org.springframework.aop.framework.Advised.addAdvisor(org.springframework.aop.Advisor) throws org.springframework.aop.framework.AopConfigException
06:58:23.916 [main] DEBUG o.s.aop.framework.CglibAopProxy - Method is declared on Advised interface: public abstract void org.springframework.aop.framework.Advised.addAdvisor(int,org.springframework.aop.Advisor) throws org.springframework.aop.framework.AopConfigException
06:58:23.916 [main] DEBUG o.s.aop.framework.CglibAopProxy - Method is declared on Advised interface: public abstract void org.springframework.aop.framework.Advised.setPreFiltered(boolean)
06:58:23.916 [main] DEBUG o.s.aop.framework.CglibAopProxy - Method is declared on Advised interface: public abstract void org.springframework.aop.framework.Advised.setExposeProxy(boolean)
06:58:23.916 [main] DEBUG o.s.aop.framework.CglibAopProxy - Method is declared on Advised interface: public abstract boolean org.springframework.aop.framework.Advised.isExposeProxy()
06:58:23.916 [main] DEBUG o.s.aop.framework.CglibAopProxy - Method is declared on Advised interface: public abstract void org.springframework.aop.framework.Advised.addAdvice(org.aopalliance.aop.Advice) throws org.springframework.aop.framework.AopConfigException
06:58:23.916 [main] DEBUG o.s.aop.framework.CglibAopProxy - Method is declared on Advised interface: public abstract void org.springframework.aop.framework.Advised.addAdvice(int,org.aopalliance.aop.Advice) throws org.springframework.aop.framework.AopConfigException
06:58:23.916 [main] DEBUG o.s.aop.framework.CglibAopProxy - Method is declared on Advised interface: public abstract boolean org.springframework.aop.framework.Advised.isPreFiltered()
06:58:23.916 [main] DEBUG o.s.aop.framework.CglibAopProxy - Method is declared on Advised interface: public abstract java.lang.Class[] org.springframework.aop.framework.Advised.getProxiedInterfaces()
06:58:23.916 [main] DEBUG o.s.aop.framework.CglibAopProxy - Method is declared on Advised interface: public abstract boolean org.springframework.aop.framework.Advised.isInterfaceProxied(java.lang.Class)
06:58:23.916 [main] DEBUG o.s.aop.framework.CglibAopProxy - Method is declared on Advised interface: public abstract org.springframework.aop.Advisor[] org.springframework.aop.framework.Advised.getAdvisors()
06:58:23.916 [main] DEBUG o.s.aop.framework.CglibAopProxy - Method is declared on Advised interface: public abstract boolean org.springframework.aop.framework.Advised.removeAdvisor(org.springframework.aop.Advisor)
06:58:23.916 [main] DEBUG o.s.aop.framework.CglibAopProxy - Method is declared on Advised interface: public abstract void org.springframework.aop.framework.Advised.removeAdvisor(int) throws org.springframework.aop.framework.AopConfigException
06:58:23.916 [main] DEBUG o.s.aop.framework.CglibAopProxy - Method is declared on Advised interface: public abstract boolean org.springframework.aop.framework.Advised.replaceAdvisor(org.springframework.aop.Advisor,org.springframework.aop.Advisor) throws org.springframework.aop.framework.AopConfigException
06:58:23.916 [main] DEBUG o.s.aop.framework.CglibAopProxy - Method is declared on Advised interface: public abstract boolean org.springframework.aop.framework.Advised.removeAdvice(org.aopalliance.aop.Advice)
06:58:23.916 [main] DEBUG o.s.aop.framework.CglibAopProxy - Method is declared on Advised interface: public abstract java.lang.String org.springframework.aop.framework.Advised.toProxyConfigString()
06:58:23.916 [main] DEBUG o.s.aop.framework.CglibAopProxy - Method is declared on Advised interface: public abstract void org.springframework.aop.framework.Advised.setTargetSource(org.springframework.aop.TargetSource)
06:58:23.916 [main] DEBUG o.s.aop.framework.CglibAopProxy - Method is declared on Advised interface: public abstract int org.springframework.aop.framework.Advised.indexOf(org.aopalliance.aop.Advice)
06:58:23.916 [main] DEBUG o.s.aop.framework.CglibAopProxy - Method is declared on Advised interface: public abstract int org.springframework.aop.framework.Advised.indexOf(org.springframework.aop.Advisor)
06:58:23.916 [main] DEBUG o.s.aop.framework.CglibAopProxy - Method is declared on Advised interface: public abstract boolean org.springframework.aop.framework.Advised.isFrozen()
06:58:23.916 [main] DEBUG o.s.aop.framework.CglibAopProxy - Method is declared on Advised interface: public abstract java.lang.Class org.springframework.aop.TargetClassAware.getTargetClass()
06:58:23.922 [main] DEBUG o.s.b.f.s.DefaultListableBeanFactory - Finished creating instance of bean 'APIICDCodeController'
06:58:23.922 [main] DEBUG o.s.b.f.s.DefaultListableBeanFactory - Creating shared instance of singleton bean 'APILogEntryController'
06:58:23.922 [main] DEBUG o.s.b.f.s.DefaultListableBeanFactory - Creating instance of bean 'APILogEntryController'
06:58:23.922 [main] DEBUG o.s.b.f.s.DefaultListableBeanFactory - Eagerly caching bean 'APILogEntryController' to allow for resolving potential circular references
06:58:23.923 [main] DEBUG o.s.b.f.s.DefaultListableBeanFactory - Returning cached instance of singleton bean 'metaDataSourceAdvisor'
06:58:23.923 [main] DEBUG o.s.b.f.s.DefaultListableBeanFactory - Finished creating instance of bean 'APILogEntryController'
06:58:23.923 [main] DEBUG o.s.b.f.s.DefaultListableBeanFactory - Creating shared instance of singleton bean 'APIOfficeVisitController'
06:58:23.923 [main] DEBUG o.s.b.f.s.DefaultListableBeanFactory - Creating instance of bean 'APIOfficeVisitController'
06:58:23.923 [main] DEBUG o.s.b.f.s.DefaultListableBeanFactory - Eagerly caching bean 'APIOfficeVisitController' to allow for resolving potential circular references
06:58:23.924 [main] DEBUG o.s.b.f.s.DefaultListableBeanFactory - Returning cached instance of singleton bean 'metaDataSourceAdvisor'
06:58:23.924 [main] DEBUG o.s.s.a.p.PrePostAnnotationSecurityMetadataSource - @org.springframework.security.access.prepost.PreAuthorize(value=hasRole('ROLE_PATIENT')) found on specific method: public java.util.List edu.ncsu.csc.itrust2.controllers.api.APIOfficeVisitController.getMyOfficeVisits()
06:58:23.924 [main] DEBUG o.s.s.a.m.DelegatingMethodSecurityMetadataSource - Caching method [CacheKey[edu.ncsu.csc.itrust2.controllers.api.APIOfficeVisitController; public java.util.List edu.ncsu.csc.itrust2.controllers.api.APIOfficeVisitController.getMyOfficeVisits()]] with attributes [[authorize: 'hasRole('ROLE_PATIENT')', filter: 'null', filterTarget: 'null']]
06:58:23.924 [main] DEBUG o.s.a.f.a.InfrastructureAdvisorAutoProxyCreator - Creating implicit proxy for bean 'APIOfficeVisitController' with 0 common interceptors and 1 specific interceptors
06:58:23.924 [main] DEBUG o.s.aop.framework.CglibAopProxy - Creating CGLIB proxy: target source is SingletonTargetSource for target object [edu.ncsu.csc.itrust2.controllers.api.APIOfficeVisitController@147a3f78]
06:58:23.924 [main] DEBUG o.s.aop.framework.CglibAopProxy - Unable to apply any optimisations to advised method: public java.util.List edu.ncsu.csc.itrust2.controllers.api.APIOfficeVisitController.getMyOfficeVisits()
06:58:23.924 [main] DEBUG o.s.aop.framework.CglibAopProxy - Unable to apply any optimisations to advised method: public org.springframework.http.ResponseEntity edu.ncsu.csc.itrust2.controllers.api.APIOfficeVisitController.getOfficeVisit(java.lang.Long)
06:58:23.924 [main] DEBUG o.s.aop.framework.CglibAopProxy - Unable to apply any optimisations to advised method: public void edu.ncsu.csc.itrust2.controllers.api.APIOfficeVisitController.deleteOfficeVisits()
06:58:23.925 [main] DEBUG o.s.aop.framework.CglibAopProxy - Unable to apply any optimisations to advised method: public org.springframework.http.ResponseEntity edu.ncsu.csc.itrust2.controllers.api.APIOfficeVisitController.createOfficeVisit(edu.ncsu.csc.itrust2.forms.hcp.OfficeVisitForm)
06:58:23.925 [main] DEBUG o.s.aop.framework.CglibAopProxy - Unable to apply any optimisations to advised method: public org.springframework.http.ResponseEntity edu.ncsu.csc.itrust2.controllers.api.APIOfficeVisitController.deleteOfficeVisit(java.lang.Long)
06:58:23.925 [main] DEBUG o.s.aop.framework.CglibAopProxy - Unable to apply any optimisations to advised method: public org.springframework.http.ResponseEntity edu.ncsu.csc.itrust2.controllers.api.APIOfficeVisitController.updateOfficeVisit(java.lang.Long,edu.ncsu.csc.itrust2.forms.hcp.OfficeVisitForm)
06:58:23.925 [main] DEBUG o.s.s.a.p.PrePostAnnotationSecurityMetadataSource - @org.springframework.security.access.prepost.PreAuthorize(value=hasRole('ROLE_HCP')) found on specific method: public org.springframework.http.ResponseEntity edu.ncsu.csc.itrust2.controllers.api.APIOfficeVisitController.viewOfficeVisitHCP(java.lang.Long,edu.ncsu.csc.itrust2.forms.hcp.OfficeVisitForm)
06:58:23.925 [main] DEBUG o.s.s.a.m.DelegatingMethodSecurityMetadataSource - Caching method [CacheKey[edu.ncsu.csc.itrust2.controllers.api.APIOfficeVisitController; public org.springframework.http.ResponseEntity edu.ncsu.csc.itrust2.controllers.api.APIOfficeVisitController.viewOfficeVisitHCP(java.lang.Long,edu.ncsu.csc.itrust2.forms.hcp.OfficeVisitForm)]] with attributes [[authorize: 'hasRole('ROLE_HCP')', filter: 'null', filterTarget: 'null']]
06:58:23.925 [main] DEBUG o.s.aop.framework.CglibAopProxy - Unable to apply any optimisations to advised method: public org.springframework.http.ResponseEntity edu.ncsu.csc.itrust2.controllers.api.APIOfficeVisitController.viewOfficeVisitHCP(java.lang.Long,edu.ncsu.csc.itrust2.forms.hcp.OfficeVisitForm)
06:58:23.925 [main] DEBUG o.s.s.a.p.PrePostAnnotationSecurityMetadataSource - @org.springframework.security.access.prepost.PreAuthorize(value=hasRole('ROLE_PATIENT')) found on specific method: public org.springframework.http.ResponseEntity edu.ncsu.csc.itrust2.controllers.api.APIOfficeVisitController.viewOfficeVisitPatient(java.lang.Long,edu.ncsu.csc.itrust2.forms.hcp.OfficeVisitForm)
06:58:23.925 [main] DEBUG o.s.s.a.m.DelegatingMethodSecurityMetadataSource - Caching method [CacheKey[edu.ncsu.csc.itrust2.controllers.api.APIOfficeVisitController; public org.springframework.http.ResponseEntity edu.ncsu.csc.itrust2.controllers.api.APIOfficeVisitController.viewOfficeVisitPatient(java.lang.Long,edu.ncsu.csc.itrust2.forms.hcp.OfficeVisitForm)]] with attributes [[authorize: 'hasRole('ROLE_PATIENT')', filter: 'null', filterTarget: 'null']]
06:58:23.925 [main] DEBUG o.s.aop.framework.CglibAopProxy - Unable to apply any optimisations to advised method: public org.springframework.http.ResponseEntity edu.ncsu.csc.itrust2.controllers.api.APIOfficeVisitController.viewOfficeVisitPatient(java.lang.Long,edu.ncsu.csc.itrust2.forms.hcp.OfficeVisitForm)
06:58:23.925 [main] DEBUG o.s.aop.framework.CglibAopProxy - Unable to apply any optimisations to advised method: public java.util.List edu.ncsu.csc.itrust2.controllers.api.APIOfficeVisitController.getOfficeVisits()
06:58:23.925 [main] DEBUG o.s.aop.framework.CglibAopProxy - Found 'equals' method: public boolean java.lang.Object.equals(java.lang.Object)
06:58:23.925 [main] DEBUG o.s.aop.framework.CglibAopProxy - Unable to apply any optimisations to advised method: public java.lang.String java.lang.Object.toString()
06:58:23.925 [main] DEBUG o.s.aop.framework.CglibAopProxy - Found 'hashCode' method: public native int java.lang.Object.hashCode()
06:58:23.925 [main] DEBUG o.s.aop.framework.CglibAopProxy - Unable to apply any optimisations to advised method: protected native java.lang.Object java.lang.Object.clone() throws java.lang.CloneNotSupportedException
06:58:23.925 [main] DEBUG o.s.aop.framework.CglibAopProxy - Method is declared on Advised interface: public abstract org.springframework.aop.TargetSource org.springframework.aop.framework.Advised.getTargetSource()
06:58:23.925 [main] DEBUG o.s.aop.framework.CglibAopProxy - Method is declared on Advised interface: public abstract boolean org.springframework.aop.framework.Advised.isProxyTargetClass()
06:58:23.925 [main] DEBUG o.s.aop.framework.CglibAopProxy - Method is declared on Advised interface: public abstract void org.springframework.aop.framework.Advised.addAdvisor(org.springframework.aop.Advisor) throws org.springframework.aop.framework.AopConfigException
06:58:23.925 [main] DEBUG o.s.aop.framework.CglibAopProxy - Method is declared on Advised interface: public abstract void org.springframework.aop.framework.Advised.addAdvisor(int,org.springframework.aop.Advisor) throws org.springframework.aop.framework.AopConfigException
06:58:23.925 [main] DEBUG o.s.aop.framework.CglibAopProxy - Method is declared on Advised interface: public abstract void org.springframework.aop.framework.Advised.setPreFiltered(boolean)
06:58:23.925 [main] DEBUG o.s.aop.framework.CglibAopProxy - Method is declared on Advised interface: public abstract void org.springframework.aop.framework.Advised.setExposeProxy(boolean)
06:58:23.925 [main] DEBUG o.s.aop.framework.CglibAopProxy - Method is declared on Advised interface: public abstract boolean org.springframework.aop.framework.Advised.isExposeProxy()
06:58:23.925 [main] DEBUG o.s.aop.framework.CglibAopProxy - Method is declared on Advised interface: public abstract void org.springframework.aop.framework.Advised.addAdvice(org.aopalliance.aop.Advice) throws org.springframework.aop.framework.AopConfigException
06:58:23.925 [main] DEBUG o.s.aop.framework.CglibAopProxy - Method is declared on Advised interface: public abstract void org.springframework.aop.framework.Advised.addAdvice(int,org.aopalliance.aop.Advice) throws org.springframework.aop.framework.AopConfigException
06:58:23.925 [main] DEBUG o.s.aop.framework.CglibAopProxy - Method is declared on Advised interface: public abstract boolean org.springframework.aop.framework.Advised.isPreFiltered()
06:58:23.925 [main] DEBUG o.s.aop.framework.CglibAopProxy - Method is declared on Advised interface: public abstract java.lang.Class[] org.springframework.aop.framework.Advised.getProxiedInterfaces()
06:58:23.925 [main] DEBUG o.s.aop.framework.CglibAopProxy - Method is declared on Advised interface: public abstract boolean org.springframework.aop.framework.Advised.isInterfaceProxied(java.lang.Class)
06:58:23.925 [main] DEBUG o.s.aop.framework.CglibAopProxy - Method is declared on Advised interface: public abstract org.springframework.aop.Advisor[] org.springframework.aop.framework.Advised.getAdvisors()
06:58:23.925 [main] DEBUG o.s.aop.framework.CglibAopProxy - Method is declared on Advised interface: public abstract boolean org.springframework.aop.framework.Advised.removeAdvisor(org.springframework.aop.Advisor)
06:58:23.925 [main] DEBUG o.s.aop.framework.CglibAopProxy - Method is declared on Advised interface: public abstract void org.springframework.aop.framework.Advised.removeAdvisor(int) throws org.springframework.aop.framework.AopConfigException
06:58:23.925 [main] DEBUG o.s.aop.framework.CglibAopProxy - Method is declared on Advised interface: public abstract boolean org.springframework.aop.framework.Advised.replaceAdvisor(org.springframework.aop.Advisor,org.springframework.aop.Advisor) throws org.springframework.aop.framework.AopConfigException
06:58:23.925 [main] DEBUG o.s.aop.framework.CglibAopProxy - Method is declared on Advised interface: public abstract boolean org.springframework.aop.framework.Advised.removeAdvice(org.aopalliance.aop.Advice)
06:58:23.925 [main] DEBUG o.s.aop.framework.CglibAopProxy - Method is declared on Advised interface: public abstract java.lang.String org.springframework.aop.framework.Advised.toProxyConfigString()
06:58:23.925 [main] DEBUG o.s.aop.framework.CglibAopProxy - Method is declared on Advised interface: public abstract void org.springframework.aop.framework.Advised.setTargetSource(org.springframework.aop.TargetSource)
06:58:23.925 [main] DEBUG o.s.aop.framework.CglibAopProxy - Method is declared on Advised interface: public abstract int org.springframework.aop.framework.Advised.indexOf(org.aopalliance.aop.Advice)
06:58:23.925 [main] DEBUG o.s.aop.framework.CglibAopProxy - Method is declared on Advised interface: public abstract int org.springframework.aop.framework.Advised.indexOf(org.springframework.aop.Advisor)
06:58:23.925 [main] DEBUG o.s.aop.framework.CglibAopProxy - Method is declared on Advised interface: public abstract boolean org.springframework.aop.framework.Advised.isFrozen()
06:58:23.925 [main] DEBUG o.s.aop.framework.CglibAopProxy - Method is declared on Advised interface: public abstract java.lang.Class org.springframework.aop.TargetClassAware.getTargetClass()
06:58:23.931 [main] DEBUG o.s.b.f.s.DefaultListableBeanFactory - Finished creating instance of bean 'APIOfficeVisitController'
06:58:23.931 [main] DEBUG o.s.b.f.s.DefaultListableBeanFactory - Creating shared instance of singleton bean 'APIPasswordController'
06:58:23.931 [main] DEBUG o.s.b.f.s.DefaultListableBeanFactory - Creating instance of bean 'APIPasswordController'
06:58:23.932 [main] DEBUG o.s.b.f.annotation.InjectionMetadata - Registered injected element on class [edu.ncsu.csc.itrust2.controllers.api.APIPasswordController]: AutowiredFieldElement for org.springframework.core.env.Environment edu.ncsu.csc.itrust2.controllers.api.APIPasswordController.environment
06:58:23.932 [main] DEBUG o.s.b.f.s.DefaultListableBeanFactory - Eagerly caching bean 'APIPasswordController' to allow for resolving potential circular references
06:58:23.932 [main] DEBUG o.s.b.f.annotation.InjectionMetadata - Processing injected element of bean 'APIPasswordController': AutowiredFieldElement for org.springframework.core.env.Environment edu.ncsu.csc.itrust2.controllers.api.APIPasswordController.environment
06:58:23.932 [main] DEBUG o.s.b.f.s.DefaultListableBeanFactory - Returning cached instance of singleton bean 'environment'
06:58:23.932 [main] DEBUG o.s.b.f.a.AutowiredAnnotationBeanPostProcessor - Autowiring by type from bean name 'APIPasswordController' to bean named 'environment'
06:58:23.932 [main] DEBUG o.s.b.f.s.DefaultListableBeanFactory - Returning cached instance of singleton bean 'metaDataSourceAdvisor'
06:58:23.933 [main] DEBUG o.s.b.f.s.DefaultListableBeanFactory - Finished creating instance of bean 'APIPasswordController'
06:58:23.933 [main] DEBUG o.s.b.f.s.DefaultListableBeanFactory - Creating shared instance of singleton bean 'APIPatientController'
06:58:23.933 [main] DEBUG o.s.b.f.s.DefaultListableBeanFactory - Creating instance of bean 'APIPatientController'
06:58:23.933 [main] DEBUG o.s.b.f.s.DefaultListableBeanFactory - Eagerly caching bean 'APIPatientController' to allow for resolving potential circular references
06:58:23.933 [main] DEBUG o.s.b.f.s.DefaultListableBeanFactory - Returning cached instance of singleton bean 'metaDataSourceAdvisor'
06:58:23.933 [main] DEBUG o.s.s.a.p.PrePostAnnotationSecurityMetadataSource - @org.springframework.security.access.prepost.PreAuthorize(value=hasRole('ROLE_PATIENT')) found on specific method: public org.springframework.http.ResponseEntity edu.ncsu.csc.itrust2.controllers.api.APIPatientController.getPatient()
06:58:23.933 [main] DEBUG o.s.s.a.m.DelegatingMethodSecurityMetadataSource - Caching method [CacheKey[edu.ncsu.csc.itrust2.controllers.api.APIPatientController; public org.springframework.http.ResponseEntity edu.ncsu.csc.itrust2.controllers.api.APIPatientController.getPatient()]] with attributes [[authorize: 'hasRole('ROLE_PATIENT')', filter: 'null', filterTarget: 'null']]
06:58:23.933 [main] DEBUG o.s.a.f.a.InfrastructureAdvisorAutoProxyCreator - Creating implicit proxy for bean 'APIPatientController' with 0 common interceptors and 1 specific interceptors
06:58:23.933 [main] DEBUG o.s.aop.framework.CglibAopProxy - Creating CGLIB proxy: target source is SingletonTargetSource for target object [edu.ncsu.csc.itrust2.controllers.api.APIPatientController@7697e6e5]
06:58:23.934 [main] DEBUG o.s.aop.framework.CglibAopProxy - Unable to apply any optimisations to advised method: public org.springframework.http.ResponseEntity edu.ncsu.csc.itrust2.controllers.api.APIPatientController.getPatient(java.lang.String)
06:58:23.934 [main] DEBUG o.s.aop.framework.CglibAopProxy - Unable to apply any optimisations to advised method: public org.springframework.http.ResponseEntity edu.ncsu.csc.itrust2.controllers.api.APIPatientController.getPatient()
06:58:23.934 [main] DEBUG o.s.aop.framework.CglibAopProxy - Unable to apply any optimisations to advised method: public java.util.List edu.ncsu.csc.itrust2.controllers.api.APIPatientController.getPatients()
06:58:23.934 [main] DEBUG o.s.aop.framework.CglibAopProxy - Unable to apply any optimisations to advised method: public org.springframework.http.ResponseEntity edu.ncsu.csc.itrust2.controllers.api.APIPatientController.createPatient(edu.ncsu.csc.itrust2.forms.hcp_patient.PatientForm)
06:58:23.935 [main] DEBUG o.s.aop.framework.CglibAopProxy - Unable to apply any optimisations to advised method: public org.springframework.http.ResponseEntity edu.ncsu.csc.itrust2.controllers.api.APIPatientController.updatePatient(java.lang.String,edu.ncsu.csc.itrust2.forms.hcp_patient.PatientForm)
06:58:23.935 [main] DEBUG o.s.aop.framework.CglibAopProxy - Found 'equals' method: public boolean java.lang.Object.equals(java.lang.Object)
06:58:23.935 [main] DEBUG o.s.aop.framework.CglibAopProxy - Unable to apply any optimisations to advised method: public java.lang.String java.lang.Object.toString()
06:58:23.935 [main] DEBUG o.s.aop.framework.CglibAopProxy - Found 'hashCode' method: public native int java.lang.Object.hashCode()
06:58:23.935 [main] DEBUG o.s.aop.framework.CglibAopProxy - Unable to apply any optimisations to advised method: protected native java.lang.Object java.lang.Object.clone() throws java.lang.CloneNotSupportedException
06:58:23.935 [main] DEBUG o.s.aop.framework.CglibAopProxy - Method is declared on Advised interface: public abstract org.springframework.aop.TargetSource org.springframework.aop.framework.Advised.getTargetSource()
06:58:23.935 [main] DEBUG o.s.aop.framework.CglibAopProxy - Method is declared on Advised interface: public abstract boolean org.springframework.aop.framework.Advised.isProxyTargetClass()
06:58:23.935 [main] DEBUG o.s.aop.framework.CglibAopProxy - Method is declared on Advised interface: public abstract void org.springframework.aop.framework.Advised.addAdvisor(org.springframework.aop.Advisor) throws org.springframework.aop.framework.AopConfigException
06:58:23.935 [main] DEBUG o.s.aop.framework.CglibAopProxy - Method is declared on Advised interface: public abstract void org.springframework.aop.framework.Advised.addAdvisor(int,org.springframework.aop.Advisor) throws org.springframework.aop.framework.AopConfigException
06:58:23.935 [main] DEBUG o.s.aop.framework.CglibAopProxy - Method is declared on Advised interface: public abstract void org.springframework.aop.framework.Advised.setPreFiltered(boolean)
06:58:23.935 [main] DEBUG o.s.aop.framework.CglibAopProxy - Method is declared on Advised interface: public abstract void org.springframework.aop.framework.Advised.setExposeProxy(boolean)
06:58:23.935 [main] DEBUG o.s.aop.framework.CglibAopProxy - Method is declared on Advised interface: public abstract boolean org.springframework.aop.framework.Advised.isExposeProxy()
06:58:23.935 [main] DEBUG o.s.aop.framework.CglibAopProxy - Method is declared on Advised interface: public abstract void org.springframework.aop.framework.Advised.addAdvice(org.aopalliance.aop.Advice) throws org.springframework.aop.framework.AopConfigException
06:58:23.935 [main] DEBUG o.s.aop.framework.CglibAopProxy - Method is declared on Advised interface: public abstract void org.springframework.aop.framework.Advised.addAdvice(int,org.aopalliance.aop.Advice) throws org.springframework.aop.framework.AopConfigException
06:58:23.935 [main] DEBUG o.s.aop.framework.CglibAopProxy - Method is declared on Advised interface: public abstract boolean org.springframework.aop.framework.Advised.isPreFiltered()
06:58:23.935 [main] DEBUG o.s.aop.framework.CglibAopProxy - Method is declared on Advised interface: public abstract java.lang.Class[] org.springframework.aop.framework.Advised.getProxiedInterfaces()
06:58:23.935 [main] DEBUG o.s.aop.framework.CglibAopProxy - Method is declared on Advised interface: public abstract boolean org.springframework.aop.framework.Advised.isInterfaceProxied(java.lang.Class)
06:58:23.935 [main] DEBUG o.s.aop.framework.CglibAopProxy - Method is declared on Advised interface: public abstract org.springframework.aop.Advisor[] org.springframework.aop.framework.Advised.getAdvisors()
06:58:23.935 [main] DEBUG o.s.aop.framework.CglibAopProxy - Method is declared on Advised interface: public abstract boolean org.springframework.aop.framework.Advised.removeAdvisor(org.springframework.aop.Advisor)
06:58:23.935 [main] DEBUG o.s.aop.framework.CglibAopProxy - Method is declared on Advised interface: public abstract void org.springframework.aop.framework.Advised.removeAdvisor(int) throws org.springframework.aop.framework.AopConfigException
06:58:23.935 [main] DEBUG o.s.aop.framework.CglibAopProxy - Method is declared on Advised interface: public abstract boolean org.springframework.aop.framework.Advised.replaceAdvisor(org.springframework.aop.Advisor,org.springframework.aop.Advisor) throws org.springframework.aop.framework.AopConfigException
06:58:23.935 [main] DEBUG o.s.aop.framework.CglibAopProxy - Method is declared on Advised interface: public abstract boolean org.springframework.aop.framework.Advised.removeAdvice(org.aopalliance.aop.Advice)
06:58:23.935 [main] DEBUG o.s.aop.framework.CglibAopProxy - Method is declared on Advised interface: public abstract java.lang.String org.springframework.aop.framework.Advised.toProxyConfigString()
06:58:23.935 [main] DEBUG o.s.aop.framework.CglibAopProxy - Method is declared on Advised interface: public abstract void org.springframework.aop.framework.Advised.setTargetSource(org.springframework.aop.TargetSource)
06:58:23.935 [main] DEBUG o.s.aop.framework.CglibAopProxy - Method is declared on Advised interface: public abstract int org.springframework.aop.framework.Advised.indexOf(org.aopalliance.aop.Advice)
06:58:23.935 [main] DEBUG o.s.aop.framework.CglibAopProxy - Method is declared on Advised interface: public abstract int org.springframework.aop.framework.Advised.indexOf(org.springframework.aop.Advisor)
06:58:23.935 [main] DEBUG o.s.aop.framework.CglibAopProxy - Method is declared on Advised interface: public abstract boolean org.springframework.aop.framework.Advised.isFrozen()
06:58:23.935 [main] DEBUG o.s.aop.framework.CglibAopProxy - Method is declared on Advised interface: public abstract java.lang.Class org.springframework.aop.TargetClassAware.getTargetClass()
06:58:23.945 [main] DEBUG o.s.b.f.s.DefaultListableBeanFactory - Finished creating instance of bean 'APIPatientController'
06:58:23.945 [main] DEBUG o.s.b.f.s.DefaultListableBeanFactory - Creating shared instance of singleton bean 'APIPersonnelController'
06:58:23.945 [main] DEBUG o.s.b.f.s.DefaultListableBeanFactory - Creating instance of bean 'APIPersonnelController'
06:58:23.945 [main] DEBUG o.s.b.f.s.DefaultListableBeanFactory - Eagerly caching bean 'APIPersonnelController' to allow for resolving potential circular references
06:58:23.946 [main] DEBUG o.s.b.f.s.DefaultListableBeanFactory - Returning cached instance of singleton bean 'metaDataSourceAdvisor'
06:58:23.946 [main] DEBUG o.s.b.f.s.DefaultListableBeanFactory - Finished creating instance of bean 'APIPersonnelController'
06:58:23.946 [main] DEBUG o.s.b.f.s.DefaultListableBeanFactory - Creating shared instance of singleton bean 'APIPrescriptionController'
06:58:23.946 [main] DEBUG o.s.b.f.s.DefaultListableBeanFactory - Creating instance of bean 'APIPrescriptionController'
06:58:23.946 [main] DEBUG o.s.b.f.s.DefaultListableBeanFactory - Eagerly caching bean 'APIPrescriptionController' to allow for resolving potential circular references
06:58:23.946 [main] DEBUG o.s.b.f.s.DefaultListableBeanFactory - Returning cached instance of singleton bean 'metaDataSourceAdvisor'
06:58:23.947 [main] DEBUG o.s.s.a.p.PrePostAnnotationSecurityMetadataSource - @org.springframework.security.access.prepost.PreAuthorize(value=hasRole('ROLE_HCP')) found on specific method: public org.springframework.http.ResponseEntity edu.ncsu.csc.itrust2.controllers.api.APIPrescriptionController.addPrescription(edu.ncsu.csc.itrust2.forms.hcp.PrescriptionForm)
06:58:23.947 [main] DEBUG o.s.s.a.m.DelegatingMethodSecurityMetadataSource - Caching method [CacheKey[edu.ncsu.csc.itrust2.controllers.api.APIPrescriptionController; public org.springframework.http.ResponseEntity edu.ncsu.csc.itrust2.controllers.api.APIPrescriptionController.addPrescription(edu.ncsu.csc.itrust2.forms.hcp.PrescriptionForm)]] with attributes [[authorize: 'hasRole('ROLE_HCP')', filter: 'null', filterTarget: 'null']]
06:58:23.947 [main] DEBUG o.s.a.f.a.InfrastructureAdvisorAutoProxyCreator - Creating implicit proxy for bean 'APIPrescriptionController' with 0 common interceptors and 1 specific interceptors
06:58:23.947 [main] DEBUG o.s.aop.framework.CglibAopProxy - Creating CGLIB proxy: target source is SingletonTargetSource for target object [edu.ncsu.csc.itrust2.controllers.api.APIPrescriptionController@36bc918]
06:58:23.947 [main] DEBUG o.s.aop.framework.CglibAopProxy - Unable to apply any optimisations to advised method: public org.springframework.http.ResponseEntity edu.ncsu.csc.itrust2.controllers.api.APIPrescriptionController.addPrescription(edu.ncsu.csc.itrust2.forms.hcp.PrescriptionForm)
06:58:23.947 [main] DEBUG o.s.s.a.p.PrePostAnnotationSecurityMetadataSource - @org.springframework.security.access.prepost.PreAuthorize(value=hasRole('ROLE_HCP')) found on specific method: public org.springframework.http.ResponseEntity edu.ncsu.csc.itrust2.controllers.api.APIPrescriptionController.editPrescription(edu.ncsu.csc.itrust2.forms.hcp.PrescriptionForm)
06:58:23.948 [main] DEBUG o.s.s.a.m.DelegatingMethodSecurityMetadataSource - Caching method [CacheKey[edu.ncsu.csc.itrust2.controllers.api.APIPrescriptionController; public org.springframework.http.ResponseEntity edu.ncsu.csc.itrust2.controllers.api.APIPrescriptionController.editPrescription(edu.ncsu.csc.itrust2.forms.hcp.PrescriptionForm)]] with attributes [[authorize: 'hasRole('ROLE_HCP')', filter: 'null', filterTarget: 'null']]
06:58:23.948 [main] DEBUG o.s.aop.framework.CglibAopProxy - Unable to apply any optimisations to advised method: public org.springframework.http.ResponseEntity edu.ncsu.csc.itrust2.controllers.api.APIPrescriptionController.editPrescription(edu.ncsu.csc.itrust2.forms.hcp.PrescriptionForm)
06:58:23.948 [main] DEBUG o.s.s.a.p.PrePostAnnotationSecurityMetadataSource - @org.springframework.security.access.prepost.PreAuthorize(value=hasRole('ROLE_HCP')) found on specific method: public org.springframework.http.ResponseEntity edu.ncsu.csc.itrust2.controllers.api.APIPrescriptionController.deletePrescription(java.lang.Long)
06:58:23.948 [main] DEBUG o.s.s.a.m.DelegatingMethodSecurityMetadataSource - Caching method [CacheKey[edu.ncsu.csc.itrust2.controllers.api.APIPrescriptionController; public org.springframework.http.ResponseEntity edu.ncsu.csc.itrust2.controllers.api.APIPrescriptionController.deletePrescription(java.lang.Long)]] with attributes [[authorize: 'hasRole('ROLE_HCP')', filter: 'null', filterTarget: 'null']]
06:58:23.948 [main] DEBUG o.s.aop.framework.CglibAopProxy - Unable to apply any optimisations to advised method: public org.springframework.http.ResponseEntity edu.ncsu.csc.itrust2.controllers.api.APIPrescriptionController.deletePrescription(java.lang.Long)
06:58:23.948 [main] DEBUG o.s.s.a.p.PrePostAnnotationSecurityMetadataSource - @org.springframework.security.access.prepost.PreAuthorize(value=hasRole('ROLE_HCP')) found on specific method: public org.springframework.http.ResponseEntity edu.ncsu.csc.itrust2.controllers.api.APIPrescriptionController.getPrescription(java.lang.Long)
06:58:23.948 [main] DEBUG o.s.s.a.m.DelegatingMethodSecurityMetadataSource - Caching method [CacheKey[edu.ncsu.csc.itrust2.controllers.api.APIPrescriptionController; public org.springframework.http.ResponseEntity edu.ncsu.csc.itrust2.controllers.api.APIPrescriptionController.getPrescription(java.lang.Long)]] with attributes [[authorize: 'hasRole('ROLE_HCP')', filter: 'null', filterTarget: 'null']]
06:58:23.948 [main] DEBUG o.s.aop.framework.CglibAopProxy - Unable to apply any optimisations to advised method: public org.springframework.http.ResponseEntity edu.ncsu.csc.itrust2.controllers.api.APIPrescriptionController.getPrescription(java.lang.Long)
06:58:23.948 [main] DEBUG o.s.s.a.p.PrePostAnnotationSecurityMetadataSource - @org.springframework.security.access.prepost.PreAuthorize(value=hasAnyRole('ROLE_HCP', 'ROLE_PATIENT')) found on specific method: public java.util.List edu.ncsu.csc.itrust2.controllers.api.APIPrescriptionController.getPrescriptions()
06:58:23.948 [main] DEBUG o.s.s.a.m.DelegatingMethodSecurityMetadataSource - Caching method [CacheKey[edu.ncsu.csc.itrust2.controllers.api.APIPrescriptionController; public java.util.List edu.ncsu.csc.itrust2.controllers.api.APIPrescriptionController.getPrescriptions()]] with attributes [[authorize: 'hasAnyRole('ROLE_HCP', 'ROLE_PATIENT')', filter: 'null', filterTarget: 'null']]
06:58:23.948 [main] DEBUG o.s.aop.framework.CglibAopProxy - Unable to apply any optimisations to advised method: public java.util.List edu.ncsu.csc.itrust2.controllers.api.APIPrescriptionController.getPrescriptions()
06:58:23.948 [main] DEBUG o.s.aop.framework.CglibAopProxy - Found 'equals' method: public boolean java.lang.Object.equals(java.lang.Object)
06:58:23.948 [main] DEBUG o.s.aop.framework.CglibAopProxy - Unable to apply any optimisations to advised method: public java.lang.String java.lang.Object.toString()
06:58:23.948 [main] DEBUG o.s.aop.framework.CglibAopProxy - Found 'hashCode' method: public native int java.lang.Object.hashCode()
06:58:23.948 [main] DEBUG o.s.aop.framework.CglibAopProxy - Unable to apply any optimisations to advised method: protected native java.lang.Object java.lang.Object.clone() throws java.lang.CloneNotSupportedException
06:58:23.948 [main] DEBUG o.s.aop.framework.CglibAopProxy - Method is declared on Advised interface: public abstract org.springframework.aop.TargetSource org.springframework.aop.framework.Advised.getTargetSource()
06:58:23.948 [main] DEBUG o.s.aop.framework.CglibAopProxy - Method is declared on Advised interface: public abstract boolean org.springframework.aop.framework.Advised.isProxyTargetClass()
06:58:23.948 [main] DEBUG o.s.aop.framework.CglibAopProxy - Method is declared on Advised interface: public abstract void org.springframework.aop.framework.Advised.addAdvisor(org.springframework.aop.Advisor) throws org.springframework.aop.framework.AopConfigException
06:58:23.948 [main] DEBUG o.s.aop.framework.CglibAopProxy - Method is declared on Advised interface: public abstract void org.springframework.aop.framework.Advised.addAdvisor(int,org.springframework.aop.Advisor) throws org.springframework.aop.framework.AopConfigException
06:58:23.948 [main] DEBUG o.s.aop.framework.CglibAopProxy - Method is declared on Advised interface: public abstract void org.springframework.aop.framework.Advised.setPreFiltered(boolean)
06:58:23.948 [main] DEBUG o.s.aop.framework.CglibAopProxy - Method is declared on Advised interface: public abstract void org.springframework.aop.framework.Advised.setExposeProxy(boolean)
06:58:23.948 [main] DEBUG o.s.aop.framework.CglibAopProxy - Method is declared on Advised interface: public abstract boolean org.springframework.aop.framework.Advised.isExposeProxy()
06:58:23.948 [main] DEBUG o.s.aop.framework.CglibAopProxy - Method is declared on Advised interface: public abstract void org.springframework.aop.framework.Advised.addAdvice(org.aopalliance.aop.Advice) throws org.springframework.aop.framework.AopConfigException
06:58:23.948 [main] DEBUG o.s.aop.framework.CglibAopProxy - Method is declared on Advised interface: public abstract void org.springframework.aop.framework.Advised.addAdvice(int,org.aopalliance.aop.Advice) throws org.springframework.aop.framework.AopConfigException
06:58:23.948 [main] DEBUG o.s.aop.framework.CglibAopProxy - Method is declared on Advised interface: public abstract boolean org.springframework.aop.framework.Advised.isPreFiltered()
06:58:23.948 [main] DEBUG o.s.aop.framework.CglibAopProxy - Method is declared on Advised interface: public abstract java.lang.Class[] org.springframework.aop.framework.Advised.getProxiedInterfaces()
06:58:23.948 [main] DEBUG o.s.aop.framework.CglibAopProxy - Method is declared on Advised interface: public abstract boolean org.springframework.aop.framework.Advised.isInterfaceProxied(java.lang.Class)
06:58:23.948 [main] DEBUG o.s.aop.framework.CglibAopProxy - Method is declared on Advised interface: public abstract org.springframework.aop.Advisor[] org.springframework.aop.framework.Advised.getAdvisors()
06:58:23.948 [main] DEBUG o.s.aop.framework.CglibAopProxy - Method is declared on Advised interface: public abstract boolean org.springframework.aop.framework.Advised.removeAdvisor(org.springframework.aop.Advisor)
06:58:23.948 [main] DEBUG o.s.aop.framework.CglibAopProxy - Method is declared on Advised interface: public abstract void org.springframework.aop.framework.Advised.removeAdvisor(int) throws org.springframework.aop.framework.AopConfigException
06:58:23.948 [main] DEBUG o.s.aop.framework.CglibAopProxy - Method is declared on Advised interface: public abstract boolean org.springframework.aop.framework.Advised.replaceAdvisor(org.springframework.aop.Advisor,org.springframework.aop.Advisor) throws org.springframework.aop.framework.AopConfigException
06:58:23.948 [main] DEBUG o.s.aop.framework.CglibAopProxy - Method is declared on Advised interface: public abstract boolean org.springframework.aop.framework.Advised.removeAdvice(org.aopalliance.aop.Advice)
06:58:23.948 [main] DEBUG o.s.aop.framework.CglibAopProxy - Method is declared on Advised interface: public abstract java.lang.String org.springframework.aop.framework.Advised.toProxyConfigString()
06:58:23.948 [main] DEBUG o.s.aop.framework.CglibAopProxy - Method is declared on Advised interface: public abstract void org.springframework.aop.framework.Advised.setTargetSource(org.springframework.aop.TargetSource)
06:58:23.948 [main] DEBUG o.s.aop.framework.CglibAopProxy - Method is declared on Advised interface: public abstract int org.springframework.aop.framework.Advised.indexOf(org.aopalliance.aop.Advice)
06:58:23.948 [main] DEBUG o.s.aop.framework.CglibAopProxy - Method is declared on Advised interface: public abstract int org.springframework.aop.framework.Advised.indexOf(org.springframework.aop.Advisor)
06:58:23.948 [main] DEBUG o.s.aop.framework.CglibAopProxy - Method is declared on Advised interface: public abstract boolean org.springframework.aop.framework.Advised.isFrozen()
06:58:23.948 [main] DEBUG o.s.aop.framework.CglibAopProxy - Method is declared on Advised interface: public abstract java.lang.Class org.springframework.aop.TargetClassAware.getTargetClass()
06:58:23.963 [main] DEBUG o.s.b.f.s.DefaultListableBeanFactory - Finished creating instance of bean 'APIPrescriptionController'
06:58:23.963 [main] DEBUG o.s.b.f.s.DefaultListableBeanFactory - Creating shared instance of singleton bean 'APIUserController'
06:58:23.963 [main] DEBUG o.s.b.f.s.DefaultListableBeanFactory - Creating instance of bean 'APIUserController'
06:58:23.963 [main] DEBUG o.s.b.f.s.DefaultListableBeanFactory - Eagerly caching bean 'APIUserController' to allow for resolving potential circular references
06:58:23.963 [main] DEBUG o.s.b.f.s.DefaultListableBeanFactory - Returning cached instance of singleton bean 'metaDataSourceAdvisor'
06:58:23.964 [main] DEBUG o.s.b.f.s.DefaultListableBeanFactory - Finished creating instance of bean 'APIUserController'
06:58:23.964 [main] DEBUG o.s.b.f.s.DefaultListableBeanFactory - Creating shared instance of singleton bean 'appointmentControllerHCP'
06:58:23.964 [main] DEBUG o.s.b.f.s.DefaultListableBeanFactory - Creating instance of bean 'appointmentControllerHCP'
06:58:23.964 [main] DEBUG o.s.b.f.s.DefaultListableBeanFactory - Eagerly caching bean 'appointmentControllerHCP' to allow for resolving potential circular references
06:58:23.964 [main] DEBUG o.s.b.f.s.DefaultListableBeanFactory - Returning cached instance of singleton bean 'metaDataSourceAdvisor'
06:58:23.964 [main] DEBUG o.s.s.a.p.PrePostAnnotationSecurityMetadataSource - @org.springframework.security.access.prepost.PreAuthorize(value=hasRole('ROLE_HCP')) found on specific method: public java.lang.String edu.ncsu.csc.itrust2.controllers.hcp.AppointmentControllerHCP.requestAppointmentForm(org.springframework.ui.Model)
06:58:23.965 [main] DEBUG o.s.s.a.m.DelegatingMethodSecurityMetadataSource - Caching method [CacheKey[edu.ncsu.csc.itrust2.controllers.hcp.AppointmentControllerHCP; public java.lang.String edu.ncsu.csc.itrust2.controllers.hcp.AppointmentControllerHCP.requestAppointmentForm(org.springframework.ui.Model)]] with attributes [[authorize: 'hasRole('ROLE_HCP')', filter: 'null', filterTarget: 'null']]
06:58:23.965 [main] DEBUG o.s.a.f.a.InfrastructureAdvisorAutoProxyCreator - Creating implicit proxy for bean 'appointmentControllerHCP' with 0 common interceptors and 1 specific interceptors
06:58:23.965 [main] DEBUG o.s.aop.framework.CglibAopProxy - Creating CGLIB proxy: target source is SingletonTargetSource for target object [edu.ncsu.csc.itrust2.controllers.hcp.AppointmentControllerHCP@593de2b6]
06:58:23.965 [main] DEBUG o.s.aop.framework.CglibAopProxy - Unable to apply any optimisations to advised method: public java.lang.String edu.ncsu.csc.itrust2.controllers.hcp.AppointmentControllerHCP.requestAppointmentForm(org.springframework.ui.Model)
06:58:23.965 [main] DEBUG o.s.s.a.p.PrePostAnnotationSecurityMetadataSource - @org.springframework.security.access.prepost.PreAuthorize(value=hasRole('ROLE_HCP')) found on specific method: public java.lang.String edu.ncsu.csc.itrust2.controllers.hcp.AppointmentControllerHCP.appointmentActionSubmit(edu.ncsu.csc.itrust2.forms.patient.AppointmentForm)
06:58:23.965 [main] DEBUG o.s.s.a.m.DelegatingMethodSecurityMetadataSource - Caching method [CacheKey[edu.ncsu.csc.itrust2.controllers.hcp.AppointmentControllerHCP; public java.lang.String edu.ncsu.csc.itrust2.controllers.hcp.AppointmentControllerHCP.appointmentActionSubmit(edu.ncsu.csc.itrust2.forms.patient.AppointmentForm)]] with attributes [[authorize: 'hasRole('ROLE_HCP')', filter: 'null', filterTarget: 'null']]
06:58:23.965 [main] DEBUG o.s.aop.framework.CglibAopProxy - Unable to apply any optimisations to advised method: public java.lang.String edu.ncsu.csc.itrust2.controllers.hcp.AppointmentControllerHCP.appointmentActionSubmit(edu.ncsu.csc.itrust2.forms.patient.AppointmentForm)
06:58:23.965 [main] DEBUG o.s.s.a.p.PrePostAnnotationSecurityMetadataSource - @org.springframework.security.access.prepost.PreAuthorize(value=hasRole('ROLE_HCP')) found on specific method: public java.lang.String edu.ncsu.csc.itrust2.controllers.hcp.AppointmentControllerHCP.upcomingAppointments(org.springframework.ui.Model)
06:58:23.965 [main] DEBUG o.s.s.a.m.DelegatingMethodSecurityMetadataSource - Caching method [CacheKey[edu.ncsu.csc.itrust2.controllers.hcp.AppointmentControllerHCP; public java.lang.String edu.ncsu.csc.itrust2.controllers.hcp.AppointmentControllerHCP.upcomingAppointments(org.springframework.ui.Model)]] with attributes [[authorize: 'hasRole('ROLE_HCP')', filter: 'null', filterTarget: 'null']]
06:58:23.966 [main] DEBUG o.s.aop.framework.CglibAopProxy - Unable to apply any optimisations to advised method: public java.lang.String edu.ncsu.csc.itrust2.controllers.hcp.AppointmentControllerHCP.upcomingAppointments(org.springframework.ui.Model)
06:58:23.966 [main] DEBUG o.s.aop.framework.CglibAopProxy - Found 'equals' method: public boolean java.lang.Object.equals(java.lang.Object)
06:58:23.966 [main] DEBUG o.s.aop.framework.CglibAopProxy - Unable to apply any optimisations to advised method: public java.lang.String java.lang.Object.toString()
06:58:23.966 [main] DEBUG o.s.aop.framework.CglibAopProxy - Found 'hashCode' method: public native int java.lang.Object.hashCode()
06:58:23.966 [main] DEBUG o.s.aop.framework.CglibAopProxy - Unable to apply any optimisations to advised method: protected native java.lang.Object java.lang.Object.clone() throws java.lang.CloneNotSupportedException
06:58:23.966 [main] DEBUG o.s.aop.framework.CglibAopProxy - Method is declared on Advised interface: public abstract org.springframework.aop.TargetSource org.springframework.aop.framework.Advised.getTargetSource()
06:58:23.966 [main] DEBUG o.s.aop.framework.CglibAopProxy - Method is declared on Advised interface: public abstract boolean org.springframework.aop.framework.Advised.isProxyTargetClass()
06:58:23.966 [main] DEBUG o.s.aop.framework.CglibAopProxy - Method is declared on Advised interface: public abstract void org.springframework.aop.framework.Advised.addAdvisor(org.springframework.aop.Advisor) throws org.springframework.aop.framework.AopConfigException
06:58:23.966 [main] DEBUG o.s.aop.framework.CglibAopProxy - Method is declared on Advised interface: public abstract void org.springframework.aop.framework.Advised.addAdvisor(int,org.springframework.aop.Advisor) throws org.springframework.aop.framework.AopConfigException
06:58:23.966 [main] DEBUG o.s.aop.framework.CglibAopProxy - Method is declared on Advised interface: public abstract void org.springframework.aop.framework.Advised.setPreFiltered(boolean)
06:58:23.966 [main] DEBUG o.s.aop.framework.CglibAopProxy - Method is declared on Advised interface: public abstract void org.springframework.aop.framework.Advised.setExposeProxy(boolean)
06:58:23.966 [main] DEBUG o.s.aop.framework.CglibAopProxy - Method is declared on Advised interface: public abstract boolean org.springframework.aop.framework.Advised.isExposeProxy()
06:58:23.966 [main] DEBUG o.s.aop.framework.CglibAopProxy - Method is declared on Advised interface: public abstract void org.springframework.aop.framework.Advised.addAdvice(org.aopalliance.aop.Advice) throws org.springframework.aop.framework.AopConfigException
06:58:23.966 [main] DEBUG o.s.aop.framework.CglibAopProxy - Method is declared on Advised interface: public abstract void org.springframework.aop.framework.Advised.addAdvice(int,org.aopalliance.aop.Advice) throws org.springframework.aop.framework.AopConfigException
06:58:23.966 [main] DEBUG o.s.aop.framework.CglibAopProxy - Method is declared on Advised interface: public abstract boolean org.springframework.aop.framework.Advised.isPreFiltered()
06:58:23.966 [main] DEBUG o.s.aop.framework.CglibAopProxy - Method is declared on Advised interface: public abstract java.lang.Class[] org.springframework.aop.framework.Advised.getProxiedInterfaces()
06:58:23.966 [main] DEBUG o.s.aop.framework.CglibAopProxy - Method is declared on Advised interface: public abstract boolean org.springframework.aop.framework.Advised.isInterfaceProxied(java.lang.Class)
06:58:23.966 [main] DEBUG o.s.aop.framework.CglibAopProxy - Method is declared on Advised interface: public abstract org.springframework.aop.Advisor[] org.springframework.aop.framework.Advised.getAdvisors()
06:58:23.966 [main] DEBUG o.s.aop.framework.CglibAopProxy - Method is declared on Advised interface: public abstract boolean org.springframework.aop.framework.Advised.removeAdvisor(org.springframework.aop.Advisor)
06:58:23.966 [main] DEBUG o.s.aop.framework.CglibAopProxy - Method is declared on Advised interface: public abstract void org.springframework.aop.framework.Advised.removeAdvisor(int) throws org.springframework.aop.framework.AopConfigException
06:58:23.966 [main] DEBUG o.s.aop.framework.CglibAopProxy - Method is declared on Advised interface: public abstract boolean org.springframework.aop.framework.Advised.replaceAdvisor(org.springframework.aop.Advisor,org.springframework.aop.Advisor) throws org.springframework.aop.framework.AopConfigException
06:58:23.966 [main] DEBUG o.s.aop.framework.CglibAopProxy - Method is declared on Advised interface: public abstract boolean org.springframework.aop.framework.Advised.removeAdvice(org.aopalliance.aop.Advice)
06:58:23.966 [main] DEBUG o.s.aop.framework.CglibAopProxy - Method is declared on Advised interface: public abstract java.lang.String org.springframework.aop.framework.Advised.toProxyConfigString()
06:58:23.966 [main] DEBUG o.s.aop.framework.CglibAopProxy - Method is declared on Advised interface: public abstract void org.springframework.aop.framework.Advised.setTargetSource(org.springframework.aop.TargetSource)
06:58:23.966 [main] DEBUG o.s.aop.framework.CglibAopProxy - Method is declared on Advised interface: public abstract int org.springframework.aop.framework.Advised.indexOf(org.aopalliance.aop.Advice)
06:58:23.966 [main] DEBUG o.s.aop.framework.CglibAopProxy - Method is declared on Advised interface: public abstract int org.springframework.aop.framework.Advised.indexOf(org.springframework.aop.Advisor)
06:58:23.966 [main] DEBUG o.s.aop.framework.CglibAopProxy - Method is declared on Advised interface: public abstract boolean org.springframework.aop.framework.Advised.isFrozen()
06:58:23.966 [main] DEBUG o.s.aop.framework.CglibAopProxy - Method is declared on Advised interface: public abstract java.lang.Class org.springframework.aop.TargetClassAware.getTargetClass()
06:58:23.979 [main] DEBUG o.s.b.f.s.DefaultListableBeanFactory - Finished creating instance of bean 'appointmentControllerHCP'
06:58:23.980 [main] DEBUG o.s.b.f.s.DefaultListableBeanFactory - Creating shared instance of singleton bean 'HCPController'
06:58:23.980 [main] DEBUG o.s.b.f.s.DefaultListableBeanFactory - Creating instance of bean 'HCPController'
06:58:23.980 [main] DEBUG o.s.b.f.s.DefaultListableBeanFactory - Eagerly caching bean 'HCPController' to allow for resolving potential circular references
06:58:23.980 [main] DEBUG o.s.b.f.s.DefaultListableBeanFactory - Returning cached instance of singleton bean 'metaDataSourceAdvisor'
06:58:23.980 [main] DEBUG o.s.s.a.p.PrePostAnnotationSecurityMetadataSource - @org.springframework.security.access.prepost.PreAuthorize(value=hasRole('ROLE_HCP')) found on specific method: public java.lang.String edu.ncsu.csc.itrust2.controllers.hcp.HCPController.editPatientDemographics()
06:58:23.980 [main] DEBUG o.s.s.a.m.DelegatingMethodSecurityMetadataSource - Caching method [CacheKey[edu.ncsu.csc.itrust2.controllers.hcp.HCPController; public java.lang.String edu.ncsu.csc.itrust2.controllers.hcp.HCPController.editPatientDemographics()]] with attributes [[authorize: 'hasRole('ROLE_HCP')', filter: 'null', filterTarget: 'null']]
06:58:23.980 [main] DEBUG o.s.a.f.a.InfrastructureAdvisorAutoProxyCreator - Creating implicit proxy for bean 'HCPController' with 0 common interceptors and 1 specific interceptors
06:58:23.980 [main] DEBUG o.s.aop.framework.CglibAopProxy - Creating CGLIB proxy: target source is SingletonTargetSource for target object [edu.ncsu.csc.itrust2.controllers.hcp.HCPController@111f4761]
06:58:23.981 [main] DEBUG o.s.aop.framework.CglibAopProxy - Unable to apply any optimisations to advised method: public java.lang.String edu.ncsu.csc.itrust2.controllers.hcp.HCPController.editPatientDemographics()
06:58:23.981 [main] DEBUG o.s.s.a.p.PrePostAnnotationSecurityMetadataSource - @org.springframework.security.access.prepost.PreAuthorize(value=hasRole('ROLE_HCP')) found on specific method: public java.lang.String edu.ncsu.csc.itrust2.controllers.hcp.HCPController.editPrescriptions()
06:58:23.981 [main] DEBUG o.s.s.a.m.DelegatingMethodSecurityMetadataSource - Caching method [CacheKey[edu.ncsu.csc.itrust2.controllers.hcp.HCPController; public java.lang.String edu.ncsu.csc.itrust2.controllers.hcp.HCPController.editPrescriptions()]] with attributes [[authorize: 'hasRole('ROLE_HCP')', filter: 'null', filterTarget: 'null']]
06:58:23.981 [main] DEBUG o.s.aop.framework.CglibAopProxy - Unable to apply any optimisations to advised method: public java.lang.String edu.ncsu.csc.itrust2.controllers.hcp.HCPController.editPrescriptions()
06:58:23.981 [main] DEBUG o.s.s.a.p.PrePostAnnotationSecurityMetadataSource - @org.springframework.security.access.prepost.PreAuthorize(value=hasRole('ROLE_HCP')) found on specific method: public java.lang.String edu.ncsu.csc.itrust2.controllers.hcp.HCPController.index(org.springframework.ui.Model)
06:58:23.981 [main] DEBUG o.s.s.a.m.DelegatingMethodSecurityMetadataSource - Caching method [CacheKey[edu.ncsu.csc.itrust2.controllers.hcp.HCPController; public java.lang.String edu.ncsu.csc.itrust2.controllers.hcp.HCPController.index(org.springframework.ui.Model)]] with attributes [[authorize: 'hasRole('ROLE_HCP')', filter: 'null', filterTarget: 'null']]
06:58:23.981 [main] DEBUG o.s.aop.framework.CglibAopProxy - Unable to apply any optimisations to advised method: public java.lang.String edu.ncsu.csc.itrust2.controllers.hcp.HCPController.index(org.springframework.ui.Model)
06:58:23.982 [main] DEBUG o.s.aop.framework.CglibAopProxy - Found 'equals' method: public boolean java.lang.Object.equals(java.lang.Object)
06:58:23.982 [main] DEBUG o.s.aop.framework.CglibAopProxy - Unable to apply any optimisations to advised method: public java.lang.String java.lang.Object.toString()
06:58:23.982 [main] DEBUG o.s.aop.framework.CglibAopProxy - Found 'hashCode' method: public native int java.lang.Object.hashCode()
06:58:23.982 [main] DEBUG o.s.aop.framework.CglibAopProxy - Unable to apply any optimisations to advised method: protected native java.lang.Object java.lang.Object.clone() throws java.lang.CloneNotSupportedException
06:58:23.982 [main] DEBUG o.s.aop.framework.CglibAopProxy - Method is declared on Advised interface: public abstract org.springframework.aop.TargetSource org.springframework.aop.framework.Advised.getTargetSource()
06:58:23.982 [main] DEBUG o.s.aop.framework.CglibAopProxy - Method is declared on Advised interface: public abstract boolean org.springframework.aop.framework.Advised.isProxyTargetClass()
06:58:23.982 [main] DEBUG o.s.aop.framework.CglibAopProxy - Method is declared on Advised interface: public abstract void org.springframework.aop.framework.Advised.addAdvisor(org.springframework.aop.Advisor) throws org.springframework.aop.framework.AopConfigException
06:58:23.982 [main] DEBUG o.s.aop.framework.CglibAopProxy - Method is declared on Advised interface: public abstract void org.springframework.aop.framework.Advised.addAdvisor(int,org.springframework.aop.Advisor) throws org.springframework.aop.framework.AopConfigException
06:58:23.982 [main] DEBUG o.s.aop.framework.CglibAopProxy - Method is declared on Advised interface: public abstract void org.springframework.aop.framework.Advised.setPreFiltered(boolean)
06:58:23.982 [main] DEBUG o.s.aop.framework.CglibAopProxy - Method is declared on Advised interface: public abstract void org.springframework.aop.framework.Advised.setExposeProxy(boolean)
06:58:23.982 [main] DEBUG o.s.aop.framework.CglibAopProxy - Method is declared on Advised interface: public abstract boolean org.springframework.aop.framework.Advised.isExposeProxy()
06:58:23.982 [main] DEBUG o.s.aop.framework.CglibAopProxy - Method is declared on Advised interface: public abstract void org.springframework.aop.framework.Advised.addAdvice(org.aopalliance.aop.Advice) throws org.springframework.aop.framework.AopConfigException
06:58:23.982 [main] DEBUG o.s.aop.framework.CglibAopProxy - Method is declared on Advised interface: public abstract void org.springframework.aop.framework.Advised.addAdvice(int,org.aopalliance.aop.Advice) throws org.springframework.aop.framework.AopConfigException
06:58:23.982 [main] DEBUG o.s.aop.framework.CglibAopProxy - Method is declared on Advised interface: public abstract boolean org.springframework.aop.framework.Advised.isPreFiltered()
06:58:23.982 [main] DEBUG o.s.aop.framework.CglibAopProxy - Method is declared on Advised interface: public abstract java.lang.Class[] org.springframework.aop.framework.Advised.getProxiedInterfaces()
06:58:23.982 [main] DEBUG o.s.aop.framework.CglibAopProxy - Method is declared on Advised interface: public abstract boolean org.springframework.aop.framework.Advised.isInterfaceProxied(java.lang.Class)
06:58:23.982 [main] DEBUG o.s.aop.framework.CglibAopProxy - Method is declared on Advised interface: public abstract org.springframework.aop.Advisor[] org.springframework.aop.framework.Advised.getAdvisors()
06:58:23.982 [main] DEBUG o.s.aop.framework.CglibAopProxy - Method is declared on Advised interface: public abstract boolean org.springframework.aop.framework.Advised.removeAdvisor(org.springframework.aop.Advisor)
06:58:23.982 [main] DEBUG o.s.aop.framework.CglibAopProxy - Method is declared on Advised interface: public abstract void org.springframework.aop.framework.Advised.removeAdvisor(int) throws org.springframework.aop.framework.AopConfigException
06:58:23.982 [main] DEBUG o.s.aop.framework.CglibAopProxy - Method is declared on Advised interface: public abstract boolean org.springframework.aop.framework.Advised.replaceAdvisor(org.springframework.aop.Advisor,org.springframework.aop.Advisor) throws org.springframework.aop.framework.AopConfigException
06:58:23.982 [main] DEBUG o.s.aop.framework.CglibAopProxy - Method is declared on Advised interface: public abstract boolean org.springframework.aop.framework.Advised.removeAdvice(org.aopalliance.aop.Advice)
06:58:23.982 [main] DEBUG o.s.aop.framework.CglibAopProxy - Method is declared on Advised interface: public abstract java.lang.String org.springframework.aop.framework.Advised.toProxyConfigString()
06:58:23.982 [main] DEBUG o.s.aop.framework.CglibAopProxy - Method is declared on Advised interface: public abstract void org.springframework.aop.framework.Advised.setTargetSource(org.springframework.aop.TargetSource)
06:58:23.982 [main] DEBUG o.s.aop.framework.CglibAopProxy - Method is declared on Advised interface: public abstract int org.springframework.aop.framework.Advised.indexOf(org.aopalliance.aop.Advice)
06:58:23.982 [main] DEBUG o.s.aop.framework.CglibAopProxy - Method is declared on Advised interface: public abstract int org.springframework.aop.framework.Advised.indexOf(org.springframework.aop.Advisor)
06:58:23.982 [main] DEBUG o.s.aop.framework.CglibAopProxy - Method is declared on Advised interface: public abstract boolean org.springframework.aop.framework.Advised.isFrozen()
06:58:23.982 [main] DEBUG o.s.aop.framework.CglibAopProxy - Method is declared on Advised interface: public abstract java.lang.Class org.springframework.aop.TargetClassAware.getTargetClass()
06:58:23.990 [main] DEBUG o.s.b.f.s.DefaultListableBeanFactory - Finished creating instance of bean 'HCPController'
06:58:23.990 [main] DEBUG o.s.b.f.s.DefaultListableBeanFactory - Creating shared instance of singleton bean 'officeVisitController'
06:58:23.990 [main] DEBUG o.s.b.f.s.DefaultListableBeanFactory - Creating instance of bean 'officeVisitController'
06:58:23.991 [main] DEBUG o.s.b.f.s.DefaultListableBeanFactory - Eagerly caching bean 'officeVisitController' to allow for resolving potential circular references
06:58:23.991 [main] DEBUG o.s.b.f.s.DefaultListableBeanFactory - Returning cached instance of singleton bean 'metaDataSourceAdvisor'
06:58:23.991 [main] DEBUG o.s.s.a.p.PrePostAnnotationSecurityMetadataSource - @org.springframework.security.access.prepost.PreAuthorize(value=hasRole('ROLE_HCP')) found on specific method: public java.lang.String edu.ncsu.csc.itrust2.controllers.hcp.OfficeVisitController.documentOfficeVisit(org.springframework.ui.Model)
06:58:23.991 [main] DEBUG o.s.s.a.m.DelegatingMethodSecurityMetadataSource - Caching method [CacheKey[edu.ncsu.csc.itrust2.controllers.hcp.OfficeVisitController; public java.lang.String edu.ncsu.csc.itrust2.controllers.hcp.OfficeVisitController.documentOfficeVisit(org.springframework.ui.Model)]] with attributes [[authorize: 'hasRole('ROLE_HCP')', filter: 'null', filterTarget: 'null']]
06:58:23.991 [main] DEBUG o.s.a.f.a.InfrastructureAdvisorAutoProxyCreator - Creating implicit proxy for bean 'officeVisitController' with 0 common interceptors and 1 specific interceptors
06:58:23.991 [main] DEBUG o.s.aop.framework.CglibAopProxy - Creating CGLIB proxy: target source is SingletonTargetSource for target object [edu.ncsu.csc.itrust2.controllers.hcp.OfficeVisitController@114d7990]
06:58:23.992 [main] DEBUG o.s.aop.framework.CglibAopProxy - Unable to apply any optimisations to advised method: public java.lang.String edu.ncsu.csc.itrust2.controllers.hcp.OfficeVisitController.documentOfficeVisit(org.springframework.ui.Model)
06:58:23.992 [main] DEBUG o.s.s.a.p.PrePostAnnotationSecurityMetadataSource - @org.springframework.security.access.prepost.PreAuthorize(value=hasRole('ROLE_HCP')) found on specific method: public java.lang.String edu.ncsu.csc.itrust2.controllers.hcp.OfficeVisitController.documentVisitSubmit(edu.ncsu.csc.itrust2.forms.hcp.OfficeVisitForm,org.springframework.validation.BindingResult,org.springframework.ui.Model)
06:58:23.992 [main] DEBUG o.s.s.a.m.DelegatingMethodSecurityMetadataSource - Caching method [CacheKey[edu.ncsu.csc.itrust2.controllers.hcp.OfficeVisitController; public java.lang.String edu.ncsu.csc.itrust2.controllers.hcp.OfficeVisitController.documentVisitSubmit(edu.ncsu.csc.itrust2.forms.hcp.OfficeVisitForm,org.springframework.validation.BindingResult,org.springframework.ui.Model)]] with attributes [[authorize: 'hasRole('ROLE_HCP')', filter: 'null', filterTarget: 'null']]
06:58:23.992 [main] DEBUG o.s.aop.framework.CglibAopProxy - Unable to apply any optimisations to advised method: public java.lang.String edu.ncsu.csc.itrust2.controllers.hcp.OfficeVisitController.documentVisitSubmit(edu.ncsu.csc.itrust2.forms.hcp.OfficeVisitForm,org.springframework.validation.BindingResult,org.springframework.ui.Model)
06:58:23.992 [main] DEBUG o.s.s.a.p.PrePostAnnotationSecurityMetadataSource - @org.springframework.security.access.prepost.PreAuthorize(value=hasRole('ROLE_HCP')) found on specific method: public java.lang.String edu.ncsu.csc.itrust2.controllers.hcp.OfficeVisitController.getAllOfficeVisits(org.springframework.ui.Model)
06:58:23.992 [main] DEBUG o.s.s.a.m.DelegatingMethodSecurityMetadataSource - Caching method [CacheKey[edu.ncsu.csc.itrust2.controllers.hcp.OfficeVisitController; public java.lang.String edu.ncsu.csc.itrust2.controllers.hcp.OfficeVisitController.getAllOfficeVisits(org.springframework.ui.Model)]] with attributes [[authorize: 'hasRole('ROLE_HCP')', filter: 'null', filterTarget: 'null']]
06:58:23.992 [main] DEBUG o.s.aop.framework.CglibAopProxy - Unable to apply any optimisations to advised method: public java.lang.String edu.ncsu.csc.itrust2.controllers.hcp.OfficeVisitController.getAllOfficeVisits(org.springframework.ui.Model)
06:58:23.992 [main] DEBUG o.s.aop.framework.CglibAopProxy - Found 'equals' method: public boolean java.lang.Object.equals(java.lang.Object)
06:58:23.992 [main] DEBUG o.s.aop.framework.CglibAopProxy - Unable to apply any optimisations to advised method: public java.lang.String java.lang.Object.toString()
06:58:23.992 [main] DEBUG o.s.aop.framework.CglibAopProxy - Found 'hashCode' method: public native int java.lang.Object.hashCode()
06:58:23.992 [main] DEBUG o.s.aop.framework.CglibAopProxy - Unable to apply any optimisations to advised method: protected native java.lang.Object java.lang.Object.clone() throws java.lang.CloneNotSupportedException
06:58:23.992 [main] DEBUG o.s.aop.framework.CglibAopProxy - Method is declared on Advised interface: public abstract org.springframework.aop.TargetSource org.springframework.aop.framework.Advised.getTargetSource()
06:58:23.992 [main] DEBUG o.s.aop.framework.CglibAopProxy - Method is declared on Advised interface: public abstract boolean org.springframework.aop.framework.Advised.isProxyTargetClass()
06:58:23.992 [main] DEBUG o.s.aop.framework.CglibAopProxy - Method is declared on Advised interface: public abstract void org.springframework.aop.framework.Advised.addAdvisor(org.springframework.aop.Advisor) throws org.springframework.aop.framework.AopConfigException
06:58:23.992 [main] DEBUG o.s.aop.framework.CglibAopProxy - Method is declared on Advised interface: public abstract void org.springframework.aop.framework.Advised.addAdvisor(int,org.springframework.aop.Advisor) throws org.springframework.aop.framework.AopConfigException
06:58:23.992 [main] DEBUG o.s.aop.framework.CglibAopProxy - Method is declared on Advised interface: public abstract void org.springframework.aop.framework.Advised.setPreFiltered(boolean)
06:58:23.992 [main] DEBUG o.s.aop.framework.CglibAopProxy - Method is declared on Advised interface: public abstract void org.springframework.aop.framework.Advised.setExposeProxy(boolean)
06:58:23.992 [main] DEBUG o.s.aop.framework.CglibAopProxy - Method is declared on Advised interface: public abstract boolean org.springframework.aop.framework.Advised.isExposeProxy()
06:58:23.992 [main] DEBUG o.s.aop.framework.CglibAopProxy - Method is declared on Advised interface: public abstract void org.springframework.aop.framework.Advised.addAdvice(org.aopalliance.aop.Advice) throws org.springframework.aop.framework.AopConfigException
06:58:23.992 [main] DEBUG o.s.aop.framework.CglibAopProxy - Method is declared on Advised interface: public abstract void org.springframework.aop.framework.Advised.addAdvice(int,org.aopalliance.aop.Advice) throws org.springframework.aop.framework.AopConfigException
06:58:23.992 [main] DEBUG o.s.aop.framework.CglibAopProxy - Method is declared on Advised interface: public abstract boolean org.springframework.aop.framework.Advised.isPreFiltered()
06:58:23.992 [main] DEBUG o.s.aop.framework.CglibAopProxy - Method is declared on Advised interface: public abstract java.lang.Class[] org.springframework.aop.framework.Advised.getProxiedInterfaces()
06:58:23.992 [main] DEBUG o.s.aop.framework.CglibAopProxy - Method is declared on Advised interface: public abstract boolean org.springframework.aop.framework.Advised.isInterfaceProxied(java.lang.Class)
06:58:23.992 [main] DEBUG o.s.aop.framework.CglibAopProxy - Method is declared on Advised interface: public abstract org.springframework.aop.Advisor[] org.springframework.aop.framework.Advised.getAdvisors()
06:58:23.992 [main] DEBUG o.s.aop.framework.CglibAopProxy - Method is declared on Advised interface: public abstract boolean org.springframework.aop.framework.Advised.removeAdvisor(org.springframework.aop.Advisor)
06:58:23.992 [main] DEBUG o.s.aop.framework.CglibAopProxy - Method is declared on Advised interface: public abstract void org.springframework.aop.framework.Advised.removeAdvisor(int) throws org.springframework.aop.framework.AopConfigException
06:58:23.992 [main] DEBUG o.s.aop.framework.CglibAopProxy - Method is declared on Advised interface: public abstract boolean org.springframework.aop.framework.Advised.replaceAdvisor(org.springframework.aop.Advisor,org.springframework.aop.Advisor) throws org.springframework.aop.framework.AopConfigException
06:58:23.992 [main] DEBUG o.s.aop.framework.CglibAopProxy - Method is declared on Advised interface: public abstract boolean org.springframework.aop.framework.Advised.removeAdvice(org.aopalliance.aop.Advice)
06:58:23.992 [main] DEBUG o.s.aop.framework.CglibAopProxy - Method is declared on Advised interface: public abstract java.lang.String org.springframework.aop.framework.Advised.toProxyConfigString()
06:58:23.992 [main] DEBUG o.s.aop.framework.CglibAopProxy - Method is declared on Advised interface: public abstract void org.springframework.aop.framework.Advised.setTargetSource(org.springframework.aop.TargetSource)
06:58:23.992 [main] DEBUG o.s.aop.framework.CglibAopProxy - Method is declared on Advised interface: public abstract int org.springframework.aop.framework.Advised.indexOf(org.aopalliance.aop.Advice)
06:58:23.992 [main] DEBUG o.s.aop.framework.CglibAopProxy - Method is declared on Advised interface: public abstract int org.springframework.aop.framework.Advised.indexOf(org.springframework.aop.Advisor)
06:58:23.992 [main] DEBUG o.s.aop.framework.CglibAopProxy - Method is declared on Advised interface: public abstract boolean org.springframework.aop.framework.Advised.isFrozen()
06:58:23.992 [main] DEBUG o.s.aop.framework.CglibAopProxy - Method is declared on Advised interface: public abstract java.lang.Class org.springframework.aop.TargetClassAware.getTargetClass()
06:58:24.000 [main] DEBUG o.s.b.f.s.DefaultListableBeanFactory - Finished creating instance of bean 'officeVisitController'
06:58:24.000 [main] DEBUG o.s.b.f.s.DefaultListableBeanFactory - Creating shared instance of singleton bean 'appointmentController'
06:58:24.000 [main] DEBUG o.s.b.f.s.DefaultListableBeanFactory - Creating instance of bean 'appointmentController'
06:58:24.001 [main] DEBUG o.s.b.f.s.DefaultListableBeanFactory - Eagerly caching bean 'appointmentController' to allow for resolving potential circular references
06:58:24.001 [main] DEBUG o.s.b.f.s.DefaultListableBeanFactory - Returning cached instance of singleton bean 'metaDataSourceAdvisor'
06:58:24.001 [main] DEBUG o.s.s.a.p.PrePostAnnotationSecurityMetadataSource - @org.springframework.security.access.prepost.PreAuthorize(value=hasRole('ROLE_PATIENT')) found on specific method: public java.lang.String edu.ncsu.csc.itrust2.controllers.patient.AppointmentController.requestAppointmentForm(org.springframework.ui.Model)
06:58:24.001 [main] DEBUG o.s.s.a.m.DelegatingMethodSecurityMetadataSource - Caching method [CacheKey[edu.ncsu.csc.itrust2.controllers.patient.AppointmentController; public java.lang.String edu.ncsu.csc.itrust2.controllers.patient.AppointmentController.requestAppointmentForm(org.springframework.ui.Model)]] with attributes [[authorize: 'hasRole('ROLE_PATIENT')', filter: 'null', filterTarget: 'null']]
06:58:24.002 [main] DEBUG o.s.a.f.a.InfrastructureAdvisorAutoProxyCreator - Creating implicit proxy for bean 'appointmentController' with 0 common interceptors and 1 specific interceptors
06:58:24.002 [main] DEBUG o.s.aop.framework.CglibAopProxy - Creating CGLIB proxy: target source is SingletonTargetSource for target object [edu.ncsu.csc.itrust2.controllers.patient.AppointmentController@333eb41c]
06:58:24.003 [main] DEBUG o.s.aop.framework.CglibAopProxy - Unable to apply any optimisations to advised method: public java.lang.String edu.ncsu.csc.itrust2.controllers.patient.AppointmentController.requestAppointmentForm(org.springframework.ui.Model)
06:58:24.003 [main] DEBUG o.s.s.a.p.PrePostAnnotationSecurityMetadataSource - @org.springframework.security.access.prepost.PreAuthorize(value=hasRole('ROLE_PATIENT')) found on specific method: public java.lang.String edu.ncsu.csc.itrust2.controllers.patient.AppointmentController.inventorySubmit(edu.ncsu.csc.itrust2.forms.patient.AppointmentRequestForm,org.springframework.validation.BindingResult,org.springframework.ui.Model)
06:58:24.003 [main] DEBUG o.s.s.a.m.DelegatingMethodSecurityMetadataSource - Caching method [CacheKey[edu.ncsu.csc.itrust2.controllers.patient.AppointmentController; public java.lang.String edu.ncsu.csc.itrust2.controllers.patient.AppointmentController.inventorySubmit(edu.ncsu.csc.itrust2.forms.patient.AppointmentRequestForm,org.springframework.validation.BindingResult,org.springframework.ui.Model)]] with attributes [[authorize: 'hasRole('ROLE_PATIENT')', filter: 'null', filterTarget: 'null']]
06:58:24.003 [main] DEBUG o.s.aop.framework.CglibAopProxy - Unable to apply any optimisations to advised method: public java.lang.String edu.ncsu.csc.itrust2.controllers.patient.AppointmentController.inventorySubmit(edu.ncsu.csc.itrust2.forms.patient.AppointmentRequestForm,org.springframework.validation.BindingResult,org.springframework.ui.Model)
06:58:24.003 [main] DEBUG o.s.s.a.p.PrePostAnnotationSecurityMetadataSource - @org.springframework.security.access.prepost.PreAuthorize(value=hasRole('ROLE_PATIENT')) found on specific method: public java.lang.String edu.ncsu.csc.itrust2.controllers.patient.AppointmentController.viewAppointmentRequests(org.springframework.ui.Model)
06:58:24.003 [main] DEBUG o.s.s.a.m.DelegatingMethodSecurityMetadataSource - Caching method [CacheKey[edu.ncsu.csc.itrust2.controllers.patient.AppointmentController; public java.lang.String edu.ncsu.csc.itrust2.controllers.patient.AppointmentController.viewAppointmentRequests(org.springframework.ui.Model)]] with attributes [[authorize: 'hasRole('ROLE_PATIENT')', filter: 'null', filterTarget: 'null']]
06:58:24.003 [main] DEBUG o.s.aop.framework.CglibAopProxy - Unable to apply any optimisations to advised method: public java.lang.String edu.ncsu.csc.itrust2.controllers.patient.AppointmentController.viewAppointmentRequests(org.springframework.ui.Model)
06:58:24.003 [main] DEBUG o.s.s.a.p.PrePostAnnotationSecurityMetadataSource - @org.springframework.security.access.prepost.PreAuthorize(value=hasRole('ROLE_PATIENT')) found on specific method: public java.lang.String edu.ncsu.csc.itrust2.controllers.patient.AppointmentController.viewRequestsSubmit(edu.ncsu.csc.itrust2.forms.patient.AppointmentForm)
06:58:24.003 [main] DEBUG o.s.s.a.m.DelegatingMethodSecurityMetadataSource - Caching method [CacheKey[edu.ncsu.csc.itrust2.controllers.patient.AppointmentController; public java.lang.String edu.ncsu.csc.itrust2.controllers.patient.AppointmentController.viewRequestsSubmit(edu.ncsu.csc.itrust2.forms.patient.AppointmentForm)]] with attributes [[authorize: 'hasRole('ROLE_PATIENT')', filter: 'null', filterTarget: 'null']]
06:58:24.003 [main] DEBUG o.s.aop.framework.CglibAopProxy - Unable to apply any optimisations to advised method: public java.lang.String edu.ncsu.csc.itrust2.controllers.patient.AppointmentController.viewRequestsSubmit(edu.ncsu.csc.itrust2.forms.patient.AppointmentForm)
06:58:24.003 [main] DEBUG o.s.aop.framework.CglibAopProxy - Found 'equals' method: public boolean java.lang.Object.equals(java.lang.Object)
06:58:24.003 [main] DEBUG o.s.aop.framework.CglibAopProxy - Unable to apply any optimisations to advised method: public java.lang.String java.lang.Object.toString()
06:58:24.003 [main] DEBUG o.s.aop.framework.CglibAopProxy - Found 'hashCode' method: public native int java.lang.Object.hashCode()
06:58:24.003 [main] DEBUG o.s.aop.framework.CglibAopProxy - Unable to apply any optimisations to advised method: protected native java.lang.Object java.lang.Object.clone() throws java.lang.CloneNotSupportedException
06:58:24.003 [main] DEBUG o.s.aop.framework.CglibAopProxy - Method is declared on Advised interface: public abstract org.springframework.aop.TargetSource org.springframework.aop.framework.Advised.getTargetSource()
06:58:24.003 [main] DEBUG o.s.aop.framework.CglibAopProxy - Method is declared on Advised interface: public abstract boolean org.springframework.aop.framework.Advised.isProxyTargetClass()
06:58:24.003 [main] DEBUG o.s.aop.framework.CglibAopProxy - Method is declared on Advised interface: public abstract void org.springframework.aop.framework.Advised.addAdvisor(org.springframework.aop.Advisor) throws org.springframework.aop.framework.AopConfigException
06:58:24.003 [main] DEBUG o.s.aop.framework.CglibAopProxy - Method is declared on Advised interface: public abstract void org.springframework.aop.framework.Advised.addAdvisor(int,org.springframework.aop.Advisor) throws org.springframework.aop.framework.AopConfigException
06:58:24.003 [main] DEBUG o.s.aop.framework.CglibAopProxy - Method is declared on Advised interface: public abstract void org.springframework.aop.framework.Advised.setPreFiltered(boolean)
06:58:24.003 [main] DEBUG o.s.aop.framework.CglibAopProxy - Method is declared on Advised interface: public abstract void org.springframework.aop.framework.Advised.setExposeProxy(boolean)
06:58:24.003 [main] DEBUG o.s.aop.framework.CglibAopProxy - Method is declared on Advised interface: public abstract boolean org.springframework.aop.framework.Advised.isExposeProxy()
06:58:24.003 [main] DEBUG o.s.aop.framework.CglibAopProxy - Method is declared on Advised interface: public abstract void org.springframework.aop.framework.Advised.addAdvice(org.aopalliance.aop.Advice) throws org.springframework.aop.framework.AopConfigException
06:58:24.003 [main] DEBUG o.s.aop.framework.CglibAopProxy - Method is declared on Advised interface: public abstract void org.springframework.aop.framework.Advised.addAdvice(int,org.aopalliance.aop.Advice) throws org.springframework.aop.framework.AopConfigException
06:58:24.003 [main] DEBUG o.s.aop.framework.CglibAopProxy - Method is declared on Advised interface: public abstract boolean org.springframework.aop.framework.Advised.isPreFiltered()
06:58:24.003 [main] DEBUG o.s.aop.framework.CglibAopProxy - Method is declared on Advised interface: public abstract java.lang.Class[] org.springframework.aop.framework.Advised.getProxiedInterfaces()
06:58:24.003 [main] DEBUG o.s.aop.framework.CglibAopProxy - Method is declared on Advised interface: public abstract boolean org.springframework.aop.framework.Advised.isInterfaceProxied(java.lang.Class)
06:58:24.003 [main] DEBUG o.s.aop.framework.CglibAopProxy - Method is declared on Advised interface: public abstract org.springframework.aop.Advisor[] org.springframework.aop.framework.Advised.getAdvisors()
06:58:24.003 [main] DEBUG o.s.aop.framework.CglibAopProxy - Method is declared on Advised interface: public abstract boolean org.springframework.aop.framework.Advised.removeAdvisor(org.springframework.aop.Advisor)
06:58:24.003 [main] DEBUG o.s.aop.framework.CglibAopProxy - Method is declared on Advised interface: public abstract void org.springframework.aop.framework.Advised.removeAdvisor(int) throws org.springframework.aop.framework.AopConfigException
06:58:24.003 [main] DEBUG o.s.aop.framework.CglibAopProxy - Method is declared on Advised interface: public abstract boolean org.springframework.aop.framework.Advised.replaceAdvisor(org.springframework.aop.Advisor,org.springframework.aop.Advisor) throws org.springframework.aop.framework.AopConfigException
06:58:24.003 [main] DEBUG o.s.aop.framework.CglibAopProxy - Method is declared on Advised interface: public abstract boolean org.springframework.aop.framework.Advised.removeAdvice(org.aopalliance.aop.Advice)
06:58:24.003 [main] DEBUG o.s.aop.framework.CglibAopProxy - Method is declared on Advised interface: public abstract java.lang.String org.springframework.aop.framework.Advised.toProxyConfigString()
06:58:24.003 [main] DEBUG o.s.aop.framework.CglibAopProxy - Method is declared on Advised interface: public abstract void org.springframework.aop.framework.Advised.setTargetSource(org.springframework.aop.TargetSource)
06:58:24.003 [main] DEBUG o.s.aop.framework.CglibAopProxy - Method is declared on Advised interface: public abstract int org.springframework.aop.framework.Advised.indexOf(org.aopalliance.aop.Advice)
06:58:24.003 [main] DEBUG o.s.aop.framework.CglibAopProxy - Method is declared on Advised interface: public abstract int org.springframework.aop.framework.Advised.indexOf(org.springframework.aop.Advisor)
06:58:24.004 [main] DEBUG o.s.aop.framework.CglibAopProxy - Method is declared on Advised interface: public abstract boolean org.springframework.aop.framework.Advised.isFrozen()
06:58:24.004 [main] DEBUG o.s.aop.framework.CglibAopProxy - Method is declared on Advised interface: public abstract java.lang.Class org.springframework.aop.TargetClassAware.getTargetClass()
06:58:24.015 [main] DEBUG o.s.b.f.s.DefaultListableBeanFactory - Finished creating instance of bean 'appointmentController'
06:58:24.028 [main] DEBUG o.s.b.f.s.DefaultListableBeanFactory - Creating shared instance of singleton bean 'diagnosesController'
06:58:24.028 [main] DEBUG o.s.b.f.s.DefaultListableBeanFactory - Creating instance of bean 'diagnosesController'
06:58:24.028 [main] DEBUG o.s.b.f.s.DefaultListableBeanFactory - Eagerly caching bean 'diagnosesController' to allow for resolving potential circular references
06:58:24.028 [main] DEBUG o.s.b.f.s.DefaultListableBeanFactory - Returning cached instance of singleton bean 'metaDataSourceAdvisor'
06:58:24.028 [main] DEBUG o.s.s.a.p.PrePostAnnotationSecurityMetadataSource - @org.springframework.security.access.prepost.PreAuthorize(value=hasRole('ROLE_PATIENT')) found on specific method: public java.lang.String edu.ncsu.csc.itrust2.controllers.patient.DiagnosesController.viewDiagnoses(org.springframework.ui.Model)
06:58:24.028 [main] DEBUG o.s.s.a.m.DelegatingMethodSecurityMetadataSource - Caching method [CacheKey[edu.ncsu.csc.itrust2.controllers.patient.DiagnosesController; public java.lang.String edu.ncsu.csc.itrust2.controllers.patient.DiagnosesController.viewDiagnoses(org.springframework.ui.Model)]] with attributes [[authorize: 'hasRole('ROLE_PATIENT')', filter: 'null', filterTarget: 'null']]
06:58:24.028 [main] DEBUG o.s.a.f.a.InfrastructureAdvisorAutoProxyCreator - Creating implicit proxy for bean 'diagnosesController' with 0 common interceptors and 1 specific interceptors
06:58:24.028 [main] DEBUG o.s.aop.framework.CglibAopProxy - Creating CGLIB proxy: target source is SingletonTargetSource for target object [edu.ncsu.csc.itrust2.controllers.patient.DiagnosesController@4d3dc300]
06:58:24.029 [main] DEBUG o.s.aop.framework.CglibAopProxy - Unable to apply any optimisations to advised method: public java.lang.String edu.ncsu.csc.itrust2.controllers.patient.DiagnosesController.viewDiagnoses(org.springframework.ui.Model)
06:58:24.029 [main] DEBUG o.s.aop.framework.CglibAopProxy - Found 'equals' method: public boolean java.lang.Object.equals(java.lang.Object)
06:58:24.029 [main] DEBUG o.s.aop.framework.CglibAopProxy - Unable to apply any optimisations to advised method: public java.lang.String java.lang.Object.toString()
06:58:24.029 [main] DEBUG o.s.aop.framework.CglibAopProxy - Found 'hashCode' method: public native int java.lang.Object.hashCode()
06:58:24.029 [main] DEBUG o.s.aop.framework.CglibAopProxy - Unable to apply any optimisations to advised method: protected native java.lang.Object java.lang.Object.clone() throws java.lang.CloneNotSupportedException
06:58:24.029 [main] DEBUG o.s.aop.framework.CglibAopProxy - Method is declared on Advised interface: public abstract org.springframework.aop.TargetSource org.springframework.aop.framework.Advised.getTargetSource()
06:58:24.029 [main] DEBUG o.s.aop.framework.CglibAopProxy - Method is declared on Advised interface: public abstract boolean org.springframework.aop.framework.Advised.isProxyTargetClass()
06:58:24.029 [main] DEBUG o.s.aop.framework.CglibAopProxy - Method is declared on Advised interface: public abstract void org.springframework.aop.framework.Advised.addAdvisor(org.springframework.aop.Advisor) throws org.springframework.aop.framework.AopConfigException
06:58:24.029 [main] DEBUG o.s.aop.framework.CglibAopProxy - Method is declared on Advised interface: public abstract void org.springframework.aop.framework.Advised.addAdvisor(int,org.springframework.aop.Advisor) throws org.springframework.aop.framework.AopConfigException
06:58:24.029 [main] DEBUG o.s.aop.framework.CglibAopProxy - Method is declared on Advised interface: public abstract void org.springframework.aop.framework.Advised.setPreFiltered(boolean)
06:58:24.029 [main] DEBUG o.s.aop.framework.CglibAopProxy - Method is declared on Advised interface: public abstract void org.springframework.aop.framework.Advised.setExposeProxy(boolean)
06:58:24.029 [main] DEBUG o.s.aop.framework.CglibAopProxy - Method is declared on Advised interface: public abstract boolean org.springframework.aop.framework.Advised.isExposeProxy()
06:58:24.029 [main] DEBUG o.s.aop.framework.CglibAopProxy - Method is declared on Advised interface: public abstract void org.springframework.aop.framework.Advised.addAdvice(org.aopalliance.aop.Advice) throws org.springframework.aop.framework.AopConfigException
06:58:24.029 [main] DEBUG o.s.aop.framework.CglibAopProxy - Method is declared on Advised interface: public abstract void org.springframework.aop.framework.Advised.addAdvice(int,org.aopalliance.aop.Advice) throws org.springframework.aop.framework.AopConfigException
06:58:24.029 [main] DEBUG o.s.aop.framework.CglibAopProxy - Method is declared on Advised interface: public abstract boolean org.springframework.aop.framework.Advised.isPreFiltered()
06:58:24.029 [main] DEBUG o.s.aop.framework.CglibAopProxy - Method is declared on Advised interface: public abstract java.lang.Class[] org.springframework.aop.framework.Advised.getProxiedInterfaces()
06:58:24.029 [main] DEBUG o.s.aop.framework.CglibAopProxy - Method is declared on Advised interface: public abstract boolean org.springframework.aop.framework.Advised.isInterfaceProxied(java.lang.Class)
06:58:24.029 [main] DEBUG o.s.aop.framework.CglibAopProxy - Method is declared on Advised interface: public abstract org.springframework.aop.Advisor[] org.springframework.aop.framework.Advised.getAdvisors()
06:58:24.029 [main] DEBUG o.s.aop.framework.CglibAopProxy - Method is declared on Advised interface: public abstract boolean org.springframework.aop.framework.Advised.removeAdvisor(org.springframework.aop.Advisor)
06:58:24.029 [main] DEBUG o.s.aop.framework.CglibAopProxy - Method is declared on Advised interface: public abstract void org.springframework.aop.framework.Advised.removeAdvisor(int) throws org.springframework.aop.framework.AopConfigException
06:58:24.029 [main] DEBUG o.s.aop.framework.CglibAopProxy - Method is declared on Advised interface: public abstract boolean org.springframework.aop.framework.Advised.replaceAdvisor(org.springframework.aop.Advisor,org.springframework.aop.Advisor) throws org.springframework.aop.framework.AopConfigException
06:58:24.029 [main] DEBUG o.s.aop.framework.CglibAopProxy - Method is declared on Advised interface: public abstract boolean org.springframework.aop.framework.Advised.removeAdvice(org.aopalliance.aop.Advice)
06:58:24.029 [main] DEBUG o.s.aop.framework.CglibAopProxy - Method is declared on Advised interface: public abstract java.lang.String org.springframework.aop.framework.Advised.toProxyConfigString()
06:58:24.029 [main] DEBUG o.s.aop.framework.CglibAopProxy - Method is declared on Advised interface: public abstract void org.springframework.aop.framework.Advised.setTargetSource(org.springframework.aop.TargetSource)
06:58:24.029 [main] DEBUG o.s.aop.framework.CglibAopProxy - Method is declared on Advised interface: public abstract int org.springframework.aop.framework.Advised.indexOf(org.aopalliance.aop.Advice)
06:58:24.029 [main] DEBUG o.s.aop.framework.CglibAopProxy - Method is declared on Advised interface: public abstract int org.springframework.aop.framework.Advised.indexOf(org.springframework.aop.Advisor)
06:58:24.029 [main] DEBUG o.s.aop.framework.CglibAopProxy - Method is declared on Advised interface: public abstract boolean org.springframework.aop.framework.Advised.isFrozen()
06:58:24.029 [main] DEBUG o.s.aop.framework.CglibAopProxy - Method is declared on Advised interface: public abstract java.lang.Class org.springframework.aop.TargetClassAware.getTargetClass()
06:58:24.040 [main] DEBUG o.s.b.f.s.DefaultListableBeanFactory - Finished creating instance of bean 'diagnosesController'
06:58:24.040 [main] DEBUG o.s.b.f.s.DefaultListableBeanFactory - Creating shared instance of singleton bean 'patientController'
06:58:24.040 [main] DEBUG o.s.b.f.s.DefaultListableBeanFactory - Creating instance of bean 'patientController'
06:58:24.040 [main] DEBUG o.s.b.f.s.DefaultListableBeanFactory - Eagerly caching bean 'patientController' to allow for resolving potential circular references
06:58:24.040 [main] DEBUG o.s.b.f.s.DefaultListableBeanFactory - Returning cached instance of singleton bean 'metaDataSourceAdvisor'
06:58:24.040 [main] DEBUG o.s.s.a.p.PrePostAnnotationSecurityMetadataSource - @org.springframework.security.access.prepost.PreAuthorize(value=hasRole('ROLE_PATIENT')) found on specific method: public java.lang.String edu.ncsu.csc.itrust2.controllers.patient.PatientController.viewOfficeVisits(org.springframework.ui.Model)
06:58:24.041 [main] DEBUG o.s.s.a.m.DelegatingMethodSecurityMetadataSource - Caching method [CacheKey[edu.ncsu.csc.itrust2.controllers.patient.PatientController; public java.lang.String edu.ncsu.csc.itrust2.controllers.patient.PatientController.viewOfficeVisits(org.springframework.ui.Model)]] with attributes [[authorize: 'hasRole('ROLE_PATIENT')', filter: 'null', filterTarget: 'null']]
06:58:24.041 [main] DEBUG o.s.a.f.a.InfrastructureAdvisorAutoProxyCreator - Creating implicit proxy for bean 'patientController' with 0 common interceptors and 1 specific interceptors
06:58:24.041 [main] DEBUG o.s.aop.framework.CglibAopProxy - Creating CGLIB proxy: target source is SingletonTargetSource for target object [edu.ncsu.csc.itrust2.controllers.patient.PatientController@69b53528]
06:58:24.041 [main] DEBUG o.s.aop.framework.CglibAopProxy - Unable to apply any optimisations to advised method: public java.lang.String edu.ncsu.csc.itrust2.controllers.patient.PatientController.viewOfficeVisits(org.springframework.ui.Model)
06:58:24.041 [main] DEBUG o.s.s.a.p.PrePostAnnotationSecurityMetadataSource - @org.springframework.security.access.prepost.PreAuthorize(value=hasRole('ROLE_PATIENT')) found on specific method: public java.lang.String edu.ncsu.csc.itrust2.controllers.patient.PatientController.viewPrescriptions(org.springframework.ui.Model)
06:58:24.041 [main] DEBUG o.s.s.a.m.DelegatingMethodSecurityMetadataSource - Caching method [CacheKey[edu.ncsu.csc.itrust2.controllers.patient.PatientController; public java.lang.String edu.ncsu.csc.itrust2.controllers.patient.PatientController.viewPrescriptions(org.springframework.ui.Model)]] with attributes [[authorize: 'hasRole('ROLE_PATIENT')', filter: 'null', filterTarget: 'null']]
06:58:24.041 [main] DEBUG o.s.aop.framework.CglibAopProxy - Unable to apply any optimisations to advised method: public java.lang.String edu.ncsu.csc.itrust2.controllers.patient.PatientController.viewPrescriptions(org.springframework.ui.Model)
06:58:24.041 [main] DEBUG o.s.s.a.p.PrePostAnnotationSecurityMetadataSource - @org.springframework.security.access.prepost.PreAuthorize(value=hasRole('ROLE_PATIENT')) found on specific method: public java.lang.String edu.ncsu.csc.itrust2.controllers.patient.PatientController.viewDemographics(org.springframework.ui.Model)
06:58:24.041 [main] DEBUG o.s.s.a.m.DelegatingMethodSecurityMetadataSource - Caching method [CacheKey[edu.ncsu.csc.itrust2.controllers.patient.PatientController; public java.lang.String edu.ncsu.csc.itrust2.controllers.patient.PatientController.viewDemographics(org.springframework.ui.Model)]] with attributes [[authorize: 'hasRole('ROLE_PATIENT')', filter: 'null', filterTarget: 'null']]
06:58:24.042 [main] DEBUG o.s.aop.framework.CglibAopProxy - Unable to apply any optimisations to advised method: public java.lang.String edu.ncsu.csc.itrust2.controllers.patient.PatientController.viewDemographics(org.springframework.ui.Model)
06:58:24.042 [main] DEBUG o.s.s.a.p.PrePostAnnotationSecurityMetadataSource - @org.springframework.security.access.prepost.PreAuthorize(value=hasRole('ROLE_PATIENT')) found on specific method: public java.lang.String edu.ncsu.csc.itrust2.controllers.patient.PatientController.demographicsSubmit(edu.ncsu.csc.itrust2.forms.hcp_patient.PatientForm,org.springframework.validation.BindingResult,org.springframework.ui.Model)
06:58:24.042 [main] DEBUG o.s.s.a.m.DelegatingMethodSecurityMetadataSource - Caching method [CacheKey[edu.ncsu.csc.itrust2.controllers.patient.PatientController; public java.lang.String edu.ncsu.csc.itrust2.controllers.patient.PatientController.demographicsSubmit(edu.ncsu.csc.itrust2.forms.hcp_patient.PatientForm,org.springframework.validation.BindingResult,org.springframework.ui.Model)]] with attributes [[authorize: 'hasRole('ROLE_PATIENT')', filter: 'null', filterTarget: 'null']]
06:58:24.042 [main] DEBUG o.s.aop.framework.CglibAopProxy - Unable to apply any optimisations to advised method: public java.lang.String edu.ncsu.csc.itrust2.controllers.patient.PatientController.demographicsSubmit(edu.ncsu.csc.itrust2.forms.hcp_patient.PatientForm,org.springframework.validation.BindingResult,org.springframework.ui.Model)
06:58:24.042 [main] DEBUG o.s.s.a.p.PrePostAnnotationSecurityMetadataSource - @org.springframework.security.access.prepost.PreAuthorize(value=hasRole('ROLE_PATIENT')) found on specific method: public java.lang.String edu.ncsu.csc.itrust2.controllers.patient.PatientController.index(org.springframework.ui.Model)
06:58:24.042 [main] DEBUG o.s.s.a.m.DelegatingMethodSecurityMetadataSource - Caching method [CacheKey[edu.ncsu.csc.itrust2.controllers.patient.PatientController; public java.lang.String edu.ncsu.csc.itrust2.controllers.patient.PatientController.index(org.springframework.ui.Model)]] with attributes [[authorize: 'hasRole('ROLE_PATIENT')', filter: 'null', filterTarget: 'null']]
06:58:24.042 [main] DEBUG o.s.aop.framework.CglibAopProxy - Unable to apply any optimisations to advised method: public java.lang.String edu.ncsu.csc.itrust2.controllers.patient.PatientController.index(org.springframework.ui.Model)
06:58:24.042 [main] DEBUG o.s.aop.framework.CglibAopProxy - Found 'equals' method: public boolean java.lang.Object.equals(java.lang.Object)
06:58:24.042 [main] DEBUG o.s.aop.framework.CglibAopProxy - Unable to apply any optimisations to advised method: public java.lang.String java.lang.Object.toString()
06:58:24.042 [main] DEBUG o.s.aop.framework.CglibAopProxy - Found 'hashCode' method: public native int java.lang.Object.hashCode()
06:58:24.042 [main] DEBUG o.s.aop.framework.CglibAopProxy - Unable to apply any optimisations to advised method: protected native java.lang.Object java.lang.Object.clone() throws java.lang.CloneNotSupportedException
06:58:24.042 [main] DEBUG o.s.aop.framework.CglibAopProxy - Method is declared on Advised interface: public abstract org.springframework.aop.TargetSource org.springframework.aop.framework.Advised.getTargetSource()
06:58:24.042 [main] DEBUG o.s.aop.framework.CglibAopProxy - Method is declared on Advised interface: public abstract boolean org.springframework.aop.framework.Advised.isProxyTargetClass()
06:58:24.042 [main] DEBUG o.s.aop.framework.CglibAopProxy - Method is declared on Advised interface: public abstract void org.springframework.aop.framework.Advised.addAdvisor(org.springframework.aop.Advisor) throws org.springframework.aop.framework.AopConfigException
06:58:24.042 [main] DEBUG o.s.aop.framework.CglibAopProxy - Method is declared on Advised interface: public abstract void org.springframework.aop.framework.Advised.addAdvisor(int,org.springframework.aop.Advisor) throws org.springframework.aop.framework.AopConfigException
06:58:24.042 [main] DEBUG o.s.aop.framework.CglibAopProxy - Method is declared on Advised interface: public abstract void org.springframework.aop.framework.Advised.setPreFiltered(boolean)
06:58:24.042 [main] DEBUG o.s.aop.framework.CglibAopProxy - Method is declared on Advised interface: public abstract void org.springframework.aop.framework.Advised.setExposeProxy(boolean)
06:58:24.042 [main] DEBUG o.s.aop.framework.CglibAopProxy - Method is declared on Advised interface: public abstract boolean org.springframework.aop.framework.Advised.isExposeProxy()
06:58:24.042 [main] DEBUG o.s.aop.framework.CglibAopProxy - Method is declared on Advised interface: public abstract void org.springframework.aop.framework.Advised.addAdvice(org.aopalliance.aop.Advice) throws org.springframework.aop.framework.AopConfigException
06:58:24.042 [main] DEBUG o.s.aop.framework.CglibAopProxy - Method is declared on Advised interface: public abstract void org.springframework.aop.framework.Advised.addAdvice(int,org.aopalliance.aop.Advice) throws org.springframework.aop.framework.AopConfigException
06:58:24.042 [main] DEBUG o.s.aop.framework.CglibAopProxy - Method is declared on Advised interface: public abstract boolean org.springframework.aop.framework.Advised.isPreFiltered()
06:58:24.042 [main] DEBUG o.s.aop.framework.CglibAopProxy - Method is declared on Advised interface: public abstract java.lang.Class[] org.springframework.aop.framework.Advised.getProxiedInterfaces()
06:58:24.042 [main] DEBUG o.s.aop.framework.CglibAopProxy - Method is declared on Advised interface: public abstract boolean org.springframework.aop.framework.Advised.isInterfaceProxied(java.lang.Class)
06:58:24.042 [main] DEBUG o.s.aop.framework.CglibAopProxy - Method is declared on Advised interface: public abstract org.springframework.aop.Advisor[] org.springframework.aop.framework.Advised.getAdvisors()
06:58:24.042 [main] DEBUG o.s.aop.framework.CglibAopProxy - Method is declared on Advised interface: public abstract boolean org.springframework.aop.framework.Advised.removeAdvisor(org.springframework.aop.Advisor)
06:58:24.042 [main] DEBUG o.s.aop.framework.CglibAopProxy - Method is declared on Advised interface: public abstract void org.springframework.aop.framework.Advised.removeAdvisor(int) throws org.springframework.aop.framework.AopConfigException
06:58:24.042 [main] DEBUG o.s.aop.framework.CglibAopProxy - Method is declared on Advised interface: public abstract boolean org.springframework.aop.framework.Advised.replaceAdvisor(org.springframework.aop.Advisor,org.springframework.aop.Advisor) throws org.springframework.aop.framework.AopConfigException
06:58:24.042 [main] DEBUG o.s.aop.framework.CglibAopProxy - Method is declared on Advised interface: public abstract boolean org.springframework.aop.framework.Advised.removeAdvice(org.aopalliance.aop.Advice)
06:58:24.042 [main] DEBUG o.s.aop.framework.CglibAopProxy - Method is declared on Advised interface: public abstract java.lang.String org.springframework.aop.framework.Advised.toProxyConfigString()
06:58:24.042 [main] DEBUG o.s.aop.framework.CglibAopProxy - Method is declared on Advised interface: public abstract void org.springframework.aop.framework.Advised.setTargetSource(org.springframework.aop.TargetSource)
06:58:24.042 [main] DEBUG o.s.aop.framework.CglibAopProxy - Method is declared on Advised interface: public abstract int org.springframework.aop.framework.Advised.indexOf(org.aopalliance.aop.Advice)
06:58:24.042 [main] DEBUG o.s.aop.framework.CglibAopProxy - Method is declared on Advised interface: public abstract int org.springframework.aop.framework.Advised.indexOf(org.springframework.aop.Advisor)
06:58:24.042 [main] DEBUG o.s.aop.framework.CglibAopProxy - Method is declared on Advised interface: public abstract boolean org.springframework.aop.framework.Advised.isFrozen()
06:58:24.042 [main] DEBUG o.s.aop.framework.CglibAopProxy - Method is declared on Advised interface: public abstract java.lang.Class org.springframework.aop.TargetClassAware.getTargetClass()
06:58:24.057 [main] DEBUG o.s.b.f.s.DefaultListableBeanFactory - Finished creating instance of bean 'patientController'
06:58:24.057 [main] DEBUG o.s.b.f.s.DefaultListableBeanFactory - Creating shared instance of singleton bean 'passwordController'
06:58:24.057 [main] DEBUG o.s.b.f.s.DefaultListableBeanFactory - Creating instance of bean 'passwordController'
06:58:24.058 [main] DEBUG o.s.b.f.s.DefaultListableBeanFactory - Eagerly caching bean 'passwordController' to allow for resolving potential circular references
06:58:24.058 [main] DEBUG o.s.b.f.s.DefaultListableBeanFactory - Returning cached instance of singleton bean 'metaDataSourceAdvisor'
06:58:24.058 [main] DEBUG o.s.b.f.s.DefaultListableBeanFactory - Finished creating instance of bean 'passwordController'
06:58:24.058 [main] DEBUG o.s.b.f.s.DefaultListableBeanFactory - Creating shared instance of singleton bean 'userController'
06:58:24.058 [main] DEBUG o.s.b.f.s.DefaultListableBeanFactory - Creating instance of bean 'userController'
06:58:24.058 [main] DEBUG o.s.b.f.s.DefaultListableBeanFactory - Eagerly caching bean 'userController' to allow for resolving potential circular references
06:58:24.058 [main] DEBUG o.s.b.f.s.DefaultListableBeanFactory - Returning cached instance of singleton bean 'metaDataSourceAdvisor'
06:58:24.058 [main] DEBUG o.s.s.a.p.PrePostAnnotationSecurityMetadataSource - @org.springframework.security.access.prepost.PreAuthorize(value=hasRole('ROLE_HCP') or hasRole('ROLE_ADMIN')) found on specific method: public java.lang.String edu.ncsu.csc.itrust2.controllers.personnel.UserController.viewDemographics(org.springframework.ui.Model)
06:58:24.058 [main] DEBUG o.s.s.a.m.DelegatingMethodSecurityMetadataSource - Caching method [CacheKey[edu.ncsu.csc.itrust2.controllers.personnel.UserController; public java.lang.String edu.ncsu.csc.itrust2.controllers.personnel.UserController.viewDemographics(org.springframework.ui.Model)]] with attributes [[authorize: 'hasRole('ROLE_HCP') or hasRole('ROLE_ADMIN')', filter: 'null', filterTarget: 'null']]
06:58:24.058 [main] DEBUG o.s.a.f.a.InfrastructureAdvisorAutoProxyCreator - Creating implicit proxy for bean 'userController' with 0 common interceptors and 1 specific interceptors
06:58:24.058 [main] DEBUG o.s.aop.framework.CglibAopProxy - Creating CGLIB proxy: target source is SingletonTargetSource for target object [edu.ncsu.csc.itrust2.controllers.personnel.UserController@36fbe3]
06:58:24.059 [main] DEBUG o.s.aop.framework.CglibAopProxy - Unable to apply any optimisations to advised method: public java.lang.String edu.ncsu.csc.itrust2.controllers.personnel.UserController.viewDemographics(org.springframework.ui.Model)
06:58:24.059 [main] DEBUG o.s.s.a.p.PrePostAnnotationSecurityMetadataSource - @org.springframework.security.access.prepost.PreAuthorize(value=hasRole('ROLE_HCP') or hasRole('ROLE_ADMIN')) found on specific method: public java.lang.String edu.ncsu.csc.itrust2.controllers.personnel.UserController.demographicsSubmit(edu.ncsu.csc.itrust2.forms.personnel.PersonnelForm,org.springframework.validation.BindingResult,org.springframework.ui.Model)
06:58:24.059 [main] DEBUG o.s.s.a.m.DelegatingMethodSecurityMetadataSource - Caching method [CacheKey[edu.ncsu.csc.itrust2.controllers.personnel.UserController; public java.lang.String edu.ncsu.csc.itrust2.controllers.personnel.UserController.demographicsSubmit(edu.ncsu.csc.itrust2.forms.personnel.PersonnelForm,org.springframework.validation.BindingResult,org.springframework.ui.Model)]] with attributes [[authorize: 'hasRole('ROLE_HCP') or hasRole('ROLE_ADMIN')', filter: 'null', filterTarget: 'null']]
06:58:24.059 [main] DEBUG o.s.aop.framework.CglibAopProxy - Unable to apply any optimisations to advised method: public java.lang.String edu.ncsu.csc.itrust2.controllers.personnel.UserController.demographicsSubmit(edu.ncsu.csc.itrust2.forms.personnel.PersonnelForm,org.springframework.validation.BindingResult,org.springframework.ui.Model)
06:58:24.059 [main] DEBUG o.s.aop.framework.CglibAopProxy - Found 'equals' method: public boolean java.lang.Object.equals(java.lang.Object)
06:58:24.059 [main] DEBUG o.s.aop.framework.CglibAopProxy - Unable to apply any optimisations to advised method: public java.lang.String java.lang.Object.toString()
06:58:24.059 [main] DEBUG o.s.aop.framework.CglibAopProxy - Found 'hashCode' method: public native int java.lang.Object.hashCode()
06:58:24.059 [main] DEBUG o.s.aop.framework.CglibAopProxy - Unable to apply any optimisations to advised method: protected native java.lang.Object java.lang.Object.clone() throws java.lang.CloneNotSupportedException
06:58:24.059 [main] DEBUG o.s.aop.framework.CglibAopProxy - Method is declared on Advised interface: public abstract org.springframework.aop.TargetSource org.springframework.aop.framework.Advised.getTargetSource()
06:58:24.059 [main] DEBUG o.s.aop.framework.CglibAopProxy - Method is declared on Advised interface: public abstract boolean org.springframework.aop.framework.Advised.isProxyTargetClass()
06:58:24.059 [main] DEBUG o.s.aop.framework.CglibAopProxy - Method is declared on Advised interface: public abstract void org.springframework.aop.framework.Advised.addAdvisor(org.springframework.aop.Advisor) throws org.springframework.aop.framework.AopConfigException
06:58:24.059 [main] DEBUG o.s.aop.framework.CglibAopProxy - Method is declared on Advised interface: public abstract void org.springframework.aop.framework.Advised.addAdvisor(int,org.springframework.aop.Advisor) throws org.springframework.aop.framework.AopConfigException
06:58:24.059 [main] DEBUG o.s.aop.framework.CglibAopProxy - Method is declared on Advised interface: public abstract void org.springframework.aop.framework.Advised.setPreFiltered(boolean)
06:58:24.059 [main] DEBUG o.s.aop.framework.CglibAopProxy - Method is declared on Advised interface: public abstract void org.springframework.aop.framework.Advised.setExposeProxy(boolean)
06:58:24.059 [main] DEBUG o.s.aop.framework.CglibAopProxy - Method is declared on Advised interface: public abstract boolean org.springframework.aop.framework.Advised.isExposeProxy()
06:58:24.059 [main] DEBUG o.s.aop.framework.CglibAopProxy - Method is declared on Advised interface: public abstract void org.springframework.aop.framework.Advised.addAdvice(org.aopalliance.aop.Advice) throws org.springframework.aop.framework.AopConfigException
06:58:24.059 [main] DEBUG o.s.aop.framework.CglibAopProxy - Method is declared on Advised interface: public abstract void org.springframework.aop.framework.Advised.addAdvice(int,org.aopalliance.aop.Advice) throws org.springframework.aop.framework.AopConfigException
06:58:24.059 [main] DEBUG o.s.aop.framework.CglibAopProxy - Method is declared on Advised interface: public abstract boolean org.springframework.aop.framework.Advised.isPreFiltered()
06:58:24.059 [main] DEBUG o.s.aop.framework.CglibAopProxy - Method is declared on Advised interface: public abstract java.lang.Class[] org.springframework.aop.framework.Advised.getProxiedInterfaces()
06:58:24.059 [main] DEBUG o.s.aop.framework.CglibAopProxy - Method is declared on Advised interface: public abstract boolean org.springframework.aop.framework.Advised.isInterfaceProxied(java.lang.Class)
06:58:24.059 [main] DEBUG o.s.aop.framework.CglibAopProxy - Method is declared on Advised interface: public abstract org.springframework.aop.Advisor[] org.springframework.aop.framework.Advised.getAdvisors()
06:58:24.059 [main] DEBUG o.s.aop.framework.CglibAopProxy - Method is declared on Advised interface: public abstract boolean org.springframework.aop.framework.Advised.removeAdvisor(org.springframework.aop.Advisor)
06:58:24.059 [main] DEBUG o.s.aop.framework.CglibAopProxy - Method is declared on Advised interface: public abstract void org.springframework.aop.framework.Advised.removeAdvisor(int) throws org.springframework.aop.framework.AopConfigException
06:58:24.059 [main] DEBUG o.s.aop.framework.CglibAopProxy - Method is declared on Advised interface: public abstract boolean org.springframework.aop.framework.Advised.replaceAdvisor(org.springframework.aop.Advisor,org.springframework.aop.Advisor) throws org.springframework.aop.framework.AopConfigException
06:58:24.059 [main] DEBUG o.s.aop.framework.CglibAopProxy - Method is declared on Advised interface: public abstract boolean org.springframework.aop.framework.Advised.removeAdvice(org.aopalliance.aop.Advice)
06:58:24.059 [main] DEBUG o.s.aop.framework.CglibAopProxy - Method is declared on Advised interface: public abstract java.lang.String org.springframework.aop.framework.Advised.toProxyConfigString()
06:58:24.059 [main] DEBUG o.s.aop.framework.CglibAopProxy - Method is declared on Advised interface: public abstract void org.springframework.aop.framework.Advised.setTargetSource(org.springframework.aop.TargetSource)
06:58:24.059 [main] DEBUG o.s.aop.framework.CglibAopProxy - Method is declared on Advised interface: public abstract int org.springframework.aop.framework.Advised.indexOf(org.aopalliance.aop.Advice)
06:58:24.059 [main] DEBUG o.s.aop.framework.CglibAopProxy - Method is declared on Advised interface: public abstract int org.springframework.aop.framework.Advised.indexOf(org.springframework.aop.Advisor)
06:58:24.059 [main] DEBUG o.s.aop.framework.CglibAopProxy - Method is declared on Advised interface: public abstract boolean org.springframework.aop.framework.Advised.isFrozen()
06:58:24.059 [main] DEBUG o.s.aop.framework.CglibAopProxy - Method is declared on Advised interface: public abstract java.lang.Class org.springframework.aop.TargetClassAware.getTargetClass()
06:58:24.071 [main] DEBUG o.s.b.f.s.DefaultListableBeanFactory - Finished creating instance of bean 'userController'
06:58:24.071 [main] DEBUG o.s.b.f.s.DefaultListableBeanFactory - Returning cached instance of singleton bean 'dataSource'
06:58:24.071 [main] DEBUG o.s.b.f.s.DefaultListableBeanFactory - Returning cached instance of singleton bean 'org.springframework.security.config.annotation.configuration.ObjectPostProcessorConfiguration'
06:58:24.071 [main] DEBUG o.s.b.f.s.DefaultListableBeanFactory - Returning cached instance of singleton bean 'objectPostProcessor'
06:58:24.071 [main] DEBUG o.s.b.f.s.DefaultListableBeanFactory - Returning cached instance of singleton bean 'org.springframework.security.config.annotation.authentication.configuration.AuthenticationConfiguration'
06:58:24.071 [main] DEBUG o.s.b.f.s.DefaultListableBeanFactory - Returning cached instance of singleton bean 'authenticationManagerBuilder'
06:58:24.071 [main] DEBUG o.s.b.f.s.DefaultListableBeanFactory - Returning cached instance of singleton bean 'enableGlobalAuthenticationAutowiredConfigurer'
06:58:24.071 [main] DEBUG o.s.b.f.s.DefaultListableBeanFactory - Returning cached instance of singleton bean 'initializeUserDetailsBeanManagerConfigurer'
06:58:24.071 [main] DEBUG o.s.b.f.s.DefaultListableBeanFactory - Returning cached instance of singleton bean 'initializeAuthenticationProviderBeanManagerConfigurer'
06:58:24.071 [main] DEBUG o.s.b.f.s.DefaultListableBeanFactory - Creating shared instance of singleton bean 'org.springframework.security.config.annotation.web.configuration.WebSecurityConfiguration'
06:58:24.071 [main] DEBUG o.s.b.f.s.DefaultListableBeanFactory - Creating instance of bean 'org.springframework.security.config.annotation.web.configuration.WebSecurityConfiguration'
06:58:24.073 [main] DEBUG o.s.b.f.annotation.InjectionMetadata - Registered injected element on class [org.springframework.security.config.annotation.web.configuration.WebSecurityConfiguration$$EnhancerBySpringCGLIB$$29ebc26c]: AutowiredFieldElement for private org.springframework.security.config.annotation.ObjectPostProcessor org.springframework.security.config.annotation.web.configuration.WebSecurityConfiguration.objectObjectPostProcessor
06:58:24.073 [main] DEBUG o.s.b.f.annotation.InjectionMetadata - Registered injected element on class [org.springframework.security.config.annotation.web.configuration.WebSecurityConfiguration$$EnhancerBySpringCGLIB$$29ebc26c]: AutowiredMethodElement for public void org.springframework.security.config.annotation.web.configuration.WebSecurityConfiguration.setFilterChainProxySecurityConfigurer(org.springframework.security.config.annotation.ObjectPostProcessor,java.util.List) throws java.lang.Exception
06:58:24.073 [main] DEBUG o.s.b.f.s.DefaultListableBeanFactory - Eagerly caching bean 'org.springframework.security.config.annotation.web.configuration.WebSecurityConfiguration' to allow for resolving potential circular references
06:58:24.073 [main] DEBUG o.s.b.f.annotation.InjectionMetadata - Processing injected element of bean 'org.springframework.security.config.annotation.web.configuration.WebSecurityConfiguration': AutowiredFieldElement for private org.springframework.security.config.annotation.ObjectPostProcessor org.springframework.security.config.annotation.web.configuration.WebSecurityConfiguration.objectObjectPostProcessor
06:58:24.073 [main] DEBUG o.s.b.f.s.DefaultListableBeanFactory - Returning cached instance of singleton bean 'objectPostProcessor'
06:58:24.073 [main] DEBUG o.s.b.f.a.AutowiredAnnotationBeanPostProcessor - Autowiring by type from bean name 'org.springframework.security.config.annotation.web.configuration.WebSecurityConfiguration' to bean named 'objectPostProcessor'
06:58:24.073 [main] DEBUG o.s.b.f.annotation.InjectionMetadata - Processing injected element of bean 'org.springframework.security.config.annotation.web.configuration.WebSecurityConfiguration': AutowiredMethodElement for public void org.springframework.security.config.annotation.web.configuration.WebSecurityConfiguration.setFilterChainProxySecurityConfigurer(org.springframework.security.config.annotation.ObjectPostProcessor,java.util.List) throws java.lang.Exception
06:58:24.074 [main] DEBUG o.s.b.f.s.DefaultListableBeanFactory - Returning cached instance of singleton bean 'objectPostProcessor'
06:58:24.074 [main] DEBUG o.s.b.f.s.DefaultListableBeanFactory - Creating shared instance of singleton bean 'autowiredWebSecurityConfigurersIgnoreParents'
06:58:24.074 [main] DEBUG o.s.b.f.s.DefaultListableBeanFactory - Creating instance of bean 'autowiredWebSecurityConfigurersIgnoreParents'
06:58:24.074 [main] DEBUG o.s.b.f.s.DefaultListableBeanFactory - Returning cached instance of singleton bean 'metaDataSourceAdvisor'
06:58:24.075 [main] DEBUG o.s.b.f.s.DefaultListableBeanFactory - Returning eagerly cached instance of singleton bean 'org.springframework.security.config.annotation.web.configuration.WebSecurityConfiguration' that is not fully initialized yet - a consequence of a circular reference
06:58:24.076 [main] DEBUG o.s.b.f.s.DefaultListableBeanFactory - Autowiring by type from bean name 'autowiredWebSecurityConfigurersIgnoreParents' via factory method to bean named 'org.springframework.beans.factory.support.DefaultListableBeanFactory@53f5bf90'
06:58:24.076 [main] DEBUG o.s.b.f.s.DefaultListableBeanFactory - Eagerly caching bean 'autowiredWebSecurityConfigurersIgnoreParents' to allow for resolving potential circular references
06:58:24.076 [main] DEBUG o.s.b.f.s.DefaultListableBeanFactory - Returning cached instance of singleton bean 'metaDataSourceAdvisor'
06:58:24.076 [main] DEBUG o.s.b.f.s.DefaultListableBeanFactory - Finished creating instance of bean 'autowiredWebSecurityConfigurersIgnoreParents'
06:58:24.076 [main] DEBUG o.s.b.f.s.DefaultListableBeanFactory - Returning cached instance of singleton bean 'securityConfig'
06:58:24.077 [main] DEBUG o.s.b.f.a.AutowiredAnnotationBeanPostProcessor - Autowiring by type from bean name 'org.springframework.security.config.annotation.web.configuration.WebSecurityConfiguration' to bean named 'objectPostProcessor'
06:58:24.077 [main] DEBUG o.s.b.f.s.DefaultListableBeanFactory - Returning cached instance of singleton bean 'metaDataSourceAdvisor'
06:58:24.081 [main] DEBUG o.s.b.f.s.DefaultListableBeanFactory - Returning cached instance of singleton bean 'org.springframework.context.annotation.ConfigurationClassPostProcessor.importRegistry'
06:58:24.081 [main] DEBUG o.s.b.f.s.DefaultListableBeanFactory - Finished creating instance of bean 'org.springframework.security.config.annotation.web.configuration.WebSecurityConfiguration'
06:58:24.081 [main] DEBUG o.s.b.f.s.DefaultListableBeanFactory - Creating shared instance of singleton bean 'delegatingApplicationListener'
06:58:24.081 [main] DEBUG o.s.b.f.s.DefaultListableBeanFactory - Creating instance of bean 'delegatingApplicationListener'
06:58:24.081 [main] DEBUG o.s.b.f.s.DefaultListableBeanFactory - Eagerly caching bean 'delegatingApplicationListener' to allow for resolving potential circular references
06:58:24.082 [main] DEBUG o.s.b.f.s.DefaultListableBeanFactory - Returning cached instance of singleton bean 'metaDataSourceAdvisor'
06:58:24.082 [main] DEBUG o.s.b.f.s.DefaultListableBeanFactory - Finished creating instance of bean 'delegatingApplicationListener'
06:58:24.082 [main] DEBUG o.s.b.f.s.DefaultListableBeanFactory - Creating shared instance of singleton bean 'springSecurityFilterChain'
06:58:24.082 [main] DEBUG o.s.b.f.s.DefaultListableBeanFactory - Creating instance of bean 'springSecurityFilterChain'
06:58:24.082 [main] DEBUG o.s.b.f.s.DefaultListableBeanFactory - Returning cached instance of singleton bean 'org.springframework.security.config.annotation.web.configuration.WebSecurityConfiguration'
06:58:24.082 [main] DEBUG o.s.b.f.s.DefaultListableBeanFactory - Returning cached instance of singleton bean 'metaDataSourceAdvisor'
06:58:24.083 [main] DEBUG o.s.b.f.s.DefaultListableBeanFactory - Returning cached instance of singleton bean 'webMvcConfiguration'
06:58:24.083 [main] DEBUG o.s.b.f.s.DefaultListableBeanFactory - Returning cached instance of singleton bean 'securityConfig'
06:58:24.083 [main] DEBUG o.s.s.c.a.a.c.AuthenticationConfiguration$EnableGlobalAuthenticationAutowiredConfigurer - Eagerly initializing {webMvcConfiguration=edu.ncsu.csc.itrust2.mvc.config.WebMvcConfiguration$$EnhancerBySpringCGLIB$$f35e4a5b@1750e52f, securityConfig=edu.ncsu.csc.itrust2.config.SecurityConfig$$EnhancerBySpringCGLIB$$d7313e7@1ee9bc17}
06:58:24.083 [main] DEBUG o.s.b.f.s.DefaultListableBeanFactory - Invoking afterPropertiesSet() on bean with name 'org.springframework.security.authentication.dao.DaoAuthenticationProvider@15209de2'
06:58:24.083 [main] DEBUG o.s.b.f.s.DefaultListableBeanFactory - Returning cached instance of singleton bean 'metaDataSourceAdvisor'
06:58:24.085 [main] DEBUG o.s.b.f.s.DefaultListableBeanFactory - Invoking afterPropertiesSet() on bean with name 'org.springframework.security.authentication.ProviderManager@42d13863'
06:58:24.085 [main] DEBUG o.s.b.f.s.DefaultListableBeanFactory - Returning cached instance of singleton bean 'metaDataSourceAdvisor'
06:58:24.087 [main] DEBUG o.s.b.f.s.DefaultListableBeanFactory - Returning cached instance of singleton bean 'authenticationManagerBuilder'
06:58:24.087 [main] DEBUG o.s.w.c.s.StandardServletEnvironment - Adding [servletConfigInitParams] PropertySource with lowest search precedence
06:58:24.087 [main] DEBUG o.s.w.c.s.StandardServletEnvironment - Adding [servletContextInitParams] PropertySource with lowest search precedence
06:58:24.087 [main] DEBUG o.s.w.c.s.StandardServletEnvironment - Adding [systemProperties] PropertySource with lowest search precedence
06:58:24.087 [main] DEBUG o.s.w.c.s.StandardServletEnvironment - Adding [systemEnvironment] PropertySource with lowest search precedence
06:58:24.087 [main] DEBUG o.s.w.c.s.StandardServletEnvironment - Initialized StandardServletEnvironment with PropertySources [servletConfigInitParams,servletContextInitParams,systemProperties,systemEnvironment]
06:58:24.087 [main] DEBUG o.s.w.c.s.StandardServletEnvironment - Adding [servletConfigInitParams] PropertySource with lowest search precedence
06:58:24.087 [main] DEBUG o.s.w.c.s.StandardServletEnvironment - Adding [servletContextInitParams] PropertySource with lowest search precedence
06:58:24.087 [main] DEBUG o.s.w.c.s.StandardServletEnvironment - Adding [systemProperties] PropertySource with lowest search precedence
06:58:24.087 [main] DEBUG o.s.w.c.s.StandardServletEnvironment - Adding [systemEnvironment] PropertySource with lowest search precedence
06:58:24.087 [main] DEBUG o.s.w.c.s.StandardServletEnvironment - Initialized StandardServletEnvironment with PropertySources [servletConfigInitParams,servletContextInitParams,systemProperties,systemEnvironment]
06:58:24.087 [main] DEBUG o.s.w.c.s.StandardServletEnvironment - Adding [servletConfigInitParams] PropertySource with lowest search precedence
06:58:24.087 [main] DEBUG o.s.w.c.s.StandardServletEnvironment - Adding [servletContextInitParams] PropertySource with lowest search precedence
06:58:24.087 [main] DEBUG o.s.w.c.s.StandardServletEnvironment - Adding [systemProperties] PropertySource with lowest search precedence
06:58:24.087 [main] DEBUG o.s.w.c.s.StandardServletEnvironment - Adding [systemEnvironment] PropertySource with lowest search precedence
06:58:24.087 [main] DEBUG o.s.w.c.s.StandardServletEnvironment - Initialized StandardServletEnvironment with PropertySources [servletConfigInitParams,servletContextInitParams,systemProperties,systemEnvironment]
06:58:24.088 [main] DEBUG o.s.b.f.s.DefaultListableBeanFactory - Creating shared instance of singleton bean 'ipBlockFilter'
06:58:24.088 [main] DEBUG o.s.b.f.s.DefaultListableBeanFactory - Creating instance of bean 'ipBlockFilter'
06:58:24.088 [main] DEBUG o.s.b.f.s.DefaultListableBeanFactory - Returning cached instance of singleton bean 'securityConfig'
06:58:24.089 [main] DEBUG o.s.w.c.s.StandardServletEnvironment - Adding [servletConfigInitParams] PropertySource with lowest search precedence
06:58:24.089 [main] DEBUG o.s.w.c.s.StandardServletEnvironment - Adding [servletContextInitParams] PropertySource with lowest search precedence
06:58:24.089 [main] DEBUG o.s.w.c.s.StandardServletEnvironment - Adding [systemProperties] PropertySource with lowest search precedence
06:58:24.089 [main] DEBUG o.s.w.c.s.StandardServletEnvironment - Adding [systemEnvironment] PropertySource with lowest search precedence
06:58:24.089 [main] DEBUG o.s.w.c.s.StandardServletEnvironment - Initialized StandardServletEnvironment with PropertySources [servletConfigInitParams,servletContextInitParams,systemProperties,systemEnvironment]
06:58:24.089 [main] DEBUG o.s.b.f.s.DefaultListableBeanFactory - Eagerly caching bean 'ipBlockFilter' to allow for resolving potential circular references
06:58:24.091 [main] DEBUG o.s.b.f.s.DefaultListableBeanFactory - Invoking afterPropertiesSet() on bean with name 'ipBlockFilter'
06:58:24.091 [main] DEBUG o.s.b.f.s.DefaultListableBeanFactory - Returning cached instance of singleton bean 'metaDataSourceAdvisor'
06:58:24.091 [main] DEBUG o.s.b.f.s.DefaultListableBeanFactory - Finished creating instance of bean 'ipBlockFilter'
06:58:24.091 [main] DEBUG o.s.w.c.s.StandardServletEnvironment - Adding [servletConfigInitParams] PropertySource with lowest search precedence
06:58:24.092 [main] DEBUG o.s.w.c.s.StandardServletEnvironment - Adding [servletContextInitParams] PropertySource with lowest search precedence
06:58:24.092 [main] DEBUG o.s.w.c.s.StandardServletEnvironment - Adding [systemProperties] PropertySource with lowest search precedence
06:58:24.092 [main] DEBUG o.s.w.c.s.StandardServletEnvironment - Adding [systemEnvironment] PropertySource with lowest search precedence
06:58:24.092 [main] DEBUG o.s.w.c.s.StandardServletEnvironment - Initialized StandardServletEnvironment with PropertySources [servletConfigInitParams,servletContextInitParams,systemProperties,systemEnvironment]
06:58:24.092 [main] DEBUG o.s.b.f.s.DefaultListableBeanFactory - Creating shared instance of singleton bean 'failureHandler'
06:58:24.092 [main] DEBUG o.s.b.f.s.DefaultListableBeanFactory - Creating instance of bean 'failureHandler'
06:58:24.092 [main] DEBUG o.s.b.f.s.DefaultListableBeanFactory - Returning cached instance of singleton bean 'securityConfig'
06:58:24.092 [main] DEBUG o.s.b.f.s.DefaultListableBeanFactory - Eagerly caching bean 'failureHandler' to allow for resolving potential circular references
06:58:24.093 [main] DEBUG o.s.b.f.s.DefaultListableBeanFactory - Returning cached instance of singleton bean 'metaDataSourceAdvisor'
06:58:24.093 [main] DEBUG o.s.b.f.s.DefaultListableBeanFactory - Finished creating instance of bean 'failureHandler'
06:58:24.093 [main] INFO  o.s.s.web.DefaultSecurityFilterChain - Creating filter chain: Ant [pattern='/api/v1/requestPasswordReset'], []
06:58:24.093 [main] INFO  o.s.s.web.DefaultSecurityFilterChain - Creating filter chain: Ant [pattern='/api/v1/resetPassword/*'], []
06:58:24.093 [main] INFO  o.s.s.web.DefaultSecurityFilterChain - Creating filter chain: Ant [pattern='/requestPasswordReset'], []
06:58:24.093 [main] INFO  o.s.s.web.DefaultSecurityFilterChain - Creating filter chain: Ant [pattern='/resetPassword'], []
06:58:24.093 [main] DEBUG o.s.b.f.s.DefaultListableBeanFactory - Returning cached instance of singleton bean 'metaDataSourceAdvisor'
06:58:24.095 [main] DEBUG o.s.b.f.s.DefaultListableBeanFactory - Returning cached instance of singleton bean 'metaDataSourceAdvisor'
06:58:24.095 [main] DEBUG o.s.w.c.s.StandardServletEnvironment - Adding [servletConfigInitParams] PropertySource with lowest search precedence
06:58:24.095 [main] DEBUG o.s.w.c.s.StandardServletEnvironment - Adding [servletContextInitParams] PropertySource with lowest search precedence
06:58:24.096 [main] DEBUG o.s.w.c.s.StandardServletEnvironment - Adding [systemProperties] PropertySource with lowest search precedence
06:58:24.096 [main] DEBUG o.s.w.c.s.StandardServletEnvironment - Adding [systemEnvironment] PropertySource with lowest search precedence
06:58:24.096 [main] DEBUG o.s.w.c.s.StandardServletEnvironment - Initialized StandardServletEnvironment with PropertySources [servletConfigInitParams,servletContextInitParams,systemProperties,systemEnvironment]
06:58:24.096 [main] DEBUG o.s.b.f.s.DefaultListableBeanFactory - Returning cached instance of singleton bean 'metaDataSourceAdvisor'
06:58:24.097 [main] DEBUG o.s.b.f.s.DefaultListableBeanFactory - Invoking afterPropertiesSet() on bean with name 'org.springframework.security.web.authentication.LoginUrlAuthenticationEntryPoint@591b1362'
06:58:24.097 [main] DEBUG o.s.b.f.s.DefaultListableBeanFactory - Returning cached instance of singleton bean 'metaDataSourceAdvisor'
06:58:24.098 [main] DEBUG o.s.b.f.s.DefaultListableBeanFactory - Invoking afterPropertiesSet() on bean with name 'org.springframework.security.authentication.ProviderManager@777d56ed'
06:58:24.098 [main] DEBUG o.s.b.f.s.DefaultListableBeanFactory - Returning cached instance of singleton bean 'metaDataSourceAdvisor'
06:58:24.098 [main] DEBUG o.s.w.c.s.StandardServletEnvironment - Adding [servletConfigInitParams] PropertySource with lowest search precedence
06:58:24.098 [main] DEBUG o.s.w.c.s.StandardServletEnvironment - Adding [servletContextInitParams] PropertySource with lowest search precedence
06:58:24.098 [main] DEBUG o.s.w.c.s.StandardServletEnvironment - Adding [systemProperties] PropertySource with lowest search precedence
06:58:24.098 [main] DEBUG o.s.w.c.s.StandardServletEnvironment - Adding [systemEnvironment] PropertySource with lowest search precedence
06:58:24.098 [main] DEBUG o.s.w.c.s.StandardServletEnvironment - Initialized StandardServletEnvironment with PropertySources [servletConfigInitParams,servletContextInitParams,systemProperties,systemEnvironment]
06:58:24.098 [main] DEBUG o.s.b.f.s.DefaultListableBeanFactory - Invoking afterPropertiesSet() on bean with name 'org.springframework.security.web.csrf.CsrfFilter@24e9e833'
06:58:24.098 [main] DEBUG o.s.b.f.s.DefaultListableBeanFactory - Returning cached instance of singleton bean 'metaDataSourceAdvisor'
06:58:24.102 [main] DEBUG o.s.w.c.s.StandardServletEnvironment - Adding [servletConfigInitParams] PropertySource with lowest search precedence
06:58:24.102 [main] DEBUG o.s.w.c.s.StandardServletEnvironment - Adding [servletContextInitParams] PropertySource with lowest search precedence
06:58:24.102 [main] DEBUG o.s.w.c.s.StandardServletEnvironment - Adding [systemProperties] PropertySource with lowest search precedence
06:58:24.102 [main] DEBUG o.s.w.c.s.StandardServletEnvironment - Adding [systemEnvironment] PropertySource with lowest search precedence
06:58:24.102 [main] DEBUG o.s.w.c.s.StandardServletEnvironment - Initialized StandardServletEnvironment with PropertySources [servletConfigInitParams,servletContextInitParams,systemProperties,systemEnvironment]
06:58:24.102 [main] DEBUG o.s.b.f.s.DefaultListableBeanFactory - Invoking afterPropertiesSet() on bean with name 'org.springframework.security.web.access.ExceptionTranslationFilter@25e87fcf'
06:58:24.102 [main] DEBUG o.s.b.f.s.DefaultListableBeanFactory - Returning cached instance of singleton bean 'metaDataSourceAdvisor'
06:58:24.105 [main] DEBUG o.s.w.c.s.StandardServletEnvironment - Adding [servletConfigInitParams] PropertySource with lowest search precedence
06:58:24.105 [main] DEBUG o.s.w.c.s.StandardServletEnvironment - Adding [servletContextInitParams] PropertySource with lowest search precedence
06:58:24.105 [main] DEBUG o.s.w.c.s.StandardServletEnvironment - Adding [systemProperties] PropertySource with lowest search precedence
06:58:24.105 [main] DEBUG o.s.w.c.s.StandardServletEnvironment - Adding [systemEnvironment] PropertySource with lowest search precedence
06:58:24.105 [main] DEBUG o.s.w.c.s.StandardServletEnvironment - Initialized StandardServletEnvironment with PropertySources [servletConfigInitParams,servletContextInitParams,systemProperties,systemEnvironment]
06:58:24.105 [main] DEBUG o.s.b.f.s.DefaultListableBeanFactory - Invoking afterPropertiesSet() on bean with name 'org.springframework.security.web.header.HeaderWriterFilter@75245f9d'
06:58:24.105 [main] DEBUG o.s.b.f.s.DefaultListableBeanFactory - Returning cached instance of singleton bean 'metaDataSourceAdvisor'
06:58:24.109 [main] DEBUG o.s.w.c.s.StandardServletEnvironment - Adding [servletConfigInitParams] PropertySource with lowest search precedence
06:58:24.109 [main] DEBUG o.s.w.c.s.StandardServletEnvironment - Adding [servletContextInitParams] PropertySource with lowest search precedence
06:58:24.109 [main] DEBUG o.s.w.c.s.StandardServletEnvironment - Adding [systemProperties] PropertySource with lowest search precedence
06:58:24.109 [main] DEBUG o.s.w.c.s.StandardServletEnvironment - Adding [systemEnvironment] PropertySource with lowest search precedence
06:58:24.109 [main] DEBUG o.s.w.c.s.StandardServletEnvironment - Initialized StandardServletEnvironment with PropertySources [servletConfigInitParams,servletContextInitParams,systemProperties,systemEnvironment]
06:58:24.110 [main] DEBUG o.s.b.f.s.DefaultListableBeanFactory - Invoking afterPropertiesSet() on bean with name 'org.springframework.security.web.session.SessionManagementFilter@6873b5ea'
06:58:24.110 [main] DEBUG o.s.b.f.s.DefaultListableBeanFactory - Returning cached instance of singleton bean 'metaDataSourceAdvisor'
06:58:24.113 [main] DEBUG o.s.w.c.s.StandardServletEnvironment - Adding [servletConfigInitParams] PropertySource with lowest search precedence
06:58:24.113 [main] DEBUG o.s.w.c.s.StandardServletEnvironment - Adding [servletContextInitParams] PropertySource with lowest search precedence
06:58:24.113 [main] DEBUG o.s.w.c.s.StandardServletEnvironment - Adding [systemProperties] PropertySource with lowest search precedence
06:58:24.113 [main] DEBUG o.s.w.c.s.StandardServletEnvironment - Adding [systemEnvironment] PropertySource with lowest search precedence
06:58:24.113 [main] DEBUG o.s.w.c.s.StandardServletEnvironment - Initialized StandardServletEnvironment with PropertySources [servletConfigInitParams,servletContextInitParams,systemProperties,systemEnvironment]
06:58:24.113 [main] DEBUG o.s.b.f.s.DefaultListableBeanFactory - Invoking afterPropertiesSet() on bean with name 'org.springframework.security.web.context.SecurityContextPersistenceFilter@33060a7'
06:58:24.113 [main] DEBUG o.s.b.f.s.DefaultListableBeanFactory - Returning cached instance of singleton bean 'metaDataSourceAdvisor'
06:58:24.115 [main] DEBUG o.s.w.c.s.StandardServletEnvironment - Adding [servletConfigInitParams] PropertySource with lowest search precedence
06:58:24.116 [main] DEBUG o.s.w.c.s.StandardServletEnvironment - Adding [servletContextInitParams] PropertySource with lowest search precedence
06:58:24.116 [main] DEBUG o.s.w.c.s.StandardServletEnvironment - Adding [systemProperties] PropertySource with lowest search precedence
06:58:24.116 [main] DEBUG o.s.w.c.s.StandardServletEnvironment - Adding [systemEnvironment] PropertySource with lowest search precedence
06:58:24.116 [main] DEBUG o.s.w.c.s.StandardServletEnvironment - Initialized StandardServletEnvironment with PropertySources [servletConfigInitParams,servletContextInitParams,systemProperties,systemEnvironment]
06:58:24.116 [main] DEBUG o.s.b.f.s.DefaultListableBeanFactory - Invoking afterPropertiesSet() on bean with name 'org.springframework.security.web.savedrequest.RequestCacheAwareFilter@65406109'
06:58:24.116 [main] DEBUG o.s.b.f.s.DefaultListableBeanFactory - Returning cached instance of singleton bean 'metaDataSourceAdvisor'
06:58:24.119 [main] DEBUG o.s.b.f.s.DefaultListableBeanFactory - Invoking afterPropertiesSet() on bean with name 'org.springframework.security.web.servletapi.SecurityContextHolderAwareRequestFilter@324f128b'
06:58:24.119 [main] DEBUG o.s.b.f.s.DefaultListableBeanFactory - Returning cached instance of singleton bean 'metaDataSourceAdvisor'
06:58:24.122 [main] DEBUG o.s.w.c.s.StandardServletEnvironment - Adding [servletConfigInitParams] PropertySource with lowest search precedence
06:58:24.122 [main] DEBUG o.s.w.c.s.StandardServletEnvironment - Adding [servletContextInitParams] PropertySource with lowest search precedence
06:58:24.122 [main] DEBUG o.s.w.c.s.StandardServletEnvironment - Adding [systemProperties] PropertySource with lowest search precedence
06:58:24.122 [main] DEBUG o.s.w.c.s.StandardServletEnvironment - Adding [systemEnvironment] PropertySource with lowest search precedence
06:58:24.122 [main] DEBUG o.s.w.c.s.StandardServletEnvironment - Initialized StandardServletEnvironment with PropertySources [servletConfigInitParams,servletContextInitParams,systemProperties,systemEnvironment]
06:58:24.122 [main] DEBUG o.s.b.f.s.DefaultListableBeanFactory - Invoking afterPropertiesSet() on bean with name 'org.springframework.security.web.authentication.logout.LogoutFilter@47662dcd'
06:58:24.122 [main] DEBUG o.s.b.f.s.DefaultListableBeanFactory - Returning cached instance of singleton bean 'metaDataSourceAdvisor'
06:58:24.127 [main] DEBUG o.s.s.w.a.e.ExpressionBasedFilterInvocationSecurityMetadataSource - Adding web access control expression 'anonymous', for Ant [pattern='/login*']
06:58:24.127 [main] DEBUG o.s.s.w.a.e.ExpressionBasedFilterInvocationSecurityMetadataSource - Adding web access control expression 'authenticated', for org.springframework.security.web.util.matcher.AnyRequestMatcher@1
06:58:24.127 [main] DEBUG o.s.b.f.s.DefaultListableBeanFactory - Invoking afterPropertiesSet() on bean with name 'org.springframework.security.access.vote.AffirmativeBased@21fd2114'
06:58:24.127 [main] DEBUG o.s.b.f.s.DefaultListableBeanFactory - Returning cached instance of singleton bean 'metaDataSourceAdvisor'
06:58:24.129 [main] DEBUG o.s.s.w.a.i.FilterSecurityInterceptor - Validated configuration attributes
06:58:24.129 [main] DEBUG o.s.b.f.s.DefaultListableBeanFactory - Invoking afterPropertiesSet() on bean with name 'org.springframework.security.web.access.intercept.FilterSecurityInterceptor@405adacb'
06:58:24.129 [main] DEBUG o.s.s.w.a.i.FilterSecurityInterceptor - Validated configuration attributes
06:58:24.129 [main] DEBUG o.s.b.f.s.DefaultListableBeanFactory - Returning cached instance of singleton bean 'metaDataSourceAdvisor'
06:58:24.132 [main] DEBUG o.s.b.f.s.DefaultListableBeanFactory - Invoking afterPropertiesSet() on bean with name 'org.springframework.security.web.authentication.UsernamePasswordAuthenticationFilter@867b655'
06:58:24.132 [main] DEBUG o.s.b.f.s.DefaultListableBeanFactory - Returning cached instance of singleton bean 'metaDataSourceAdvisor'
06:58:24.141 [main] INFO  o.s.s.web.DefaultSecurityFilterChain - Creating filter chain: org.springframework.security.web.util.matcher.AnyRequestMatcher@1, [edu.ncsu.csc.itrust2.config.IPFilter@d2921fa, org.springframework.security.web.context.request.async.WebAsyncManagerIntegrationFilter@6a29857, org.springframework.security.web.context.SecurityContextPersistenceFilter@33060a7, org.springframework.security.web.header.HeaderWriterFilter@75245f9d, org.springframework.security.web.csrf.CsrfFilter@24e9e833, org.springframework.security.web.authentication.logout.LogoutFilter@47662dcd, org.springframework.security.web.authentication.UsernamePasswordAuthenticationFilter@867b655, org.springframework.security.web.savedrequest.RequestCacheAwareFilter@65406109, org.springframework.security.web.servletapi.SecurityContextHolderAwareRequestFilter@324f128b, org.springframework.security.web.authentication.AnonymousAuthenticationFilter@c9a2600, org.springframework.security.web.session.SessionManagementFilter@6873b5ea, org.springframework.security.web.access.ExceptionTranslationFilter@25e87fcf, org.springframework.security.web.access.intercept.FilterSecurityInterceptor@405adacb]
06:58:24.141 [main] DEBUG o.s.w.c.s.StandardServletEnvironment - Adding [servletConfigInitParams] PropertySource with lowest search precedence
06:58:24.141 [main] DEBUG o.s.w.c.s.StandardServletEnvironment - Adding [servletContextInitParams] PropertySource with lowest search precedence
06:58:24.141 [main] DEBUG o.s.w.c.s.StandardServletEnvironment - Adding [systemProperties] PropertySource with lowest search precedence
06:58:24.141 [main] DEBUG o.s.w.c.s.StandardServletEnvironment - Adding [systemEnvironment] PropertySource with lowest search precedence
06:58:24.141 [main] DEBUG o.s.w.c.s.StandardServletEnvironment - Initialized StandardServletEnvironment with PropertySources [servletConfigInitParams,servletContextInitParams,systemProperties,systemEnvironment]
06:58:24.141 [main] DEBUG o.s.b.f.s.DefaultListableBeanFactory - Eagerly caching bean 'springSecurityFilterChain' to allow for resolving potential circular references
06:58:24.143 [main] DEBUG o.s.b.f.s.DefaultListableBeanFactory - Invoking afterPropertiesSet() on bean with name 'springSecurityFilterChain'
06:58:24.143 [main] DEBUG o.s.b.f.s.DefaultListableBeanFactory - Returning cached instance of singleton bean 'metaDataSourceAdvisor'
06:58:24.144 [main] DEBUG o.s.b.f.s.DefaultListableBeanFactory - Finished creating instance of bean 'springSecurityFilterChain'
06:58:24.144 [main] DEBUG o.s.b.f.s.DefaultListableBeanFactory - Creating shared instance of singleton bean 'webSecurityExpressionHandler'
06:58:24.144 [main] DEBUG o.s.b.f.s.DefaultListableBeanFactory - Creating instance of bean 'webSecurityExpressionHandler'
06:58:24.144 [main] DEBUG o.s.b.f.s.DefaultListableBeanFactory - Returning cached instance of singleton bean 'org.springframework.security.config.annotation.web.configuration.WebSecurityConfiguration'
06:58:24.144 [main] DEBUG o.s.b.f.s.DefaultListableBeanFactory - Eagerly caching bean 'webSecurityExpressionHandler' to allow for resolving potential circular references
06:58:24.144 [main] DEBUG o.s.b.f.s.DefaultListableBeanFactory - Finished creating instance of bean 'webSecurityExpressionHandler'
06:58:24.144 [main] DEBUG o.s.b.f.s.DefaultListableBeanFactory - Returning cached instance of singleton bean 'springSecurityFilterChain'
06:58:24.144 [main] DEBUG o.s.b.f.s.DefaultListableBeanFactory - Returning cached instance of singleton bean 'springSecurityFilterChain'
06:58:24.144 [main] DEBUG o.s.b.f.s.DefaultListableBeanFactory - Creating shared instance of singleton bean 'privilegeEvaluator'
06:58:24.144 [main] DEBUG o.s.b.f.s.DefaultListableBeanFactory - Creating instance of bean 'privilegeEvaluator'
06:58:24.144 [main] DEBUG o.s.b.f.s.DefaultListableBeanFactory - Returning cached instance of singleton bean 'org.springframework.security.config.annotation.web.configuration.WebSecurityConfiguration'
06:58:24.145 [main] DEBUG o.s.b.f.s.DefaultListableBeanFactory - Eagerly caching bean 'privilegeEvaluator' to allow for resolving potential circular references
06:58:24.145 [main] DEBUG o.s.b.f.s.DefaultListableBeanFactory - Returning cached instance of singleton bean 'metaDataSourceAdvisor'
06:58:24.145 [main] DEBUG o.s.b.f.s.DefaultListableBeanFactory - Finished creating instance of bean 'privilegeEvaluator'
06:58:24.145 [main] DEBUG o.s.b.f.s.DefaultListableBeanFactory - Returning cached instance of singleton bean 'autowiredWebSecurityConfigurersIgnoreParents'
06:58:24.145 [main] DEBUG o.s.b.f.s.DefaultListableBeanFactory - Returning cached instance of singleton bean 'org.springframework.security.config.annotation.web.configuration.WebMvcSecurityConfiguration'
06:58:24.145 [main] DEBUG o.s.b.f.s.DefaultListableBeanFactory - Creating shared instance of singleton bean 'requestDataValueProcessor'
06:58:24.145 [main] DEBUG o.s.b.f.s.DefaultListableBeanFactory - Creating instance of bean 'requestDataValueProcessor'
06:58:24.145 [main] DEBUG o.s.b.f.s.DefaultListableBeanFactory - Returning cached instance of singleton bean 'org.springframework.security.config.annotation.web.configuration.WebMvcSecurityConfiguration'
06:58:24.145 [main] DEBUG o.s.b.f.s.DefaultListableBeanFactory - Eagerly caching bean 'requestDataValueProcessor' to allow for resolving potential circular references
06:58:24.146 [main] DEBUG o.s.b.f.s.DefaultListableBeanFactory - Returning cached instance of singleton bean 'metaDataSourceAdvisor'
06:58:24.146 [main] DEBUG o.s.b.f.s.DefaultListableBeanFactory - Finished creating instance of bean 'requestDataValueProcessor'
06:58:24.146 [main] DEBUG o.s.b.f.s.DefaultListableBeanFactory - Returning cached instance of singleton bean 'passwordEncoder'
06:58:24.146 [main] DEBUG o.s.b.f.s.DefaultListableBeanFactory - Returning cached instance of singleton bean 'defaultAuthenticationEventPublisher'
06:58:24.146 [main] DEBUG o.s.b.f.s.DefaultListableBeanFactory - Returning cached instance of singleton bean 'failureHandler'
06:58:24.146 [main] DEBUG o.s.b.f.s.DefaultListableBeanFactory - Returning cached instance of singleton bean 'ipBlockFilter'
06:58:24.146 [main] DEBUG o.s.b.f.s.DefaultListableBeanFactory - Returning cached instance of singleton bean 'org.springframework.web.servlet.config.annotation.DelegatingWebMvcConfiguration'
06:58:24.146 [main] DEBUG o.s.b.f.s.DefaultListableBeanFactory - Returning cached instance of singleton bean 'mvcConversionService'
06:58:24.146 [main] DEBUG o.s.b.f.s.DefaultListableBeanFactory - Creating shared instance of singleton bean 'requestMappingHandlerMapping'
06:58:24.146 [main] DEBUG o.s.b.f.s.DefaultListableBeanFactory - Creating instance of bean 'requestMappingHandlerMapping'
06:58:24.146 [main] DEBUG o.s.b.f.s.DefaultListableBeanFactory - Returning cached instance of singleton bean 'org.springframework.web.servlet.config.annotation.DelegatingWebMvcConfiguration'
06:58:24.146 [main] DEBUG o.s.b.f.s.DefaultListableBeanFactory - Returning cached instance of singleton bean 'mvcConversionService'
06:58:24.146 [main] DEBUG o.s.b.f.s.DefaultListableBeanFactory - Creating shared instance of singleton bean 'mvcResourceUrlProvider'
06:58:24.146 [main] DEBUG o.s.b.f.s.DefaultListableBeanFactory - Creating instance of bean 'mvcResourceUrlProvider'
06:58:24.146 [main] DEBUG o.s.b.f.s.DefaultListableBeanFactory - Returning cached instance of singleton bean 'org.springframework.web.servlet.config.annotation.DelegatingWebMvcConfiguration'
06:58:24.147 [main] DEBUG o.s.b.f.s.DefaultListableBeanFactory - Eagerly caching bean 'mvcResourceUrlProvider' to allow for resolving potential circular references
06:58:24.147 [main] DEBUG o.s.b.f.s.DefaultListableBeanFactory - Returning cached instance of singleton bean 'metaDataSourceAdvisor'
06:58:24.147 [main] DEBUG o.s.b.f.s.DefaultListableBeanFactory - Finished creating instance of bean 'mvcResourceUrlProvider'
06:58:24.148 [main] DEBUG o.s.b.f.s.DefaultListableBeanFactory - Returning cached instance of singleton bean 'mvcContentNegotiationManager'
06:58:24.148 [main] DEBUG o.s.b.f.s.DefaultListableBeanFactory - Eagerly caching bean 'requestMappingHandlerMapping' to allow for resolving potential circular references
06:58:24.151 [main] DEBUG o.s.b.f.s.DefaultListableBeanFactory - Invoking afterPropertiesSet() on bean with name 'requestMappingHandlerMapping'
06:58:24.151 [main] DEBUG o.s.w.s.m.m.a.RequestMappingHandlerMapping - Looking for request mappings in application context: org.springframework.web.context.support.GenericWebApplicationContext@469c39c6: startup date [Thu Mar 22 06:58:21 UTC 2018]; root of context hierarchy
06:58:24.152 [main] DEBUG o.s.w.s.m.m.a.RequestMappingHandlerMapping - 1 request handler methods found on class edu.ncsu.csc.itrust2.controllers.DefaultController: {public org.springframework.web.servlet.view.RedirectView edu.ncsu.csc.itrust2.controllers.DefaultController.index(org.springframework.ui.Model)={[/]}}
06:58:24.152 [main] INFO  o.s.w.s.m.m.a.RequestMappingHandlerMapping - Mapped "{[/]}" onto public org.springframework.web.servlet.view.RedirectView edu.ncsu.csc.itrust2.controllers.DefaultController.index(org.springframework.ui.Model)
06:58:24.152 [main] DEBUG o.s.w.s.m.m.a.RequestMappingHandlerMapping - 1 request handler methods found on class edu.ncsu.csc.itrust2.controllers.admin.AdminController: {public java.lang.String edu.ncsu.csc.itrust2.controllers.admin.AdminController.index(org.springframework.ui.Model)={[/admin/index]}}
06:58:24.152 [main] INFO  o.s.w.s.m.m.a.RequestMappingHandlerMapping - Mapped "{[/admin/index]}" onto public java.lang.String edu.ncsu.csc.itrust2.controllers.admin.AdminController.index(org.springframework.ui.Model)
06:58:24.152 [main] DEBUG o.s.w.s.m.m.a.RequestMappingHandlerMapping - 5 request handler methods found on class edu.ncsu.csc.itrust2.controllers.admin.AdminUserController: {public java.lang.String edu.ncsu.csc.itrust2.controllers.admin.AdminUserController.deleteUser(org.springframework.ui.Model)={[/admin/deleteUser]}, public java.lang.String edu.ncsu.csc.itrust2.controllers.admin.AdminUserController.deleteUserSubmit(edu.ncsu.csc.itrust2.forms.admin.DeleteUserForm,org.springframework.validation.BindingResult,org.springframework.ui.Model)={[/admin/deleteUser],methods=[POST]}, public java.lang.String edu.ncsu.csc.itrust2.controllers.admin.AdminUserController.addUserSubmit(edu.ncsu.csc.itrust2.forms.admin.UserForm,org.springframework.validation.BindingResult,org.springframework.ui.Model)={[/admin/addUser],methods=[POST]}, public java.lang.String edu.ncsu.csc.itrust2.controllers.admin.AdminUserController.drugs(org.springframework.ui.Model)={[/admin/drugs]}, public java.lang.String edu.ncsu.csc.itrust2.controllers.admin.AdminUserController.addUser(org.springframework.ui.Model)={[/admin/addUser]}}
06:58:24.152 [main] INFO  o.s.w.s.m.m.a.RequestMappingHandlerMapping - Mapped "{[/admin/deleteUser]}" onto public java.lang.String edu.ncsu.csc.itrust2.controllers.admin.AdminUserController.deleteUser(org.springframework.ui.Model)
06:58:24.152 [main] INFO  o.s.w.s.m.m.a.RequestMappingHandlerMapping - Mapped "{[/admin/deleteUser],methods=[POST]}" onto public java.lang.String edu.ncsu.csc.itrust2.controllers.admin.AdminUserController.deleteUserSubmit(edu.ncsu.csc.itrust2.forms.admin.DeleteUserForm,org.springframework.validation.BindingResult,org.springframework.ui.Model)
06:58:24.152 [main] INFO  o.s.w.s.m.m.a.RequestMappingHandlerMapping - Mapped "{[/admin/addUser],methods=[POST]}" onto public java.lang.String edu.ncsu.csc.itrust2.controllers.admin.AdminUserController.addUserSubmit(edu.ncsu.csc.itrust2.forms.admin.UserForm,org.springframework.validation.BindingResult,org.springframework.ui.Model)
06:58:24.152 [main] INFO  o.s.w.s.m.m.a.RequestMappingHandlerMapping - Mapped "{[/admin/drugs]}" onto public java.lang.String edu.ncsu.csc.itrust2.controllers.admin.AdminUserController.drugs(org.springframework.ui.Model)
06:58:24.152 [main] INFO  o.s.w.s.m.m.a.RequestMappingHandlerMapping - Mapped "{[/admin/addUser]}" onto public java.lang.String edu.ncsu.csc.itrust2.controllers.admin.AdminUserController.addUser(org.springframework.ui.Model)
06:58:24.153 [main] DEBUG o.s.w.s.m.m.a.RequestMappingHandlerMapping - 4 request handler methods found on class edu.ncsu.csc.itrust2.controllers.admin.HospitalController: {public java.lang.String edu.ncsu.csc.itrust2.controllers.admin.HospitalController.addHospitalSubmit(edu.ncsu.csc.itrust2.forms.admin.HospitalForm,org.springframework.validation.BindingResult,org.springframework.ui.Model)={[/admin/addHospital],methods=[POST]}, public java.lang.String edu.ncsu.csc.itrust2.controllers.admin.HospitalController.deleteHospital(org.springframework.ui.Model)={[/admin/deleteHospital]}, public java.lang.String edu.ncsu.csc.itrust2.controllers.admin.HospitalController.deleteHospitalSubmit(edu.ncsu.csc.itrust2.forms.admin.DeleteHospitalForm,org.springframework.validation.BindingResult,org.springframework.ui.Model)={[/admin/deleteHospital],methods=[POST]}, public java.lang.String edu.ncsu.csc.itrust2.controllers.admin.HospitalController.addHospital(org.springframework.ui.Model)={[/admin/addHospital]}}
06:58:24.153 [main] INFO  o.s.w.s.m.m.a.RequestMappingHandlerMapping - Mapped "{[/admin/addHospital],methods=[POST]}" onto public java.lang.String edu.ncsu.csc.itrust2.controllers.admin.HospitalController.addHospitalSubmit(edu.ncsu.csc.itrust2.forms.admin.HospitalForm,org.springframework.validation.BindingResult,org.springframework.ui.Model)
06:58:24.153 [main] INFO  o.s.w.s.m.m.a.RequestMappingHandlerMapping - Mapped "{[/admin/deleteHospital]}" onto public java.lang.String edu.ncsu.csc.itrust2.controllers.admin.HospitalController.deleteHospital(org.springframework.ui.Model)
06:58:24.153 [main] INFO  o.s.w.s.m.m.a.RequestMappingHandlerMapping - Mapped "{[/admin/deleteHospital],methods=[POST]}" onto public java.lang.String edu.ncsu.csc.itrust2.controllers.admin.HospitalController.deleteHospitalSubmit(edu.ncsu.csc.itrust2.forms.admin.DeleteHospitalForm,org.springframework.validation.BindingResult,org.springframework.ui.Model)
06:58:24.153 [main] INFO  o.s.w.s.m.m.a.RequestMappingHandlerMapping - Mapped "{[/admin/addHospital]}" onto public java.lang.String edu.ncsu.csc.itrust2.controllers.admin.HospitalController.addHospital(org.springframework.ui.Model)
06:58:24.153 [main] DEBUG o.s.w.s.m.m.a.RequestMappingHandlerMapping - 1 request handler methods found on class edu.ncsu.csc.itrust2.controllers.admin.ICDCodesController: {public java.lang.String edu.ncsu.csc.itrust2.controllers.admin.ICDCodesController.addCode(org.springframework.ui.Model)={[/admin/manageICDCodes]}}
06:58:24.153 [main] INFO  o.s.w.s.m.m.a.RequestMappingHandlerMapping - Mapped "{[/admin/manageICDCodes]}" onto public java.lang.String edu.ncsu.csc.itrust2.controllers.admin.ICDCodesController.addCode(org.springframework.ui.Model)
06:58:24.154 [main] DEBUG o.s.w.s.m.m.a.RequestMappingHandlerMapping - 6 request handler methods found on class edu.ncsu.csc.itrust2.controllers.api.APIAppointmentRequestController: {public org.springframework.http.ResponseEntity edu.ncsu.csc.itrust2.controllers.api.APIAppointmentRequestController.deleteAppointmentRequest(java.lang.Long)={[/api/v1//appointmentrequests/{id}],methods=[DELETE]}, public org.springframework.http.ResponseEntity edu.ncsu.csc.itrust2.controllers.api.APIAppointmentRequestController.updateAppointmentRequest(java.lang.Long,edu.ncsu.csc.itrust2.forms.patient.AppointmentRequestForm)={[/api/v1//appointmentrequests/{id}],methods=[PUT]}, public org.springframework.http.ResponseEntity edu.ncsu.csc.itrust2.controllers.api.APIAppointmentRequestController.deleteAppointmentRequests()={[/api/v1//appointmentrequests],methods=[DELETE]}, public org.springframework.http.ResponseEntity edu.ncsu.csc.itrust2.controllers.api.APIAppointmentRequestController.getAppointmentRequest(java.lang.Long)={[/api/v1//appointmentrequests/{id}],methods=[GET]}, public org.springframework.http.ResponseEntity edu.ncsu.csc.itrust2.controllers.api.APIAppointmentRequestController.createAppointmentRequest(edu.ncsu.csc.itrust2.forms.patient.AppointmentRequestForm)={[/api/v1//appointmentrequests],methods=[POST]}, public java.util.List edu.ncsu.csc.itrust2.controllers.api.APIAppointmentRequestController.getAppointmentRequests()={[/api/v1//appointmentrequests],methods=[GET]}}
06:58:24.154 [main] INFO  o.s.w.s.m.m.a.RequestMappingHandlerMapping - Mapped "{[/api/v1//appointmentrequests/{id}],methods=[DELETE]}" onto public org.springframework.http.ResponseEntity edu.ncsu.csc.itrust2.controllers.api.APIAppointmentRequestController.deleteAppointmentRequest(java.lang.Long)
06:58:24.154 [main] INFO  o.s.w.s.m.m.a.RequestMappingHandlerMapping - Mapped "{[/api/v1//appointmentrequests/{id}],methods=[PUT]}" onto public org.springframework.http.ResponseEntity edu.ncsu.csc.itrust2.controllers.api.APIAppointmentRequestController.updateAppointmentRequest(java.lang.Long,edu.ncsu.csc.itrust2.forms.patient.AppointmentRequestForm)
06:58:24.154 [main] INFO  o.s.w.s.m.m.a.RequestMappingHandlerMapping - Mapped "{[/api/v1//appointmentrequests],methods=[DELETE]}" onto public org.springframework.http.ResponseEntity edu.ncsu.csc.itrust2.controllers.api.APIAppointmentRequestController.deleteAppointmentRequests()
06:58:24.154 [main] INFO  o.s.w.s.m.m.a.RequestMappingHandlerMapping - Mapped "{[/api/v1//appointmentrequests/{id}],methods=[GET]}" onto public org.springframework.http.ResponseEntity edu.ncsu.csc.itrust2.controllers.api.APIAppointmentRequestController.getAppointmentRequest(java.lang.Long)
06:58:24.154 [main] INFO  o.s.w.s.m.m.a.RequestMappingHandlerMapping - Mapped "{[/api/v1//appointmentrequests],methods=[POST]}" onto public org.springframework.http.ResponseEntity edu.ncsu.csc.itrust2.controllers.api.APIAppointmentRequestController.createAppointmentRequest(edu.ncsu.csc.itrust2.forms.patient.AppointmentRequestForm)
06:58:24.154 [main] INFO  o.s.w.s.m.m.a.RequestMappingHandlerMapping - Mapped "{[/api/v1//appointmentrequests],methods=[GET]}" onto public java.util.List<edu.ncsu.csc.itrust2.models.persistent.AppointmentRequest> edu.ncsu.csc.itrust2.controllers.api.APIAppointmentRequestController.getAppointmentRequests()
06:58:24.154 [main] DEBUG o.s.w.s.m.m.a.RequestMappingHandlerMapping - 3 request handler methods found on class edu.ncsu.csc.itrust2.controllers.api.APIDiagnosisController: {public org.springframework.http.ResponseEntity edu.ncsu.csc.itrust2.controllers.api.APIDiagnosisController.getDiagnosis(java.lang.Long)={[/api/v1//diagnosis/{id}],methods=[GET]}, public java.util.List edu.ncsu.csc.itrust2.controllers.api.APIDiagnosisController.getDiagnosis()={[/api/v1//diagnoses],methods=[GET]}, public java.util.List edu.ncsu.csc.itrust2.controllers.api.APIDiagnosisController.getDiagnosesForVisit(java.lang.Long)={[/api/v1//diagnosesforvisit/{id}],methods=[GET]}}
06:58:24.154 [main] INFO  o.s.w.s.m.m.a.RequestMappingHandlerMapping - Mapped "{[/api/v1//diagnosis/{id}],methods=[GET]}" onto public org.springframework.http.ResponseEntity edu.ncsu.csc.itrust2.controllers.api.APIDiagnosisController.getDiagnosis(java.lang.Long)
06:58:24.154 [main] INFO  o.s.w.s.m.m.a.RequestMappingHandlerMapping - Mapped "{[/api/v1//diagnoses],methods=[GET]}" onto public java.util.List<edu.ncsu.csc.itrust2.models.persistent.Diagnosis> edu.ncsu.csc.itrust2.controllers.api.APIDiagnosisController.getDiagnosis()
06:58:24.155 [main] INFO  o.s.w.s.m.m.a.RequestMappingHandlerMapping - Mapped "{[/api/v1//diagnosesforvisit/{id}],methods=[GET]}" onto public java.util.List<edu.ncsu.csc.itrust2.models.persistent.Diagnosis> edu.ncsu.csc.itrust2.controllers.api.APIDiagnosisController.getDiagnosesForVisit(java.lang.Long)
06:58:24.155 [main] DEBUG o.s.w.s.m.m.a.RequestMappingHandlerMapping - 4 request handler methods found on class edu.ncsu.csc.itrust2.controllers.api.APIDrugController: {public org.springframework.http.ResponseEntity edu.ncsu.csc.itrust2.controllers.api.APIDrugController.addDrug(edu.ncsu.csc.itrust2.forms.admin.DrugForm)={[/api/v1//drugs],methods=[POST]}, public org.springframework.http.ResponseEntity edu.ncsu.csc.itrust2.controllers.api.APIDrugController.editDrug(edu.ncsu.csc.itrust2.forms.admin.DrugForm)={[/api/v1//drugs],methods=[PUT]}, public org.springframework.http.ResponseEntity edu.ncsu.csc.itrust2.controllers.api.APIDrugController.deleteDrug(java.lang.String)={[/api/v1//drugs/{id}],methods=[DELETE]}, public java.util.List edu.ncsu.csc.itrust2.controllers.api.APIDrugController.getDrugs()={[/api/v1//drugs],methods=[GET]}}
06:58:24.155 [main] INFO  o.s.w.s.m.m.a.RequestMappingHandlerMapping - Mapped "{[/api/v1//drugs],methods=[POST]}" onto public org.springframework.http.ResponseEntity edu.ncsu.csc.itrust2.controllers.api.APIDrugController.addDrug(edu.ncsu.csc.itrust2.forms.admin.DrugForm)
06:58:24.155 [main] INFO  o.s.w.s.m.m.a.RequestMappingHandlerMapping - Mapped "{[/api/v1//drugs],methods=[PUT]}" onto public org.springframework.http.ResponseEntity edu.ncsu.csc.itrust2.controllers.api.APIDrugController.editDrug(edu.ncsu.csc.itrust2.forms.admin.DrugForm)
06:58:24.155 [main] INFO  o.s.w.s.m.m.a.RequestMappingHandlerMapping - Mapped "{[/api/v1//drugs/{id}],methods=[DELETE]}" onto public org.springframework.http.ResponseEntity edu.ncsu.csc.itrust2.controllers.api.APIDrugController.deleteDrug(java.lang.String)
06:58:24.155 [main] INFO  o.s.w.s.m.m.a.RequestMappingHandlerMapping - Mapped "{[/api/v1//drugs],methods=[GET]}" onto public java.util.List<edu.ncsu.csc.itrust2.models.persistent.Drug> edu.ncsu.csc.itrust2.controllers.api.APIDrugController.getDrugs()
06:58:24.156 [main] DEBUG o.s.w.s.m.m.a.RequestMappingHandlerMapping - 7 request handler methods found on class edu.ncsu.csc.itrust2.controllers.api.APIEnumController: {public java.util.List edu.ncsu.csc.itrust2.controllers.api.APIEnumController.getEthnicity()={[/api/v1//ethnicity],methods=[GET]}, public java.util.List edu.ncsu.csc.itrust2.controllers.api.APIEnumController.getBloodTypes()={[/api/v1//bloodtype],methods=[GET]}, public java.util.List edu.ncsu.csc.itrust2.controllers.api.APIEnumController.getGenders()={[/api/v1/new val],methods=[GET]}, public java.util.List edu.ncsu.csc.itrust2.controllers.api.APIEnumController.getAppointmentTypes()={[/api/v1/new val],methods=[GET]}, public java.util.List edu.ncsu.csc.itrust2.controllers.api.APIEnumController.getStates()={[/api/v1//state],methods=[GET]}, public java.util.List edu.ncsu.csc.itrust2.controllers.api.APIEnumController.getHouseSmokingStatuses()={[/api/v1/new val],methods=[GET]}, public java.util.List edu.ncsu.csc.itrust2.controllers.api.APIEnumController.getPatientSmokingStatuses()={[/api/v1/new val],methods=[GET]}}
06:58:24.157 [main] INFO  o.s.w.s.m.m.a.RequestMappingHandlerMapping - Mapped "{[/api/v1//ethnicity],methods=[GET]}" onto public java.util.List<java.util.Map<java.lang.String, java.lang.Object>> edu.ncsu.csc.itrust2.controllers.api.APIEnumController.getEthnicity()
06:58:24.157 [main] INFO  o.s.w.s.m.m.a.RequestMappingHandlerMapping - Mapped "{[/api/v1//bloodtype],methods=[GET]}" onto public java.util.List<java.util.Map<java.lang.String, java.lang.Object>> edu.ncsu.csc.itrust2.controllers.api.APIEnumController.getBloodTypes()
06:58:24.157 [main] INFO  o.s.w.s.m.m.a.RequestMappingHandlerMapping - Mapped "{[/api/v1/new val],methods=[GET]}" onto public java.util.List<java.util.Map<java.lang.String, java.lang.Object>> edu.ncsu.csc.itrust2.controllers.api.APIEnumController.getGenders()
06:58:24.157 [main] WARN  o.s.w.c.s.GenericWebApplicationContext - Exception encountered during context initialization - cancelling refresh attempt: org.springframework.beans.factory.BeanCreationException: Error creating bean with name 'requestMappingHandlerMapping' defined in org.springframework.web.servlet.config.annotation.DelegatingWebMvcConfiguration: Invocation of init method failed; nested exception is java.lang.IllegalStateException: Ambiguous mapping. Cannot map 'APIEnumController' method 
public java.util.List<edu.ncsu.csc.itrust2.models.enums.AppointmentType> edu.ncsu.csc.itrust2.controllers.api.APIEnumController.getAppointmentTypes()
to {[/api/v1/new val],methods=[GET]}: There is already 'APIEnumController' bean method
public java.util.List<java.util.Map<java.lang.String, java.lang.Object>> edu.ncsu.csc.itrust2.controllers.api.APIEnumController.getGenders() mapped.
06:58:24.157 [main] DEBUG o.s.b.f.s.DefaultListableBeanFactory - Destroying singletons in org.springframework.beans.factory.support.DefaultListableBeanFactory@53f5bf90: defining beans [org.springframework.context.annotation.internalConfigurationAnnotationProcessor,org.springframework.context.annotation.internalAutowiredAnnotationProcessor,org.springframework.context.annotation.internalRequiredAnnotationProcessor,org.springframework.context.annotation.internalCommonAnnotationProcessor,org.springframework.context.annotation.internalPersistenceAnnotationProcessor,org.springframework.context.event.internalEventListenerProcessor,org.springframework.context.event.internalEventListenerFactory,rootConfiguration,webMvcConfiguration,dataConfiguration,loginAuditingListener,securityConfig,defaultController,adminController,adminUserController,hospitalController,ICDCodesController,APIAppointmentRequestController,APIDiagnosisController,APIDrugController,APIEnumController,APIHospitalController,APIICDCodeController,APILogEntryController,APIOfficeVisitController,APIPasswordController,APIPatientController,APIPersonnelController,APIPrescriptionController,APIUserController,appointmentControllerHCP,HCPController,officeVisitController,appointmentController,diagnosesController,patientController,passwordController,userController,dataSource,org.springframework.security.config.annotation.configuration.ObjectPostProcessorConfiguration,objectPostProcessor,org.springframework.security.config.annotation.authentication.configuration.AuthenticationConfiguration,authenticationManagerBuilder,enableGlobalAuthenticationAutowiredConfigurer,initializeUserDetailsBeanManagerConfigurer,initializeAuthenticationProviderBeanManagerConfigurer,org.springframework.security.config.annotation.web.configuration.WebSecurityConfiguration,delegatingApplicationListener,webSecurityExpressionHandler,springSecurityFilterChain,privilegeEvaluator,autowiredWebSecurityConfigurersIgnoreParents,org.springframework.security.config.annotation.web.configuration.WebMvcSecurityConfiguration,requestDataValueProcessor,passwordEncoder,defaultAuthenticationEventPublisher,failureHandler,ipBlockFilter,org.springframework.web.servlet.config.annotation.DelegatingWebMvcConfiguration,mvcConversionService,requestMappingHandlerMapping,mvcPathMatcher,mvcUrlPathHelper,mvcContentNegotiationManager,viewControllerHandlerMapping,beanNameHandlerMapping,resourceHandlerMapping,mvcResourceUrlProvider,defaultServletHandlerMapping,requestMappingHandlerAdapter,mvcValidator,mvcUriComponentsContributor,httpRequestHandlerAdapter,simpleControllerHandlerAdapter,handlerExceptionResolver,mvcViewResolver,org.springframework.security.config.annotation.method.configuration.GlobalMethodSecurityConfiguration,methodSecurityInterceptor,methodSecurityMetadataSource,preInvocationAuthorizationAdvice,viewResolver,templateEngine,domainClassConverter,metaDataSourceAdvisor,org.springframework.aop.config.internalAutoProxyCreator]; root of factory hierarchy
06:58:24.157 [main] DEBUG o.s.b.f.s.DefaultListableBeanFactory - Retrieved dependent beans for bean 'springSecurityFilterChain': [webSecurityExpressionHandler, privilegeEvaluator]
06:58:24.157 [main] DEBUG o.s.b.f.s.DisposableBeanAdapter - Invoking destroy() on bean with name 'springSecurityFilterChain'
06:58:24.157 [main] DEBUG o.s.b.f.s.DisposableBeanAdapter - Invoking destroy() on bean with name 'ipBlockFilter'
06:58:24.157 [main] DEBUG o.s.b.f.s.DefaultListableBeanFactory - Retrieved dependent beans for bean 'objectPostProcessor': [org.springframework.security.config.annotation.method.configuration.GlobalMethodSecurityConfiguration, org.springframework.security.config.annotation.authentication.configuration.AuthenticationConfiguration, securityConfig, authenticationManagerBuilder, org.springframework.security.config.annotation.web.configuration.WebSecurityConfiguration]
06:58:24.157 [main] DEBUG o.s.b.f.s.DefaultListableBeanFactory - Retrieved dependent beans for bean 'org.springframework.security.config.annotation.authentication.configuration.AuthenticationConfiguration': [securityConfig]
06:58:24.157 [main] DEBUG o.s.b.f.s.DisposableBeanAdapter - Invoking destroy() on bean with name 'objectPostProcessor'
06:58:24.159 [main] ERROR o.s.test.context.TestContextManager - Caught exception while allowing TestExecutionListener [org.springframework.test.context.web.ServletTestExecutionListener@346c1872] to prepare test instance [edu.ncsu.csc.itrust2.apitest.APIPatientTest@53761c3f]
java.lang.IllegalStateException: Failed to load ApplicationContext
	at org.springframework.test.context.cache.DefaultCacheAwareContextLoaderDelegate.loadContext(DefaultCacheAwareContextLoaderDelegate.java:124) ~[spring-test-4.3.5.RELEASE.jar:4.3.5.RELEASE]
	at org.springframework.test.context.support.DefaultTestContext.getApplicationContext(DefaultTestContext.java:83) ~[spring-test-4.3.5.RELEASE.jar:4.3.5.RELEASE]
	at org.springframework.test.context.web.ServletTestExecutionListener.setUpRequestContextIfNecessary(ServletTestExecutionListener.java:189) ~[spring-test-4.3.5.RELEASE.jar:4.3.5.RELEASE]
	at org.springframework.test.context.web.ServletTestExecutionListener.prepareTestInstance(ServletTestExecutionListener.java:131) ~[spring-test-4.3.5.RELEASE.jar:4.3.5.RELEASE]
	at org.springframework.test.context.TestContextManager.prepareTestInstance(TestContextManager.java:230) ~[spring-test-4.3.5.RELEASE.jar:4.3.5.RELEASE]
	at org.springframework.test.context.junit4.SpringJUnit4ClassRunner.createTest(SpringJUnit4ClassRunner.java:228) [spring-test-4.3.5.RELEASE.jar:4.3.5.RELEASE]
	at org.springframework.test.context.junit4.SpringJUnit4ClassRunner$1.runReflectiveCall(SpringJUnit4ClassRunner.java:287) [spring-test-4.3.5.RELEASE.jar:4.3.5.RELEASE]
	at org.junit.internal.runners.model.ReflectiveCallable.run(ReflectiveCallable.java:12) [junit-4.12.jar:4.12]
	at org.springframework.test.context.junit4.SpringJUnit4ClassRunner.methodBlock(SpringJUnit4ClassRunner.java:289) [spring-test-4.3.5.RELEASE.jar:4.3.5.RELEASE]
	at org.springframework.test.context.junit4.SpringJUnit4ClassRunner.runChild(SpringJUnit4ClassRunner.java:247) [spring-test-4.3.5.RELEASE.jar:4.3.5.RELEASE]
	at org.springframework.test.context.junit4.SpringJUnit4ClassRunner.runChild(SpringJUnit4ClassRunner.java:94) [spring-test-4.3.5.RELEASE.jar:4.3.5.RELEASE]
	at org.junit.runners.ParentRunner$3.run(ParentRunner.java:290) [junit-4.12.jar:4.12]
	at org.junit.runners.ParentRunner$1.schedule(ParentRunner.java:71) [junit-4.12.jar:4.12]
	at org.junit.runners.ParentRunner.runChildren(ParentRunner.java:288) [junit-4.12.jar:4.12]
	at org.junit.runners.ParentRunner.access$000(ParentRunner.java:58) [junit-4.12.jar:4.12]
	at org.junit.runners.ParentRunner$2.evaluate(ParentRunner.java:268) [junit-4.12.jar:4.12]
	at org.springframework.test.context.junit4.statements.RunBeforeTestClassCallbacks.evaluate(RunBeforeTestClassCallbacks.java:61) [spring-test-4.3.5.RELEASE.jar:4.3.5.RELEASE]
	at org.springframework.test.context.junit4.statements.RunAfterTestClassCallbacks.evaluate(RunAfterTestClassCallbacks.java:70) [spring-test-4.3.5.RELEASE.jar:4.3.5.RELEASE]
	at org.junit.runners.ParentRunner.run(ParentRunner.java:363) [junit-4.12.jar:4.12]
	at org.springframework.test.context.junit4.SpringJUnit4ClassRunner.run(SpringJUnit4ClassRunner.java:191) [spring-test-4.3.5.RELEASE.jar:4.3.5.RELEASE]
	at org.apache.maven.surefire.junit4.JUnit4Provider.execute(JUnit4Provider.java:365) [surefire-junit4-2.20.jar:2.20]
	at org.apache.maven.surefire.junit4.JUnit4Provider.executeWithRerun(JUnit4Provider.java:272) [surefire-junit4-2.20.jar:2.20]
	at org.apache.maven.surefire.junit4.JUnit4Provider.executeTestSet(JUnit4Provider.java:236) [surefire-junit4-2.20.jar:2.20]
	at org.apache.maven.surefire.junit4.JUnit4Provider.invoke(JUnit4Provider.java:159) [surefire-junit4-2.20.jar:2.20]
	at org.apache.maven.surefire.booter.ForkedBooter.invokeProviderInSameClassLoader(ForkedBooter.java:386) [surefire-booter-2.20.jar:2.20]
	at org.apache.maven.surefire.booter.ForkedBooter.runSuitesInProcess(ForkedBooter.java:323) [surefire-booter-2.20.jar:2.20]
	at org.apache.maven.surefire.booter.ForkedBooter.main(ForkedBooter.java:143) [surefire-booter-2.20.jar:2.20]
Caused by: org.springframework.beans.factory.BeanCreationException: Error creating bean with name 'requestMappingHandlerMapping' defined in org.springframework.web.servlet.config.annotation.DelegatingWebMvcConfiguration: Invocation of init method failed; nested exception is java.lang.IllegalStateException: Ambiguous mapping. Cannot map 'APIEnumController' method 
public java.util.List<edu.ncsu.csc.itrust2.models.enums.AppointmentType> edu.ncsu.csc.itrust2.controllers.api.APIEnumController.getAppointmentTypes()
to {[/api/v1/new val],methods=[GET]}: There is already 'APIEnumController' bean method
public java.util.List<java.util.Map<java.lang.String, java.lang.Object>> edu.ncsu.csc.itrust2.controllers.api.APIEnumController.getGenders() mapped.
	at org.springframework.beans.factory.support.AbstractAutowireCapableBeanFactory.initializeBean(AbstractAutowireCapableBeanFactory.java:1589) ~[spring-beans-4.3.5.RELEASE.jar:4.3.5.RELEASE]
	at org.springframework.beans.factory.support.AbstractAutowireCapableBeanFactory.doCreateBean(AbstractAutowireCapableBeanFactory.java:554) ~[spring-beans-4.3.5.RELEASE.jar:4.3.5.RELEASE]
	at org.springframework.beans.factory.support.AbstractAutowireCapableBeanFactory.createBean(AbstractAutowireCapableBeanFactory.java:483) ~[spring-beans-4.3.5.RELEASE.jar:4.3.5.RELEASE]
	at org.springframework.beans.factory.support.AbstractBeanFactory$1.getObject(AbstractBeanFactory.java:306) ~[spring-beans-4.3.5.RELEASE.jar:4.3.5.RELEASE]
	at org.springframework.beans.factory.support.DefaultSingletonBeanRegistry.getSingleton(DefaultSingletonBeanRegistry.java:230) ~[spring-beans-4.3.5.RELEASE.jar:4.3.5.RELEASE]
	at org.springframework.beans.factory.support.AbstractBeanFactory.doGetBean(AbstractBeanFactory.java:302) ~[spring-beans-4.3.5.RELEASE.jar:4.3.5.RELEASE]
	at org.springframework.beans.factory.support.AbstractBeanFactory.getBean(AbstractBeanFactory.java:197) ~[spring-beans-4.3.5.RELEASE.jar:4.3.5.RELEASE]
	at org.springframework.beans.factory.support.DefaultListableBeanFactory.preInstantiateSingletons(DefaultListableBeanFactory.java:759) ~[spring-beans-4.3.5.RELEASE.jar:4.3.5.RELEASE]
	at org.springframework.context.support.AbstractApplicationContext.finishBeanFactoryInitialization(AbstractApplicationContext.java:866) ~[spring-context-4.3.5.RELEASE.jar:4.3.5.RELEASE]
	at org.springframework.context.support.AbstractApplicationContext.refresh(AbstractApplicationContext.java:542) ~[spring-context-4.3.5.RELEASE.jar:4.3.5.RELEASE]
	at org.springframework.test.context.web.AbstractGenericWebContextLoader.loadContext(AbstractGenericWebContextLoader.java:134) ~[spring-test-4.3.5.RELEASE.jar:4.3.5.RELEASE]
	at org.springframework.test.context.web.AbstractGenericWebContextLoader.loadContext(AbstractGenericWebContextLoader.java:61) ~[spring-test-4.3.5.RELEASE.jar:4.3.5.RELEASE]
	at org.springframework.test.context.support.AbstractDelegatingSmartContextLoader.delegateLoading(AbstractDelegatingSmartContextLoader.java:108) ~[spring-test-4.3.5.RELEASE.jar:4.3.5.RELEASE]
	at org.springframework.test.context.support.AbstractDelegatingSmartContextLoader.loadContext(AbstractDelegatingSmartContextLoader.java:251) ~[spring-test-4.3.5.RELEASE.jar:4.3.5.RELEASE]
	at org.springframework.test.context.cache.DefaultCacheAwareContextLoaderDelegate.loadContextInternal(DefaultCacheAwareContextLoaderDelegate.java:98) ~[spring-test-4.3.5.RELEASE.jar:4.3.5.RELEASE]
	at org.springframework.test.context.cache.DefaultCacheAwareContextLoaderDelegate.loadContext(DefaultCacheAwareContextLoaderDelegate.java:116) ~[spring-test-4.3.5.RELEASE.jar:4.3.5.RELEASE]
	... 26 common frames omitted
Caused by: java.lang.IllegalStateException: Ambiguous mapping. Cannot map 'APIEnumController' method 
public java.util.List<edu.ncsu.csc.itrust2.models.enums.AppointmentType> edu.ncsu.csc.itrust2.controllers.api.APIEnumController.getAppointmentTypes()
to {[/api/v1/new val],methods=[GET]}: There is already 'APIEnumController' bean method
public java.util.List<java.util.Map<java.lang.String, java.lang.Object>> edu.ncsu.csc.itrust2.controllers.api.APIEnumController.getGenders() mapped.
	at org.springframework.web.servlet.handler.AbstractHandlerMethodMapping$MappingRegistry.assertUniqueMethodMapping(AbstractHandlerMethodMapping.java:576) ~[spring-webmvc-4.3.5.RELEASE.jar:4.3.5.RELEASE]
	at org.springframework.web.servlet.handler.AbstractHandlerMethodMapping$MappingRegistry.register(AbstractHandlerMethodMapping.java:540) ~[spring-webmvc-4.3.5.RELEASE.jar:4.3.5.RELEASE]
	at org.springframework.web.servlet.handler.AbstractHandlerMethodMapping.registerHandlerMethod(AbstractHandlerMethodMapping.java:264) ~[spring-webmvc-4.3.5.RELEASE.jar:4.3.5.RELEASE]
	at org.springframework.web.servlet.handler.AbstractHandlerMethodMapping.detectHandlerMethods(AbstractHandlerMethodMapping.java:250) ~[spring-webmvc-4.3.5.RELEASE.jar:4.3.5.RELEASE]
	at org.springframework.web.servlet.handler.AbstractHandlerMethodMapping.initHandlerMethods(AbstractHandlerMethodMapping.java:214) ~[spring-webmvc-4.3.5.RELEASE.jar:4.3.5.RELEASE]
	at org.springframework.web.servlet.handler.AbstractHandlerMethodMapping.afterPropertiesSet(AbstractHandlerMethodMapping.java:184) ~[spring-webmvc-4.3.5.RELEASE.jar:4.3.5.RELEASE]
	at org.springframework.web.servlet.mvc.method.annotation.RequestMappingHandlerMapping.afterPropertiesSet(RequestMappingHandlerMapping.java:127) ~[spring-webmvc-4.3.5.RELEASE.jar:4.3.5.RELEASE]
	at org.springframework.beans.factory.support.AbstractAutowireCapableBeanFactory.invokeInitMethods(AbstractAutowireCapableBeanFactory.java:1648) ~[spring-beans-4.3.5.RELEASE.jar:4.3.5.RELEASE]
	at org.springframework.beans.factory.support.AbstractAutowireCapableBeanFactory.initializeBean(AbstractAutowireCapableBeanFactory.java:1585) ~[spring-beans-4.3.5.RELEASE.jar:4.3.5.RELEASE]
	... 41 common frames omitted
]]></system-out>
  </testcase>
</testsuite>