<?xml version="1.0" encoding="UTF-8"?>
<testsuite xmlns:xsi="http://www.w3.org/2001/XMLSchema-instance" xsi:noNamespaceSchemaLocation="https://maven.apache.org/surefire/maven-surefire-plugin/xsd/surefire-test-report.xsd" name="edu.ncsu.csc.itrust2.apitest.APIOfficeVisitTest" time="0.108" tests="4" errors="4" skipped="0" failures="0">
  <properties>
    <property name="java.runtime.name" value="Java(TM) SE Runtime Environment"/>
    <property name="sun.boot.library.path" value="/usr/lib/jvm/java-8-oracle/jre/lib/amd64"/>
    <property name="java.vm.version" value="25.161-b12"/>
    <property name="java.vm.vendor" value="Oracle Corporation"/>
    <property name="maven.multiModuleProjectDirectory" value="/var/lib/jenkins/workspace/itrust-test/iTrust2"/>
    <property name="java.vendor.url" value="http://java.oracle.com/"/>
    <property name="path.separator" value=":"/>
    <property name="guice.disable.misplaced.annotation.check" value="true"/>
    <property name="java.vm.name" value="Java HotSpot(TM) 64-Bit Server VM"/>
    <property name="file.encoding.pkg" value="sun.io"/>
    <property name="user.country" value="US"/>
    <property name="sun.java.launcher" value="SUN_STANDARD"/>
    <property name="sun.os.patch.level" value="unknown"/>
    <property name="java.vm.specification.name" value="Java Virtual Machine Specification"/>
    <property name="user.dir" value="/var/lib/jenkins/workspace/itrust-test/iTrust2"/>
    <property name="java.runtime.version" value="1.8.0_161-b12"/>
    <property name="java.awt.graphicsenv" value="sun.awt.X11GraphicsEnvironment"/>
    <property name="java.endorsed.dirs" value="/usr/lib/jvm/java-8-oracle/jre/lib/endorsed"/>
    <property name="os.arch" value="amd64"/>
    <property name="java.io.tmpdir" value="/tmp"/>
    <property name="line.separator" value="&#10;"/>
    <property name="java.vm.specification.vendor" value="Oracle Corporation"/>
    <property name="os.name" value="Linux"/>
    <property name="classworlds.conf" value="/usr/share/maven/bin/m2.conf"/>
    <property name="sun.jnu.encoding" value="UTF-8"/>
    <property name="java.library.path" value="/usr/java/packages/lib/amd64:/usr/lib64:/lib64:/lib:/usr/lib"/>
    <property name="java.specification.name" value="Java Platform API Specification"/>
    <property name="java.class.version" value="52.0"/>
    <property name="sun.management.compiler" value="HotSpot 64-Bit Tiered Compilers"/>
    <property name="os.version" value="4.4.0-112-generic"/>
    <property name="user.home" value="/var/lib/jenkins"/>
    <property name="user.timezone" value="Etc/UTC"/>
    <property name="java.awt.printerjob" value="sun.print.PSPrinterJob"/>
    <property name="file.encoding" value="UTF-8"/>
    <property name="java.specification.version" value="1.8"/>
    <property name="user.name" value="jenkins"/>
    <property name="java.class.path" value="/usr/share/maven/boot/plexus-classworlds-2.x.jar"/>
    <property name="java.vm.specification.version" value="1.8"/>
    <property name="sun.arch.data.model" value="64"/>
    <property name="java.home" value="/usr/lib/jvm/java-8-oracle/jre"/>
    <property name="sun.java.command" value="org.codehaus.plexus.classworlds.launcher.Launcher clean test verify"/>
    <property name="java.specification.vendor" value="Oracle Corporation"/>
    <property name="user.language" value="en"/>
    <property name="awt.toolkit" value="sun.awt.X11.XToolkit"/>
    <property name="java.vm.info" value="mixed mode"/>
    <property name="java.version" value="1.8.0_161"/>
    <property name="java.ext.dirs" value="/usr/lib/jvm/java-8-oracle/jre/lib/ext:/usr/java/packages/lib/ext"/>
    <property name="securerandom.source" value="file:/dev/./urandom"/>
    <property name="sun.boot.class.path" value="/usr/lib/jvm/java-8-oracle/jre/lib/resources.jar:/usr/lib/jvm/java-8-oracle/jre/lib/rt.jar:/usr/lib/jvm/java-8-oracle/jre/lib/sunrsasign.jar:/usr/lib/jvm/java-8-oracle/jre/lib/jsse.jar:/usr/lib/jvm/java-8-oracle/jre/lib/jce.jar:/usr/lib/jvm/java-8-oracle/jre/lib/charsets.jar:/usr/lib/jvm/java-8-oracle/jre/lib/jfr.jar:/usr/lib/jvm/java-8-oracle/jre/classes"/>
    <property name="java.vendor" value="Oracle Corporation"/>
    <property name="maven.home" value="/usr/share/maven"/>
    <property name="file.separator" value="/"/>
    <property name="java.vendor.url.bug" value="http://bugreport.sun.com/bugreport/"/>
    <property name="sun.cpu.endian" value="little"/>
    <property name="sun.io.unicode.encoding" value="UnicodeLittle"/>
    <property name="sun.cpu.isalist" value=""/>
  </properties>
  <testcase name="testDeleteNonExistentOfficeVisit" classname="edu.ncsu.csc.itrust2.apitest.APIOfficeVisitTest" time="0">
    <error message="Failed to load ApplicationContext" type="java.lang.IllegalStateException">java.lang.IllegalStateException: Failed to load ApplicationContext
Caused by: org.springframework.beans.factory.BeanCreationException: Error creating bean with name 'HCPController' defined in file [/var/lib/jenkins/workspace/itrust-test/iTrust2/target/classes/edu/ncsu/csc/itrust2/controllers/hcp/HCPController.class]: Initialization of bean failed; nested exception is org.springframework.aop.framework.AopConfigException: Could not generate CGLIB subclass of class [class edu.ncsu.csc.itrust2.controllers.hcp.HCPController]: Common causes of this problem include using a final class or a non-visible class; nested exception is java.lang.IllegalArgumentException: Failed to parse expression 'new val'
Caused by: org.springframework.aop.framework.AopConfigException: Could not generate CGLIB subclass of class [class edu.ncsu.csc.itrust2.controllers.hcp.HCPController]: Common causes of this problem include using a final class or a non-visible class; nested exception is java.lang.IllegalArgumentException: Failed to parse expression 'new val'
Caused by: java.lang.IllegalArgumentException: Failed to parse expression 'new val'
Caused by: org.springframework.expression.spel.SpelParseException: Expression [new val] @7: EL1050E: The arguments (...) for the constructor call are missing
</error>
    <system-out><![CDATA[06:28:14.130 [main] DEBUG o.s.t.c.j.SpringJUnit4ClassRunner - SpringJUnit4ClassRunner constructor called with [class edu.ncsu.csc.itrust2.apitest.APIOfficeVisitTest]
06:28:14.130 [main] DEBUG o.s.test.context.BootstrapUtils - Instantiating CacheAwareContextLoaderDelegate from class [org.springframework.test.context.cache.DefaultCacheAwareContextLoaderDelegate]
06:28:14.130 [main] DEBUG o.s.test.context.BootstrapUtils - Instantiating BootstrapContext using constructor [public org.springframework.test.context.support.DefaultBootstrapContext(java.lang.Class,org.springframework.test.context.CacheAwareContextLoaderDelegate)]
06:28:14.131 [main] DEBUG o.s.test.context.BootstrapUtils - Instantiating TestContextBootstrapper for test class [edu.ncsu.csc.itrust2.apitest.APIOfficeVisitTest] from class [org.springframework.test.context.web.WebTestContextBootstrapper]
06:28:14.131 [main] DEBUG o.s.t.c.s.AbstractDelegatingSmartContextLoader - Delegating to AnnotationConfigWebContextLoader to process context configuration [ContextConfigurationAttributes@13ebc2c4 declaringClass = 'edu.ncsu.csc.itrust2.apitest.APIOfficeVisitTest', classes = '{class edu.ncsu.csc.itrust2.config.RootConfiguration, class edu.ncsu.csc.itrust2.mvc.config.WebMvcConfiguration}', locations = '{}', inheritLocations = true, initializers = '{}', inheritInitializers = true, name = [null], contextLoaderClass = 'org.springframework.test.context.ContextLoader'].
06:28:14.132 [main] DEBUG o.s.t.c.support.ActiveProfilesUtils - Could not find an 'annotation declaring class' for annotation type [org.springframework.test.context.ActiveProfiles] and class [edu.ncsu.csc.itrust2.apitest.APIOfficeVisitTest]
06:28:14.133 [main] DEBUG o.s.t.c.w.WebTestContextBootstrapper - @TestExecutionListeners is not present for class [edu.ncsu.csc.itrust2.apitest.APIOfficeVisitTest]: using defaults.
06:28:14.134 [main] INFO  o.s.t.c.w.WebTestContextBootstrapper - Loaded default TestExecutionListener class names from location [META-INF/spring.factories]: [org.springframework.security.test.context.support.WithSecurityContextTestExecutionListener, org.springframework.test.context.web.ServletTestExecutionListener, org.springframework.test.context.support.DirtiesContextBeforeModesTestExecutionListener, org.springframework.test.context.support.DependencyInjectionTestExecutionListener, org.springframework.test.context.support.DirtiesContextTestExecutionListener, org.springframework.test.context.transaction.TransactionalTestExecutionListener, org.springframework.test.context.jdbc.SqlScriptsTestExecutionListener]
06:28:14.134 [main] INFO  o.s.t.c.w.WebTestContextBootstrapper - Using TestExecutionListeners: [org.springframework.test.context.web.ServletTestExecutionListener@3d2ed518, org.springframework.test.context.support.DirtiesContextBeforeModesTestExecutionListener@67925a08, org.springframework.test.context.support.DependencyInjectionTestExecutionListener@437b4dd2, org.springframework.test.context.support.DirtiesContextTestExecutionListener@896c629, org.springframework.test.context.transaction.TransactionalTestExecutionListener@43db5436, org.springframework.test.context.jdbc.SqlScriptsTestExecutionListener@36ec145f, org.springframework.security.test.context.support.WithSecurityContextTestExecutionListener@2fe0ca8d]
06:28:14.134 [main] DEBUG o.s.t.annotation.ProfileValueUtils - Retrieved @ProfileValueSourceConfiguration [null] for test class [edu.ncsu.csc.itrust2.apitest.APIOfficeVisitTest]
06:28:14.134 [main] DEBUG o.s.t.annotation.ProfileValueUtils - Retrieved ProfileValueSource type [class org.springframework.test.annotation.SystemProfileValueSource] for class [edu.ncsu.csc.itrust2.apitest.APIOfficeVisitTest]
06:28:14.135 [main] DEBUG o.s.t.annotation.ProfileValueUtils - Retrieved @ProfileValueSourceConfiguration [null] for test class [edu.ncsu.csc.itrust2.apitest.APIOfficeVisitTest]
06:28:14.135 [main] DEBUG o.s.t.annotation.ProfileValueUtils - Retrieved ProfileValueSource type [class org.springframework.test.annotation.SystemProfileValueSource] for class [edu.ncsu.csc.itrust2.apitest.APIOfficeVisitTest]
06:28:14.135 [main] DEBUG o.s.t.annotation.ProfileValueUtils - Retrieved @ProfileValueSourceConfiguration [null] for test class [edu.ncsu.csc.itrust2.apitest.APIOfficeVisitTest]
06:28:14.135 [main] DEBUG o.s.t.annotation.ProfileValueUtils - Retrieved ProfileValueSource type [class org.springframework.test.annotation.SystemProfileValueSource] for class [edu.ncsu.csc.itrust2.apitest.APIOfficeVisitTest]
06:28:14.135 [main] DEBUG o.s.t.c.s.AbstractDirtiesContextTestExecutionListener - Before test class: context [DefaultTestContext@11f9f6d6 testClass = APIOfficeVisitTest, testInstance = [null], testMethod = [null], testException = [null], mergedContextConfiguration = [WebMergedContextConfiguration@89a6a3b testClass = APIOfficeVisitTest, locations = '{}', classes = '{class edu.ncsu.csc.itrust2.config.RootConfiguration, class edu.ncsu.csc.itrust2.mvc.config.WebMvcConfiguration}', contextInitializerClasses = '[]', activeProfiles = '{}', propertySourceLocations = '{}', propertySourceProperties = '{}', contextCustomizers = set[[empty]], resourceBasePath = 'src/main/webapp', contextLoader = 'org.springframework.test.context.web.WebDelegatingSmartContextLoader', parent = [null]]], class annotated with @DirtiesContext [false] with mode [null].
06:28:14.135 [main] DEBUG o.s.t.annotation.ProfileValueUtils - Retrieved @ProfileValueSourceConfiguration [null] for test class [edu.ncsu.csc.itrust2.apitest.APIOfficeVisitTest]
06:28:14.135 [main] DEBUG o.s.t.annotation.ProfileValueUtils - Retrieved ProfileValueSource type [class org.springframework.test.annotation.SystemProfileValueSource] for class [edu.ncsu.csc.itrust2.apitest.APIOfficeVisitTest]
06:28:14.135 [main] DEBUG o.s.t.c.s.AbstractDelegatingSmartContextLoader - Delegating to AnnotationConfigWebContextLoader to load context from [WebMergedContextConfiguration@89a6a3b testClass = APIOfficeVisitTest, locations = '{}', classes = '{class edu.ncsu.csc.itrust2.config.RootConfiguration, class edu.ncsu.csc.itrust2.mvc.config.WebMvcConfiguration}', contextInitializerClasses = '[]', activeProfiles = '{}', propertySourceLocations = '{}', propertySourceProperties = '{}', contextCustomizers = set[[empty]], resourceBasePath = 'src/main/webapp', contextLoader = 'org.springframework.test.context.web.WebDelegatingSmartContextLoader', parent = [null]].
06:28:14.135 [main] DEBUG o.s.t.c.w.AbstractGenericWebContextLoader - Loading WebApplicationContext for merged context configuration [WebMergedContextConfiguration@89a6a3b testClass = APIOfficeVisitTest, locations = '{}', classes = '{class edu.ncsu.csc.itrust2.config.RootConfiguration, class edu.ncsu.csc.itrust2.mvc.config.WebMvcConfiguration}', contextInitializerClasses = '[]', activeProfiles = '{}', propertySourceLocations = '{}', propertySourceProperties = '{}', contextCustomizers = set[[empty]], resourceBasePath = 'src/main/webapp', contextLoader = 'org.springframework.test.context.web.WebDelegatingSmartContextLoader', parent = [null]].
06:28:14.136 [main] DEBUG o.s.w.c.s.StandardServletEnvironment - Adding [servletConfigInitParams] PropertySource with lowest search precedence
06:28:14.136 [main] DEBUG o.s.w.c.s.StandardServletEnvironment - Adding [servletContextInitParams] PropertySource with lowest search precedence
06:28:14.136 [main] DEBUG o.s.w.c.s.StandardServletEnvironment - Adding [systemProperties] PropertySource with lowest search precedence
06:28:14.136 [main] DEBUG o.s.w.c.s.StandardServletEnvironment - Adding [systemEnvironment] PropertySource with lowest search precedence
06:28:14.136 [main] DEBUG o.s.w.c.s.StandardServletEnvironment - Initialized StandardServletEnvironment with PropertySources [servletConfigInitParams,servletContextInitParams,systemProperties,systemEnvironment]
06:28:14.136 [main] DEBUG o.s.t.c.w.AnnotationConfigWebContextLoader - Registering annotated classes: {class edu.ncsu.csc.itrust2.config.RootConfiguration, class edu.ncsu.csc.itrust2.mvc.config.WebMvcConfiguration}
06:28:14.140 [main] INFO  o.s.w.c.s.GenericWebApplicationContext - Refreshing org.springframework.web.context.support.GenericWebApplicationContext@5e02c99b: startup date [Thu Mar 22 06:28:14 UTC 2018]; root of context hierarchy
06:28:14.140 [main] DEBUG o.s.w.c.s.StandardServletEnvironment - Replacing [servletContextInitParams] PropertySource with [servletContextInitParams]
06:28:14.140 [main] DEBUG o.s.w.c.s.GenericWebApplicationContext - Bean factory for org.springframework.web.context.support.GenericWebApplicationContext@5e02c99b: org.springframework.beans.factory.support.DefaultListableBeanFactory@771fc474: defining beans [org.springframework.context.annotation.internalConfigurationAnnotationProcessor,org.springframework.context.annotation.internalAutowiredAnnotationProcessor,org.springframework.context.annotation.internalRequiredAnnotationProcessor,org.springframework.context.annotation.internalCommonAnnotationProcessor,org.springframework.context.annotation.internalPersistenceAnnotationProcessor,org.springframework.context.event.internalEventListenerProcessor,org.springframework.context.event.internalEventListenerFactory,rootConfiguration,webMvcConfiguration]; root of factory hierarchy
06:28:14.141 [main] DEBUG o.s.b.f.s.DefaultListableBeanFactory - Registering scope 'request' with implementation [org.springframework.web.context.request.RequestScope@729eafbf]
06:28:14.141 [main] DEBUG o.s.b.f.s.DefaultListableBeanFactory - Registering scope 'session' with implementation [org.springframework.web.context.request.SessionScope@3a18fe66]
06:28:14.141 [main] DEBUG o.s.b.f.s.DefaultListableBeanFactory - Registering scope 'globalSession' with implementation [org.springframework.web.context.request.SessionScope@33adb135]
06:28:14.141 [main] DEBUG o.s.b.f.s.DefaultListableBeanFactory - Registering scope 'application' with implementation [org.springframework.web.context.support.ServletContextScope@6ce4dabc]
06:28:14.141 [main] DEBUG o.s.b.f.s.DefaultListableBeanFactory - Creating shared instance of singleton bean 'org.springframework.context.annotation.internalConfigurationAnnotationProcessor'
06:28:14.141 [main] DEBUG o.s.b.f.s.DefaultListableBeanFactory - Creating instance of bean 'org.springframework.context.annotation.internalConfigurationAnnotationProcessor'
06:28:14.141 [main] DEBUG o.s.b.f.s.DefaultListableBeanFactory - Eagerly caching bean 'org.springframework.context.annotation.internalConfigurationAnnotationProcessor' to allow for resolving potential circular references
06:28:14.141 [main] DEBUG o.s.b.f.s.DefaultListableBeanFactory - Finished creating instance of bean 'org.springframework.context.annotation.internalConfigurationAnnotationProcessor'
06:28:14.142 [main] DEBUG o.s.core.env.StandardEnvironment - Adding [systemProperties] PropertySource with lowest search precedence
06:28:14.142 [main] DEBUG o.s.core.env.StandardEnvironment - Adding [systemEnvironment] PropertySource with lowest search precedence
06:28:14.142 [main] DEBUG o.s.core.env.StandardEnvironment - Initialized StandardEnvironment with PropertySources [systemProperties,systemEnvironment]
06:28:14.144 [main] DEBUG o.s.c.i.s.PathMatchingResourcePatternResolver - Resolved classpath location [edu/ncsu/csc/itrust2/config/] to resources [URL [file:/var/lib/jenkins/workspace/itrust-test/iTrust2/target/classes/edu/ncsu/csc/itrust2/config/]]
06:28:14.144 [main] DEBUG o.s.c.i.s.PathMatchingResourcePatternResolver - Looking for matching resources in directory tree [/var/lib/jenkins/workspace/itrust-test/iTrust2/target/classes/edu/ncsu/csc/itrust2/config]
06:28:14.144 [main] DEBUG o.s.c.i.s.PathMatchingResourcePatternResolver - Searching directory [/var/lib/jenkins/workspace/itrust-test/iTrust2/target/classes/edu/ncsu/csc/itrust2/config] for files matching pattern [/var/lib/jenkins/workspace/itrust-test/iTrust2/target/classes/edu/ncsu/csc/itrust2/config/**/*.class]
06:28:14.145 [main] DEBUG o.s.c.i.s.PathMatchingResourcePatternResolver - Resolved location pattern [classpath*:edu/ncsu/csc/itrust2/config/**/*.class] to resources [file [/var/lib/jenkins/workspace/itrust-test/iTrust2/target/classes/edu/ncsu/csc/itrust2/config/ContextListener.class], file [/var/lib/jenkins/workspace/itrust-test/iTrust2/target/classes/edu/ncsu/csc/itrust2/config/DataConfiguration.class], file [/var/lib/jenkins/workspace/itrust-test/iTrust2/target/classes/edu/ncsu/csc/itrust2/config/FailureHandler.class], file [/var/lib/jenkins/workspace/itrust-test/iTrust2/target/classes/edu/ncsu/csc/itrust2/config/IPFilter.class], file [/var/lib/jenkins/workspace/itrust-test/iTrust2/target/classes/edu/ncsu/csc/itrust2/config/ITrust2ApplicationInitializer.class], file [/var/lib/jenkins/workspace/itrust-test/iTrust2/target/classes/edu/ncsu/csc/itrust2/config/ITrust2WebApplicationInitializer.class], file [/var/lib/jenkins/workspace/itrust-test/iTrust2/target/classes/edu/ncsu/csc/itrust2/config/LoginAuditingListener.class], file [/var/lib/jenkins/workspace/itrust-test/iTrust2/target/classes/edu/ncsu/csc/itrust2/config/RootConfiguration.class], file [/var/lib/jenkins/workspace/itrust-test/iTrust2/target/classes/edu/ncsu/csc/itrust2/config/SecurityConfig.class]]
06:28:14.145 [main] DEBUG o.s.c.a.ClassPathBeanDefinitionScanner - Identified candidate component class: file [/var/lib/jenkins/workspace/itrust-test/iTrust2/target/classes/edu/ncsu/csc/itrust2/config/DataConfiguration.class]
06:28:14.146 [main] DEBUG o.s.c.a.ClassPathBeanDefinitionScanner - Identified candidate component class: file [/var/lib/jenkins/workspace/itrust-test/iTrust2/target/classes/edu/ncsu/csc/itrust2/config/LoginAuditingListener.class]
06:28:14.146 [main] DEBUG o.s.c.a.ClassPathBeanDefinitionScanner - Identified candidate component class: file [/var/lib/jenkins/workspace/itrust-test/iTrust2/target/classes/edu/ncsu/csc/itrust2/config/SecurityConfig.class]
06:28:14.159 [main] DEBUG o.s.core.env.StandardEnvironment - Adding [systemProperties] PropertySource with lowest search precedence
06:28:14.159 [main] DEBUG o.s.core.env.StandardEnvironment - Adding [systemEnvironment] PropertySource with lowest search precedence
06:28:14.159 [main] DEBUG o.s.core.env.StandardEnvironment - Initialized StandardEnvironment with PropertySources [systemProperties,systemEnvironment]
06:28:14.161 [main] DEBUG o.s.c.i.s.PathMatchingResourcePatternResolver - Resolved classpath location [edu/ncsu/csc/itrust2/controllers/] to resources [URL [file:/var/lib/jenkins/workspace/itrust-test/iTrust2/target/classes/edu/ncsu/csc/itrust2/controllers/]]
06:28:14.161 [main] DEBUG o.s.c.i.s.PathMatchingResourcePatternResolver - Looking for matching resources in directory tree [/var/lib/jenkins/workspace/itrust-test/iTrust2/target/classes/edu/ncsu/csc/itrust2/controllers]
06:28:14.161 [main] DEBUG o.s.c.i.s.PathMatchingResourcePatternResolver - Searching directory [/var/lib/jenkins/workspace/itrust-test/iTrust2/target/classes/edu/ncsu/csc/itrust2/controllers] for files matching pattern [/var/lib/jenkins/workspace/itrust-test/iTrust2/target/classes/edu/ncsu/csc/itrust2/controllers/**/*.class]
06:28:14.161 [main] DEBUG o.s.c.i.s.PathMatchingResourcePatternResolver - Searching directory [/var/lib/jenkins/workspace/itrust-test/iTrust2/target/classes/edu/ncsu/csc/itrust2/controllers/admin] for files matching pattern [/var/lib/jenkins/workspace/itrust-test/iTrust2/target/classes/edu/ncsu/csc/itrust2/controllers/**/*.class]
06:28:14.161 [main] DEBUG o.s.c.i.s.PathMatchingResourcePatternResolver - Searching directory [/var/lib/jenkins/workspace/itrust-test/iTrust2/target/classes/edu/ncsu/csc/itrust2/controllers/api] for files matching pattern [/var/lib/jenkins/workspace/itrust-test/iTrust2/target/classes/edu/ncsu/csc/itrust2/controllers/**/*.class]
06:28:14.162 [main] DEBUG o.s.c.i.s.PathMatchingResourcePatternResolver - Searching directory [/var/lib/jenkins/workspace/itrust-test/iTrust2/target/classes/edu/ncsu/csc/itrust2/controllers/api/comm] for files matching pattern [/var/lib/jenkins/workspace/itrust-test/iTrust2/target/classes/edu/ncsu/csc/itrust2/controllers/**/*.class]
06:28:14.162 [main] DEBUG o.s.c.i.s.PathMatchingResourcePatternResolver - Searching directory [/var/lib/jenkins/workspace/itrust-test/iTrust2/target/classes/edu/ncsu/csc/itrust2/controllers/hcp] for files matching pattern [/var/lib/jenkins/workspace/itrust-test/iTrust2/target/classes/edu/ncsu/csc/itrust2/controllers/**/*.class]
06:28:14.162 [main] DEBUG o.s.c.i.s.PathMatchingResourcePatternResolver - Searching directory [/var/lib/jenkins/workspace/itrust-test/iTrust2/target/classes/edu/ncsu/csc/itrust2/controllers/patient] for files matching pattern [/var/lib/jenkins/workspace/itrust-test/iTrust2/target/classes/edu/ncsu/csc/itrust2/controllers/**/*.class]
06:28:14.162 [main] DEBUG o.s.c.i.s.PathMatchingResourcePatternResolver - Searching directory [/var/lib/jenkins/workspace/itrust-test/iTrust2/target/classes/edu/ncsu/csc/itrust2/controllers/personnel] for files matching pattern [/var/lib/jenkins/workspace/itrust-test/iTrust2/target/classes/edu/ncsu/csc/itrust2/controllers/**/*.class]
06:28:14.162 [main] DEBUG o.s.c.i.s.PathMatchingResourcePatternResolver - Resolved location pattern [classpath*:edu/ncsu/csc/itrust2/controllers/**/*.class] to resources [file [/var/lib/jenkins/workspace/itrust-test/iTrust2/target/classes/edu/ncsu/csc/itrust2/controllers/DefaultController.class], file [/var/lib/jenkins/workspace/itrust-test/iTrust2/target/classes/edu/ncsu/csc/itrust2/controllers/admin/AdminController.class], file [/var/lib/jenkins/workspace/itrust-test/iTrust2/target/classes/edu/ncsu/csc/itrust2/controllers/admin/AdminUserController$1.class], file [/var/lib/jenkins/workspace/itrust-test/iTrust2/target/classes/edu/ncsu/csc/itrust2/controllers/admin/AdminUserController.class], file [/var/lib/jenkins/workspace/itrust-test/iTrust2/target/classes/edu/ncsu/csc/itrust2/controllers/admin/HospitalController.class], file [/var/lib/jenkins/workspace/itrust-test/iTrust2/target/classes/edu/ncsu/csc/itrust2/controllers/admin/ICDCodesController.class], file [/var/lib/jenkins/workspace/itrust-test/iTrust2/target/classes/edu/ncsu/csc/itrust2/controllers/api/APIAppointmentRequestController.class], file [/var/lib/jenkins/workspace/itrust-test/iTrust2/target/classes/edu/ncsu/csc/itrust2/controllers/api/APIController$JSONResponse.class], file [/var/lib/jenkins/workspace/itrust-test/iTrust2/target/classes/edu/ncsu/csc/itrust2/controllers/api/APIController.class], file [/var/lib/jenkins/workspace/itrust-test/iTrust2/target/classes/edu/ncsu/csc/itrust2/controllers/api/APIDiagnosisController.class], file [/var/lib/jenkins/workspace/itrust-test/iTrust2/target/classes/edu/ncsu/csc/itrust2/controllers/api/APIDrugController.class], file [/var/lib/jenkins/workspace/itrust-test/iTrust2/target/classes/edu/ncsu/csc/itrust2/controllers/api/APIEnumController.class], file [/var/lib/jenkins/workspace/itrust-test/iTrust2/target/classes/edu/ncsu/csc/itrust2/controllers/api/APIHospitalController.class], file [/var/lib/jenkins/workspace/itrust-test/iTrust2/target/classes/edu/ncsu/csc/itrust2/controllers/api/APIICDCodeController.class], file [/var/lib/jenkins/workspace/itrust-test/iTrust2/target/classes/edu/ncsu/csc/itrust2/controllers/api/APILogEntryController.class], file [/var/lib/jenkins/workspace/itrust-test/iTrust2/target/classes/edu/ncsu/csc/itrust2/controllers/api/APIOfficeVisitController.class], file [/var/lib/jenkins/workspace/itrust-test/iTrust2/target/classes/edu/ncsu/csc/itrust2/controllers/api/APIPasswordController.class], file [/var/lib/jenkins/workspace/itrust-test/iTrust2/target/classes/edu/ncsu/csc/itrust2/controllers/api/APIPatientController.class], file [/var/lib/jenkins/workspace/itrust-test/iTrust2/target/classes/edu/ncsu/csc/itrust2/controllers/api/APIPersonnelController.class], file [/var/lib/jenkins/workspace/itrust-test/iTrust2/target/classes/edu/ncsu/csc/itrust2/controllers/api/APIPrescriptionController.class], file [/var/lib/jenkins/workspace/itrust-test/iTrust2/target/classes/edu/ncsu/csc/itrust2/controllers/api/APIUserController.class], file [/var/lib/jenkins/workspace/itrust-test/iTrust2/target/classes/edu/ncsu/csc/itrust2/controllers/api/comm/LogEntryRequestBody.class], file [/var/lib/jenkins/workspace/itrust-test/iTrust2/target/classes/edu/ncsu/csc/itrust2/controllers/api/comm/LogEntryTableRow.class], file [/var/lib/jenkins/workspace/itrust-test/iTrust2/target/classes/edu/ncsu/csc/itrust2/controllers/hcp/AppointmentControllerHCP.class], file [/var/lib/jenkins/workspace/itrust-test/iTrust2/target/classes/edu/ncsu/csc/itrust2/controllers/hcp/HCPController.class], file [/var/lib/jenkins/workspace/itrust-test/iTrust2/target/classes/edu/ncsu/csc/itrust2/controllers/hcp/OfficeVisitController.class], file [/var/lib/jenkins/workspace/itrust-test/iTrust2/target/classes/edu/ncsu/csc/itrust2/controllers/patient/AppointmentController.class], file [/var/lib/jenkins/workspace/itrust-test/iTrust2/target/classes/edu/ncsu/csc/itrust2/controllers/patient/DiagnosesController.class], file [/var/lib/jenkins/workspace/itrust-test/iTrust2/target/classes/edu/ncsu/csc/itrust2/controllers/patient/PatientController.class], file [/var/lib/jenkins/workspace/itrust-test/iTrust2/target/classes/edu/ncsu/csc/itrust2/controllers/personnel/PasswordController.class], file [/var/lib/jenkins/workspace/itrust-test/iTrust2/target/classes/edu/ncsu/csc/itrust2/controllers/personnel/UserController.class]]
06:28:14.163 [main] DEBUG o.s.c.a.ClassPathBeanDefinitionScanner - Identified candidate component class: file [/var/lib/jenkins/workspace/itrust-test/iTrust2/target/classes/edu/ncsu/csc/itrust2/controllers/DefaultController.class]
06:28:14.163 [main] DEBUG o.s.c.a.ClassPathBeanDefinitionScanner - Identified candidate component class: file [/var/lib/jenkins/workspace/itrust-test/iTrust2/target/classes/edu/ncsu/csc/itrust2/controllers/admin/AdminController.class]
06:28:14.163 [main] DEBUG o.s.c.a.ClassPathBeanDefinitionScanner - Identified candidate component class: file [/var/lib/jenkins/workspace/itrust-test/iTrust2/target/classes/edu/ncsu/csc/itrust2/controllers/admin/AdminUserController.class]
06:28:14.164 [main] DEBUG o.s.c.a.ClassPathBeanDefinitionScanner - Identified candidate component class: file [/var/lib/jenkins/workspace/itrust-test/iTrust2/target/classes/edu/ncsu/csc/itrust2/controllers/admin/HospitalController.class]
06:28:14.164 [main] DEBUG o.s.c.a.ClassPathBeanDefinitionScanner - Identified candidate component class: file [/var/lib/jenkins/workspace/itrust-test/iTrust2/target/classes/edu/ncsu/csc/itrust2/controllers/admin/ICDCodesController.class]
06:28:14.164 [main] DEBUG o.s.c.a.ClassPathBeanDefinitionScanner - Identified candidate component class: file [/var/lib/jenkins/workspace/itrust-test/iTrust2/target/classes/edu/ncsu/csc/itrust2/controllers/api/APIAppointmentRequestController.class]
06:28:14.165 [main] DEBUG o.s.c.a.ClassPathBeanDefinitionScanner - Identified candidate component class: file [/var/lib/jenkins/workspace/itrust-test/iTrust2/target/classes/edu/ncsu/csc/itrust2/controllers/api/APIDiagnosisController.class]
06:28:14.165 [main] DEBUG o.s.c.a.ClassPathBeanDefinitionScanner - Identified candidate component class: file [/var/lib/jenkins/workspace/itrust-test/iTrust2/target/classes/edu/ncsu/csc/itrust2/controllers/api/APIDrugController.class]
06:28:14.166 [main] DEBUG o.s.c.a.ClassPathBeanDefinitionScanner - Identified candidate component class: file [/var/lib/jenkins/workspace/itrust-test/iTrust2/target/classes/edu/ncsu/csc/itrust2/controllers/api/APIEnumController.class]
06:28:14.166 [main] DEBUG o.s.c.a.ClassPathBeanDefinitionScanner - Identified candidate component class: file [/var/lib/jenkins/workspace/itrust-test/iTrust2/target/classes/edu/ncsu/csc/itrust2/controllers/api/APIHospitalController.class]
06:28:14.166 [main] DEBUG o.s.c.a.ClassPathBeanDefinitionScanner - Identified candidate component class: file [/var/lib/jenkins/workspace/itrust-test/iTrust2/target/classes/edu/ncsu/csc/itrust2/controllers/api/APIICDCodeController.class]
06:28:14.167 [main] DEBUG o.s.c.a.ClassPathBeanDefinitionScanner - Identified candidate component class: file [/var/lib/jenkins/workspace/itrust-test/iTrust2/target/classes/edu/ncsu/csc/itrust2/controllers/api/APILogEntryController.class]
06:28:14.177 [main] DEBUG o.s.c.a.ClassPathBeanDefinitionScanner - Identified candidate component class: file [/var/lib/jenkins/workspace/itrust-test/iTrust2/target/classes/edu/ncsu/csc/itrust2/controllers/api/APIOfficeVisitController.class]
06:28:14.178 [main] DEBUG o.s.c.a.ClassPathBeanDefinitionScanner - Identified candidate component class: file [/var/lib/jenkins/workspace/itrust-test/iTrust2/target/classes/edu/ncsu/csc/itrust2/controllers/api/APIPasswordController.class]
06:28:14.179 [main] DEBUG o.s.c.a.ClassPathBeanDefinitionScanner - Identified candidate component class: file [/var/lib/jenkins/workspace/itrust-test/iTrust2/target/classes/edu/ncsu/csc/itrust2/controllers/api/APIPatientController.class]
06:28:14.180 [main] DEBUG o.s.c.a.ClassPathBeanDefinitionScanner - Identified candidate component class: file [/var/lib/jenkins/workspace/itrust-test/iTrust2/target/classes/edu/ncsu/csc/itrust2/controllers/api/APIPersonnelController.class]
06:28:14.180 [main] DEBUG o.s.c.a.ClassPathBeanDefinitionScanner - Identified candidate component class: file [/var/lib/jenkins/workspace/itrust-test/iTrust2/target/classes/edu/ncsu/csc/itrust2/controllers/api/APIPrescriptionController.class]
06:28:14.181 [main] DEBUG o.s.c.a.ClassPathBeanDefinitionScanner - Identified candidate component class: file [/var/lib/jenkins/workspace/itrust-test/iTrust2/target/classes/edu/ncsu/csc/itrust2/controllers/api/APIUserController.class]
06:28:14.182 [main] DEBUG o.s.c.a.ClassPathBeanDefinitionScanner - Identified candidate component class: file [/var/lib/jenkins/workspace/itrust-test/iTrust2/target/classes/edu/ncsu/csc/itrust2/controllers/hcp/AppointmentControllerHCP.class]
06:28:14.183 [main] DEBUG o.s.c.a.ClassPathBeanDefinitionScanner - Identified candidate component class: file [/var/lib/jenkins/workspace/itrust-test/iTrust2/target/classes/edu/ncsu/csc/itrust2/controllers/hcp/HCPController.class]
06:28:14.183 [main] DEBUG o.s.c.a.ClassPathBeanDefinitionScanner - Identified candidate component class: file [/var/lib/jenkins/workspace/itrust-test/iTrust2/target/classes/edu/ncsu/csc/itrust2/controllers/hcp/OfficeVisitController.class]
06:28:14.184 [main] DEBUG o.s.c.a.ClassPathBeanDefinitionScanner - Identified candidate component class: file [/var/lib/jenkins/workspace/itrust-test/iTrust2/target/classes/edu/ncsu/csc/itrust2/controllers/patient/AppointmentController.class]
06:28:14.184 [main] DEBUG o.s.c.a.ClassPathBeanDefinitionScanner - Identified candidate component class: file [/var/lib/jenkins/workspace/itrust-test/iTrust2/target/classes/edu/ncsu/csc/itrust2/controllers/patient/DiagnosesController.class]
06:28:14.185 [main] DEBUG o.s.c.a.ClassPathBeanDefinitionScanner - Identified candidate component class: file [/var/lib/jenkins/workspace/itrust-test/iTrust2/target/classes/edu/ncsu/csc/itrust2/controllers/patient/PatientController.class]
06:28:14.186 [main] DEBUG o.s.c.a.ClassPathBeanDefinitionScanner - Identified candidate component class: file [/var/lib/jenkins/workspace/itrust-test/iTrust2/target/classes/edu/ncsu/csc/itrust2/controllers/personnel/PasswordController.class]
06:28:14.186 [main] DEBUG o.s.c.a.ClassPathBeanDefinitionScanner - Identified candidate component class: file [/var/lib/jenkins/workspace/itrust-test/iTrust2/target/classes/edu/ncsu/csc/itrust2/controllers/personnel/UserController.class]
06:28:14.188 [main] DEBUG o.s.c.i.s.PathMatchingResourcePatternResolver - Resolved classpath location [edu/ncsu/csc/itrust2/config/] to resources [URL [file:/var/lib/jenkins/workspace/itrust-test/iTrust2/target/classes/edu/ncsu/csc/itrust2/config/]]
06:28:14.190 [main] DEBUG o.s.c.i.s.PathMatchingResourcePatternResolver - Looking for matching resources in directory tree [/var/lib/jenkins/workspace/itrust-test/iTrust2/target/classes/edu/ncsu/csc/itrust2/config]
06:28:14.190 [main] DEBUG o.s.c.i.s.PathMatchingResourcePatternResolver - Searching directory [/var/lib/jenkins/workspace/itrust-test/iTrust2/target/classes/edu/ncsu/csc/itrust2/config] for files matching pattern [/var/lib/jenkins/workspace/itrust-test/iTrust2/target/classes/edu/ncsu/csc/itrust2/config/**/*.class]
06:28:14.191 [main] DEBUG o.s.c.i.s.PathMatchingResourcePatternResolver - Resolved location pattern [classpath*:edu/ncsu/csc/itrust2/config/**/*.class] to resources [file [/var/lib/jenkins/workspace/itrust-test/iTrust2/target/classes/edu/ncsu/csc/itrust2/config/ContextListener.class], file [/var/lib/jenkins/workspace/itrust-test/iTrust2/target/classes/edu/ncsu/csc/itrust2/config/DataConfiguration.class], file [/var/lib/jenkins/workspace/itrust-test/iTrust2/target/classes/edu/ncsu/csc/itrust2/config/FailureHandler.class], file [/var/lib/jenkins/workspace/itrust-test/iTrust2/target/classes/edu/ncsu/csc/itrust2/config/IPFilter.class], file [/var/lib/jenkins/workspace/itrust-test/iTrust2/target/classes/edu/ncsu/csc/itrust2/config/ITrust2ApplicationInitializer.class], file [/var/lib/jenkins/workspace/itrust-test/iTrust2/target/classes/edu/ncsu/csc/itrust2/config/ITrust2WebApplicationInitializer.class], file [/var/lib/jenkins/workspace/itrust-test/iTrust2/target/classes/edu/ncsu/csc/itrust2/config/LoginAuditingListener.class], file [/var/lib/jenkins/workspace/itrust-test/iTrust2/target/classes/edu/ncsu/csc/itrust2/config/RootConfiguration.class], file [/var/lib/jenkins/workspace/itrust-test/iTrust2/target/classes/edu/ncsu/csc/itrust2/config/SecurityConfig.class]]
06:28:14.192 [main] DEBUG o.s.c.a.ClassPathBeanDefinitionScanner - Identified candidate component class: file [/var/lib/jenkins/workspace/itrust-test/iTrust2/target/classes/edu/ncsu/csc/itrust2/config/DataConfiguration.class]
06:28:14.193 [main] DEBUG o.s.c.a.ClassPathBeanDefinitionScanner - Identified candidate component class: file [/var/lib/jenkins/workspace/itrust-test/iTrust2/target/classes/edu/ncsu/csc/itrust2/config/LoginAuditingListener.class]
06:28:14.194 [main] DEBUG o.s.c.a.ClassPathBeanDefinitionScanner - Identified candidate component class: file [/var/lib/jenkins/workspace/itrust-test/iTrust2/target/classes/edu/ncsu/csc/itrust2/config/RootConfiguration.class]
06:28:14.196 [main] DEBUG o.s.c.a.ClassPathBeanDefinitionScanner - Identified candidate component class: file [/var/lib/jenkins/workspace/itrust-test/iTrust2/target/classes/edu/ncsu/csc/itrust2/config/SecurityConfig.class]
06:28:14.243 [main] DEBUG o.s.c.a.ConfigurationClassBeanDefinitionReader - Registering bean definition for @Bean method edu.ncsu.csc.itrust2.config.DataConfiguration.dataSource()
06:28:14.243 [main] DEBUG o.s.c.a.ConfigurationClassBeanDefinitionReader - Registered bean definition for imported class 'org.springframework.security.config.annotation.configuration.ObjectPostProcessorConfiguration'
06:28:14.243 [main] DEBUG o.s.c.a.ConfigurationClassBeanDefinitionReader - Registering bean definition for @Bean method org.springframework.security.config.annotation.configuration.ObjectPostProcessorConfiguration.objectPostProcessor()
06:28:14.243 [main] DEBUG o.s.c.a.ConfigurationClassBeanDefinitionReader - Registered bean definition for imported class 'org.springframework.security.config.annotation.authentication.configuration.AuthenticationConfiguration'
06:28:14.243 [main] DEBUG o.s.c.a.ConfigurationClassBeanDefinitionReader - Registering bean definition for @Bean method org.springframework.security.config.annotation.authentication.configuration.AuthenticationConfiguration.authenticationManagerBuilder()
06:28:14.243 [main] DEBUG o.s.c.a.ConfigurationClassBeanDefinitionReader - Registering bean definition for @Bean method org.springframework.security.config.annotation.authentication.configuration.AuthenticationConfiguration.enableGlobalAuthenticationAutowiredConfigurer()
06:28:14.243 [main] DEBUG o.s.c.a.ConfigurationClassBeanDefinitionReader - Registering bean definition for @Bean method org.springframework.security.config.annotation.authentication.configuration.AuthenticationConfiguration.initializeUserDetailsBeanManagerConfigurer()
06:28:14.243 [main] DEBUG o.s.c.a.ConfigurationClassBeanDefinitionReader - Registering bean definition for @Bean method org.springframework.security.config.annotation.authentication.configuration.AuthenticationConfiguration.initializeAuthenticationProviderBeanManagerConfigurer()
06:28:14.243 [main] DEBUG o.s.c.a.ConfigurationClassBeanDefinitionReader - Registered bean definition for imported class 'org.springframework.security.config.annotation.web.configuration.WebSecurityConfiguration'
06:28:14.243 [main] DEBUG o.s.c.a.ConfigurationClassBeanDefinitionReader - Registering bean definition for @Bean method org.springframework.security.config.annotation.web.configuration.WebSecurityConfiguration.delegatingApplicationListener()
06:28:14.243 [main] DEBUG o.s.c.a.ConfigurationClassBeanDefinitionReader - Registering bean definition for @Bean method org.springframework.security.config.annotation.web.configuration.WebSecurityConfiguration.webSecurityExpressionHandler()
06:28:14.243 [main] DEBUG o.s.c.a.ConfigurationClassBeanDefinitionReader - Registering bean definition for @Bean method org.springframework.security.config.annotation.web.configuration.WebSecurityConfiguration.springSecurityFilterChain()
06:28:14.246 [main] DEBUG o.s.c.a.ConfigurationClassBeanDefinitionReader - Registering bean definition for @Bean method org.springframework.security.config.annotation.web.configuration.WebSecurityConfiguration.privilegeEvaluator()
06:28:14.246 [main] DEBUG o.s.c.a.ConfigurationClassBeanDefinitionReader - Registering bean definition for @Bean method org.springframework.security.config.annotation.web.configuration.WebSecurityConfiguration.autowiredWebSecurityConfigurersIgnoreParents()
06:28:14.246 [main] DEBUG o.s.c.a.ConfigurationClassBeanDefinitionReader - Registered bean definition for imported class 'org.springframework.security.config.annotation.web.configuration.WebMvcSecurityConfiguration'
06:28:14.246 [main] DEBUG o.s.c.a.ConfigurationClassBeanDefinitionReader - Registering bean definition for @Bean method org.springframework.security.config.annotation.web.configuration.WebMvcSecurityConfiguration.requestDataValueProcessor()
06:28:14.246 [main] DEBUG o.s.c.a.ConfigurationClassBeanDefinitionReader - Registering bean definition for @Bean method edu.ncsu.csc.itrust2.config.SecurityConfig.passwordEncoder()
06:28:14.247 [main] DEBUG o.s.c.a.ConfigurationClassBeanDefinitionReader - Registering bean definition for @Bean method edu.ncsu.csc.itrust2.config.SecurityConfig.defaultAuthenticationEventPublisher()
06:28:14.247 [main] DEBUG o.s.c.a.ConfigurationClassBeanDefinitionReader - Registering bean definition for @Bean method edu.ncsu.csc.itrust2.config.SecurityConfig.failureHandler()
06:28:14.247 [main] DEBUG o.s.c.a.ConfigurationClassBeanDefinitionReader - Registering bean definition for @Bean method edu.ncsu.csc.itrust2.config.SecurityConfig.ipBlockFilter()
06:28:14.247 [main] DEBUG o.s.c.a.ConfigurationClassBeanDefinitionReader - Registered bean definition for imported class 'org.springframework.web.servlet.config.annotation.DelegatingWebMvcConfiguration'
06:28:14.247 [main] DEBUG o.s.c.a.ConfigurationClassBeanDefinitionReader - Registering bean definition for @Bean method org.springframework.web.servlet.config.annotation.DelegatingWebMvcConfiguration.mvcConversionService()
06:28:14.247 [main] DEBUG o.s.c.a.ConfigurationClassBeanDefinitionReader - Registering bean definition for @Bean method org.springframework.web.servlet.config.annotation.DelegatingWebMvcConfiguration.mvcContentNegotiationManager()
06:28:14.247 [main] DEBUG o.s.c.a.ConfigurationClassBeanDefinitionReader - Registering bean definition for @Bean method org.springframework.web.servlet.config.annotation.DelegatingWebMvcConfiguration.viewControllerHandlerMapping()
06:28:14.247 [main] DEBUG o.s.c.a.ConfigurationClassBeanDefinitionReader - Registering bean definition for @Bean method org.springframework.web.servlet.config.annotation.DelegatingWebMvcConfiguration.beanNameHandlerMapping()
06:28:14.247 [main] DEBUG o.s.c.a.ConfigurationClassBeanDefinitionReader - Registering bean definition for @Bean method org.springframework.web.servlet.config.annotation.DelegatingWebMvcConfiguration.resourceHandlerMapping()
06:28:14.247 [main] DEBUG o.s.c.a.ConfigurationClassBeanDefinitionReader - Registering bean definition for @Bean method org.springframework.web.servlet.config.annotation.DelegatingWebMvcConfiguration.mvcResourceUrlProvider()
06:28:14.248 [main] DEBUG o.s.c.a.ConfigurationClassBeanDefinitionReader - Registering bean definition for @Bean method org.springframework.web.servlet.config.annotation.DelegatingWebMvcConfiguration.defaultServletHandlerMapping()
06:28:14.248 [main] DEBUG o.s.c.a.ConfigurationClassBeanDefinitionReader - Registering bean definition for @Bean method org.springframework.web.servlet.config.annotation.DelegatingWebMvcConfiguration.requestMappingHandlerAdapter()
06:28:14.248 [main] DEBUG o.s.c.a.ConfigurationClassBeanDefinitionReader - Registering bean definition for @Bean method org.springframework.web.servlet.config.annotation.DelegatingWebMvcConfiguration.mvcValidator()
06:28:14.248 [main] DEBUG o.s.c.a.ConfigurationClassBeanDefinitionReader - Registering bean definition for @Bean method org.springframework.web.servlet.config.annotation.DelegatingWebMvcConfiguration.mvcUriComponentsContributor()
06:28:14.248 [main] DEBUG o.s.c.a.ConfigurationClassBeanDefinitionReader - Registering bean definition for @Bean method org.springframework.web.servlet.config.annotation.DelegatingWebMvcConfiguration.httpRequestHandlerAdapter()
06:28:14.248 [main] DEBUG o.s.c.a.ConfigurationClassBeanDefinitionReader - Registering bean definition for @Bean method org.springframework.web.servlet.config.annotation.DelegatingWebMvcConfiguration.simpleControllerHandlerAdapter()
06:28:14.248 [main] DEBUG o.s.c.a.ConfigurationClassBeanDefinitionReader - Registering bean definition for @Bean method org.springframework.web.servlet.config.annotation.DelegatingWebMvcConfiguration.handlerExceptionResolver()
06:28:14.248 [main] DEBUG o.s.c.a.ConfigurationClassBeanDefinitionReader - Registering bean definition for @Bean method org.springframework.web.servlet.config.annotation.DelegatingWebMvcConfiguration.mvcViewResolver()
06:28:14.248 [main] DEBUG o.s.c.a.ConfigurationClassBeanDefinitionReader - Registering bean definition for @Bean method org.springframework.web.servlet.config.annotation.DelegatingWebMvcConfiguration.requestMappingHandlerMapping()
06:28:14.249 [main] DEBUG o.s.c.a.ConfigurationClassBeanDefinitionReader - Registering bean definition for @Bean method org.springframework.web.servlet.config.annotation.DelegatingWebMvcConfiguration.mvcPathMatcher()
06:28:14.249 [main] DEBUG o.s.c.a.ConfigurationClassBeanDefinitionReader - Registering bean definition for @Bean method org.springframework.web.servlet.config.annotation.DelegatingWebMvcConfiguration.mvcUrlPathHelper()
06:28:14.249 [main] DEBUG o.s.c.a.ConfigurationClassBeanDefinitionReader - Registered bean definition for imported class 'org.springframework.security.config.annotation.method.configuration.GlobalMethodSecurityConfiguration'
06:28:14.249 [main] DEBUG o.s.c.a.ConfigurationClassBeanDefinitionReader - Registering bean definition for @Bean method org.springframework.security.config.annotation.method.configuration.GlobalMethodSecurityConfiguration.methodSecurityInterceptor()
06:28:14.249 [main] DEBUG o.s.c.a.ConfigurationClassBeanDefinitionReader - Registering bean definition for @Bean method org.springframework.security.config.annotation.method.configuration.GlobalMethodSecurityConfiguration.methodSecurityMetadataSource()
06:28:14.249 [main] DEBUG o.s.c.a.ConfigurationClassBeanDefinitionReader - Registering bean definition for @Bean method org.springframework.security.config.annotation.method.configuration.GlobalMethodSecurityConfiguration.preInvocationAuthorizationAdvice()
06:28:14.249 [main] DEBUG o.s.c.a.ConfigurationClassBeanDefinitionReader - Registering bean definition for @Bean method edu.ncsu.csc.itrust2.mvc.config.WebMvcConfiguration.viewResolver()
06:28:14.249 [main] DEBUG o.s.c.a.ConfigurationClassBeanDefinitionReader - Registering bean definition for @Bean method edu.ncsu.csc.itrust2.mvc.config.WebMvcConfiguration.templateEngine()
06:28:14.249 [main] DEBUG o.s.c.a.ConfigurationClassBeanDefinitionReader - Registering bean definition for @Bean method edu.ncsu.csc.itrust2.mvc.config.WebMvcConfiguration.domainClassConverter()
06:28:14.253 [main] DEBUG o.s.c.a.ConfigurationClassEnhancer - Successfully enhanced edu.ncsu.csc.itrust2.config.RootConfiguration; enhanced class name is: edu.ncsu.csc.itrust2.config.RootConfiguration$$EnhancerBySpringCGLIB$$531f067d
06:28:14.253 [main] DEBUG o.s.c.a.ConfigurationClassPostProcessor - Replacing bean definition 'rootConfiguration' existing class 'edu.ncsu.csc.itrust2.config.RootConfiguration' with enhanced class 'edu.ncsu.csc.itrust2.config.RootConfiguration$$EnhancerBySpringCGLIB$$531f067d'
06:28:14.254 [main] DEBUG o.s.c.a.ConfigurationClassEnhancer - Successfully enhanced edu.ncsu.csc.itrust2.mvc.config.WebMvcConfiguration; enhanced class name is: edu.ncsu.csc.itrust2.mvc.config.WebMvcConfiguration$$EnhancerBySpringCGLIB$$6fca09cd
06:28:14.254 [main] DEBUG o.s.c.a.ConfigurationClassPostProcessor - Replacing bean definition 'webMvcConfiguration' existing class 'edu.ncsu.csc.itrust2.mvc.config.WebMvcConfiguration' with enhanced class 'edu.ncsu.csc.itrust2.mvc.config.WebMvcConfiguration$$EnhancerBySpringCGLIB$$6fca09cd'
06:28:14.254 [main] DEBUG o.s.c.a.ConfigurationClassEnhancer - Successfully enhanced edu.ncsu.csc.itrust2.config.DataConfiguration; enhanced class name is: edu.ncsu.csc.itrust2.config.DataConfiguration$$EnhancerBySpringCGLIB$$975e4bb5
06:28:14.254 [main] DEBUG o.s.c.a.ConfigurationClassPostProcessor - Replacing bean definition 'dataConfiguration' existing class 'edu.ncsu.csc.itrust2.config.DataConfiguration' with enhanced class 'edu.ncsu.csc.itrust2.config.DataConfiguration$$EnhancerBySpringCGLIB$$975e4bb5'
06:28:14.254 [main] DEBUG o.s.c.a.ConfigurationClassEnhancer - Successfully enhanced edu.ncsu.csc.itrust2.config.SecurityConfig; enhanced class name is: edu.ncsu.csc.itrust2.config.SecurityConfig$$EnhancerBySpringCGLIB$$89ded359
06:28:14.254 [main] DEBUG o.s.c.a.ConfigurationClassPostProcessor - Replacing bean definition 'securityConfig' existing class 'edu.ncsu.csc.itrust2.config.SecurityConfig' with enhanced class 'edu.ncsu.csc.itrust2.config.SecurityConfig$$EnhancerBySpringCGLIB$$89ded359'
06:28:14.254 [main] DEBUG o.s.c.a.ConfigurationClassEnhancer - Successfully enhanced org.springframework.security.config.annotation.configuration.ObjectPostProcessorConfiguration; enhanced class name is: org.springframework.security.config.annotation.configuration.ObjectPostProcessorConfiguration$$EnhancerBySpringCGLIB$$97d41d25
06:28:14.254 [main] DEBUG o.s.c.a.ConfigurationClassPostProcessor - Replacing bean definition 'org.springframework.security.config.annotation.configuration.ObjectPostProcessorConfiguration' existing class 'org.springframework.security.config.annotation.configuration.ObjectPostProcessorConfiguration' with enhanced class 'org.springframework.security.config.annotation.configuration.ObjectPostProcessorConfiguration$$EnhancerBySpringCGLIB$$97d41d25'
06:28:14.254 [main] DEBUG o.s.c.a.ConfigurationClassEnhancer - Successfully enhanced org.springframework.security.config.annotation.authentication.configuration.AuthenticationConfiguration; enhanced class name is: org.springframework.security.config.annotation.authentication.configuration.AuthenticationConfiguration$$EnhancerBySpringCGLIB$$e39d279a
06:28:14.254 [main] DEBUG o.s.c.a.ConfigurationClassPostProcessor - Replacing bean definition 'org.springframework.security.config.annotation.authentication.configuration.AuthenticationConfiguration' existing class 'org.springframework.security.config.annotation.authentication.configuration.AuthenticationConfiguration' with enhanced class 'org.springframework.security.config.annotation.authentication.configuration.AuthenticationConfiguration$$EnhancerBySpringCGLIB$$e39d279a'
06:28:14.254 [main] DEBUG o.s.c.a.ConfigurationClassEnhancer - Successfully enhanced org.springframework.security.config.annotation.authentication.configuration.AuthenticationConfiguration; enhanced class name is: org.springframework.security.config.annotation.authentication.configuration.AuthenticationConfiguration$$EnhancerBySpringCGLIB$$e39d279a
06:28:14.254 [main] DEBUG o.s.c.a.ConfigurationClassPostProcessor - Replacing bean definition 'enableGlobalAuthenticationAutowiredConfigurer' existing class 'org.springframework.security.config.annotation.authentication.configuration.AuthenticationConfiguration' with enhanced class 'org.springframework.security.config.annotation.authentication.configuration.AuthenticationConfiguration$$EnhancerBySpringCGLIB$$e39d279a'
06:28:14.254 [main] DEBUG o.s.c.a.ConfigurationClassEnhancer - Successfully enhanced org.springframework.security.config.annotation.authentication.configuration.AuthenticationConfiguration; enhanced class name is: org.springframework.security.config.annotation.authentication.configuration.AuthenticationConfiguration$$EnhancerBySpringCGLIB$$e39d279a
06:28:14.254 [main] DEBUG o.s.c.a.ConfigurationClassPostProcessor - Replacing bean definition 'initializeUserDetailsBeanManagerConfigurer' existing class 'org.springframework.security.config.annotation.authentication.configuration.AuthenticationConfiguration' with enhanced class 'org.springframework.security.config.annotation.authentication.configuration.AuthenticationConfiguration$$EnhancerBySpringCGLIB$$e39d279a'
06:28:14.254 [main] DEBUG o.s.c.a.ConfigurationClassEnhancer - Successfully enhanced org.springframework.security.config.annotation.authentication.configuration.AuthenticationConfiguration; enhanced class name is: org.springframework.security.config.annotation.authentication.configuration.AuthenticationConfiguration$$EnhancerBySpringCGLIB$$e39d279a
06:28:14.254 [main] DEBUG o.s.c.a.ConfigurationClassPostProcessor - Replacing bean definition 'initializeAuthenticationProviderBeanManagerConfigurer' existing class 'org.springframework.security.config.annotation.authentication.configuration.AuthenticationConfiguration' with enhanced class 'org.springframework.security.config.annotation.authentication.configuration.AuthenticationConfiguration$$EnhancerBySpringCGLIB$$e39d279a'
06:28:14.254 [main] DEBUG o.s.c.a.ConfigurationClassEnhancer - Successfully enhanced org.springframework.security.config.annotation.web.configuration.WebSecurityConfiguration; enhanced class name is: org.springframework.security.config.annotation.web.configuration.WebSecurityConfiguration$$EnhancerBySpringCGLIB$$a65781de
06:28:14.254 [main] DEBUG o.s.c.a.ConfigurationClassPostProcessor - Replacing bean definition 'org.springframework.security.config.annotation.web.configuration.WebSecurityConfiguration' existing class 'org.springframework.security.config.annotation.web.configuration.WebSecurityConfiguration' with enhanced class 'org.springframework.security.config.annotation.web.configuration.WebSecurityConfiguration$$EnhancerBySpringCGLIB$$a65781de'
06:28:14.255 [main] DEBUG o.s.c.a.ConfigurationClassEnhancer - Successfully enhanced org.springframework.security.config.annotation.web.configuration.WebSecurityConfiguration; enhanced class name is: org.springframework.security.config.annotation.web.configuration.WebSecurityConfiguration$$EnhancerBySpringCGLIB$$a65781de
06:28:14.255 [main] DEBUG o.s.c.a.ConfigurationClassPostProcessor - Replacing bean definition 'delegatingApplicationListener' existing class 'org.springframework.security.config.annotation.web.configuration.WebSecurityConfiguration' with enhanced class 'org.springframework.security.config.annotation.web.configuration.WebSecurityConfiguration$$EnhancerBySpringCGLIB$$a65781de'
06:28:14.255 [main] DEBUG o.s.c.a.ConfigurationClassEnhancer - Successfully enhanced org.springframework.web.servlet.config.annotation.DelegatingWebMvcConfiguration; enhanced class name is: org.springframework.web.servlet.config.annotation.DelegatingWebMvcConfiguration$$EnhancerBySpringCGLIB$$c3e73a21
06:28:14.255 [main] DEBUG o.s.c.a.ConfigurationClassPostProcessor - Replacing bean definition 'org.springframework.web.servlet.config.annotation.DelegatingWebMvcConfiguration' existing class 'org.springframework.web.servlet.config.annotation.DelegatingWebMvcConfiguration' with enhanced class 'org.springframework.web.servlet.config.annotation.DelegatingWebMvcConfiguration$$EnhancerBySpringCGLIB$$c3e73a21'
06:28:14.255 [main] DEBUG o.s.c.a.ConfigurationClassEnhancer - Successfully enhanced org.springframework.security.config.annotation.method.configuration.GlobalMethodSecurityConfiguration; enhanced class name is: org.springframework.security.config.annotation.method.configuration.GlobalMethodSecurityConfiguration$$EnhancerBySpringCGLIB$$bca8bfd7
06:28:14.255 [main] DEBUG o.s.c.a.ConfigurationClassPostProcessor - Replacing bean definition 'org.springframework.security.config.annotation.method.configuration.GlobalMethodSecurityConfiguration' existing class 'org.springframework.security.config.annotation.method.configuration.GlobalMethodSecurityConfiguration' with enhanced class 'org.springframework.security.config.annotation.method.configuration.GlobalMethodSecurityConfiguration$$EnhancerBySpringCGLIB$$bca8bfd7'
06:28:14.257 [main] DEBUG o.s.b.f.s.DefaultListableBeanFactory - Creating shared instance of singleton bean 'org.springframework.context.annotation.internalAutowiredAnnotationProcessor'
06:28:14.257 [main] DEBUG o.s.b.f.s.DefaultListableBeanFactory - Creating instance of bean 'org.springframework.context.annotation.internalAutowiredAnnotationProcessor'
06:28:14.257 [main] DEBUG o.s.b.f.s.DefaultListableBeanFactory - Eagerly caching bean 'org.springframework.context.annotation.internalAutowiredAnnotationProcessor' to allow for resolving potential circular references
06:28:14.260 [main] DEBUG o.s.b.f.s.DefaultListableBeanFactory - Finished creating instance of bean 'org.springframework.context.annotation.internalAutowiredAnnotationProcessor'
06:28:14.260 [main] DEBUG o.s.b.f.s.DefaultListableBeanFactory - Creating shared instance of singleton bean 'org.springframework.context.annotation.internalRequiredAnnotationProcessor'
06:28:14.260 [main] DEBUG o.s.b.f.s.DefaultListableBeanFactory - Creating instance of bean 'org.springframework.context.annotation.internalRequiredAnnotationProcessor'
06:28:14.260 [main] DEBUG o.s.b.f.s.DefaultListableBeanFactory - Eagerly caching bean 'org.springframework.context.annotation.internalRequiredAnnotationProcessor' to allow for resolving potential circular references
06:28:14.263 [main] DEBUG o.s.b.f.s.DefaultListableBeanFactory - Finished creating instance of bean 'org.springframework.context.annotation.internalRequiredAnnotationProcessor'
06:28:14.263 [main] DEBUG o.s.b.f.s.DefaultListableBeanFactory - Creating shared instance of singleton bean 'org.springframework.context.annotation.internalCommonAnnotationProcessor'
06:28:14.263 [main] DEBUG o.s.b.f.s.DefaultListableBeanFactory - Creating instance of bean 'org.springframework.context.annotation.internalCommonAnnotationProcessor'
06:28:14.263 [main] DEBUG o.s.b.f.s.DefaultListableBeanFactory - Eagerly caching bean 'org.springframework.context.annotation.internalCommonAnnotationProcessor' to allow for resolving potential circular references
06:28:14.266 [main] DEBUG o.s.b.f.s.DefaultListableBeanFactory - Finished creating instance of bean 'org.springframework.context.annotation.internalCommonAnnotationProcessor'
06:28:14.266 [main] DEBUG o.s.b.f.s.DefaultListableBeanFactory - Creating shared instance of singleton bean 'org.springframework.context.annotation.internalPersistenceAnnotationProcessor'
06:28:14.266 [main] DEBUG o.s.b.f.s.DefaultListableBeanFactory - Creating instance of bean 'org.springframework.context.annotation.internalPersistenceAnnotationProcessor'
06:28:14.266 [main] DEBUG o.s.b.f.s.DefaultListableBeanFactory - Eagerly caching bean 'org.springframework.context.annotation.internalPersistenceAnnotationProcessor' to allow for resolving potential circular references
06:28:14.268 [main] DEBUG o.s.b.f.s.DefaultListableBeanFactory - Finished creating instance of bean 'org.springframework.context.annotation.internalPersistenceAnnotationProcessor'
06:28:14.268 [main] DEBUG o.s.b.f.s.DefaultListableBeanFactory - Creating shared instance of singleton bean 'org.springframework.aop.config.internalAutoProxyCreator'
06:28:14.268 [main] DEBUG o.s.b.f.s.DefaultListableBeanFactory - Creating instance of bean 'org.springframework.aop.config.internalAutoProxyCreator'
06:28:14.269 [main] DEBUG o.s.b.f.s.DefaultListableBeanFactory - Eagerly caching bean 'org.springframework.aop.config.internalAutoProxyCreator' to allow for resolving potential circular references
06:28:14.273 [main] DEBUG o.s.b.f.s.DefaultListableBeanFactory - Finished creating instance of bean 'org.springframework.aop.config.internalAutoProxyCreator'
06:28:14.273 [main] DEBUG o.s.w.c.s.GenericWebApplicationContext - Unable to locate MessageSource with name 'messageSource': using default [org.springframework.context.support.DelegatingMessageSource@6ab9b09e]
06:28:14.273 [main] DEBUG o.s.w.c.s.GenericWebApplicationContext - Unable to locate ApplicationEventMulticaster with name 'applicationEventMulticaster': using default [org.springframework.context.event.SimpleApplicationEventMulticaster@5ec49986]
06:28:14.273 [main] DEBUG o.s.u.c.s.UiApplicationContextUtils - Unable to locate ThemeSource with name 'themeSource': using default [org.springframework.ui.context.support.ResourceBundleThemeSource@6b030c6b]
06:28:14.274 [main] DEBUG o.s.b.f.s.DefaultListableBeanFactory - Pre-instantiating singletons in org.springframework.beans.factory.support.DefaultListableBeanFactory@771fc474: defining beans [org.springframework.context.annotation.internalConfigurationAnnotationProcessor,org.springframework.context.annotation.internalAutowiredAnnotationProcessor,org.springframework.context.annotation.internalRequiredAnnotationProcessor,org.springframework.context.annotation.internalCommonAnnotationProcessor,org.springframework.context.annotation.internalPersistenceAnnotationProcessor,org.springframework.context.event.internalEventListenerProcessor,org.springframework.context.event.internalEventListenerFactory,rootConfiguration,webMvcConfiguration,dataConfiguration,loginAuditingListener,securityConfig,defaultController,adminController,adminUserController,hospitalController,ICDCodesController,APIAppointmentRequestController,APIDiagnosisController,APIDrugController,APIEnumController,APIHospitalController,APIICDCodeController,APILogEntryController,APIOfficeVisitController,APIPasswordController,APIPatientController,APIPersonnelController,APIPrescriptionController,APIUserController,appointmentControllerHCP,HCPController,officeVisitController,appointmentController,diagnosesController,patientController,passwordController,userController,dataSource,org.springframework.security.config.annotation.configuration.ObjectPostProcessorConfiguration,objectPostProcessor,org.springframework.security.config.annotation.authentication.configuration.AuthenticationConfiguration,authenticationManagerBuilder,enableGlobalAuthenticationAutowiredConfigurer,initializeUserDetailsBeanManagerConfigurer,initializeAuthenticationProviderBeanManagerConfigurer,org.springframework.security.config.annotation.web.configuration.WebSecurityConfiguration,delegatingApplicationListener,webSecurityExpressionHandler,springSecurityFilterChain,privilegeEvaluator,autowiredWebSecurityConfigurersIgnoreParents,org.springframework.security.config.annotation.web.configuration.WebMvcSecurityConfiguration,requestDataValueProcessor,passwordEncoder,defaultAuthenticationEventPublisher,failureHandler,ipBlockFilter,org.springframework.web.servlet.config.annotation.DelegatingWebMvcConfiguration,mvcConversionService,mvcContentNegotiationManager,viewControllerHandlerMapping,beanNameHandlerMapping,resourceHandlerMapping,mvcResourceUrlProvider,defaultServletHandlerMapping,requestMappingHandlerAdapter,mvcValidator,mvcUriComponentsContributor,httpRequestHandlerAdapter,simpleControllerHandlerAdapter,handlerExceptionResolver,mvcViewResolver,requestMappingHandlerMapping,mvcPathMatcher,mvcUrlPathHelper,org.springframework.security.config.annotation.method.configuration.GlobalMethodSecurityConfiguration,methodSecurityInterceptor,methodSecurityMetadataSource,preInvocationAuthorizationAdvice,viewResolver,templateEngine,domainClassConverter,metaDataSourceAdvisor,org.springframework.aop.config.internalAutoProxyCreator]; root of factory hierarchy
06:28:14.274 [main] DEBUG o.s.b.f.s.DefaultListableBeanFactory - Returning cached instance of singleton bean 'org.springframework.context.annotation.internalConfigurationAnnotationProcessor'
06:28:14.274 [main] DEBUG o.s.b.f.s.DefaultListableBeanFactory - Returning cached instance of singleton bean 'org.springframework.context.annotation.internalAutowiredAnnotationProcessor'
06:28:14.274 [main] DEBUG o.s.b.f.s.DefaultListableBeanFactory - Returning cached instance of singleton bean 'org.springframework.context.annotation.internalRequiredAnnotationProcessor'
06:28:14.274 [main] DEBUG o.s.b.f.s.DefaultListableBeanFactory - Returning cached instance of singleton bean 'org.springframework.context.annotation.internalCommonAnnotationProcessor'
06:28:14.274 [main] DEBUG o.s.b.f.s.DefaultListableBeanFactory - Returning cached instance of singleton bean 'org.springframework.context.annotation.internalPersistenceAnnotationProcessor'
06:28:14.274 [main] DEBUG o.s.b.f.s.DefaultListableBeanFactory - Creating shared instance of singleton bean 'org.springframework.context.event.internalEventListenerProcessor'
06:28:14.274 [main] DEBUG o.s.b.f.s.DefaultListableBeanFactory - Creating instance of bean 'org.springframework.context.event.internalEventListenerProcessor'
06:28:14.274 [main] DEBUG o.s.b.f.s.DefaultListableBeanFactory - Eagerly caching bean 'org.springframework.context.event.internalEventListenerProcessor' to allow for resolving potential circular references
06:28:14.276 [main] DEBUG o.s.b.f.s.DefaultListableBeanFactory - Creating shared instance of singleton bean 'metaDataSourceAdvisor'
06:28:14.276 [main] DEBUG o.s.b.f.s.DefaultListableBeanFactory - Creating instance of bean 'metaDataSourceAdvisor'
06:28:14.277 [main] DEBUG o.s.b.f.s.DefaultListableBeanFactory - Creating shared instance of singleton bean 'methodSecurityMetadataSource'
06:28:14.277 [main] DEBUG o.s.b.f.s.DefaultListableBeanFactory - Creating instance of bean 'methodSecurityMetadataSource'
06:28:14.277 [main] DEBUG o.s.b.f.s.DefaultListableBeanFactory - Creating shared instance of singleton bean 'org.springframework.security.config.annotation.method.configuration.GlobalMethodSecurityConfiguration'
06:28:14.277 [main] DEBUG o.s.b.f.s.DefaultListableBeanFactory - Creating instance of bean 'org.springframework.security.config.annotation.method.configuration.GlobalMethodSecurityConfiguration'
06:28:14.279 [main] DEBUG o.s.b.f.annotation.InjectionMetadata - Registered injected element on class [org.springframework.security.config.annotation.method.configuration.GlobalMethodSecurityConfiguration$$EnhancerBySpringCGLIB$$bca8bfd7]: AutowiredMethodElement for public void org.springframework.security.config.annotation.method.configuration.GlobalMethodSecurityConfiguration.setApplicationContext(org.springframework.context.ApplicationContext)
06:28:14.279 [main] DEBUG o.s.b.f.annotation.InjectionMetadata - Registered injected element on class [org.springframework.security.config.annotation.method.configuration.GlobalMethodSecurityConfiguration$$EnhancerBySpringCGLIB$$bca8bfd7]: AutowiredMethodElement for public void org.springframework.security.config.annotation.method.configuration.GlobalMethodSecurityConfiguration.setObjectPostProcessor(org.springframework.security.config.annotation.ObjectPostProcessor)
06:28:14.279 [main] DEBUG o.s.b.f.annotation.InjectionMetadata - Registered injected element on class [org.springframework.security.config.annotation.method.configuration.GlobalMethodSecurityConfiguration$$EnhancerBySpringCGLIB$$bca8bfd7]: AutowiredMethodElement for public void org.springframework.security.config.annotation.method.configuration.GlobalMethodSecurityConfiguration.setMethodSecurityExpressionHandler(java.util.List)
06:28:14.279 [main] DEBUG o.s.b.f.annotation.InjectionMetadata - Registered injected element on class [org.springframework.security.config.annotation.method.configuration.GlobalMethodSecurityConfiguration$$EnhancerBySpringCGLIB$$bca8bfd7]: AutowiredMethodElement for public void org.springframework.security.config.annotation.method.configuration.GlobalMethodSecurityConfiguration.setJsr250MethodSecurityMetadataSource(org.springframework.security.access.annotation.Jsr250MethodSecurityMetadataSource)
06:28:14.279 [main] DEBUG o.s.b.f.s.DefaultListableBeanFactory - Eagerly caching bean 'org.springframework.security.config.annotation.method.configuration.GlobalMethodSecurityConfiguration' to allow for resolving potential circular references
06:28:14.279 [main] DEBUG o.s.b.f.annotation.InjectionMetadata - Processing injected element of bean 'org.springframework.security.config.annotation.method.configuration.GlobalMethodSecurityConfiguration': AutowiredMethodElement for public void org.springframework.security.config.annotation.method.configuration.GlobalMethodSecurityConfiguration.setApplicationContext(org.springframework.context.ApplicationContext)
06:28:14.279 [main] DEBUG o.s.b.f.a.AutowiredAnnotationBeanPostProcessor - Autowiring by type from bean name 'org.springframework.security.config.annotation.method.configuration.GlobalMethodSecurityConfiguration' to bean named 'org.springframework.web.context.support.GenericWebApplicationContext@5e02c99b'
06:28:14.279 [main] DEBUG o.s.b.f.annotation.InjectionMetadata - Processing injected element of bean 'org.springframework.security.config.annotation.method.configuration.GlobalMethodSecurityConfiguration': AutowiredMethodElement for public void org.springframework.security.config.annotation.method.configuration.GlobalMethodSecurityConfiguration.setObjectPostProcessor(org.springframework.security.config.annotation.ObjectPostProcessor)
06:28:14.280 [main] DEBUG o.s.b.f.s.DefaultListableBeanFactory - Creating shared instance of singleton bean 'objectPostProcessor'
06:28:14.280 [main] DEBUG o.s.b.f.s.DefaultListableBeanFactory - Creating instance of bean 'objectPostProcessor'
06:28:14.280 [main] DEBUG o.s.b.f.s.DefaultListableBeanFactory - Creating shared instance of singleton bean 'org.springframework.security.config.annotation.configuration.ObjectPostProcessorConfiguration'
06:28:14.280 [main] DEBUG o.s.b.f.s.DefaultListableBeanFactory - Creating instance of bean 'org.springframework.security.config.annotation.configuration.ObjectPostProcessorConfiguration'
06:28:14.280 [main] DEBUG o.s.b.f.s.DefaultListableBeanFactory - Eagerly caching bean 'org.springframework.security.config.annotation.configuration.ObjectPostProcessorConfiguration' to allow for resolving potential circular references
06:28:14.281 [main] DEBUG o.s.a.f.a.BeanFactoryAdvisorRetrievalHelper - Skipping currently created advisor 'metaDataSourceAdvisor'
06:28:14.281 [main] DEBUG o.s.b.f.s.DefaultListableBeanFactory - Finished creating instance of bean 'org.springframework.security.config.annotation.configuration.ObjectPostProcessorConfiguration'
06:28:14.282 [main] DEBUG o.s.b.f.s.DefaultListableBeanFactory - Autowiring by type from bean name 'objectPostProcessor' via factory method to bean named 'org.springframework.beans.factory.support.DefaultListableBeanFactory@771fc474'
06:28:14.282 [main] DEBUG o.s.b.f.s.DefaultListableBeanFactory - Eagerly caching bean 'objectPostProcessor' to allow for resolving potential circular references
06:28:14.284 [main] DEBUG o.s.a.f.a.BeanFactoryAdvisorRetrievalHelper - Skipping currently created advisor 'metaDataSourceAdvisor'
06:28:14.284 [main] DEBUG o.s.b.f.s.DefaultListableBeanFactory - Finished creating instance of bean 'objectPostProcessor'
06:28:14.284 [main] DEBUG o.s.b.f.a.AutowiredAnnotationBeanPostProcessor - Autowiring by type from bean name 'org.springframework.security.config.annotation.method.configuration.GlobalMethodSecurityConfiguration' to bean named 'objectPostProcessor'
06:28:14.287 [main] DEBUG o.s.b.f.annotation.InjectionMetadata - Processing injected element of bean 'org.springframework.security.config.annotation.method.configuration.GlobalMethodSecurityConfiguration': AutowiredMethodElement for public void org.springframework.security.config.annotation.method.configuration.GlobalMethodSecurityConfiguration.setMethodSecurityExpressionHandler(java.util.List)
06:28:14.288 [main] DEBUG o.s.b.f.annotation.InjectionMetadata - Processing injected element of bean 'org.springframework.security.config.annotation.method.configuration.GlobalMethodSecurityConfiguration': AutowiredMethodElement for public void org.springframework.security.config.annotation.method.configuration.GlobalMethodSecurityConfiguration.setJsr250MethodSecurityMetadataSource(org.springframework.security.access.annotation.Jsr250MethodSecurityMetadataSource)
06:28:14.289 [main] DEBUG o.s.b.f.s.DefaultListableBeanFactory - Returning cached instance of singleton bean 'org.springframework.context.annotation.ConfigurationClassPostProcessor.importRegistry'
06:28:14.289 [main] DEBUG o.s.a.f.a.BeanFactoryAdvisorRetrievalHelper - Skipping currently created advisor 'metaDataSourceAdvisor'
06:28:14.289 [main] DEBUG o.s.b.f.s.DefaultListableBeanFactory - Finished creating instance of bean 'org.springframework.security.config.annotation.method.configuration.GlobalMethodSecurityConfiguration'
06:28:14.289 [main] DEBUG o.s.b.f.s.DefaultListableBeanFactory - Eagerly caching bean 'methodSecurityMetadataSource' to allow for resolving potential circular references
06:28:14.291 [main] DEBUG o.s.b.f.s.DefaultListableBeanFactory - Finished creating instance of bean 'methodSecurityMetadataSource'
06:28:14.292 [main] DEBUG o.s.b.f.s.DefaultListableBeanFactory - Eagerly caching bean 'metaDataSourceAdvisor' to allow for resolving potential circular references
06:28:14.294 [main] DEBUG o.s.b.f.s.DefaultListableBeanFactory - Finished creating instance of bean 'metaDataSourceAdvisor'
06:28:14.294 [main] DEBUG o.s.b.f.s.DefaultListableBeanFactory - Finished creating instance of bean 'org.springframework.context.event.internalEventListenerProcessor'
06:28:14.294 [main] DEBUG o.s.b.f.s.DefaultListableBeanFactory - Creating shared instance of singleton bean 'org.springframework.context.event.internalEventListenerFactory'
06:28:14.294 [main] DEBUG o.s.b.f.s.DefaultListableBeanFactory - Creating instance of bean 'org.springframework.context.event.internalEventListenerFactory'
06:28:14.294 [main] DEBUG o.s.b.f.s.DefaultListableBeanFactory - Eagerly caching bean 'org.springframework.context.event.internalEventListenerFactory' to allow for resolving potential circular references
06:28:14.295 [main] DEBUG o.s.b.f.s.DefaultListableBeanFactory - Returning cached instance of singleton bean 'metaDataSourceAdvisor'
06:28:14.295 [main] DEBUG o.s.b.f.s.DefaultListableBeanFactory - Finished creating instance of bean 'org.springframework.context.event.internalEventListenerFactory'
06:28:14.296 [main] DEBUG o.s.b.f.s.DefaultListableBeanFactory - Creating shared instance of singleton bean 'rootConfiguration'
06:28:14.296 [main] DEBUG o.s.b.f.s.DefaultListableBeanFactory - Creating instance of bean 'rootConfiguration'
06:28:14.296 [main] DEBUG o.s.b.f.s.DefaultListableBeanFactory - Eagerly caching bean 'rootConfiguration' to allow for resolving potential circular references
06:28:14.296 [main] DEBUG o.s.b.f.s.DefaultListableBeanFactory - Returning cached instance of singleton bean 'metaDataSourceAdvisor'
06:28:14.297 [main] DEBUG o.s.b.f.s.DefaultListableBeanFactory - Finished creating instance of bean 'rootConfiguration'
06:28:14.297 [main] DEBUG o.s.b.f.s.DefaultListableBeanFactory - Creating shared instance of singleton bean 'webMvcConfiguration'
06:28:14.297 [main] DEBUG o.s.b.f.s.DefaultListableBeanFactory - Creating instance of bean 'webMvcConfiguration'
06:28:14.298 [main] DEBUG o.s.b.f.annotation.InjectionMetadata - Registered injected element on class [edu.ncsu.csc.itrust2.mvc.config.WebMvcConfiguration$$EnhancerBySpringCGLIB$$6fca09cd]: AutowiredFieldElement for private org.springframework.context.ApplicationContext edu.ncsu.csc.itrust2.mvc.config.WebMvcConfiguration.applicationContext
06:28:14.298 [main] DEBUG o.s.b.f.annotation.InjectionMetadata - Registered injected element on class [edu.ncsu.csc.itrust2.mvc.config.WebMvcConfiguration$$EnhancerBySpringCGLIB$$6fca09cd]: AutowiredFieldElement for private org.springframework.format.support.FormattingConversionService edu.ncsu.csc.itrust2.mvc.config.WebMvcConfiguration.mvcConversionService
06:28:14.298 [main] DEBUG o.s.b.f.s.DefaultListableBeanFactory - Eagerly caching bean 'webMvcConfiguration' to allow for resolving potential circular references
06:28:14.300 [main] DEBUG o.s.b.f.annotation.InjectionMetadata - Processing injected element of bean 'webMvcConfiguration': AutowiredFieldElement for private org.springframework.context.ApplicationContext edu.ncsu.csc.itrust2.mvc.config.WebMvcConfiguration.applicationContext
06:28:14.300 [main] DEBUG o.s.b.f.a.AutowiredAnnotationBeanPostProcessor - Autowiring by type from bean name 'webMvcConfiguration' to bean named 'org.springframework.web.context.support.GenericWebApplicationContext@5e02c99b'
06:28:14.300 [main] DEBUG o.s.b.f.annotation.InjectionMetadata - Processing injected element of bean 'webMvcConfiguration': AutowiredFieldElement for private org.springframework.format.support.FormattingConversionService edu.ncsu.csc.itrust2.mvc.config.WebMvcConfiguration.mvcConversionService
06:28:14.300 [main] DEBUG o.s.b.f.s.DefaultListableBeanFactory - Creating shared instance of singleton bean 'mvcConversionService'
06:28:14.300 [main] DEBUG o.s.b.f.s.DefaultListableBeanFactory - Creating instance of bean 'mvcConversionService'
06:28:14.301 [main] DEBUG o.s.b.f.s.DefaultListableBeanFactory - Creating shared instance of singleton bean 'org.springframework.web.servlet.config.annotation.DelegatingWebMvcConfiguration'
06:28:14.301 [main] DEBUG o.s.b.f.s.DefaultListableBeanFactory - Creating instance of bean 'org.springframework.web.servlet.config.annotation.DelegatingWebMvcConfiguration'
06:28:14.303 [main] DEBUG o.s.b.f.annotation.InjectionMetadata - Registered injected element on class [org.springframework.web.servlet.config.annotation.DelegatingWebMvcConfiguration$$EnhancerBySpringCGLIB$$c3e73a21]: AutowiredMethodElement for public void org.springframework.web.servlet.config.annotation.DelegatingWebMvcConfiguration.setConfigurers(java.util.List)
06:28:14.303 [main] DEBUG o.s.b.f.s.DefaultListableBeanFactory - Eagerly caching bean 'org.springframework.web.servlet.config.annotation.DelegatingWebMvcConfiguration' to allow for resolving potential circular references
06:28:14.303 [main] DEBUG o.s.b.f.annotation.InjectionMetadata - Processing injected element of bean 'org.springframework.web.servlet.config.annotation.DelegatingWebMvcConfiguration': AutowiredMethodElement for public void org.springframework.web.servlet.config.annotation.DelegatingWebMvcConfiguration.setConfigurers(java.util.List)
06:28:14.304 [main] DEBUG o.s.b.f.s.DefaultListableBeanFactory - Returning cached instance of singleton bean 'metaDataSourceAdvisor'
06:28:14.309 [main] DEBUG o.s.b.f.s.DefaultListableBeanFactory - Returning eagerly cached instance of singleton bean 'webMvcConfiguration' that is not fully initialized yet - a consequence of a circular reference
06:28:14.309 [main] DEBUG o.s.b.f.s.DefaultListableBeanFactory - Creating shared instance of singleton bean 'org.springframework.security.config.annotation.web.configuration.WebMvcSecurityConfiguration'
06:28:14.309 [main] DEBUG o.s.b.f.s.DefaultListableBeanFactory - Creating instance of bean 'org.springframework.security.config.annotation.web.configuration.WebMvcSecurityConfiguration'
06:28:14.309 [main] DEBUG o.s.b.f.s.DefaultListableBeanFactory - Eagerly caching bean 'org.springframework.security.config.annotation.web.configuration.WebMvcSecurityConfiguration' to allow for resolving potential circular references
06:28:14.311 [main] DEBUG o.s.b.f.s.DefaultListableBeanFactory - Returning cached instance of singleton bean 'metaDataSourceAdvisor'
06:28:14.311 [main] DEBUG o.s.b.f.s.DefaultListableBeanFactory - Finished creating instance of bean 'org.springframework.security.config.annotation.web.configuration.WebMvcSecurityConfiguration'
06:28:14.312 [main] DEBUG o.s.b.f.a.AutowiredAnnotationBeanPostProcessor - Autowiring by type from bean name 'org.springframework.web.servlet.config.annotation.DelegatingWebMvcConfiguration' to bean named 'webMvcConfiguration'
06:28:14.312 [main] DEBUG o.s.b.f.a.AutowiredAnnotationBeanPostProcessor - Autowiring by type from bean name 'org.springframework.web.servlet.config.annotation.DelegatingWebMvcConfiguration' to bean named 'org.springframework.security.config.annotation.web.configuration.WebMvcSecurityConfiguration'
06:28:14.312 [main] DEBUG o.s.b.f.s.DefaultListableBeanFactory - Returning cached instance of singleton bean 'metaDataSourceAdvisor'
06:28:14.316 [main] DEBUG o.s.b.f.s.DefaultListableBeanFactory - Finished creating instance of bean 'org.springframework.web.servlet.config.annotation.DelegatingWebMvcConfiguration'
06:28:14.317 [main] DEBUG o.s.b.f.s.DefaultListableBeanFactory - Eagerly caching bean 'mvcConversionService' to allow for resolving potential circular references
06:28:14.320 [main] DEBUG o.s.b.f.s.DefaultListableBeanFactory - Returning cached instance of singleton bean 'metaDataSourceAdvisor'
06:28:14.321 [main] DEBUG o.s.b.f.s.DefaultListableBeanFactory - Finished creating instance of bean 'mvcConversionService'
06:28:14.321 [main] DEBUG o.s.b.f.a.AutowiredAnnotationBeanPostProcessor - Autowiring by type from bean name 'webMvcConfiguration' to bean named 'mvcConversionService'
06:28:14.322 [main] DEBUG o.s.b.f.s.DefaultListableBeanFactory - Finished creating instance of bean 'webMvcConfiguration'
06:28:14.322 [main] DEBUG o.s.b.f.s.DefaultListableBeanFactory - Creating shared instance of singleton bean 'dataConfiguration'
06:28:14.322 [main] DEBUG o.s.b.f.s.DefaultListableBeanFactory - Creating instance of bean 'dataConfiguration'
06:28:14.322 [main] DEBUG o.s.b.f.s.DefaultListableBeanFactory - Eagerly caching bean 'dataConfiguration' to allow for resolving potential circular references
06:28:14.323 [main] DEBUG o.s.b.f.s.DefaultListableBeanFactory - Returning cached instance of singleton bean 'metaDataSourceAdvisor'
06:28:14.324 [main] DEBUG o.s.b.f.s.DefaultListableBeanFactory - Finished creating instance of bean 'dataConfiguration'
06:28:14.324 [main] DEBUG o.s.b.f.s.DefaultListableBeanFactory - Creating shared instance of singleton bean 'loginAuditingListener'
06:28:14.324 [main] DEBUG o.s.b.f.s.DefaultListableBeanFactory - Creating instance of bean 'loginAuditingListener'
06:28:14.324 [main] DEBUG o.s.b.f.s.DefaultListableBeanFactory - Eagerly caching bean 'loginAuditingListener' to allow for resolving potential circular references
06:28:14.325 [main] DEBUG o.s.b.f.s.DefaultListableBeanFactory - Returning cached instance of singleton bean 'metaDataSourceAdvisor'
06:28:14.325 [main] DEBUG o.s.b.f.s.DefaultListableBeanFactory - Finished creating instance of bean 'loginAuditingListener'
06:28:14.325 [main] DEBUG o.s.b.f.s.DefaultListableBeanFactory - Creating shared instance of singleton bean 'securityConfig'
06:28:14.325 [main] DEBUG o.s.b.f.s.DefaultListableBeanFactory - Creating instance of bean 'securityConfig'
06:28:14.328 [main] DEBUG o.s.b.f.annotation.InjectionMetadata - Registered injected element on class [edu.ncsu.csc.itrust2.config.SecurityConfig$$EnhancerBySpringCGLIB$$89ded359]: AutowiredMethodElement for public void org.springframework.security.config.annotation.web.configuration.WebSecurityConfigurerAdapter.setApplicationContext(org.springframework.context.ApplicationContext)
06:28:14.328 [main] DEBUG o.s.b.f.annotation.InjectionMetadata - Registered injected element on class [edu.ncsu.csc.itrust2.config.SecurityConfig$$EnhancerBySpringCGLIB$$89ded359]: AutowiredMethodElement for public void org.springframework.security.config.annotation.web.configuration.WebSecurityConfigurerAdapter.setObjectPostProcessor(org.springframework.security.config.annotation.ObjectPostProcessor)
06:28:14.328 [main] DEBUG o.s.b.f.annotation.InjectionMetadata - Registered injected element on class [edu.ncsu.csc.itrust2.config.SecurityConfig$$EnhancerBySpringCGLIB$$89ded359]: AutowiredMethodElement for public void org.springframework.security.config.annotation.web.configuration.WebSecurityConfigurerAdapter.setContentNegotationStrategy(org.springframework.web.accept.ContentNegotiationStrategy)
06:28:14.328 [main] DEBUG o.s.b.f.annotation.InjectionMetadata - Registered injected element on class [edu.ncsu.csc.itrust2.config.SecurityConfig$$EnhancerBySpringCGLIB$$89ded359]: AutowiredMethodElement for public void org.springframework.security.config.annotation.web.configuration.WebSecurityConfigurerAdapter.setAuthenticationConfiguration(org.springframework.security.config.annotation.authentication.configuration.AuthenticationConfiguration)
06:28:14.328 [main] DEBUG o.s.b.f.annotation.InjectionMetadata - Registered injected element on class [edu.ncsu.csc.itrust2.config.SecurityConfig$$EnhancerBySpringCGLIB$$89ded359]: AutowiredMethodElement for public void org.springframework.security.config.annotation.web.configuration.WebSecurityConfigurerAdapter.setTrustResolver(org.springframework.security.authentication.AuthenticationTrustResolver)
06:28:14.328 [main] DEBUG o.s.b.f.annotation.InjectionMetadata - Registered injected element on class [edu.ncsu.csc.itrust2.config.SecurityConfig$$EnhancerBySpringCGLIB$$89ded359]: AutowiredFieldElement for javax.sql.DataSource edu.ncsu.csc.itrust2.config.SecurityConfig.dataSource
06:28:14.328 [main] DEBUG o.s.b.f.annotation.InjectionMetadata - Registered injected element on class [edu.ncsu.csc.itrust2.config.SecurityConfig$$EnhancerBySpringCGLIB$$89ded359]: AutowiredMethodElement for public void edu.ncsu.csc.itrust2.config.SecurityConfig.configureGlobal(org.springframework.security.config.annotation.authentication.builders.AuthenticationManagerBuilder) throws java.lang.Exception
06:28:14.328 [main] DEBUG o.s.b.f.s.DefaultListableBeanFactory - Eagerly caching bean 'securityConfig' to allow for resolving potential circular references
06:28:14.328 [main] DEBUG o.s.b.f.annotation.InjectionMetadata - Processing injected element of bean 'securityConfig': AutowiredMethodElement for public void org.springframework.security.config.annotation.web.configuration.WebSecurityConfigurerAdapter.setApplicationContext(org.springframework.context.ApplicationContext)
06:28:14.329 [main] DEBUG o.s.b.f.a.AutowiredAnnotationBeanPostProcessor - Autowiring by type from bean name 'securityConfig' to bean named 'org.springframework.web.context.support.GenericWebApplicationContext@5e02c99b'
06:28:14.329 [main] DEBUG o.s.b.f.annotation.InjectionMetadata - Processing injected element of bean 'securityConfig': AutowiredMethodElement for public void org.springframework.security.config.annotation.web.configuration.WebSecurityConfigurerAdapter.setObjectPostProcessor(org.springframework.security.config.annotation.ObjectPostProcessor)
06:28:14.329 [main] DEBUG o.s.b.f.s.DefaultListableBeanFactory - Returning cached instance of singleton bean 'objectPostProcessor'
06:28:14.329 [main] DEBUG o.s.b.f.a.AutowiredAnnotationBeanPostProcessor - Autowiring by type from bean name 'securityConfig' to bean named 'objectPostProcessor'
06:28:14.329 [main] DEBUG o.s.b.f.annotation.InjectionMetadata - Processing injected element of bean 'securityConfig': AutowiredMethodElement for public void org.springframework.security.config.annotation.web.configuration.WebSecurityConfigurerAdapter.setContentNegotationStrategy(org.springframework.web.accept.ContentNegotiationStrategy)
06:28:14.330 [main] DEBUG o.s.b.f.s.DefaultListableBeanFactory - Creating shared instance of singleton bean 'mvcContentNegotiationManager'
06:28:14.330 [main] DEBUG o.s.b.f.s.DefaultListableBeanFactory - Creating instance of bean 'mvcContentNegotiationManager'
06:28:14.330 [main] DEBUG o.s.b.f.s.DefaultListableBeanFactory - Returning cached instance of singleton bean 'org.springframework.web.servlet.config.annotation.DelegatingWebMvcConfiguration'
06:28:14.330 [main] DEBUG o.s.b.f.s.DefaultListableBeanFactory - Eagerly caching bean 'mvcContentNegotiationManager' to allow for resolving potential circular references
06:28:14.332 [main] DEBUG o.s.b.f.s.DefaultListableBeanFactory - Returning cached instance of singleton bean 'metaDataSourceAdvisor'
06:28:14.332 [main] DEBUG o.s.b.f.s.DefaultListableBeanFactory - Finished creating instance of bean 'mvcContentNegotiationManager'
06:28:14.333 [main] DEBUG o.s.b.f.a.AutowiredAnnotationBeanPostProcessor - Autowiring by type from bean name 'securityConfig' to bean named 'mvcContentNegotiationManager'
06:28:14.333 [main] DEBUG o.s.b.f.annotation.InjectionMetadata - Processing injected element of bean 'securityConfig': AutowiredMethodElement for public void org.springframework.security.config.annotation.web.configuration.WebSecurityConfigurerAdapter.setAuthenticationConfiguration(org.springframework.security.config.annotation.authentication.configuration.AuthenticationConfiguration)
06:28:14.333 [main] DEBUG o.s.b.f.s.DefaultListableBeanFactory - Creating shared instance of singleton bean 'org.springframework.security.config.annotation.authentication.configuration.AuthenticationConfiguration'
06:28:14.333 [main] DEBUG o.s.b.f.s.DefaultListableBeanFactory - Creating instance of bean 'org.springframework.security.config.annotation.authentication.configuration.AuthenticationConfiguration'
06:28:14.335 [main] DEBUG o.s.b.f.annotation.InjectionMetadata - Registered injected element on class [org.springframework.security.config.annotation.authentication.configuration.AuthenticationConfiguration$$EnhancerBySpringCGLIB$$e39d279a]: AutowiredMethodElement for public void org.springframework.security.config.annotation.authentication.configuration.AuthenticationConfiguration.setApplicationContext(org.springframework.context.ApplicationContext)
06:28:14.335 [main] DEBUG o.s.b.f.annotation.InjectionMetadata - Registered injected element on class [org.springframework.security.config.annotation.authentication.configuration.AuthenticationConfiguration$$EnhancerBySpringCGLIB$$e39d279a]: AutowiredMethodElement for public void org.springframework.security.config.annotation.authentication.configuration.AuthenticationConfiguration.setGlobalAuthenticationConfigurers(java.util.List) throws java.lang.Exception
06:28:14.335 [main] DEBUG o.s.b.f.annotation.InjectionMetadata - Registered injected element on class [org.springframework.security.config.annotation.authentication.configuration.AuthenticationConfiguration$$EnhancerBySpringCGLIB$$e39d279a]: AutowiredMethodElement for public void org.springframework.security.config.annotation.authentication.configuration.AuthenticationConfiguration.setObjectPostProcessor(org.springframework.security.config.annotation.ObjectPostProcessor)
06:28:14.335 [main] DEBUG o.s.b.f.s.DefaultListableBeanFactory - Eagerly caching bean 'org.springframework.security.config.annotation.authentication.configuration.AuthenticationConfiguration' to allow for resolving potential circular references
06:28:14.335 [main] DEBUG o.s.b.f.annotation.InjectionMetadata - Processing injected element of bean 'org.springframework.security.config.annotation.authentication.configuration.AuthenticationConfiguration': AutowiredMethodElement for public void org.springframework.security.config.annotation.authentication.configuration.AuthenticationConfiguration.setApplicationContext(org.springframework.context.ApplicationContext)
06:28:14.335 [main] DEBUG o.s.b.f.a.AutowiredAnnotationBeanPostProcessor - Autowiring by type from bean name 'org.springframework.security.config.annotation.authentication.configuration.AuthenticationConfiguration' to bean named 'org.springframework.web.context.support.GenericWebApplicationContext@5e02c99b'
06:28:14.335 [main] DEBUG o.s.b.f.annotation.InjectionMetadata - Processing injected element of bean 'org.springframework.security.config.annotation.authentication.configuration.AuthenticationConfiguration': AutowiredMethodElement for public void org.springframework.security.config.annotation.authentication.configuration.AuthenticationConfiguration.setGlobalAuthenticationConfigurers(java.util.List) throws java.lang.Exception
06:28:14.336 [main] DEBUG o.s.b.f.s.DefaultListableBeanFactory - Creating shared instance of singleton bean 'enableGlobalAuthenticationAutowiredConfigurer'
06:28:14.336 [main] DEBUG o.s.b.f.s.DefaultListableBeanFactory - Creating instance of bean 'enableGlobalAuthenticationAutowiredConfigurer'
06:28:14.337 [main] DEBUG o.s.b.f.s.DefaultListableBeanFactory - Autowiring by type from bean name 'enableGlobalAuthenticationAutowiredConfigurer' via factory method to bean named 'org.springframework.web.context.support.GenericWebApplicationContext@5e02c99b'
06:28:14.337 [main] DEBUG o.s.b.f.s.DefaultListableBeanFactory - Eagerly caching bean 'enableGlobalAuthenticationAutowiredConfigurer' to allow for resolving potential circular references
06:28:14.338 [main] DEBUG o.s.b.f.s.DefaultListableBeanFactory - Returning cached instance of singleton bean 'metaDataSourceAdvisor'
06:28:14.339 [main] DEBUG o.s.b.f.s.DefaultListableBeanFactory - Finished creating instance of bean 'enableGlobalAuthenticationAutowiredConfigurer'
06:28:14.339 [main] DEBUG o.s.b.f.s.DefaultListableBeanFactory - Creating shared instance of singleton bean 'initializeUserDetailsBeanManagerConfigurer'
06:28:14.339 [main] DEBUG o.s.b.f.s.DefaultListableBeanFactory - Creating instance of bean 'initializeUserDetailsBeanManagerConfigurer'
06:28:14.339 [main] DEBUG o.s.b.f.s.DefaultListableBeanFactory - Autowiring by type from bean name 'initializeUserDetailsBeanManagerConfigurer' via factory method to bean named 'org.springframework.web.context.support.GenericWebApplicationContext@5e02c99b'
06:28:14.340 [main] DEBUG o.s.b.f.s.DefaultListableBeanFactory - Eagerly caching bean 'initializeUserDetailsBeanManagerConfigurer' to allow for resolving potential circular references
06:28:14.341 [main] DEBUG o.s.b.f.s.DefaultListableBeanFactory - Returning cached instance of singleton bean 'metaDataSourceAdvisor'
06:28:14.341 [main] DEBUG o.s.b.f.s.DefaultListableBeanFactory - Finished creating instance of bean 'initializeUserDetailsBeanManagerConfigurer'
06:28:14.341 [main] DEBUG o.s.b.f.s.DefaultListableBeanFactory - Creating shared instance of singleton bean 'initializeAuthenticationProviderBeanManagerConfigurer'
06:28:14.342 [main] DEBUG o.s.b.f.s.DefaultListableBeanFactory - Creating instance of bean 'initializeAuthenticationProviderBeanManagerConfigurer'
06:28:14.342 [main] DEBUG o.s.b.f.s.DefaultListableBeanFactory - Autowiring by type from bean name 'initializeAuthenticationProviderBeanManagerConfigurer' via factory method to bean named 'org.springframework.web.context.support.GenericWebApplicationContext@5e02c99b'
06:28:14.342 [main] DEBUG o.s.b.f.s.DefaultListableBeanFactory - Eagerly caching bean 'initializeAuthenticationProviderBeanManagerConfigurer' to allow for resolving potential circular references
06:28:14.343 [main] DEBUG o.s.b.f.s.DefaultListableBeanFactory - Returning cached instance of singleton bean 'metaDataSourceAdvisor'
06:28:14.344 [main] DEBUG o.s.b.f.s.DefaultListableBeanFactory - Finished creating instance of bean 'initializeAuthenticationProviderBeanManagerConfigurer'
06:28:14.344 [main] DEBUG o.s.b.f.a.AutowiredAnnotationBeanPostProcessor - Autowiring by type from bean name 'org.springframework.security.config.annotation.authentication.configuration.AuthenticationConfiguration' to bean named 'enableGlobalAuthenticationAutowiredConfigurer'
06:28:14.344 [main] DEBUG o.s.b.f.a.AutowiredAnnotationBeanPostProcessor - Autowiring by type from bean name 'org.springframework.security.config.annotation.authentication.configuration.AuthenticationConfiguration' to bean named 'initializeUserDetailsBeanManagerConfigurer'
06:28:14.344 [main] DEBUG o.s.b.f.a.AutowiredAnnotationBeanPostProcessor - Autowiring by type from bean name 'org.springframework.security.config.annotation.authentication.configuration.AuthenticationConfiguration' to bean named 'initializeAuthenticationProviderBeanManagerConfigurer'
06:28:14.344 [main] DEBUG o.s.b.f.annotation.InjectionMetadata - Processing injected element of bean 'org.springframework.security.config.annotation.authentication.configuration.AuthenticationConfiguration': AutowiredMethodElement for public void org.springframework.security.config.annotation.authentication.configuration.AuthenticationConfiguration.setObjectPostProcessor(org.springframework.security.config.annotation.ObjectPostProcessor)
06:28:14.344 [main] DEBUG o.s.b.f.s.DefaultListableBeanFactory - Returning cached instance of singleton bean 'objectPostProcessor'
06:28:14.345 [main] DEBUG o.s.b.f.a.AutowiredAnnotationBeanPostProcessor - Autowiring by type from bean name 'org.springframework.security.config.annotation.authentication.configuration.AuthenticationConfiguration' to bean named 'objectPostProcessor'
06:28:14.345 [main] DEBUG o.s.b.f.s.DefaultListableBeanFactory - Returning cached instance of singleton bean 'metaDataSourceAdvisor'
06:28:14.346 [main] DEBUG o.s.b.f.s.DefaultListableBeanFactory - Finished creating instance of bean 'org.springframework.security.config.annotation.authentication.configuration.AuthenticationConfiguration'
06:28:14.346 [main] DEBUG o.s.b.f.a.AutowiredAnnotationBeanPostProcessor - Autowiring by type from bean name 'securityConfig' to bean named 'org.springframework.security.config.annotation.authentication.configuration.AuthenticationConfiguration'
06:28:14.346 [main] DEBUG o.s.b.f.annotation.InjectionMetadata - Processing injected element of bean 'securityConfig': AutowiredMethodElement for public void org.springframework.security.config.annotation.web.configuration.WebSecurityConfigurerAdapter.setTrustResolver(org.springframework.security.authentication.AuthenticationTrustResolver)
06:28:14.346 [main] DEBUG o.s.b.f.annotation.InjectionMetadata - Processing injected element of bean 'securityConfig': AutowiredFieldElement for javax.sql.DataSource edu.ncsu.csc.itrust2.config.SecurityConfig.dataSource
06:28:14.347 [main] DEBUG o.s.b.f.s.DefaultListableBeanFactory - Creating shared instance of singleton bean 'dataSource'
06:28:14.347 [main] DEBUG o.s.b.f.s.DefaultListableBeanFactory - Creating instance of bean 'dataSource'
06:28:14.347 [main] DEBUG o.s.b.f.s.DefaultListableBeanFactory - Returning cached instance of singleton bean 'dataConfiguration'
06:28:14.347 [main] INFO  o.s.j.d.DriverManagerDataSource - Loaded JDBC driver: com.mysql.jdbc.Driver
06:28:14.348 [main] DEBUG o.s.b.f.s.DefaultListableBeanFactory - Eagerly caching bean 'dataSource' to allow for resolving potential circular references
06:28:14.349 [main] DEBUG o.s.b.f.s.DefaultListableBeanFactory - Returning cached instance of singleton bean 'metaDataSourceAdvisor'
06:28:14.351 [main] DEBUG o.s.b.f.s.DefaultListableBeanFactory - Finished creating instance of bean 'dataSource'
06:28:14.351 [main] DEBUG o.s.b.f.a.AutowiredAnnotationBeanPostProcessor - Autowiring by type from bean name 'securityConfig' to bean named 'dataSource'
06:28:14.351 [main] DEBUG o.s.b.f.annotation.InjectionMetadata - Processing injected element of bean 'securityConfig': AutowiredMethodElement for public void edu.ncsu.csc.itrust2.config.SecurityConfig.configureGlobal(org.springframework.security.config.annotation.authentication.builders.AuthenticationManagerBuilder) throws java.lang.Exception
06:28:14.351 [main] DEBUG o.s.b.f.s.DefaultListableBeanFactory - Creating shared instance of singleton bean 'authenticationManagerBuilder'
06:28:14.351 [main] DEBUG o.s.b.f.s.DefaultListableBeanFactory - Creating instance of bean 'authenticationManagerBuilder'
06:28:14.352 [main] DEBUG o.s.b.f.s.DefaultListableBeanFactory - Returning cached instance of singleton bean 'org.springframework.security.config.annotation.authentication.configuration.AuthenticationConfiguration'
06:28:14.352 [main] DEBUG o.s.b.f.s.DefaultListableBeanFactory - Returning cached instance of singleton bean 'objectPostProcessor'
06:28:14.352 [main] DEBUG o.s.b.f.s.DefaultListableBeanFactory - Autowiring by type from bean name 'authenticationManagerBuilder' via factory method to bean named 'objectPostProcessor'
06:28:14.353 [main] DEBUG o.s.b.f.s.DefaultListableBeanFactory - Eagerly caching bean 'authenticationManagerBuilder' to allow for resolving potential circular references
06:28:14.356 [main] DEBUG o.s.b.f.s.DefaultListableBeanFactory - Returning cached instance of singleton bean 'metaDataSourceAdvisor'
06:28:14.359 [main] DEBUG o.s.b.f.s.DefaultListableBeanFactory - Finished creating instance of bean 'authenticationManagerBuilder'
06:28:14.359 [main] DEBUG o.s.b.f.a.AutowiredAnnotationBeanPostProcessor - Autowiring by type from bean name 'securityConfig' to bean named 'authenticationManagerBuilder'
06:28:14.360 [main] DEBUG o.s.b.f.s.DefaultListableBeanFactory - Creating shared instance of singleton bean 'passwordEncoder'
06:28:14.360 [main] DEBUG o.s.b.f.s.DefaultListableBeanFactory - Creating instance of bean 'passwordEncoder'
06:28:14.360 [main] DEBUG o.s.b.f.s.DefaultListableBeanFactory - Returning cached instance of singleton bean 'metaDataSourceAdvisor'
06:28:14.364 [main] DEBUG o.s.b.f.s.DefaultListableBeanFactory - Returning eagerly cached instance of singleton bean 'securityConfig' that is not fully initialized yet - a consequence of a circular reference
06:28:14.364 [main] DEBUG o.s.b.f.s.DefaultListableBeanFactory - Eagerly caching bean 'passwordEncoder' to allow for resolving potential circular references
06:28:14.365 [main] DEBUG o.s.b.f.s.DefaultListableBeanFactory - Returning cached instance of singleton bean 'metaDataSourceAdvisor'
06:28:14.365 [main] DEBUG o.s.b.f.s.DefaultListableBeanFactory - Finished creating instance of bean 'passwordEncoder'
06:28:14.456 [main] DEBUG o.s.b.f.s.DefaultListableBeanFactory - Creating shared instance of singleton bean 'defaultAuthenticationEventPublisher'
06:28:14.456 [main] DEBUG o.s.b.f.s.DefaultListableBeanFactory - Creating instance of bean 'defaultAuthenticationEventPublisher'
06:28:14.456 [main] DEBUG o.s.b.f.s.DefaultListableBeanFactory - Returning eagerly cached instance of singleton bean 'securityConfig' that is not fully initialized yet - a consequence of a circular reference
06:28:14.457 [main] DEBUG o.s.b.f.s.DefaultListableBeanFactory - Eagerly caching bean 'defaultAuthenticationEventPublisher' to allow for resolving potential circular references
06:28:14.459 [main] DEBUG o.s.b.f.s.DefaultListableBeanFactory - Returning cached instance of singleton bean 'metaDataSourceAdvisor'
06:28:14.459 [main] DEBUG o.s.b.f.s.DefaultListableBeanFactory - Finished creating instance of bean 'defaultAuthenticationEventPublisher'
06:28:14.459 [main] DEBUG o.s.b.f.s.DefaultListableBeanFactory - Finished creating instance of bean 'securityConfig'
06:28:14.459 [main] DEBUG o.s.b.f.s.DefaultListableBeanFactory - Creating shared instance of singleton bean 'defaultController'
06:28:14.459 [main] DEBUG o.s.b.f.s.DefaultListableBeanFactory - Creating instance of bean 'defaultController'
06:28:14.459 [main] DEBUG o.s.b.f.s.DefaultListableBeanFactory - Eagerly caching bean 'defaultController' to allow for resolving potential circular references
06:28:14.460 [main] DEBUG o.s.b.f.s.DefaultListableBeanFactory - Returning cached instance of singleton bean 'metaDataSourceAdvisor'
06:28:14.460 [main] DEBUG o.s.b.f.s.DefaultListableBeanFactory - Finished creating instance of bean 'defaultController'
06:28:14.460 [main] DEBUG o.s.b.f.s.DefaultListableBeanFactory - Creating shared instance of singleton bean 'adminController'
06:28:14.460 [main] DEBUG o.s.b.f.s.DefaultListableBeanFactory - Creating instance of bean 'adminController'
06:28:14.460 [main] DEBUG o.s.b.f.s.DefaultListableBeanFactory - Eagerly caching bean 'adminController' to allow for resolving potential circular references
06:28:14.460 [main] DEBUG o.s.b.f.s.DefaultListableBeanFactory - Returning cached instance of singleton bean 'metaDataSourceAdvisor'
06:28:14.460 [main] DEBUG o.s.s.a.p.PrePostAnnotationSecurityMetadataSource - @org.springframework.security.access.prepost.PreAuthorize(value=hasRole('ROLE_ADMIN')) found on specific method: public java.lang.String edu.ncsu.csc.itrust2.controllers.admin.AdminController.index(org.springframework.ui.Model)
06:28:14.460 [main] DEBUG o.s.s.a.m.DelegatingMethodSecurityMetadataSource - Caching method [CacheKey[edu.ncsu.csc.itrust2.controllers.admin.AdminController; public java.lang.String edu.ncsu.csc.itrust2.controllers.admin.AdminController.index(org.springframework.ui.Model)]] with attributes [[authorize: 'hasRole('ROLE_ADMIN')', filter: 'null', filterTarget: 'null']]
06:28:14.460 [main] DEBUG o.s.a.f.a.InfrastructureAdvisorAutoProxyCreator - Creating implicit proxy for bean 'adminController' with 0 common interceptors and 1 specific interceptors
06:28:14.460 [main] DEBUG o.s.aop.framework.CglibAopProxy - Creating CGLIB proxy: target source is SingletonTargetSource for target object [edu.ncsu.csc.itrust2.controllers.admin.AdminController@99c866]
06:28:14.460 [main] DEBUG o.s.b.f.s.DefaultListableBeanFactory - Creating shared instance of singleton bean 'methodSecurityInterceptor'
06:28:14.460 [main] DEBUG o.s.b.f.s.DefaultListableBeanFactory - Creating instance of bean 'methodSecurityInterceptor'
06:28:14.460 [main] DEBUG o.s.b.f.s.DefaultListableBeanFactory - Returning cached instance of singleton bean 'org.springframework.security.config.annotation.method.configuration.GlobalMethodSecurityConfiguration'
06:28:14.461 [main] DEBUG o.s.b.f.s.DefaultListableBeanFactory - Returning cached instance of singleton bean 'methodSecurityMetadataSource'
06:28:14.461 [main] DEBUG o.s.b.f.s.DefaultListableBeanFactory - Eagerly caching bean 'methodSecurityInterceptor' to allow for resolving potential circular references
06:28:14.464 [main] DEBUG o.s.b.f.s.DefaultListableBeanFactory - Invoking afterPropertiesSet() on bean with name 'methodSecurityInterceptor'
06:28:14.464 [main] DEBUG o.s.s.a.i.a.MethodSecurityInterceptor - Validated configuration attributes
06:28:14.464 [main] DEBUG o.s.b.f.s.DefaultListableBeanFactory - Finished creating instance of bean 'methodSecurityInterceptor'
06:28:14.464 [main] DEBUG o.s.aop.framework.CglibAopProxy - Unable to apply any optimisations to advised method: public java.lang.String edu.ncsu.csc.itrust2.controllers.admin.AdminController.index(org.springframework.ui.Model)
06:28:14.465 [main] DEBUG o.s.aop.framework.CglibAopProxy - Found 'equals' method: public boolean java.lang.Object.equals(java.lang.Object)
06:28:14.465 [main] DEBUG o.s.aop.framework.CglibAopProxy - Unable to apply any optimisations to advised method: public java.lang.String java.lang.Object.toString()
06:28:14.465 [main] DEBUG o.s.aop.framework.CglibAopProxy - Found 'hashCode' method: public native int java.lang.Object.hashCode()
06:28:14.465 [main] DEBUG o.s.aop.framework.CglibAopProxy - Unable to apply any optimisations to advised method: protected native java.lang.Object java.lang.Object.clone() throws java.lang.CloneNotSupportedException
06:28:14.465 [main] DEBUG o.s.aop.framework.CglibAopProxy - Method is declared on Advised interface: public abstract boolean org.springframework.aop.framework.Advised.removeAdvice(org.aopalliance.aop.Advice)
06:28:14.465 [main] DEBUG o.s.aop.framework.CglibAopProxy - Method is declared on Advised interface: public abstract java.lang.String org.springframework.aop.framework.Advised.toProxyConfigString()
06:28:14.465 [main] DEBUG o.s.aop.framework.CglibAopProxy - Method is declared on Advised interface: public abstract void org.springframework.aop.framework.Advised.addAdvice(org.aopalliance.aop.Advice) throws org.springframework.aop.framework.AopConfigException
06:28:14.465 [main] DEBUG o.s.aop.framework.CglibAopProxy - Method is declared on Advised interface: public abstract void org.springframework.aop.framework.Advised.addAdvice(int,org.aopalliance.aop.Advice) throws org.springframework.aop.framework.AopConfigException
06:28:14.465 [main] DEBUG o.s.aop.framework.CglibAopProxy - Method is declared on Advised interface: public abstract org.springframework.aop.TargetSource org.springframework.aop.framework.Advised.getTargetSource()
06:28:14.465 [main] DEBUG o.s.aop.framework.CglibAopProxy - Method is declared on Advised interface: public abstract boolean org.springframework.aop.framework.Advised.isProxyTargetClass()
06:28:14.465 [main] DEBUG o.s.aop.framework.CglibAopProxy - Method is declared on Advised interface: public abstract void org.springframework.aop.framework.Advised.addAdvisor(org.springframework.aop.Advisor) throws org.springframework.aop.framework.AopConfigException
06:28:14.465 [main] DEBUG o.s.aop.framework.CglibAopProxy - Method is declared on Advised interface: public abstract void org.springframework.aop.framework.Advised.addAdvisor(int,org.springframework.aop.Advisor) throws org.springframework.aop.framework.AopConfigException
06:28:14.465 [main] DEBUG o.s.aop.framework.CglibAopProxy - Method is declared on Advised interface: public abstract void org.springframework.aop.framework.Advised.setPreFiltered(boolean)
06:28:14.465 [main] DEBUG o.s.aop.framework.CglibAopProxy - Method is declared on Advised interface: public abstract void org.springframework.aop.framework.Advised.setExposeProxy(boolean)
06:28:14.465 [main] DEBUG o.s.aop.framework.CglibAopProxy - Method is declared on Advised interface: public abstract boolean org.springframework.aop.framework.Advised.isExposeProxy()
06:28:14.465 [main] DEBUG o.s.aop.framework.CglibAopProxy - Method is declared on Advised interface: public abstract void org.springframework.aop.framework.Advised.setTargetSource(org.springframework.aop.TargetSource)
06:28:14.465 [main] DEBUG o.s.aop.framework.CglibAopProxy - Method is declared on Advised interface: public abstract boolean org.springframework.aop.framework.Advised.isPreFiltered()
06:28:14.465 [main] DEBUG o.s.aop.framework.CglibAopProxy - Method is declared on Advised interface: public abstract java.lang.Class[] org.springframework.aop.framework.Advised.getProxiedInterfaces()
06:28:14.465 [main] DEBUG o.s.aop.framework.CglibAopProxy - Method is declared on Advised interface: public abstract boolean org.springframework.aop.framework.Advised.isInterfaceProxied(java.lang.Class)
06:28:14.465 [main] DEBUG o.s.aop.framework.CglibAopProxy - Method is declared on Advised interface: public abstract org.springframework.aop.Advisor[] org.springframework.aop.framework.Advised.getAdvisors()
06:28:14.465 [main] DEBUG o.s.aop.framework.CglibAopProxy - Method is declared on Advised interface: public abstract void org.springframework.aop.framework.Advised.removeAdvisor(int) throws org.springframework.aop.framework.AopConfigException
06:28:14.465 [main] DEBUG o.s.aop.framework.CglibAopProxy - Method is declared on Advised interface: public abstract boolean org.springframework.aop.framework.Advised.removeAdvisor(org.springframework.aop.Advisor)
06:28:14.465 [main] DEBUG o.s.aop.framework.CglibAopProxy - Method is declared on Advised interface: public abstract boolean org.springframework.aop.framework.Advised.replaceAdvisor(org.springframework.aop.Advisor,org.springframework.aop.Advisor) throws org.springframework.aop.framework.AopConfigException
06:28:14.465 [main] DEBUG o.s.aop.framework.CglibAopProxy - Method is declared on Advised interface: public abstract int org.springframework.aop.framework.Advised.indexOf(org.aopalliance.aop.Advice)
06:28:14.465 [main] DEBUG o.s.aop.framework.CglibAopProxy - Method is declared on Advised interface: public abstract int org.springframework.aop.framework.Advised.indexOf(org.springframework.aop.Advisor)
06:28:14.465 [main] DEBUG o.s.aop.framework.CglibAopProxy - Method is declared on Advised interface: public abstract boolean org.springframework.aop.framework.Advised.isFrozen()
06:28:14.465 [main] DEBUG o.s.aop.framework.CglibAopProxy - Method is declared on Advised interface: public abstract java.lang.Class org.springframework.aop.TargetClassAware.getTargetClass()
06:28:14.472 [main] DEBUG o.s.b.f.s.DefaultListableBeanFactory - Finished creating instance of bean 'adminController'
06:28:14.472 [main] DEBUG o.s.b.f.s.DefaultListableBeanFactory - Creating shared instance of singleton bean 'adminUserController'
06:28:14.472 [main] DEBUG o.s.b.f.s.DefaultListableBeanFactory - Creating instance of bean 'adminUserController'
06:28:14.473 [main] DEBUG o.s.b.f.s.DefaultListableBeanFactory - Eagerly caching bean 'adminUserController' to allow for resolving potential circular references
06:28:14.473 [main] DEBUG o.s.b.f.s.DefaultListableBeanFactory - Returning cached instance of singleton bean 'metaDataSourceAdvisor'
06:28:14.473 [main] DEBUG o.s.s.a.p.PrePostAnnotationSecurityMetadataSource - @org.springframework.security.access.prepost.PreAuthorize(value=hasRole('ROLE_ADMIN')) found on specific method: public java.lang.String edu.ncsu.csc.itrust2.controllers.admin.AdminUserController.addUserSubmit(edu.ncsu.csc.itrust2.forms.admin.UserForm,org.springframework.validation.BindingResult,org.springframework.ui.Model)
06:28:14.473 [main] DEBUG o.s.s.a.m.DelegatingMethodSecurityMetadataSource - Caching method [CacheKey[edu.ncsu.csc.itrust2.controllers.admin.AdminUserController; public java.lang.String edu.ncsu.csc.itrust2.controllers.admin.AdminUserController.addUserSubmit(edu.ncsu.csc.itrust2.forms.admin.UserForm,org.springframework.validation.BindingResult,org.springframework.ui.Model)]] with attributes [[authorize: 'hasRole('ROLE_ADMIN')', filter: 'null', filterTarget: 'null']]
06:28:14.473 [main] DEBUG o.s.a.f.a.InfrastructureAdvisorAutoProxyCreator - Creating implicit proxy for bean 'adminUserController' with 0 common interceptors and 1 specific interceptors
06:28:14.473 [main] DEBUG o.s.aop.framework.CglibAopProxy - Creating CGLIB proxy: target source is SingletonTargetSource for target object [edu.ncsu.csc.itrust2.controllers.admin.AdminUserController@3ccf34b1]
06:28:14.474 [main] DEBUG o.s.aop.framework.CglibAopProxy - Unable to apply any optimisations to advised method: public java.lang.String edu.ncsu.csc.itrust2.controllers.admin.AdminUserController.addUserSubmit(edu.ncsu.csc.itrust2.forms.admin.UserForm,org.springframework.validation.BindingResult,org.springframework.ui.Model)
06:28:14.474 [main] DEBUG o.s.s.a.p.PrePostAnnotationSecurityMetadataSource - @org.springframework.security.access.prepost.PreAuthorize(value=hasRole('ROLE_ADMIN')) found on specific method: public java.lang.String edu.ncsu.csc.itrust2.controllers.admin.AdminUserController.deleteUser(org.springframework.ui.Model)
06:28:14.474 [main] DEBUG o.s.s.a.m.DelegatingMethodSecurityMetadataSource - Caching method [CacheKey[edu.ncsu.csc.itrust2.controllers.admin.AdminUserController; public java.lang.String edu.ncsu.csc.itrust2.controllers.admin.AdminUserController.deleteUser(org.springframework.ui.Model)]] with attributes [[authorize: 'hasRole('ROLE_ADMIN')', filter: 'null', filterTarget: 'null']]
06:28:14.474 [main] DEBUG o.s.aop.framework.CglibAopProxy - Unable to apply any optimisations to advised method: public java.lang.String edu.ncsu.csc.itrust2.controllers.admin.AdminUserController.deleteUser(org.springframework.ui.Model)
06:28:14.474 [main] DEBUG o.s.s.a.p.PrePostAnnotationSecurityMetadataSource - @org.springframework.security.access.prepost.PreAuthorize(value=hasRole('ROLE_ADMIN')) found on specific method: public java.lang.String edu.ncsu.csc.itrust2.controllers.admin.AdminUserController.deleteUserSubmit(edu.ncsu.csc.itrust2.forms.admin.DeleteUserForm,org.springframework.validation.BindingResult,org.springframework.ui.Model)
06:28:14.474 [main] DEBUG o.s.s.a.m.DelegatingMethodSecurityMetadataSource - Caching method [CacheKey[edu.ncsu.csc.itrust2.controllers.admin.AdminUserController; public java.lang.String edu.ncsu.csc.itrust2.controllers.admin.AdminUserController.deleteUserSubmit(edu.ncsu.csc.itrust2.forms.admin.DeleteUserForm,org.springframework.validation.BindingResult,org.springframework.ui.Model)]] with attributes [[authorize: 'hasRole('ROLE_ADMIN')', filter: 'null', filterTarget: 'null']]
06:28:14.474 [main] DEBUG o.s.aop.framework.CglibAopProxy - Unable to apply any optimisations to advised method: public java.lang.String edu.ncsu.csc.itrust2.controllers.admin.AdminUserController.deleteUserSubmit(edu.ncsu.csc.itrust2.forms.admin.DeleteUserForm,org.springframework.validation.BindingResult,org.springframework.ui.Model)
06:28:14.474 [main] DEBUG o.s.s.a.p.PrePostAnnotationSecurityMetadataSource - @org.springframework.security.access.prepost.PreAuthorize(value=hasRole('ROLE_ADMIN')) found on specific method: public java.lang.String edu.ncsu.csc.itrust2.controllers.admin.AdminUserController.drugs(org.springframework.ui.Model)
06:28:14.474 [main] DEBUG o.s.s.a.m.DelegatingMethodSecurityMetadataSource - Caching method [CacheKey[edu.ncsu.csc.itrust2.controllers.admin.AdminUserController; public java.lang.String edu.ncsu.csc.itrust2.controllers.admin.AdminUserController.drugs(org.springframework.ui.Model)]] with attributes [[authorize: 'hasRole('ROLE_ADMIN')', filter: 'null', filterTarget: 'null']]
06:28:14.474 [main] DEBUG o.s.aop.framework.CglibAopProxy - Unable to apply any optimisations to advised method: public java.lang.String edu.ncsu.csc.itrust2.controllers.admin.AdminUserController.drugs(org.springframework.ui.Model)
06:28:14.474 [main] DEBUG o.s.s.a.p.PrePostAnnotationSecurityMetadataSource - @org.springframework.security.access.prepost.PreAuthorize(value=hasRole('ROLE_ADMIN')) found on specific method: public java.lang.String edu.ncsu.csc.itrust2.controllers.admin.AdminUserController.addUser(org.springframework.ui.Model)
06:28:14.474 [main] DEBUG o.s.s.a.m.DelegatingMethodSecurityMetadataSource - Caching method [CacheKey[edu.ncsu.csc.itrust2.controllers.admin.AdminUserController; public java.lang.String edu.ncsu.csc.itrust2.controllers.admin.AdminUserController.addUser(org.springframework.ui.Model)]] with attributes [[authorize: 'hasRole('ROLE_ADMIN')', filter: 'null', filterTarget: 'null']]
06:28:14.474 [main] DEBUG o.s.aop.framework.CglibAopProxy - Unable to apply any optimisations to advised method: public java.lang.String edu.ncsu.csc.itrust2.controllers.admin.AdminUserController.addUser(org.springframework.ui.Model)
06:28:14.474 [main] DEBUG o.s.aop.framework.CglibAopProxy - Found 'equals' method: public boolean java.lang.Object.equals(java.lang.Object)
06:28:14.474 [main] DEBUG o.s.aop.framework.CglibAopProxy - Unable to apply any optimisations to advised method: public java.lang.String java.lang.Object.toString()
06:28:14.474 [main] DEBUG o.s.aop.framework.CglibAopProxy - Found 'hashCode' method: public native int java.lang.Object.hashCode()
06:28:14.474 [main] DEBUG o.s.aop.framework.CglibAopProxy - Unable to apply any optimisations to advised method: protected native java.lang.Object java.lang.Object.clone() throws java.lang.CloneNotSupportedException
06:28:14.474 [main] DEBUG o.s.aop.framework.CglibAopProxy - Method is declared on Advised interface: public abstract boolean org.springframework.aop.framework.Advised.removeAdvice(org.aopalliance.aop.Advice)
06:28:14.474 [main] DEBUG o.s.aop.framework.CglibAopProxy - Method is declared on Advised interface: public abstract java.lang.String org.springframework.aop.framework.Advised.toProxyConfigString()
06:28:14.474 [main] DEBUG o.s.aop.framework.CglibAopProxy - Method is declared on Advised interface: public abstract void org.springframework.aop.framework.Advised.addAdvice(org.aopalliance.aop.Advice) throws org.springframework.aop.framework.AopConfigException
06:28:14.474 [main] DEBUG o.s.aop.framework.CglibAopProxy - Method is declared on Advised interface: public abstract void org.springframework.aop.framework.Advised.addAdvice(int,org.aopalliance.aop.Advice) throws org.springframework.aop.framework.AopConfigException
06:28:14.474 [main] DEBUG o.s.aop.framework.CglibAopProxy - Method is declared on Advised interface: public abstract org.springframework.aop.TargetSource org.springframework.aop.framework.Advised.getTargetSource()
06:28:14.474 [main] DEBUG o.s.aop.framework.CglibAopProxy - Method is declared on Advised interface: public abstract boolean org.springframework.aop.framework.Advised.isProxyTargetClass()
06:28:14.474 [main] DEBUG o.s.aop.framework.CglibAopProxy - Method is declared on Advised interface: public abstract void org.springframework.aop.framework.Advised.addAdvisor(org.springframework.aop.Advisor) throws org.springframework.aop.framework.AopConfigException
06:28:14.474 [main] DEBUG o.s.aop.framework.CglibAopProxy - Method is declared on Advised interface: public abstract void org.springframework.aop.framework.Advised.addAdvisor(int,org.springframework.aop.Advisor) throws org.springframework.aop.framework.AopConfigException
06:28:14.475 [main] DEBUG o.s.aop.framework.CglibAopProxy - Method is declared on Advised interface: public abstract void org.springframework.aop.framework.Advised.setPreFiltered(boolean)
06:28:14.475 [main] DEBUG o.s.aop.framework.CglibAopProxy - Method is declared on Advised interface: public abstract void org.springframework.aop.framework.Advised.setExposeProxy(boolean)
06:28:14.475 [main] DEBUG o.s.aop.framework.CglibAopProxy - Method is declared on Advised interface: public abstract boolean org.springframework.aop.framework.Advised.isExposeProxy()
06:28:14.475 [main] DEBUG o.s.aop.framework.CglibAopProxy - Method is declared on Advised interface: public abstract void org.springframework.aop.framework.Advised.setTargetSource(org.springframework.aop.TargetSource)
06:28:14.475 [main] DEBUG o.s.aop.framework.CglibAopProxy - Method is declared on Advised interface: public abstract boolean org.springframework.aop.framework.Advised.isPreFiltered()
06:28:14.475 [main] DEBUG o.s.aop.framework.CglibAopProxy - Method is declared on Advised interface: public abstract java.lang.Class[] org.springframework.aop.framework.Advised.getProxiedInterfaces()
06:28:14.475 [main] DEBUG o.s.aop.framework.CglibAopProxy - Method is declared on Advised interface: public abstract boolean org.springframework.aop.framework.Advised.isInterfaceProxied(java.lang.Class)
06:28:14.475 [main] DEBUG o.s.aop.framework.CglibAopProxy - Method is declared on Advised interface: public abstract org.springframework.aop.Advisor[] org.springframework.aop.framework.Advised.getAdvisors()
06:28:14.475 [main] DEBUG o.s.aop.framework.CglibAopProxy - Method is declared on Advised interface: public abstract void org.springframework.aop.framework.Advised.removeAdvisor(int) throws org.springframework.aop.framework.AopConfigException
06:28:14.475 [main] DEBUG o.s.aop.framework.CglibAopProxy - Method is declared on Advised interface: public abstract boolean org.springframework.aop.framework.Advised.removeAdvisor(org.springframework.aop.Advisor)
06:28:14.475 [main] DEBUG o.s.aop.framework.CglibAopProxy - Method is declared on Advised interface: public abstract boolean org.springframework.aop.framework.Advised.replaceAdvisor(org.springframework.aop.Advisor,org.springframework.aop.Advisor) throws org.springframework.aop.framework.AopConfigException
06:28:14.475 [main] DEBUG o.s.aop.framework.CglibAopProxy - Method is declared on Advised interface: public abstract int org.springframework.aop.framework.Advised.indexOf(org.aopalliance.aop.Advice)
06:28:14.475 [main] DEBUG o.s.aop.framework.CglibAopProxy - Method is declared on Advised interface: public abstract int org.springframework.aop.framework.Advised.indexOf(org.springframework.aop.Advisor)
06:28:14.475 [main] DEBUG o.s.aop.framework.CglibAopProxy - Method is declared on Advised interface: public abstract boolean org.springframework.aop.framework.Advised.isFrozen()
06:28:14.475 [main] DEBUG o.s.aop.framework.CglibAopProxy - Method is declared on Advised interface: public abstract java.lang.Class org.springframework.aop.TargetClassAware.getTargetClass()
06:28:14.481 [main] DEBUG o.s.b.f.s.DefaultListableBeanFactory - Finished creating instance of bean 'adminUserController'
06:28:14.481 [main] DEBUG o.s.b.f.s.DefaultListableBeanFactory - Creating shared instance of singleton bean 'hospitalController'
06:28:14.481 [main] DEBUG o.s.b.f.s.DefaultListableBeanFactory - Creating instance of bean 'hospitalController'
06:28:14.481 [main] DEBUG o.s.b.f.s.DefaultListableBeanFactory - Eagerly caching bean 'hospitalController' to allow for resolving potential circular references
06:28:14.481 [main] DEBUG o.s.b.f.s.DefaultListableBeanFactory - Returning cached instance of singleton bean 'metaDataSourceAdvisor'
06:28:14.481 [main] DEBUG o.s.s.a.p.PrePostAnnotationSecurityMetadataSource - @org.springframework.security.access.prepost.PreAuthorize(value=hasRole('ROLE_ADMIN')) found on specific method: public java.lang.String edu.ncsu.csc.itrust2.controllers.admin.HospitalController.addHospitalSubmit(edu.ncsu.csc.itrust2.forms.admin.HospitalForm,org.springframework.validation.BindingResult,org.springframework.ui.Model)
06:28:14.482 [main] DEBUG o.s.s.a.m.DelegatingMethodSecurityMetadataSource - Caching method [CacheKey[edu.ncsu.csc.itrust2.controllers.admin.HospitalController; public java.lang.String edu.ncsu.csc.itrust2.controllers.admin.HospitalController.addHospitalSubmit(edu.ncsu.csc.itrust2.forms.admin.HospitalForm,org.springframework.validation.BindingResult,org.springframework.ui.Model)]] with attributes [[authorize: 'hasRole('ROLE_ADMIN')', filter: 'null', filterTarget: 'null']]
06:28:14.482 [main] DEBUG o.s.a.f.a.InfrastructureAdvisorAutoProxyCreator - Creating implicit proxy for bean 'hospitalController' with 0 common interceptors and 1 specific interceptors
06:28:14.482 [main] DEBUG o.s.aop.framework.CglibAopProxy - Creating CGLIB proxy: target source is SingletonTargetSource for target object [edu.ncsu.csc.itrust2.controllers.admin.HospitalController@24411276]
06:28:14.482 [main] DEBUG o.s.aop.framework.CglibAopProxy - Unable to apply any optimisations to advised method: public java.lang.String edu.ncsu.csc.itrust2.controllers.admin.HospitalController.addHospitalSubmit(edu.ncsu.csc.itrust2.forms.admin.HospitalForm,org.springframework.validation.BindingResult,org.springframework.ui.Model)
06:28:14.482 [main] DEBUG o.s.s.a.p.PrePostAnnotationSecurityMetadataSource - @org.springframework.security.access.prepost.PreAuthorize(value=hasRole('ROLE_ADMIN')) found on specific method: public java.lang.String edu.ncsu.csc.itrust2.controllers.admin.HospitalController.deleteHospital(org.springframework.ui.Model)
06:28:14.482 [main] DEBUG o.s.s.a.m.DelegatingMethodSecurityMetadataSource - Caching method [CacheKey[edu.ncsu.csc.itrust2.controllers.admin.HospitalController; public java.lang.String edu.ncsu.csc.itrust2.controllers.admin.HospitalController.deleteHospital(org.springframework.ui.Model)]] with attributes [[authorize: 'hasRole('ROLE_ADMIN')', filter: 'null', filterTarget: 'null']]
06:28:14.482 [main] DEBUG o.s.aop.framework.CglibAopProxy - Unable to apply any optimisations to advised method: public java.lang.String edu.ncsu.csc.itrust2.controllers.admin.HospitalController.deleteHospital(org.springframework.ui.Model)
06:28:14.482 [main] DEBUG o.s.s.a.p.PrePostAnnotationSecurityMetadataSource - @org.springframework.security.access.prepost.PreAuthorize(value=hasRole('ROLE_ADMIN')) found on specific method: public java.lang.String edu.ncsu.csc.itrust2.controllers.admin.HospitalController.deleteHospitalSubmit(edu.ncsu.csc.itrust2.forms.admin.DeleteHospitalForm,org.springframework.validation.BindingResult,org.springframework.ui.Model)
06:28:14.483 [main] DEBUG o.s.s.a.m.DelegatingMethodSecurityMetadataSource - Caching method [CacheKey[edu.ncsu.csc.itrust2.controllers.admin.HospitalController; public java.lang.String edu.ncsu.csc.itrust2.controllers.admin.HospitalController.deleteHospitalSubmit(edu.ncsu.csc.itrust2.forms.admin.DeleteHospitalForm,org.springframework.validation.BindingResult,org.springframework.ui.Model)]] with attributes [[authorize: 'hasRole('ROLE_ADMIN')', filter: 'null', filterTarget: 'null']]
06:28:14.483 [main] DEBUG o.s.aop.framework.CglibAopProxy - Unable to apply any optimisations to advised method: public java.lang.String edu.ncsu.csc.itrust2.controllers.admin.HospitalController.deleteHospitalSubmit(edu.ncsu.csc.itrust2.forms.admin.DeleteHospitalForm,org.springframework.validation.BindingResult,org.springframework.ui.Model)
06:28:14.483 [main] DEBUG o.s.s.a.p.PrePostAnnotationSecurityMetadataSource - @org.springframework.security.access.prepost.PreAuthorize(value=hasRole('ROLE_ADMIN')) found on specific method: public java.lang.String edu.ncsu.csc.itrust2.controllers.admin.HospitalController.addHospital(org.springframework.ui.Model)
06:28:14.483 [main] DEBUG o.s.s.a.m.DelegatingMethodSecurityMetadataSource - Caching method [CacheKey[edu.ncsu.csc.itrust2.controllers.admin.HospitalController; public java.lang.String edu.ncsu.csc.itrust2.controllers.admin.HospitalController.addHospital(org.springframework.ui.Model)]] with attributes [[authorize: 'hasRole('ROLE_ADMIN')', filter: 'null', filterTarget: 'null']]
06:28:14.483 [main] DEBUG o.s.aop.framework.CglibAopProxy - Unable to apply any optimisations to advised method: public java.lang.String edu.ncsu.csc.itrust2.controllers.admin.HospitalController.addHospital(org.springframework.ui.Model)
06:28:14.483 [main] DEBUG o.s.aop.framework.CglibAopProxy - Found 'equals' method: public boolean java.lang.Object.equals(java.lang.Object)
06:28:14.483 [main] DEBUG o.s.aop.framework.CglibAopProxy - Unable to apply any optimisations to advised method: public java.lang.String java.lang.Object.toString()
06:28:14.483 [main] DEBUG o.s.aop.framework.CglibAopProxy - Found 'hashCode' method: public native int java.lang.Object.hashCode()
06:28:14.483 [main] DEBUG o.s.aop.framework.CglibAopProxy - Unable to apply any optimisations to advised method: protected native java.lang.Object java.lang.Object.clone() throws java.lang.CloneNotSupportedException
06:28:14.483 [main] DEBUG o.s.aop.framework.CglibAopProxy - Method is declared on Advised interface: public abstract boolean org.springframework.aop.framework.Advised.removeAdvice(org.aopalliance.aop.Advice)
06:28:14.483 [main] DEBUG o.s.aop.framework.CglibAopProxy - Method is declared on Advised interface: public abstract java.lang.String org.springframework.aop.framework.Advised.toProxyConfigString()
06:28:14.483 [main] DEBUG o.s.aop.framework.CglibAopProxy - Method is declared on Advised interface: public abstract void org.springframework.aop.framework.Advised.addAdvice(org.aopalliance.aop.Advice) throws org.springframework.aop.framework.AopConfigException
06:28:14.483 [main] DEBUG o.s.aop.framework.CglibAopProxy - Method is declared on Advised interface: public abstract void org.springframework.aop.framework.Advised.addAdvice(int,org.aopalliance.aop.Advice) throws org.springframework.aop.framework.AopConfigException
06:28:14.483 [main] DEBUG o.s.aop.framework.CglibAopProxy - Method is declared on Advised interface: public abstract org.springframework.aop.TargetSource org.springframework.aop.framework.Advised.getTargetSource()
06:28:14.483 [main] DEBUG o.s.aop.framework.CglibAopProxy - Method is declared on Advised interface: public abstract boolean org.springframework.aop.framework.Advised.isProxyTargetClass()
06:28:14.483 [main] DEBUG o.s.aop.framework.CglibAopProxy - Method is declared on Advised interface: public abstract void org.springframework.aop.framework.Advised.addAdvisor(org.springframework.aop.Advisor) throws org.springframework.aop.framework.AopConfigException
06:28:14.483 [main] DEBUG o.s.aop.framework.CglibAopProxy - Method is declared on Advised interface: public abstract void org.springframework.aop.framework.Advised.addAdvisor(int,org.springframework.aop.Advisor) throws org.springframework.aop.framework.AopConfigException
06:28:14.483 [main] DEBUG o.s.aop.framework.CglibAopProxy - Method is declared on Advised interface: public abstract void org.springframework.aop.framework.Advised.setPreFiltered(boolean)
06:28:14.483 [main] DEBUG o.s.aop.framework.CglibAopProxy - Method is declared on Advised interface: public abstract void org.springframework.aop.framework.Advised.setExposeProxy(boolean)
06:28:14.483 [main] DEBUG o.s.aop.framework.CglibAopProxy - Method is declared on Advised interface: public abstract boolean org.springframework.aop.framework.Advised.isExposeProxy()
06:28:14.483 [main] DEBUG o.s.aop.framework.CglibAopProxy - Method is declared on Advised interface: public abstract void org.springframework.aop.framework.Advised.setTargetSource(org.springframework.aop.TargetSource)
06:28:14.483 [main] DEBUG o.s.aop.framework.CglibAopProxy - Method is declared on Advised interface: public abstract boolean org.springframework.aop.framework.Advised.isPreFiltered()
06:28:14.483 [main] DEBUG o.s.aop.framework.CglibAopProxy - Method is declared on Advised interface: public abstract java.lang.Class[] org.springframework.aop.framework.Advised.getProxiedInterfaces()
06:28:14.483 [main] DEBUG o.s.aop.framework.CglibAopProxy - Method is declared on Advised interface: public abstract boolean org.springframework.aop.framework.Advised.isInterfaceProxied(java.lang.Class)
06:28:14.483 [main] DEBUG o.s.aop.framework.CglibAopProxy - Method is declared on Advised interface: public abstract org.springframework.aop.Advisor[] org.springframework.aop.framework.Advised.getAdvisors()
06:28:14.483 [main] DEBUG o.s.aop.framework.CglibAopProxy - Method is declared on Advised interface: public abstract void org.springframework.aop.framework.Advised.removeAdvisor(int) throws org.springframework.aop.framework.AopConfigException
06:28:14.483 [main] DEBUG o.s.aop.framework.CglibAopProxy - Method is declared on Advised interface: public abstract boolean org.springframework.aop.framework.Advised.removeAdvisor(org.springframework.aop.Advisor)
06:28:14.483 [main] DEBUG o.s.aop.framework.CglibAopProxy - Method is declared on Advised interface: public abstract boolean org.springframework.aop.framework.Advised.replaceAdvisor(org.springframework.aop.Advisor,org.springframework.aop.Advisor) throws org.springframework.aop.framework.AopConfigException
06:28:14.483 [main] DEBUG o.s.aop.framework.CglibAopProxy - Method is declared on Advised interface: public abstract int org.springframework.aop.framework.Advised.indexOf(org.aopalliance.aop.Advice)
06:28:14.483 [main] DEBUG o.s.aop.framework.CglibAopProxy - Method is declared on Advised interface: public abstract int org.springframework.aop.framework.Advised.indexOf(org.springframework.aop.Advisor)
06:28:14.483 [main] DEBUG o.s.aop.framework.CglibAopProxy - Method is declared on Advised interface: public abstract boolean org.springframework.aop.framework.Advised.isFrozen()
06:28:14.483 [main] DEBUG o.s.aop.framework.CglibAopProxy - Method is declared on Advised interface: public abstract java.lang.Class org.springframework.aop.TargetClassAware.getTargetClass()
06:28:14.489 [main] DEBUG o.s.b.f.s.DefaultListableBeanFactory - Finished creating instance of bean 'hospitalController'
06:28:14.489 [main] DEBUG o.s.b.f.s.DefaultListableBeanFactory - Creating shared instance of singleton bean 'ICDCodesController'
06:28:14.489 [main] DEBUG o.s.b.f.s.DefaultListableBeanFactory - Creating instance of bean 'ICDCodesController'
06:28:14.489 [main] DEBUG o.s.b.f.s.DefaultListableBeanFactory - Eagerly caching bean 'ICDCodesController' to allow for resolving potential circular references
06:28:14.489 [main] DEBUG o.s.b.f.s.DefaultListableBeanFactory - Returning cached instance of singleton bean 'metaDataSourceAdvisor'
06:28:14.489 [main] DEBUG o.s.s.a.p.PrePostAnnotationSecurityMetadataSource - @org.springframework.security.access.prepost.PreAuthorize(value=hasRole('ROLE_ADMIN')) found on specific method: public java.lang.String edu.ncsu.csc.itrust2.controllers.admin.ICDCodesController.addCode(org.springframework.ui.Model)
06:28:14.490 [main] DEBUG o.s.s.a.m.DelegatingMethodSecurityMetadataSource - Caching method [CacheKey[edu.ncsu.csc.itrust2.controllers.admin.ICDCodesController; public java.lang.String edu.ncsu.csc.itrust2.controllers.admin.ICDCodesController.addCode(org.springframework.ui.Model)]] with attributes [[authorize: 'hasRole('ROLE_ADMIN')', filter: 'null', filterTarget: 'null']]
06:28:14.490 [main] DEBUG o.s.a.f.a.InfrastructureAdvisorAutoProxyCreator - Creating implicit proxy for bean 'ICDCodesController' with 0 common interceptors and 1 specific interceptors
06:28:14.490 [main] DEBUG o.s.aop.framework.CglibAopProxy - Creating CGLIB proxy: target source is SingletonTargetSource for target object [edu.ncsu.csc.itrust2.controllers.admin.ICDCodesController@a5351ad]
06:28:14.490 [main] DEBUG o.s.aop.framework.CglibAopProxy - Unable to apply any optimisations to advised method: public java.lang.String edu.ncsu.csc.itrust2.controllers.admin.ICDCodesController.addCode(org.springframework.ui.Model)
06:28:14.490 [main] DEBUG o.s.aop.framework.CglibAopProxy - Found 'equals' method: public boolean java.lang.Object.equals(java.lang.Object)
06:28:14.490 [main] DEBUG o.s.aop.framework.CglibAopProxy - Unable to apply any optimisations to advised method: public java.lang.String java.lang.Object.toString()
06:28:14.490 [main] DEBUG o.s.aop.framework.CglibAopProxy - Found 'hashCode' method: public native int java.lang.Object.hashCode()
06:28:14.490 [main] DEBUG o.s.aop.framework.CglibAopProxy - Unable to apply any optimisations to advised method: protected native java.lang.Object java.lang.Object.clone() throws java.lang.CloneNotSupportedException
06:28:14.490 [main] DEBUG o.s.aop.framework.CglibAopProxy - Method is declared on Advised interface: public abstract boolean org.springframework.aop.framework.Advised.removeAdvice(org.aopalliance.aop.Advice)
06:28:14.490 [main] DEBUG o.s.aop.framework.CglibAopProxy - Method is declared on Advised interface: public abstract java.lang.String org.springframework.aop.framework.Advised.toProxyConfigString()
06:28:14.490 [main] DEBUG o.s.aop.framework.CglibAopProxy - Method is declared on Advised interface: public abstract void org.springframework.aop.framework.Advised.addAdvice(org.aopalliance.aop.Advice) throws org.springframework.aop.framework.AopConfigException
06:28:14.490 [main] DEBUG o.s.aop.framework.CglibAopProxy - Method is declared on Advised interface: public abstract void org.springframework.aop.framework.Advised.addAdvice(int,org.aopalliance.aop.Advice) throws org.springframework.aop.framework.AopConfigException
06:28:14.490 [main] DEBUG o.s.aop.framework.CglibAopProxy - Method is declared on Advised interface: public abstract org.springframework.aop.TargetSource org.springframework.aop.framework.Advised.getTargetSource()
06:28:14.490 [main] DEBUG o.s.aop.framework.CglibAopProxy - Method is declared on Advised interface: public abstract boolean org.springframework.aop.framework.Advised.isProxyTargetClass()
06:28:14.490 [main] DEBUG o.s.aop.framework.CglibAopProxy - Method is declared on Advised interface: public abstract void org.springframework.aop.framework.Advised.addAdvisor(org.springframework.aop.Advisor) throws org.springframework.aop.framework.AopConfigException
06:28:14.490 [main] DEBUG o.s.aop.framework.CglibAopProxy - Method is declared on Advised interface: public abstract void org.springframework.aop.framework.Advised.addAdvisor(int,org.springframework.aop.Advisor) throws org.springframework.aop.framework.AopConfigException
06:28:14.490 [main] DEBUG o.s.aop.framework.CglibAopProxy - Method is declared on Advised interface: public abstract void org.springframework.aop.framework.Advised.setPreFiltered(boolean)
06:28:14.490 [main] DEBUG o.s.aop.framework.CglibAopProxy - Method is declared on Advised interface: public abstract void org.springframework.aop.framework.Advised.setExposeProxy(boolean)
06:28:14.490 [main] DEBUG o.s.aop.framework.CglibAopProxy - Method is declared on Advised interface: public abstract boolean org.springframework.aop.framework.Advised.isExposeProxy()
06:28:14.491 [main] DEBUG o.s.aop.framework.CglibAopProxy - Method is declared on Advised interface: public abstract void org.springframework.aop.framework.Advised.setTargetSource(org.springframework.aop.TargetSource)
06:28:14.491 [main] DEBUG o.s.aop.framework.CglibAopProxy - Method is declared on Advised interface: public abstract boolean org.springframework.aop.framework.Advised.isPreFiltered()
06:28:14.491 [main] DEBUG o.s.aop.framework.CglibAopProxy - Method is declared on Advised interface: public abstract java.lang.Class[] org.springframework.aop.framework.Advised.getProxiedInterfaces()
06:28:14.491 [main] DEBUG o.s.aop.framework.CglibAopProxy - Method is declared on Advised interface: public abstract boolean org.springframework.aop.framework.Advised.isInterfaceProxied(java.lang.Class)
06:28:14.491 [main] DEBUG o.s.aop.framework.CglibAopProxy - Method is declared on Advised interface: public abstract org.springframework.aop.Advisor[] org.springframework.aop.framework.Advised.getAdvisors()
06:28:14.491 [main] DEBUG o.s.aop.framework.CglibAopProxy - Method is declared on Advised interface: public abstract void org.springframework.aop.framework.Advised.removeAdvisor(int) throws org.springframework.aop.framework.AopConfigException
06:28:14.491 [main] DEBUG o.s.aop.framework.CglibAopProxy - Method is declared on Advised interface: public abstract boolean org.springframework.aop.framework.Advised.removeAdvisor(org.springframework.aop.Advisor)
06:28:14.491 [main] DEBUG o.s.aop.framework.CglibAopProxy - Method is declared on Advised interface: public abstract boolean org.springframework.aop.framework.Advised.replaceAdvisor(org.springframework.aop.Advisor,org.springframework.aop.Advisor) throws org.springframework.aop.framework.AopConfigException
06:28:14.491 [main] DEBUG o.s.aop.framework.CglibAopProxy - Method is declared on Advised interface: public abstract int org.springframework.aop.framework.Advised.indexOf(org.aopalliance.aop.Advice)
06:28:14.491 [main] DEBUG o.s.aop.framework.CglibAopProxy - Method is declared on Advised interface: public abstract int org.springframework.aop.framework.Advised.indexOf(org.springframework.aop.Advisor)
06:28:14.491 [main] DEBUG o.s.aop.framework.CglibAopProxy - Method is declared on Advised interface: public abstract boolean org.springframework.aop.framework.Advised.isFrozen()
06:28:14.491 [main] DEBUG o.s.aop.framework.CglibAopProxy - Method is declared on Advised interface: public abstract java.lang.Class org.springframework.aop.TargetClassAware.getTargetClass()
06:28:14.496 [main] DEBUG o.s.b.f.s.DefaultListableBeanFactory - Finished creating instance of bean 'ICDCodesController'
06:28:14.496 [main] DEBUG o.s.b.f.s.DefaultListableBeanFactory - Creating shared instance of singleton bean 'APIAppointmentRequestController'
06:28:14.496 [main] DEBUG o.s.b.f.s.DefaultListableBeanFactory - Creating instance of bean 'APIAppointmentRequestController'
06:28:14.496 [main] DEBUG o.s.b.f.s.DefaultListableBeanFactory - Eagerly caching bean 'APIAppointmentRequestController' to allow for resolving potential circular references
06:28:14.496 [main] DEBUG o.s.b.f.s.DefaultListableBeanFactory - Returning cached instance of singleton bean 'metaDataSourceAdvisor'
06:28:14.497 [main] DEBUG o.s.b.f.s.DefaultListableBeanFactory - Finished creating instance of bean 'APIAppointmentRequestController'
06:28:14.497 [main] DEBUG o.s.b.f.s.DefaultListableBeanFactory - Creating shared instance of singleton bean 'APIDiagnosisController'
06:28:14.497 [main] DEBUG o.s.b.f.s.DefaultListableBeanFactory - Creating instance of bean 'APIDiagnosisController'
06:28:14.497 [main] DEBUG o.s.b.f.s.DefaultListableBeanFactory - Eagerly caching bean 'APIDiagnosisController' to allow for resolving potential circular references
06:28:14.497 [main] DEBUG o.s.b.f.s.DefaultListableBeanFactory - Returning cached instance of singleton bean 'metaDataSourceAdvisor'
06:28:14.497 [main] DEBUG o.s.b.f.s.DefaultListableBeanFactory - Finished creating instance of bean 'APIDiagnosisController'
06:28:14.497 [main] DEBUG o.s.b.f.s.DefaultListableBeanFactory - Creating shared instance of singleton bean 'APIDrugController'
06:28:14.497 [main] DEBUG o.s.b.f.s.DefaultListableBeanFactory - Creating instance of bean 'APIDrugController'
06:28:14.498 [main] DEBUG o.s.b.f.s.DefaultListableBeanFactory - Eagerly caching bean 'APIDrugController' to allow for resolving potential circular references
06:28:14.498 [main] DEBUG o.s.b.f.s.DefaultListableBeanFactory - Returning cached instance of singleton bean 'metaDataSourceAdvisor'
06:28:14.498 [main] DEBUG o.s.s.a.p.PrePostAnnotationSecurityMetadataSource - @org.springframework.security.access.prepost.PreAuthorize(value=hasRole('ROLE_ADMIN')) found on specific method: public org.springframework.http.ResponseEntity edu.ncsu.csc.itrust2.controllers.api.APIDrugController.addDrug(edu.ncsu.csc.itrust2.forms.admin.DrugForm)
06:28:14.498 [main] DEBUG o.s.s.a.m.DelegatingMethodSecurityMetadataSource - Caching method [CacheKey[edu.ncsu.csc.itrust2.controllers.api.APIDrugController; public org.springframework.http.ResponseEntity edu.ncsu.csc.itrust2.controllers.api.APIDrugController.addDrug(edu.ncsu.csc.itrust2.forms.admin.DrugForm)]] with attributes [[authorize: 'hasRole('ROLE_ADMIN')', filter: 'null', filterTarget: 'null']]
06:28:14.498 [main] DEBUG o.s.a.f.a.InfrastructureAdvisorAutoProxyCreator - Creating implicit proxy for bean 'APIDrugController' with 0 common interceptors and 1 specific interceptors
06:28:14.498 [main] DEBUG o.s.aop.framework.CglibAopProxy - Creating CGLIB proxy: target source is SingletonTargetSource for target object [edu.ncsu.csc.itrust2.controllers.api.APIDrugController@47e62d13]
06:28:14.499 [main] DEBUG o.s.aop.framework.CglibAopProxy - Unable to apply any optimisations to advised method: public org.springframework.http.ResponseEntity edu.ncsu.csc.itrust2.controllers.api.APIDrugController.addDrug(edu.ncsu.csc.itrust2.forms.admin.DrugForm)
06:28:14.499 [main] DEBUG o.s.s.a.p.PrePostAnnotationSecurityMetadataSource - @org.springframework.security.access.prepost.PreAuthorize(value=hasRole('ROLE_ADMIN')) found on specific method: public org.springframework.http.ResponseEntity edu.ncsu.csc.itrust2.controllers.api.APIDrugController.editDrug(edu.ncsu.csc.itrust2.forms.admin.DrugForm)
06:28:14.499 [main] DEBUG o.s.s.a.m.DelegatingMethodSecurityMetadataSource - Caching method [CacheKey[edu.ncsu.csc.itrust2.controllers.api.APIDrugController; public org.springframework.http.ResponseEntity edu.ncsu.csc.itrust2.controllers.api.APIDrugController.editDrug(edu.ncsu.csc.itrust2.forms.admin.DrugForm)]] with attributes [[authorize: 'hasRole('ROLE_ADMIN')', filter: 'null', filterTarget: 'null']]
06:28:14.499 [main] DEBUG o.s.aop.framework.CglibAopProxy - Unable to apply any optimisations to advised method: public org.springframework.http.ResponseEntity edu.ncsu.csc.itrust2.controllers.api.APIDrugController.editDrug(edu.ncsu.csc.itrust2.forms.admin.DrugForm)
06:28:14.499 [main] DEBUG o.s.s.a.p.PrePostAnnotationSecurityMetadataSource - @org.springframework.security.access.prepost.PreAuthorize(value=hasRole('ROLE_ADMIN')) found on specific method: public org.springframework.http.ResponseEntity edu.ncsu.csc.itrust2.controllers.api.APIDrugController.deleteDrug(java.lang.String)
06:28:14.499 [main] DEBUG o.s.s.a.m.DelegatingMethodSecurityMetadataSource - Caching method [CacheKey[edu.ncsu.csc.itrust2.controllers.api.APIDrugController; public org.springframework.http.ResponseEntity edu.ncsu.csc.itrust2.controllers.api.APIDrugController.deleteDrug(java.lang.String)]] with attributes [[authorize: 'hasRole('ROLE_ADMIN')', filter: 'null', filterTarget: 'null']]
06:28:14.499 [main] DEBUG o.s.aop.framework.CglibAopProxy - Unable to apply any optimisations to advised method: public org.springframework.http.ResponseEntity edu.ncsu.csc.itrust2.controllers.api.APIDrugController.deleteDrug(java.lang.String)
06:28:14.499 [main] DEBUG o.s.aop.framework.CglibAopProxy - Unable to apply any optimisations to advised method: public java.util.List edu.ncsu.csc.itrust2.controllers.api.APIDrugController.getDrugs()
06:28:14.499 [main] DEBUG o.s.aop.framework.CglibAopProxy - Found 'equals' method: public boolean java.lang.Object.equals(java.lang.Object)
06:28:14.499 [main] DEBUG o.s.aop.framework.CglibAopProxy - Unable to apply any optimisations to advised method: public java.lang.String java.lang.Object.toString()
06:28:14.499 [main] DEBUG o.s.aop.framework.CglibAopProxy - Found 'hashCode' method: public native int java.lang.Object.hashCode()
06:28:14.499 [main] DEBUG o.s.aop.framework.CglibAopProxy - Unable to apply any optimisations to advised method: protected native java.lang.Object java.lang.Object.clone() throws java.lang.CloneNotSupportedException
06:28:14.499 [main] DEBUG o.s.aop.framework.CglibAopProxy - Method is declared on Advised interface: public abstract boolean org.springframework.aop.framework.Advised.removeAdvice(org.aopalliance.aop.Advice)
06:28:14.499 [main] DEBUG o.s.aop.framework.CglibAopProxy - Method is declared on Advised interface: public abstract java.lang.String org.springframework.aop.framework.Advised.toProxyConfigString()
06:28:14.499 [main] DEBUG o.s.aop.framework.CglibAopProxy - Method is declared on Advised interface: public abstract void org.springframework.aop.framework.Advised.addAdvice(org.aopalliance.aop.Advice) throws org.springframework.aop.framework.AopConfigException
06:28:14.499 [main] DEBUG o.s.aop.framework.CglibAopProxy - Method is declared on Advised interface: public abstract void org.springframework.aop.framework.Advised.addAdvice(int,org.aopalliance.aop.Advice) throws org.springframework.aop.framework.AopConfigException
06:28:14.499 [main] DEBUG o.s.aop.framework.CglibAopProxy - Method is declared on Advised interface: public abstract org.springframework.aop.TargetSource org.springframework.aop.framework.Advised.getTargetSource()
06:28:14.499 [main] DEBUG o.s.aop.framework.CglibAopProxy - Method is declared on Advised interface: public abstract boolean org.springframework.aop.framework.Advised.isProxyTargetClass()
06:28:14.499 [main] DEBUG o.s.aop.framework.CglibAopProxy - Method is declared on Advised interface: public abstract void org.springframework.aop.framework.Advised.addAdvisor(org.springframework.aop.Advisor) throws org.springframework.aop.framework.AopConfigException
06:28:14.499 [main] DEBUG o.s.aop.framework.CglibAopProxy - Method is declared on Advised interface: public abstract void org.springframework.aop.framework.Advised.addAdvisor(int,org.springframework.aop.Advisor) throws org.springframework.aop.framework.AopConfigException
06:28:14.499 [main] DEBUG o.s.aop.framework.CglibAopProxy - Method is declared on Advised interface: public abstract void org.springframework.aop.framework.Advised.setPreFiltered(boolean)
06:28:14.499 [main] DEBUG o.s.aop.framework.CglibAopProxy - Method is declared on Advised interface: public abstract void org.springframework.aop.framework.Advised.setExposeProxy(boolean)
06:28:14.499 [main] DEBUG o.s.aop.framework.CglibAopProxy - Method is declared on Advised interface: public abstract boolean org.springframework.aop.framework.Advised.isExposeProxy()
06:28:14.499 [main] DEBUG o.s.aop.framework.CglibAopProxy - Method is declared on Advised interface: public abstract void org.springframework.aop.framework.Advised.setTargetSource(org.springframework.aop.TargetSource)
06:28:14.499 [main] DEBUG o.s.aop.framework.CglibAopProxy - Method is declared on Advised interface: public abstract boolean org.springframework.aop.framework.Advised.isPreFiltered()
06:28:14.499 [main] DEBUG o.s.aop.framework.CglibAopProxy - Method is declared on Advised interface: public abstract java.lang.Class[] org.springframework.aop.framework.Advised.getProxiedInterfaces()
06:28:14.499 [main] DEBUG o.s.aop.framework.CglibAopProxy - Method is declared on Advised interface: public abstract boolean org.springframework.aop.framework.Advised.isInterfaceProxied(java.lang.Class)
06:28:14.499 [main] DEBUG o.s.aop.framework.CglibAopProxy - Method is declared on Advised interface: public abstract org.springframework.aop.Advisor[] org.springframework.aop.framework.Advised.getAdvisors()
06:28:14.500 [main] DEBUG o.s.aop.framework.CglibAopProxy - Method is declared on Advised interface: public abstract void org.springframework.aop.framework.Advised.removeAdvisor(int) throws org.springframework.aop.framework.AopConfigException
06:28:14.500 [main] DEBUG o.s.aop.framework.CglibAopProxy - Method is declared on Advised interface: public abstract boolean org.springframework.aop.framework.Advised.removeAdvisor(org.springframework.aop.Advisor)
06:28:14.500 [main] DEBUG o.s.aop.framework.CglibAopProxy - Method is declared on Advised interface: public abstract boolean org.springframework.aop.framework.Advised.replaceAdvisor(org.springframework.aop.Advisor,org.springframework.aop.Advisor) throws org.springframework.aop.framework.AopConfigException
06:28:14.500 [main] DEBUG o.s.aop.framework.CglibAopProxy - Method is declared on Advised interface: public abstract int org.springframework.aop.framework.Advised.indexOf(org.aopalliance.aop.Advice)
06:28:14.500 [main] DEBUG o.s.aop.framework.CglibAopProxy - Method is declared on Advised interface: public abstract int org.springframework.aop.framework.Advised.indexOf(org.springframework.aop.Advisor)
06:28:14.500 [main] DEBUG o.s.aop.framework.CglibAopProxy - Method is declared on Advised interface: public abstract boolean org.springframework.aop.framework.Advised.isFrozen()
06:28:14.500 [main] DEBUG o.s.aop.framework.CglibAopProxy - Method is declared on Advised interface: public abstract java.lang.Class org.springframework.aop.TargetClassAware.getTargetClass()
06:28:14.508 [main] DEBUG o.s.b.f.s.DefaultListableBeanFactory - Finished creating instance of bean 'APIDrugController'
06:28:14.509 [main] DEBUG o.s.b.f.s.DefaultListableBeanFactory - Creating shared instance of singleton bean 'APIEnumController'
06:28:14.509 [main] DEBUG o.s.b.f.s.DefaultListableBeanFactory - Creating instance of bean 'APIEnumController'
06:28:14.509 [main] DEBUG o.s.b.f.s.DefaultListableBeanFactory - Eagerly caching bean 'APIEnumController' to allow for resolving potential circular references
06:28:14.509 [main] DEBUG o.s.b.f.s.DefaultListableBeanFactory - Returning cached instance of singleton bean 'metaDataSourceAdvisor'
06:28:14.510 [main] DEBUG o.s.b.f.s.DefaultListableBeanFactory - Finished creating instance of bean 'APIEnumController'
06:28:14.511 [main] DEBUG o.s.b.f.s.DefaultListableBeanFactory - Creating shared instance of singleton bean 'APIHospitalController'
06:28:14.511 [main] DEBUG o.s.b.f.s.DefaultListableBeanFactory - Creating instance of bean 'APIHospitalController'
06:28:14.511 [main] DEBUG o.s.b.f.s.DefaultListableBeanFactory - Eagerly caching bean 'APIHospitalController' to allow for resolving potential circular references
06:28:14.511 [main] DEBUG o.s.b.f.s.DefaultListableBeanFactory - Returning cached instance of singleton bean 'metaDataSourceAdvisor'
06:28:14.512 [main] DEBUG o.s.b.f.s.DefaultListableBeanFactory - Finished creating instance of bean 'APIHospitalController'
06:28:14.512 [main] DEBUG o.s.b.f.s.DefaultListableBeanFactory - Creating shared instance of singleton bean 'APIICDCodeController'
06:28:14.512 [main] DEBUG o.s.b.f.s.DefaultListableBeanFactory - Creating instance of bean 'APIICDCodeController'
06:28:14.512 [main] DEBUG o.s.b.f.s.DefaultListableBeanFactory - Eagerly caching bean 'APIICDCodeController' to allow for resolving potential circular references
06:28:14.512 [main] DEBUG o.s.b.f.s.DefaultListableBeanFactory - Returning cached instance of singleton bean 'metaDataSourceAdvisor'
06:28:14.513 [main] DEBUG o.s.s.a.p.PrePostAnnotationSecurityMetadataSource - @org.springframework.security.access.prepost.PreAuthorize(value=hasRole('ROLE_ADMIN')) found on specific method: public org.springframework.http.ResponseEntity edu.ncsu.csc.itrust2.controllers.api.APIICDCodeController.addCode(edu.ncsu.csc.itrust2.forms.admin.ICDCodeForm)
06:28:14.513 [main] DEBUG o.s.s.a.m.DelegatingMethodSecurityMetadataSource - Caching method [CacheKey[edu.ncsu.csc.itrust2.controllers.api.APIICDCodeController; public org.springframework.http.ResponseEntity edu.ncsu.csc.itrust2.controllers.api.APIICDCodeController.addCode(edu.ncsu.csc.itrust2.forms.admin.ICDCodeForm)]] with attributes [[authorize: 'hasRole('ROLE_ADMIN')', filter: 'null', filterTarget: 'null']]
06:28:14.513 [main] DEBUG o.s.a.f.a.InfrastructureAdvisorAutoProxyCreator - Creating implicit proxy for bean 'APIICDCodeController' with 0 common interceptors and 1 specific interceptors
06:28:14.513 [main] DEBUG o.s.aop.framework.CglibAopProxy - Creating CGLIB proxy: target source is SingletonTargetSource for target object [edu.ncsu.csc.itrust2.controllers.api.APIICDCodeController@735c9572]
06:28:14.514 [main] DEBUG o.s.aop.framework.CglibAopProxy - Unable to apply any optimisations to advised method: public org.springframework.http.ResponseEntity edu.ncsu.csc.itrust2.controllers.api.APIICDCodeController.getCode(java.lang.Long)
06:28:14.514 [main] DEBUG o.s.aop.framework.CglibAopProxy - Unable to apply any optimisations to advised method: public org.springframework.http.ResponseEntity edu.ncsu.csc.itrust2.controllers.api.APIICDCodeController.addCode(edu.ncsu.csc.itrust2.forms.admin.ICDCodeForm)
06:28:14.514 [main] DEBUG o.s.aop.framework.CglibAopProxy - Unable to apply any optimisations to advised method: public java.util.List edu.ncsu.csc.itrust2.controllers.api.APIICDCodeController.getCodes()
06:28:14.514 [main] DEBUG o.s.s.a.p.PrePostAnnotationSecurityMetadataSource - @org.springframework.security.access.prepost.PreAuthorize(value=hasRole('ROLE_ADMIN')) found on specific method: public org.springframework.http.ResponseEntity edu.ncsu.csc.itrust2.controllers.api.APIICDCodeController.updateCode(java.lang.Long,edu.ncsu.csc.itrust2.forms.admin.ICDCodeForm)
06:28:14.514 [main] DEBUG o.s.s.a.m.DelegatingMethodSecurityMetadataSource - Caching method [CacheKey[edu.ncsu.csc.itrust2.controllers.api.APIICDCodeController; public org.springframework.http.ResponseEntity edu.ncsu.csc.itrust2.controllers.api.APIICDCodeController.updateCode(java.lang.Long,edu.ncsu.csc.itrust2.forms.admin.ICDCodeForm)]] with attributes [[authorize: 'hasRole('ROLE_ADMIN')', filter: 'null', filterTarget: 'null']]
06:28:14.514 [main] DEBUG o.s.aop.framework.CglibAopProxy - Unable to apply any optimisations to advised method: public org.springframework.http.ResponseEntity edu.ncsu.csc.itrust2.controllers.api.APIICDCodeController.updateCode(java.lang.Long,edu.ncsu.csc.itrust2.forms.admin.ICDCodeForm)
06:28:14.514 [main] DEBUG o.s.s.a.p.PrePostAnnotationSecurityMetadataSource - @org.springframework.security.access.prepost.PreAuthorize(value=hasRole('ROLE_ADMIN')) found on specific method: public org.springframework.http.ResponseEntity edu.ncsu.csc.itrust2.controllers.api.APIICDCodeController.deleteCode(java.lang.Long)
06:28:14.514 [main] DEBUG o.s.s.a.m.DelegatingMethodSecurityMetadataSource - Caching method [CacheKey[edu.ncsu.csc.itrust2.controllers.api.APIICDCodeController; public org.springframework.http.ResponseEntity edu.ncsu.csc.itrust2.controllers.api.APIICDCodeController.deleteCode(java.lang.Long)]] with attributes [[authorize: 'hasRole('ROLE_ADMIN')', filter: 'null', filterTarget: 'null']]
06:28:14.514 [main] DEBUG o.s.aop.framework.CglibAopProxy - Unable to apply any optimisations to advised method: public org.springframework.http.ResponseEntity edu.ncsu.csc.itrust2.controllers.api.APIICDCodeController.deleteCode(java.lang.Long)
06:28:14.514 [main] DEBUG o.s.aop.framework.CglibAopProxy - Found 'equals' method: public boolean java.lang.Object.equals(java.lang.Object)
06:28:14.514 [main] DEBUG o.s.aop.framework.CglibAopProxy - Unable to apply any optimisations to advised method: public java.lang.String java.lang.Object.toString()
06:28:14.514 [main] DEBUG o.s.aop.framework.CglibAopProxy - Found 'hashCode' method: public native int java.lang.Object.hashCode()
06:28:14.514 [main] DEBUG o.s.aop.framework.CglibAopProxy - Unable to apply any optimisations to advised method: protected native java.lang.Object java.lang.Object.clone() throws java.lang.CloneNotSupportedException
06:28:14.514 [main] DEBUG o.s.aop.framework.CglibAopProxy - Method is declared on Advised interface: public abstract boolean org.springframework.aop.framework.Advised.removeAdvice(org.aopalliance.aop.Advice)
06:28:14.515 [main] DEBUG o.s.aop.framework.CglibAopProxy - Method is declared on Advised interface: public abstract java.lang.String org.springframework.aop.framework.Advised.toProxyConfigString()
06:28:14.515 [main] DEBUG o.s.aop.framework.CglibAopProxy - Method is declared on Advised interface: public abstract void org.springframework.aop.framework.Advised.addAdvice(org.aopalliance.aop.Advice) throws org.springframework.aop.framework.AopConfigException
06:28:14.515 [main] DEBUG o.s.aop.framework.CglibAopProxy - Method is declared on Advised interface: public abstract void org.springframework.aop.framework.Advised.addAdvice(int,org.aopalliance.aop.Advice) throws org.springframework.aop.framework.AopConfigException
06:28:14.515 [main] DEBUG o.s.aop.framework.CglibAopProxy - Method is declared on Advised interface: public abstract org.springframework.aop.TargetSource org.springframework.aop.framework.Advised.getTargetSource()
06:28:14.515 [main] DEBUG o.s.aop.framework.CglibAopProxy - Method is declared on Advised interface: public abstract boolean org.springframework.aop.framework.Advised.isProxyTargetClass()
06:28:14.515 [main] DEBUG o.s.aop.framework.CglibAopProxy - Method is declared on Advised interface: public abstract void org.springframework.aop.framework.Advised.addAdvisor(org.springframework.aop.Advisor) throws org.springframework.aop.framework.AopConfigException
06:28:14.515 [main] DEBUG o.s.aop.framework.CglibAopProxy - Method is declared on Advised interface: public abstract void org.springframework.aop.framework.Advised.addAdvisor(int,org.springframework.aop.Advisor) throws org.springframework.aop.framework.AopConfigException
06:28:14.515 [main] DEBUG o.s.aop.framework.CglibAopProxy - Method is declared on Advised interface: public abstract void org.springframework.aop.framework.Advised.setPreFiltered(boolean)
06:28:14.515 [main] DEBUG o.s.aop.framework.CglibAopProxy - Method is declared on Advised interface: public abstract void org.springframework.aop.framework.Advised.setExposeProxy(boolean)
06:28:14.515 [main] DEBUG o.s.aop.framework.CglibAopProxy - Method is declared on Advised interface: public abstract boolean org.springframework.aop.framework.Advised.isExposeProxy()
06:28:14.515 [main] DEBUG o.s.aop.framework.CglibAopProxy - Method is declared on Advised interface: public abstract void org.springframework.aop.framework.Advised.setTargetSource(org.springframework.aop.TargetSource)
06:28:14.515 [main] DEBUG o.s.aop.framework.CglibAopProxy - Method is declared on Advised interface: public abstract boolean org.springframework.aop.framework.Advised.isPreFiltered()
06:28:14.515 [main] DEBUG o.s.aop.framework.CglibAopProxy - Method is declared on Advised interface: public abstract java.lang.Class[] org.springframework.aop.framework.Advised.getProxiedInterfaces()
06:28:14.515 [main] DEBUG o.s.aop.framework.CglibAopProxy - Method is declared on Advised interface: public abstract boolean org.springframework.aop.framework.Advised.isInterfaceProxied(java.lang.Class)
06:28:14.515 [main] DEBUG o.s.aop.framework.CglibAopProxy - Method is declared on Advised interface: public abstract org.springframework.aop.Advisor[] org.springframework.aop.framework.Advised.getAdvisors()
06:28:14.515 [main] DEBUG o.s.aop.framework.CglibAopProxy - Method is declared on Advised interface: public abstract void org.springframework.aop.framework.Advised.removeAdvisor(int) throws org.springframework.aop.framework.AopConfigException
06:28:14.515 [main] DEBUG o.s.aop.framework.CglibAopProxy - Method is declared on Advised interface: public abstract boolean org.springframework.aop.framework.Advised.removeAdvisor(org.springframework.aop.Advisor)
06:28:14.515 [main] DEBUG o.s.aop.framework.CglibAopProxy - Method is declared on Advised interface: public abstract boolean org.springframework.aop.framework.Advised.replaceAdvisor(org.springframework.aop.Advisor,org.springframework.aop.Advisor) throws org.springframework.aop.framework.AopConfigException
06:28:14.515 [main] DEBUG o.s.aop.framework.CglibAopProxy - Method is declared on Advised interface: public abstract int org.springframework.aop.framework.Advised.indexOf(org.aopalliance.aop.Advice)
06:28:14.515 [main] DEBUG o.s.aop.framework.CglibAopProxy - Method is declared on Advised interface: public abstract int org.springframework.aop.framework.Advised.indexOf(org.springframework.aop.Advisor)
06:28:14.515 [main] DEBUG o.s.aop.framework.CglibAopProxy - Method is declared on Advised interface: public abstract boolean org.springframework.aop.framework.Advised.isFrozen()
06:28:14.515 [main] DEBUG o.s.aop.framework.CglibAopProxy - Method is declared on Advised interface: public abstract java.lang.Class org.springframework.aop.TargetClassAware.getTargetClass()
06:28:14.524 [main] DEBUG o.s.b.f.s.DefaultListableBeanFactory - Finished creating instance of bean 'APIICDCodeController'
06:28:14.524 [main] DEBUG o.s.b.f.s.DefaultListableBeanFactory - Creating shared instance of singleton bean 'APILogEntryController'
06:28:14.524 [main] DEBUG o.s.b.f.s.DefaultListableBeanFactory - Creating instance of bean 'APILogEntryController'
06:28:14.524 [main] DEBUG o.s.b.f.s.DefaultListableBeanFactory - Eagerly caching bean 'APILogEntryController' to allow for resolving potential circular references
06:28:14.524 [main] DEBUG o.s.b.f.s.DefaultListableBeanFactory - Returning cached instance of singleton bean 'metaDataSourceAdvisor'
06:28:14.525 [main] DEBUG o.s.b.f.s.DefaultListableBeanFactory - Finished creating instance of bean 'APILogEntryController'
06:28:14.525 [main] DEBUG o.s.b.f.s.DefaultListableBeanFactory - Creating shared instance of singleton bean 'APIOfficeVisitController'
06:28:14.525 [main] DEBUG o.s.b.f.s.DefaultListableBeanFactory - Creating instance of bean 'APIOfficeVisitController'
06:28:14.525 [main] DEBUG o.s.b.f.s.DefaultListableBeanFactory - Eagerly caching bean 'APIOfficeVisitController' to allow for resolving potential circular references
06:28:14.525 [main] DEBUG o.s.b.f.s.DefaultListableBeanFactory - Returning cached instance of singleton bean 'metaDataSourceAdvisor'
06:28:14.525 [main] DEBUG o.s.s.a.p.PrePostAnnotationSecurityMetadataSource - @org.springframework.security.access.prepost.PreAuthorize(value=hasRole('ROLE_PATIENT')) found on specific method: public java.util.List edu.ncsu.csc.itrust2.controllers.api.APIOfficeVisitController.getMyOfficeVisits()
06:28:14.525 [main] DEBUG o.s.s.a.m.DelegatingMethodSecurityMetadataSource - Caching method [CacheKey[edu.ncsu.csc.itrust2.controllers.api.APIOfficeVisitController; public java.util.List edu.ncsu.csc.itrust2.controllers.api.APIOfficeVisitController.getMyOfficeVisits()]] with attributes [[authorize: 'hasRole('ROLE_PATIENT')', filter: 'null', filterTarget: 'null']]
06:28:14.525 [main] DEBUG o.s.a.f.a.InfrastructureAdvisorAutoProxyCreator - Creating implicit proxy for bean 'APIOfficeVisitController' with 0 common interceptors and 1 specific interceptors
06:28:14.525 [main] DEBUG o.s.aop.framework.CglibAopProxy - Creating CGLIB proxy: target source is SingletonTargetSource for target object [edu.ncsu.csc.itrust2.controllers.api.APIOfficeVisitController@2eb021b2]
06:28:14.526 [main] DEBUG o.s.aop.framework.CglibAopProxy - Unable to apply any optimisations to advised method: public java.util.List edu.ncsu.csc.itrust2.controllers.api.APIOfficeVisitController.getMyOfficeVisits()
06:28:14.526 [main] DEBUG o.s.aop.framework.CglibAopProxy - Unable to apply any optimisations to advised method: public org.springframework.http.ResponseEntity edu.ncsu.csc.itrust2.controllers.api.APIOfficeVisitController.getOfficeVisit(java.lang.Long)
06:28:14.526 [main] DEBUG o.s.aop.framework.CglibAopProxy - Unable to apply any optimisations to advised method: public void edu.ncsu.csc.itrust2.controllers.api.APIOfficeVisitController.deleteOfficeVisits()
06:28:14.526 [main] DEBUG o.s.aop.framework.CglibAopProxy - Unable to apply any optimisations to advised method: public org.springframework.http.ResponseEntity edu.ncsu.csc.itrust2.controllers.api.APIOfficeVisitController.createOfficeVisit(edu.ncsu.csc.itrust2.forms.hcp.OfficeVisitForm)
06:28:14.526 [main] DEBUG o.s.aop.framework.CglibAopProxy - Unable to apply any optimisations to advised method: public org.springframework.http.ResponseEntity edu.ncsu.csc.itrust2.controllers.api.APIOfficeVisitController.deleteOfficeVisit(java.lang.Long)
06:28:14.526 [main] DEBUG o.s.aop.framework.CglibAopProxy - Unable to apply any optimisations to advised method: public org.springframework.http.ResponseEntity edu.ncsu.csc.itrust2.controllers.api.APIOfficeVisitController.updateOfficeVisit(java.lang.Long,edu.ncsu.csc.itrust2.forms.hcp.OfficeVisitForm)
06:28:14.527 [main] DEBUG o.s.s.a.p.PrePostAnnotationSecurityMetadataSource - @org.springframework.security.access.prepost.PreAuthorize(value=hasRole('ROLE_HCP')) found on specific method: public org.springframework.http.ResponseEntity edu.ncsu.csc.itrust2.controllers.api.APIOfficeVisitController.viewOfficeVisitHCP(java.lang.Long,edu.ncsu.csc.itrust2.forms.hcp.OfficeVisitForm)
06:28:14.527 [main] DEBUG o.s.s.a.m.DelegatingMethodSecurityMetadataSource - Caching method [CacheKey[edu.ncsu.csc.itrust2.controllers.api.APIOfficeVisitController; public org.springframework.http.ResponseEntity edu.ncsu.csc.itrust2.controllers.api.APIOfficeVisitController.viewOfficeVisitHCP(java.lang.Long,edu.ncsu.csc.itrust2.forms.hcp.OfficeVisitForm)]] with attributes [[authorize: 'hasRole('ROLE_HCP')', filter: 'null', filterTarget: 'null']]
06:28:14.527 [main] DEBUG o.s.aop.framework.CglibAopProxy - Unable to apply any optimisations to advised method: public org.springframework.http.ResponseEntity edu.ncsu.csc.itrust2.controllers.api.APIOfficeVisitController.viewOfficeVisitHCP(java.lang.Long,edu.ncsu.csc.itrust2.forms.hcp.OfficeVisitForm)
06:28:14.527 [main] DEBUG o.s.s.a.p.PrePostAnnotationSecurityMetadataSource - @org.springframework.security.access.prepost.PreAuthorize(value=hasRole('ROLE_PATIENT')) found on specific method: public org.springframework.http.ResponseEntity edu.ncsu.csc.itrust2.controllers.api.APIOfficeVisitController.viewOfficeVisitPatient(java.lang.Long,edu.ncsu.csc.itrust2.forms.hcp.OfficeVisitForm)
06:28:14.527 [main] DEBUG o.s.s.a.m.DelegatingMethodSecurityMetadataSource - Caching method [CacheKey[edu.ncsu.csc.itrust2.controllers.api.APIOfficeVisitController; public org.springframework.http.ResponseEntity edu.ncsu.csc.itrust2.controllers.api.APIOfficeVisitController.viewOfficeVisitPatient(java.lang.Long,edu.ncsu.csc.itrust2.forms.hcp.OfficeVisitForm)]] with attributes [[authorize: 'hasRole('ROLE_PATIENT')', filter: 'null', filterTarget: 'null']]
06:28:14.527 [main] DEBUG o.s.aop.framework.CglibAopProxy - Unable to apply any optimisations to advised method: public org.springframework.http.ResponseEntity edu.ncsu.csc.itrust2.controllers.api.APIOfficeVisitController.viewOfficeVisitPatient(java.lang.Long,edu.ncsu.csc.itrust2.forms.hcp.OfficeVisitForm)
06:28:14.527 [main] DEBUG o.s.aop.framework.CglibAopProxy - Unable to apply any optimisations to advised method: public java.util.List edu.ncsu.csc.itrust2.controllers.api.APIOfficeVisitController.getOfficeVisits()
06:28:14.527 [main] DEBUG o.s.aop.framework.CglibAopProxy - Found 'equals' method: public boolean java.lang.Object.equals(java.lang.Object)
06:28:14.527 [main] DEBUG o.s.aop.framework.CglibAopProxy - Unable to apply any optimisations to advised method: public java.lang.String java.lang.Object.toString()
06:28:14.527 [main] DEBUG o.s.aop.framework.CglibAopProxy - Found 'hashCode' method: public native int java.lang.Object.hashCode()
06:28:14.527 [main] DEBUG o.s.aop.framework.CglibAopProxy - Unable to apply any optimisations to advised method: protected native java.lang.Object java.lang.Object.clone() throws java.lang.CloneNotSupportedException
06:28:14.527 [main] DEBUG o.s.aop.framework.CglibAopProxy - Method is declared on Advised interface: public abstract boolean org.springframework.aop.framework.Advised.removeAdvice(org.aopalliance.aop.Advice)
06:28:14.527 [main] DEBUG o.s.aop.framework.CglibAopProxy - Method is declared on Advised interface: public abstract java.lang.String org.springframework.aop.framework.Advised.toProxyConfigString()
06:28:14.527 [main] DEBUG o.s.aop.framework.CglibAopProxy - Method is declared on Advised interface: public abstract void org.springframework.aop.framework.Advised.addAdvice(org.aopalliance.aop.Advice) throws org.springframework.aop.framework.AopConfigException
06:28:14.527 [main] DEBUG o.s.aop.framework.CglibAopProxy - Method is declared on Advised interface: public abstract void org.springframework.aop.framework.Advised.addAdvice(int,org.aopalliance.aop.Advice) throws org.springframework.aop.framework.AopConfigException
06:28:14.527 [main] DEBUG o.s.aop.framework.CglibAopProxy - Method is declared on Advised interface: public abstract org.springframework.aop.TargetSource org.springframework.aop.framework.Advised.getTargetSource()
06:28:14.527 [main] DEBUG o.s.aop.framework.CglibAopProxy - Method is declared on Advised interface: public abstract boolean org.springframework.aop.framework.Advised.isProxyTargetClass()
06:28:14.527 [main] DEBUG o.s.aop.framework.CglibAopProxy - Method is declared on Advised interface: public abstract void org.springframework.aop.framework.Advised.addAdvisor(org.springframework.aop.Advisor) throws org.springframework.aop.framework.AopConfigException
06:28:14.527 [main] DEBUG o.s.aop.framework.CglibAopProxy - Method is declared on Advised interface: public abstract void org.springframework.aop.framework.Advised.addAdvisor(int,org.springframework.aop.Advisor) throws org.springframework.aop.framework.AopConfigException
06:28:14.527 [main] DEBUG o.s.aop.framework.CglibAopProxy - Method is declared on Advised interface: public abstract void org.springframework.aop.framework.Advised.setPreFiltered(boolean)
06:28:14.527 [main] DEBUG o.s.aop.framework.CglibAopProxy - Method is declared on Advised interface: public abstract void org.springframework.aop.framework.Advised.setExposeProxy(boolean)
06:28:14.527 [main] DEBUG o.s.aop.framework.CglibAopProxy - Method is declared on Advised interface: public abstract boolean org.springframework.aop.framework.Advised.isExposeProxy()
06:28:14.527 [main] DEBUG o.s.aop.framework.CglibAopProxy - Method is declared on Advised interface: public abstract void org.springframework.aop.framework.Advised.setTargetSource(org.springframework.aop.TargetSource)
06:28:14.527 [main] DEBUG o.s.aop.framework.CglibAopProxy - Method is declared on Advised interface: public abstract boolean org.springframework.aop.framework.Advised.isPreFiltered()
06:28:14.527 [main] DEBUG o.s.aop.framework.CglibAopProxy - Method is declared on Advised interface: public abstract java.lang.Class[] org.springframework.aop.framework.Advised.getProxiedInterfaces()
06:28:14.527 [main] DEBUG o.s.aop.framework.CglibAopProxy - Method is declared on Advised interface: public abstract boolean org.springframework.aop.framework.Advised.isInterfaceProxied(java.lang.Class)
06:28:14.527 [main] DEBUG o.s.aop.framework.CglibAopProxy - Method is declared on Advised interface: public abstract org.springframework.aop.Advisor[] org.springframework.aop.framework.Advised.getAdvisors()
06:28:14.527 [main] DEBUG o.s.aop.framework.CglibAopProxy - Method is declared on Advised interface: public abstract void org.springframework.aop.framework.Advised.removeAdvisor(int) throws org.springframework.aop.framework.AopConfigException
06:28:14.527 [main] DEBUG o.s.aop.framework.CglibAopProxy - Method is declared on Advised interface: public abstract boolean org.springframework.aop.framework.Advised.removeAdvisor(org.springframework.aop.Advisor)
06:28:14.527 [main] DEBUG o.s.aop.framework.CglibAopProxy - Method is declared on Advised interface: public abstract boolean org.springframework.aop.framework.Advised.replaceAdvisor(org.springframework.aop.Advisor,org.springframework.aop.Advisor) throws org.springframework.aop.framework.AopConfigException
06:28:14.527 [main] DEBUG o.s.aop.framework.CglibAopProxy - Method is declared on Advised interface: public abstract int org.springframework.aop.framework.Advised.indexOf(org.aopalliance.aop.Advice)
06:28:14.527 [main] DEBUG o.s.aop.framework.CglibAopProxy - Method is declared on Advised interface: public abstract int org.springframework.aop.framework.Advised.indexOf(org.springframework.aop.Advisor)
06:28:14.527 [main] DEBUG o.s.aop.framework.CglibAopProxy - Method is declared on Advised interface: public abstract boolean org.springframework.aop.framework.Advised.isFrozen()
06:28:14.527 [main] DEBUG o.s.aop.framework.CglibAopProxy - Method is declared on Advised interface: public abstract java.lang.Class org.springframework.aop.TargetClassAware.getTargetClass()
06:28:14.534 [main] DEBUG o.s.b.f.s.DefaultListableBeanFactory - Finished creating instance of bean 'APIOfficeVisitController'
06:28:14.535 [main] DEBUG o.s.b.f.s.DefaultListableBeanFactory - Creating shared instance of singleton bean 'APIPasswordController'
06:28:14.535 [main] DEBUG o.s.b.f.s.DefaultListableBeanFactory - Creating instance of bean 'APIPasswordController'
06:28:14.535 [main] DEBUG o.s.b.f.annotation.InjectionMetadata - Registered injected element on class [edu.ncsu.csc.itrust2.controllers.api.APIPasswordController]: AutowiredFieldElement for org.springframework.core.env.Environment edu.ncsu.csc.itrust2.controllers.api.APIPasswordController.environment
06:28:14.535 [main] DEBUG o.s.b.f.s.DefaultListableBeanFactory - Eagerly caching bean 'APIPasswordController' to allow for resolving potential circular references
06:28:14.535 [main] DEBUG o.s.b.f.annotation.InjectionMetadata - Processing injected element of bean 'APIPasswordController': AutowiredFieldElement for org.springframework.core.env.Environment edu.ncsu.csc.itrust2.controllers.api.APIPasswordController.environment
06:28:14.535 [main] DEBUG o.s.b.f.s.DefaultListableBeanFactory - Returning cached instance of singleton bean 'environment'
06:28:14.536 [main] DEBUG o.s.b.f.a.AutowiredAnnotationBeanPostProcessor - Autowiring by type from bean name 'APIPasswordController' to bean named 'environment'
06:28:14.536 [main] DEBUG o.s.b.f.s.DefaultListableBeanFactory - Returning cached instance of singleton bean 'metaDataSourceAdvisor'
06:28:14.536 [main] DEBUG o.s.b.f.s.DefaultListableBeanFactory - Finished creating instance of bean 'APIPasswordController'
06:28:14.536 [main] DEBUG o.s.b.f.s.DefaultListableBeanFactory - Creating shared instance of singleton bean 'APIPatientController'
06:28:14.536 [main] DEBUG o.s.b.f.s.DefaultListableBeanFactory - Creating instance of bean 'APIPatientController'
06:28:14.536 [main] DEBUG o.s.b.f.s.DefaultListableBeanFactory - Eagerly caching bean 'APIPatientController' to allow for resolving potential circular references
06:28:14.536 [main] DEBUG o.s.b.f.s.DefaultListableBeanFactory - Returning cached instance of singleton bean 'metaDataSourceAdvisor'
06:28:14.536 [main] DEBUG o.s.s.a.p.PrePostAnnotationSecurityMetadataSource - @org.springframework.security.access.prepost.PreAuthorize(value=hasRole('ROLE_PATIENT')) found on specific method: public org.springframework.http.ResponseEntity edu.ncsu.csc.itrust2.controllers.api.APIPatientController.getPatient()
06:28:14.537 [main] DEBUG o.s.s.a.m.DelegatingMethodSecurityMetadataSource - Caching method [CacheKey[edu.ncsu.csc.itrust2.controllers.api.APIPatientController; public org.springframework.http.ResponseEntity edu.ncsu.csc.itrust2.controllers.api.APIPatientController.getPatient()]] with attributes [[authorize: 'hasRole('ROLE_PATIENT')', filter: 'null', filterTarget: 'null']]
06:28:14.537 [main] DEBUG o.s.a.f.a.InfrastructureAdvisorAutoProxyCreator - Creating implicit proxy for bean 'APIPatientController' with 0 common interceptors and 1 specific interceptors
06:28:14.537 [main] DEBUG o.s.aop.framework.CglibAopProxy - Creating CGLIB proxy: target source is SingletonTargetSource for target object [edu.ncsu.csc.itrust2.controllers.api.APIPatientController@1f27d56d]
06:28:14.537 [main] DEBUG o.s.aop.framework.CglibAopProxy - Unable to apply any optimisations to advised method: public org.springframework.http.ResponseEntity edu.ncsu.csc.itrust2.controllers.api.APIPatientController.getPatient(java.lang.String)
06:28:14.537 [main] DEBUG o.s.aop.framework.CglibAopProxy - Unable to apply any optimisations to advised method: public org.springframework.http.ResponseEntity edu.ncsu.csc.itrust2.controllers.api.APIPatientController.getPatient()
06:28:14.537 [main] DEBUG o.s.aop.framework.CglibAopProxy - Unable to apply any optimisations to advised method: public java.util.List edu.ncsu.csc.itrust2.controllers.api.APIPatientController.getPatients()
06:28:14.537 [main] DEBUG o.s.aop.framework.CglibAopProxy - Unable to apply any optimisations to advised method: public org.springframework.http.ResponseEntity edu.ncsu.csc.itrust2.controllers.api.APIPatientController.createPatient(edu.ncsu.csc.itrust2.forms.hcp_patient.PatientForm)
06:28:14.537 [main] DEBUG o.s.aop.framework.CglibAopProxy - Unable to apply any optimisations to advised method: public org.springframework.http.ResponseEntity edu.ncsu.csc.itrust2.controllers.api.APIPatientController.updatePatient(java.lang.String,edu.ncsu.csc.itrust2.forms.hcp_patient.PatientForm)
06:28:14.537 [main] DEBUG o.s.aop.framework.CglibAopProxy - Found 'equals' method: public boolean java.lang.Object.equals(java.lang.Object)
06:28:14.537 [main] DEBUG o.s.aop.framework.CglibAopProxy - Unable to apply any optimisations to advised method: public java.lang.String java.lang.Object.toString()
06:28:14.537 [main] DEBUG o.s.aop.framework.CglibAopProxy - Found 'hashCode' method: public native int java.lang.Object.hashCode()
06:28:14.537 [main] DEBUG o.s.aop.framework.CglibAopProxy - Unable to apply any optimisations to advised method: protected native java.lang.Object java.lang.Object.clone() throws java.lang.CloneNotSupportedException
06:28:14.537 [main] DEBUG o.s.aop.framework.CglibAopProxy - Method is declared on Advised interface: public abstract boolean org.springframework.aop.framework.Advised.removeAdvice(org.aopalliance.aop.Advice)
06:28:14.537 [main] DEBUG o.s.aop.framework.CglibAopProxy - Method is declared on Advised interface: public abstract java.lang.String org.springframework.aop.framework.Advised.toProxyConfigString()
06:28:14.537 [main] DEBUG o.s.aop.framework.CglibAopProxy - Method is declared on Advised interface: public abstract void org.springframework.aop.framework.Advised.addAdvice(org.aopalliance.aop.Advice) throws org.springframework.aop.framework.AopConfigException
06:28:14.537 [main] DEBUG o.s.aop.framework.CglibAopProxy - Method is declared on Advised interface: public abstract void org.springframework.aop.framework.Advised.addAdvice(int,org.aopalliance.aop.Advice) throws org.springframework.aop.framework.AopConfigException
06:28:14.537 [main] DEBUG o.s.aop.framework.CglibAopProxy - Method is declared on Advised interface: public abstract org.springframework.aop.TargetSource org.springframework.aop.framework.Advised.getTargetSource()
06:28:14.537 [main] DEBUG o.s.aop.framework.CglibAopProxy - Method is declared on Advised interface: public abstract boolean org.springframework.aop.framework.Advised.isProxyTargetClass()
06:28:14.537 [main] DEBUG o.s.aop.framework.CglibAopProxy - Method is declared on Advised interface: public abstract void org.springframework.aop.framework.Advised.addAdvisor(org.springframework.aop.Advisor) throws org.springframework.aop.framework.AopConfigException
06:28:14.537 [main] DEBUG o.s.aop.framework.CglibAopProxy - Method is declared on Advised interface: public abstract void org.springframework.aop.framework.Advised.addAdvisor(int,org.springframework.aop.Advisor) throws org.springframework.aop.framework.AopConfigException
06:28:14.538 [main] DEBUG o.s.aop.framework.CglibAopProxy - Method is declared on Advised interface: public abstract void org.springframework.aop.framework.Advised.setPreFiltered(boolean)
06:28:14.538 [main] DEBUG o.s.aop.framework.CglibAopProxy - Method is declared on Advised interface: public abstract void org.springframework.aop.framework.Advised.setExposeProxy(boolean)
06:28:14.538 [main] DEBUG o.s.aop.framework.CglibAopProxy - Method is declared on Advised interface: public abstract boolean org.springframework.aop.framework.Advised.isExposeProxy()
06:28:14.538 [main] DEBUG o.s.aop.framework.CglibAopProxy - Method is declared on Advised interface: public abstract void org.springframework.aop.framework.Advised.setTargetSource(org.springframework.aop.TargetSource)
06:28:14.538 [main] DEBUG o.s.aop.framework.CglibAopProxy - Method is declared on Advised interface: public abstract boolean org.springframework.aop.framework.Advised.isPreFiltered()
06:28:14.538 [main] DEBUG o.s.aop.framework.CglibAopProxy - Method is declared on Advised interface: public abstract java.lang.Class[] org.springframework.aop.framework.Advised.getProxiedInterfaces()
06:28:14.538 [main] DEBUG o.s.aop.framework.CglibAopProxy - Method is declared on Advised interface: public abstract boolean org.springframework.aop.framework.Advised.isInterfaceProxied(java.lang.Class)
06:28:14.538 [main] DEBUG o.s.aop.framework.CglibAopProxy - Method is declared on Advised interface: public abstract org.springframework.aop.Advisor[] org.springframework.aop.framework.Advised.getAdvisors()
06:28:14.538 [main] DEBUG o.s.aop.framework.CglibAopProxy - Method is declared on Advised interface: public abstract void org.springframework.aop.framework.Advised.removeAdvisor(int) throws org.springframework.aop.framework.AopConfigException
06:28:14.538 [main] DEBUG o.s.aop.framework.CglibAopProxy - Method is declared on Advised interface: public abstract boolean org.springframework.aop.framework.Advised.removeAdvisor(org.springframework.aop.Advisor)
06:28:14.538 [main] DEBUG o.s.aop.framework.CglibAopProxy - Method is declared on Advised interface: public abstract boolean org.springframework.aop.framework.Advised.replaceAdvisor(org.springframework.aop.Advisor,org.springframework.aop.Advisor) throws org.springframework.aop.framework.AopConfigException
06:28:14.538 [main] DEBUG o.s.aop.framework.CglibAopProxy - Method is declared on Advised interface: public abstract int org.springframework.aop.framework.Advised.indexOf(org.aopalliance.aop.Advice)
06:28:14.538 [main] DEBUG o.s.aop.framework.CglibAopProxy - Method is declared on Advised interface: public abstract int org.springframework.aop.framework.Advised.indexOf(org.springframework.aop.Advisor)
06:28:14.538 [main] DEBUG o.s.aop.framework.CglibAopProxy - Method is declared on Advised interface: public abstract boolean org.springframework.aop.framework.Advised.isFrozen()
06:28:14.538 [main] DEBUG o.s.aop.framework.CglibAopProxy - Method is declared on Advised interface: public abstract java.lang.Class org.springframework.aop.TargetClassAware.getTargetClass()
06:28:14.544 [main] DEBUG o.s.b.f.s.DefaultListableBeanFactory - Finished creating instance of bean 'APIPatientController'
06:28:14.545 [main] DEBUG o.s.b.f.s.DefaultListableBeanFactory - Creating shared instance of singleton bean 'APIPersonnelController'
06:28:14.545 [main] DEBUG o.s.b.f.s.DefaultListableBeanFactory - Creating instance of bean 'APIPersonnelController'
06:28:14.545 [main] DEBUG o.s.b.f.s.DefaultListableBeanFactory - Eagerly caching bean 'APIPersonnelController' to allow for resolving potential circular references
06:28:14.545 [main] DEBUG o.s.b.f.s.DefaultListableBeanFactory - Returning cached instance of singleton bean 'metaDataSourceAdvisor'
06:28:14.546 [main] DEBUG o.s.b.f.s.DefaultListableBeanFactory - Finished creating instance of bean 'APIPersonnelController'
06:28:14.546 [main] DEBUG o.s.b.f.s.DefaultListableBeanFactory - Creating shared instance of singleton bean 'APIPrescriptionController'
06:28:14.546 [main] DEBUG o.s.b.f.s.DefaultListableBeanFactory - Creating instance of bean 'APIPrescriptionController'
06:28:14.546 [main] DEBUG o.s.b.f.s.DefaultListableBeanFactory - Eagerly caching bean 'APIPrescriptionController' to allow for resolving potential circular references
06:28:14.546 [main] DEBUG o.s.b.f.s.DefaultListableBeanFactory - Returning cached instance of singleton bean 'metaDataSourceAdvisor'
06:28:14.547 [main] DEBUG o.s.s.a.p.PrePostAnnotationSecurityMetadataSource - @org.springframework.security.access.prepost.PreAuthorize(value=hasRole('ROLE_HCP')) found on specific method: public org.springframework.http.ResponseEntity edu.ncsu.csc.itrust2.controllers.api.APIPrescriptionController.addPrescription(edu.ncsu.csc.itrust2.forms.hcp.PrescriptionForm)
06:28:14.547 [main] DEBUG o.s.s.a.m.DelegatingMethodSecurityMetadataSource - Caching method [CacheKey[edu.ncsu.csc.itrust2.controllers.api.APIPrescriptionController; public org.springframework.http.ResponseEntity edu.ncsu.csc.itrust2.controllers.api.APIPrescriptionController.addPrescription(edu.ncsu.csc.itrust2.forms.hcp.PrescriptionForm)]] with attributes [[authorize: 'hasRole('ROLE_HCP')', filter: 'null', filterTarget: 'null']]
06:28:14.547 [main] DEBUG o.s.a.f.a.InfrastructureAdvisorAutoProxyCreator - Creating implicit proxy for bean 'APIPrescriptionController' with 0 common interceptors and 1 specific interceptors
06:28:14.547 [main] DEBUG o.s.aop.framework.CglibAopProxy - Creating CGLIB proxy: target source is SingletonTargetSource for target object [edu.ncsu.csc.itrust2.controllers.api.APIPrescriptionController@314d23e0]
06:28:14.548 [main] DEBUG o.s.aop.framework.CglibAopProxy - Unable to apply any optimisations to advised method: public org.springframework.http.ResponseEntity edu.ncsu.csc.itrust2.controllers.api.APIPrescriptionController.addPrescription(edu.ncsu.csc.itrust2.forms.hcp.PrescriptionForm)
06:28:14.548 [main] DEBUG o.s.s.a.p.PrePostAnnotationSecurityMetadataSource - @org.springframework.security.access.prepost.PreAuthorize(value=hasRole('ROLE_HCP')) found on specific method: public org.springframework.http.ResponseEntity edu.ncsu.csc.itrust2.controllers.api.APIPrescriptionController.editPrescription(edu.ncsu.csc.itrust2.forms.hcp.PrescriptionForm)
06:28:14.548 [main] DEBUG o.s.s.a.m.DelegatingMethodSecurityMetadataSource - Caching method [CacheKey[edu.ncsu.csc.itrust2.controllers.api.APIPrescriptionController; public org.springframework.http.ResponseEntity edu.ncsu.csc.itrust2.controllers.api.APIPrescriptionController.editPrescription(edu.ncsu.csc.itrust2.forms.hcp.PrescriptionForm)]] with attributes [[authorize: 'hasRole('ROLE_HCP')', filter: 'null', filterTarget: 'null']]
06:28:14.548 [main] DEBUG o.s.aop.framework.CglibAopProxy - Unable to apply any optimisations to advised method: public org.springframework.http.ResponseEntity edu.ncsu.csc.itrust2.controllers.api.APIPrescriptionController.editPrescription(edu.ncsu.csc.itrust2.forms.hcp.PrescriptionForm)
06:28:14.548 [main] DEBUG o.s.s.a.p.PrePostAnnotationSecurityMetadataSource - @org.springframework.security.access.prepost.PreAuthorize(value=hasRole('ROLE_HCP')) found on specific method: public org.springframework.http.ResponseEntity edu.ncsu.csc.itrust2.controllers.api.APIPrescriptionController.deletePrescription(java.lang.Long)
06:28:14.548 [main] DEBUG o.s.s.a.m.DelegatingMethodSecurityMetadataSource - Caching method [CacheKey[edu.ncsu.csc.itrust2.controllers.api.APIPrescriptionController; public org.springframework.http.ResponseEntity edu.ncsu.csc.itrust2.controllers.api.APIPrescriptionController.deletePrescription(java.lang.Long)]] with attributes [[authorize: 'hasRole('ROLE_HCP')', filter: 'null', filterTarget: 'null']]
06:28:14.548 [main] DEBUG o.s.aop.framework.CglibAopProxy - Unable to apply any optimisations to advised method: public org.springframework.http.ResponseEntity edu.ncsu.csc.itrust2.controllers.api.APIPrescriptionController.deletePrescription(java.lang.Long)
06:28:14.548 [main] DEBUG o.s.s.a.p.PrePostAnnotationSecurityMetadataSource - @org.springframework.security.access.prepost.PreAuthorize(value=hasRole('ROLE_HCP')) found on specific method: public org.springframework.http.ResponseEntity edu.ncsu.csc.itrust2.controllers.api.APIPrescriptionController.getPrescription(java.lang.Long)
06:28:14.548 [main] DEBUG o.s.s.a.m.DelegatingMethodSecurityMetadataSource - Caching method [CacheKey[edu.ncsu.csc.itrust2.controllers.api.APIPrescriptionController; public org.springframework.http.ResponseEntity edu.ncsu.csc.itrust2.controllers.api.APIPrescriptionController.getPrescription(java.lang.Long)]] with attributes [[authorize: 'hasRole('ROLE_HCP')', filter: 'null', filterTarget: 'null']]
06:28:14.548 [main] DEBUG o.s.aop.framework.CglibAopProxy - Unable to apply any optimisations to advised method: public org.springframework.http.ResponseEntity edu.ncsu.csc.itrust2.controllers.api.APIPrescriptionController.getPrescription(java.lang.Long)
06:28:14.548 [main] DEBUG o.s.s.a.p.PrePostAnnotationSecurityMetadataSource - @org.springframework.security.access.prepost.PreAuthorize(value=hasAnyRole('ROLE_HCP', 'ROLE_PATIENT')) found on specific method: public java.util.List edu.ncsu.csc.itrust2.controllers.api.APIPrescriptionController.getPrescriptions()
06:28:14.549 [main] DEBUG o.s.s.a.m.DelegatingMethodSecurityMetadataSource - Caching method [CacheKey[edu.ncsu.csc.itrust2.controllers.api.APIPrescriptionController; public java.util.List edu.ncsu.csc.itrust2.controllers.api.APIPrescriptionController.getPrescriptions()]] with attributes [[authorize: 'hasAnyRole('ROLE_HCP', 'ROLE_PATIENT')', filter: 'null', filterTarget: 'null']]
06:28:14.549 [main] DEBUG o.s.aop.framework.CglibAopProxy - Unable to apply any optimisations to advised method: public java.util.List edu.ncsu.csc.itrust2.controllers.api.APIPrescriptionController.getPrescriptions()
06:28:14.549 [main] DEBUG o.s.aop.framework.CglibAopProxy - Found 'equals' method: public boolean java.lang.Object.equals(java.lang.Object)
06:28:14.549 [main] DEBUG o.s.aop.framework.CglibAopProxy - Unable to apply any optimisations to advised method: public java.lang.String java.lang.Object.toString()
06:28:14.549 [main] DEBUG o.s.aop.framework.CglibAopProxy - Found 'hashCode' method: public native int java.lang.Object.hashCode()
06:28:14.549 [main] DEBUG o.s.aop.framework.CglibAopProxy - Unable to apply any optimisations to advised method: protected native java.lang.Object java.lang.Object.clone() throws java.lang.CloneNotSupportedException
06:28:14.549 [main] DEBUG o.s.aop.framework.CglibAopProxy - Method is declared on Advised interface: public abstract boolean org.springframework.aop.framework.Advised.removeAdvice(org.aopalliance.aop.Advice)
06:28:14.549 [main] DEBUG o.s.aop.framework.CglibAopProxy - Method is declared on Advised interface: public abstract java.lang.String org.springframework.aop.framework.Advised.toProxyConfigString()
06:28:14.549 [main] DEBUG o.s.aop.framework.CglibAopProxy - Method is declared on Advised interface: public abstract void org.springframework.aop.framework.Advised.addAdvice(org.aopalliance.aop.Advice) throws org.springframework.aop.framework.AopConfigException
06:28:14.549 [main] DEBUG o.s.aop.framework.CglibAopProxy - Method is declared on Advised interface: public abstract void org.springframework.aop.framework.Advised.addAdvice(int,org.aopalliance.aop.Advice) throws org.springframework.aop.framework.AopConfigException
06:28:14.549 [main] DEBUG o.s.aop.framework.CglibAopProxy - Method is declared on Advised interface: public abstract org.springframework.aop.TargetSource org.springframework.aop.framework.Advised.getTargetSource()
06:28:14.549 [main] DEBUG o.s.aop.framework.CglibAopProxy - Method is declared on Advised interface: public abstract boolean org.springframework.aop.framework.Advised.isProxyTargetClass()
06:28:14.549 [main] DEBUG o.s.aop.framework.CglibAopProxy - Method is declared on Advised interface: public abstract void org.springframework.aop.framework.Advised.addAdvisor(org.springframework.aop.Advisor) throws org.springframework.aop.framework.AopConfigException
06:28:14.549 [main] DEBUG o.s.aop.framework.CglibAopProxy - Method is declared on Advised interface: public abstract void org.springframework.aop.framework.Advised.addAdvisor(int,org.springframework.aop.Advisor) throws org.springframework.aop.framework.AopConfigException
06:28:14.549 [main] DEBUG o.s.aop.framework.CglibAopProxy - Method is declared on Advised interface: public abstract void org.springframework.aop.framework.Advised.setPreFiltered(boolean)
06:28:14.549 [main] DEBUG o.s.aop.framework.CglibAopProxy - Method is declared on Advised interface: public abstract void org.springframework.aop.framework.Advised.setExposeProxy(boolean)
06:28:14.549 [main] DEBUG o.s.aop.framework.CglibAopProxy - Method is declared on Advised interface: public abstract boolean org.springframework.aop.framework.Advised.isExposeProxy()
06:28:14.549 [main] DEBUG o.s.aop.framework.CglibAopProxy - Method is declared on Advised interface: public abstract void org.springframework.aop.framework.Advised.setTargetSource(org.springframework.aop.TargetSource)
06:28:14.549 [main] DEBUG o.s.aop.framework.CglibAopProxy - Method is declared on Advised interface: public abstract boolean org.springframework.aop.framework.Advised.isPreFiltered()
06:28:14.549 [main] DEBUG o.s.aop.framework.CglibAopProxy - Method is declared on Advised interface: public abstract java.lang.Class[] org.springframework.aop.framework.Advised.getProxiedInterfaces()
06:28:14.549 [main] DEBUG o.s.aop.framework.CglibAopProxy - Method is declared on Advised interface: public abstract boolean org.springframework.aop.framework.Advised.isInterfaceProxied(java.lang.Class)
06:28:14.549 [main] DEBUG o.s.aop.framework.CglibAopProxy - Method is declared on Advised interface: public abstract org.springframework.aop.Advisor[] org.springframework.aop.framework.Advised.getAdvisors()
06:28:14.549 [main] DEBUG o.s.aop.framework.CglibAopProxy - Method is declared on Advised interface: public abstract void org.springframework.aop.framework.Advised.removeAdvisor(int) throws org.springframework.aop.framework.AopConfigException
06:28:14.549 [main] DEBUG o.s.aop.framework.CglibAopProxy - Method is declared on Advised interface: public abstract boolean org.springframework.aop.framework.Advised.removeAdvisor(org.springframework.aop.Advisor)
06:28:14.549 [main] DEBUG o.s.aop.framework.CglibAopProxy - Method is declared on Advised interface: public abstract boolean org.springframework.aop.framework.Advised.replaceAdvisor(org.springframework.aop.Advisor,org.springframework.aop.Advisor) throws org.springframework.aop.framework.AopConfigException
06:28:14.549 [main] DEBUG o.s.aop.framework.CglibAopProxy - Method is declared on Advised interface: public abstract int org.springframework.aop.framework.Advised.indexOf(org.aopalliance.aop.Advice)
06:28:14.549 [main] DEBUG o.s.aop.framework.CglibAopProxy - Method is declared on Advised interface: public abstract int org.springframework.aop.framework.Advised.indexOf(org.springframework.aop.Advisor)
06:28:14.549 [main] DEBUG o.s.aop.framework.CglibAopProxy - Method is declared on Advised interface: public abstract boolean org.springframework.aop.framework.Advised.isFrozen()
06:28:14.549 [main] DEBUG o.s.aop.framework.CglibAopProxy - Method is declared on Advised interface: public abstract java.lang.Class org.springframework.aop.TargetClassAware.getTargetClass()
06:28:14.558 [main] DEBUG o.s.b.f.s.DefaultListableBeanFactory - Finished creating instance of bean 'APIPrescriptionController'
06:28:14.559 [main] DEBUG o.s.b.f.s.DefaultListableBeanFactory - Creating shared instance of singleton bean 'APIUserController'
06:28:14.559 [main] DEBUG o.s.b.f.s.DefaultListableBeanFactory - Creating instance of bean 'APIUserController'
06:28:14.559 [main] DEBUG o.s.b.f.s.DefaultListableBeanFactory - Eagerly caching bean 'APIUserController' to allow for resolving potential circular references
06:28:14.559 [main] DEBUG o.s.b.f.s.DefaultListableBeanFactory - Returning cached instance of singleton bean 'metaDataSourceAdvisor'
06:28:14.560 [main] DEBUG o.s.b.f.s.DefaultListableBeanFactory - Finished creating instance of bean 'APIUserController'
06:28:14.560 [main] DEBUG o.s.b.f.s.DefaultListableBeanFactory - Creating shared instance of singleton bean 'appointmentControllerHCP'
06:28:14.560 [main] DEBUG o.s.b.f.s.DefaultListableBeanFactory - Creating instance of bean 'appointmentControllerHCP'
06:28:14.560 [main] DEBUG o.s.b.f.s.DefaultListableBeanFactory - Eagerly caching bean 'appointmentControllerHCP' to allow for resolving potential circular references
06:28:14.561 [main] DEBUG o.s.b.f.s.DefaultListableBeanFactory - Returning cached instance of singleton bean 'metaDataSourceAdvisor'
06:28:14.561 [main] DEBUG o.s.s.a.p.PrePostAnnotationSecurityMetadataSource - @org.springframework.security.access.prepost.PreAuthorize(value=hasRole('ROLE_HCP')) found on specific method: public java.lang.String edu.ncsu.csc.itrust2.controllers.hcp.AppointmentControllerHCP.requestAppointmentForm(org.springframework.ui.Model)
06:28:14.561 [main] DEBUG o.s.s.a.m.DelegatingMethodSecurityMetadataSource - Caching method [CacheKey[edu.ncsu.csc.itrust2.controllers.hcp.AppointmentControllerHCP; public java.lang.String edu.ncsu.csc.itrust2.controllers.hcp.AppointmentControllerHCP.requestAppointmentForm(org.springframework.ui.Model)]] with attributes [[authorize: 'hasRole('ROLE_HCP')', filter: 'null', filterTarget: 'null']]
06:28:14.561 [main] DEBUG o.s.a.f.a.InfrastructureAdvisorAutoProxyCreator - Creating implicit proxy for bean 'appointmentControllerHCP' with 0 common interceptors and 1 specific interceptors
06:28:14.561 [main] DEBUG o.s.aop.framework.CglibAopProxy - Creating CGLIB proxy: target source is SingletonTargetSource for target object [edu.ncsu.csc.itrust2.controllers.hcp.AppointmentControllerHCP@7d6497d7]
06:28:14.561 [main] DEBUG o.s.aop.framework.CglibAopProxy - Unable to apply any optimisations to advised method: public java.lang.String edu.ncsu.csc.itrust2.controllers.hcp.AppointmentControllerHCP.requestAppointmentForm(org.springframework.ui.Model)
06:28:14.561 [main] DEBUG o.s.s.a.p.PrePostAnnotationSecurityMetadataSource - @org.springframework.security.access.prepost.PreAuthorize(value=hasRole('ROLE_HCP')) found on specific method: public java.lang.String edu.ncsu.csc.itrust2.controllers.hcp.AppointmentControllerHCP.appointmentActionSubmit(edu.ncsu.csc.itrust2.forms.patient.AppointmentForm)
06:28:14.561 [main] DEBUG o.s.s.a.m.DelegatingMethodSecurityMetadataSource - Caching method [CacheKey[edu.ncsu.csc.itrust2.controllers.hcp.AppointmentControllerHCP; public java.lang.String edu.ncsu.csc.itrust2.controllers.hcp.AppointmentControllerHCP.appointmentActionSubmit(edu.ncsu.csc.itrust2.forms.patient.AppointmentForm)]] with attributes [[authorize: 'hasRole('ROLE_HCP')', filter: 'null', filterTarget: 'null']]
06:28:14.561 [main] DEBUG o.s.aop.framework.CglibAopProxy - Unable to apply any optimisations to advised method: public java.lang.String edu.ncsu.csc.itrust2.controllers.hcp.AppointmentControllerHCP.appointmentActionSubmit(edu.ncsu.csc.itrust2.forms.patient.AppointmentForm)
06:28:14.561 [main] DEBUG o.s.s.a.p.PrePostAnnotationSecurityMetadataSource - @org.springframework.security.access.prepost.PreAuthorize(value=hasRole('ROLE_HCP')) found on specific method: public java.lang.String edu.ncsu.csc.itrust2.controllers.hcp.AppointmentControllerHCP.upcomingAppointments(org.springframework.ui.Model)
06:28:14.562 [main] DEBUG o.s.s.a.m.DelegatingMethodSecurityMetadataSource - Caching method [CacheKey[edu.ncsu.csc.itrust2.controllers.hcp.AppointmentControllerHCP; public java.lang.String edu.ncsu.csc.itrust2.controllers.hcp.AppointmentControllerHCP.upcomingAppointments(org.springframework.ui.Model)]] with attributes [[authorize: 'hasRole('ROLE_HCP')', filter: 'null', filterTarget: 'null']]
06:28:14.562 [main] DEBUG o.s.aop.framework.CglibAopProxy - Unable to apply any optimisations to advised method: public java.lang.String edu.ncsu.csc.itrust2.controllers.hcp.AppointmentControllerHCP.upcomingAppointments(org.springframework.ui.Model)
06:28:14.562 [main] DEBUG o.s.aop.framework.CglibAopProxy - Found 'equals' method: public boolean java.lang.Object.equals(java.lang.Object)
06:28:14.562 [main] DEBUG o.s.aop.framework.CglibAopProxy - Unable to apply any optimisations to advised method: public java.lang.String java.lang.Object.toString()
06:28:14.562 [main] DEBUG o.s.aop.framework.CglibAopProxy - Found 'hashCode' method: public native int java.lang.Object.hashCode()
06:28:14.562 [main] DEBUG o.s.aop.framework.CglibAopProxy - Unable to apply any optimisations to advised method: protected native java.lang.Object java.lang.Object.clone() throws java.lang.CloneNotSupportedException
06:28:14.562 [main] DEBUG o.s.aop.framework.CglibAopProxy - Method is declared on Advised interface: public abstract boolean org.springframework.aop.framework.Advised.removeAdvice(org.aopalliance.aop.Advice)
06:28:14.562 [main] DEBUG o.s.aop.framework.CglibAopProxy - Method is declared on Advised interface: public abstract java.lang.String org.springframework.aop.framework.Advised.toProxyConfigString()
06:28:14.562 [main] DEBUG o.s.aop.framework.CglibAopProxy - Method is declared on Advised interface: public abstract void org.springframework.aop.framework.Advised.addAdvice(org.aopalliance.aop.Advice) throws org.springframework.aop.framework.AopConfigException
06:28:14.562 [main] DEBUG o.s.aop.framework.CglibAopProxy - Method is declared on Advised interface: public abstract void org.springframework.aop.framework.Advised.addAdvice(int,org.aopalliance.aop.Advice) throws org.springframework.aop.framework.AopConfigException
06:28:14.562 [main] DEBUG o.s.aop.framework.CglibAopProxy - Method is declared on Advised interface: public abstract org.springframework.aop.TargetSource org.springframework.aop.framework.Advised.getTargetSource()
06:28:14.562 [main] DEBUG o.s.aop.framework.CglibAopProxy - Method is declared on Advised interface: public abstract boolean org.springframework.aop.framework.Advised.isProxyTargetClass()
06:28:14.562 [main] DEBUG o.s.aop.framework.CglibAopProxy - Method is declared on Advised interface: public abstract void org.springframework.aop.framework.Advised.addAdvisor(org.springframework.aop.Advisor) throws org.springframework.aop.framework.AopConfigException
06:28:14.562 [main] DEBUG o.s.aop.framework.CglibAopProxy - Method is declared on Advised interface: public abstract void org.springframework.aop.framework.Advised.addAdvisor(int,org.springframework.aop.Advisor) throws org.springframework.aop.framework.AopConfigException
06:28:14.562 [main] DEBUG o.s.aop.framework.CglibAopProxy - Method is declared on Advised interface: public abstract void org.springframework.aop.framework.Advised.setPreFiltered(boolean)
06:28:14.562 [main] DEBUG o.s.aop.framework.CglibAopProxy - Method is declared on Advised interface: public abstract void org.springframework.aop.framework.Advised.setExposeProxy(boolean)
06:28:14.562 [main] DEBUG o.s.aop.framework.CglibAopProxy - Method is declared on Advised interface: public abstract boolean org.springframework.aop.framework.Advised.isExposeProxy()
06:28:14.562 [main] DEBUG o.s.aop.framework.CglibAopProxy - Method is declared on Advised interface: public abstract void org.springframework.aop.framework.Advised.setTargetSource(org.springframework.aop.TargetSource)
06:28:14.562 [main] DEBUG o.s.aop.framework.CglibAopProxy - Method is declared on Advised interface: public abstract boolean org.springframework.aop.framework.Advised.isPreFiltered()
06:28:14.562 [main] DEBUG o.s.aop.framework.CglibAopProxy - Method is declared on Advised interface: public abstract java.lang.Class[] org.springframework.aop.framework.Advised.getProxiedInterfaces()
06:28:14.562 [main] DEBUG o.s.aop.framework.CglibAopProxy - Method is declared on Advised interface: public abstract boolean org.springframework.aop.framework.Advised.isInterfaceProxied(java.lang.Class)
06:28:14.562 [main] DEBUG o.s.aop.framework.CglibAopProxy - Method is declared on Advised interface: public abstract org.springframework.aop.Advisor[] org.springframework.aop.framework.Advised.getAdvisors()
06:28:14.562 [main] DEBUG o.s.aop.framework.CglibAopProxy - Method is declared on Advised interface: public abstract void org.springframework.aop.framework.Advised.removeAdvisor(int) throws org.springframework.aop.framework.AopConfigException
06:28:14.562 [main] DEBUG o.s.aop.framework.CglibAopProxy - Method is declared on Advised interface: public abstract boolean org.springframework.aop.framework.Advised.removeAdvisor(org.springframework.aop.Advisor)
06:28:14.562 [main] DEBUG o.s.aop.framework.CglibAopProxy - Method is declared on Advised interface: public abstract boolean org.springframework.aop.framework.Advised.replaceAdvisor(org.springframework.aop.Advisor,org.springframework.aop.Advisor) throws org.springframework.aop.framework.AopConfigException
06:28:14.562 [main] DEBUG o.s.aop.framework.CglibAopProxy - Method is declared on Advised interface: public abstract int org.springframework.aop.framework.Advised.indexOf(org.aopalliance.aop.Advice)
06:28:14.562 [main] DEBUG o.s.aop.framework.CglibAopProxy - Method is declared on Advised interface: public abstract int org.springframework.aop.framework.Advised.indexOf(org.springframework.aop.Advisor)
06:28:14.562 [main] DEBUG o.s.aop.framework.CglibAopProxy - Method is declared on Advised interface: public abstract boolean org.springframework.aop.framework.Advised.isFrozen()
06:28:14.562 [main] DEBUG o.s.aop.framework.CglibAopProxy - Method is declared on Advised interface: public abstract java.lang.Class org.springframework.aop.TargetClassAware.getTargetClass()
06:28:14.567 [main] DEBUG o.s.b.f.s.DefaultListableBeanFactory - Finished creating instance of bean 'appointmentControllerHCP'
06:28:14.567 [main] DEBUG o.s.b.f.s.DefaultListableBeanFactory - Creating shared instance of singleton bean 'HCPController'
06:28:14.567 [main] DEBUG o.s.b.f.s.DefaultListableBeanFactory - Creating instance of bean 'HCPController'
06:28:14.568 [main] DEBUG o.s.b.f.s.DefaultListableBeanFactory - Eagerly caching bean 'HCPController' to allow for resolving potential circular references
06:28:14.568 [main] DEBUG o.s.b.f.s.DefaultListableBeanFactory - Returning cached instance of singleton bean 'metaDataSourceAdvisor'
06:28:14.568 [main] DEBUG o.s.s.a.p.PrePostAnnotationSecurityMetadataSource - @org.springframework.security.access.prepost.PreAuthorize(value=hasRole('ROLE_HCP')) found on specific method: public java.lang.String edu.ncsu.csc.itrust2.controllers.hcp.HCPController.editPatientDemographics()
06:28:14.568 [main] DEBUG o.s.s.a.m.DelegatingMethodSecurityMetadataSource - Caching method [CacheKey[edu.ncsu.csc.itrust2.controllers.hcp.HCPController; public java.lang.String edu.ncsu.csc.itrust2.controllers.hcp.HCPController.editPatientDemographics()]] with attributes [[authorize: 'hasRole('ROLE_HCP')', filter: 'null', filterTarget: 'null']]
06:28:14.568 [main] DEBUG o.s.a.f.a.InfrastructureAdvisorAutoProxyCreator - Creating implicit proxy for bean 'HCPController' with 0 common interceptors and 1 specific interceptors
06:28:14.568 [main] DEBUG o.s.aop.framework.CglibAopProxy - Creating CGLIB proxy: target source is SingletonTargetSource for target object [edu.ncsu.csc.itrust2.controllers.hcp.HCPController@79aa053f]
06:28:14.569 [main] DEBUG o.s.aop.framework.CglibAopProxy - Unable to apply any optimisations to advised method: public java.lang.String edu.ncsu.csc.itrust2.controllers.hcp.HCPController.editPatientDemographics()
06:28:14.569 [main] DEBUG o.s.s.a.p.PrePostAnnotationSecurityMetadataSource - @org.springframework.security.access.prepost.PreAuthorize(value=new val) found on specific method: public java.lang.String edu.ncsu.csc.itrust2.controllers.hcp.HCPController.editPrescriptions()
06:28:14.570 [main] WARN  o.s.w.c.s.GenericWebApplicationContext - Exception encountered during context initialization - cancelling refresh attempt: org.springframework.beans.factory.BeanCreationException: Error creating bean with name 'HCPController' defined in file [/var/lib/jenkins/workspace/itrust-test/iTrust2/target/classes/edu/ncsu/csc/itrust2/controllers/hcp/HCPController.class]: Initialization of bean failed; nested exception is org.springframework.aop.framework.AopConfigException: Could not generate CGLIB subclass of class [class edu.ncsu.csc.itrust2.controllers.hcp.HCPController]: Common causes of this problem include using a final class or a non-visible class; nested exception is java.lang.IllegalArgumentException: Failed to parse expression 'new val'
06:28:14.570 [main] DEBUG o.s.b.f.s.DefaultListableBeanFactory - Destroying singletons in org.springframework.beans.factory.support.DefaultListableBeanFactory@771fc474: defining beans [org.springframework.context.annotation.internalConfigurationAnnotationProcessor,org.springframework.context.annotation.internalAutowiredAnnotationProcessor,org.springframework.context.annotation.internalRequiredAnnotationProcessor,org.springframework.context.annotation.internalCommonAnnotationProcessor,org.springframework.context.annotation.internalPersistenceAnnotationProcessor,org.springframework.context.event.internalEventListenerProcessor,org.springframework.context.event.internalEventListenerFactory,rootConfiguration,webMvcConfiguration,dataConfiguration,loginAuditingListener,securityConfig,defaultController,adminController,adminUserController,hospitalController,ICDCodesController,APIAppointmentRequestController,APIDiagnosisController,APIDrugController,APIEnumController,APIHospitalController,APIICDCodeController,APILogEntryController,APIOfficeVisitController,APIPasswordController,APIPatientController,APIPersonnelController,APIPrescriptionController,APIUserController,appointmentControllerHCP,HCPController,officeVisitController,appointmentController,diagnosesController,patientController,passwordController,userController,dataSource,org.springframework.security.config.annotation.configuration.ObjectPostProcessorConfiguration,objectPostProcessor,org.springframework.security.config.annotation.authentication.configuration.AuthenticationConfiguration,authenticationManagerBuilder,enableGlobalAuthenticationAutowiredConfigurer,initializeUserDetailsBeanManagerConfigurer,initializeAuthenticationProviderBeanManagerConfigurer,org.springframework.security.config.annotation.web.configuration.WebSecurityConfiguration,delegatingApplicationListener,webSecurityExpressionHandler,springSecurityFilterChain,privilegeEvaluator,autowiredWebSecurityConfigurersIgnoreParents,org.springframework.security.config.annotation.web.configuration.WebMvcSecurityConfiguration,requestDataValueProcessor,passwordEncoder,defaultAuthenticationEventPublisher,failureHandler,ipBlockFilter,org.springframework.web.servlet.config.annotation.DelegatingWebMvcConfiguration,mvcConversionService,mvcContentNegotiationManager,viewControllerHandlerMapping,beanNameHandlerMapping,resourceHandlerMapping,mvcResourceUrlProvider,defaultServletHandlerMapping,requestMappingHandlerAdapter,mvcValidator,mvcUriComponentsContributor,httpRequestHandlerAdapter,simpleControllerHandlerAdapter,handlerExceptionResolver,mvcViewResolver,requestMappingHandlerMapping,mvcPathMatcher,mvcUrlPathHelper,org.springframework.security.config.annotation.method.configuration.GlobalMethodSecurityConfiguration,methodSecurityInterceptor,methodSecurityMetadataSource,preInvocationAuthorizationAdvice,viewResolver,templateEngine,domainClassConverter,metaDataSourceAdvisor,org.springframework.aop.config.internalAutoProxyCreator]; root of factory hierarchy
06:28:14.570 [main] DEBUG o.s.b.f.s.DefaultListableBeanFactory - Retrieved dependent beans for bean 'objectPostProcessor': [org.springframework.security.config.annotation.method.configuration.GlobalMethodSecurityConfiguration, securityConfig, org.springframework.security.config.annotation.authentication.configuration.AuthenticationConfiguration, authenticationManagerBuilder]
06:28:14.570 [main] DEBUG o.s.b.f.s.DisposableBeanAdapter - Invoking destroy() on bean with name 'objectPostProcessor'
06:28:14.572 [main] ERROR o.s.test.context.TestContextManager - Caught exception while allowing TestExecutionListener [org.springframework.test.context.web.ServletTestExecutionListener@3d2ed518] to prepare test instance [edu.ncsu.csc.itrust2.apitest.APIOfficeVisitTest@88c91d]
java.lang.IllegalStateException: Failed to load ApplicationContext
	at org.springframework.test.context.cache.DefaultCacheAwareContextLoaderDelegate.loadContext(DefaultCacheAwareContextLoaderDelegate.java:124) ~[spring-test-4.3.5.RELEASE.jar:4.3.5.RELEASE]
	at org.springframework.test.context.support.DefaultTestContext.getApplicationContext(DefaultTestContext.java:83) ~[spring-test-4.3.5.RELEASE.jar:4.3.5.RELEASE]
	at org.springframework.test.context.web.ServletTestExecutionListener.setUpRequestContextIfNecessary(ServletTestExecutionListener.java:189) ~[spring-test-4.3.5.RELEASE.jar:4.3.5.RELEASE]
	at org.springframework.test.context.web.ServletTestExecutionListener.prepareTestInstance(ServletTestExecutionListener.java:131) ~[spring-test-4.3.5.RELEASE.jar:4.3.5.RELEASE]
	at org.springframework.test.context.TestContextManager.prepareTestInstance(TestContextManager.java:230) ~[spring-test-4.3.5.RELEASE.jar:4.3.5.RELEASE]
	at org.springframework.test.context.junit4.SpringJUnit4ClassRunner.createTest(SpringJUnit4ClassRunner.java:228) [spring-test-4.3.5.RELEASE.jar:4.3.5.RELEASE]
	at org.springframework.test.context.junit4.SpringJUnit4ClassRunner$1.runReflectiveCall(SpringJUnit4ClassRunner.java:287) [spring-test-4.3.5.RELEASE.jar:4.3.5.RELEASE]
	at org.junit.internal.runners.model.ReflectiveCallable.run(ReflectiveCallable.java:12) [junit-4.12.jar:4.12]
	at org.springframework.test.context.junit4.SpringJUnit4ClassRunner.methodBlock(SpringJUnit4ClassRunner.java:289) [spring-test-4.3.5.RELEASE.jar:4.3.5.RELEASE]
	at org.springframework.test.context.junit4.SpringJUnit4ClassRunner.runChild(SpringJUnit4ClassRunner.java:247) [spring-test-4.3.5.RELEASE.jar:4.3.5.RELEASE]
	at org.springframework.test.context.junit4.SpringJUnit4ClassRunner.runChild(SpringJUnit4ClassRunner.java:94) [spring-test-4.3.5.RELEASE.jar:4.3.5.RELEASE]
	at org.junit.runners.ParentRunner$3.run(ParentRunner.java:290) [junit-4.12.jar:4.12]
	at org.junit.runners.ParentRunner$1.schedule(ParentRunner.java:71) [junit-4.12.jar:4.12]
	at org.junit.runners.ParentRunner.runChildren(ParentRunner.java:288) [junit-4.12.jar:4.12]
	at org.junit.runners.ParentRunner.access$000(ParentRunner.java:58) [junit-4.12.jar:4.12]
	at org.junit.runners.ParentRunner$2.evaluate(ParentRunner.java:268) [junit-4.12.jar:4.12]
	at org.springframework.test.context.junit4.statements.RunBeforeTestClassCallbacks.evaluate(RunBeforeTestClassCallbacks.java:61) [spring-test-4.3.5.RELEASE.jar:4.3.5.RELEASE]
	at org.springframework.test.context.junit4.statements.RunAfterTestClassCallbacks.evaluate(RunAfterTestClassCallbacks.java:70) [spring-test-4.3.5.RELEASE.jar:4.3.5.RELEASE]
	at org.junit.runners.ParentRunner.run(ParentRunner.java:363) [junit-4.12.jar:4.12]
	at org.springframework.test.context.junit4.SpringJUnit4ClassRunner.run(SpringJUnit4ClassRunner.java:191) [spring-test-4.3.5.RELEASE.jar:4.3.5.RELEASE]
	at org.apache.maven.surefire.junit4.JUnit4Provider.execute(JUnit4Provider.java:365) [surefire-junit4-2.20.jar:2.20]
	at org.apache.maven.surefire.junit4.JUnit4Provider.executeWithRerun(JUnit4Provider.java:272) [surefire-junit4-2.20.jar:2.20]
	at org.apache.maven.surefire.junit4.JUnit4Provider.executeTestSet(JUnit4Provider.java:236) [surefire-junit4-2.20.jar:2.20]
	at org.apache.maven.surefire.junit4.JUnit4Provider.invoke(JUnit4Provider.java:159) [surefire-junit4-2.20.jar:2.20]
	at org.apache.maven.surefire.booter.ForkedBooter.invokeProviderInSameClassLoader(ForkedBooter.java:386) [surefire-booter-2.20.jar:2.20]
	at org.apache.maven.surefire.booter.ForkedBooter.runSuitesInProcess(ForkedBooter.java:323) [surefire-booter-2.20.jar:2.20]
	at org.apache.maven.surefire.booter.ForkedBooter.main(ForkedBooter.java:143) [surefire-booter-2.20.jar:2.20]
Caused by: org.springframework.beans.factory.BeanCreationException: Error creating bean with name 'HCPController' defined in file [/var/lib/jenkins/workspace/itrust-test/iTrust2/target/classes/edu/ncsu/csc/itrust2/controllers/hcp/HCPController.class]: Initialization of bean failed; nested exception is org.springframework.aop.framework.AopConfigException: Could not generate CGLIB subclass of class [class edu.ncsu.csc.itrust2.controllers.hcp.HCPController]: Common causes of this problem include using a final class or a non-visible class; nested exception is java.lang.IllegalArgumentException: Failed to parse expression 'new val'
	at org.springframework.beans.factory.support.AbstractAutowireCapableBeanFactory.doCreateBean(AbstractAutowireCapableBeanFactory.java:563) ~[spring-beans-4.3.5.RELEASE.jar:4.3.5.RELEASE]
	at org.springframework.beans.factory.support.AbstractAutowireCapableBeanFactory.createBean(AbstractAutowireCapableBeanFactory.java:483) ~[spring-beans-4.3.5.RELEASE.jar:4.3.5.RELEASE]
	at org.springframework.beans.factory.support.AbstractBeanFactory$1.getObject(AbstractBeanFactory.java:306) ~[spring-beans-4.3.5.RELEASE.jar:4.3.5.RELEASE]
	at org.springframework.beans.factory.support.DefaultSingletonBeanRegistry.getSingleton(DefaultSingletonBeanRegistry.java:230) ~[spring-beans-4.3.5.RELEASE.jar:4.3.5.RELEASE]
	at org.springframework.beans.factory.support.AbstractBeanFactory.doGetBean(AbstractBeanFactory.java:302) ~[spring-beans-4.3.5.RELEASE.jar:4.3.5.RELEASE]
	at org.springframework.beans.factory.support.AbstractBeanFactory.getBean(AbstractBeanFactory.java:197) ~[spring-beans-4.3.5.RELEASE.jar:4.3.5.RELEASE]
	at org.springframework.beans.factory.support.DefaultListableBeanFactory.preInstantiateSingletons(DefaultListableBeanFactory.java:759) ~[spring-beans-4.3.5.RELEASE.jar:4.3.5.RELEASE]
	at org.springframework.context.support.AbstractApplicationContext.finishBeanFactoryInitialization(AbstractApplicationContext.java:866) ~[spring-context-4.3.5.RELEASE.jar:4.3.5.RELEASE]
	at org.springframework.context.support.AbstractApplicationContext.refresh(AbstractApplicationContext.java:542) ~[spring-context-4.3.5.RELEASE.jar:4.3.5.RELEASE]
	at org.springframework.test.context.web.AbstractGenericWebContextLoader.loadContext(AbstractGenericWebContextLoader.java:134) ~[spring-test-4.3.5.RELEASE.jar:4.3.5.RELEASE]
	at org.springframework.test.context.web.AbstractGenericWebContextLoader.loadContext(AbstractGenericWebContextLoader.java:61) ~[spring-test-4.3.5.RELEASE.jar:4.3.5.RELEASE]
	at org.springframework.test.context.support.AbstractDelegatingSmartContextLoader.delegateLoading(AbstractDelegatingSmartContextLoader.java:108) ~[spring-test-4.3.5.RELEASE.jar:4.3.5.RELEASE]
	at org.springframework.test.context.support.AbstractDelegatingSmartContextLoader.loadContext(AbstractDelegatingSmartContextLoader.java:251) ~[spring-test-4.3.5.RELEASE.jar:4.3.5.RELEASE]
	at org.springframework.test.context.cache.DefaultCacheAwareContextLoaderDelegate.loadContextInternal(DefaultCacheAwareContextLoaderDelegate.java:98) ~[spring-test-4.3.5.RELEASE.jar:4.3.5.RELEASE]
	at org.springframework.test.context.cache.DefaultCacheAwareContextLoaderDelegate.loadContext(DefaultCacheAwareContextLoaderDelegate.java:116) ~[spring-test-4.3.5.RELEASE.jar:4.3.5.RELEASE]
	... 26 common frames omitted
Caused by: org.springframework.aop.framework.AopConfigException: Could not generate CGLIB subclass of class [class edu.ncsu.csc.itrust2.controllers.hcp.HCPController]: Common causes of this problem include using a final class or a non-visible class; nested exception is java.lang.IllegalArgumentException: Failed to parse expression 'new val'
	at org.springframework.aop.framework.CglibAopProxy.getProxy(CglibAopProxy.java:213) ~[spring-aop-4.3.5.RELEASE.jar:4.3.5.RELEASE]
	at org.springframework.aop.framework.ProxyFactory.getProxy(ProxyFactory.java:109) ~[spring-aop-4.3.5.RELEASE.jar:4.3.5.RELEASE]
	at org.springframework.aop.framework.autoproxy.AbstractAutoProxyCreator.createProxy(AbstractAutoProxyCreator.java:470) ~[spring-aop-4.3.5.RELEASE.jar:4.3.5.RELEASE]
	at org.springframework.aop.framework.autoproxy.AbstractAutoProxyCreator.wrapIfNecessary(AbstractAutoProxyCreator.java:350) ~[spring-aop-4.3.5.RELEASE.jar:4.3.5.RELEASE]
	at org.springframework.aop.framework.autoproxy.AbstractAutoProxyCreator.postProcessAfterInitialization(AbstractAutoProxyCreator.java:299) ~[spring-aop-4.3.5.RELEASE.jar:4.3.5.RELEASE]
	at org.springframework.beans.factory.support.AbstractAutowireCapableBeanFactory.applyBeanPostProcessorsAfterInitialization(AbstractAutowireCapableBeanFactory.java:423) ~[spring-beans-4.3.5.RELEASE.jar:4.3.5.RELEASE]
	at org.springframework.beans.factory.support.AbstractAutowireCapableBeanFactory.initializeBean(AbstractAutowireCapableBeanFactory.java:1594) ~[spring-beans-4.3.5.RELEASE.jar:4.3.5.RELEASE]
	at org.springframework.beans.factory.support.AbstractAutowireCapableBeanFactory.doCreateBean(AbstractAutowireCapableBeanFactory.java:554) ~[spring-beans-4.3.5.RELEASE.jar:4.3.5.RELEASE]
	... 40 common frames omitted
Caused by: java.lang.IllegalArgumentException: Failed to parse expression 'new val'
	at org.springframework.security.access.expression.method.ExpressionBasedAnnotationAttributeFactory.createPreInvocationAttribute(ExpressionBasedAnnotationAttributeFactory.java:59) ~[spring-security-core-4.2.2.RELEASE.jar:4.2.2.RELEASE]
	at org.springframework.security.access.prepost.PrePostAnnotationSecurityMetadataSource.getAttributes(PrePostAnnotationSecurityMetadataSource.java:89) ~[spring-security-core-4.2.2.RELEASE.jar:4.2.2.RELEASE]
	at org.springframework.security.access.method.DelegatingMethodSecurityMetadataSource.getAttributes(DelegatingMethodSecurityMetadataSource.java:73) ~[spring-security-core-4.2.2.RELEASE.jar:4.2.2.RELEASE]
	at org.springframework.security.access.intercept.aopalliance.MethodSecurityMetadataSourceAdvisor$MethodSecurityMetadataSourcePointcut.matches(MethodSecurityMetadataSourceAdvisor.java:134) ~[spring-security-core-4.2.2.RELEASE.jar:4.2.2.RELEASE]
	at org.springframework.aop.support.MethodMatchers.matches(MethodMatchers.java:94) ~[spring-aop-4.3.5.RELEASE.jar:4.3.5.RELEASE]
	at org.springframework.aop.framework.DefaultAdvisorChainFactory.getInterceptorsAndDynamicInterceptionAdvice(DefaultAdvisorChainFactory.java:67) ~[spring-aop-4.3.5.RELEASE.jar:4.3.5.RELEASE]
	at org.springframework.aop.framework.AdvisedSupport.getInterceptorsAndDynamicInterceptionAdvice(AdvisedSupport.java:489) ~[spring-aop-4.3.5.RELEASE.jar:4.3.5.RELEASE]
	at org.springframework.aop.framework.CglibAopProxy$ProxyCallbackFilter.accept(CglibAopProxy.java:808) ~[spring-aop-4.3.5.RELEASE.jar:4.3.5.RELEASE]
	at org.springframework.cglib.proxy.Enhancer.emitMethods(Enhancer.java:1108) ~[spring-core-4.3.5.RELEASE.jar:4.3.5.RELEASE]
	at org.springframework.cglib.proxy.Enhancer.generateClass(Enhancer.java:630) ~[spring-core-4.3.5.RELEASE.jar:4.3.5.RELEASE]
	at org.springframework.cglib.transform.TransformingClassGenerator.generateClass(TransformingClassGenerator.java:33) ~[spring-core-4.3.5.RELEASE.jar:4.3.5.RELEASE]
	at org.springframework.cglib.core.DefaultGeneratorStrategy.generate(DefaultGeneratorStrategy.java:25) ~[spring-core-4.3.5.RELEASE.jar:4.3.5.RELEASE]
	at org.springframework.aop.framework.CglibAopProxy$ClassLoaderAwareUndeclaredThrowableStrategy.generate(CglibAopProxy.java:991) ~[spring-aop-4.3.5.RELEASE.jar:4.3.5.RELEASE]
	at org.springframework.cglib.core.AbstractClassGenerator.generate(AbstractClassGenerator.java:329) ~[spring-core-4.3.5.RELEASE.jar:4.3.5.RELEASE]
	at org.springframework.cglib.proxy.Enhancer.generate(Enhancer.java:492) ~[spring-core-4.3.5.RELEASE.jar:4.3.5.RELEASE]
	at org.springframework.cglib.core.AbstractClassGenerator$ClassLoaderData$3.apply(AbstractClassGenerator.java:93) ~[spring-core-4.3.5.RELEASE.jar:4.3.5.RELEASE]
	at org.springframework.cglib.core.AbstractClassGenerator$ClassLoaderData$3.apply(AbstractClassGenerator.java:91) ~[spring-core-4.3.5.RELEASE.jar:4.3.5.RELEASE]
	at org.springframework.cglib.core.internal.LoadingCache$2.call(LoadingCache.java:54) ~[spring-core-4.3.5.RELEASE.jar:4.3.5.RELEASE]
	at java.util.concurrent.FutureTask.run(FutureTask.java:266) ~[na:1.8.0_161]
	at org.springframework.cglib.core.internal.LoadingCache.createEntry(LoadingCache.java:61) ~[spring-core-4.3.5.RELEASE.jar:4.3.5.RELEASE]
	at org.springframework.cglib.core.internal.LoadingCache.get(LoadingCache.java:34) ~[spring-core-4.3.5.RELEASE.jar:4.3.5.RELEASE]
	at org.springframework.cglib.core.AbstractClassGenerator$ClassLoaderData.get(AbstractClassGenerator.java:116) ~[spring-core-4.3.5.RELEASE.jar:4.3.5.RELEASE]
	at org.springframework.cglib.core.AbstractClassGenerator.create(AbstractClassGenerator.java:291) ~[spring-core-4.3.5.RELEASE.jar:4.3.5.RELEASE]
	at org.springframework.cglib.proxy.Enhancer.createHelper(Enhancer.java:480) ~[spring-core-4.3.5.RELEASE.jar:4.3.5.RELEASE]
	at org.springframework.cglib.proxy.Enhancer.createClass(Enhancer.java:337) ~[spring-core-4.3.5.RELEASE.jar:4.3.5.RELEASE]
	at org.springframework.aop.framework.ObjenesisCglibAopProxy.createProxyClassAndInstance(ObjenesisCglibAopProxy.java:55) ~[spring-aop-4.3.5.RELEASE.jar:4.3.5.RELEASE]
	at org.springframework.aop.framework.CglibAopProxy.getProxy(CglibAopProxy.java:203) ~[spring-aop-4.3.5.RELEASE.jar:4.3.5.RELEASE]
	... 47 common frames omitted
Caused by: org.springframework.expression.spel.SpelParseException: Expression [new val] @7: EL1050E: The arguments (...) for the constructor call are missing
	at org.springframework.expression.spel.standard.InternalSpelExpressionParser.eatConstructorArgs(InternalSpelExpressionParser.java:450) ~[spring-expression-4.3.5.RELEASE.jar:4.3.5.RELEASE]
	at org.springframework.expression.spel.standard.InternalSpelExpressionParser.maybeEatConstructorReference(InternalSpelExpressionParser.java:799) ~[spring-expression-4.3.5.RELEASE.jar:4.3.5.RELEASE]
	at org.springframework.expression.spel.standard.InternalSpelExpressionParser.eatStartNode(InternalSpelExpressionParser.java:507) ~[spring-expression-4.3.5.RELEASE.jar:4.3.5.RELEASE]
	at org.springframework.expression.spel.standard.InternalSpelExpressionParser.eatPrimaryExpression(InternalSpelExpressionParser.java:343) ~[spring-expression-4.3.5.RELEASE.jar:4.3.5.RELEASE]
	at org.springframework.expression.spel.standard.InternalSpelExpressionParser.eatUnaryExpression(InternalSpelExpressionParser.java:337) ~[spring-expression-4.3.5.RELEASE.jar:4.3.5.RELEASE]
	at org.springframework.expression.spel.standard.InternalSpelExpressionParser.eatPowerIncDecExpression(InternalSpelExpressionParser.java:293) ~[spring-expression-4.3.5.RELEASE.jar:4.3.5.RELEASE]
	at org.springframework.expression.spel.standard.InternalSpelExpressionParser.eatProductExpression(InternalSpelExpressionParser.java:272) ~[spring-expression-4.3.5.RELEASE.jar:4.3.5.RELEASE]
	at org.springframework.expression.spel.standard.InternalSpelExpressionParser.eatSumExpression(InternalSpelExpressionParser.java:255) ~[spring-expression-4.3.5.RELEASE.jar:4.3.5.RELEASE]
	at org.springframework.expression.spel.standard.InternalSpelExpressionParser.eatRelationalExpression(InternalSpelExpressionParser.java:210) ~[spring-expression-4.3.5.RELEASE.jar:4.3.5.RELEASE]
	at org.springframework.expression.spel.standard.InternalSpelExpressionParser.eatLogicalAndExpression(InternalSpelExpressionParser.java:198) ~[spring-expression-4.3.5.RELEASE.jar:4.3.5.RELEASE]
	at org.springframework.expression.spel.standard.InternalSpelExpressionParser.eatLogicalOrExpression(InternalSpelExpressionParser.java:186) ~[spring-expression-4.3.5.RELEASE.jar:4.3.5.RELEASE]
	at org.springframework.expression.spel.standard.InternalSpelExpressionParser.eatExpression(InternalSpelExpressionParser.java:146) ~[spring-expression-4.3.5.RELEASE.jar:4.3.5.RELEASE]
	at org.springframework.expression.spel.standard.InternalSpelExpressionParser.doParseExpression(InternalSpelExpressionParser.java:127) ~[spring-expression-4.3.5.RELEASE.jar:4.3.5.RELEASE]
	at org.springframework.expression.spel.standard.SpelExpressionParser.doParseExpression(SpelExpressionParser.java:60) ~[spring-expression-4.3.5.RELEASE.jar:4.3.5.RELEASE]
	at org.springframework.expression.spel.standard.SpelExpressionParser.doParseExpression(SpelExpressionParser.java:32) ~[spring-expression-4.3.5.RELEASE.jar:4.3.5.RELEASE]
	at org.springframework.expression.common.TemplateAwareExpressionParser.parseExpression(TemplateAwareExpressionParser.java:76) ~[spring-expression-4.3.5.RELEASE.jar:4.3.5.RELEASE]
	at org.springframework.expression.common.TemplateAwareExpressionParser.parseExpression(TemplateAwareExpressionParser.java:62) ~[spring-expression-4.3.5.RELEASE.jar:4.3.5.RELEASE]
	at org.springframework.security.access.expression.method.ExpressionBasedAnnotationAttributeFactory.createPreInvocationAttribute(ExpressionBasedAnnotationAttributeFactory.java:51) ~[spring-security-core-4.2.2.RELEASE.jar:4.2.2.RELEASE]
	... 73 common frames omitted
]]></system-out>
  </testcase>
  <testcase name="testGetNonExistentOfficeVisit" classname="edu.ncsu.csc.itrust2.apitest.APIOfficeVisitTest" time="0">
    <error message="Failed to load ApplicationContext" type="java.lang.IllegalStateException">java.lang.IllegalStateException: Failed to load ApplicationContext
Caused by: org.springframework.beans.factory.BeanCreationException: Error creating bean with name 'HCPController' defined in file [/var/lib/jenkins/workspace/itrust-test/iTrust2/target/classes/edu/ncsu/csc/itrust2/controllers/hcp/HCPController.class]: Initialization of bean failed; nested exception is org.springframework.aop.framework.AopConfigException: Could not generate CGLIB subclass of class [class edu.ncsu.csc.itrust2.controllers.hcp.HCPController]: Common causes of this problem include using a final class or a non-visible class; nested exception is java.lang.IllegalArgumentException: Failed to parse expression 'new val'
Caused by: org.springframework.aop.framework.AopConfigException: Could not generate CGLIB subclass of class [class edu.ncsu.csc.itrust2.controllers.hcp.HCPController]: Common causes of this problem include using a final class or a non-visible class; nested exception is java.lang.IllegalArgumentException: Failed to parse expression 'new val'
Caused by: java.lang.IllegalArgumentException: Failed to parse expression 'new val'
Caused by: org.springframework.expression.spel.SpelParseException: Expression [new val] @7: EL1050E: The arguments (...) for the constructor call are missing
</error>
    <system-out><![CDATA[06:28:14.573 [main] DEBUG o.s.t.annotation.ProfileValueUtils - Retrieved @ProfileValueSourceConfiguration [null] for test class [edu.ncsu.csc.itrust2.apitest.APIOfficeVisitTest]
06:28:14.573 [main] DEBUG o.s.t.annotation.ProfileValueUtils - Retrieved ProfileValueSource type [class org.springframework.test.annotation.SystemProfileValueSource] for class [edu.ncsu.csc.itrust2.apitest.APIOfficeVisitTest]
06:28:14.573 [main] DEBUG o.s.t.c.s.AbstractDelegatingSmartContextLoader - Delegating to AnnotationConfigWebContextLoader to load context from [WebMergedContextConfiguration@89a6a3b testClass = APIOfficeVisitTest, locations = '{}', classes = '{class edu.ncsu.csc.itrust2.config.RootConfiguration, class edu.ncsu.csc.itrust2.mvc.config.WebMvcConfiguration}', contextInitializerClasses = '[]', activeProfiles = '{}', propertySourceLocations = '{}', propertySourceProperties = '{}', contextCustomizers = set[[empty]], resourceBasePath = 'src/main/webapp', contextLoader = 'org.springframework.test.context.web.WebDelegatingSmartContextLoader', parent = [null]].
06:28:14.573 [main] DEBUG o.s.t.c.w.AbstractGenericWebContextLoader - Loading WebApplicationContext for merged context configuration [WebMergedContextConfiguration@89a6a3b testClass = APIOfficeVisitTest, locations = '{}', classes = '{class edu.ncsu.csc.itrust2.config.RootConfiguration, class edu.ncsu.csc.itrust2.mvc.config.WebMvcConfiguration}', contextInitializerClasses = '[]', activeProfiles = '{}', propertySourceLocations = '{}', propertySourceProperties = '{}', contextCustomizers = set[[empty]], resourceBasePath = 'src/main/webapp', contextLoader = 'org.springframework.test.context.web.WebDelegatingSmartContextLoader', parent = [null]].
06:28:14.573 [main] DEBUG o.s.w.c.s.StandardServletEnvironment - Adding [servletConfigInitParams] PropertySource with lowest search precedence
06:28:14.573 [main] DEBUG o.s.w.c.s.StandardServletEnvironment - Adding [servletContextInitParams] PropertySource with lowest search precedence
06:28:14.574 [main] DEBUG o.s.w.c.s.StandardServletEnvironment - Adding [systemProperties] PropertySource with lowest search precedence
06:28:14.574 [main] DEBUG o.s.w.c.s.StandardServletEnvironment - Adding [systemEnvironment] PropertySource with lowest search precedence
06:28:14.574 [main] DEBUG o.s.w.c.s.StandardServletEnvironment - Initialized StandardServletEnvironment with PropertySources [servletConfigInitParams,servletContextInitParams,systemProperties,systemEnvironment]
06:28:14.574 [main] DEBUG o.s.t.c.w.AnnotationConfigWebContextLoader - Registering annotated classes: {class edu.ncsu.csc.itrust2.config.RootConfiguration, class edu.ncsu.csc.itrust2.mvc.config.WebMvcConfiguration}
06:28:14.575 [main] INFO  o.s.w.c.s.GenericWebApplicationContext - Refreshing org.springframework.web.context.support.GenericWebApplicationContext@13b9460c: startup date [Thu Mar 22 06:28:14 UTC 2018]; root of context hierarchy
06:28:14.576 [main] DEBUG o.s.w.c.s.StandardServletEnvironment - Replacing [servletContextInitParams] PropertySource with [servletContextInitParams]
06:28:14.576 [main] DEBUG o.s.w.c.s.GenericWebApplicationContext - Bean factory for org.springframework.web.context.support.GenericWebApplicationContext@13b9460c: org.springframework.beans.factory.support.DefaultListableBeanFactory@3a133ab9: defining beans [org.springframework.context.annotation.internalConfigurationAnnotationProcessor,org.springframework.context.annotation.internalAutowiredAnnotationProcessor,org.springframework.context.annotation.internalRequiredAnnotationProcessor,org.springframework.context.annotation.internalCommonAnnotationProcessor,org.springframework.context.annotation.internalPersistenceAnnotationProcessor,org.springframework.context.event.internalEventListenerProcessor,org.springframework.context.event.internalEventListenerFactory,rootConfiguration,webMvcConfiguration]; root of factory hierarchy
06:28:14.576 [main] DEBUG o.s.b.f.s.DefaultListableBeanFactory - Registering scope 'request' with implementation [org.springframework.web.context.request.RequestScope@2c56faef]
06:28:14.576 [main] DEBUG o.s.b.f.s.DefaultListableBeanFactory - Registering scope 'session' with implementation [org.springframework.web.context.request.SessionScope@7506404f]
06:28:14.576 [main] DEBUG o.s.b.f.s.DefaultListableBeanFactory - Registering scope 'globalSession' with implementation [org.springframework.web.context.request.SessionScope@56637aa4]
06:28:14.576 [main] DEBUG o.s.b.f.s.DefaultListableBeanFactory - Registering scope 'application' with implementation [org.springframework.web.context.support.ServletContextScope@3cedcaaf]
06:28:14.576 [main] DEBUG o.s.b.f.s.DefaultListableBeanFactory - Creating shared instance of singleton bean 'org.springframework.context.annotation.internalConfigurationAnnotationProcessor'
06:28:14.576 [main] DEBUG o.s.b.f.s.DefaultListableBeanFactory - Creating instance of bean 'org.springframework.context.annotation.internalConfigurationAnnotationProcessor'
06:28:14.576 [main] DEBUG o.s.b.f.s.DefaultListableBeanFactory - Eagerly caching bean 'org.springframework.context.annotation.internalConfigurationAnnotationProcessor' to allow for resolving potential circular references
06:28:14.576 [main] DEBUG o.s.b.f.s.DefaultListableBeanFactory - Finished creating instance of bean 'org.springframework.context.annotation.internalConfigurationAnnotationProcessor'
06:28:14.577 [main] DEBUG o.s.core.env.StandardEnvironment - Adding [systemProperties] PropertySource with lowest search precedence
06:28:14.577 [main] DEBUG o.s.core.env.StandardEnvironment - Adding [systemEnvironment] PropertySource with lowest search precedence
06:28:14.577 [main] DEBUG o.s.core.env.StandardEnvironment - Initialized StandardEnvironment with PropertySources [systemProperties,systemEnvironment]
06:28:14.578 [main] DEBUG o.s.c.i.s.PathMatchingResourcePatternResolver - Resolved classpath location [edu/ncsu/csc/itrust2/config/] to resources [URL [file:/var/lib/jenkins/workspace/itrust-test/iTrust2/target/classes/edu/ncsu/csc/itrust2/config/]]
06:28:14.579 [main] DEBUG o.s.c.i.s.PathMatchingResourcePatternResolver - Looking for matching resources in directory tree [/var/lib/jenkins/workspace/itrust-test/iTrust2/target/classes/edu/ncsu/csc/itrust2/config]
06:28:14.579 [main] DEBUG o.s.c.i.s.PathMatchingResourcePatternResolver - Searching directory [/var/lib/jenkins/workspace/itrust-test/iTrust2/target/classes/edu/ncsu/csc/itrust2/config] for files matching pattern [/var/lib/jenkins/workspace/itrust-test/iTrust2/target/classes/edu/ncsu/csc/itrust2/config/**/*.class]
06:28:14.579 [main] DEBUG o.s.c.i.s.PathMatchingResourcePatternResolver - Resolved location pattern [classpath*:edu/ncsu/csc/itrust2/config/**/*.class] to resources [file [/var/lib/jenkins/workspace/itrust-test/iTrust2/target/classes/edu/ncsu/csc/itrust2/config/ContextListener.class], file [/var/lib/jenkins/workspace/itrust-test/iTrust2/target/classes/edu/ncsu/csc/itrust2/config/DataConfiguration.class], file [/var/lib/jenkins/workspace/itrust-test/iTrust2/target/classes/edu/ncsu/csc/itrust2/config/FailureHandler.class], file [/var/lib/jenkins/workspace/itrust-test/iTrust2/target/classes/edu/ncsu/csc/itrust2/config/IPFilter.class], file [/var/lib/jenkins/workspace/itrust-test/iTrust2/target/classes/edu/ncsu/csc/itrust2/config/ITrust2ApplicationInitializer.class], file [/var/lib/jenkins/workspace/itrust-test/iTrust2/target/classes/edu/ncsu/csc/itrust2/config/ITrust2WebApplicationInitializer.class], file [/var/lib/jenkins/workspace/itrust-test/iTrust2/target/classes/edu/ncsu/csc/itrust2/config/LoginAuditingListener.class], file [/var/lib/jenkins/workspace/itrust-test/iTrust2/target/classes/edu/ncsu/csc/itrust2/config/RootConfiguration.class], file [/var/lib/jenkins/workspace/itrust-test/iTrust2/target/classes/edu/ncsu/csc/itrust2/config/SecurityConfig.class]]
06:28:14.580 [main] DEBUG o.s.c.a.ClassPathBeanDefinitionScanner - Identified candidate component class: file [/var/lib/jenkins/workspace/itrust-test/iTrust2/target/classes/edu/ncsu/csc/itrust2/config/DataConfiguration.class]
06:28:14.581 [main] DEBUG o.s.c.a.ClassPathBeanDefinitionScanner - Identified candidate component class: file [/var/lib/jenkins/workspace/itrust-test/iTrust2/target/classes/edu/ncsu/csc/itrust2/config/LoginAuditingListener.class]
06:28:14.581 [main] DEBUG o.s.c.a.ClassPathBeanDefinitionScanner - Identified candidate component class: file [/var/lib/jenkins/workspace/itrust-test/iTrust2/target/classes/edu/ncsu/csc/itrust2/config/SecurityConfig.class]
06:28:14.595 [main] DEBUG o.s.core.env.StandardEnvironment - Adding [systemProperties] PropertySource with lowest search precedence
06:28:14.595 [main] DEBUG o.s.core.env.StandardEnvironment - Adding [systemEnvironment] PropertySource with lowest search precedence
06:28:14.595 [main] DEBUG o.s.core.env.StandardEnvironment - Initialized StandardEnvironment with PropertySources [systemProperties,systemEnvironment]
06:28:14.597 [main] DEBUG o.s.c.i.s.PathMatchingResourcePatternResolver - Resolved classpath location [edu/ncsu/csc/itrust2/controllers/] to resources [URL [file:/var/lib/jenkins/workspace/itrust-test/iTrust2/target/classes/edu/ncsu/csc/itrust2/controllers/]]
06:28:14.597 [main] DEBUG o.s.c.i.s.PathMatchingResourcePatternResolver - Looking for matching resources in directory tree [/var/lib/jenkins/workspace/itrust-test/iTrust2/target/classes/edu/ncsu/csc/itrust2/controllers]
06:28:14.597 [main] DEBUG o.s.c.i.s.PathMatchingResourcePatternResolver - Searching directory [/var/lib/jenkins/workspace/itrust-test/iTrust2/target/classes/edu/ncsu/csc/itrust2/controllers] for files matching pattern [/var/lib/jenkins/workspace/itrust-test/iTrust2/target/classes/edu/ncsu/csc/itrust2/controllers/**/*.class]
06:28:14.597 [main] DEBUG o.s.c.i.s.PathMatchingResourcePatternResolver - Searching directory [/var/lib/jenkins/workspace/itrust-test/iTrust2/target/classes/edu/ncsu/csc/itrust2/controllers/admin] for files matching pattern [/var/lib/jenkins/workspace/itrust-test/iTrust2/target/classes/edu/ncsu/csc/itrust2/controllers/**/*.class]
06:28:14.597 [main] DEBUG o.s.c.i.s.PathMatchingResourcePatternResolver - Searching directory [/var/lib/jenkins/workspace/itrust-test/iTrust2/target/classes/edu/ncsu/csc/itrust2/controllers/api] for files matching pattern [/var/lib/jenkins/workspace/itrust-test/iTrust2/target/classes/edu/ncsu/csc/itrust2/controllers/**/*.class]
06:28:14.598 [main] DEBUG o.s.c.i.s.PathMatchingResourcePatternResolver - Searching directory [/var/lib/jenkins/workspace/itrust-test/iTrust2/target/classes/edu/ncsu/csc/itrust2/controllers/api/comm] for files matching pattern [/var/lib/jenkins/workspace/itrust-test/iTrust2/target/classes/edu/ncsu/csc/itrust2/controllers/**/*.class]
06:28:14.598 [main] DEBUG o.s.c.i.s.PathMatchingResourcePatternResolver - Searching directory [/var/lib/jenkins/workspace/itrust-test/iTrust2/target/classes/edu/ncsu/csc/itrust2/controllers/hcp] for files matching pattern [/var/lib/jenkins/workspace/itrust-test/iTrust2/target/classes/edu/ncsu/csc/itrust2/controllers/**/*.class]
06:28:14.598 [main] DEBUG o.s.c.i.s.PathMatchingResourcePatternResolver - Searching directory [/var/lib/jenkins/workspace/itrust-test/iTrust2/target/classes/edu/ncsu/csc/itrust2/controllers/patient] for files matching pattern [/var/lib/jenkins/workspace/itrust-test/iTrust2/target/classes/edu/ncsu/csc/itrust2/controllers/**/*.class]
06:28:14.598 [main] DEBUG o.s.c.i.s.PathMatchingResourcePatternResolver - Searching directory [/var/lib/jenkins/workspace/itrust-test/iTrust2/target/classes/edu/ncsu/csc/itrust2/controllers/personnel] for files matching pattern [/var/lib/jenkins/workspace/itrust-test/iTrust2/target/classes/edu/ncsu/csc/itrust2/controllers/**/*.class]
06:28:14.599 [main] DEBUG o.s.c.i.s.PathMatchingResourcePatternResolver - Resolved location pattern [classpath*:edu/ncsu/csc/itrust2/controllers/**/*.class] to resources [file [/var/lib/jenkins/workspace/itrust-test/iTrust2/target/classes/edu/ncsu/csc/itrust2/controllers/DefaultController.class], file [/var/lib/jenkins/workspace/itrust-test/iTrust2/target/classes/edu/ncsu/csc/itrust2/controllers/admin/AdminController.class], file [/var/lib/jenkins/workspace/itrust-test/iTrust2/target/classes/edu/ncsu/csc/itrust2/controllers/admin/AdminUserController$1.class], file [/var/lib/jenkins/workspace/itrust-test/iTrust2/target/classes/edu/ncsu/csc/itrust2/controllers/admin/AdminUserController.class], file [/var/lib/jenkins/workspace/itrust-test/iTrust2/target/classes/edu/ncsu/csc/itrust2/controllers/admin/HospitalController.class], file [/var/lib/jenkins/workspace/itrust-test/iTrust2/target/classes/edu/ncsu/csc/itrust2/controllers/admin/ICDCodesController.class], file [/var/lib/jenkins/workspace/itrust-test/iTrust2/target/classes/edu/ncsu/csc/itrust2/controllers/api/APIAppointmentRequestController.class], file [/var/lib/jenkins/workspace/itrust-test/iTrust2/target/classes/edu/ncsu/csc/itrust2/controllers/api/APIController$JSONResponse.class], file [/var/lib/jenkins/workspace/itrust-test/iTrust2/target/classes/edu/ncsu/csc/itrust2/controllers/api/APIController.class], file [/var/lib/jenkins/workspace/itrust-test/iTrust2/target/classes/edu/ncsu/csc/itrust2/controllers/api/APIDiagnosisController.class], file [/var/lib/jenkins/workspace/itrust-test/iTrust2/target/classes/edu/ncsu/csc/itrust2/controllers/api/APIDrugController.class], file [/var/lib/jenkins/workspace/itrust-test/iTrust2/target/classes/edu/ncsu/csc/itrust2/controllers/api/APIEnumController.class], file [/var/lib/jenkins/workspace/itrust-test/iTrust2/target/classes/edu/ncsu/csc/itrust2/controllers/api/APIHospitalController.class], file [/var/lib/jenkins/workspace/itrust-test/iTrust2/target/classes/edu/ncsu/csc/itrust2/controllers/api/APIICDCodeController.class], file [/var/lib/jenkins/workspace/itrust-test/iTrust2/target/classes/edu/ncsu/csc/itrust2/controllers/api/APILogEntryController.class], file [/var/lib/jenkins/workspace/itrust-test/iTrust2/target/classes/edu/ncsu/csc/itrust2/controllers/api/APIOfficeVisitController.class], file [/var/lib/jenkins/workspace/itrust-test/iTrust2/target/classes/edu/ncsu/csc/itrust2/controllers/api/APIPasswordController.class], file [/var/lib/jenkins/workspace/itrust-test/iTrust2/target/classes/edu/ncsu/csc/itrust2/controllers/api/APIPatientController.class], file [/var/lib/jenkins/workspace/itrust-test/iTrust2/target/classes/edu/ncsu/csc/itrust2/controllers/api/APIPersonnelController.class], file [/var/lib/jenkins/workspace/itrust-test/iTrust2/target/classes/edu/ncsu/csc/itrust2/controllers/api/APIPrescriptionController.class], file [/var/lib/jenkins/workspace/itrust-test/iTrust2/target/classes/edu/ncsu/csc/itrust2/controllers/api/APIUserController.class], file [/var/lib/jenkins/workspace/itrust-test/iTrust2/target/classes/edu/ncsu/csc/itrust2/controllers/api/comm/LogEntryRequestBody.class], file [/var/lib/jenkins/workspace/itrust-test/iTrust2/target/classes/edu/ncsu/csc/itrust2/controllers/api/comm/LogEntryTableRow.class], file [/var/lib/jenkins/workspace/itrust-test/iTrust2/target/classes/edu/ncsu/csc/itrust2/controllers/hcp/AppointmentControllerHCP.class], file [/var/lib/jenkins/workspace/itrust-test/iTrust2/target/classes/edu/ncsu/csc/itrust2/controllers/hcp/HCPController.class], file [/var/lib/jenkins/workspace/itrust-test/iTrust2/target/classes/edu/ncsu/csc/itrust2/controllers/hcp/OfficeVisitController.class], file [/var/lib/jenkins/workspace/itrust-test/iTrust2/target/classes/edu/ncsu/csc/itrust2/controllers/patient/AppointmentController.class], file [/var/lib/jenkins/workspace/itrust-test/iTrust2/target/classes/edu/ncsu/csc/itrust2/controllers/patient/DiagnosesController.class], file [/var/lib/jenkins/workspace/itrust-test/iTrust2/target/classes/edu/ncsu/csc/itrust2/controllers/patient/PatientController.class], file [/var/lib/jenkins/workspace/itrust-test/iTrust2/target/classes/edu/ncsu/csc/itrust2/controllers/personnel/PasswordController.class], file [/var/lib/jenkins/workspace/itrust-test/iTrust2/target/classes/edu/ncsu/csc/itrust2/controllers/personnel/UserController.class]]
06:28:14.599 [main] DEBUG o.s.c.a.ClassPathBeanDefinitionScanner - Identified candidate component class: file [/var/lib/jenkins/workspace/itrust-test/iTrust2/target/classes/edu/ncsu/csc/itrust2/controllers/DefaultController.class]
06:28:14.599 [main] DEBUG o.s.c.a.ClassPathBeanDefinitionScanner - Identified candidate component class: file [/var/lib/jenkins/workspace/itrust-test/iTrust2/target/classes/edu/ncsu/csc/itrust2/controllers/admin/AdminController.class]
06:28:14.600 [main] DEBUG o.s.c.a.ClassPathBeanDefinitionScanner - Identified candidate component class: file [/var/lib/jenkins/workspace/itrust-test/iTrust2/target/classes/edu/ncsu/csc/itrust2/controllers/admin/AdminUserController.class]
06:28:14.600 [main] DEBUG o.s.c.a.ClassPathBeanDefinitionScanner - Identified candidate component class: file [/var/lib/jenkins/workspace/itrust-test/iTrust2/target/classes/edu/ncsu/csc/itrust2/controllers/admin/HospitalController.class]
06:28:14.601 [main] DEBUG o.s.c.a.ClassPathBeanDefinitionScanner - Identified candidate component class: file [/var/lib/jenkins/workspace/itrust-test/iTrust2/target/classes/edu/ncsu/csc/itrust2/controllers/admin/ICDCodesController.class]
06:28:14.601 [main] DEBUG o.s.c.a.ClassPathBeanDefinitionScanner - Identified candidate component class: file [/var/lib/jenkins/workspace/itrust-test/iTrust2/target/classes/edu/ncsu/csc/itrust2/controllers/api/APIAppointmentRequestController.class]
06:28:14.602 [main] DEBUG o.s.c.a.ClassPathBeanDefinitionScanner - Identified candidate component class: file [/var/lib/jenkins/workspace/itrust-test/iTrust2/target/classes/edu/ncsu/csc/itrust2/controllers/api/APIDiagnosisController.class]
06:28:14.603 [main] DEBUG o.s.c.a.ClassPathBeanDefinitionScanner - Identified candidate component class: file [/var/lib/jenkins/workspace/itrust-test/iTrust2/target/classes/edu/ncsu/csc/itrust2/controllers/api/APIDrugController.class]
06:28:14.603 [main] DEBUG o.s.c.a.ClassPathBeanDefinitionScanner - Identified candidate component class: file [/var/lib/jenkins/workspace/itrust-test/iTrust2/target/classes/edu/ncsu/csc/itrust2/controllers/api/APIEnumController.class]
06:28:14.604 [main] DEBUG o.s.c.a.ClassPathBeanDefinitionScanner - Identified candidate component class: file [/var/lib/jenkins/workspace/itrust-test/iTrust2/target/classes/edu/ncsu/csc/itrust2/controllers/api/APIHospitalController.class]
06:28:14.604 [main] DEBUG o.s.c.a.ClassPathBeanDefinitionScanner - Identified candidate component class: file [/var/lib/jenkins/workspace/itrust-test/iTrust2/target/classes/edu/ncsu/csc/itrust2/controllers/api/APIICDCodeController.class]
06:28:14.605 [main] DEBUG o.s.c.a.ClassPathBeanDefinitionScanner - Identified candidate component class: file [/var/lib/jenkins/workspace/itrust-test/iTrust2/target/classes/edu/ncsu/csc/itrust2/controllers/api/APILogEntryController.class]
06:28:14.605 [main] DEBUG o.s.c.a.ClassPathBeanDefinitionScanner - Identified candidate component class: file [/var/lib/jenkins/workspace/itrust-test/iTrust2/target/classes/edu/ncsu/csc/itrust2/controllers/api/APIOfficeVisitController.class]
06:28:14.606 [main] DEBUG o.s.c.a.ClassPathBeanDefinitionScanner - Identified candidate component class: file [/var/lib/jenkins/workspace/itrust-test/iTrust2/target/classes/edu/ncsu/csc/itrust2/controllers/api/APIPasswordController.class]
06:28:14.607 [main] DEBUG o.s.c.a.ClassPathBeanDefinitionScanner - Identified candidate component class: file [/var/lib/jenkins/workspace/itrust-test/iTrust2/target/classes/edu/ncsu/csc/itrust2/controllers/api/APIPatientController.class]
06:28:14.607 [main] DEBUG o.s.c.a.ClassPathBeanDefinitionScanner - Identified candidate component class: file [/var/lib/jenkins/workspace/itrust-test/iTrust2/target/classes/edu/ncsu/csc/itrust2/controllers/api/APIPersonnelController.class]
06:28:14.608 [main] DEBUG o.s.c.a.ClassPathBeanDefinitionScanner - Identified candidate component class: file [/var/lib/jenkins/workspace/itrust-test/iTrust2/target/classes/edu/ncsu/csc/itrust2/controllers/api/APIPrescriptionController.class]
06:28:14.608 [main] DEBUG o.s.c.a.ClassPathBeanDefinitionScanner - Identified candidate component class: file [/var/lib/jenkins/workspace/itrust-test/iTrust2/target/classes/edu/ncsu/csc/itrust2/controllers/api/APIUserController.class]
06:28:14.609 [main] DEBUG o.s.c.a.ClassPathBeanDefinitionScanner - Identified candidate component class: file [/var/lib/jenkins/workspace/itrust-test/iTrust2/target/classes/edu/ncsu/csc/itrust2/controllers/hcp/AppointmentControllerHCP.class]
06:28:14.609 [main] DEBUG o.s.c.a.ClassPathBeanDefinitionScanner - Identified candidate component class: file [/var/lib/jenkins/workspace/itrust-test/iTrust2/target/classes/edu/ncsu/csc/itrust2/controllers/hcp/HCPController.class]
06:28:14.609 [main] DEBUG o.s.c.a.ClassPathBeanDefinitionScanner - Identified candidate component class: file [/var/lib/jenkins/workspace/itrust-test/iTrust2/target/classes/edu/ncsu/csc/itrust2/controllers/hcp/OfficeVisitController.class]
06:28:14.610 [main] DEBUG o.s.c.a.ClassPathBeanDefinitionScanner - Identified candidate component class: file [/var/lib/jenkins/workspace/itrust-test/iTrust2/target/classes/edu/ncsu/csc/itrust2/controllers/patient/AppointmentController.class]
06:28:14.610 [main] DEBUG o.s.c.a.ClassPathBeanDefinitionScanner - Identified candidate component class: file [/var/lib/jenkins/workspace/itrust-test/iTrust2/target/classes/edu/ncsu/csc/itrust2/controllers/patient/DiagnosesController.class]
06:28:14.611 [main] DEBUG o.s.c.a.ClassPathBeanDefinitionScanner - Identified candidate component class: file [/var/lib/jenkins/workspace/itrust-test/iTrust2/target/classes/edu/ncsu/csc/itrust2/controllers/patient/PatientController.class]
06:28:14.611 [main] DEBUG o.s.c.a.ClassPathBeanDefinitionScanner - Identified candidate component class: file [/var/lib/jenkins/workspace/itrust-test/iTrust2/target/classes/edu/ncsu/csc/itrust2/controllers/personnel/PasswordController.class]
06:28:14.611 [main] DEBUG o.s.c.a.ClassPathBeanDefinitionScanner - Identified candidate component class: file [/var/lib/jenkins/workspace/itrust-test/iTrust2/target/classes/edu/ncsu/csc/itrust2/controllers/personnel/UserController.class]
06:28:14.612 [main] DEBUG o.s.c.i.s.PathMatchingResourcePatternResolver - Resolved classpath location [edu/ncsu/csc/itrust2/config/] to resources [URL [file:/var/lib/jenkins/workspace/itrust-test/iTrust2/target/classes/edu/ncsu/csc/itrust2/config/]]
06:28:14.612 [main] DEBUG o.s.c.i.s.PathMatchingResourcePatternResolver - Looking for matching resources in directory tree [/var/lib/jenkins/workspace/itrust-test/iTrust2/target/classes/edu/ncsu/csc/itrust2/config]
06:28:14.612 [main] DEBUG o.s.c.i.s.PathMatchingResourcePatternResolver - Searching directory [/var/lib/jenkins/workspace/itrust-test/iTrust2/target/classes/edu/ncsu/csc/itrust2/config] for files matching pattern [/var/lib/jenkins/workspace/itrust-test/iTrust2/target/classes/edu/ncsu/csc/itrust2/config/**/*.class]
06:28:14.613 [main] DEBUG o.s.c.i.s.PathMatchingResourcePatternResolver - Resolved location pattern [classpath*:edu/ncsu/csc/itrust2/config/**/*.class] to resources [file [/var/lib/jenkins/workspace/itrust-test/iTrust2/target/classes/edu/ncsu/csc/itrust2/config/ContextListener.class], file [/var/lib/jenkins/workspace/itrust-test/iTrust2/target/classes/edu/ncsu/csc/itrust2/config/DataConfiguration.class], file [/var/lib/jenkins/workspace/itrust-test/iTrust2/target/classes/edu/ncsu/csc/itrust2/config/FailureHandler.class], file [/var/lib/jenkins/workspace/itrust-test/iTrust2/target/classes/edu/ncsu/csc/itrust2/config/IPFilter.class], file [/var/lib/jenkins/workspace/itrust-test/iTrust2/target/classes/edu/ncsu/csc/itrust2/config/ITrust2ApplicationInitializer.class], file [/var/lib/jenkins/workspace/itrust-test/iTrust2/target/classes/edu/ncsu/csc/itrust2/config/ITrust2WebApplicationInitializer.class], file [/var/lib/jenkins/workspace/itrust-test/iTrust2/target/classes/edu/ncsu/csc/itrust2/config/LoginAuditingListener.class], file [/var/lib/jenkins/workspace/itrust-test/iTrust2/target/classes/edu/ncsu/csc/itrust2/config/RootConfiguration.class], file [/var/lib/jenkins/workspace/itrust-test/iTrust2/target/classes/edu/ncsu/csc/itrust2/config/SecurityConfig.class]]
06:28:14.613 [main] DEBUG o.s.c.a.ClassPathBeanDefinitionScanner - Identified candidate component class: file [/var/lib/jenkins/workspace/itrust-test/iTrust2/target/classes/edu/ncsu/csc/itrust2/config/DataConfiguration.class]
06:28:14.613 [main] DEBUG o.s.c.a.ClassPathBeanDefinitionScanner - Identified candidate component class: file [/var/lib/jenkins/workspace/itrust-test/iTrust2/target/classes/edu/ncsu/csc/itrust2/config/LoginAuditingListener.class]
06:28:14.614 [main] DEBUG o.s.c.a.ClassPathBeanDefinitionScanner - Identified candidate component class: file [/var/lib/jenkins/workspace/itrust-test/iTrust2/target/classes/edu/ncsu/csc/itrust2/config/RootConfiguration.class]
06:28:14.614 [main] DEBUG o.s.c.a.ClassPathBeanDefinitionScanner - Identified candidate component class: file [/var/lib/jenkins/workspace/itrust-test/iTrust2/target/classes/edu/ncsu/csc/itrust2/config/SecurityConfig.class]
06:28:14.634 [main] DEBUG o.s.c.a.ConfigurationClassBeanDefinitionReader - Registering bean definition for @Bean method edu.ncsu.csc.itrust2.config.DataConfiguration.dataSource()
06:28:14.634 [main] DEBUG o.s.c.a.ConfigurationClassBeanDefinitionReader - Registered bean definition for imported class 'org.springframework.security.config.annotation.configuration.ObjectPostProcessorConfiguration'
06:28:14.634 [main] DEBUG o.s.c.a.ConfigurationClassBeanDefinitionReader - Registering bean definition for @Bean method org.springframework.security.config.annotation.configuration.ObjectPostProcessorConfiguration.objectPostProcessor()
06:28:14.634 [main] DEBUG o.s.c.a.ConfigurationClassBeanDefinitionReader - Registered bean definition for imported class 'org.springframework.security.config.annotation.authentication.configuration.AuthenticationConfiguration'
06:28:14.634 [main] DEBUG o.s.c.a.ConfigurationClassBeanDefinitionReader - Registering bean definition for @Bean method org.springframework.security.config.annotation.authentication.configuration.AuthenticationConfiguration.authenticationManagerBuilder()
06:28:14.634 [main] DEBUG o.s.c.a.ConfigurationClassBeanDefinitionReader - Registering bean definition for @Bean method org.springframework.security.config.annotation.authentication.configuration.AuthenticationConfiguration.enableGlobalAuthenticationAutowiredConfigurer()
06:28:14.634 [main] DEBUG o.s.c.a.ConfigurationClassBeanDefinitionReader - Registering bean definition for @Bean method org.springframework.security.config.annotation.authentication.configuration.AuthenticationConfiguration.initializeUserDetailsBeanManagerConfigurer()
06:28:14.634 [main] DEBUG o.s.c.a.ConfigurationClassBeanDefinitionReader - Registering bean definition for @Bean method org.springframework.security.config.annotation.authentication.configuration.AuthenticationConfiguration.initializeAuthenticationProviderBeanManagerConfigurer()
06:28:14.634 [main] DEBUG o.s.c.a.ConfigurationClassBeanDefinitionReader - Registered bean definition for imported class 'org.springframework.security.config.annotation.web.configuration.WebSecurityConfiguration'
06:28:14.634 [main] DEBUG o.s.c.a.ConfigurationClassBeanDefinitionReader - Registering bean definition for @Bean method org.springframework.security.config.annotation.web.configuration.WebSecurityConfiguration.delegatingApplicationListener()
06:28:14.635 [main] DEBUG o.s.c.a.ConfigurationClassBeanDefinitionReader - Registering bean definition for @Bean method org.springframework.security.config.annotation.web.configuration.WebSecurityConfiguration.webSecurityExpressionHandler()
06:28:14.635 [main] DEBUG o.s.c.a.ConfigurationClassBeanDefinitionReader - Registering bean definition for @Bean method org.springframework.security.config.annotation.web.configuration.WebSecurityConfiguration.springSecurityFilterChain()
06:28:14.635 [main] DEBUG o.s.c.a.ConfigurationClassBeanDefinitionReader - Registering bean definition for @Bean method org.springframework.security.config.annotation.web.configuration.WebSecurityConfiguration.privilegeEvaluator()
06:28:14.635 [main] DEBUG o.s.c.a.ConfigurationClassBeanDefinitionReader - Registering bean definition for @Bean method org.springframework.security.config.annotation.web.configuration.WebSecurityConfiguration.autowiredWebSecurityConfigurersIgnoreParents()
06:28:14.635 [main] DEBUG o.s.c.a.ConfigurationClassBeanDefinitionReader - Registered bean definition for imported class 'org.springframework.security.config.annotation.web.configuration.WebMvcSecurityConfiguration'
06:28:14.635 [main] DEBUG o.s.c.a.ConfigurationClassBeanDefinitionReader - Registering bean definition for @Bean method org.springframework.security.config.annotation.web.configuration.WebMvcSecurityConfiguration.requestDataValueProcessor()
06:28:14.635 [main] DEBUG o.s.c.a.ConfigurationClassBeanDefinitionReader - Registering bean definition for @Bean method edu.ncsu.csc.itrust2.config.SecurityConfig.passwordEncoder()
06:28:14.635 [main] DEBUG o.s.c.a.ConfigurationClassBeanDefinitionReader - Registering bean definition for @Bean method edu.ncsu.csc.itrust2.config.SecurityConfig.defaultAuthenticationEventPublisher()
06:28:14.635 [main] DEBUG o.s.c.a.ConfigurationClassBeanDefinitionReader - Registering bean definition for @Bean method edu.ncsu.csc.itrust2.config.SecurityConfig.failureHandler()
06:28:14.635 [main] DEBUG o.s.c.a.ConfigurationClassBeanDefinitionReader - Registering bean definition for @Bean method edu.ncsu.csc.itrust2.config.SecurityConfig.ipBlockFilter()
06:28:14.635 [main] DEBUG o.s.c.a.ConfigurationClassBeanDefinitionReader - Registered bean definition for imported class 'org.springframework.web.servlet.config.annotation.DelegatingWebMvcConfiguration'
06:28:14.635 [main] DEBUG o.s.c.a.ConfigurationClassBeanDefinitionReader - Registering bean definition for @Bean method org.springframework.web.servlet.config.annotation.DelegatingWebMvcConfiguration.mvcConversionService()
06:28:14.635 [main] DEBUG o.s.c.a.ConfigurationClassBeanDefinitionReader - Registering bean definition for @Bean method org.springframework.web.servlet.config.annotation.DelegatingWebMvcConfiguration.mvcContentNegotiationManager()
06:28:14.635 [main] DEBUG o.s.c.a.ConfigurationClassBeanDefinitionReader - Registering bean definition for @Bean method org.springframework.web.servlet.config.annotation.DelegatingWebMvcConfiguration.viewControllerHandlerMapping()
06:28:14.635 [main] DEBUG o.s.c.a.ConfigurationClassBeanDefinitionReader - Registering bean definition for @Bean method org.springframework.web.servlet.config.annotation.DelegatingWebMvcConfiguration.beanNameHandlerMapping()
06:28:14.636 [main] DEBUG o.s.c.a.ConfigurationClassBeanDefinitionReader - Registering bean definition for @Bean method org.springframework.web.servlet.config.annotation.DelegatingWebMvcConfiguration.resourceHandlerMapping()
06:28:14.636 [main] DEBUG o.s.c.a.ConfigurationClassBeanDefinitionReader - Registering bean definition for @Bean method org.springframework.web.servlet.config.annotation.DelegatingWebMvcConfiguration.mvcResourceUrlProvider()
06:28:14.636 [main] DEBUG o.s.c.a.ConfigurationClassBeanDefinitionReader - Registering bean definition for @Bean method org.springframework.web.servlet.config.annotation.DelegatingWebMvcConfiguration.defaultServletHandlerMapping()
06:28:14.636 [main] DEBUG o.s.c.a.ConfigurationClassBeanDefinitionReader - Registering bean definition for @Bean method org.springframework.web.servlet.config.annotation.DelegatingWebMvcConfiguration.requestMappingHandlerAdapter()
06:28:14.636 [main] DEBUG o.s.c.a.ConfigurationClassBeanDefinitionReader - Registering bean definition for @Bean method org.springframework.web.servlet.config.annotation.DelegatingWebMvcConfiguration.mvcValidator()
06:28:14.636 [main] DEBUG o.s.c.a.ConfigurationClassBeanDefinitionReader - Registering bean definition for @Bean method org.springframework.web.servlet.config.annotation.DelegatingWebMvcConfiguration.mvcUriComponentsContributor()
06:28:14.636 [main] DEBUG o.s.c.a.ConfigurationClassBeanDefinitionReader - Registering bean definition for @Bean method org.springframework.web.servlet.config.annotation.DelegatingWebMvcConfiguration.httpRequestHandlerAdapter()
06:28:14.636 [main] DEBUG o.s.c.a.ConfigurationClassBeanDefinitionReader - Registering bean definition for @Bean method org.springframework.web.servlet.config.annotation.DelegatingWebMvcConfiguration.simpleControllerHandlerAdapter()
06:28:14.636 [main] DEBUG o.s.c.a.ConfigurationClassBeanDefinitionReader - Registering bean definition for @Bean method org.springframework.web.servlet.config.annotation.DelegatingWebMvcConfiguration.handlerExceptionResolver()
06:28:14.636 [main] DEBUG o.s.c.a.ConfigurationClassBeanDefinitionReader - Registering bean definition for @Bean method org.springframework.web.servlet.config.annotation.DelegatingWebMvcConfiguration.mvcViewResolver()
06:28:14.636 [main] DEBUG o.s.c.a.ConfigurationClassBeanDefinitionReader - Registering bean definition for @Bean method org.springframework.web.servlet.config.annotation.DelegatingWebMvcConfiguration.requestMappingHandlerMapping()
06:28:14.636 [main] DEBUG o.s.c.a.ConfigurationClassBeanDefinitionReader - Registering bean definition for @Bean method org.springframework.web.servlet.config.annotation.DelegatingWebMvcConfiguration.mvcPathMatcher()
06:28:14.636 [main] DEBUG o.s.c.a.ConfigurationClassBeanDefinitionReader - Registering bean definition for @Bean method org.springframework.web.servlet.config.annotation.DelegatingWebMvcConfiguration.mvcUrlPathHelper()
06:28:14.636 [main] DEBUG o.s.c.a.ConfigurationClassBeanDefinitionReader - Registered bean definition for imported class 'org.springframework.security.config.annotation.method.configuration.GlobalMethodSecurityConfiguration'
06:28:14.636 [main] DEBUG o.s.c.a.ConfigurationClassBeanDefinitionReader - Registering bean definition for @Bean method org.springframework.security.config.annotation.method.configuration.GlobalMethodSecurityConfiguration.methodSecurityInterceptor()
06:28:14.636 [main] DEBUG o.s.c.a.ConfigurationClassBeanDefinitionReader - Registering bean definition for @Bean method org.springframework.security.config.annotation.method.configuration.GlobalMethodSecurityConfiguration.methodSecurityMetadataSource()
06:28:14.637 [main] DEBUG o.s.c.a.ConfigurationClassBeanDefinitionReader - Registering bean definition for @Bean method org.springframework.security.config.annotation.method.configuration.GlobalMethodSecurityConfiguration.preInvocationAuthorizationAdvice()
06:28:14.637 [main] DEBUG o.s.c.a.ConfigurationClassBeanDefinitionReader - Registering bean definition for @Bean method edu.ncsu.csc.itrust2.mvc.config.WebMvcConfiguration.viewResolver()
06:28:14.637 [main] DEBUG o.s.c.a.ConfigurationClassBeanDefinitionReader - Registering bean definition for @Bean method edu.ncsu.csc.itrust2.mvc.config.WebMvcConfiguration.templateEngine()
06:28:14.637 [main] DEBUG o.s.c.a.ConfigurationClassBeanDefinitionReader - Registering bean definition for @Bean method edu.ncsu.csc.itrust2.mvc.config.WebMvcConfiguration.domainClassConverter()
06:28:14.639 [main] DEBUG o.s.c.a.ConfigurationClassEnhancer - Successfully enhanced edu.ncsu.csc.itrust2.config.RootConfiguration; enhanced class name is: edu.ncsu.csc.itrust2.config.RootConfiguration$$EnhancerBySpringCGLIB$$531f067d
06:28:14.639 [main] DEBUG o.s.c.a.ConfigurationClassPostProcessor - Replacing bean definition 'rootConfiguration' existing class 'edu.ncsu.csc.itrust2.config.RootConfiguration' with enhanced class 'edu.ncsu.csc.itrust2.config.RootConfiguration$$EnhancerBySpringCGLIB$$531f067d'
06:28:14.639 [main] DEBUG o.s.c.a.ConfigurationClassEnhancer - Successfully enhanced edu.ncsu.csc.itrust2.mvc.config.WebMvcConfiguration; enhanced class name is: edu.ncsu.csc.itrust2.mvc.config.WebMvcConfiguration$$EnhancerBySpringCGLIB$$6fca09cd
06:28:14.639 [main] DEBUG o.s.c.a.ConfigurationClassPostProcessor - Replacing bean definition 'webMvcConfiguration' existing class 'edu.ncsu.csc.itrust2.mvc.config.WebMvcConfiguration' with enhanced class 'edu.ncsu.csc.itrust2.mvc.config.WebMvcConfiguration$$EnhancerBySpringCGLIB$$6fca09cd'
06:28:14.639 [main] DEBUG o.s.c.a.ConfigurationClassEnhancer - Successfully enhanced edu.ncsu.csc.itrust2.config.DataConfiguration; enhanced class name is: edu.ncsu.csc.itrust2.config.DataConfiguration$$EnhancerBySpringCGLIB$$975e4bb5
06:28:14.639 [main] DEBUG o.s.c.a.ConfigurationClassPostProcessor - Replacing bean definition 'dataConfiguration' existing class 'edu.ncsu.csc.itrust2.config.DataConfiguration' with enhanced class 'edu.ncsu.csc.itrust2.config.DataConfiguration$$EnhancerBySpringCGLIB$$975e4bb5'
06:28:14.639 [main] DEBUG o.s.c.a.ConfigurationClassEnhancer - Successfully enhanced edu.ncsu.csc.itrust2.config.SecurityConfig; enhanced class name is: edu.ncsu.csc.itrust2.config.SecurityConfig$$EnhancerBySpringCGLIB$$89ded359
06:28:14.639 [main] DEBUG o.s.c.a.ConfigurationClassPostProcessor - Replacing bean definition 'securityConfig' existing class 'edu.ncsu.csc.itrust2.config.SecurityConfig' with enhanced class 'edu.ncsu.csc.itrust2.config.SecurityConfig$$EnhancerBySpringCGLIB$$89ded359'
06:28:14.639 [main] DEBUG o.s.c.a.ConfigurationClassEnhancer - Successfully enhanced org.springframework.security.config.annotation.configuration.ObjectPostProcessorConfiguration; enhanced class name is: org.springframework.security.config.annotation.configuration.ObjectPostProcessorConfiguration$$EnhancerBySpringCGLIB$$97d41d25
06:28:14.639 [main] DEBUG o.s.c.a.ConfigurationClassPostProcessor - Replacing bean definition 'org.springframework.security.config.annotation.configuration.ObjectPostProcessorConfiguration' existing class 'org.springframework.security.config.annotation.configuration.ObjectPostProcessorConfiguration' with enhanced class 'org.springframework.security.config.annotation.configuration.ObjectPostProcessorConfiguration$$EnhancerBySpringCGLIB$$97d41d25'
06:28:14.639 [main] DEBUG o.s.c.a.ConfigurationClassEnhancer - Successfully enhanced org.springframework.security.config.annotation.authentication.configuration.AuthenticationConfiguration; enhanced class name is: org.springframework.security.config.annotation.authentication.configuration.AuthenticationConfiguration$$EnhancerBySpringCGLIB$$e39d279a
06:28:14.639 [main] DEBUG o.s.c.a.ConfigurationClassPostProcessor - Replacing bean definition 'org.springframework.security.config.annotation.authentication.configuration.AuthenticationConfiguration' existing class 'org.springframework.security.config.annotation.authentication.configuration.AuthenticationConfiguration' with enhanced class 'org.springframework.security.config.annotation.authentication.configuration.AuthenticationConfiguration$$EnhancerBySpringCGLIB$$e39d279a'
06:28:14.639 [main] DEBUG o.s.c.a.ConfigurationClassEnhancer - Successfully enhanced org.springframework.security.config.annotation.authentication.configuration.AuthenticationConfiguration; enhanced class name is: org.springframework.security.config.annotation.authentication.configuration.AuthenticationConfiguration$$EnhancerBySpringCGLIB$$e39d279a
06:28:14.639 [main] DEBUG o.s.c.a.ConfigurationClassPostProcessor - Replacing bean definition 'enableGlobalAuthenticationAutowiredConfigurer' existing class 'org.springframework.security.config.annotation.authentication.configuration.AuthenticationConfiguration' with enhanced class 'org.springframework.security.config.annotation.authentication.configuration.AuthenticationConfiguration$$EnhancerBySpringCGLIB$$e39d279a'
06:28:14.639 [main] DEBUG o.s.c.a.ConfigurationClassEnhancer - Successfully enhanced org.springframework.security.config.annotation.authentication.configuration.AuthenticationConfiguration; enhanced class name is: org.springframework.security.config.annotation.authentication.configuration.AuthenticationConfiguration$$EnhancerBySpringCGLIB$$e39d279a
06:28:14.639 [main] DEBUG o.s.c.a.ConfigurationClassPostProcessor - Replacing bean definition 'initializeUserDetailsBeanManagerConfigurer' existing class 'org.springframework.security.config.annotation.authentication.configuration.AuthenticationConfiguration' with enhanced class 'org.springframework.security.config.annotation.authentication.configuration.AuthenticationConfiguration$$EnhancerBySpringCGLIB$$e39d279a'
06:28:14.639 [main] DEBUG o.s.c.a.ConfigurationClassEnhancer - Successfully enhanced org.springframework.security.config.annotation.authentication.configuration.AuthenticationConfiguration; enhanced class name is: org.springframework.security.config.annotation.authentication.configuration.AuthenticationConfiguration$$EnhancerBySpringCGLIB$$e39d279a
06:28:14.639 [main] DEBUG o.s.c.a.ConfigurationClassPostProcessor - Replacing bean definition 'initializeAuthenticationProviderBeanManagerConfigurer' existing class 'org.springframework.security.config.annotation.authentication.configuration.AuthenticationConfiguration' with enhanced class 'org.springframework.security.config.annotation.authentication.configuration.AuthenticationConfiguration$$EnhancerBySpringCGLIB$$e39d279a'
06:28:14.639 [main] DEBUG o.s.c.a.ConfigurationClassEnhancer - Successfully enhanced org.springframework.security.config.annotation.web.configuration.WebSecurityConfiguration; enhanced class name is: org.springframework.security.config.annotation.web.configuration.WebSecurityConfiguration$$EnhancerBySpringCGLIB$$a65781de
06:28:14.639 [main] DEBUG o.s.c.a.ConfigurationClassPostProcessor - Replacing bean definition 'org.springframework.security.config.annotation.web.configuration.WebSecurityConfiguration' existing class 'org.springframework.security.config.annotation.web.configuration.WebSecurityConfiguration' with enhanced class 'org.springframework.security.config.annotation.web.configuration.WebSecurityConfiguration$$EnhancerBySpringCGLIB$$a65781de'
06:28:14.639 [main] DEBUG o.s.c.a.ConfigurationClassEnhancer - Successfully enhanced org.springframework.security.config.annotation.web.configuration.WebSecurityConfiguration; enhanced class name is: org.springframework.security.config.annotation.web.configuration.WebSecurityConfiguration$$EnhancerBySpringCGLIB$$a65781de
06:28:14.639 [main] DEBUG o.s.c.a.ConfigurationClassPostProcessor - Replacing bean definition 'delegatingApplicationListener' existing class 'org.springframework.security.config.annotation.web.configuration.WebSecurityConfiguration' with enhanced class 'org.springframework.security.config.annotation.web.configuration.WebSecurityConfiguration$$EnhancerBySpringCGLIB$$a65781de'
06:28:14.639 [main] DEBUG o.s.c.a.ConfigurationClassEnhancer - Successfully enhanced org.springframework.web.servlet.config.annotation.DelegatingWebMvcConfiguration; enhanced class name is: org.springframework.web.servlet.config.annotation.DelegatingWebMvcConfiguration$$EnhancerBySpringCGLIB$$c3e73a21
06:28:14.639 [main] DEBUG o.s.c.a.ConfigurationClassPostProcessor - Replacing bean definition 'org.springframework.web.servlet.config.annotation.DelegatingWebMvcConfiguration' existing class 'org.springframework.web.servlet.config.annotation.DelegatingWebMvcConfiguration' with enhanced class 'org.springframework.web.servlet.config.annotation.DelegatingWebMvcConfiguration$$EnhancerBySpringCGLIB$$c3e73a21'
06:28:14.640 [main] DEBUG o.s.c.a.ConfigurationClassEnhancer - Successfully enhanced org.springframework.security.config.annotation.method.configuration.GlobalMethodSecurityConfiguration; enhanced class name is: org.springframework.security.config.annotation.method.configuration.GlobalMethodSecurityConfiguration$$EnhancerBySpringCGLIB$$bca8bfd7
06:28:14.640 [main] DEBUG o.s.c.a.ConfigurationClassPostProcessor - Replacing bean definition 'org.springframework.security.config.annotation.method.configuration.GlobalMethodSecurityConfiguration' existing class 'org.springframework.security.config.annotation.method.configuration.GlobalMethodSecurityConfiguration' with enhanced class 'org.springframework.security.config.annotation.method.configuration.GlobalMethodSecurityConfiguration$$EnhancerBySpringCGLIB$$bca8bfd7'
06:28:14.641 [main] DEBUG o.s.b.f.s.DefaultListableBeanFactory - Creating shared instance of singleton bean 'org.springframework.context.annotation.internalAutowiredAnnotationProcessor'
06:28:14.641 [main] DEBUG o.s.b.f.s.DefaultListableBeanFactory - Creating instance of bean 'org.springframework.context.annotation.internalAutowiredAnnotationProcessor'
06:28:14.641 [main] DEBUG o.s.b.f.s.DefaultListableBeanFactory - Eagerly caching bean 'org.springframework.context.annotation.internalAutowiredAnnotationProcessor' to allow for resolving potential circular references
06:28:14.644 [main] DEBUG o.s.b.f.s.DefaultListableBeanFactory - Finished creating instance of bean 'org.springframework.context.annotation.internalAutowiredAnnotationProcessor'
06:28:14.644 [main] DEBUG o.s.b.f.s.DefaultListableBeanFactory - Creating shared instance of singleton bean 'org.springframework.context.annotation.internalRequiredAnnotationProcessor'
06:28:14.644 [main] DEBUG o.s.b.f.s.DefaultListableBeanFactory - Creating instance of bean 'org.springframework.context.annotation.internalRequiredAnnotationProcessor'
06:28:14.644 [main] DEBUG o.s.b.f.s.DefaultListableBeanFactory - Eagerly caching bean 'org.springframework.context.annotation.internalRequiredAnnotationProcessor' to allow for resolving potential circular references
06:28:14.646 [main] DEBUG o.s.b.f.s.DefaultListableBeanFactory - Finished creating instance of bean 'org.springframework.context.annotation.internalRequiredAnnotationProcessor'
06:28:14.646 [main] DEBUG o.s.b.f.s.DefaultListableBeanFactory - Creating shared instance of singleton bean 'org.springframework.context.annotation.internalCommonAnnotationProcessor'
06:28:14.646 [main] DEBUG o.s.b.f.s.DefaultListableBeanFactory - Creating instance of bean 'org.springframework.context.annotation.internalCommonAnnotationProcessor'
06:28:14.646 [main] DEBUG o.s.b.f.s.DefaultListableBeanFactory - Eagerly caching bean 'org.springframework.context.annotation.internalCommonAnnotationProcessor' to allow for resolving potential circular references
06:28:14.650 [main] DEBUG o.s.b.f.s.DefaultListableBeanFactory - Finished creating instance of bean 'org.springframework.context.annotation.internalCommonAnnotationProcessor'
06:28:14.650 [main] DEBUG o.s.b.f.s.DefaultListableBeanFactory - Creating shared instance of singleton bean 'org.springframework.context.annotation.internalPersistenceAnnotationProcessor'
06:28:14.650 [main] DEBUG o.s.b.f.s.DefaultListableBeanFactory - Creating instance of bean 'org.springframework.context.annotation.internalPersistenceAnnotationProcessor'
06:28:14.650 [main] DEBUG o.s.b.f.s.DefaultListableBeanFactory - Eagerly caching bean 'org.springframework.context.annotation.internalPersistenceAnnotationProcessor' to allow for resolving potential circular references
06:28:14.652 [main] DEBUG o.s.b.f.s.DefaultListableBeanFactory - Finished creating instance of bean 'org.springframework.context.annotation.internalPersistenceAnnotationProcessor'
06:28:14.653 [main] DEBUG o.s.b.f.s.DefaultListableBeanFactory - Creating shared instance of singleton bean 'org.springframework.aop.config.internalAutoProxyCreator'
06:28:14.653 [main] DEBUG o.s.b.f.s.DefaultListableBeanFactory - Creating instance of bean 'org.springframework.aop.config.internalAutoProxyCreator'
06:28:14.653 [main] DEBUG o.s.b.f.s.DefaultListableBeanFactory - Eagerly caching bean 'org.springframework.aop.config.internalAutoProxyCreator' to allow for resolving potential circular references
06:28:14.655 [main] DEBUG o.s.b.f.s.DefaultListableBeanFactory - Finished creating instance of bean 'org.springframework.aop.config.internalAutoProxyCreator'
06:28:14.655 [main] DEBUG o.s.w.c.s.GenericWebApplicationContext - Unable to locate MessageSource with name 'messageSource': using default [org.springframework.context.support.DelegatingMessageSource@4a5fdb3e]
06:28:14.655 [main] DEBUG o.s.w.c.s.GenericWebApplicationContext - Unable to locate ApplicationEventMulticaster with name 'applicationEventMulticaster': using default [org.springframework.context.event.SimpleApplicationEventMulticaster@40451d96]
06:28:14.655 [main] DEBUG o.s.u.c.s.UiApplicationContextUtils - Unable to locate ThemeSource with name 'themeSource': using default [org.springframework.ui.context.support.ResourceBundleThemeSource@48386ee9]
06:28:14.656 [main] DEBUG o.s.b.f.s.DefaultListableBeanFactory - Pre-instantiating singletons in org.springframework.beans.factory.support.DefaultListableBeanFactory@3a133ab9: defining beans [org.springframework.context.annotation.internalConfigurationAnnotationProcessor,org.springframework.context.annotation.internalAutowiredAnnotationProcessor,org.springframework.context.annotation.internalRequiredAnnotationProcessor,org.springframework.context.annotation.internalCommonAnnotationProcessor,org.springframework.context.annotation.internalPersistenceAnnotationProcessor,org.springframework.context.event.internalEventListenerProcessor,org.springframework.context.event.internalEventListenerFactory,rootConfiguration,webMvcConfiguration,dataConfiguration,loginAuditingListener,securityConfig,defaultController,adminController,adminUserController,hospitalController,ICDCodesController,APIAppointmentRequestController,APIDiagnosisController,APIDrugController,APIEnumController,APIHospitalController,APIICDCodeController,APILogEntryController,APIOfficeVisitController,APIPasswordController,APIPatientController,APIPersonnelController,APIPrescriptionController,APIUserController,appointmentControllerHCP,HCPController,officeVisitController,appointmentController,diagnosesController,patientController,passwordController,userController,dataSource,org.springframework.security.config.annotation.configuration.ObjectPostProcessorConfiguration,objectPostProcessor,org.springframework.security.config.annotation.authentication.configuration.AuthenticationConfiguration,authenticationManagerBuilder,enableGlobalAuthenticationAutowiredConfigurer,initializeUserDetailsBeanManagerConfigurer,initializeAuthenticationProviderBeanManagerConfigurer,org.springframework.security.config.annotation.web.configuration.WebSecurityConfiguration,delegatingApplicationListener,webSecurityExpressionHandler,springSecurityFilterChain,privilegeEvaluator,autowiredWebSecurityConfigurersIgnoreParents,org.springframework.security.config.annotation.web.configuration.WebMvcSecurityConfiguration,requestDataValueProcessor,passwordEncoder,defaultAuthenticationEventPublisher,failureHandler,ipBlockFilter,org.springframework.web.servlet.config.annotation.DelegatingWebMvcConfiguration,mvcConversionService,mvcContentNegotiationManager,viewControllerHandlerMapping,beanNameHandlerMapping,resourceHandlerMapping,mvcResourceUrlProvider,defaultServletHandlerMapping,requestMappingHandlerAdapter,mvcValidator,mvcUriComponentsContributor,httpRequestHandlerAdapter,simpleControllerHandlerAdapter,handlerExceptionResolver,mvcViewResolver,requestMappingHandlerMapping,mvcPathMatcher,mvcUrlPathHelper,org.springframework.security.config.annotation.method.configuration.GlobalMethodSecurityConfiguration,methodSecurityInterceptor,methodSecurityMetadataSource,preInvocationAuthorizationAdvice,viewResolver,templateEngine,domainClassConverter,metaDataSourceAdvisor,org.springframework.aop.config.internalAutoProxyCreator]; root of factory hierarchy
06:28:14.656 [main] DEBUG o.s.b.f.s.DefaultListableBeanFactory - Returning cached instance of singleton bean 'org.springframework.context.annotation.internalConfigurationAnnotationProcessor'
06:28:14.656 [main] DEBUG o.s.b.f.s.DefaultListableBeanFactory - Returning cached instance of singleton bean 'org.springframework.context.annotation.internalAutowiredAnnotationProcessor'
06:28:14.656 [main] DEBUG o.s.b.f.s.DefaultListableBeanFactory - Returning cached instance of singleton bean 'org.springframework.context.annotation.internalRequiredAnnotationProcessor'
06:28:14.656 [main] DEBUG o.s.b.f.s.DefaultListableBeanFactory - Returning cached instance of singleton bean 'org.springframework.context.annotation.internalCommonAnnotationProcessor'
06:28:14.656 [main] DEBUG o.s.b.f.s.DefaultListableBeanFactory - Returning cached instance of singleton bean 'org.springframework.context.annotation.internalPersistenceAnnotationProcessor'
06:28:14.656 [main] DEBUG o.s.b.f.s.DefaultListableBeanFactory - Creating shared instance of singleton bean 'org.springframework.context.event.internalEventListenerProcessor'
06:28:14.656 [main] DEBUG o.s.b.f.s.DefaultListableBeanFactory - Creating instance of bean 'org.springframework.context.event.internalEventListenerProcessor'
06:28:14.657 [main] DEBUG o.s.b.f.s.DefaultListableBeanFactory - Eagerly caching bean 'org.springframework.context.event.internalEventListenerProcessor' to allow for resolving potential circular references
06:28:14.659 [main] DEBUG o.s.b.f.s.DefaultListableBeanFactory - Creating shared instance of singleton bean 'metaDataSourceAdvisor'
06:28:14.659 [main] DEBUG o.s.b.f.s.DefaultListableBeanFactory - Creating instance of bean 'metaDataSourceAdvisor'
06:28:14.659 [main] DEBUG o.s.b.f.s.DefaultListableBeanFactory - Creating shared instance of singleton bean 'methodSecurityMetadataSource'
06:28:14.659 [main] DEBUG o.s.b.f.s.DefaultListableBeanFactory - Creating instance of bean 'methodSecurityMetadataSource'
06:28:14.660 [main] DEBUG o.s.b.f.s.DefaultListableBeanFactory - Creating shared instance of singleton bean 'org.springframework.security.config.annotation.method.configuration.GlobalMethodSecurityConfiguration'
06:28:14.660 [main] DEBUG o.s.b.f.s.DefaultListableBeanFactory - Creating instance of bean 'org.springframework.security.config.annotation.method.configuration.GlobalMethodSecurityConfiguration'
06:28:14.662 [main] DEBUG o.s.b.f.annotation.InjectionMetadata - Registered injected element on class [org.springframework.security.config.annotation.method.configuration.GlobalMethodSecurityConfiguration$$EnhancerBySpringCGLIB$$bca8bfd7]: AutowiredMethodElement for public void org.springframework.security.config.annotation.method.configuration.GlobalMethodSecurityConfiguration.setApplicationContext(org.springframework.context.ApplicationContext)
06:28:14.662 [main] DEBUG o.s.b.f.annotation.InjectionMetadata - Registered injected element on class [org.springframework.security.config.annotation.method.configuration.GlobalMethodSecurityConfiguration$$EnhancerBySpringCGLIB$$bca8bfd7]: AutowiredMethodElement for public void org.springframework.security.config.annotation.method.configuration.GlobalMethodSecurityConfiguration.setObjectPostProcessor(org.springframework.security.config.annotation.ObjectPostProcessor)
06:28:14.663 [main] DEBUG o.s.b.f.annotation.InjectionMetadata - Registered injected element on class [org.springframework.security.config.annotation.method.configuration.GlobalMethodSecurityConfiguration$$EnhancerBySpringCGLIB$$bca8bfd7]: AutowiredMethodElement for public void org.springframework.security.config.annotation.method.configuration.GlobalMethodSecurityConfiguration.setMethodSecurityExpressionHandler(java.util.List)
06:28:14.663 [main] DEBUG o.s.b.f.annotation.InjectionMetadata - Registered injected element on class [org.springframework.security.config.annotation.method.configuration.GlobalMethodSecurityConfiguration$$EnhancerBySpringCGLIB$$bca8bfd7]: AutowiredMethodElement for public void org.springframework.security.config.annotation.method.configuration.GlobalMethodSecurityConfiguration.setJsr250MethodSecurityMetadataSource(org.springframework.security.access.annotation.Jsr250MethodSecurityMetadataSource)
06:28:14.663 [main] DEBUG o.s.b.f.s.DefaultListableBeanFactory - Eagerly caching bean 'org.springframework.security.config.annotation.method.configuration.GlobalMethodSecurityConfiguration' to allow for resolving potential circular references
06:28:14.663 [main] DEBUG o.s.b.f.annotation.InjectionMetadata - Processing injected element of bean 'org.springframework.security.config.annotation.method.configuration.GlobalMethodSecurityConfiguration': AutowiredMethodElement for public void org.springframework.security.config.annotation.method.configuration.GlobalMethodSecurityConfiguration.setApplicationContext(org.springframework.context.ApplicationContext)
06:28:14.663 [main] DEBUG o.s.b.f.a.AutowiredAnnotationBeanPostProcessor - Autowiring by type from bean name 'org.springframework.security.config.annotation.method.configuration.GlobalMethodSecurityConfiguration' to bean named 'org.springframework.web.context.support.GenericWebApplicationContext@13b9460c'
06:28:14.663 [main] DEBUG o.s.b.f.annotation.InjectionMetadata - Processing injected element of bean 'org.springframework.security.config.annotation.method.configuration.GlobalMethodSecurityConfiguration': AutowiredMethodElement for public void org.springframework.security.config.annotation.method.configuration.GlobalMethodSecurityConfiguration.setObjectPostProcessor(org.springframework.security.config.annotation.ObjectPostProcessor)
06:28:14.664 [main] DEBUG o.s.b.f.s.DefaultListableBeanFactory - Creating shared instance of singleton bean 'objectPostProcessor'
06:28:14.664 [main] DEBUG o.s.b.f.s.DefaultListableBeanFactory - Creating instance of bean 'objectPostProcessor'
06:28:14.664 [main] DEBUG o.s.b.f.s.DefaultListableBeanFactory - Creating shared instance of singleton bean 'org.springframework.security.config.annotation.configuration.ObjectPostProcessorConfiguration'
06:28:14.664 [main] DEBUG o.s.b.f.s.DefaultListableBeanFactory - Creating instance of bean 'org.springframework.security.config.annotation.configuration.ObjectPostProcessorConfiguration'
06:28:14.664 [main] DEBUG o.s.b.f.s.DefaultListableBeanFactory - Eagerly caching bean 'org.springframework.security.config.annotation.configuration.ObjectPostProcessorConfiguration' to allow for resolving potential circular references
06:28:14.666 [main] DEBUG o.s.a.f.a.BeanFactoryAdvisorRetrievalHelper - Skipping currently created advisor 'metaDataSourceAdvisor'
06:28:14.666 [main] DEBUG o.s.b.f.s.DefaultListableBeanFactory - Finished creating instance of bean 'org.springframework.security.config.annotation.configuration.ObjectPostProcessorConfiguration'
06:28:14.667 [main] DEBUG o.s.b.f.s.DefaultListableBeanFactory - Autowiring by type from bean name 'objectPostProcessor' via factory method to bean named 'org.springframework.beans.factory.support.DefaultListableBeanFactory@3a133ab9'
06:28:14.667 [main] DEBUG o.s.b.f.s.DefaultListableBeanFactory - Eagerly caching bean 'objectPostProcessor' to allow for resolving potential circular references
06:28:14.669 [main] DEBUG o.s.a.f.a.BeanFactoryAdvisorRetrievalHelper - Skipping currently created advisor 'metaDataSourceAdvisor'
06:28:14.669 [main] DEBUG o.s.b.f.s.DefaultListableBeanFactory - Finished creating instance of bean 'objectPostProcessor'
06:28:14.669 [main] DEBUG o.s.b.f.a.AutowiredAnnotationBeanPostProcessor - Autowiring by type from bean name 'org.springframework.security.config.annotation.method.configuration.GlobalMethodSecurityConfiguration' to bean named 'objectPostProcessor'
06:28:14.671 [main] DEBUG o.s.b.f.annotation.InjectionMetadata - Processing injected element of bean 'org.springframework.security.config.annotation.method.configuration.GlobalMethodSecurityConfiguration': AutowiredMethodElement for public void org.springframework.security.config.annotation.method.configuration.GlobalMethodSecurityConfiguration.setMethodSecurityExpressionHandler(java.util.List)
06:28:14.671 [main] DEBUG o.s.b.f.annotation.InjectionMetadata - Processing injected element of bean 'org.springframework.security.config.annotation.method.configuration.GlobalMethodSecurityConfiguration': AutowiredMethodElement for public void org.springframework.security.config.annotation.method.configuration.GlobalMethodSecurityConfiguration.setJsr250MethodSecurityMetadataSource(org.springframework.security.access.annotation.Jsr250MethodSecurityMetadataSource)
06:28:14.672 [main] DEBUG o.s.b.f.s.DefaultListableBeanFactory - Returning cached instance of singleton bean 'org.springframework.context.annotation.ConfigurationClassPostProcessor.importRegistry'
06:28:14.672 [main] DEBUG o.s.a.f.a.BeanFactoryAdvisorRetrievalHelper - Skipping currently created advisor 'metaDataSourceAdvisor'
06:28:14.672 [main] DEBUG o.s.b.f.s.DefaultListableBeanFactory - Finished creating instance of bean 'org.springframework.security.config.annotation.method.configuration.GlobalMethodSecurityConfiguration'
06:28:14.672 [main] DEBUG o.s.b.f.s.DefaultListableBeanFactory - Eagerly caching bean 'methodSecurityMetadataSource' to allow for resolving potential circular references
06:28:14.673 [main] DEBUG o.s.b.f.s.DefaultListableBeanFactory - Finished creating instance of bean 'methodSecurityMetadataSource'
06:28:14.674 [main] DEBUG o.s.b.f.s.DefaultListableBeanFactory - Eagerly caching bean 'metaDataSourceAdvisor' to allow for resolving potential circular references
06:28:14.675 [main] DEBUG o.s.b.f.s.DefaultListableBeanFactory - Finished creating instance of bean 'metaDataSourceAdvisor'
06:28:14.675 [main] DEBUG o.s.b.f.s.DefaultListableBeanFactory - Finished creating instance of bean 'org.springframework.context.event.internalEventListenerProcessor'
06:28:14.676 [main] DEBUG o.s.b.f.s.DefaultListableBeanFactory - Creating shared instance of singleton bean 'org.springframework.context.event.internalEventListenerFactory'
06:28:14.676 [main] DEBUG o.s.b.f.s.DefaultListableBeanFactory - Creating instance of bean 'org.springframework.context.event.internalEventListenerFactory'
06:28:14.676 [main] DEBUG o.s.b.f.s.DefaultListableBeanFactory - Eagerly caching bean 'org.springframework.context.event.internalEventListenerFactory' to allow for resolving potential circular references
06:28:14.677 [main] DEBUG o.s.b.f.s.DefaultListableBeanFactory - Returning cached instance of singleton bean 'metaDataSourceAdvisor'
06:28:14.677 [main] DEBUG o.s.b.f.s.DefaultListableBeanFactory - Finished creating instance of bean 'org.springframework.context.event.internalEventListenerFactory'
06:28:14.677 [main] DEBUG o.s.b.f.s.DefaultListableBeanFactory - Creating shared instance of singleton bean 'rootConfiguration'
06:28:14.677 [main] DEBUG o.s.b.f.s.DefaultListableBeanFactory - Creating instance of bean 'rootConfiguration'
06:28:14.677 [main] DEBUG o.s.b.f.s.DefaultListableBeanFactory - Eagerly caching bean 'rootConfiguration' to allow for resolving potential circular references
06:28:14.677 [main] DEBUG o.s.b.f.s.DefaultListableBeanFactory - Returning cached instance of singleton bean 'metaDataSourceAdvisor'
06:28:14.678 [main] DEBUG o.s.b.f.s.DefaultListableBeanFactory - Finished creating instance of bean 'rootConfiguration'
06:28:14.678 [main] DEBUG o.s.b.f.s.DefaultListableBeanFactory - Creating shared instance of singleton bean 'webMvcConfiguration'
06:28:14.678 [main] DEBUG o.s.b.f.s.DefaultListableBeanFactory - Creating instance of bean 'webMvcConfiguration'
06:28:14.678 [main] DEBUG o.s.b.f.annotation.InjectionMetadata - Registered injected element on class [edu.ncsu.csc.itrust2.mvc.config.WebMvcConfiguration$$EnhancerBySpringCGLIB$$6fca09cd]: AutowiredFieldElement for private org.springframework.context.ApplicationContext edu.ncsu.csc.itrust2.mvc.config.WebMvcConfiguration.applicationContext
06:28:14.678 [main] DEBUG o.s.b.f.annotation.InjectionMetadata - Registered injected element on class [edu.ncsu.csc.itrust2.mvc.config.WebMvcConfiguration$$EnhancerBySpringCGLIB$$6fca09cd]: AutowiredFieldElement for private org.springframework.format.support.FormattingConversionService edu.ncsu.csc.itrust2.mvc.config.WebMvcConfiguration.mvcConversionService
06:28:14.678 [main] DEBUG o.s.b.f.s.DefaultListableBeanFactory - Eagerly caching bean 'webMvcConfiguration' to allow for resolving potential circular references
06:28:14.679 [main] DEBUG o.s.b.f.annotation.InjectionMetadata - Processing injected element of bean 'webMvcConfiguration': AutowiredFieldElement for private org.springframework.context.ApplicationContext edu.ncsu.csc.itrust2.mvc.config.WebMvcConfiguration.applicationContext
06:28:14.679 [main] DEBUG o.s.b.f.a.AutowiredAnnotationBeanPostProcessor - Autowiring by type from bean name 'webMvcConfiguration' to bean named 'org.springframework.web.context.support.GenericWebApplicationContext@13b9460c'
06:28:14.679 [main] DEBUG o.s.b.f.annotation.InjectionMetadata - Processing injected element of bean 'webMvcConfiguration': AutowiredFieldElement for private org.springframework.format.support.FormattingConversionService edu.ncsu.csc.itrust2.mvc.config.WebMvcConfiguration.mvcConversionService
06:28:14.680 [main] DEBUG o.s.b.f.s.DefaultListableBeanFactory - Creating shared instance of singleton bean 'mvcConversionService'
06:28:14.680 [main] DEBUG o.s.b.f.s.DefaultListableBeanFactory - Creating instance of bean 'mvcConversionService'
06:28:14.680 [main] DEBUG o.s.b.f.s.DefaultListableBeanFactory - Creating shared instance of singleton bean 'org.springframework.web.servlet.config.annotation.DelegatingWebMvcConfiguration'
06:28:14.680 [main] DEBUG o.s.b.f.s.DefaultListableBeanFactory - Creating instance of bean 'org.springframework.web.servlet.config.annotation.DelegatingWebMvcConfiguration'
06:28:14.683 [main] DEBUG o.s.b.f.annotation.InjectionMetadata - Registered injected element on class [org.springframework.web.servlet.config.annotation.DelegatingWebMvcConfiguration$$EnhancerBySpringCGLIB$$c3e73a21]: AutowiredMethodElement for public void org.springframework.web.servlet.config.annotation.DelegatingWebMvcConfiguration.setConfigurers(java.util.List)
06:28:14.683 [main] DEBUG o.s.b.f.s.DefaultListableBeanFactory - Eagerly caching bean 'org.springframework.web.servlet.config.annotation.DelegatingWebMvcConfiguration' to allow for resolving potential circular references
06:28:14.683 [main] DEBUG o.s.b.f.annotation.InjectionMetadata - Processing injected element of bean 'org.springframework.web.servlet.config.annotation.DelegatingWebMvcConfiguration': AutowiredMethodElement for public void org.springframework.web.servlet.config.annotation.DelegatingWebMvcConfiguration.setConfigurers(java.util.List)
06:28:14.684 [main] DEBUG o.s.b.f.s.DefaultListableBeanFactory - Returning cached instance of singleton bean 'metaDataSourceAdvisor'
06:28:14.686 [main] DEBUG o.s.b.f.s.DefaultListableBeanFactory - Returning eagerly cached instance of singleton bean 'webMvcConfiguration' that is not fully initialized yet - a consequence of a circular reference
06:28:14.687 [main] DEBUG o.s.b.f.s.DefaultListableBeanFactory - Creating shared instance of singleton bean 'org.springframework.security.config.annotation.web.configuration.WebMvcSecurityConfiguration'
06:28:14.687 [main] DEBUG o.s.b.f.s.DefaultListableBeanFactory - Creating instance of bean 'org.springframework.security.config.annotation.web.configuration.WebMvcSecurityConfiguration'
06:28:14.687 [main] DEBUG o.s.b.f.s.DefaultListableBeanFactory - Eagerly caching bean 'org.springframework.security.config.annotation.web.configuration.WebMvcSecurityConfiguration' to allow for resolving potential circular references
06:28:14.688 [main] DEBUG o.s.b.f.s.DefaultListableBeanFactory - Returning cached instance of singleton bean 'metaDataSourceAdvisor'
06:28:14.689 [main] DEBUG o.s.b.f.s.DefaultListableBeanFactory - Finished creating instance of bean 'org.springframework.security.config.annotation.web.configuration.WebMvcSecurityConfiguration'
06:28:14.689 [main] DEBUG o.s.b.f.a.AutowiredAnnotationBeanPostProcessor - Autowiring by type from bean name 'org.springframework.web.servlet.config.annotation.DelegatingWebMvcConfiguration' to bean named 'webMvcConfiguration'
06:28:14.689 [main] DEBUG o.s.b.f.a.AutowiredAnnotationBeanPostProcessor - Autowiring by type from bean name 'org.springframework.web.servlet.config.annotation.DelegatingWebMvcConfiguration' to bean named 'org.springframework.security.config.annotation.web.configuration.WebMvcSecurityConfiguration'
06:28:14.689 [main] DEBUG o.s.b.f.s.DefaultListableBeanFactory - Returning cached instance of singleton bean 'metaDataSourceAdvisor'
06:28:14.693 [main] DEBUG o.s.b.f.s.DefaultListableBeanFactory - Finished creating instance of bean 'org.springframework.web.servlet.config.annotation.DelegatingWebMvcConfiguration'
06:28:14.695 [main] DEBUG o.s.b.f.s.DefaultListableBeanFactory - Eagerly caching bean 'mvcConversionService' to allow for resolving potential circular references
06:28:14.696 [main] DEBUG o.s.b.f.s.DefaultListableBeanFactory - Returning cached instance of singleton bean 'metaDataSourceAdvisor'
06:28:14.697 [main] DEBUG o.s.b.f.s.DefaultListableBeanFactory - Finished creating instance of bean 'mvcConversionService'
06:28:14.698 [main] DEBUG o.s.b.f.a.AutowiredAnnotationBeanPostProcessor - Autowiring by type from bean name 'webMvcConfiguration' to bean named 'mvcConversionService'
06:28:14.698 [main] DEBUG o.s.b.f.s.DefaultListableBeanFactory - Finished creating instance of bean 'webMvcConfiguration'
06:28:14.698 [main] DEBUG o.s.b.f.s.DefaultListableBeanFactory - Creating shared instance of singleton bean 'dataConfiguration'
06:28:14.698 [main] DEBUG o.s.b.f.s.DefaultListableBeanFactory - Creating instance of bean 'dataConfiguration'
06:28:14.698 [main] DEBUG o.s.b.f.s.DefaultListableBeanFactory - Eagerly caching bean 'dataConfiguration' to allow for resolving potential circular references
06:28:14.699 [main] DEBUG o.s.b.f.s.DefaultListableBeanFactory - Returning cached instance of singleton bean 'metaDataSourceAdvisor'
06:28:14.699 [main] DEBUG o.s.b.f.s.DefaultListableBeanFactory - Finished creating instance of bean 'dataConfiguration'
06:28:14.699 [main] DEBUG o.s.b.f.s.DefaultListableBeanFactory - Creating shared instance of singleton bean 'loginAuditingListener'
06:28:14.699 [main] DEBUG o.s.b.f.s.DefaultListableBeanFactory - Creating instance of bean 'loginAuditingListener'
06:28:14.699 [main] DEBUG o.s.b.f.s.DefaultListableBeanFactory - Eagerly caching bean 'loginAuditingListener' to allow for resolving potential circular references
06:28:14.700 [main] DEBUG o.s.b.f.s.DefaultListableBeanFactory - Returning cached instance of singleton bean 'metaDataSourceAdvisor'
06:28:14.700 [main] DEBUG o.s.b.f.s.DefaultListableBeanFactory - Finished creating instance of bean 'loginAuditingListener'
06:28:14.700 [main] DEBUG o.s.b.f.s.DefaultListableBeanFactory - Creating shared instance of singleton bean 'securityConfig'
06:28:14.700 [main] DEBUG o.s.b.f.s.DefaultListableBeanFactory - Creating instance of bean 'securityConfig'
06:28:14.702 [main] DEBUG o.s.b.f.annotation.InjectionMetadata - Registered injected element on class [edu.ncsu.csc.itrust2.config.SecurityConfig$$EnhancerBySpringCGLIB$$89ded359]: AutowiredMethodElement for public void org.springframework.security.config.annotation.web.configuration.WebSecurityConfigurerAdapter.setApplicationContext(org.springframework.context.ApplicationContext)
06:28:14.702 [main] DEBUG o.s.b.f.annotation.InjectionMetadata - Registered injected element on class [edu.ncsu.csc.itrust2.config.SecurityConfig$$EnhancerBySpringCGLIB$$89ded359]: AutowiredMethodElement for public void org.springframework.security.config.annotation.web.configuration.WebSecurityConfigurerAdapter.setObjectPostProcessor(org.springframework.security.config.annotation.ObjectPostProcessor)
06:28:14.702 [main] DEBUG o.s.b.f.annotation.InjectionMetadata - Registered injected element on class [edu.ncsu.csc.itrust2.config.SecurityConfig$$EnhancerBySpringCGLIB$$89ded359]: AutowiredMethodElement for public void org.springframework.security.config.annotation.web.configuration.WebSecurityConfigurerAdapter.setContentNegotationStrategy(org.springframework.web.accept.ContentNegotiationStrategy)
06:28:14.702 [main] DEBUG o.s.b.f.annotation.InjectionMetadata - Registered injected element on class [edu.ncsu.csc.itrust2.config.SecurityConfig$$EnhancerBySpringCGLIB$$89ded359]: AutowiredMethodElement for public void org.springframework.security.config.annotation.web.configuration.WebSecurityConfigurerAdapter.setAuthenticationConfiguration(org.springframework.security.config.annotation.authentication.configuration.AuthenticationConfiguration)
06:28:14.702 [main] DEBUG o.s.b.f.annotation.InjectionMetadata - Registered injected element on class [edu.ncsu.csc.itrust2.config.SecurityConfig$$EnhancerBySpringCGLIB$$89ded359]: AutowiredMethodElement for public void org.springframework.security.config.annotation.web.configuration.WebSecurityConfigurerAdapter.setTrustResolver(org.springframework.security.authentication.AuthenticationTrustResolver)
06:28:14.702 [main] DEBUG o.s.b.f.annotation.InjectionMetadata - Registered injected element on class [edu.ncsu.csc.itrust2.config.SecurityConfig$$EnhancerBySpringCGLIB$$89ded359]: AutowiredFieldElement for javax.sql.DataSource edu.ncsu.csc.itrust2.config.SecurityConfig.dataSource
06:28:14.703 [main] DEBUG o.s.b.f.annotation.InjectionMetadata - Registered injected element on class [edu.ncsu.csc.itrust2.config.SecurityConfig$$EnhancerBySpringCGLIB$$89ded359]: AutowiredMethodElement for public void edu.ncsu.csc.itrust2.config.SecurityConfig.configureGlobal(org.springframework.security.config.annotation.authentication.builders.AuthenticationManagerBuilder) throws java.lang.Exception
06:28:14.703 [main] DEBUG o.s.b.f.s.DefaultListableBeanFactory - Eagerly caching bean 'securityConfig' to allow for resolving potential circular references
06:28:14.703 [main] DEBUG o.s.b.f.annotation.InjectionMetadata - Processing injected element of bean 'securityConfig': AutowiredMethodElement for public void org.springframework.security.config.annotation.web.configuration.WebSecurityConfigurerAdapter.setApplicationContext(org.springframework.context.ApplicationContext)
06:28:14.703 [main] DEBUG o.s.b.f.a.AutowiredAnnotationBeanPostProcessor - Autowiring by type from bean name 'securityConfig' to bean named 'org.springframework.web.context.support.GenericWebApplicationContext@13b9460c'
06:28:14.703 [main] DEBUG o.s.b.f.annotation.InjectionMetadata - Processing injected element of bean 'securityConfig': AutowiredMethodElement for public void org.springframework.security.config.annotation.web.configuration.WebSecurityConfigurerAdapter.setObjectPostProcessor(org.springframework.security.config.annotation.ObjectPostProcessor)
06:28:14.703 [main] DEBUG o.s.b.f.s.DefaultListableBeanFactory - Returning cached instance of singleton bean 'objectPostProcessor'
06:28:14.703 [main] DEBUG o.s.b.f.a.AutowiredAnnotationBeanPostProcessor - Autowiring by type from bean name 'securityConfig' to bean named 'objectPostProcessor'
06:28:14.703 [main] DEBUG o.s.b.f.annotation.InjectionMetadata - Processing injected element of bean 'securityConfig': AutowiredMethodElement for public void org.springframework.security.config.annotation.web.configuration.WebSecurityConfigurerAdapter.setContentNegotationStrategy(org.springframework.web.accept.ContentNegotiationStrategy)
06:28:14.703 [main] DEBUG o.s.b.f.s.DefaultListableBeanFactory - Creating shared instance of singleton bean 'mvcContentNegotiationManager'
06:28:14.703 [main] DEBUG o.s.b.f.s.DefaultListableBeanFactory - Creating instance of bean 'mvcContentNegotiationManager'
06:28:14.704 [main] DEBUG o.s.b.f.s.DefaultListableBeanFactory - Returning cached instance of singleton bean 'org.springframework.web.servlet.config.annotation.DelegatingWebMvcConfiguration'
06:28:14.704 [main] DEBUG o.s.b.f.s.DefaultListableBeanFactory - Eagerly caching bean 'mvcContentNegotiationManager' to allow for resolving potential circular references
06:28:14.705 [main] DEBUG o.s.b.f.s.DefaultListableBeanFactory - Returning cached instance of singleton bean 'metaDataSourceAdvisor'
06:28:14.705 [main] DEBUG o.s.b.f.s.DefaultListableBeanFactory - Finished creating instance of bean 'mvcContentNegotiationManager'
06:28:14.705 [main] DEBUG o.s.b.f.a.AutowiredAnnotationBeanPostProcessor - Autowiring by type from bean name 'securityConfig' to bean named 'mvcContentNegotiationManager'
06:28:14.705 [main] DEBUG o.s.b.f.annotation.InjectionMetadata - Processing injected element of bean 'securityConfig': AutowiredMethodElement for public void org.springframework.security.config.annotation.web.configuration.WebSecurityConfigurerAdapter.setAuthenticationConfiguration(org.springframework.security.config.annotation.authentication.configuration.AuthenticationConfiguration)
06:28:14.706 [main] DEBUG o.s.b.f.s.DefaultListableBeanFactory - Creating shared instance of singleton bean 'org.springframework.security.config.annotation.authentication.configuration.AuthenticationConfiguration'
06:28:14.706 [main] DEBUG o.s.b.f.s.DefaultListableBeanFactory - Creating instance of bean 'org.springframework.security.config.annotation.authentication.configuration.AuthenticationConfiguration'
06:28:14.706 [main] DEBUG o.s.b.f.annotation.InjectionMetadata - Registered injected element on class [org.springframework.security.config.annotation.authentication.configuration.AuthenticationConfiguration$$EnhancerBySpringCGLIB$$e39d279a]: AutowiredMethodElement for public void org.springframework.security.config.annotation.authentication.configuration.AuthenticationConfiguration.setApplicationContext(org.springframework.context.ApplicationContext)
06:28:14.706 [main] DEBUG o.s.b.f.annotation.InjectionMetadata - Registered injected element on class [org.springframework.security.config.annotation.authentication.configuration.AuthenticationConfiguration$$EnhancerBySpringCGLIB$$e39d279a]: AutowiredMethodElement for public void org.springframework.security.config.annotation.authentication.configuration.AuthenticationConfiguration.setGlobalAuthenticationConfigurers(java.util.List) throws java.lang.Exception
06:28:14.706 [main] DEBUG o.s.b.f.annotation.InjectionMetadata - Registered injected element on class [org.springframework.security.config.annotation.authentication.configuration.AuthenticationConfiguration$$EnhancerBySpringCGLIB$$e39d279a]: AutowiredMethodElement for public void org.springframework.security.config.annotation.authentication.configuration.AuthenticationConfiguration.setObjectPostProcessor(org.springframework.security.config.annotation.ObjectPostProcessor)
06:28:14.706 [main] DEBUG o.s.b.f.s.DefaultListableBeanFactory - Eagerly caching bean 'org.springframework.security.config.annotation.authentication.configuration.AuthenticationConfiguration' to allow for resolving potential circular references
06:28:14.706 [main] DEBUG o.s.b.f.annotation.InjectionMetadata - Processing injected element of bean 'org.springframework.security.config.annotation.authentication.configuration.AuthenticationConfiguration': AutowiredMethodElement for public void org.springframework.security.config.annotation.authentication.configuration.AuthenticationConfiguration.setApplicationContext(org.springframework.context.ApplicationContext)
06:28:14.707 [main] DEBUG o.s.b.f.a.AutowiredAnnotationBeanPostProcessor - Autowiring by type from bean name 'org.springframework.security.config.annotation.authentication.configuration.AuthenticationConfiguration' to bean named 'org.springframework.web.context.support.GenericWebApplicationContext@13b9460c'
06:28:14.707 [main] DEBUG o.s.b.f.annotation.InjectionMetadata - Processing injected element of bean 'org.springframework.security.config.annotation.authentication.configuration.AuthenticationConfiguration': AutowiredMethodElement for public void org.springframework.security.config.annotation.authentication.configuration.AuthenticationConfiguration.setGlobalAuthenticationConfigurers(java.util.List) throws java.lang.Exception
06:28:14.707 [main] DEBUG o.s.b.f.s.DefaultListableBeanFactory - Creating shared instance of singleton bean 'enableGlobalAuthenticationAutowiredConfigurer'
06:28:14.707 [main] DEBUG o.s.b.f.s.DefaultListableBeanFactory - Creating instance of bean 'enableGlobalAuthenticationAutowiredConfigurer'
06:28:14.708 [main] DEBUG o.s.b.f.s.DefaultListableBeanFactory - Autowiring by type from bean name 'enableGlobalAuthenticationAutowiredConfigurer' via factory method to bean named 'org.springframework.web.context.support.GenericWebApplicationContext@13b9460c'
06:28:14.708 [main] DEBUG o.s.b.f.s.DefaultListableBeanFactory - Eagerly caching bean 'enableGlobalAuthenticationAutowiredConfigurer' to allow for resolving potential circular references
06:28:14.709 [main] DEBUG o.s.b.f.s.DefaultListableBeanFactory - Returning cached instance of singleton bean 'metaDataSourceAdvisor'
06:28:14.709 [main] DEBUG o.s.b.f.s.DefaultListableBeanFactory - Finished creating instance of bean 'enableGlobalAuthenticationAutowiredConfigurer'
06:28:14.709 [main] DEBUG o.s.b.f.s.DefaultListableBeanFactory - Creating shared instance of singleton bean 'initializeUserDetailsBeanManagerConfigurer'
06:28:14.709 [main] DEBUG o.s.b.f.s.DefaultListableBeanFactory - Creating instance of bean 'initializeUserDetailsBeanManagerConfigurer'
06:28:14.709 [main] DEBUG o.s.b.f.s.DefaultListableBeanFactory - Autowiring by type from bean name 'initializeUserDetailsBeanManagerConfigurer' via factory method to bean named 'org.springframework.web.context.support.GenericWebApplicationContext@13b9460c'
06:28:14.709 [main] DEBUG o.s.b.f.s.DefaultListableBeanFactory - Eagerly caching bean 'initializeUserDetailsBeanManagerConfigurer' to allow for resolving potential circular references
06:28:14.710 [main] DEBUG o.s.b.f.s.DefaultListableBeanFactory - Returning cached instance of singleton bean 'metaDataSourceAdvisor'
06:28:14.710 [main] DEBUG o.s.b.f.s.DefaultListableBeanFactory - Finished creating instance of bean 'initializeUserDetailsBeanManagerConfigurer'
06:28:14.710 [main] DEBUG o.s.b.f.s.DefaultListableBeanFactory - Creating shared instance of singleton bean 'initializeAuthenticationProviderBeanManagerConfigurer'
06:28:14.710 [main] DEBUG o.s.b.f.s.DefaultListableBeanFactory - Creating instance of bean 'initializeAuthenticationProviderBeanManagerConfigurer'
06:28:14.710 [main] DEBUG o.s.b.f.s.DefaultListableBeanFactory - Autowiring by type from bean name 'initializeAuthenticationProviderBeanManagerConfigurer' via factory method to bean named 'org.springframework.web.context.support.GenericWebApplicationContext@13b9460c'
06:28:14.710 [main] DEBUG o.s.b.f.s.DefaultListableBeanFactory - Eagerly caching bean 'initializeAuthenticationProviderBeanManagerConfigurer' to allow for resolving potential circular references
06:28:14.711 [main] DEBUG o.s.b.f.s.DefaultListableBeanFactory - Returning cached instance of singleton bean 'metaDataSourceAdvisor'
06:28:14.711 [main] DEBUG o.s.b.f.s.DefaultListableBeanFactory - Finished creating instance of bean 'initializeAuthenticationProviderBeanManagerConfigurer'
06:28:14.712 [main] DEBUG o.s.b.f.a.AutowiredAnnotationBeanPostProcessor - Autowiring by type from bean name 'org.springframework.security.config.annotation.authentication.configuration.AuthenticationConfiguration' to bean named 'enableGlobalAuthenticationAutowiredConfigurer'
06:28:14.712 [main] DEBUG o.s.b.f.a.AutowiredAnnotationBeanPostProcessor - Autowiring by type from bean name 'org.springframework.security.config.annotation.authentication.configuration.AuthenticationConfiguration' to bean named 'initializeUserDetailsBeanManagerConfigurer'
06:28:14.712 [main] DEBUG o.s.b.f.a.AutowiredAnnotationBeanPostProcessor - Autowiring by type from bean name 'org.springframework.security.config.annotation.authentication.configuration.AuthenticationConfiguration' to bean named 'initializeAuthenticationProviderBeanManagerConfigurer'
06:28:14.712 [main] DEBUG o.s.b.f.annotation.InjectionMetadata - Processing injected element of bean 'org.springframework.security.config.annotation.authentication.configuration.AuthenticationConfiguration': AutowiredMethodElement for public void org.springframework.security.config.annotation.authentication.configuration.AuthenticationConfiguration.setObjectPostProcessor(org.springframework.security.config.annotation.ObjectPostProcessor)
06:28:14.712 [main] DEBUG o.s.b.f.s.DefaultListableBeanFactory - Returning cached instance of singleton bean 'objectPostProcessor'
06:28:14.712 [main] DEBUG o.s.b.f.a.AutowiredAnnotationBeanPostProcessor - Autowiring by type from bean name 'org.springframework.security.config.annotation.authentication.configuration.AuthenticationConfiguration' to bean named 'objectPostProcessor'
06:28:14.712 [main] DEBUG o.s.b.f.s.DefaultListableBeanFactory - Returning cached instance of singleton bean 'metaDataSourceAdvisor'
06:28:14.713 [main] DEBUG o.s.b.f.s.DefaultListableBeanFactory - Finished creating instance of bean 'org.springframework.security.config.annotation.authentication.configuration.AuthenticationConfiguration'
06:28:14.713 [main] DEBUG o.s.b.f.a.AutowiredAnnotationBeanPostProcessor - Autowiring by type from bean name 'securityConfig' to bean named 'org.springframework.security.config.annotation.authentication.configuration.AuthenticationConfiguration'
06:28:14.713 [main] DEBUG o.s.b.f.annotation.InjectionMetadata - Processing injected element of bean 'securityConfig': AutowiredMethodElement for public void org.springframework.security.config.annotation.web.configuration.WebSecurityConfigurerAdapter.setTrustResolver(org.springframework.security.authentication.AuthenticationTrustResolver)
06:28:14.713 [main] DEBUG o.s.b.f.annotation.InjectionMetadata - Processing injected element of bean 'securityConfig': AutowiredFieldElement for javax.sql.DataSource edu.ncsu.csc.itrust2.config.SecurityConfig.dataSource
06:28:14.713 [main] DEBUG o.s.b.f.s.DefaultListableBeanFactory - Creating shared instance of singleton bean 'dataSource'
06:28:14.713 [main] DEBUG o.s.b.f.s.DefaultListableBeanFactory - Creating instance of bean 'dataSource'
06:28:14.713 [main] DEBUG o.s.b.f.s.DefaultListableBeanFactory - Returning cached instance of singleton bean 'dataConfiguration'
06:28:14.714 [main] INFO  o.s.j.d.DriverManagerDataSource - Loaded JDBC driver: com.mysql.jdbc.Driver
06:28:14.714 [main] DEBUG o.s.b.f.s.DefaultListableBeanFactory - Eagerly caching bean 'dataSource' to allow for resolving potential circular references
06:28:14.715 [main] DEBUG o.s.b.f.s.DefaultListableBeanFactory - Returning cached instance of singleton bean 'metaDataSourceAdvisor'
06:28:14.717 [main] DEBUG o.s.b.f.s.DefaultListableBeanFactory - Finished creating instance of bean 'dataSource'
06:28:14.717 [main] DEBUG o.s.b.f.a.AutowiredAnnotationBeanPostProcessor - Autowiring by type from bean name 'securityConfig' to bean named 'dataSource'
06:28:14.717 [main] DEBUG o.s.b.f.annotation.InjectionMetadata - Processing injected element of bean 'securityConfig': AutowiredMethodElement for public void edu.ncsu.csc.itrust2.config.SecurityConfig.configureGlobal(org.springframework.security.config.annotation.authentication.builders.AuthenticationManagerBuilder) throws java.lang.Exception
06:28:14.717 [main] DEBUG o.s.b.f.s.DefaultListableBeanFactory - Creating shared instance of singleton bean 'authenticationManagerBuilder'
06:28:14.718 [main] DEBUG o.s.b.f.s.DefaultListableBeanFactory - Creating instance of bean 'authenticationManagerBuilder'
06:28:14.718 [main] DEBUG o.s.b.f.s.DefaultListableBeanFactory - Returning cached instance of singleton bean 'org.springframework.security.config.annotation.authentication.configuration.AuthenticationConfiguration'
06:28:14.718 [main] DEBUG o.s.b.f.s.DefaultListableBeanFactory - Returning cached instance of singleton bean 'objectPostProcessor'
06:28:14.718 [main] DEBUG o.s.b.f.s.DefaultListableBeanFactory - Autowiring by type from bean name 'authenticationManagerBuilder' via factory method to bean named 'objectPostProcessor'
06:28:14.718 [main] DEBUG o.s.b.f.s.DefaultListableBeanFactory - Eagerly caching bean 'authenticationManagerBuilder' to allow for resolving potential circular references
06:28:14.720 [main] DEBUG o.s.b.f.s.DefaultListableBeanFactory - Returning cached instance of singleton bean 'metaDataSourceAdvisor'
06:28:14.723 [main] DEBUG o.s.b.f.s.DefaultListableBeanFactory - Finished creating instance of bean 'authenticationManagerBuilder'
06:28:14.724 [main] DEBUG o.s.b.f.a.AutowiredAnnotationBeanPostProcessor - Autowiring by type from bean name 'securityConfig' to bean named 'authenticationManagerBuilder'
06:28:14.724 [main] DEBUG o.s.b.f.s.DefaultListableBeanFactory - Creating shared instance of singleton bean 'passwordEncoder'
06:28:14.724 [main] DEBUG o.s.b.f.s.DefaultListableBeanFactory - Creating instance of bean 'passwordEncoder'
06:28:14.724 [main] DEBUG o.s.b.f.s.DefaultListableBeanFactory - Returning cached instance of singleton bean 'metaDataSourceAdvisor'
06:28:14.727 [main] DEBUG o.s.b.f.s.DefaultListableBeanFactory - Returning eagerly cached instance of singleton bean 'securityConfig' that is not fully initialized yet - a consequence of a circular reference
06:28:14.728 [main] DEBUG o.s.b.f.s.DefaultListableBeanFactory - Eagerly caching bean 'passwordEncoder' to allow for resolving potential circular references
06:28:14.729 [main] DEBUG o.s.b.f.s.DefaultListableBeanFactory - Returning cached instance of singleton bean 'metaDataSourceAdvisor'
06:28:14.729 [main] DEBUG o.s.b.f.s.DefaultListableBeanFactory - Finished creating instance of bean 'passwordEncoder'
06:28:14.830 [main] DEBUG o.s.b.f.s.DefaultListableBeanFactory - Creating shared instance of singleton bean 'defaultAuthenticationEventPublisher'
06:28:14.830 [main] DEBUG o.s.b.f.s.DefaultListableBeanFactory - Creating instance of bean 'defaultAuthenticationEventPublisher'
06:28:14.830 [main] DEBUG o.s.b.f.s.DefaultListableBeanFactory - Returning eagerly cached instance of singleton bean 'securityConfig' that is not fully initialized yet - a consequence of a circular reference
06:28:14.830 [main] DEBUG o.s.b.f.s.DefaultListableBeanFactory - Eagerly caching bean 'defaultAuthenticationEventPublisher' to allow for resolving potential circular references
06:28:14.831 [main] DEBUG o.s.b.f.s.DefaultListableBeanFactory - Returning cached instance of singleton bean 'metaDataSourceAdvisor'
06:28:14.832 [main] DEBUG o.s.b.f.s.DefaultListableBeanFactory - Finished creating instance of bean 'defaultAuthenticationEventPublisher'
06:28:14.832 [main] DEBUG o.s.b.f.s.DefaultListableBeanFactory - Finished creating instance of bean 'securityConfig'
06:28:14.832 [main] DEBUG o.s.b.f.s.DefaultListableBeanFactory - Creating shared instance of singleton bean 'defaultController'
06:28:14.832 [main] DEBUG o.s.b.f.s.DefaultListableBeanFactory - Creating instance of bean 'defaultController'
06:28:14.832 [main] DEBUG o.s.b.f.s.DefaultListableBeanFactory - Eagerly caching bean 'defaultController' to allow for resolving potential circular references
06:28:14.832 [main] DEBUG o.s.b.f.s.DefaultListableBeanFactory - Returning cached instance of singleton bean 'metaDataSourceAdvisor'
06:28:14.832 [main] DEBUG o.s.b.f.s.DefaultListableBeanFactory - Finished creating instance of bean 'defaultController'
06:28:14.832 [main] DEBUG o.s.b.f.s.DefaultListableBeanFactory - Creating shared instance of singleton bean 'adminController'
06:28:14.832 [main] DEBUG o.s.b.f.s.DefaultListableBeanFactory - Creating instance of bean 'adminController'
06:28:14.832 [main] DEBUG o.s.b.f.s.DefaultListableBeanFactory - Eagerly caching bean 'adminController' to allow for resolving potential circular references
06:28:14.832 [main] DEBUG o.s.b.f.s.DefaultListableBeanFactory - Returning cached instance of singleton bean 'metaDataSourceAdvisor'
06:28:14.832 [main] DEBUG o.s.s.a.p.PrePostAnnotationSecurityMetadataSource - @org.springframework.security.access.prepost.PreAuthorize(value=hasRole('ROLE_ADMIN')) found on specific method: public java.lang.String edu.ncsu.csc.itrust2.controllers.admin.AdminController.index(org.springframework.ui.Model)
06:28:14.832 [main] DEBUG o.s.s.a.m.DelegatingMethodSecurityMetadataSource - Caching method [CacheKey[edu.ncsu.csc.itrust2.controllers.admin.AdminController; public java.lang.String edu.ncsu.csc.itrust2.controllers.admin.AdminController.index(org.springframework.ui.Model)]] with attributes [[authorize: 'hasRole('ROLE_ADMIN')', filter: 'null', filterTarget: 'null']]
06:28:14.832 [main] DEBUG o.s.a.f.a.InfrastructureAdvisorAutoProxyCreator - Creating implicit proxy for bean 'adminController' with 0 common interceptors and 1 specific interceptors
06:28:14.833 [main] DEBUG o.s.aop.framework.CglibAopProxy - Creating CGLIB proxy: target source is SingletonTargetSource for target object [edu.ncsu.csc.itrust2.controllers.admin.AdminController@7d478c49]
06:28:14.833 [main] DEBUG o.s.b.f.s.DefaultListableBeanFactory - Creating shared instance of singleton bean 'methodSecurityInterceptor'
06:28:14.833 [main] DEBUG o.s.b.f.s.DefaultListableBeanFactory - Creating instance of bean 'methodSecurityInterceptor'
06:28:14.833 [main] DEBUG o.s.b.f.s.DefaultListableBeanFactory - Returning cached instance of singleton bean 'org.springframework.security.config.annotation.method.configuration.GlobalMethodSecurityConfiguration'
06:28:14.833 [main] DEBUG o.s.b.f.s.DefaultListableBeanFactory - Returning cached instance of singleton bean 'methodSecurityMetadataSource'
06:28:14.833 [main] DEBUG o.s.b.f.s.DefaultListableBeanFactory - Eagerly caching bean 'methodSecurityInterceptor' to allow for resolving potential circular references
06:28:14.835 [main] DEBUG o.s.b.f.s.DefaultListableBeanFactory - Invoking afterPropertiesSet() on bean with name 'methodSecurityInterceptor'
06:28:14.835 [main] DEBUG o.s.s.a.i.a.MethodSecurityInterceptor - Validated configuration attributes
06:28:14.836 [main] DEBUG o.s.b.f.s.DefaultListableBeanFactory - Finished creating instance of bean 'methodSecurityInterceptor'
06:28:14.836 [main] DEBUG o.s.aop.framework.CglibAopProxy - Unable to apply any optimisations to advised method: public java.lang.String edu.ncsu.csc.itrust2.controllers.admin.AdminController.index(org.springframework.ui.Model)
06:28:14.836 [main] DEBUG o.s.aop.framework.CglibAopProxy - Found 'equals' method: public boolean java.lang.Object.equals(java.lang.Object)
06:28:14.836 [main] DEBUG o.s.aop.framework.CglibAopProxy - Unable to apply any optimisations to advised method: public java.lang.String java.lang.Object.toString()
06:28:14.836 [main] DEBUG o.s.aop.framework.CglibAopProxy - Found 'hashCode' method: public native int java.lang.Object.hashCode()
06:28:14.836 [main] DEBUG o.s.aop.framework.CglibAopProxy - Unable to apply any optimisations to advised method: protected native java.lang.Object java.lang.Object.clone() throws java.lang.CloneNotSupportedException
06:28:14.836 [main] DEBUG o.s.aop.framework.CglibAopProxy - Method is declared on Advised interface: public abstract boolean org.springframework.aop.framework.Advised.removeAdvice(org.aopalliance.aop.Advice)
06:28:14.836 [main] DEBUG o.s.aop.framework.CglibAopProxy - Method is declared on Advised interface: public abstract java.lang.String org.springframework.aop.framework.Advised.toProxyConfigString()
06:28:14.836 [main] DEBUG o.s.aop.framework.CglibAopProxy - Method is declared on Advised interface: public abstract void org.springframework.aop.framework.Advised.addAdvice(org.aopalliance.aop.Advice) throws org.springframework.aop.framework.AopConfigException
06:28:14.836 [main] DEBUG o.s.aop.framework.CglibAopProxy - Method is declared on Advised interface: public abstract void org.springframework.aop.framework.Advised.addAdvice(int,org.aopalliance.aop.Advice) throws org.springframework.aop.framework.AopConfigException
06:28:14.836 [main] DEBUG o.s.aop.framework.CglibAopProxy - Method is declared on Advised interface: public abstract org.springframework.aop.TargetSource org.springframework.aop.framework.Advised.getTargetSource()
06:28:14.836 [main] DEBUG o.s.aop.framework.CglibAopProxy - Method is declared on Advised interface: public abstract boolean org.springframework.aop.framework.Advised.isProxyTargetClass()
06:28:14.836 [main] DEBUG o.s.aop.framework.CglibAopProxy - Method is declared on Advised interface: public abstract void org.springframework.aop.framework.Advised.addAdvisor(org.springframework.aop.Advisor) throws org.springframework.aop.framework.AopConfigException
06:28:14.836 [main] DEBUG o.s.aop.framework.CglibAopProxy - Method is declared on Advised interface: public abstract void org.springframework.aop.framework.Advised.addAdvisor(int,org.springframework.aop.Advisor) throws org.springframework.aop.framework.AopConfigException
06:28:14.836 [main] DEBUG o.s.aop.framework.CglibAopProxy - Method is declared on Advised interface: public abstract void org.springframework.aop.framework.Advised.setPreFiltered(boolean)
06:28:14.836 [main] DEBUG o.s.aop.framework.CglibAopProxy - Method is declared on Advised interface: public abstract void org.springframework.aop.framework.Advised.setExposeProxy(boolean)
06:28:14.836 [main] DEBUG o.s.aop.framework.CglibAopProxy - Method is declared on Advised interface: public abstract boolean org.springframework.aop.framework.Advised.isExposeProxy()
06:28:14.836 [main] DEBUG o.s.aop.framework.CglibAopProxy - Method is declared on Advised interface: public abstract void org.springframework.aop.framework.Advised.setTargetSource(org.springframework.aop.TargetSource)
06:28:14.836 [main] DEBUG o.s.aop.framework.CglibAopProxy - Method is declared on Advised interface: public abstract boolean org.springframework.aop.framework.Advised.isPreFiltered()
06:28:14.836 [main] DEBUG o.s.aop.framework.CglibAopProxy - Method is declared on Advised interface: public abstract java.lang.Class[] org.springframework.aop.framework.Advised.getProxiedInterfaces()
06:28:14.836 [main] DEBUG o.s.aop.framework.CglibAopProxy - Method is declared on Advised interface: public abstract boolean org.springframework.aop.framework.Advised.isInterfaceProxied(java.lang.Class)
06:28:14.837 [main] DEBUG o.s.aop.framework.CglibAopProxy - Method is declared on Advised interface: public abstract org.springframework.aop.Advisor[] org.springframework.aop.framework.Advised.getAdvisors()
06:28:14.837 [main] DEBUG o.s.aop.framework.CglibAopProxy - Method is declared on Advised interface: public abstract void org.springframework.aop.framework.Advised.removeAdvisor(int) throws org.springframework.aop.framework.AopConfigException
06:28:14.837 [main] DEBUG o.s.aop.framework.CglibAopProxy - Method is declared on Advised interface: public abstract boolean org.springframework.aop.framework.Advised.removeAdvisor(org.springframework.aop.Advisor)
06:28:14.837 [main] DEBUG o.s.aop.framework.CglibAopProxy - Method is declared on Advised interface: public abstract boolean org.springframework.aop.framework.Advised.replaceAdvisor(org.springframework.aop.Advisor,org.springframework.aop.Advisor) throws org.springframework.aop.framework.AopConfigException
06:28:14.837 [main] DEBUG o.s.aop.framework.CglibAopProxy - Method is declared on Advised interface: public abstract int org.springframework.aop.framework.Advised.indexOf(org.aopalliance.aop.Advice)
06:28:14.837 [main] DEBUG o.s.aop.framework.CglibAopProxy - Method is declared on Advised interface: public abstract int org.springframework.aop.framework.Advised.indexOf(org.springframework.aop.Advisor)
06:28:14.837 [main] DEBUG o.s.aop.framework.CglibAopProxy - Method is declared on Advised interface: public abstract boolean org.springframework.aop.framework.Advised.isFrozen()
06:28:14.837 [main] DEBUG o.s.aop.framework.CglibAopProxy - Method is declared on Advised interface: public abstract java.lang.Class org.springframework.aop.TargetClassAware.getTargetClass()
06:28:14.844 [main] DEBUG o.s.b.f.s.DefaultListableBeanFactory - Finished creating instance of bean 'adminController'
06:28:14.844 [main] DEBUG o.s.b.f.s.DefaultListableBeanFactory - Creating shared instance of singleton bean 'adminUserController'
06:28:14.844 [main] DEBUG o.s.b.f.s.DefaultListableBeanFactory - Creating instance of bean 'adminUserController'
06:28:14.845 [main] DEBUG o.s.b.f.s.DefaultListableBeanFactory - Eagerly caching bean 'adminUserController' to allow for resolving potential circular references
06:28:14.845 [main] DEBUG o.s.b.f.s.DefaultListableBeanFactory - Returning cached instance of singleton bean 'metaDataSourceAdvisor'
06:28:14.845 [main] DEBUG o.s.s.a.p.PrePostAnnotationSecurityMetadataSource - @org.springframework.security.access.prepost.PreAuthorize(value=hasRole('ROLE_ADMIN')) found on specific method: public java.lang.String edu.ncsu.csc.itrust2.controllers.admin.AdminUserController.addUserSubmit(edu.ncsu.csc.itrust2.forms.admin.UserForm,org.springframework.validation.BindingResult,org.springframework.ui.Model)
06:28:14.845 [main] DEBUG o.s.s.a.m.DelegatingMethodSecurityMetadataSource - Caching method [CacheKey[edu.ncsu.csc.itrust2.controllers.admin.AdminUserController; public java.lang.String edu.ncsu.csc.itrust2.controllers.admin.AdminUserController.addUserSubmit(edu.ncsu.csc.itrust2.forms.admin.UserForm,org.springframework.validation.BindingResult,org.springframework.ui.Model)]] with attributes [[authorize: 'hasRole('ROLE_ADMIN')', filter: 'null', filterTarget: 'null']]
06:28:14.845 [main] DEBUG o.s.a.f.a.InfrastructureAdvisorAutoProxyCreator - Creating implicit proxy for bean 'adminUserController' with 0 common interceptors and 1 specific interceptors
06:28:14.845 [main] DEBUG o.s.aop.framework.CglibAopProxy - Creating CGLIB proxy: target source is SingletonTargetSource for target object [edu.ncsu.csc.itrust2.controllers.admin.AdminUserController@52061d32]
06:28:14.846 [main] DEBUG o.s.aop.framework.CglibAopProxy - Unable to apply any optimisations to advised method: public java.lang.String edu.ncsu.csc.itrust2.controllers.admin.AdminUserController.addUserSubmit(edu.ncsu.csc.itrust2.forms.admin.UserForm,org.springframework.validation.BindingResult,org.springframework.ui.Model)
06:28:14.846 [main] DEBUG o.s.s.a.p.PrePostAnnotationSecurityMetadataSource - @org.springframework.security.access.prepost.PreAuthorize(value=hasRole('ROLE_ADMIN')) found on specific method: public java.lang.String edu.ncsu.csc.itrust2.controllers.admin.AdminUserController.deleteUser(org.springframework.ui.Model)
06:28:14.846 [main] DEBUG o.s.s.a.m.DelegatingMethodSecurityMetadataSource - Caching method [CacheKey[edu.ncsu.csc.itrust2.controllers.admin.AdminUserController; public java.lang.String edu.ncsu.csc.itrust2.controllers.admin.AdminUserController.deleteUser(org.springframework.ui.Model)]] with attributes [[authorize: 'hasRole('ROLE_ADMIN')', filter: 'null', filterTarget: 'null']]
06:28:14.846 [main] DEBUG o.s.aop.framework.CglibAopProxy - Unable to apply any optimisations to advised method: public java.lang.String edu.ncsu.csc.itrust2.controllers.admin.AdminUserController.deleteUser(org.springframework.ui.Model)
06:28:14.846 [main] DEBUG o.s.s.a.p.PrePostAnnotationSecurityMetadataSource - @org.springframework.security.access.prepost.PreAuthorize(value=hasRole('ROLE_ADMIN')) found on specific method: public java.lang.String edu.ncsu.csc.itrust2.controllers.admin.AdminUserController.deleteUserSubmit(edu.ncsu.csc.itrust2.forms.admin.DeleteUserForm,org.springframework.validation.BindingResult,org.springframework.ui.Model)
06:28:14.846 [main] DEBUG o.s.s.a.m.DelegatingMethodSecurityMetadataSource - Caching method [CacheKey[edu.ncsu.csc.itrust2.controllers.admin.AdminUserController; public java.lang.String edu.ncsu.csc.itrust2.controllers.admin.AdminUserController.deleteUserSubmit(edu.ncsu.csc.itrust2.forms.admin.DeleteUserForm,org.springframework.validation.BindingResult,org.springframework.ui.Model)]] with attributes [[authorize: 'hasRole('ROLE_ADMIN')', filter: 'null', filterTarget: 'null']]
06:28:14.846 [main] DEBUG o.s.aop.framework.CglibAopProxy - Unable to apply any optimisations to advised method: public java.lang.String edu.ncsu.csc.itrust2.controllers.admin.AdminUserController.deleteUserSubmit(edu.ncsu.csc.itrust2.forms.admin.DeleteUserForm,org.springframework.validation.BindingResult,org.springframework.ui.Model)
06:28:14.846 [main] DEBUG o.s.s.a.p.PrePostAnnotationSecurityMetadataSource - @org.springframework.security.access.prepost.PreAuthorize(value=hasRole('ROLE_ADMIN')) found on specific method: public java.lang.String edu.ncsu.csc.itrust2.controllers.admin.AdminUserController.drugs(org.springframework.ui.Model)
06:28:14.846 [main] DEBUG o.s.s.a.m.DelegatingMethodSecurityMetadataSource - Caching method [CacheKey[edu.ncsu.csc.itrust2.controllers.admin.AdminUserController; public java.lang.String edu.ncsu.csc.itrust2.controllers.admin.AdminUserController.drugs(org.springframework.ui.Model)]] with attributes [[authorize: 'hasRole('ROLE_ADMIN')', filter: 'null', filterTarget: 'null']]
06:28:14.847 [main] DEBUG o.s.aop.framework.CglibAopProxy - Unable to apply any optimisations to advised method: public java.lang.String edu.ncsu.csc.itrust2.controllers.admin.AdminUserController.drugs(org.springframework.ui.Model)
06:28:14.847 [main] DEBUG o.s.s.a.p.PrePostAnnotationSecurityMetadataSource - @org.springframework.security.access.prepost.PreAuthorize(value=hasRole('ROLE_ADMIN')) found on specific method: public java.lang.String edu.ncsu.csc.itrust2.controllers.admin.AdminUserController.addUser(org.springframework.ui.Model)
06:28:14.847 [main] DEBUG o.s.s.a.m.DelegatingMethodSecurityMetadataSource - Caching method [CacheKey[edu.ncsu.csc.itrust2.controllers.admin.AdminUserController; public java.lang.String edu.ncsu.csc.itrust2.controllers.admin.AdminUserController.addUser(org.springframework.ui.Model)]] with attributes [[authorize: 'hasRole('ROLE_ADMIN')', filter: 'null', filterTarget: 'null']]
06:28:14.847 [main] DEBUG o.s.aop.framework.CglibAopProxy - Unable to apply any optimisations to advised method: public java.lang.String edu.ncsu.csc.itrust2.controllers.admin.AdminUserController.addUser(org.springframework.ui.Model)
06:28:14.847 [main] DEBUG o.s.aop.framework.CglibAopProxy - Found 'equals' method: public boolean java.lang.Object.equals(java.lang.Object)
06:28:14.847 [main] DEBUG o.s.aop.framework.CglibAopProxy - Unable to apply any optimisations to advised method: public java.lang.String java.lang.Object.toString()
06:28:14.847 [main] DEBUG o.s.aop.framework.CglibAopProxy - Found 'hashCode' method: public native int java.lang.Object.hashCode()
06:28:14.847 [main] DEBUG o.s.aop.framework.CglibAopProxy - Unable to apply any optimisations to advised method: protected native java.lang.Object java.lang.Object.clone() throws java.lang.CloneNotSupportedException
06:28:14.847 [main] DEBUG o.s.aop.framework.CglibAopProxy - Method is declared on Advised interface: public abstract boolean org.springframework.aop.framework.Advised.removeAdvice(org.aopalliance.aop.Advice)
06:28:14.847 [main] DEBUG o.s.aop.framework.CglibAopProxy - Method is declared on Advised interface: public abstract java.lang.String org.springframework.aop.framework.Advised.toProxyConfigString()
06:28:14.847 [main] DEBUG o.s.aop.framework.CglibAopProxy - Method is declared on Advised interface: public abstract void org.springframework.aop.framework.Advised.addAdvice(org.aopalliance.aop.Advice) throws org.springframework.aop.framework.AopConfigException
06:28:14.847 [main] DEBUG o.s.aop.framework.CglibAopProxy - Method is declared on Advised interface: public abstract void org.springframework.aop.framework.Advised.addAdvice(int,org.aopalliance.aop.Advice) throws org.springframework.aop.framework.AopConfigException
06:28:14.847 [main] DEBUG o.s.aop.framework.CglibAopProxy - Method is declared on Advised interface: public abstract org.springframework.aop.TargetSource org.springframework.aop.framework.Advised.getTargetSource()
06:28:14.847 [main] DEBUG o.s.aop.framework.CglibAopProxy - Method is declared on Advised interface: public abstract boolean org.springframework.aop.framework.Advised.isProxyTargetClass()
06:28:14.847 [main] DEBUG o.s.aop.framework.CglibAopProxy - Method is declared on Advised interface: public abstract void org.springframework.aop.framework.Advised.addAdvisor(org.springframework.aop.Advisor) throws org.springframework.aop.framework.AopConfigException
06:28:14.847 [main] DEBUG o.s.aop.framework.CglibAopProxy - Method is declared on Advised interface: public abstract void org.springframework.aop.framework.Advised.addAdvisor(int,org.springframework.aop.Advisor) throws org.springframework.aop.framework.AopConfigException
06:28:14.847 [main] DEBUG o.s.aop.framework.CglibAopProxy - Method is declared on Advised interface: public abstract void org.springframework.aop.framework.Advised.setPreFiltered(boolean)
06:28:14.847 [main] DEBUG o.s.aop.framework.CglibAopProxy - Method is declared on Advised interface: public abstract void org.springframework.aop.framework.Advised.setExposeProxy(boolean)
06:28:14.847 [main] DEBUG o.s.aop.framework.CglibAopProxy - Method is declared on Advised interface: public abstract boolean org.springframework.aop.framework.Advised.isExposeProxy()
06:28:14.847 [main] DEBUG o.s.aop.framework.CglibAopProxy - Method is declared on Advised interface: public abstract void org.springframework.aop.framework.Advised.setTargetSource(org.springframework.aop.TargetSource)
06:28:14.847 [main] DEBUG o.s.aop.framework.CglibAopProxy - Method is declared on Advised interface: public abstract boolean org.springframework.aop.framework.Advised.isPreFiltered()
06:28:14.847 [main] DEBUG o.s.aop.framework.CglibAopProxy - Method is declared on Advised interface: public abstract java.lang.Class[] org.springframework.aop.framework.Advised.getProxiedInterfaces()
06:28:14.847 [main] DEBUG o.s.aop.framework.CglibAopProxy - Method is declared on Advised interface: public abstract boolean org.springframework.aop.framework.Advised.isInterfaceProxied(java.lang.Class)
06:28:14.847 [main] DEBUG o.s.aop.framework.CglibAopProxy - Method is declared on Advised interface: public abstract org.springframework.aop.Advisor[] org.springframework.aop.framework.Advised.getAdvisors()
06:28:14.847 [main] DEBUG o.s.aop.framework.CglibAopProxy - Method is declared on Advised interface: public abstract void org.springframework.aop.framework.Advised.removeAdvisor(int) throws org.springframework.aop.framework.AopConfigException
06:28:14.847 [main] DEBUG o.s.aop.framework.CglibAopProxy - Method is declared on Advised interface: public abstract boolean org.springframework.aop.framework.Advised.removeAdvisor(org.springframework.aop.Advisor)
06:28:14.847 [main] DEBUG o.s.aop.framework.CglibAopProxy - Method is declared on Advised interface: public abstract boolean org.springframework.aop.framework.Advised.replaceAdvisor(org.springframework.aop.Advisor,org.springframework.aop.Advisor) throws org.springframework.aop.framework.AopConfigException
06:28:14.847 [main] DEBUG o.s.aop.framework.CglibAopProxy - Method is declared on Advised interface: public abstract int org.springframework.aop.framework.Advised.indexOf(org.aopalliance.aop.Advice)
06:28:14.847 [main] DEBUG o.s.aop.framework.CglibAopProxy - Method is declared on Advised interface: public abstract int org.springframework.aop.framework.Advised.indexOf(org.springframework.aop.Advisor)
06:28:14.847 [main] DEBUG o.s.aop.framework.CglibAopProxy - Method is declared on Advised interface: public abstract boolean org.springframework.aop.framework.Advised.isFrozen()
06:28:14.847 [main] DEBUG o.s.aop.framework.CglibAopProxy - Method is declared on Advised interface: public abstract java.lang.Class org.springframework.aop.TargetClassAware.getTargetClass()
06:28:14.855 [main] DEBUG o.s.b.f.s.DefaultListableBeanFactory - Finished creating instance of bean 'adminUserController'
06:28:14.855 [main] DEBUG o.s.b.f.s.DefaultListableBeanFactory - Creating shared instance of singleton bean 'hospitalController'
06:28:14.855 [main] DEBUG o.s.b.f.s.DefaultListableBeanFactory - Creating instance of bean 'hospitalController'
06:28:14.855 [main] DEBUG o.s.b.f.s.DefaultListableBeanFactory - Eagerly caching bean 'hospitalController' to allow for resolving potential circular references
06:28:14.855 [main] DEBUG o.s.b.f.s.DefaultListableBeanFactory - Returning cached instance of singleton bean 'metaDataSourceAdvisor'
06:28:14.855 [main] DEBUG o.s.s.a.p.PrePostAnnotationSecurityMetadataSource - @org.springframework.security.access.prepost.PreAuthorize(value=hasRole('ROLE_ADMIN')) found on specific method: public java.lang.String edu.ncsu.csc.itrust2.controllers.admin.HospitalController.addHospitalSubmit(edu.ncsu.csc.itrust2.forms.admin.HospitalForm,org.springframework.validation.BindingResult,org.springframework.ui.Model)
06:28:14.856 [main] DEBUG o.s.s.a.m.DelegatingMethodSecurityMetadataSource - Caching method [CacheKey[edu.ncsu.csc.itrust2.controllers.admin.HospitalController; public java.lang.String edu.ncsu.csc.itrust2.controllers.admin.HospitalController.addHospitalSubmit(edu.ncsu.csc.itrust2.forms.admin.HospitalForm,org.springframework.validation.BindingResult,org.springframework.ui.Model)]] with attributes [[authorize: 'hasRole('ROLE_ADMIN')', filter: 'null', filterTarget: 'null']]
06:28:14.856 [main] DEBUG o.s.a.f.a.InfrastructureAdvisorAutoProxyCreator - Creating implicit proxy for bean 'hospitalController' with 0 common interceptors and 1 specific interceptors
06:28:14.856 [main] DEBUG o.s.aop.framework.CglibAopProxy - Creating CGLIB proxy: target source is SingletonTargetSource for target object [edu.ncsu.csc.itrust2.controllers.admin.HospitalController@328dad16]
06:28:14.856 [main] DEBUG o.s.aop.framework.CglibAopProxy - Unable to apply any optimisations to advised method: public java.lang.String edu.ncsu.csc.itrust2.controllers.admin.HospitalController.addHospitalSubmit(edu.ncsu.csc.itrust2.forms.admin.HospitalForm,org.springframework.validation.BindingResult,org.springframework.ui.Model)
06:28:14.856 [main] DEBUG o.s.s.a.p.PrePostAnnotationSecurityMetadataSource - @org.springframework.security.access.prepost.PreAuthorize(value=hasRole('ROLE_ADMIN')) found on specific method: public java.lang.String edu.ncsu.csc.itrust2.controllers.admin.HospitalController.deleteHospital(org.springframework.ui.Model)
06:28:14.856 [main] DEBUG o.s.s.a.m.DelegatingMethodSecurityMetadataSource - Caching method [CacheKey[edu.ncsu.csc.itrust2.controllers.admin.HospitalController; public java.lang.String edu.ncsu.csc.itrust2.controllers.admin.HospitalController.deleteHospital(org.springframework.ui.Model)]] with attributes [[authorize: 'hasRole('ROLE_ADMIN')', filter: 'null', filterTarget: 'null']]
06:28:14.856 [main] DEBUG o.s.aop.framework.CglibAopProxy - Unable to apply any optimisations to advised method: public java.lang.String edu.ncsu.csc.itrust2.controllers.admin.HospitalController.deleteHospital(org.springframework.ui.Model)
06:28:14.856 [main] DEBUG o.s.s.a.p.PrePostAnnotationSecurityMetadataSource - @org.springframework.security.access.prepost.PreAuthorize(value=hasRole('ROLE_ADMIN')) found on specific method: public java.lang.String edu.ncsu.csc.itrust2.controllers.admin.HospitalController.deleteHospitalSubmit(edu.ncsu.csc.itrust2.forms.admin.DeleteHospitalForm,org.springframework.validation.BindingResult,org.springframework.ui.Model)
06:28:14.856 [main] DEBUG o.s.s.a.m.DelegatingMethodSecurityMetadataSource - Caching method [CacheKey[edu.ncsu.csc.itrust2.controllers.admin.HospitalController; public java.lang.String edu.ncsu.csc.itrust2.controllers.admin.HospitalController.deleteHospitalSubmit(edu.ncsu.csc.itrust2.forms.admin.DeleteHospitalForm,org.springframework.validation.BindingResult,org.springframework.ui.Model)]] with attributes [[authorize: 'hasRole('ROLE_ADMIN')', filter: 'null', filterTarget: 'null']]
06:28:14.856 [main] DEBUG o.s.aop.framework.CglibAopProxy - Unable to apply any optimisations to advised method: public java.lang.String edu.ncsu.csc.itrust2.controllers.admin.HospitalController.deleteHospitalSubmit(edu.ncsu.csc.itrust2.forms.admin.DeleteHospitalForm,org.springframework.validation.BindingResult,org.springframework.ui.Model)
06:28:14.857 [main] DEBUG o.s.s.a.p.PrePostAnnotationSecurityMetadataSource - @org.springframework.security.access.prepost.PreAuthorize(value=hasRole('ROLE_ADMIN')) found on specific method: public java.lang.String edu.ncsu.csc.itrust2.controllers.admin.HospitalController.addHospital(org.springframework.ui.Model)
06:28:14.857 [main] DEBUG o.s.s.a.m.DelegatingMethodSecurityMetadataSource - Caching method [CacheKey[edu.ncsu.csc.itrust2.controllers.admin.HospitalController; public java.lang.String edu.ncsu.csc.itrust2.controllers.admin.HospitalController.addHospital(org.springframework.ui.Model)]] with attributes [[authorize: 'hasRole('ROLE_ADMIN')', filter: 'null', filterTarget: 'null']]
06:28:14.857 [main] DEBUG o.s.aop.framework.CglibAopProxy - Unable to apply any optimisations to advised method: public java.lang.String edu.ncsu.csc.itrust2.controllers.admin.HospitalController.addHospital(org.springframework.ui.Model)
06:28:14.857 [main] DEBUG o.s.aop.framework.CglibAopProxy - Found 'equals' method: public boolean java.lang.Object.equals(java.lang.Object)
06:28:14.857 [main] DEBUG o.s.aop.framework.CglibAopProxy - Unable to apply any optimisations to advised method: public java.lang.String java.lang.Object.toString()
06:28:14.857 [main] DEBUG o.s.aop.framework.CglibAopProxy - Found 'hashCode' method: public native int java.lang.Object.hashCode()
06:28:14.857 [main] DEBUG o.s.aop.framework.CglibAopProxy - Unable to apply any optimisations to advised method: protected native java.lang.Object java.lang.Object.clone() throws java.lang.CloneNotSupportedException
06:28:14.857 [main] DEBUG o.s.aop.framework.CglibAopProxy - Method is declared on Advised interface: public abstract boolean org.springframework.aop.framework.Advised.removeAdvice(org.aopalliance.aop.Advice)
06:28:14.857 [main] DEBUG o.s.aop.framework.CglibAopProxy - Method is declared on Advised interface: public abstract java.lang.String org.springframework.aop.framework.Advised.toProxyConfigString()
06:28:14.857 [main] DEBUG o.s.aop.framework.CglibAopProxy - Method is declared on Advised interface: public abstract void org.springframework.aop.framework.Advised.addAdvice(org.aopalliance.aop.Advice) throws org.springframework.aop.framework.AopConfigException
06:28:14.857 [main] DEBUG o.s.aop.framework.CglibAopProxy - Method is declared on Advised interface: public abstract void org.springframework.aop.framework.Advised.addAdvice(int,org.aopalliance.aop.Advice) throws org.springframework.aop.framework.AopConfigException
06:28:14.857 [main] DEBUG o.s.aop.framework.CglibAopProxy - Method is declared on Advised interface: public abstract org.springframework.aop.TargetSource org.springframework.aop.framework.Advised.getTargetSource()
06:28:14.857 [main] DEBUG o.s.aop.framework.CglibAopProxy - Method is declared on Advised interface: public abstract boolean org.springframework.aop.framework.Advised.isProxyTargetClass()
06:28:14.857 [main] DEBUG o.s.aop.framework.CglibAopProxy - Method is declared on Advised interface: public abstract void org.springframework.aop.framework.Advised.addAdvisor(org.springframework.aop.Advisor) throws org.springframework.aop.framework.AopConfigException
06:28:14.857 [main] DEBUG o.s.aop.framework.CglibAopProxy - Method is declared on Advised interface: public abstract void org.springframework.aop.framework.Advised.addAdvisor(int,org.springframework.aop.Advisor) throws org.springframework.aop.framework.AopConfigException
06:28:14.857 [main] DEBUG o.s.aop.framework.CglibAopProxy - Method is declared on Advised interface: public abstract void org.springframework.aop.framework.Advised.setPreFiltered(boolean)
06:28:14.857 [main] DEBUG o.s.aop.framework.CglibAopProxy - Method is declared on Advised interface: public abstract void org.springframework.aop.framework.Advised.setExposeProxy(boolean)
06:28:14.857 [main] DEBUG o.s.aop.framework.CglibAopProxy - Method is declared on Advised interface: public abstract boolean org.springframework.aop.framework.Advised.isExposeProxy()
06:28:14.857 [main] DEBUG o.s.aop.framework.CglibAopProxy - Method is declared on Advised interface: public abstract void org.springframework.aop.framework.Advised.setTargetSource(org.springframework.aop.TargetSource)
06:28:14.857 [main] DEBUG o.s.aop.framework.CglibAopProxy - Method is declared on Advised interface: public abstract boolean org.springframework.aop.framework.Advised.isPreFiltered()
06:28:14.857 [main] DEBUG o.s.aop.framework.CglibAopProxy - Method is declared on Advised interface: public abstract java.lang.Class[] org.springframework.aop.framework.Advised.getProxiedInterfaces()
06:28:14.857 [main] DEBUG o.s.aop.framework.CglibAopProxy - Method is declared on Advised interface: public abstract boolean org.springframework.aop.framework.Advised.isInterfaceProxied(java.lang.Class)
06:28:14.857 [main] DEBUG o.s.aop.framework.CglibAopProxy - Method is declared on Advised interface: public abstract org.springframework.aop.Advisor[] org.springframework.aop.framework.Advised.getAdvisors()
06:28:14.857 [main] DEBUG o.s.aop.framework.CglibAopProxy - Method is declared on Advised interface: public abstract void org.springframework.aop.framework.Advised.removeAdvisor(int) throws org.springframework.aop.framework.AopConfigException
06:28:14.857 [main] DEBUG o.s.aop.framework.CglibAopProxy - Method is declared on Advised interface: public abstract boolean org.springframework.aop.framework.Advised.removeAdvisor(org.springframework.aop.Advisor)
06:28:14.857 [main] DEBUG o.s.aop.framework.CglibAopProxy - Method is declared on Advised interface: public abstract boolean org.springframework.aop.framework.Advised.replaceAdvisor(org.springframework.aop.Advisor,org.springframework.aop.Advisor) throws org.springframework.aop.framework.AopConfigException
06:28:14.857 [main] DEBUG o.s.aop.framework.CglibAopProxy - Method is declared on Advised interface: public abstract int org.springframework.aop.framework.Advised.indexOf(org.aopalliance.aop.Advice)
06:28:14.857 [main] DEBUG o.s.aop.framework.CglibAopProxy - Method is declared on Advised interface: public abstract int org.springframework.aop.framework.Advised.indexOf(org.springframework.aop.Advisor)
06:28:14.857 [main] DEBUG o.s.aop.framework.CglibAopProxy - Method is declared on Advised interface: public abstract boolean org.springframework.aop.framework.Advised.isFrozen()
06:28:14.857 [main] DEBUG o.s.aop.framework.CglibAopProxy - Method is declared on Advised interface: public abstract java.lang.Class org.springframework.aop.TargetClassAware.getTargetClass()
06:28:14.863 [main] DEBUG o.s.b.f.s.DefaultListableBeanFactory - Finished creating instance of bean 'hospitalController'
06:28:14.864 [main] DEBUG o.s.b.f.s.DefaultListableBeanFactory - Creating shared instance of singleton bean 'ICDCodesController'
06:28:14.864 [main] DEBUG o.s.b.f.s.DefaultListableBeanFactory - Creating instance of bean 'ICDCodesController'
06:28:14.864 [main] DEBUG o.s.b.f.s.DefaultListableBeanFactory - Eagerly caching bean 'ICDCodesController' to allow for resolving potential circular references
06:28:14.864 [main] DEBUG o.s.b.f.s.DefaultListableBeanFactory - Returning cached instance of singleton bean 'metaDataSourceAdvisor'
06:28:14.864 [main] DEBUG o.s.s.a.p.PrePostAnnotationSecurityMetadataSource - @org.springframework.security.access.prepost.PreAuthorize(value=hasRole('ROLE_ADMIN')) found on specific method: public java.lang.String edu.ncsu.csc.itrust2.controllers.admin.ICDCodesController.addCode(org.springframework.ui.Model)
06:28:14.864 [main] DEBUG o.s.s.a.m.DelegatingMethodSecurityMetadataSource - Caching method [CacheKey[edu.ncsu.csc.itrust2.controllers.admin.ICDCodesController; public java.lang.String edu.ncsu.csc.itrust2.controllers.admin.ICDCodesController.addCode(org.springframework.ui.Model)]] with attributes [[authorize: 'hasRole('ROLE_ADMIN')', filter: 'null', filterTarget: 'null']]
06:28:14.864 [main] DEBUG o.s.a.f.a.InfrastructureAdvisorAutoProxyCreator - Creating implicit proxy for bean 'ICDCodesController' with 0 common interceptors and 1 specific interceptors
06:28:14.864 [main] DEBUG o.s.aop.framework.CglibAopProxy - Creating CGLIB proxy: target source is SingletonTargetSource for target object [edu.ncsu.csc.itrust2.controllers.admin.ICDCodesController@28beceab]
06:28:14.865 [main] DEBUG o.s.aop.framework.CglibAopProxy - Unable to apply any optimisations to advised method: public java.lang.String edu.ncsu.csc.itrust2.controllers.admin.ICDCodesController.addCode(org.springframework.ui.Model)
06:28:14.865 [main] DEBUG o.s.aop.framework.CglibAopProxy - Found 'equals' method: public boolean java.lang.Object.equals(java.lang.Object)
06:28:14.865 [main] DEBUG o.s.aop.framework.CglibAopProxy - Unable to apply any optimisations to advised method: public java.lang.String java.lang.Object.toString()
06:28:14.865 [main] DEBUG o.s.aop.framework.CglibAopProxy - Found 'hashCode' method: public native int java.lang.Object.hashCode()
06:28:14.865 [main] DEBUG o.s.aop.framework.CglibAopProxy - Unable to apply any optimisations to advised method: protected native java.lang.Object java.lang.Object.clone() throws java.lang.CloneNotSupportedException
06:28:14.865 [main] DEBUG o.s.aop.framework.CglibAopProxy - Method is declared on Advised interface: public abstract boolean org.springframework.aop.framework.Advised.removeAdvice(org.aopalliance.aop.Advice)
06:28:14.865 [main] DEBUG o.s.aop.framework.CglibAopProxy - Method is declared on Advised interface: public abstract java.lang.String org.springframework.aop.framework.Advised.toProxyConfigString()
06:28:14.865 [main] DEBUG o.s.aop.framework.CglibAopProxy - Method is declared on Advised interface: public abstract void org.springframework.aop.framework.Advised.addAdvice(org.aopalliance.aop.Advice) throws org.springframework.aop.framework.AopConfigException
06:28:14.865 [main] DEBUG o.s.aop.framework.CglibAopProxy - Method is declared on Advised interface: public abstract void org.springframework.aop.framework.Advised.addAdvice(int,org.aopalliance.aop.Advice) throws org.springframework.aop.framework.AopConfigException
06:28:14.865 [main] DEBUG o.s.aop.framework.CglibAopProxy - Method is declared on Advised interface: public abstract org.springframework.aop.TargetSource org.springframework.aop.framework.Advised.getTargetSource()
06:28:14.865 [main] DEBUG o.s.aop.framework.CglibAopProxy - Method is declared on Advised interface: public abstract boolean org.springframework.aop.framework.Advised.isProxyTargetClass()
06:28:14.865 [main] DEBUG o.s.aop.framework.CglibAopProxy - Method is declared on Advised interface: public abstract void org.springframework.aop.framework.Advised.addAdvisor(org.springframework.aop.Advisor) throws org.springframework.aop.framework.AopConfigException
06:28:14.865 [main] DEBUG o.s.aop.framework.CglibAopProxy - Method is declared on Advised interface: public abstract void org.springframework.aop.framework.Advised.addAdvisor(int,org.springframework.aop.Advisor) throws org.springframework.aop.framework.AopConfigException
06:28:14.865 [main] DEBUG o.s.aop.framework.CglibAopProxy - Method is declared on Advised interface: public abstract void org.springframework.aop.framework.Advised.setPreFiltered(boolean)
06:28:14.865 [main] DEBUG o.s.aop.framework.CglibAopProxy - Method is declared on Advised interface: public abstract void org.springframework.aop.framework.Advised.setExposeProxy(boolean)
06:28:14.865 [main] DEBUG o.s.aop.framework.CglibAopProxy - Method is declared on Advised interface: public abstract boolean org.springframework.aop.framework.Advised.isExposeProxy()
06:28:14.865 [main] DEBUG o.s.aop.framework.CglibAopProxy - Method is declared on Advised interface: public abstract void org.springframework.aop.framework.Advised.setTargetSource(org.springframework.aop.TargetSource)
06:28:14.865 [main] DEBUG o.s.aop.framework.CglibAopProxy - Method is declared on Advised interface: public abstract boolean org.springframework.aop.framework.Advised.isPreFiltered()
06:28:14.865 [main] DEBUG o.s.aop.framework.CglibAopProxy - Method is declared on Advised interface: public abstract java.lang.Class[] org.springframework.aop.framework.Advised.getProxiedInterfaces()
06:28:14.865 [main] DEBUG o.s.aop.framework.CglibAopProxy - Method is declared on Advised interface: public abstract boolean org.springframework.aop.framework.Advised.isInterfaceProxied(java.lang.Class)
06:28:14.865 [main] DEBUG o.s.aop.framework.CglibAopProxy - Method is declared on Advised interface: public abstract org.springframework.aop.Advisor[] org.springframework.aop.framework.Advised.getAdvisors()
06:28:14.865 [main] DEBUG o.s.aop.framework.CglibAopProxy - Method is declared on Advised interface: public abstract void org.springframework.aop.framework.Advised.removeAdvisor(int) throws org.springframework.aop.framework.AopConfigException
06:28:14.865 [main] DEBUG o.s.aop.framework.CglibAopProxy - Method is declared on Advised interface: public abstract boolean org.springframework.aop.framework.Advised.removeAdvisor(org.springframework.aop.Advisor)
06:28:14.865 [main] DEBUG o.s.aop.framework.CglibAopProxy - Method is declared on Advised interface: public abstract boolean org.springframework.aop.framework.Advised.replaceAdvisor(org.springframework.aop.Advisor,org.springframework.aop.Advisor) throws org.springframework.aop.framework.AopConfigException
06:28:14.865 [main] DEBUG o.s.aop.framework.CglibAopProxy - Method is declared on Advised interface: public abstract int org.springframework.aop.framework.Advised.indexOf(org.aopalliance.aop.Advice)
06:28:14.865 [main] DEBUG o.s.aop.framework.CglibAopProxy - Method is declared on Advised interface: public abstract int org.springframework.aop.framework.Advised.indexOf(org.springframework.aop.Advisor)
06:28:14.865 [main] DEBUG o.s.aop.framework.CglibAopProxy - Method is declared on Advised interface: public abstract boolean org.springframework.aop.framework.Advised.isFrozen()
06:28:14.865 [main] DEBUG o.s.aop.framework.CglibAopProxy - Method is declared on Advised interface: public abstract java.lang.Class org.springframework.aop.TargetClassAware.getTargetClass()
06:28:14.872 [main] DEBUG o.s.b.f.s.DefaultListableBeanFactory - Finished creating instance of bean 'ICDCodesController'
06:28:14.873 [main] DEBUG o.s.b.f.s.DefaultListableBeanFactory - Creating shared instance of singleton bean 'APIAppointmentRequestController'
06:28:14.873 [main] DEBUG o.s.b.f.s.DefaultListableBeanFactory - Creating instance of bean 'APIAppointmentRequestController'
06:28:14.873 [main] DEBUG o.s.b.f.s.DefaultListableBeanFactory - Eagerly caching bean 'APIAppointmentRequestController' to allow for resolving potential circular references
06:28:14.873 [main] DEBUG o.s.b.f.s.DefaultListableBeanFactory - Returning cached instance of singleton bean 'metaDataSourceAdvisor'
06:28:14.874 [main] DEBUG o.s.b.f.s.DefaultListableBeanFactory - Finished creating instance of bean 'APIAppointmentRequestController'
06:28:14.874 [main] DEBUG o.s.b.f.s.DefaultListableBeanFactory - Creating shared instance of singleton bean 'APIDiagnosisController'
06:28:14.874 [main] DEBUG o.s.b.f.s.DefaultListableBeanFactory - Creating instance of bean 'APIDiagnosisController'
06:28:14.874 [main] DEBUG o.s.b.f.s.DefaultListableBeanFactory - Eagerly caching bean 'APIDiagnosisController' to allow for resolving potential circular references
06:28:14.874 [main] DEBUG o.s.b.f.s.DefaultListableBeanFactory - Returning cached instance of singleton bean 'metaDataSourceAdvisor'
06:28:14.875 [main] DEBUG o.s.b.f.s.DefaultListableBeanFactory - Finished creating instance of bean 'APIDiagnosisController'
06:28:14.875 [main] DEBUG o.s.b.f.s.DefaultListableBeanFactory - Creating shared instance of singleton bean 'APIDrugController'
06:28:14.875 [main] DEBUG o.s.b.f.s.DefaultListableBeanFactory - Creating instance of bean 'APIDrugController'
06:28:14.875 [main] DEBUG o.s.b.f.s.DefaultListableBeanFactory - Eagerly caching bean 'APIDrugController' to allow for resolving potential circular references
06:28:14.875 [main] DEBUG o.s.b.f.s.DefaultListableBeanFactory - Returning cached instance of singleton bean 'metaDataSourceAdvisor'
06:28:14.875 [main] DEBUG o.s.s.a.p.PrePostAnnotationSecurityMetadataSource - @org.springframework.security.access.prepost.PreAuthorize(value=hasRole('ROLE_ADMIN')) found on specific method: public org.springframework.http.ResponseEntity edu.ncsu.csc.itrust2.controllers.api.APIDrugController.addDrug(edu.ncsu.csc.itrust2.forms.admin.DrugForm)
06:28:14.875 [main] DEBUG o.s.s.a.m.DelegatingMethodSecurityMetadataSource - Caching method [CacheKey[edu.ncsu.csc.itrust2.controllers.api.APIDrugController; public org.springframework.http.ResponseEntity edu.ncsu.csc.itrust2.controllers.api.APIDrugController.addDrug(edu.ncsu.csc.itrust2.forms.admin.DrugForm)]] with attributes [[authorize: 'hasRole('ROLE_ADMIN')', filter: 'null', filterTarget: 'null']]
06:28:14.875 [main] DEBUG o.s.a.f.a.InfrastructureAdvisorAutoProxyCreator - Creating implicit proxy for bean 'APIDrugController' with 0 common interceptors and 1 specific interceptors
06:28:14.875 [main] DEBUG o.s.aop.framework.CglibAopProxy - Creating CGLIB proxy: target source is SingletonTargetSource for target object [edu.ncsu.csc.itrust2.controllers.api.APIDrugController@5bb7a7db]
06:28:14.876 [main] DEBUG o.s.aop.framework.CglibAopProxy - Unable to apply any optimisations to advised method: public org.springframework.http.ResponseEntity edu.ncsu.csc.itrust2.controllers.api.APIDrugController.addDrug(edu.ncsu.csc.itrust2.forms.admin.DrugForm)
06:28:14.876 [main] DEBUG o.s.s.a.p.PrePostAnnotationSecurityMetadataSource - @org.springframework.security.access.prepost.PreAuthorize(value=hasRole('ROLE_ADMIN')) found on specific method: public org.springframework.http.ResponseEntity edu.ncsu.csc.itrust2.controllers.api.APIDrugController.editDrug(edu.ncsu.csc.itrust2.forms.admin.DrugForm)
06:28:14.876 [main] DEBUG o.s.s.a.m.DelegatingMethodSecurityMetadataSource - Caching method [CacheKey[edu.ncsu.csc.itrust2.controllers.api.APIDrugController; public org.springframework.http.ResponseEntity edu.ncsu.csc.itrust2.controllers.api.APIDrugController.editDrug(edu.ncsu.csc.itrust2.forms.admin.DrugForm)]] with attributes [[authorize: 'hasRole('ROLE_ADMIN')', filter: 'null', filterTarget: 'null']]
06:28:14.876 [main] DEBUG o.s.aop.framework.CglibAopProxy - Unable to apply any optimisations to advised method: public org.springframework.http.ResponseEntity edu.ncsu.csc.itrust2.controllers.api.APIDrugController.editDrug(edu.ncsu.csc.itrust2.forms.admin.DrugForm)
06:28:14.876 [main] DEBUG o.s.s.a.p.PrePostAnnotationSecurityMetadataSource - @org.springframework.security.access.prepost.PreAuthorize(value=hasRole('ROLE_ADMIN')) found on specific method: public org.springframework.http.ResponseEntity edu.ncsu.csc.itrust2.controllers.api.APIDrugController.deleteDrug(java.lang.String)
06:28:14.876 [main] DEBUG o.s.s.a.m.DelegatingMethodSecurityMetadataSource - Caching method [CacheKey[edu.ncsu.csc.itrust2.controllers.api.APIDrugController; public org.springframework.http.ResponseEntity edu.ncsu.csc.itrust2.controllers.api.APIDrugController.deleteDrug(java.lang.String)]] with attributes [[authorize: 'hasRole('ROLE_ADMIN')', filter: 'null', filterTarget: 'null']]
06:28:14.876 [main] DEBUG o.s.aop.framework.CglibAopProxy - Unable to apply any optimisations to advised method: public org.springframework.http.ResponseEntity edu.ncsu.csc.itrust2.controllers.api.APIDrugController.deleteDrug(java.lang.String)
06:28:14.877 [main] DEBUG o.s.aop.framework.CglibAopProxy - Unable to apply any optimisations to advised method: public java.util.List edu.ncsu.csc.itrust2.controllers.api.APIDrugController.getDrugs()
06:28:14.877 [main] DEBUG o.s.aop.framework.CglibAopProxy - Found 'equals' method: public boolean java.lang.Object.equals(java.lang.Object)
06:28:14.877 [main] DEBUG o.s.aop.framework.CglibAopProxy - Unable to apply any optimisations to advised method: public java.lang.String java.lang.Object.toString()
06:28:14.877 [main] DEBUG o.s.aop.framework.CglibAopProxy - Found 'hashCode' method: public native int java.lang.Object.hashCode()
06:28:14.877 [main] DEBUG o.s.aop.framework.CglibAopProxy - Unable to apply any optimisations to advised method: protected native java.lang.Object java.lang.Object.clone() throws java.lang.CloneNotSupportedException
06:28:14.877 [main] DEBUG o.s.aop.framework.CglibAopProxy - Method is declared on Advised interface: public abstract boolean org.springframework.aop.framework.Advised.removeAdvice(org.aopalliance.aop.Advice)
06:28:14.877 [main] DEBUG o.s.aop.framework.CglibAopProxy - Method is declared on Advised interface: public abstract java.lang.String org.springframework.aop.framework.Advised.toProxyConfigString()
06:28:14.877 [main] DEBUG o.s.aop.framework.CglibAopProxy - Method is declared on Advised interface: public abstract void org.springframework.aop.framework.Advised.addAdvice(org.aopalliance.aop.Advice) throws org.springframework.aop.framework.AopConfigException
06:28:14.877 [main] DEBUG o.s.aop.framework.CglibAopProxy - Method is declared on Advised interface: public abstract void org.springframework.aop.framework.Advised.addAdvice(int,org.aopalliance.aop.Advice) throws org.springframework.aop.framework.AopConfigException
06:28:14.877 [main] DEBUG o.s.aop.framework.CglibAopProxy - Method is declared on Advised interface: public abstract org.springframework.aop.TargetSource org.springframework.aop.framework.Advised.getTargetSource()
06:28:14.877 [main] DEBUG o.s.aop.framework.CglibAopProxy - Method is declared on Advised interface: public abstract boolean org.springframework.aop.framework.Advised.isProxyTargetClass()
06:28:14.877 [main] DEBUG o.s.aop.framework.CglibAopProxy - Method is declared on Advised interface: public abstract void org.springframework.aop.framework.Advised.addAdvisor(org.springframework.aop.Advisor) throws org.springframework.aop.framework.AopConfigException
06:28:14.877 [main] DEBUG o.s.aop.framework.CglibAopProxy - Method is declared on Advised interface: public abstract void org.springframework.aop.framework.Advised.addAdvisor(int,org.springframework.aop.Advisor) throws org.springframework.aop.framework.AopConfigException
06:28:14.877 [main] DEBUG o.s.aop.framework.CglibAopProxy - Method is declared on Advised interface: public abstract void org.springframework.aop.framework.Advised.setPreFiltered(boolean)
06:28:14.877 [main] DEBUG o.s.aop.framework.CglibAopProxy - Method is declared on Advised interface: public abstract void org.springframework.aop.framework.Advised.setExposeProxy(boolean)
06:28:14.877 [main] DEBUG o.s.aop.framework.CglibAopProxy - Method is declared on Advised interface: public abstract boolean org.springframework.aop.framework.Advised.isExposeProxy()
06:28:14.877 [main] DEBUG o.s.aop.framework.CglibAopProxy - Method is declared on Advised interface: public abstract void org.springframework.aop.framework.Advised.setTargetSource(org.springframework.aop.TargetSource)
06:28:14.877 [main] DEBUG o.s.aop.framework.CglibAopProxy - Method is declared on Advised interface: public abstract boolean org.springframework.aop.framework.Advised.isPreFiltered()
06:28:14.877 [main] DEBUG o.s.aop.framework.CglibAopProxy - Method is declared on Advised interface: public abstract java.lang.Class[] org.springframework.aop.framework.Advised.getProxiedInterfaces()
06:28:14.877 [main] DEBUG o.s.aop.framework.CglibAopProxy - Method is declared on Advised interface: public abstract boolean org.springframework.aop.framework.Advised.isInterfaceProxied(java.lang.Class)
06:28:14.877 [main] DEBUG o.s.aop.framework.CglibAopProxy - Method is declared on Advised interface: public abstract org.springframework.aop.Advisor[] org.springframework.aop.framework.Advised.getAdvisors()
06:28:14.877 [main] DEBUG o.s.aop.framework.CglibAopProxy - Method is declared on Advised interface: public abstract void org.springframework.aop.framework.Advised.removeAdvisor(int) throws org.springframework.aop.framework.AopConfigException
06:28:14.877 [main] DEBUG o.s.aop.framework.CglibAopProxy - Method is declared on Advised interface: public abstract boolean org.springframework.aop.framework.Advised.removeAdvisor(org.springframework.aop.Advisor)
06:28:14.877 [main] DEBUG o.s.aop.framework.CglibAopProxy - Method is declared on Advised interface: public abstract boolean org.springframework.aop.framework.Advised.replaceAdvisor(org.springframework.aop.Advisor,org.springframework.aop.Advisor) throws org.springframework.aop.framework.AopConfigException
06:28:14.877 [main] DEBUG o.s.aop.framework.CglibAopProxy - Method is declared on Advised interface: public abstract int org.springframework.aop.framework.Advised.indexOf(org.aopalliance.aop.Advice)
06:28:14.877 [main] DEBUG o.s.aop.framework.CglibAopProxy - Method is declared on Advised interface: public abstract int org.springframework.aop.framework.Advised.indexOf(org.springframework.aop.Advisor)
06:28:14.877 [main] DEBUG o.s.aop.framework.CglibAopProxy - Method is declared on Advised interface: public abstract boolean org.springframework.aop.framework.Advised.isFrozen()
06:28:14.877 [main] DEBUG o.s.aop.framework.CglibAopProxy - Method is declared on Advised interface: public abstract java.lang.Class org.springframework.aop.TargetClassAware.getTargetClass()
06:28:14.882 [main] DEBUG o.s.b.f.s.DefaultListableBeanFactory - Finished creating instance of bean 'APIDrugController'
06:28:14.882 [main] DEBUG o.s.b.f.s.DefaultListableBeanFactory - Creating shared instance of singleton bean 'APIEnumController'
06:28:14.882 [main] DEBUG o.s.b.f.s.DefaultListableBeanFactory - Creating instance of bean 'APIEnumController'
06:28:14.883 [main] DEBUG o.s.b.f.s.DefaultListableBeanFactory - Eagerly caching bean 'APIEnumController' to allow for resolving potential circular references
06:28:14.883 [main] DEBUG o.s.b.f.s.DefaultListableBeanFactory - Returning cached instance of singleton bean 'metaDataSourceAdvisor'
06:28:14.884 [main] DEBUG o.s.b.f.s.DefaultListableBeanFactory - Finished creating instance of bean 'APIEnumController'
06:28:14.884 [main] DEBUG o.s.b.f.s.DefaultListableBeanFactory - Creating shared instance of singleton bean 'APIHospitalController'
06:28:14.884 [main] DEBUG o.s.b.f.s.DefaultListableBeanFactory - Creating instance of bean 'APIHospitalController'
06:28:14.884 [main] DEBUG o.s.b.f.s.DefaultListableBeanFactory - Eagerly caching bean 'APIHospitalController' to allow for resolving potential circular references
06:28:14.884 [main] DEBUG o.s.b.f.s.DefaultListableBeanFactory - Returning cached instance of singleton bean 'metaDataSourceAdvisor'
06:28:14.884 [main] DEBUG o.s.b.f.s.DefaultListableBeanFactory - Finished creating instance of bean 'APIHospitalController'
06:28:14.884 [main] DEBUG o.s.b.f.s.DefaultListableBeanFactory - Creating shared instance of singleton bean 'APIICDCodeController'
06:28:14.884 [main] DEBUG o.s.b.f.s.DefaultListableBeanFactory - Creating instance of bean 'APIICDCodeController'
06:28:14.885 [main] DEBUG o.s.b.f.s.DefaultListableBeanFactory - Eagerly caching bean 'APIICDCodeController' to allow for resolving potential circular references
06:28:14.885 [main] DEBUG o.s.b.f.s.DefaultListableBeanFactory - Returning cached instance of singleton bean 'metaDataSourceAdvisor'
06:28:14.885 [main] DEBUG o.s.s.a.p.PrePostAnnotationSecurityMetadataSource - @org.springframework.security.access.prepost.PreAuthorize(value=hasRole('ROLE_ADMIN')) found on specific method: public org.springframework.http.ResponseEntity edu.ncsu.csc.itrust2.controllers.api.APIICDCodeController.addCode(edu.ncsu.csc.itrust2.forms.admin.ICDCodeForm)
06:28:14.885 [main] DEBUG o.s.s.a.m.DelegatingMethodSecurityMetadataSource - Caching method [CacheKey[edu.ncsu.csc.itrust2.controllers.api.APIICDCodeController; public org.springframework.http.ResponseEntity edu.ncsu.csc.itrust2.controllers.api.APIICDCodeController.addCode(edu.ncsu.csc.itrust2.forms.admin.ICDCodeForm)]] with attributes [[authorize: 'hasRole('ROLE_ADMIN')', filter: 'null', filterTarget: 'null']]
06:28:14.885 [main] DEBUG o.s.a.f.a.InfrastructureAdvisorAutoProxyCreator - Creating implicit proxy for bean 'APIICDCodeController' with 0 common interceptors and 1 specific interceptors
06:28:14.885 [main] DEBUG o.s.aop.framework.CglibAopProxy - Creating CGLIB proxy: target source is SingletonTargetSource for target object [edu.ncsu.csc.itrust2.controllers.api.APIICDCodeController@5ca8da76]
06:28:14.886 [main] DEBUG o.s.aop.framework.CglibAopProxy - Unable to apply any optimisations to advised method: public org.springframework.http.ResponseEntity edu.ncsu.csc.itrust2.controllers.api.APIICDCodeController.getCode(java.lang.Long)
06:28:14.886 [main] DEBUG o.s.aop.framework.CglibAopProxy - Unable to apply any optimisations to advised method: public org.springframework.http.ResponseEntity edu.ncsu.csc.itrust2.controllers.api.APIICDCodeController.addCode(edu.ncsu.csc.itrust2.forms.admin.ICDCodeForm)
06:28:14.886 [main] DEBUG o.s.aop.framework.CglibAopProxy - Unable to apply any optimisations to advised method: public java.util.List edu.ncsu.csc.itrust2.controllers.api.APIICDCodeController.getCodes()
06:28:14.886 [main] DEBUG o.s.s.a.p.PrePostAnnotationSecurityMetadataSource - @org.springframework.security.access.prepost.PreAuthorize(value=hasRole('ROLE_ADMIN')) found on specific method: public org.springframework.http.ResponseEntity edu.ncsu.csc.itrust2.controllers.api.APIICDCodeController.updateCode(java.lang.Long,edu.ncsu.csc.itrust2.forms.admin.ICDCodeForm)
06:28:14.886 [main] DEBUG o.s.s.a.m.DelegatingMethodSecurityMetadataSource - Caching method [CacheKey[edu.ncsu.csc.itrust2.controllers.api.APIICDCodeController; public org.springframework.http.ResponseEntity edu.ncsu.csc.itrust2.controllers.api.APIICDCodeController.updateCode(java.lang.Long,edu.ncsu.csc.itrust2.forms.admin.ICDCodeForm)]] with attributes [[authorize: 'hasRole('ROLE_ADMIN')', filter: 'null', filterTarget: 'null']]
06:28:14.886 [main] DEBUG o.s.aop.framework.CglibAopProxy - Unable to apply any optimisations to advised method: public org.springframework.http.ResponseEntity edu.ncsu.csc.itrust2.controllers.api.APIICDCodeController.updateCode(java.lang.Long,edu.ncsu.csc.itrust2.forms.admin.ICDCodeForm)
06:28:14.886 [main] DEBUG o.s.s.a.p.PrePostAnnotationSecurityMetadataSource - @org.springframework.security.access.prepost.PreAuthorize(value=hasRole('ROLE_ADMIN')) found on specific method: public org.springframework.http.ResponseEntity edu.ncsu.csc.itrust2.controllers.api.APIICDCodeController.deleteCode(java.lang.Long)
06:28:14.886 [main] DEBUG o.s.s.a.m.DelegatingMethodSecurityMetadataSource - Caching method [CacheKey[edu.ncsu.csc.itrust2.controllers.api.APIICDCodeController; public org.springframework.http.ResponseEntity edu.ncsu.csc.itrust2.controllers.api.APIICDCodeController.deleteCode(java.lang.Long)]] with attributes [[authorize: 'hasRole('ROLE_ADMIN')', filter: 'null', filterTarget: 'null']]
06:28:14.886 [main] DEBUG o.s.aop.framework.CglibAopProxy - Unable to apply any optimisations to advised method: public org.springframework.http.ResponseEntity edu.ncsu.csc.itrust2.controllers.api.APIICDCodeController.deleteCode(java.lang.Long)
06:28:14.886 [main] DEBUG o.s.aop.framework.CglibAopProxy - Found 'equals' method: public boolean java.lang.Object.equals(java.lang.Object)
06:28:14.886 [main] DEBUG o.s.aop.framework.CglibAopProxy - Unable to apply any optimisations to advised method: public java.lang.String java.lang.Object.toString()
06:28:14.886 [main] DEBUG o.s.aop.framework.CglibAopProxy - Found 'hashCode' method: public native int java.lang.Object.hashCode()
06:28:14.886 [main] DEBUG o.s.aop.framework.CglibAopProxy - Unable to apply any optimisations to advised method: protected native java.lang.Object java.lang.Object.clone() throws java.lang.CloneNotSupportedException
06:28:14.886 [main] DEBUG o.s.aop.framework.CglibAopProxy - Method is declared on Advised interface: public abstract boolean org.springframework.aop.framework.Advised.removeAdvice(org.aopalliance.aop.Advice)
06:28:14.886 [main] DEBUG o.s.aop.framework.CglibAopProxy - Method is declared on Advised interface: public abstract java.lang.String org.springframework.aop.framework.Advised.toProxyConfigString()
06:28:14.886 [main] DEBUG o.s.aop.framework.CglibAopProxy - Method is declared on Advised interface: public abstract void org.springframework.aop.framework.Advised.addAdvice(org.aopalliance.aop.Advice) throws org.springframework.aop.framework.AopConfigException
06:28:14.886 [main] DEBUG o.s.aop.framework.CglibAopProxy - Method is declared on Advised interface: public abstract void org.springframework.aop.framework.Advised.addAdvice(int,org.aopalliance.aop.Advice) throws org.springframework.aop.framework.AopConfigException
06:28:14.886 [main] DEBUG o.s.aop.framework.CglibAopProxy - Method is declared on Advised interface: public abstract org.springframework.aop.TargetSource org.springframework.aop.framework.Advised.getTargetSource()
06:28:14.886 [main] DEBUG o.s.aop.framework.CglibAopProxy - Method is declared on Advised interface: public abstract boolean org.springframework.aop.framework.Advised.isProxyTargetClass()
06:28:14.886 [main] DEBUG o.s.aop.framework.CglibAopProxy - Method is declared on Advised interface: public abstract void org.springframework.aop.framework.Advised.addAdvisor(org.springframework.aop.Advisor) throws org.springframework.aop.framework.AopConfigException
06:28:14.886 [main] DEBUG o.s.aop.framework.CglibAopProxy - Method is declared on Advised interface: public abstract void org.springframework.aop.framework.Advised.addAdvisor(int,org.springframework.aop.Advisor) throws org.springframework.aop.framework.AopConfigException
06:28:14.886 [main] DEBUG o.s.aop.framework.CglibAopProxy - Method is declared on Advised interface: public abstract void org.springframework.aop.framework.Advised.setPreFiltered(boolean)
06:28:14.886 [main] DEBUG o.s.aop.framework.CglibAopProxy - Method is declared on Advised interface: public abstract void org.springframework.aop.framework.Advised.setExposeProxy(boolean)
06:28:14.886 [main] DEBUG o.s.aop.framework.CglibAopProxy - Method is declared on Advised interface: public abstract boolean org.springframework.aop.framework.Advised.isExposeProxy()
06:28:14.886 [main] DEBUG o.s.aop.framework.CglibAopProxy - Method is declared on Advised interface: public abstract void org.springframework.aop.framework.Advised.setTargetSource(org.springframework.aop.TargetSource)
06:28:14.886 [main] DEBUG o.s.aop.framework.CglibAopProxy - Method is declared on Advised interface: public abstract boolean org.springframework.aop.framework.Advised.isPreFiltered()
06:28:14.886 [main] DEBUG o.s.aop.framework.CglibAopProxy - Method is declared on Advised interface: public abstract java.lang.Class[] org.springframework.aop.framework.Advised.getProxiedInterfaces()
06:28:14.886 [main] DEBUG o.s.aop.framework.CglibAopProxy - Method is declared on Advised interface: public abstract boolean org.springframework.aop.framework.Advised.isInterfaceProxied(java.lang.Class)
06:28:14.886 [main] DEBUG o.s.aop.framework.CglibAopProxy - Method is declared on Advised interface: public abstract org.springframework.aop.Advisor[] org.springframework.aop.framework.Advised.getAdvisors()
06:28:14.886 [main] DEBUG o.s.aop.framework.CglibAopProxy - Method is declared on Advised interface: public abstract void org.springframework.aop.framework.Advised.removeAdvisor(int) throws org.springframework.aop.framework.AopConfigException
06:28:14.886 [main] DEBUG o.s.aop.framework.CglibAopProxy - Method is declared on Advised interface: public abstract boolean org.springframework.aop.framework.Advised.removeAdvisor(org.springframework.aop.Advisor)
06:28:14.887 [main] DEBUG o.s.aop.framework.CglibAopProxy - Method is declared on Advised interface: public abstract boolean org.springframework.aop.framework.Advised.replaceAdvisor(org.springframework.aop.Advisor,org.springframework.aop.Advisor) throws org.springframework.aop.framework.AopConfigException
06:28:14.887 [main] DEBUG o.s.aop.framework.CglibAopProxy - Method is declared on Advised interface: public abstract int org.springframework.aop.framework.Advised.indexOf(org.aopalliance.aop.Advice)
06:28:14.887 [main] DEBUG o.s.aop.framework.CglibAopProxy - Method is declared on Advised interface: public abstract int org.springframework.aop.framework.Advised.indexOf(org.springframework.aop.Advisor)
06:28:14.887 [main] DEBUG o.s.aop.framework.CglibAopProxy - Method is declared on Advised interface: public abstract boolean org.springframework.aop.framework.Advised.isFrozen()
06:28:14.887 [main] DEBUG o.s.aop.framework.CglibAopProxy - Method is declared on Advised interface: public abstract java.lang.Class org.springframework.aop.TargetClassAware.getTargetClass()
06:28:14.891 [main] DEBUG o.s.b.f.s.DefaultListableBeanFactory - Finished creating instance of bean 'APIICDCodeController'
06:28:14.892 [main] DEBUG o.s.b.f.s.DefaultListableBeanFactory - Creating shared instance of singleton bean 'APILogEntryController'
06:28:14.892 [main] DEBUG o.s.b.f.s.DefaultListableBeanFactory - Creating instance of bean 'APILogEntryController'
06:28:14.892 [main] DEBUG o.s.b.f.s.DefaultListableBeanFactory - Eagerly caching bean 'APILogEntryController' to allow for resolving potential circular references
06:28:14.892 [main] DEBUG o.s.b.f.s.DefaultListableBeanFactory - Returning cached instance of singleton bean 'metaDataSourceAdvisor'
06:28:14.892 [main] DEBUG o.s.b.f.s.DefaultListableBeanFactory - Finished creating instance of bean 'APILogEntryController'
06:28:14.892 [main] DEBUG o.s.b.f.s.DefaultListableBeanFactory - Creating shared instance of singleton bean 'APIOfficeVisitController'
06:28:14.892 [main] DEBUG o.s.b.f.s.DefaultListableBeanFactory - Creating instance of bean 'APIOfficeVisitController'
06:28:14.892 [main] DEBUG o.s.b.f.s.DefaultListableBeanFactory - Eagerly caching bean 'APIOfficeVisitController' to allow for resolving potential circular references
06:28:14.893 [main] DEBUG o.s.b.f.s.DefaultListableBeanFactory - Returning cached instance of singleton bean 'metaDataSourceAdvisor'
06:28:14.893 [main] DEBUG o.s.s.a.p.PrePostAnnotationSecurityMetadataSource - @org.springframework.security.access.prepost.PreAuthorize(value=hasRole('ROLE_PATIENT')) found on specific method: public java.util.List edu.ncsu.csc.itrust2.controllers.api.APIOfficeVisitController.getMyOfficeVisits()
06:28:14.893 [main] DEBUG o.s.s.a.m.DelegatingMethodSecurityMetadataSource - Caching method [CacheKey[edu.ncsu.csc.itrust2.controllers.api.APIOfficeVisitController; public java.util.List edu.ncsu.csc.itrust2.controllers.api.APIOfficeVisitController.getMyOfficeVisits()]] with attributes [[authorize: 'hasRole('ROLE_PATIENT')', filter: 'null', filterTarget: 'null']]
06:28:14.893 [main] DEBUG o.s.a.f.a.InfrastructureAdvisorAutoProxyCreator - Creating implicit proxy for bean 'APIOfficeVisitController' with 0 common interceptors and 1 specific interceptors
06:28:14.893 [main] DEBUG o.s.aop.framework.CglibAopProxy - Creating CGLIB proxy: target source is SingletonTargetSource for target object [edu.ncsu.csc.itrust2.controllers.api.APIOfficeVisitController@6c802bca]
06:28:14.893 [main] DEBUG o.s.aop.framework.CglibAopProxy - Unable to apply any optimisations to advised method: public java.util.List edu.ncsu.csc.itrust2.controllers.api.APIOfficeVisitController.getMyOfficeVisits()
06:28:14.894 [main] DEBUG o.s.aop.framework.CglibAopProxy - Unable to apply any optimisations to advised method: public org.springframework.http.ResponseEntity edu.ncsu.csc.itrust2.controllers.api.APIOfficeVisitController.getOfficeVisit(java.lang.Long)
06:28:14.894 [main] DEBUG o.s.aop.framework.CglibAopProxy - Unable to apply any optimisations to advised method: public void edu.ncsu.csc.itrust2.controllers.api.APIOfficeVisitController.deleteOfficeVisits()
06:28:14.894 [main] DEBUG o.s.aop.framework.CglibAopProxy - Unable to apply any optimisations to advised method: public org.springframework.http.ResponseEntity edu.ncsu.csc.itrust2.controllers.api.APIOfficeVisitController.createOfficeVisit(edu.ncsu.csc.itrust2.forms.hcp.OfficeVisitForm)
06:28:14.894 [main] DEBUG o.s.aop.framework.CglibAopProxy - Unable to apply any optimisations to advised method: public org.springframework.http.ResponseEntity edu.ncsu.csc.itrust2.controllers.api.APIOfficeVisitController.deleteOfficeVisit(java.lang.Long)
06:28:14.894 [main] DEBUG o.s.aop.framework.CglibAopProxy - Unable to apply any optimisations to advised method: public org.springframework.http.ResponseEntity edu.ncsu.csc.itrust2.controllers.api.APIOfficeVisitController.updateOfficeVisit(java.lang.Long,edu.ncsu.csc.itrust2.forms.hcp.OfficeVisitForm)
06:28:14.894 [main] DEBUG o.s.s.a.p.PrePostAnnotationSecurityMetadataSource - @org.springframework.security.access.prepost.PreAuthorize(value=hasRole('ROLE_HCP')) found on specific method: public org.springframework.http.ResponseEntity edu.ncsu.csc.itrust2.controllers.api.APIOfficeVisitController.viewOfficeVisitHCP(java.lang.Long,edu.ncsu.csc.itrust2.forms.hcp.OfficeVisitForm)
06:28:14.895 [main] DEBUG o.s.s.a.m.DelegatingMethodSecurityMetadataSource - Caching method [CacheKey[edu.ncsu.csc.itrust2.controllers.api.APIOfficeVisitController; public org.springframework.http.ResponseEntity edu.ncsu.csc.itrust2.controllers.api.APIOfficeVisitController.viewOfficeVisitHCP(java.lang.Long,edu.ncsu.csc.itrust2.forms.hcp.OfficeVisitForm)]] with attributes [[authorize: 'hasRole('ROLE_HCP')', filter: 'null', filterTarget: 'null']]
06:28:14.895 [main] DEBUG o.s.aop.framework.CglibAopProxy - Unable to apply any optimisations to advised method: public org.springframework.http.ResponseEntity edu.ncsu.csc.itrust2.controllers.api.APIOfficeVisitController.viewOfficeVisitHCP(java.lang.Long,edu.ncsu.csc.itrust2.forms.hcp.OfficeVisitForm)
06:28:14.895 [main] DEBUG o.s.s.a.p.PrePostAnnotationSecurityMetadataSource - @org.springframework.security.access.prepost.PreAuthorize(value=hasRole('ROLE_PATIENT')) found on specific method: public org.springframework.http.ResponseEntity edu.ncsu.csc.itrust2.controllers.api.APIOfficeVisitController.viewOfficeVisitPatient(java.lang.Long,edu.ncsu.csc.itrust2.forms.hcp.OfficeVisitForm)
06:28:14.895 [main] DEBUG o.s.s.a.m.DelegatingMethodSecurityMetadataSource - Caching method [CacheKey[edu.ncsu.csc.itrust2.controllers.api.APIOfficeVisitController; public org.springframework.http.ResponseEntity edu.ncsu.csc.itrust2.controllers.api.APIOfficeVisitController.viewOfficeVisitPatient(java.lang.Long,edu.ncsu.csc.itrust2.forms.hcp.OfficeVisitForm)]] with attributes [[authorize: 'hasRole('ROLE_PATIENT')', filter: 'null', filterTarget: 'null']]
06:28:14.895 [main] DEBUG o.s.aop.framework.CglibAopProxy - Unable to apply any optimisations to advised method: public org.springframework.http.ResponseEntity edu.ncsu.csc.itrust2.controllers.api.APIOfficeVisitController.viewOfficeVisitPatient(java.lang.Long,edu.ncsu.csc.itrust2.forms.hcp.OfficeVisitForm)
06:28:14.895 [main] DEBUG o.s.aop.framework.CglibAopProxy - Unable to apply any optimisations to advised method: public java.util.List edu.ncsu.csc.itrust2.controllers.api.APIOfficeVisitController.getOfficeVisits()
06:28:14.895 [main] DEBUG o.s.aop.framework.CglibAopProxy - Found 'equals' method: public boolean java.lang.Object.equals(java.lang.Object)
06:28:14.895 [main] DEBUG o.s.aop.framework.CglibAopProxy - Unable to apply any optimisations to advised method: public java.lang.String java.lang.Object.toString()
06:28:14.895 [main] DEBUG o.s.aop.framework.CglibAopProxy - Found 'hashCode' method: public native int java.lang.Object.hashCode()
06:28:14.895 [main] DEBUG o.s.aop.framework.CglibAopProxy - Unable to apply any optimisations to advised method: protected native java.lang.Object java.lang.Object.clone() throws java.lang.CloneNotSupportedException
06:28:14.895 [main] DEBUG o.s.aop.framework.CglibAopProxy - Method is declared on Advised interface: public abstract boolean org.springframework.aop.framework.Advised.removeAdvice(org.aopalliance.aop.Advice)
06:28:14.895 [main] DEBUG o.s.aop.framework.CglibAopProxy - Method is declared on Advised interface: public abstract java.lang.String org.springframework.aop.framework.Advised.toProxyConfigString()
06:28:14.895 [main] DEBUG o.s.aop.framework.CglibAopProxy - Method is declared on Advised interface: public abstract void org.springframework.aop.framework.Advised.addAdvice(org.aopalliance.aop.Advice) throws org.springframework.aop.framework.AopConfigException
06:28:14.895 [main] DEBUG o.s.aop.framework.CglibAopProxy - Method is declared on Advised interface: public abstract void org.springframework.aop.framework.Advised.addAdvice(int,org.aopalliance.aop.Advice) throws org.springframework.aop.framework.AopConfigException
06:28:14.895 [main] DEBUG o.s.aop.framework.CglibAopProxy - Method is declared on Advised interface: public abstract org.springframework.aop.TargetSource org.springframework.aop.framework.Advised.getTargetSource()
06:28:14.895 [main] DEBUG o.s.aop.framework.CglibAopProxy - Method is declared on Advised interface: public abstract boolean org.springframework.aop.framework.Advised.isProxyTargetClass()
06:28:14.895 [main] DEBUG o.s.aop.framework.CglibAopProxy - Method is declared on Advised interface: public abstract void org.springframework.aop.framework.Advised.addAdvisor(org.springframework.aop.Advisor) throws org.springframework.aop.framework.AopConfigException
06:28:14.895 [main] DEBUG o.s.aop.framework.CglibAopProxy - Method is declared on Advised interface: public abstract void org.springframework.aop.framework.Advised.addAdvisor(int,org.springframework.aop.Advisor) throws org.springframework.aop.framework.AopConfigException
06:28:14.895 [main] DEBUG o.s.aop.framework.CglibAopProxy - Method is declared on Advised interface: public abstract void org.springframework.aop.framework.Advised.setPreFiltered(boolean)
06:28:14.895 [main] DEBUG o.s.aop.framework.CglibAopProxy - Method is declared on Advised interface: public abstract void org.springframework.aop.framework.Advised.setExposeProxy(boolean)
06:28:14.895 [main] DEBUG o.s.aop.framework.CglibAopProxy - Method is declared on Advised interface: public abstract boolean org.springframework.aop.framework.Advised.isExposeProxy()
06:28:14.895 [main] DEBUG o.s.aop.framework.CglibAopProxy - Method is declared on Advised interface: public abstract void org.springframework.aop.framework.Advised.setTargetSource(org.springframework.aop.TargetSource)
06:28:14.895 [main] DEBUG o.s.aop.framework.CglibAopProxy - Method is declared on Advised interface: public abstract boolean org.springframework.aop.framework.Advised.isPreFiltered()
06:28:14.895 [main] DEBUG o.s.aop.framework.CglibAopProxy - Method is declared on Advised interface: public abstract java.lang.Class[] org.springframework.aop.framework.Advised.getProxiedInterfaces()
06:28:14.895 [main] DEBUG o.s.aop.framework.CglibAopProxy - Method is declared on Advised interface: public abstract boolean org.springframework.aop.framework.Advised.isInterfaceProxied(java.lang.Class)
06:28:14.895 [main] DEBUG o.s.aop.framework.CglibAopProxy - Method is declared on Advised interface: public abstract org.springframework.aop.Advisor[] org.springframework.aop.framework.Advised.getAdvisors()
06:28:14.895 [main] DEBUG o.s.aop.framework.CglibAopProxy - Method is declared on Advised interface: public abstract void org.springframework.aop.framework.Advised.removeAdvisor(int) throws org.springframework.aop.framework.AopConfigException
06:28:14.895 [main] DEBUG o.s.aop.framework.CglibAopProxy - Method is declared on Advised interface: public abstract boolean org.springframework.aop.framework.Advised.removeAdvisor(org.springframework.aop.Advisor)
06:28:14.895 [main] DEBUG o.s.aop.framework.CglibAopProxy - Method is declared on Advised interface: public abstract boolean org.springframework.aop.framework.Advised.replaceAdvisor(org.springframework.aop.Advisor,org.springframework.aop.Advisor) throws org.springframework.aop.framework.AopConfigException
06:28:14.895 [main] DEBUG o.s.aop.framework.CglibAopProxy - Method is declared on Advised interface: public abstract int org.springframework.aop.framework.Advised.indexOf(org.aopalliance.aop.Advice)
06:28:14.895 [main] DEBUG o.s.aop.framework.CglibAopProxy - Method is declared on Advised interface: public abstract int org.springframework.aop.framework.Advised.indexOf(org.springframework.aop.Advisor)
06:28:14.895 [main] DEBUG o.s.aop.framework.CglibAopProxy - Method is declared on Advised interface: public abstract boolean org.springframework.aop.framework.Advised.isFrozen()
06:28:14.895 [main] DEBUG o.s.aop.framework.CglibAopProxy - Method is declared on Advised interface: public abstract java.lang.Class org.springframework.aop.TargetClassAware.getTargetClass()
06:28:14.904 [main] DEBUG o.s.b.f.s.DefaultListableBeanFactory - Finished creating instance of bean 'APIOfficeVisitController'
06:28:14.904 [main] DEBUG o.s.b.f.s.DefaultListableBeanFactory - Creating shared instance of singleton bean 'APIPasswordController'
06:28:14.904 [main] DEBUG o.s.b.f.s.DefaultListableBeanFactory - Creating instance of bean 'APIPasswordController'
06:28:14.905 [main] DEBUG o.s.b.f.annotation.InjectionMetadata - Registered injected element on class [edu.ncsu.csc.itrust2.controllers.api.APIPasswordController]: AutowiredFieldElement for org.springframework.core.env.Environment edu.ncsu.csc.itrust2.controllers.api.APIPasswordController.environment
06:28:14.905 [main] DEBUG o.s.b.f.s.DefaultListableBeanFactory - Eagerly caching bean 'APIPasswordController' to allow for resolving potential circular references
06:28:14.905 [main] DEBUG o.s.b.f.annotation.InjectionMetadata - Processing injected element of bean 'APIPasswordController': AutowiredFieldElement for org.springframework.core.env.Environment edu.ncsu.csc.itrust2.controllers.api.APIPasswordController.environment
06:28:14.905 [main] DEBUG o.s.b.f.s.DefaultListableBeanFactory - Returning cached instance of singleton bean 'environment'
06:28:14.905 [main] DEBUG o.s.b.f.a.AutowiredAnnotationBeanPostProcessor - Autowiring by type from bean name 'APIPasswordController' to bean named 'environment'
06:28:14.905 [main] DEBUG o.s.b.f.s.DefaultListableBeanFactory - Returning cached instance of singleton bean 'metaDataSourceAdvisor'
06:28:14.906 [main] DEBUG o.s.b.f.s.DefaultListableBeanFactory - Finished creating instance of bean 'APIPasswordController'
06:28:14.906 [main] DEBUG o.s.b.f.s.DefaultListableBeanFactory - Creating shared instance of singleton bean 'APIPatientController'
06:28:14.906 [main] DEBUG o.s.b.f.s.DefaultListableBeanFactory - Creating instance of bean 'APIPatientController'
06:28:14.906 [main] DEBUG o.s.b.f.s.DefaultListableBeanFactory - Eagerly caching bean 'APIPatientController' to allow for resolving potential circular references
06:28:14.907 [main] DEBUG o.s.b.f.s.DefaultListableBeanFactory - Returning cached instance of singleton bean 'metaDataSourceAdvisor'
06:28:14.907 [main] DEBUG o.s.s.a.p.PrePostAnnotationSecurityMetadataSource - @org.springframework.security.access.prepost.PreAuthorize(value=hasRole('ROLE_PATIENT')) found on specific method: public org.springframework.http.ResponseEntity edu.ncsu.csc.itrust2.controllers.api.APIPatientController.getPatient()
06:28:14.907 [main] DEBUG o.s.s.a.m.DelegatingMethodSecurityMetadataSource - Caching method [CacheKey[edu.ncsu.csc.itrust2.controllers.api.APIPatientController; public org.springframework.http.ResponseEntity edu.ncsu.csc.itrust2.controllers.api.APIPatientController.getPatient()]] with attributes [[authorize: 'hasRole('ROLE_PATIENT')', filter: 'null', filterTarget: 'null']]
06:28:14.907 [main] DEBUG o.s.a.f.a.InfrastructureAdvisorAutoProxyCreator - Creating implicit proxy for bean 'APIPatientController' with 0 common interceptors and 1 specific interceptors
06:28:14.907 [main] DEBUG o.s.aop.framework.CglibAopProxy - Creating CGLIB proxy: target source is SingletonTargetSource for target object [edu.ncsu.csc.itrust2.controllers.api.APIPatientController@671e9037]
06:28:14.908 [main] DEBUG o.s.aop.framework.CglibAopProxy - Unable to apply any optimisations to advised method: public org.springframework.http.ResponseEntity edu.ncsu.csc.itrust2.controllers.api.APIPatientController.getPatient(java.lang.String)
06:28:14.908 [main] DEBUG o.s.aop.framework.CglibAopProxy - Unable to apply any optimisations to advised method: public org.springframework.http.ResponseEntity edu.ncsu.csc.itrust2.controllers.api.APIPatientController.getPatient()
06:28:14.908 [main] DEBUG o.s.aop.framework.CglibAopProxy - Unable to apply any optimisations to advised method: public java.util.List edu.ncsu.csc.itrust2.controllers.api.APIPatientController.getPatients()
06:28:14.908 [main] DEBUG o.s.aop.framework.CglibAopProxy - Unable to apply any optimisations to advised method: public org.springframework.http.ResponseEntity edu.ncsu.csc.itrust2.controllers.api.APIPatientController.createPatient(edu.ncsu.csc.itrust2.forms.hcp_patient.PatientForm)
06:28:14.908 [main] DEBUG o.s.aop.framework.CglibAopProxy - Unable to apply any optimisations to advised method: public org.springframework.http.ResponseEntity edu.ncsu.csc.itrust2.controllers.api.APIPatientController.updatePatient(java.lang.String,edu.ncsu.csc.itrust2.forms.hcp_patient.PatientForm)
06:28:14.908 [main] DEBUG o.s.aop.framework.CglibAopProxy - Found 'equals' method: public boolean java.lang.Object.equals(java.lang.Object)
06:28:14.908 [main] DEBUG o.s.aop.framework.CglibAopProxy - Unable to apply any optimisations to advised method: public java.lang.String java.lang.Object.toString()
06:28:14.908 [main] DEBUG o.s.aop.framework.CglibAopProxy - Found 'hashCode' method: public native int java.lang.Object.hashCode()
06:28:14.908 [main] DEBUG o.s.aop.framework.CglibAopProxy - Unable to apply any optimisations to advised method: protected native java.lang.Object java.lang.Object.clone() throws java.lang.CloneNotSupportedException
06:28:14.908 [main] DEBUG o.s.aop.framework.CglibAopProxy - Method is declared on Advised interface: public abstract boolean org.springframework.aop.framework.Advised.removeAdvice(org.aopalliance.aop.Advice)
06:28:14.908 [main] DEBUG o.s.aop.framework.CglibAopProxy - Method is declared on Advised interface: public abstract java.lang.String org.springframework.aop.framework.Advised.toProxyConfigString()
06:28:14.908 [main] DEBUG o.s.aop.framework.CglibAopProxy - Method is declared on Advised interface: public abstract void org.springframework.aop.framework.Advised.addAdvice(org.aopalliance.aop.Advice) throws org.springframework.aop.framework.AopConfigException
06:28:14.908 [main] DEBUG o.s.aop.framework.CglibAopProxy - Method is declared on Advised interface: public abstract void org.springframework.aop.framework.Advised.addAdvice(int,org.aopalliance.aop.Advice) throws org.springframework.aop.framework.AopConfigException
06:28:14.908 [main] DEBUG o.s.aop.framework.CglibAopProxy - Method is declared on Advised interface: public abstract org.springframework.aop.TargetSource org.springframework.aop.framework.Advised.getTargetSource()
06:28:14.908 [main] DEBUG o.s.aop.framework.CglibAopProxy - Method is declared on Advised interface: public abstract boolean org.springframework.aop.framework.Advised.isProxyTargetClass()
06:28:14.908 [main] DEBUG o.s.aop.framework.CglibAopProxy - Method is declared on Advised interface: public abstract void org.springframework.aop.framework.Advised.addAdvisor(org.springframework.aop.Advisor) throws org.springframework.aop.framework.AopConfigException
06:28:14.908 [main] DEBUG o.s.aop.framework.CglibAopProxy - Method is declared on Advised interface: public abstract void org.springframework.aop.framework.Advised.addAdvisor(int,org.springframework.aop.Advisor) throws org.springframework.aop.framework.AopConfigException
06:28:14.908 [main] DEBUG o.s.aop.framework.CglibAopProxy - Method is declared on Advised interface: public abstract void org.springframework.aop.framework.Advised.setPreFiltered(boolean)
06:28:14.908 [main] DEBUG o.s.aop.framework.CglibAopProxy - Method is declared on Advised interface: public abstract void org.springframework.aop.framework.Advised.setExposeProxy(boolean)
06:28:14.908 [main] DEBUG o.s.aop.framework.CglibAopProxy - Method is declared on Advised interface: public abstract boolean org.springframework.aop.framework.Advised.isExposeProxy()
06:28:14.908 [main] DEBUG o.s.aop.framework.CglibAopProxy - Method is declared on Advised interface: public abstract void org.springframework.aop.framework.Advised.setTargetSource(org.springframework.aop.TargetSource)
06:28:14.908 [main] DEBUG o.s.aop.framework.CglibAopProxy - Method is declared on Advised interface: public abstract boolean org.springframework.aop.framework.Advised.isPreFiltered()
06:28:14.908 [main] DEBUG o.s.aop.framework.CglibAopProxy - Method is declared on Advised interface: public abstract java.lang.Class[] org.springframework.aop.framework.Advised.getProxiedInterfaces()
06:28:14.908 [main] DEBUG o.s.aop.framework.CglibAopProxy - Method is declared on Advised interface: public abstract boolean org.springframework.aop.framework.Advised.isInterfaceProxied(java.lang.Class)
06:28:14.908 [main] DEBUG o.s.aop.framework.CglibAopProxy - Method is declared on Advised interface: public abstract org.springframework.aop.Advisor[] org.springframework.aop.framework.Advised.getAdvisors()
06:28:14.908 [main] DEBUG o.s.aop.framework.CglibAopProxy - Method is declared on Advised interface: public abstract void org.springframework.aop.framework.Advised.removeAdvisor(int) throws org.springframework.aop.framework.AopConfigException
06:28:14.908 [main] DEBUG o.s.aop.framework.CglibAopProxy - Method is declared on Advised interface: public abstract boolean org.springframework.aop.framework.Advised.removeAdvisor(org.springframework.aop.Advisor)
06:28:14.908 [main] DEBUG o.s.aop.framework.CglibAopProxy - Method is declared on Advised interface: public abstract boolean org.springframework.aop.framework.Advised.replaceAdvisor(org.springframework.aop.Advisor,org.springframework.aop.Advisor) throws org.springframework.aop.framework.AopConfigException
06:28:14.908 [main] DEBUG o.s.aop.framework.CglibAopProxy - Method is declared on Advised interface: public abstract int org.springframework.aop.framework.Advised.indexOf(org.aopalliance.aop.Advice)
06:28:14.908 [main] DEBUG o.s.aop.framework.CglibAopProxy - Method is declared on Advised interface: public abstract int org.springframework.aop.framework.Advised.indexOf(org.springframework.aop.Advisor)
06:28:14.908 [main] DEBUG o.s.aop.framework.CglibAopProxy - Method is declared on Advised interface: public abstract boolean org.springframework.aop.framework.Advised.isFrozen()
06:28:14.908 [main] DEBUG o.s.aop.framework.CglibAopProxy - Method is declared on Advised interface: public abstract java.lang.Class org.springframework.aop.TargetClassAware.getTargetClass()
06:28:14.913 [main] DEBUG o.s.b.f.s.DefaultListableBeanFactory - Finished creating instance of bean 'APIPatientController'
06:28:14.914 [main] DEBUG o.s.b.f.s.DefaultListableBeanFactory - Creating shared instance of singleton bean 'APIPersonnelController'
06:28:14.914 [main] DEBUG o.s.b.f.s.DefaultListableBeanFactory - Creating instance of bean 'APIPersonnelController'
06:28:14.914 [main] DEBUG o.s.b.f.s.DefaultListableBeanFactory - Eagerly caching bean 'APIPersonnelController' to allow for resolving potential circular references
06:28:14.914 [main] DEBUG o.s.b.f.s.DefaultListableBeanFactory - Returning cached instance of singleton bean 'metaDataSourceAdvisor'
06:28:14.914 [main] DEBUG o.s.b.f.s.DefaultListableBeanFactory - Finished creating instance of bean 'APIPersonnelController'
06:28:14.914 [main] DEBUG o.s.b.f.s.DefaultListableBeanFactory - Creating shared instance of singleton bean 'APIPrescriptionController'
06:28:14.914 [main] DEBUG o.s.b.f.s.DefaultListableBeanFactory - Creating instance of bean 'APIPrescriptionController'
06:28:14.915 [main] DEBUG o.s.b.f.s.DefaultListableBeanFactory - Eagerly caching bean 'APIPrescriptionController' to allow for resolving potential circular references
06:28:14.915 [main] DEBUG o.s.b.f.s.DefaultListableBeanFactory - Returning cached instance of singleton bean 'metaDataSourceAdvisor'
06:28:14.915 [main] DEBUG o.s.s.a.p.PrePostAnnotationSecurityMetadataSource - @org.springframework.security.access.prepost.PreAuthorize(value=hasRole('ROLE_HCP')) found on specific method: public org.springframework.http.ResponseEntity edu.ncsu.csc.itrust2.controllers.api.APIPrescriptionController.addPrescription(edu.ncsu.csc.itrust2.forms.hcp.PrescriptionForm)
06:28:14.915 [main] DEBUG o.s.s.a.m.DelegatingMethodSecurityMetadataSource - Caching method [CacheKey[edu.ncsu.csc.itrust2.controllers.api.APIPrescriptionController; public org.springframework.http.ResponseEntity edu.ncsu.csc.itrust2.controllers.api.APIPrescriptionController.addPrescription(edu.ncsu.csc.itrust2.forms.hcp.PrescriptionForm)]] with attributes [[authorize: 'hasRole('ROLE_HCP')', filter: 'null', filterTarget: 'null']]
06:28:14.915 [main] DEBUG o.s.a.f.a.InfrastructureAdvisorAutoProxyCreator - Creating implicit proxy for bean 'APIPrescriptionController' with 0 common interceptors and 1 specific interceptors
06:28:14.915 [main] DEBUG o.s.aop.framework.CglibAopProxy - Creating CGLIB proxy: target source is SingletonTargetSource for target object [edu.ncsu.csc.itrust2.controllers.api.APIPrescriptionController@60f69a0b]
06:28:14.915 [main] DEBUG o.s.aop.framework.CglibAopProxy - Unable to apply any optimisations to advised method: public org.springframework.http.ResponseEntity edu.ncsu.csc.itrust2.controllers.api.APIPrescriptionController.addPrescription(edu.ncsu.csc.itrust2.forms.hcp.PrescriptionForm)
06:28:14.916 [main] DEBUG o.s.s.a.p.PrePostAnnotationSecurityMetadataSource - @org.springframework.security.access.prepost.PreAuthorize(value=hasRole('ROLE_HCP')) found on specific method: public org.springframework.http.ResponseEntity edu.ncsu.csc.itrust2.controllers.api.APIPrescriptionController.editPrescription(edu.ncsu.csc.itrust2.forms.hcp.PrescriptionForm)
06:28:14.916 [main] DEBUG o.s.s.a.m.DelegatingMethodSecurityMetadataSource - Caching method [CacheKey[edu.ncsu.csc.itrust2.controllers.api.APIPrescriptionController; public org.springframework.http.ResponseEntity edu.ncsu.csc.itrust2.controllers.api.APIPrescriptionController.editPrescription(edu.ncsu.csc.itrust2.forms.hcp.PrescriptionForm)]] with attributes [[authorize: 'hasRole('ROLE_HCP')', filter: 'null', filterTarget: 'null']]
06:28:14.916 [main] DEBUG o.s.aop.framework.CglibAopProxy - Unable to apply any optimisations to advised method: public org.springframework.http.ResponseEntity edu.ncsu.csc.itrust2.controllers.api.APIPrescriptionController.editPrescription(edu.ncsu.csc.itrust2.forms.hcp.PrescriptionForm)
06:28:14.916 [main] DEBUG o.s.s.a.p.PrePostAnnotationSecurityMetadataSource - @org.springframework.security.access.prepost.PreAuthorize(value=hasRole('ROLE_HCP')) found on specific method: public org.springframework.http.ResponseEntity edu.ncsu.csc.itrust2.controllers.api.APIPrescriptionController.deletePrescription(java.lang.Long)
06:28:14.916 [main] DEBUG o.s.s.a.m.DelegatingMethodSecurityMetadataSource - Caching method [CacheKey[edu.ncsu.csc.itrust2.controllers.api.APIPrescriptionController; public org.springframework.http.ResponseEntity edu.ncsu.csc.itrust2.controllers.api.APIPrescriptionController.deletePrescription(java.lang.Long)]] with attributes [[authorize: 'hasRole('ROLE_HCP')', filter: 'null', filterTarget: 'null']]
06:28:14.916 [main] DEBUG o.s.aop.framework.CglibAopProxy - Unable to apply any optimisations to advised method: public org.springframework.http.ResponseEntity edu.ncsu.csc.itrust2.controllers.api.APIPrescriptionController.deletePrescription(java.lang.Long)
06:28:14.916 [main] DEBUG o.s.s.a.p.PrePostAnnotationSecurityMetadataSource - @org.springframework.security.access.prepost.PreAuthorize(value=hasRole('ROLE_HCP')) found on specific method: public org.springframework.http.ResponseEntity edu.ncsu.csc.itrust2.controllers.api.APIPrescriptionController.getPrescription(java.lang.Long)
06:28:14.916 [main] DEBUG o.s.s.a.m.DelegatingMethodSecurityMetadataSource - Caching method [CacheKey[edu.ncsu.csc.itrust2.controllers.api.APIPrescriptionController; public org.springframework.http.ResponseEntity edu.ncsu.csc.itrust2.controllers.api.APIPrescriptionController.getPrescription(java.lang.Long)]] with attributes [[authorize: 'hasRole('ROLE_HCP')', filter: 'null', filterTarget: 'null']]
06:28:14.916 [main] DEBUG o.s.aop.framework.CglibAopProxy - Unable to apply any optimisations to advised method: public org.springframework.http.ResponseEntity edu.ncsu.csc.itrust2.controllers.api.APIPrescriptionController.getPrescription(java.lang.Long)
06:28:14.916 [main] DEBUG o.s.s.a.p.PrePostAnnotationSecurityMetadataSource - @org.springframework.security.access.prepost.PreAuthorize(value=hasAnyRole('ROLE_HCP', 'ROLE_PATIENT')) found on specific method: public java.util.List edu.ncsu.csc.itrust2.controllers.api.APIPrescriptionController.getPrescriptions()
06:28:14.916 [main] DEBUG o.s.s.a.m.DelegatingMethodSecurityMetadataSource - Caching method [CacheKey[edu.ncsu.csc.itrust2.controllers.api.APIPrescriptionController; public java.util.List edu.ncsu.csc.itrust2.controllers.api.APIPrescriptionController.getPrescriptions()]] with attributes [[authorize: 'hasAnyRole('ROLE_HCP', 'ROLE_PATIENT')', filter: 'null', filterTarget: 'null']]
06:28:14.916 [main] DEBUG o.s.aop.framework.CglibAopProxy - Unable to apply any optimisations to advised method: public java.util.List edu.ncsu.csc.itrust2.controllers.api.APIPrescriptionController.getPrescriptions()
06:28:14.916 [main] DEBUG o.s.aop.framework.CglibAopProxy - Found 'equals' method: public boolean java.lang.Object.equals(java.lang.Object)
06:28:14.916 [main] DEBUG o.s.aop.framework.CglibAopProxy - Unable to apply any optimisations to advised method: public java.lang.String java.lang.Object.toString()
06:28:14.916 [main] DEBUG o.s.aop.framework.CglibAopProxy - Found 'hashCode' method: public native int java.lang.Object.hashCode()
06:28:14.916 [main] DEBUG o.s.aop.framework.CglibAopProxy - Unable to apply any optimisations to advised method: protected native java.lang.Object java.lang.Object.clone() throws java.lang.CloneNotSupportedException
06:28:14.916 [main] DEBUG o.s.aop.framework.CglibAopProxy - Method is declared on Advised interface: public abstract boolean org.springframework.aop.framework.Advised.removeAdvice(org.aopalliance.aop.Advice)
06:28:14.916 [main] DEBUG o.s.aop.framework.CglibAopProxy - Method is declared on Advised interface: public abstract java.lang.String org.springframework.aop.framework.Advised.toProxyConfigString()
06:28:14.916 [main] DEBUG o.s.aop.framework.CglibAopProxy - Method is declared on Advised interface: public abstract void org.springframework.aop.framework.Advised.addAdvice(org.aopalliance.aop.Advice) throws org.springframework.aop.framework.AopConfigException
06:28:14.916 [main] DEBUG o.s.aop.framework.CglibAopProxy - Method is declared on Advised interface: public abstract void org.springframework.aop.framework.Advised.addAdvice(int,org.aopalliance.aop.Advice) throws org.springframework.aop.framework.AopConfigException
06:28:14.916 [main] DEBUG o.s.aop.framework.CglibAopProxy - Method is declared on Advised interface: public abstract org.springframework.aop.TargetSource org.springframework.aop.framework.Advised.getTargetSource()
06:28:14.916 [main] DEBUG o.s.aop.framework.CglibAopProxy - Method is declared on Advised interface: public abstract boolean org.springframework.aop.framework.Advised.isProxyTargetClass()
06:28:14.916 [main] DEBUG o.s.aop.framework.CglibAopProxy - Method is declared on Advised interface: public abstract void org.springframework.aop.framework.Advised.addAdvisor(org.springframework.aop.Advisor) throws org.springframework.aop.framework.AopConfigException
06:28:14.916 [main] DEBUG o.s.aop.framework.CglibAopProxy - Method is declared on Advised interface: public abstract void org.springframework.aop.framework.Advised.addAdvisor(int,org.springframework.aop.Advisor) throws org.springframework.aop.framework.AopConfigException
06:28:14.916 [main] DEBUG o.s.aop.framework.CglibAopProxy - Method is declared on Advised interface: public abstract void org.springframework.aop.framework.Advised.setPreFiltered(boolean)
06:28:14.916 [main] DEBUG o.s.aop.framework.CglibAopProxy - Method is declared on Advised interface: public abstract void org.springframework.aop.framework.Advised.setExposeProxy(boolean)
06:28:14.916 [main] DEBUG o.s.aop.framework.CglibAopProxy - Method is declared on Advised interface: public abstract boolean org.springframework.aop.framework.Advised.isExposeProxy()
06:28:14.916 [main] DEBUG o.s.aop.framework.CglibAopProxy - Method is declared on Advised interface: public abstract void org.springframework.aop.framework.Advised.setTargetSource(org.springframework.aop.TargetSource)
06:28:14.916 [main] DEBUG o.s.aop.framework.CglibAopProxy - Method is declared on Advised interface: public abstract boolean org.springframework.aop.framework.Advised.isPreFiltered()
06:28:14.916 [main] DEBUG o.s.aop.framework.CglibAopProxy - Method is declared on Advised interface: public abstract java.lang.Class[] org.springframework.aop.framework.Advised.getProxiedInterfaces()
06:28:14.916 [main] DEBUG o.s.aop.framework.CglibAopProxy - Method is declared on Advised interface: public abstract boolean org.springframework.aop.framework.Advised.isInterfaceProxied(java.lang.Class)
06:28:14.916 [main] DEBUG o.s.aop.framework.CglibAopProxy - Method is declared on Advised interface: public abstract org.springframework.aop.Advisor[] org.springframework.aop.framework.Advised.getAdvisors()
06:28:14.916 [main] DEBUG o.s.aop.framework.CglibAopProxy - Method is declared on Advised interface: public abstract void org.springframework.aop.framework.Advised.removeAdvisor(int) throws org.springframework.aop.framework.AopConfigException
06:28:14.916 [main] DEBUG o.s.aop.framework.CglibAopProxy - Method is declared on Advised interface: public abstract boolean org.springframework.aop.framework.Advised.removeAdvisor(org.springframework.aop.Advisor)
06:28:14.916 [main] DEBUG o.s.aop.framework.CglibAopProxy - Method is declared on Advised interface: public abstract boolean org.springframework.aop.framework.Advised.replaceAdvisor(org.springframework.aop.Advisor,org.springframework.aop.Advisor) throws org.springframework.aop.framework.AopConfigException
06:28:14.916 [main] DEBUG o.s.aop.framework.CglibAopProxy - Method is declared on Advised interface: public abstract int org.springframework.aop.framework.Advised.indexOf(org.aopalliance.aop.Advice)
06:28:14.916 [main] DEBUG o.s.aop.framework.CglibAopProxy - Method is declared on Advised interface: public abstract int org.springframework.aop.framework.Advised.indexOf(org.springframework.aop.Advisor)
06:28:14.916 [main] DEBUG o.s.aop.framework.CglibAopProxy - Method is declared on Advised interface: public abstract boolean org.springframework.aop.framework.Advised.isFrozen()
06:28:14.916 [main] DEBUG o.s.aop.framework.CglibAopProxy - Method is declared on Advised interface: public abstract java.lang.Class org.springframework.aop.TargetClassAware.getTargetClass()
06:28:14.922 [main] DEBUG o.s.b.f.s.DefaultListableBeanFactory - Finished creating instance of bean 'APIPrescriptionController'
06:28:14.922 [main] DEBUG o.s.b.f.s.DefaultListableBeanFactory - Creating shared instance of singleton bean 'APIUserController'
06:28:14.922 [main] DEBUG o.s.b.f.s.DefaultListableBeanFactory - Creating instance of bean 'APIUserController'
06:28:14.922 [main] DEBUG o.s.b.f.s.DefaultListableBeanFactory - Eagerly caching bean 'APIUserController' to allow for resolving potential circular references
06:28:14.922 [main] DEBUG o.s.b.f.s.DefaultListableBeanFactory - Returning cached instance of singleton bean 'metaDataSourceAdvisor'
06:28:14.923 [main] DEBUG o.s.b.f.s.DefaultListableBeanFactory - Finished creating instance of bean 'APIUserController'
06:28:14.923 [main] DEBUG o.s.b.f.s.DefaultListableBeanFactory - Creating shared instance of singleton bean 'appointmentControllerHCP'
06:28:14.923 [main] DEBUG o.s.b.f.s.DefaultListableBeanFactory - Creating instance of bean 'appointmentControllerHCP'
06:28:14.923 [main] DEBUG o.s.b.f.s.DefaultListableBeanFactory - Eagerly caching bean 'appointmentControllerHCP' to allow for resolving potential circular references
06:28:14.923 [main] DEBUG o.s.b.f.s.DefaultListableBeanFactory - Returning cached instance of singleton bean 'metaDataSourceAdvisor'
06:28:14.923 [main] DEBUG o.s.s.a.p.PrePostAnnotationSecurityMetadataSource - @org.springframework.security.access.prepost.PreAuthorize(value=hasRole('ROLE_HCP')) found on specific method: public java.lang.String edu.ncsu.csc.itrust2.controllers.hcp.AppointmentControllerHCP.requestAppointmentForm(org.springframework.ui.Model)
06:28:14.923 [main] DEBUG o.s.s.a.m.DelegatingMethodSecurityMetadataSource - Caching method [CacheKey[edu.ncsu.csc.itrust2.controllers.hcp.AppointmentControllerHCP; public java.lang.String edu.ncsu.csc.itrust2.controllers.hcp.AppointmentControllerHCP.requestAppointmentForm(org.springframework.ui.Model)]] with attributes [[authorize: 'hasRole('ROLE_HCP')', filter: 'null', filterTarget: 'null']]
06:28:14.923 [main] DEBUG o.s.a.f.a.InfrastructureAdvisorAutoProxyCreator - Creating implicit proxy for bean 'appointmentControllerHCP' with 0 common interceptors and 1 specific interceptors
06:28:14.923 [main] DEBUG o.s.aop.framework.CglibAopProxy - Creating CGLIB proxy: target source is SingletonTargetSource for target object [edu.ncsu.csc.itrust2.controllers.hcp.AppointmentControllerHCP@6b34f713]
06:28:14.924 [main] DEBUG o.s.aop.framework.CglibAopProxy - Unable to apply any optimisations to advised method: public java.lang.String edu.ncsu.csc.itrust2.controllers.hcp.AppointmentControllerHCP.requestAppointmentForm(org.springframework.ui.Model)
06:28:14.924 [main] DEBUG o.s.s.a.p.PrePostAnnotationSecurityMetadataSource - @org.springframework.security.access.prepost.PreAuthorize(value=hasRole('ROLE_HCP')) found on specific method: public java.lang.String edu.ncsu.csc.itrust2.controllers.hcp.AppointmentControllerHCP.appointmentActionSubmit(edu.ncsu.csc.itrust2.forms.patient.AppointmentForm)
06:28:14.924 [main] DEBUG o.s.s.a.m.DelegatingMethodSecurityMetadataSource - Caching method [CacheKey[edu.ncsu.csc.itrust2.controllers.hcp.AppointmentControllerHCP; public java.lang.String edu.ncsu.csc.itrust2.controllers.hcp.AppointmentControllerHCP.appointmentActionSubmit(edu.ncsu.csc.itrust2.forms.patient.AppointmentForm)]] with attributes [[authorize: 'hasRole('ROLE_HCP')', filter: 'null', filterTarget: 'null']]
06:28:14.924 [main] DEBUG o.s.aop.framework.CglibAopProxy - Unable to apply any optimisations to advised method: public java.lang.String edu.ncsu.csc.itrust2.controllers.hcp.AppointmentControllerHCP.appointmentActionSubmit(edu.ncsu.csc.itrust2.forms.patient.AppointmentForm)
06:28:14.924 [main] DEBUG o.s.s.a.p.PrePostAnnotationSecurityMetadataSource - @org.springframework.security.access.prepost.PreAuthorize(value=hasRole('ROLE_HCP')) found on specific method: public java.lang.String edu.ncsu.csc.itrust2.controllers.hcp.AppointmentControllerHCP.upcomingAppointments(org.springframework.ui.Model)
06:28:14.924 [main] DEBUG o.s.s.a.m.DelegatingMethodSecurityMetadataSource - Caching method [CacheKey[edu.ncsu.csc.itrust2.controllers.hcp.AppointmentControllerHCP; public java.lang.String edu.ncsu.csc.itrust2.controllers.hcp.AppointmentControllerHCP.upcomingAppointments(org.springframework.ui.Model)]] with attributes [[authorize: 'hasRole('ROLE_HCP')', filter: 'null', filterTarget: 'null']]
06:28:14.924 [main] DEBUG o.s.aop.framework.CglibAopProxy - Unable to apply any optimisations to advised method: public java.lang.String edu.ncsu.csc.itrust2.controllers.hcp.AppointmentControllerHCP.upcomingAppointments(org.springframework.ui.Model)
06:28:14.924 [main] DEBUG o.s.aop.framework.CglibAopProxy - Found 'equals' method: public boolean java.lang.Object.equals(java.lang.Object)
06:28:14.924 [main] DEBUG o.s.aop.framework.CglibAopProxy - Unable to apply any optimisations to advised method: public java.lang.String java.lang.Object.toString()
06:28:14.924 [main] DEBUG o.s.aop.framework.CglibAopProxy - Found 'hashCode' method: public native int java.lang.Object.hashCode()
06:28:14.924 [main] DEBUG o.s.aop.framework.CglibAopProxy - Unable to apply any optimisations to advised method: protected native java.lang.Object java.lang.Object.clone() throws java.lang.CloneNotSupportedException
06:28:14.924 [main] DEBUG o.s.aop.framework.CglibAopProxy - Method is declared on Advised interface: public abstract boolean org.springframework.aop.framework.Advised.removeAdvice(org.aopalliance.aop.Advice)
06:28:14.924 [main] DEBUG o.s.aop.framework.CglibAopProxy - Method is declared on Advised interface: public abstract java.lang.String org.springframework.aop.framework.Advised.toProxyConfigString()
06:28:14.924 [main] DEBUG o.s.aop.framework.CglibAopProxy - Method is declared on Advised interface: public abstract void org.springframework.aop.framework.Advised.addAdvice(org.aopalliance.aop.Advice) throws org.springframework.aop.framework.AopConfigException
06:28:14.924 [main] DEBUG o.s.aop.framework.CglibAopProxy - Method is declared on Advised interface: public abstract void org.springframework.aop.framework.Advised.addAdvice(int,org.aopalliance.aop.Advice) throws org.springframework.aop.framework.AopConfigException
06:28:14.924 [main] DEBUG o.s.aop.framework.CglibAopProxy - Method is declared on Advised interface: public abstract org.springframework.aop.TargetSource org.springframework.aop.framework.Advised.getTargetSource()
06:28:14.924 [main] DEBUG o.s.aop.framework.CglibAopProxy - Method is declared on Advised interface: public abstract boolean org.springframework.aop.framework.Advised.isProxyTargetClass()
06:28:14.924 [main] DEBUG o.s.aop.framework.CglibAopProxy - Method is declared on Advised interface: public abstract void org.springframework.aop.framework.Advised.addAdvisor(org.springframework.aop.Advisor) throws org.springframework.aop.framework.AopConfigException
06:28:14.924 [main] DEBUG o.s.aop.framework.CglibAopProxy - Method is declared on Advised interface: public abstract void org.springframework.aop.framework.Advised.addAdvisor(int,org.springframework.aop.Advisor) throws org.springframework.aop.framework.AopConfigException
06:28:14.924 [main] DEBUG o.s.aop.framework.CglibAopProxy - Method is declared on Advised interface: public abstract void org.springframework.aop.framework.Advised.setPreFiltered(boolean)
06:28:14.924 [main] DEBUG o.s.aop.framework.CglibAopProxy - Method is declared on Advised interface: public abstract void org.springframework.aop.framework.Advised.setExposeProxy(boolean)
06:28:14.924 [main] DEBUG o.s.aop.framework.CglibAopProxy - Method is declared on Advised interface: public abstract boolean org.springframework.aop.framework.Advised.isExposeProxy()
06:28:14.924 [main] DEBUG o.s.aop.framework.CglibAopProxy - Method is declared on Advised interface: public abstract void org.springframework.aop.framework.Advised.setTargetSource(org.springframework.aop.TargetSource)
06:28:14.924 [main] DEBUG o.s.aop.framework.CglibAopProxy - Method is declared on Advised interface: public abstract boolean org.springframework.aop.framework.Advised.isPreFiltered()
06:28:14.924 [main] DEBUG o.s.aop.framework.CglibAopProxy - Method is declared on Advised interface: public abstract java.lang.Class[] org.springframework.aop.framework.Advised.getProxiedInterfaces()
06:28:14.924 [main] DEBUG o.s.aop.framework.CglibAopProxy - Method is declared on Advised interface: public abstract boolean org.springframework.aop.framework.Advised.isInterfaceProxied(java.lang.Class)
06:28:14.924 [main] DEBUG o.s.aop.framework.CglibAopProxy - Method is declared on Advised interface: public abstract org.springframework.aop.Advisor[] org.springframework.aop.framework.Advised.getAdvisors()
06:28:14.924 [main] DEBUG o.s.aop.framework.CglibAopProxy - Method is declared on Advised interface: public abstract void org.springframework.aop.framework.Advised.removeAdvisor(int) throws org.springframework.aop.framework.AopConfigException
06:28:14.924 [main] DEBUG o.s.aop.framework.CglibAopProxy - Method is declared on Advised interface: public abstract boolean org.springframework.aop.framework.Advised.removeAdvisor(org.springframework.aop.Advisor)
06:28:14.924 [main] DEBUG o.s.aop.framework.CglibAopProxy - Method is declared on Advised interface: public abstract boolean org.springframework.aop.framework.Advised.replaceAdvisor(org.springframework.aop.Advisor,org.springframework.aop.Advisor) throws org.springframework.aop.framework.AopConfigException
06:28:14.924 [main] DEBUG o.s.aop.framework.CglibAopProxy - Method is declared on Advised interface: public abstract int org.springframework.aop.framework.Advised.indexOf(org.aopalliance.aop.Advice)
06:28:14.924 [main] DEBUG o.s.aop.framework.CglibAopProxy - Method is declared on Advised interface: public abstract int org.springframework.aop.framework.Advised.indexOf(org.springframework.aop.Advisor)
06:28:14.924 [main] DEBUG o.s.aop.framework.CglibAopProxy - Method is declared on Advised interface: public abstract boolean org.springframework.aop.framework.Advised.isFrozen()
06:28:14.924 [main] DEBUG o.s.aop.framework.CglibAopProxy - Method is declared on Advised interface: public abstract java.lang.Class org.springframework.aop.TargetClassAware.getTargetClass()
06:28:14.930 [main] DEBUG o.s.b.f.s.DefaultListableBeanFactory - Finished creating instance of bean 'appointmentControllerHCP'
06:28:14.930 [main] DEBUG o.s.b.f.s.DefaultListableBeanFactory - Creating shared instance of singleton bean 'HCPController'
06:28:14.930 [main] DEBUG o.s.b.f.s.DefaultListableBeanFactory - Creating instance of bean 'HCPController'
06:28:14.930 [main] DEBUG o.s.b.f.s.DefaultListableBeanFactory - Eagerly caching bean 'HCPController' to allow for resolving potential circular references
06:28:14.931 [main] DEBUG o.s.b.f.s.DefaultListableBeanFactory - Returning cached instance of singleton bean 'metaDataSourceAdvisor'
06:28:14.931 [main] DEBUG o.s.s.a.p.PrePostAnnotationSecurityMetadataSource - @org.springframework.security.access.prepost.PreAuthorize(value=hasRole('ROLE_HCP')) found on specific method: public java.lang.String edu.ncsu.csc.itrust2.controllers.hcp.HCPController.editPatientDemographics()
06:28:14.931 [main] DEBUG o.s.s.a.m.DelegatingMethodSecurityMetadataSource - Caching method [CacheKey[edu.ncsu.csc.itrust2.controllers.hcp.HCPController; public java.lang.String edu.ncsu.csc.itrust2.controllers.hcp.HCPController.editPatientDemographics()]] with attributes [[authorize: 'hasRole('ROLE_HCP')', filter: 'null', filterTarget: 'null']]
06:28:14.931 [main] DEBUG o.s.a.f.a.InfrastructureAdvisorAutoProxyCreator - Creating implicit proxy for bean 'HCPController' with 0 common interceptors and 1 specific interceptors
06:28:14.931 [main] DEBUG o.s.aop.framework.CglibAopProxy - Creating CGLIB proxy: target source is SingletonTargetSource for target object [edu.ncsu.csc.itrust2.controllers.hcp.HCPController@767be41a]
06:28:14.931 [main] DEBUG o.s.aop.framework.CglibAopProxy - Unable to apply any optimisations to advised method: public java.lang.String edu.ncsu.csc.itrust2.controllers.hcp.HCPController.editPatientDemographics()
06:28:14.932 [main] DEBUG o.s.s.a.p.PrePostAnnotationSecurityMetadataSource - @org.springframework.security.access.prepost.PreAuthorize(value=new val) found on specific method: public java.lang.String edu.ncsu.csc.itrust2.controllers.hcp.HCPController.editPrescriptions()
06:28:14.932 [main] WARN  o.s.w.c.s.GenericWebApplicationContext - Exception encountered during context initialization - cancelling refresh attempt: org.springframework.beans.factory.BeanCreationException: Error creating bean with name 'HCPController' defined in file [/var/lib/jenkins/workspace/itrust-test/iTrust2/target/classes/edu/ncsu/csc/itrust2/controllers/hcp/HCPController.class]: Initialization of bean failed; nested exception is org.springframework.aop.framework.AopConfigException: Could not generate CGLIB subclass of class [class edu.ncsu.csc.itrust2.controllers.hcp.HCPController]: Common causes of this problem include using a final class or a non-visible class; nested exception is java.lang.IllegalArgumentException: Failed to parse expression 'new val'
06:28:14.932 [main] DEBUG o.s.b.f.s.DefaultListableBeanFactory - Destroying singletons in org.springframework.beans.factory.support.DefaultListableBeanFactory@3a133ab9: defining beans [org.springframework.context.annotation.internalConfigurationAnnotationProcessor,org.springframework.context.annotation.internalAutowiredAnnotationProcessor,org.springframework.context.annotation.internalRequiredAnnotationProcessor,org.springframework.context.annotation.internalCommonAnnotationProcessor,org.springframework.context.annotation.internalPersistenceAnnotationProcessor,org.springframework.context.event.internalEventListenerProcessor,org.springframework.context.event.internalEventListenerFactory,rootConfiguration,webMvcConfiguration,dataConfiguration,loginAuditingListener,securityConfig,defaultController,adminController,adminUserController,hospitalController,ICDCodesController,APIAppointmentRequestController,APIDiagnosisController,APIDrugController,APIEnumController,APIHospitalController,APIICDCodeController,APILogEntryController,APIOfficeVisitController,APIPasswordController,APIPatientController,APIPersonnelController,APIPrescriptionController,APIUserController,appointmentControllerHCP,HCPController,officeVisitController,appointmentController,diagnosesController,patientController,passwordController,userController,dataSource,org.springframework.security.config.annotation.configuration.ObjectPostProcessorConfiguration,objectPostProcessor,org.springframework.security.config.annotation.authentication.configuration.AuthenticationConfiguration,authenticationManagerBuilder,enableGlobalAuthenticationAutowiredConfigurer,initializeUserDetailsBeanManagerConfigurer,initializeAuthenticationProviderBeanManagerConfigurer,org.springframework.security.config.annotation.web.configuration.WebSecurityConfiguration,delegatingApplicationListener,webSecurityExpressionHandler,springSecurityFilterChain,privilegeEvaluator,autowiredWebSecurityConfigurersIgnoreParents,org.springframework.security.config.annotation.web.configuration.WebMvcSecurityConfiguration,requestDataValueProcessor,passwordEncoder,defaultAuthenticationEventPublisher,failureHandler,ipBlockFilter,org.springframework.web.servlet.config.annotation.DelegatingWebMvcConfiguration,mvcConversionService,mvcContentNegotiationManager,viewControllerHandlerMapping,beanNameHandlerMapping,resourceHandlerMapping,mvcResourceUrlProvider,defaultServletHandlerMapping,requestMappingHandlerAdapter,mvcValidator,mvcUriComponentsContributor,httpRequestHandlerAdapter,simpleControllerHandlerAdapter,handlerExceptionResolver,mvcViewResolver,requestMappingHandlerMapping,mvcPathMatcher,mvcUrlPathHelper,org.springframework.security.config.annotation.method.configuration.GlobalMethodSecurityConfiguration,methodSecurityInterceptor,methodSecurityMetadataSource,preInvocationAuthorizationAdvice,viewResolver,templateEngine,domainClassConverter,metaDataSourceAdvisor,org.springframework.aop.config.internalAutoProxyCreator]; root of factory hierarchy
06:28:14.932 [main] DEBUG o.s.b.f.s.DefaultListableBeanFactory - Retrieved dependent beans for bean 'objectPostProcessor': [org.springframework.security.config.annotation.method.configuration.GlobalMethodSecurityConfiguration, securityConfig, org.springframework.security.config.annotation.authentication.configuration.AuthenticationConfiguration, authenticationManagerBuilder]
06:28:14.932 [main] DEBUG o.s.b.f.s.DisposableBeanAdapter - Invoking destroy() on bean with name 'objectPostProcessor'
06:28:14.934 [main] ERROR o.s.test.context.TestContextManager - Caught exception while allowing TestExecutionListener [org.springframework.test.context.web.ServletTestExecutionListener@3d2ed518] to prepare test instance [edu.ncsu.csc.itrust2.apitest.APIOfficeVisitTest@6e9e09f8]
java.lang.IllegalStateException: Failed to load ApplicationContext
	at org.springframework.test.context.cache.DefaultCacheAwareContextLoaderDelegate.loadContext(DefaultCacheAwareContextLoaderDelegate.java:124) ~[spring-test-4.3.5.RELEASE.jar:4.3.5.RELEASE]
	at org.springframework.test.context.support.DefaultTestContext.getApplicationContext(DefaultTestContext.java:83) ~[spring-test-4.3.5.RELEASE.jar:4.3.5.RELEASE]
	at org.springframework.test.context.web.ServletTestExecutionListener.setUpRequestContextIfNecessary(ServletTestExecutionListener.java:189) ~[spring-test-4.3.5.RELEASE.jar:4.3.5.RELEASE]
	at org.springframework.test.context.web.ServletTestExecutionListener.prepareTestInstance(ServletTestExecutionListener.java:131) ~[spring-test-4.3.5.RELEASE.jar:4.3.5.RELEASE]
	at org.springframework.test.context.TestContextManager.prepareTestInstance(TestContextManager.java:230) ~[spring-test-4.3.5.RELEASE.jar:4.3.5.RELEASE]
	at org.springframework.test.context.junit4.SpringJUnit4ClassRunner.createTest(SpringJUnit4ClassRunner.java:228) [spring-test-4.3.5.RELEASE.jar:4.3.5.RELEASE]
	at org.springframework.test.context.junit4.SpringJUnit4ClassRunner$1.runReflectiveCall(SpringJUnit4ClassRunner.java:287) [spring-test-4.3.5.RELEASE.jar:4.3.5.RELEASE]
	at org.junit.internal.runners.model.ReflectiveCallable.run(ReflectiveCallable.java:12) [junit-4.12.jar:4.12]
	at org.springframework.test.context.junit4.SpringJUnit4ClassRunner.methodBlock(SpringJUnit4ClassRunner.java:289) [spring-test-4.3.5.RELEASE.jar:4.3.5.RELEASE]
	at org.springframework.test.context.junit4.SpringJUnit4ClassRunner.runChild(SpringJUnit4ClassRunner.java:247) [spring-test-4.3.5.RELEASE.jar:4.3.5.RELEASE]
	at org.springframework.test.context.junit4.SpringJUnit4ClassRunner.runChild(SpringJUnit4ClassRunner.java:94) [spring-test-4.3.5.RELEASE.jar:4.3.5.RELEASE]
	at org.junit.runners.ParentRunner$3.run(ParentRunner.java:290) [junit-4.12.jar:4.12]
	at org.junit.runners.ParentRunner$1.schedule(ParentRunner.java:71) [junit-4.12.jar:4.12]
	at org.junit.runners.ParentRunner.runChildren(ParentRunner.java:288) [junit-4.12.jar:4.12]
	at org.junit.runners.ParentRunner.access$000(ParentRunner.java:58) [junit-4.12.jar:4.12]
	at org.junit.runners.ParentRunner$2.evaluate(ParentRunner.java:268) [junit-4.12.jar:4.12]
	at org.springframework.test.context.junit4.statements.RunBeforeTestClassCallbacks.evaluate(RunBeforeTestClassCallbacks.java:61) [spring-test-4.3.5.RELEASE.jar:4.3.5.RELEASE]
	at org.springframework.test.context.junit4.statements.RunAfterTestClassCallbacks.evaluate(RunAfterTestClassCallbacks.java:70) [spring-test-4.3.5.RELEASE.jar:4.3.5.RELEASE]
	at org.junit.runners.ParentRunner.run(ParentRunner.java:363) [junit-4.12.jar:4.12]
	at org.springframework.test.context.junit4.SpringJUnit4ClassRunner.run(SpringJUnit4ClassRunner.java:191) [spring-test-4.3.5.RELEASE.jar:4.3.5.RELEASE]
	at org.apache.maven.surefire.junit4.JUnit4Provider.execute(JUnit4Provider.java:365) [surefire-junit4-2.20.jar:2.20]
	at org.apache.maven.surefire.junit4.JUnit4Provider.executeWithRerun(JUnit4Provider.java:272) [surefire-junit4-2.20.jar:2.20]
	at org.apache.maven.surefire.junit4.JUnit4Provider.executeTestSet(JUnit4Provider.java:236) [surefire-junit4-2.20.jar:2.20]
	at org.apache.maven.surefire.junit4.JUnit4Provider.invoke(JUnit4Provider.java:159) [surefire-junit4-2.20.jar:2.20]
	at org.apache.maven.surefire.booter.ForkedBooter.invokeProviderInSameClassLoader(ForkedBooter.java:386) [surefire-booter-2.20.jar:2.20]
	at org.apache.maven.surefire.booter.ForkedBooter.runSuitesInProcess(ForkedBooter.java:323) [surefire-booter-2.20.jar:2.20]
	at org.apache.maven.surefire.booter.ForkedBooter.main(ForkedBooter.java:143) [surefire-booter-2.20.jar:2.20]
Caused by: org.springframework.beans.factory.BeanCreationException: Error creating bean with name 'HCPController' defined in file [/var/lib/jenkins/workspace/itrust-test/iTrust2/target/classes/edu/ncsu/csc/itrust2/controllers/hcp/HCPController.class]: Initialization of bean failed; nested exception is org.springframework.aop.framework.AopConfigException: Could not generate CGLIB subclass of class [class edu.ncsu.csc.itrust2.controllers.hcp.HCPController]: Common causes of this problem include using a final class or a non-visible class; nested exception is java.lang.IllegalArgumentException: Failed to parse expression 'new val'
	at org.springframework.beans.factory.support.AbstractAutowireCapableBeanFactory.doCreateBean(AbstractAutowireCapableBeanFactory.java:563) ~[spring-beans-4.3.5.RELEASE.jar:4.3.5.RELEASE]
	at org.springframework.beans.factory.support.AbstractAutowireCapableBeanFactory.createBean(AbstractAutowireCapableBeanFactory.java:483) ~[spring-beans-4.3.5.RELEASE.jar:4.3.5.RELEASE]
	at org.springframework.beans.factory.support.AbstractBeanFactory$1.getObject(AbstractBeanFactory.java:306) ~[spring-beans-4.3.5.RELEASE.jar:4.3.5.RELEASE]
	at org.springframework.beans.factory.support.DefaultSingletonBeanRegistry.getSingleton(DefaultSingletonBeanRegistry.java:230) ~[spring-beans-4.3.5.RELEASE.jar:4.3.5.RELEASE]
	at org.springframework.beans.factory.support.AbstractBeanFactory.doGetBean(AbstractBeanFactory.java:302) ~[spring-beans-4.3.5.RELEASE.jar:4.3.5.RELEASE]
	at org.springframework.beans.factory.support.AbstractBeanFactory.getBean(AbstractBeanFactory.java:197) ~[spring-beans-4.3.5.RELEASE.jar:4.3.5.RELEASE]
	at org.springframework.beans.factory.support.DefaultListableBeanFactory.preInstantiateSingletons(DefaultListableBeanFactory.java:759) ~[spring-beans-4.3.5.RELEASE.jar:4.3.5.RELEASE]
	at org.springframework.context.support.AbstractApplicationContext.finishBeanFactoryInitialization(AbstractApplicationContext.java:866) ~[spring-context-4.3.5.RELEASE.jar:4.3.5.RELEASE]
	at org.springframework.context.support.AbstractApplicationContext.refresh(AbstractApplicationContext.java:542) ~[spring-context-4.3.5.RELEASE.jar:4.3.5.RELEASE]
	at org.springframework.test.context.web.AbstractGenericWebContextLoader.loadContext(AbstractGenericWebContextLoader.java:134) ~[spring-test-4.3.5.RELEASE.jar:4.3.5.RELEASE]
	at org.springframework.test.context.web.AbstractGenericWebContextLoader.loadContext(AbstractGenericWebContextLoader.java:61) ~[spring-test-4.3.5.RELEASE.jar:4.3.5.RELEASE]
	at org.springframework.test.context.support.AbstractDelegatingSmartContextLoader.delegateLoading(AbstractDelegatingSmartContextLoader.java:108) ~[spring-test-4.3.5.RELEASE.jar:4.3.5.RELEASE]
	at org.springframework.test.context.support.AbstractDelegatingSmartContextLoader.loadContext(AbstractDelegatingSmartContextLoader.java:251) ~[spring-test-4.3.5.RELEASE.jar:4.3.5.RELEASE]
	at org.springframework.test.context.cache.DefaultCacheAwareContextLoaderDelegate.loadContextInternal(DefaultCacheAwareContextLoaderDelegate.java:98) ~[spring-test-4.3.5.RELEASE.jar:4.3.5.RELEASE]
	at org.springframework.test.context.cache.DefaultCacheAwareContextLoaderDelegate.loadContext(DefaultCacheAwareContextLoaderDelegate.java:116) ~[spring-test-4.3.5.RELEASE.jar:4.3.5.RELEASE]
	... 26 common frames omitted
Caused by: org.springframework.aop.framework.AopConfigException: Could not generate CGLIB subclass of class [class edu.ncsu.csc.itrust2.controllers.hcp.HCPController]: Common causes of this problem include using a final class or a non-visible class; nested exception is java.lang.IllegalArgumentException: Failed to parse expression 'new val'
	at org.springframework.aop.framework.CglibAopProxy.getProxy(CglibAopProxy.java:213) ~[spring-aop-4.3.5.RELEASE.jar:4.3.5.RELEASE]
	at org.springframework.aop.framework.ProxyFactory.getProxy(ProxyFactory.java:109) ~[spring-aop-4.3.5.RELEASE.jar:4.3.5.RELEASE]
	at org.springframework.aop.framework.autoproxy.AbstractAutoProxyCreator.createProxy(AbstractAutoProxyCreator.java:470) ~[spring-aop-4.3.5.RELEASE.jar:4.3.5.RELEASE]
	at org.springframework.aop.framework.autoproxy.AbstractAutoProxyCreator.wrapIfNecessary(AbstractAutoProxyCreator.java:350) ~[spring-aop-4.3.5.RELEASE.jar:4.3.5.RELEASE]
	at org.springframework.aop.framework.autoproxy.AbstractAutoProxyCreator.postProcessAfterInitialization(AbstractAutoProxyCreator.java:299) ~[spring-aop-4.3.5.RELEASE.jar:4.3.5.RELEASE]
	at org.springframework.beans.factory.support.AbstractAutowireCapableBeanFactory.applyBeanPostProcessorsAfterInitialization(AbstractAutowireCapableBeanFactory.java:423) ~[spring-beans-4.3.5.RELEASE.jar:4.3.5.RELEASE]
	at org.springframework.beans.factory.support.AbstractAutowireCapableBeanFactory.initializeBean(AbstractAutowireCapableBeanFactory.java:1594) ~[spring-beans-4.3.5.RELEASE.jar:4.3.5.RELEASE]
	at org.springframework.beans.factory.support.AbstractAutowireCapableBeanFactory.doCreateBean(AbstractAutowireCapableBeanFactory.java:554) ~[spring-beans-4.3.5.RELEASE.jar:4.3.5.RELEASE]
	... 40 common frames omitted
Caused by: java.lang.IllegalArgumentException: Failed to parse expression 'new val'
	at org.springframework.security.access.expression.method.ExpressionBasedAnnotationAttributeFactory.createPreInvocationAttribute(ExpressionBasedAnnotationAttributeFactory.java:59) ~[spring-security-core-4.2.2.RELEASE.jar:4.2.2.RELEASE]
	at org.springframework.security.access.prepost.PrePostAnnotationSecurityMetadataSource.getAttributes(PrePostAnnotationSecurityMetadataSource.java:89) ~[spring-security-core-4.2.2.RELEASE.jar:4.2.2.RELEASE]
	at org.springframework.security.access.method.DelegatingMethodSecurityMetadataSource.getAttributes(DelegatingMethodSecurityMetadataSource.java:73) ~[spring-security-core-4.2.2.RELEASE.jar:4.2.2.RELEASE]
	at org.springframework.security.access.intercept.aopalliance.MethodSecurityMetadataSourceAdvisor$MethodSecurityMetadataSourcePointcut.matches(MethodSecurityMetadataSourceAdvisor.java:134) ~[spring-security-core-4.2.2.RELEASE.jar:4.2.2.RELEASE]
	at org.springframework.aop.support.MethodMatchers.matches(MethodMatchers.java:94) ~[spring-aop-4.3.5.RELEASE.jar:4.3.5.RELEASE]
	at org.springframework.aop.framework.DefaultAdvisorChainFactory.getInterceptorsAndDynamicInterceptionAdvice(DefaultAdvisorChainFactory.java:67) ~[spring-aop-4.3.5.RELEASE.jar:4.3.5.RELEASE]
	at org.springframework.aop.framework.AdvisedSupport.getInterceptorsAndDynamicInterceptionAdvice(AdvisedSupport.java:489) ~[spring-aop-4.3.5.RELEASE.jar:4.3.5.RELEASE]
	at org.springframework.aop.framework.CglibAopProxy$ProxyCallbackFilter.accept(CglibAopProxy.java:808) ~[spring-aop-4.3.5.RELEASE.jar:4.3.5.RELEASE]
	at org.springframework.cglib.proxy.Enhancer.emitMethods(Enhancer.java:1108) ~[spring-core-4.3.5.RELEASE.jar:4.3.5.RELEASE]
	at org.springframework.cglib.proxy.Enhancer.generateClass(Enhancer.java:630) ~[spring-core-4.3.5.RELEASE.jar:4.3.5.RELEASE]
	at org.springframework.cglib.transform.TransformingClassGenerator.generateClass(TransformingClassGenerator.java:33) ~[spring-core-4.3.5.RELEASE.jar:4.3.5.RELEASE]
	at org.springframework.cglib.core.DefaultGeneratorStrategy.generate(DefaultGeneratorStrategy.java:25) ~[spring-core-4.3.5.RELEASE.jar:4.3.5.RELEASE]
	at org.springframework.aop.framework.CglibAopProxy$ClassLoaderAwareUndeclaredThrowableStrategy.generate(CglibAopProxy.java:991) ~[spring-aop-4.3.5.RELEASE.jar:4.3.5.RELEASE]
	at org.springframework.cglib.core.AbstractClassGenerator.generate(AbstractClassGenerator.java:329) ~[spring-core-4.3.5.RELEASE.jar:4.3.5.RELEASE]
	at org.springframework.cglib.proxy.Enhancer.generate(Enhancer.java:492) ~[spring-core-4.3.5.RELEASE.jar:4.3.5.RELEASE]
	at org.springframework.cglib.core.AbstractClassGenerator$ClassLoaderData$3.apply(AbstractClassGenerator.java:93) ~[spring-core-4.3.5.RELEASE.jar:4.3.5.RELEASE]
	at org.springframework.cglib.core.AbstractClassGenerator$ClassLoaderData$3.apply(AbstractClassGenerator.java:91) ~[spring-core-4.3.5.RELEASE.jar:4.3.5.RELEASE]
	at org.springframework.cglib.core.internal.LoadingCache$2.call(LoadingCache.java:54) ~[spring-core-4.3.5.RELEASE.jar:4.3.5.RELEASE]
	at java.util.concurrent.FutureTask.run(FutureTask.java:266) ~[na:1.8.0_161]
	at org.springframework.cglib.core.internal.LoadingCache.createEntry(LoadingCache.java:61) ~[spring-core-4.3.5.RELEASE.jar:4.3.5.RELEASE]
	at org.springframework.cglib.core.internal.LoadingCache.get(LoadingCache.java:34) ~[spring-core-4.3.5.RELEASE.jar:4.3.5.RELEASE]
	at org.springframework.cglib.core.AbstractClassGenerator$ClassLoaderData.get(AbstractClassGenerator.java:116) ~[spring-core-4.3.5.RELEASE.jar:4.3.5.RELEASE]
	at org.springframework.cglib.core.AbstractClassGenerator.create(AbstractClassGenerator.java:291) ~[spring-core-4.3.5.RELEASE.jar:4.3.5.RELEASE]
	at org.springframework.cglib.proxy.Enhancer.createHelper(Enhancer.java:480) ~[spring-core-4.3.5.RELEASE.jar:4.3.5.RELEASE]
	at org.springframework.cglib.proxy.Enhancer.createClass(Enhancer.java:337) ~[spring-core-4.3.5.RELEASE.jar:4.3.5.RELEASE]
	at org.springframework.aop.framework.ObjenesisCglibAopProxy.createProxyClassAndInstance(ObjenesisCglibAopProxy.java:55) ~[spring-aop-4.3.5.RELEASE.jar:4.3.5.RELEASE]
	at org.springframework.aop.framework.CglibAopProxy.getProxy(CglibAopProxy.java:203) ~[spring-aop-4.3.5.RELEASE.jar:4.3.5.RELEASE]
	... 47 common frames omitted
Caused by: org.springframework.expression.spel.SpelParseException: Expression [new val] @7: EL1050E: The arguments (...) for the constructor call are missing
	at org.springframework.expression.spel.standard.InternalSpelExpressionParser.eatConstructorArgs(InternalSpelExpressionParser.java:450) ~[spring-expression-4.3.5.RELEASE.jar:4.3.5.RELEASE]
	at org.springframework.expression.spel.standard.InternalSpelExpressionParser.maybeEatConstructorReference(InternalSpelExpressionParser.java:799) ~[spring-expression-4.3.5.RELEASE.jar:4.3.5.RELEASE]
	at org.springframework.expression.spel.standard.InternalSpelExpressionParser.eatStartNode(InternalSpelExpressionParser.java:507) ~[spring-expression-4.3.5.RELEASE.jar:4.3.5.RELEASE]
	at org.springframework.expression.spel.standard.InternalSpelExpressionParser.eatPrimaryExpression(InternalSpelExpressionParser.java:343) ~[spring-expression-4.3.5.RELEASE.jar:4.3.5.RELEASE]
	at org.springframework.expression.spel.standard.InternalSpelExpressionParser.eatUnaryExpression(InternalSpelExpressionParser.java:337) ~[spring-expression-4.3.5.RELEASE.jar:4.3.5.RELEASE]
	at org.springframework.expression.spel.standard.InternalSpelExpressionParser.eatPowerIncDecExpression(InternalSpelExpressionParser.java:293) ~[spring-expression-4.3.5.RELEASE.jar:4.3.5.RELEASE]
	at org.springframework.expression.spel.standard.InternalSpelExpressionParser.eatProductExpression(InternalSpelExpressionParser.java:272) ~[spring-expression-4.3.5.RELEASE.jar:4.3.5.RELEASE]
	at org.springframework.expression.spel.standard.InternalSpelExpressionParser.eatSumExpression(InternalSpelExpressionParser.java:255) ~[spring-expression-4.3.5.RELEASE.jar:4.3.5.RELEASE]
	at org.springframework.expression.spel.standard.InternalSpelExpressionParser.eatRelationalExpression(InternalSpelExpressionParser.java:210) ~[spring-expression-4.3.5.RELEASE.jar:4.3.5.RELEASE]
	at org.springframework.expression.spel.standard.InternalSpelExpressionParser.eatLogicalAndExpression(InternalSpelExpressionParser.java:198) ~[spring-expression-4.3.5.RELEASE.jar:4.3.5.RELEASE]
	at org.springframework.expression.spel.standard.InternalSpelExpressionParser.eatLogicalOrExpression(InternalSpelExpressionParser.java:186) ~[spring-expression-4.3.5.RELEASE.jar:4.3.5.RELEASE]
	at org.springframework.expression.spel.standard.InternalSpelExpressionParser.eatExpression(InternalSpelExpressionParser.java:146) ~[spring-expression-4.3.5.RELEASE.jar:4.3.5.RELEASE]
	at org.springframework.expression.spel.standard.InternalSpelExpressionParser.doParseExpression(InternalSpelExpressionParser.java:127) ~[spring-expression-4.3.5.RELEASE.jar:4.3.5.RELEASE]
	at org.springframework.expression.spel.standard.SpelExpressionParser.doParseExpression(SpelExpressionParser.java:60) ~[spring-expression-4.3.5.RELEASE.jar:4.3.5.RELEASE]
	at org.springframework.expression.spel.standard.SpelExpressionParser.doParseExpression(SpelExpressionParser.java:32) ~[spring-expression-4.3.5.RELEASE.jar:4.3.5.RELEASE]
	at org.springframework.expression.common.TemplateAwareExpressionParser.parseExpression(TemplateAwareExpressionParser.java:76) ~[spring-expression-4.3.5.RELEASE.jar:4.3.5.RELEASE]
	at org.springframework.expression.common.TemplateAwareExpressionParser.parseExpression(TemplateAwareExpressionParser.java:62) ~[spring-expression-4.3.5.RELEASE.jar:4.3.5.RELEASE]
	at org.springframework.security.access.expression.method.ExpressionBasedAnnotationAttributeFactory.createPreInvocationAttribute(ExpressionBasedAnnotationAttributeFactory.java:51) ~[spring-security-core-4.2.2.RELEASE.jar:4.2.2.RELEASE]
	... 73 common frames omitted
]]></system-out>
  </testcase>
  <testcase name="testOfficeVisitAPI" classname="edu.ncsu.csc.itrust2.apitest.APIOfficeVisitTest" time="0">
    <error message="Failed to load ApplicationContext" type="java.lang.IllegalStateException">java.lang.IllegalStateException: Failed to load ApplicationContext
Caused by: org.springframework.beans.factory.BeanCreationException: Error creating bean with name 'HCPController' defined in file [/var/lib/jenkins/workspace/itrust-test/iTrust2/target/classes/edu/ncsu/csc/itrust2/controllers/hcp/HCPController.class]: Initialization of bean failed; nested exception is org.springframework.aop.framework.AopConfigException: Could not generate CGLIB subclass of class [class edu.ncsu.csc.itrust2.controllers.hcp.HCPController]: Common causes of this problem include using a final class or a non-visible class; nested exception is java.lang.IllegalArgumentException: Failed to parse expression 'new val'
Caused by: org.springframework.aop.framework.AopConfigException: Could not generate CGLIB subclass of class [class edu.ncsu.csc.itrust2.controllers.hcp.HCPController]: Common causes of this problem include using a final class or a non-visible class; nested exception is java.lang.IllegalArgumentException: Failed to parse expression 'new val'
Caused by: java.lang.IllegalArgumentException: Failed to parse expression 'new val'
Caused by: org.springframework.expression.spel.SpelParseException: Expression [new val] @7: EL1050E: The arguments (...) for the constructor call are missing
</error>
    <system-out><![CDATA[06:28:14.935 [main] DEBUG o.s.t.annotation.ProfileValueUtils - Retrieved @ProfileValueSourceConfiguration [null] for test class [edu.ncsu.csc.itrust2.apitest.APIOfficeVisitTest]
06:28:14.935 [main] DEBUG o.s.t.annotation.ProfileValueUtils - Retrieved ProfileValueSource type [class org.springframework.test.annotation.SystemProfileValueSource] for class [edu.ncsu.csc.itrust2.apitest.APIOfficeVisitTest]
06:28:14.935 [main] DEBUG o.s.t.c.s.AbstractDelegatingSmartContextLoader - Delegating to AnnotationConfigWebContextLoader to load context from [WebMergedContextConfiguration@89a6a3b testClass = APIOfficeVisitTest, locations = '{}', classes = '{class edu.ncsu.csc.itrust2.config.RootConfiguration, class edu.ncsu.csc.itrust2.mvc.config.WebMvcConfiguration}', contextInitializerClasses = '[]', activeProfiles = '{}', propertySourceLocations = '{}', propertySourceProperties = '{}', contextCustomizers = set[[empty]], resourceBasePath = 'src/main/webapp', contextLoader = 'org.springframework.test.context.web.WebDelegatingSmartContextLoader', parent = [null]].
06:28:14.936 [main] DEBUG o.s.t.c.w.AbstractGenericWebContextLoader - Loading WebApplicationContext for merged context configuration [WebMergedContextConfiguration@89a6a3b testClass = APIOfficeVisitTest, locations = '{}', classes = '{class edu.ncsu.csc.itrust2.config.RootConfiguration, class edu.ncsu.csc.itrust2.mvc.config.WebMvcConfiguration}', contextInitializerClasses = '[]', activeProfiles = '{}', propertySourceLocations = '{}', propertySourceProperties = '{}', contextCustomizers = set[[empty]], resourceBasePath = 'src/main/webapp', contextLoader = 'org.springframework.test.context.web.WebDelegatingSmartContextLoader', parent = [null]].
06:28:14.936 [main] DEBUG o.s.w.c.s.StandardServletEnvironment - Adding [servletConfigInitParams] PropertySource with lowest search precedence
06:28:14.936 [main] DEBUG o.s.w.c.s.StandardServletEnvironment - Adding [servletContextInitParams] PropertySource with lowest search precedence
06:28:14.936 [main] DEBUG o.s.w.c.s.StandardServletEnvironment - Adding [systemProperties] PropertySource with lowest search precedence
06:28:14.936 [main] DEBUG o.s.w.c.s.StandardServletEnvironment - Adding [systemEnvironment] PropertySource with lowest search precedence
06:28:14.936 [main] DEBUG o.s.w.c.s.StandardServletEnvironment - Initialized StandardServletEnvironment with PropertySources [servletConfigInitParams,servletContextInitParams,systemProperties,systemEnvironment]
06:28:14.936 [main] DEBUG o.s.t.c.w.AnnotationConfigWebContextLoader - Registering annotated classes: {class edu.ncsu.csc.itrust2.config.RootConfiguration, class edu.ncsu.csc.itrust2.mvc.config.WebMvcConfiguration}
06:28:14.938 [main] INFO  o.s.w.c.s.GenericWebApplicationContext - Refreshing org.springframework.web.context.support.GenericWebApplicationContext@34b9cc2a: startup date [Thu Mar 22 06:28:14 UTC 2018]; root of context hierarchy
06:28:14.938 [main] DEBUG o.s.w.c.s.StandardServletEnvironment - Replacing [servletContextInitParams] PropertySource with [servletContextInitParams]
06:28:14.938 [main] DEBUG o.s.w.c.s.GenericWebApplicationContext - Bean factory for org.springframework.web.context.support.GenericWebApplicationContext@34b9cc2a: org.springframework.beans.factory.support.DefaultListableBeanFactory@1d4ba593: defining beans [org.springframework.context.annotation.internalConfigurationAnnotationProcessor,org.springframework.context.annotation.internalAutowiredAnnotationProcessor,org.springframework.context.annotation.internalRequiredAnnotationProcessor,org.springframework.context.annotation.internalCommonAnnotationProcessor,org.springframework.context.annotation.internalPersistenceAnnotationProcessor,org.springframework.context.event.internalEventListenerProcessor,org.springframework.context.event.internalEventListenerFactory,rootConfiguration,webMvcConfiguration]; root of factory hierarchy
06:28:14.938 [main] DEBUG o.s.b.f.s.DefaultListableBeanFactory - Registering scope 'request' with implementation [org.springframework.web.context.request.RequestScope@56ca6e0a]
06:28:14.938 [main] DEBUG o.s.b.f.s.DefaultListableBeanFactory - Registering scope 'session' with implementation [org.springframework.web.context.request.SessionScope@2ce82065]
06:28:14.938 [main] DEBUG o.s.b.f.s.DefaultListableBeanFactory - Registering scope 'globalSession' with implementation [org.springframework.web.context.request.SessionScope@6c4f6f56]
06:28:14.938 [main] DEBUG o.s.b.f.s.DefaultListableBeanFactory - Registering scope 'application' with implementation [org.springframework.web.context.support.ServletContextScope@f50a9c3]
06:28:14.938 [main] DEBUG o.s.b.f.s.DefaultListableBeanFactory - Creating shared instance of singleton bean 'org.springframework.context.annotation.internalConfigurationAnnotationProcessor'
06:28:14.938 [main] DEBUG o.s.b.f.s.DefaultListableBeanFactory - Creating instance of bean 'org.springframework.context.annotation.internalConfigurationAnnotationProcessor'
06:28:14.938 [main] DEBUG o.s.b.f.s.DefaultListableBeanFactory - Eagerly caching bean 'org.springframework.context.annotation.internalConfigurationAnnotationProcessor' to allow for resolving potential circular references
06:28:14.938 [main] DEBUG o.s.b.f.s.DefaultListableBeanFactory - Finished creating instance of bean 'org.springframework.context.annotation.internalConfigurationAnnotationProcessor'
06:28:14.939 [main] DEBUG o.s.core.env.StandardEnvironment - Adding [systemProperties] PropertySource with lowest search precedence
06:28:14.939 [main] DEBUG o.s.core.env.StandardEnvironment - Adding [systemEnvironment] PropertySource with lowest search precedence
06:28:14.939 [main] DEBUG o.s.core.env.StandardEnvironment - Initialized StandardEnvironment with PropertySources [systemProperties,systemEnvironment]
06:28:14.940 [main] DEBUG o.s.c.i.s.PathMatchingResourcePatternResolver - Resolved classpath location [edu/ncsu/csc/itrust2/config/] to resources [URL [file:/var/lib/jenkins/workspace/itrust-test/iTrust2/target/classes/edu/ncsu/csc/itrust2/config/]]
06:28:14.940 [main] DEBUG o.s.c.i.s.PathMatchingResourcePatternResolver - Looking for matching resources in directory tree [/var/lib/jenkins/workspace/itrust-test/iTrust2/target/classes/edu/ncsu/csc/itrust2/config]
06:28:14.940 [main] DEBUG o.s.c.i.s.PathMatchingResourcePatternResolver - Searching directory [/var/lib/jenkins/workspace/itrust-test/iTrust2/target/classes/edu/ncsu/csc/itrust2/config] for files matching pattern [/var/lib/jenkins/workspace/itrust-test/iTrust2/target/classes/edu/ncsu/csc/itrust2/config/**/*.class]
06:28:14.941 [main] DEBUG o.s.c.i.s.PathMatchingResourcePatternResolver - Resolved location pattern [classpath*:edu/ncsu/csc/itrust2/config/**/*.class] to resources [file [/var/lib/jenkins/workspace/itrust-test/iTrust2/target/classes/edu/ncsu/csc/itrust2/config/ContextListener.class], file [/var/lib/jenkins/workspace/itrust-test/iTrust2/target/classes/edu/ncsu/csc/itrust2/config/DataConfiguration.class], file [/var/lib/jenkins/workspace/itrust-test/iTrust2/target/classes/edu/ncsu/csc/itrust2/config/FailureHandler.class], file [/var/lib/jenkins/workspace/itrust-test/iTrust2/target/classes/edu/ncsu/csc/itrust2/config/IPFilter.class], file [/var/lib/jenkins/workspace/itrust-test/iTrust2/target/classes/edu/ncsu/csc/itrust2/config/ITrust2ApplicationInitializer.class], file [/var/lib/jenkins/workspace/itrust-test/iTrust2/target/classes/edu/ncsu/csc/itrust2/config/ITrust2WebApplicationInitializer.class], file [/var/lib/jenkins/workspace/itrust-test/iTrust2/target/classes/edu/ncsu/csc/itrust2/config/LoginAuditingListener.class], file [/var/lib/jenkins/workspace/itrust-test/iTrust2/target/classes/edu/ncsu/csc/itrust2/config/RootConfiguration.class], file [/var/lib/jenkins/workspace/itrust-test/iTrust2/target/classes/edu/ncsu/csc/itrust2/config/SecurityConfig.class]]
06:28:14.941 [main] DEBUG o.s.c.a.ClassPathBeanDefinitionScanner - Identified candidate component class: file [/var/lib/jenkins/workspace/itrust-test/iTrust2/target/classes/edu/ncsu/csc/itrust2/config/DataConfiguration.class]
06:28:14.942 [main] DEBUG o.s.c.a.ClassPathBeanDefinitionScanner - Identified candidate component class: file [/var/lib/jenkins/workspace/itrust-test/iTrust2/target/classes/edu/ncsu/csc/itrust2/config/LoginAuditingListener.class]
06:28:14.942 [main] DEBUG o.s.c.a.ClassPathBeanDefinitionScanner - Identified candidate component class: file [/var/lib/jenkins/workspace/itrust-test/iTrust2/target/classes/edu/ncsu/csc/itrust2/config/SecurityConfig.class]
06:28:14.951 [main] DEBUG o.s.core.env.StandardEnvironment - Adding [systemProperties] PropertySource with lowest search precedence
06:28:14.951 [main] DEBUG o.s.core.env.StandardEnvironment - Adding [systemEnvironment] PropertySource with lowest search precedence
06:28:14.951 [main] DEBUG o.s.core.env.StandardEnvironment - Initialized StandardEnvironment with PropertySources [systemProperties,systemEnvironment]
06:28:14.952 [main] DEBUG o.s.c.i.s.PathMatchingResourcePatternResolver - Resolved classpath location [edu/ncsu/csc/itrust2/controllers/] to resources [URL [file:/var/lib/jenkins/workspace/itrust-test/iTrust2/target/classes/edu/ncsu/csc/itrust2/controllers/]]
06:28:14.952 [main] DEBUG o.s.c.i.s.PathMatchingResourcePatternResolver - Looking for matching resources in directory tree [/var/lib/jenkins/workspace/itrust-test/iTrust2/target/classes/edu/ncsu/csc/itrust2/controllers]
06:28:14.952 [main] DEBUG o.s.c.i.s.PathMatchingResourcePatternResolver - Searching directory [/var/lib/jenkins/workspace/itrust-test/iTrust2/target/classes/edu/ncsu/csc/itrust2/controllers] for files matching pattern [/var/lib/jenkins/workspace/itrust-test/iTrust2/target/classes/edu/ncsu/csc/itrust2/controllers/**/*.class]
06:28:14.953 [main] DEBUG o.s.c.i.s.PathMatchingResourcePatternResolver - Searching directory [/var/lib/jenkins/workspace/itrust-test/iTrust2/target/classes/edu/ncsu/csc/itrust2/controllers/admin] for files matching pattern [/var/lib/jenkins/workspace/itrust-test/iTrust2/target/classes/edu/ncsu/csc/itrust2/controllers/**/*.class]
06:28:14.953 [main] DEBUG o.s.c.i.s.PathMatchingResourcePatternResolver - Searching directory [/var/lib/jenkins/workspace/itrust-test/iTrust2/target/classes/edu/ncsu/csc/itrust2/controllers/api] for files matching pattern [/var/lib/jenkins/workspace/itrust-test/iTrust2/target/classes/edu/ncsu/csc/itrust2/controllers/**/*.class]
06:28:14.953 [main] DEBUG o.s.c.i.s.PathMatchingResourcePatternResolver - Searching directory [/var/lib/jenkins/workspace/itrust-test/iTrust2/target/classes/edu/ncsu/csc/itrust2/controllers/api/comm] for files matching pattern [/var/lib/jenkins/workspace/itrust-test/iTrust2/target/classes/edu/ncsu/csc/itrust2/controllers/**/*.class]
06:28:14.953 [main] DEBUG o.s.c.i.s.PathMatchingResourcePatternResolver - Searching directory [/var/lib/jenkins/workspace/itrust-test/iTrust2/target/classes/edu/ncsu/csc/itrust2/controllers/hcp] for files matching pattern [/var/lib/jenkins/workspace/itrust-test/iTrust2/target/classes/edu/ncsu/csc/itrust2/controllers/**/*.class]
06:28:14.953 [main] DEBUG o.s.c.i.s.PathMatchingResourcePatternResolver - Searching directory [/var/lib/jenkins/workspace/itrust-test/iTrust2/target/classes/edu/ncsu/csc/itrust2/controllers/patient] for files matching pattern [/var/lib/jenkins/workspace/itrust-test/iTrust2/target/classes/edu/ncsu/csc/itrust2/controllers/**/*.class]
06:28:14.953 [main] DEBUG o.s.c.i.s.PathMatchingResourcePatternResolver - Searching directory [/var/lib/jenkins/workspace/itrust-test/iTrust2/target/classes/edu/ncsu/csc/itrust2/controllers/personnel] for files matching pattern [/var/lib/jenkins/workspace/itrust-test/iTrust2/target/classes/edu/ncsu/csc/itrust2/controllers/**/*.class]
06:28:14.954 [main] DEBUG o.s.c.i.s.PathMatchingResourcePatternResolver - Resolved location pattern [classpath*:edu/ncsu/csc/itrust2/controllers/**/*.class] to resources [file [/var/lib/jenkins/workspace/itrust-test/iTrust2/target/classes/edu/ncsu/csc/itrust2/controllers/DefaultController.class], file [/var/lib/jenkins/workspace/itrust-test/iTrust2/target/classes/edu/ncsu/csc/itrust2/controllers/admin/AdminController.class], file [/var/lib/jenkins/workspace/itrust-test/iTrust2/target/classes/edu/ncsu/csc/itrust2/controllers/admin/AdminUserController$1.class], file [/var/lib/jenkins/workspace/itrust-test/iTrust2/target/classes/edu/ncsu/csc/itrust2/controllers/admin/AdminUserController.class], file [/var/lib/jenkins/workspace/itrust-test/iTrust2/target/classes/edu/ncsu/csc/itrust2/controllers/admin/HospitalController.class], file [/var/lib/jenkins/workspace/itrust-test/iTrust2/target/classes/edu/ncsu/csc/itrust2/controllers/admin/ICDCodesController.class], file [/var/lib/jenkins/workspace/itrust-test/iTrust2/target/classes/edu/ncsu/csc/itrust2/controllers/api/APIAppointmentRequestController.class], file [/var/lib/jenkins/workspace/itrust-test/iTrust2/target/classes/edu/ncsu/csc/itrust2/controllers/api/APIController$JSONResponse.class], file [/var/lib/jenkins/workspace/itrust-test/iTrust2/target/classes/edu/ncsu/csc/itrust2/controllers/api/APIController.class], file [/var/lib/jenkins/workspace/itrust-test/iTrust2/target/classes/edu/ncsu/csc/itrust2/controllers/api/APIDiagnosisController.class], file [/var/lib/jenkins/workspace/itrust-test/iTrust2/target/classes/edu/ncsu/csc/itrust2/controllers/api/APIDrugController.class], file [/var/lib/jenkins/workspace/itrust-test/iTrust2/target/classes/edu/ncsu/csc/itrust2/controllers/api/APIEnumController.class], file [/var/lib/jenkins/workspace/itrust-test/iTrust2/target/classes/edu/ncsu/csc/itrust2/controllers/api/APIHospitalController.class], file [/var/lib/jenkins/workspace/itrust-test/iTrust2/target/classes/edu/ncsu/csc/itrust2/controllers/api/APIICDCodeController.class], file [/var/lib/jenkins/workspace/itrust-test/iTrust2/target/classes/edu/ncsu/csc/itrust2/controllers/api/APILogEntryController.class], file [/var/lib/jenkins/workspace/itrust-test/iTrust2/target/classes/edu/ncsu/csc/itrust2/controllers/api/APIOfficeVisitController.class], file [/var/lib/jenkins/workspace/itrust-test/iTrust2/target/classes/edu/ncsu/csc/itrust2/controllers/api/APIPasswordController.class], file [/var/lib/jenkins/workspace/itrust-test/iTrust2/target/classes/edu/ncsu/csc/itrust2/controllers/api/APIPatientController.class], file [/var/lib/jenkins/workspace/itrust-test/iTrust2/target/classes/edu/ncsu/csc/itrust2/controllers/api/APIPersonnelController.class], file [/var/lib/jenkins/workspace/itrust-test/iTrust2/target/classes/edu/ncsu/csc/itrust2/controllers/api/APIPrescriptionController.class], file [/var/lib/jenkins/workspace/itrust-test/iTrust2/target/classes/edu/ncsu/csc/itrust2/controllers/api/APIUserController.class], file [/var/lib/jenkins/workspace/itrust-test/iTrust2/target/classes/edu/ncsu/csc/itrust2/controllers/api/comm/LogEntryRequestBody.class], file [/var/lib/jenkins/workspace/itrust-test/iTrust2/target/classes/edu/ncsu/csc/itrust2/controllers/api/comm/LogEntryTableRow.class], file [/var/lib/jenkins/workspace/itrust-test/iTrust2/target/classes/edu/ncsu/csc/itrust2/controllers/hcp/AppointmentControllerHCP.class], file [/var/lib/jenkins/workspace/itrust-test/iTrust2/target/classes/edu/ncsu/csc/itrust2/controllers/hcp/HCPController.class], file [/var/lib/jenkins/workspace/itrust-test/iTrust2/target/classes/edu/ncsu/csc/itrust2/controllers/hcp/OfficeVisitController.class], file [/var/lib/jenkins/workspace/itrust-test/iTrust2/target/classes/edu/ncsu/csc/itrust2/controllers/patient/AppointmentController.class], file [/var/lib/jenkins/workspace/itrust-test/iTrust2/target/classes/edu/ncsu/csc/itrust2/controllers/patient/DiagnosesController.class], file [/var/lib/jenkins/workspace/itrust-test/iTrust2/target/classes/edu/ncsu/csc/itrust2/controllers/patient/PatientController.class], file [/var/lib/jenkins/workspace/itrust-test/iTrust2/target/classes/edu/ncsu/csc/itrust2/controllers/personnel/PasswordController.class], file [/var/lib/jenkins/workspace/itrust-test/iTrust2/target/classes/edu/ncsu/csc/itrust2/controllers/personnel/UserController.class]]
06:28:14.954 [main] DEBUG o.s.c.a.ClassPathBeanDefinitionScanner - Identified candidate component class: file [/var/lib/jenkins/workspace/itrust-test/iTrust2/target/classes/edu/ncsu/csc/itrust2/controllers/DefaultController.class]
06:28:14.954 [main] DEBUG o.s.c.a.ClassPathBeanDefinitionScanner - Identified candidate component class: file [/var/lib/jenkins/workspace/itrust-test/iTrust2/target/classes/edu/ncsu/csc/itrust2/controllers/admin/AdminController.class]
06:28:14.954 [main] DEBUG o.s.c.a.ClassPathBeanDefinitionScanner - Identified candidate component class: file [/var/lib/jenkins/workspace/itrust-test/iTrust2/target/classes/edu/ncsu/csc/itrust2/controllers/admin/AdminUserController.class]
06:28:14.955 [main] DEBUG o.s.c.a.ClassPathBeanDefinitionScanner - Identified candidate component class: file [/var/lib/jenkins/workspace/itrust-test/iTrust2/target/classes/edu/ncsu/csc/itrust2/controllers/admin/HospitalController.class]
06:28:14.955 [main] DEBUG o.s.c.a.ClassPathBeanDefinitionScanner - Identified candidate component class: file [/var/lib/jenkins/workspace/itrust-test/iTrust2/target/classes/edu/ncsu/csc/itrust2/controllers/admin/ICDCodesController.class]
06:28:14.955 [main] DEBUG o.s.c.a.ClassPathBeanDefinitionScanner - Identified candidate component class: file [/var/lib/jenkins/workspace/itrust-test/iTrust2/target/classes/edu/ncsu/csc/itrust2/controllers/api/APIAppointmentRequestController.class]
06:28:14.955 [main] DEBUG o.s.c.a.ClassPathBeanDefinitionScanner - Identified candidate component class: file [/var/lib/jenkins/workspace/itrust-test/iTrust2/target/classes/edu/ncsu/csc/itrust2/controllers/api/APIDiagnosisController.class]
06:28:14.956 [main] DEBUG o.s.c.a.ClassPathBeanDefinitionScanner - Identified candidate component class: file [/var/lib/jenkins/workspace/itrust-test/iTrust2/target/classes/edu/ncsu/csc/itrust2/controllers/api/APIDrugController.class]
06:28:14.956 [main] DEBUG o.s.c.a.ClassPathBeanDefinitionScanner - Identified candidate component class: file [/var/lib/jenkins/workspace/itrust-test/iTrust2/target/classes/edu/ncsu/csc/itrust2/controllers/api/APIEnumController.class]
06:28:14.957 [main] DEBUG o.s.c.a.ClassPathBeanDefinitionScanner - Identified candidate component class: file [/var/lib/jenkins/workspace/itrust-test/iTrust2/target/classes/edu/ncsu/csc/itrust2/controllers/api/APIHospitalController.class]
06:28:14.957 [main] DEBUG o.s.c.a.ClassPathBeanDefinitionScanner - Identified candidate component class: file [/var/lib/jenkins/workspace/itrust-test/iTrust2/target/classes/edu/ncsu/csc/itrust2/controllers/api/APIICDCodeController.class]
06:28:14.958 [main] DEBUG o.s.c.a.ClassPathBeanDefinitionScanner - Identified candidate component class: file [/var/lib/jenkins/workspace/itrust-test/iTrust2/target/classes/edu/ncsu/csc/itrust2/controllers/api/APILogEntryController.class]
06:28:14.959 [main] DEBUG o.s.c.a.ClassPathBeanDefinitionScanner - Identified candidate component class: file [/var/lib/jenkins/workspace/itrust-test/iTrust2/target/classes/edu/ncsu/csc/itrust2/controllers/api/APIOfficeVisitController.class]
06:28:14.959 [main] DEBUG o.s.c.a.ClassPathBeanDefinitionScanner - Identified candidate component class: file [/var/lib/jenkins/workspace/itrust-test/iTrust2/target/classes/edu/ncsu/csc/itrust2/controllers/api/APIPasswordController.class]
06:28:14.960 [main] DEBUG o.s.c.a.ClassPathBeanDefinitionScanner - Identified candidate component class: file [/var/lib/jenkins/workspace/itrust-test/iTrust2/target/classes/edu/ncsu/csc/itrust2/controllers/api/APIPatientController.class]
06:28:14.960 [main] DEBUG o.s.c.a.ClassPathBeanDefinitionScanner - Identified candidate component class: file [/var/lib/jenkins/workspace/itrust-test/iTrust2/target/classes/edu/ncsu/csc/itrust2/controllers/api/APIPersonnelController.class]
06:28:14.961 [main] DEBUG o.s.c.a.ClassPathBeanDefinitionScanner - Identified candidate component class: file [/var/lib/jenkins/workspace/itrust-test/iTrust2/target/classes/edu/ncsu/csc/itrust2/controllers/api/APIPrescriptionController.class]
06:28:14.961 [main] DEBUG o.s.c.a.ClassPathBeanDefinitionScanner - Identified candidate component class: file [/var/lib/jenkins/workspace/itrust-test/iTrust2/target/classes/edu/ncsu/csc/itrust2/controllers/api/APIUserController.class]
06:28:14.962 [main] DEBUG o.s.c.a.ClassPathBeanDefinitionScanner - Identified candidate component class: file [/var/lib/jenkins/workspace/itrust-test/iTrust2/target/classes/edu/ncsu/csc/itrust2/controllers/hcp/AppointmentControllerHCP.class]
06:28:14.962 [main] DEBUG o.s.c.a.ClassPathBeanDefinitionScanner - Identified candidate component class: file [/var/lib/jenkins/workspace/itrust-test/iTrust2/target/classes/edu/ncsu/csc/itrust2/controllers/hcp/HCPController.class]
06:28:14.963 [main] DEBUG o.s.c.a.ClassPathBeanDefinitionScanner - Identified candidate component class: file [/var/lib/jenkins/workspace/itrust-test/iTrust2/target/classes/edu/ncsu/csc/itrust2/controllers/hcp/OfficeVisitController.class]
06:28:14.963 [main] DEBUG o.s.c.a.ClassPathBeanDefinitionScanner - Identified candidate component class: file [/var/lib/jenkins/workspace/itrust-test/iTrust2/target/classes/edu/ncsu/csc/itrust2/controllers/patient/AppointmentController.class]
06:28:14.963 [main] DEBUG o.s.c.a.ClassPathBeanDefinitionScanner - Identified candidate component class: file [/var/lib/jenkins/workspace/itrust-test/iTrust2/target/classes/edu/ncsu/csc/itrust2/controllers/patient/DiagnosesController.class]
06:28:14.964 [main] DEBUG o.s.c.a.ClassPathBeanDefinitionScanner - Identified candidate component class: file [/var/lib/jenkins/workspace/itrust-test/iTrust2/target/classes/edu/ncsu/csc/itrust2/controllers/patient/PatientController.class]
06:28:14.964 [main] DEBUG o.s.c.a.ClassPathBeanDefinitionScanner - Identified candidate component class: file [/var/lib/jenkins/workspace/itrust-test/iTrust2/target/classes/edu/ncsu/csc/itrust2/controllers/personnel/PasswordController.class]
06:28:14.964 [main] DEBUG o.s.c.a.ClassPathBeanDefinitionScanner - Identified candidate component class: file [/var/lib/jenkins/workspace/itrust-test/iTrust2/target/classes/edu/ncsu/csc/itrust2/controllers/personnel/UserController.class]
06:28:14.965 [main] DEBUG o.s.c.i.s.PathMatchingResourcePatternResolver - Resolved classpath location [edu/ncsu/csc/itrust2/config/] to resources [URL [file:/var/lib/jenkins/workspace/itrust-test/iTrust2/target/classes/edu/ncsu/csc/itrust2/config/]]
06:28:14.965 [main] DEBUG o.s.c.i.s.PathMatchingResourcePatternResolver - Looking for matching resources in directory tree [/var/lib/jenkins/workspace/itrust-test/iTrust2/target/classes/edu/ncsu/csc/itrust2/config]
06:28:14.965 [main] DEBUG o.s.c.i.s.PathMatchingResourcePatternResolver - Searching directory [/var/lib/jenkins/workspace/itrust-test/iTrust2/target/classes/edu/ncsu/csc/itrust2/config] for files matching pattern [/var/lib/jenkins/workspace/itrust-test/iTrust2/target/classes/edu/ncsu/csc/itrust2/config/**/*.class]
06:28:14.965 [main] DEBUG o.s.c.i.s.PathMatchingResourcePatternResolver - Resolved location pattern [classpath*:edu/ncsu/csc/itrust2/config/**/*.class] to resources [file [/var/lib/jenkins/workspace/itrust-test/iTrust2/target/classes/edu/ncsu/csc/itrust2/config/ContextListener.class], file [/var/lib/jenkins/workspace/itrust-test/iTrust2/target/classes/edu/ncsu/csc/itrust2/config/DataConfiguration.class], file [/var/lib/jenkins/workspace/itrust-test/iTrust2/target/classes/edu/ncsu/csc/itrust2/config/FailureHandler.class], file [/var/lib/jenkins/workspace/itrust-test/iTrust2/target/classes/edu/ncsu/csc/itrust2/config/IPFilter.class], file [/var/lib/jenkins/workspace/itrust-test/iTrust2/target/classes/edu/ncsu/csc/itrust2/config/ITrust2ApplicationInitializer.class], file [/var/lib/jenkins/workspace/itrust-test/iTrust2/target/classes/edu/ncsu/csc/itrust2/config/ITrust2WebApplicationInitializer.class], file [/var/lib/jenkins/workspace/itrust-test/iTrust2/target/classes/edu/ncsu/csc/itrust2/config/LoginAuditingListener.class], file [/var/lib/jenkins/workspace/itrust-test/iTrust2/target/classes/edu/ncsu/csc/itrust2/config/RootConfiguration.class], file [/var/lib/jenkins/workspace/itrust-test/iTrust2/target/classes/edu/ncsu/csc/itrust2/config/SecurityConfig.class]]
06:28:14.965 [main] DEBUG o.s.c.a.ClassPathBeanDefinitionScanner - Identified candidate component class: file [/var/lib/jenkins/workspace/itrust-test/iTrust2/target/classes/edu/ncsu/csc/itrust2/config/DataConfiguration.class]
06:28:14.966 [main] DEBUG o.s.c.a.ClassPathBeanDefinitionScanner - Identified candidate component class: file [/var/lib/jenkins/workspace/itrust-test/iTrust2/target/classes/edu/ncsu/csc/itrust2/config/LoginAuditingListener.class]
06:28:14.966 [main] DEBUG o.s.c.a.ClassPathBeanDefinitionScanner - Identified candidate component class: file [/var/lib/jenkins/workspace/itrust-test/iTrust2/target/classes/edu/ncsu/csc/itrust2/config/RootConfiguration.class]
06:28:14.966 [main] DEBUG o.s.c.a.ClassPathBeanDefinitionScanner - Identified candidate component class: file [/var/lib/jenkins/workspace/itrust-test/iTrust2/target/classes/edu/ncsu/csc/itrust2/config/SecurityConfig.class]
06:28:14.988 [main] DEBUG o.s.c.a.ConfigurationClassBeanDefinitionReader - Registering bean definition for @Bean method edu.ncsu.csc.itrust2.config.DataConfiguration.dataSource()
06:28:14.988 [main] DEBUG o.s.c.a.ConfigurationClassBeanDefinitionReader - Registered bean definition for imported class 'org.springframework.security.config.annotation.configuration.ObjectPostProcessorConfiguration'
06:28:14.988 [main] DEBUG o.s.c.a.ConfigurationClassBeanDefinitionReader - Registering bean definition for @Bean method org.springframework.security.config.annotation.configuration.ObjectPostProcessorConfiguration.objectPostProcessor()
06:28:14.988 [main] DEBUG o.s.c.a.ConfigurationClassBeanDefinitionReader - Registered bean definition for imported class 'org.springframework.security.config.annotation.authentication.configuration.AuthenticationConfiguration'
06:28:14.988 [main] DEBUG o.s.c.a.ConfigurationClassBeanDefinitionReader - Registering bean definition for @Bean method org.springframework.security.config.annotation.authentication.configuration.AuthenticationConfiguration.authenticationManagerBuilder()
06:28:14.988 [main] DEBUG o.s.c.a.ConfigurationClassBeanDefinitionReader - Registering bean definition for @Bean method org.springframework.security.config.annotation.authentication.configuration.AuthenticationConfiguration.enableGlobalAuthenticationAutowiredConfigurer()
06:28:14.988 [main] DEBUG o.s.c.a.ConfigurationClassBeanDefinitionReader - Registering bean definition for @Bean method org.springframework.security.config.annotation.authentication.configuration.AuthenticationConfiguration.initializeUserDetailsBeanManagerConfigurer()
06:28:14.988 [main] DEBUG o.s.c.a.ConfigurationClassBeanDefinitionReader - Registering bean definition for @Bean method org.springframework.security.config.annotation.authentication.configuration.AuthenticationConfiguration.initializeAuthenticationProviderBeanManagerConfigurer()
06:28:14.988 [main] DEBUG o.s.c.a.ConfigurationClassBeanDefinitionReader - Registered bean definition for imported class 'org.springframework.security.config.annotation.web.configuration.WebSecurityConfiguration'
06:28:14.988 [main] DEBUG o.s.c.a.ConfigurationClassBeanDefinitionReader - Registering bean definition for @Bean method org.springframework.security.config.annotation.web.configuration.WebSecurityConfiguration.delegatingApplicationListener()
06:28:14.988 [main] DEBUG o.s.c.a.ConfigurationClassBeanDefinitionReader - Registering bean definition for @Bean method org.springframework.security.config.annotation.web.configuration.WebSecurityConfiguration.webSecurityExpressionHandler()
06:28:14.989 [main] DEBUG o.s.c.a.ConfigurationClassBeanDefinitionReader - Registering bean definition for @Bean method org.springframework.security.config.annotation.web.configuration.WebSecurityConfiguration.springSecurityFilterChain()
06:28:14.989 [main] DEBUG o.s.c.a.ConfigurationClassBeanDefinitionReader - Registering bean definition for @Bean method org.springframework.security.config.annotation.web.configuration.WebSecurityConfiguration.privilegeEvaluator()
06:28:14.989 [main] DEBUG o.s.c.a.ConfigurationClassBeanDefinitionReader - Registering bean definition for @Bean method org.springframework.security.config.annotation.web.configuration.WebSecurityConfiguration.autowiredWebSecurityConfigurersIgnoreParents()
06:28:14.989 [main] DEBUG o.s.c.a.ConfigurationClassBeanDefinitionReader - Registered bean definition for imported class 'org.springframework.security.config.annotation.web.configuration.WebMvcSecurityConfiguration'
06:28:14.989 [main] DEBUG o.s.c.a.ConfigurationClassBeanDefinitionReader - Registering bean definition for @Bean method org.springframework.security.config.annotation.web.configuration.WebMvcSecurityConfiguration.requestDataValueProcessor()
06:28:14.989 [main] DEBUG o.s.c.a.ConfigurationClassBeanDefinitionReader - Registering bean definition for @Bean method edu.ncsu.csc.itrust2.config.SecurityConfig.passwordEncoder()
06:28:14.989 [main] DEBUG o.s.c.a.ConfigurationClassBeanDefinitionReader - Registering bean definition for @Bean method edu.ncsu.csc.itrust2.config.SecurityConfig.defaultAuthenticationEventPublisher()
06:28:14.989 [main] DEBUG o.s.c.a.ConfigurationClassBeanDefinitionReader - Registering bean definition for @Bean method edu.ncsu.csc.itrust2.config.SecurityConfig.failureHandler()
06:28:14.989 [main] DEBUG o.s.c.a.ConfigurationClassBeanDefinitionReader - Registering bean definition for @Bean method edu.ncsu.csc.itrust2.config.SecurityConfig.ipBlockFilter()
06:28:14.989 [main] DEBUG o.s.c.a.ConfigurationClassBeanDefinitionReader - Registered bean definition for imported class 'org.springframework.web.servlet.config.annotation.DelegatingWebMvcConfiguration'
06:28:14.990 [main] DEBUG o.s.c.a.ConfigurationClassBeanDefinitionReader - Registering bean definition for @Bean method org.springframework.web.servlet.config.annotation.DelegatingWebMvcConfiguration.mvcConversionService()
06:28:14.990 [main] DEBUG o.s.c.a.ConfigurationClassBeanDefinitionReader - Registering bean definition for @Bean method org.springframework.web.servlet.config.annotation.DelegatingWebMvcConfiguration.mvcContentNegotiationManager()
06:28:14.990 [main] DEBUG o.s.c.a.ConfigurationClassBeanDefinitionReader - Registering bean definition for @Bean method org.springframework.web.servlet.config.annotation.DelegatingWebMvcConfiguration.viewControllerHandlerMapping()
06:28:14.990 [main] DEBUG o.s.c.a.ConfigurationClassBeanDefinitionReader - Registering bean definition for @Bean method org.springframework.web.servlet.config.annotation.DelegatingWebMvcConfiguration.beanNameHandlerMapping()
06:28:14.990 [main] DEBUG o.s.c.a.ConfigurationClassBeanDefinitionReader - Registering bean definition for @Bean method org.springframework.web.servlet.config.annotation.DelegatingWebMvcConfiguration.resourceHandlerMapping()
06:28:14.990 [main] DEBUG o.s.c.a.ConfigurationClassBeanDefinitionReader - Registering bean definition for @Bean method org.springframework.web.servlet.config.annotation.DelegatingWebMvcConfiguration.mvcResourceUrlProvider()
06:28:14.990 [main] DEBUG o.s.c.a.ConfigurationClassBeanDefinitionReader - Registering bean definition for @Bean method org.springframework.web.servlet.config.annotation.DelegatingWebMvcConfiguration.defaultServletHandlerMapping()
06:28:14.990 [main] DEBUG o.s.c.a.ConfigurationClassBeanDefinitionReader - Registering bean definition for @Bean method org.springframework.web.servlet.config.annotation.DelegatingWebMvcConfiguration.requestMappingHandlerAdapter()
06:28:14.990 [main] DEBUG o.s.c.a.ConfigurationClassBeanDefinitionReader - Registering bean definition for @Bean method org.springframework.web.servlet.config.annotation.DelegatingWebMvcConfiguration.mvcValidator()
06:28:14.990 [main] DEBUG o.s.c.a.ConfigurationClassBeanDefinitionReader - Registering bean definition for @Bean method org.springframework.web.servlet.config.annotation.DelegatingWebMvcConfiguration.mvcUriComponentsContributor()
06:28:14.990 [main] DEBUG o.s.c.a.ConfigurationClassBeanDefinitionReader - Registering bean definition for @Bean method org.springframework.web.servlet.config.annotation.DelegatingWebMvcConfiguration.httpRequestHandlerAdapter()
06:28:14.991 [main] DEBUG o.s.c.a.ConfigurationClassBeanDefinitionReader - Registering bean definition for @Bean method org.springframework.web.servlet.config.annotation.DelegatingWebMvcConfiguration.simpleControllerHandlerAdapter()
06:28:14.991 [main] DEBUG o.s.c.a.ConfigurationClassBeanDefinitionReader - Registering bean definition for @Bean method org.springframework.web.servlet.config.annotation.DelegatingWebMvcConfiguration.handlerExceptionResolver()
06:28:14.991 [main] DEBUG o.s.c.a.ConfigurationClassBeanDefinitionReader - Registering bean definition for @Bean method org.springframework.web.servlet.config.annotation.DelegatingWebMvcConfiguration.mvcViewResolver()
06:28:14.991 [main] DEBUG o.s.c.a.ConfigurationClassBeanDefinitionReader - Registering bean definition for @Bean method org.springframework.web.servlet.config.annotation.DelegatingWebMvcConfiguration.requestMappingHandlerMapping()
06:28:14.991 [main] DEBUG o.s.c.a.ConfigurationClassBeanDefinitionReader - Registering bean definition for @Bean method org.springframework.web.servlet.config.annotation.DelegatingWebMvcConfiguration.mvcPathMatcher()
06:28:14.991 [main] DEBUG o.s.c.a.ConfigurationClassBeanDefinitionReader - Registering bean definition for @Bean method org.springframework.web.servlet.config.annotation.DelegatingWebMvcConfiguration.mvcUrlPathHelper()
06:28:14.991 [main] DEBUG o.s.c.a.ConfigurationClassBeanDefinitionReader - Registered bean definition for imported class 'org.springframework.security.config.annotation.method.configuration.GlobalMethodSecurityConfiguration'
06:28:14.991 [main] DEBUG o.s.c.a.ConfigurationClassBeanDefinitionReader - Registering bean definition for @Bean method org.springframework.security.config.annotation.method.configuration.GlobalMethodSecurityConfiguration.methodSecurityInterceptor()
06:28:14.991 [main] DEBUG o.s.c.a.ConfigurationClassBeanDefinitionReader - Registering bean definition for @Bean method org.springframework.security.config.annotation.method.configuration.GlobalMethodSecurityConfiguration.methodSecurityMetadataSource()
06:28:14.991 [main] DEBUG o.s.c.a.ConfigurationClassBeanDefinitionReader - Registering bean definition for @Bean method org.springframework.security.config.annotation.method.configuration.GlobalMethodSecurityConfiguration.preInvocationAuthorizationAdvice()
06:28:14.991 [main] DEBUG o.s.c.a.ConfigurationClassBeanDefinitionReader - Registering bean definition for @Bean method edu.ncsu.csc.itrust2.mvc.config.WebMvcConfiguration.viewResolver()
06:28:14.992 [main] DEBUG o.s.c.a.ConfigurationClassBeanDefinitionReader - Registering bean definition for @Bean method edu.ncsu.csc.itrust2.mvc.config.WebMvcConfiguration.templateEngine()
06:28:14.992 [main] DEBUG o.s.c.a.ConfigurationClassBeanDefinitionReader - Registering bean definition for @Bean method edu.ncsu.csc.itrust2.mvc.config.WebMvcConfiguration.domainClassConverter()
06:28:14.993 [main] DEBUG o.s.c.a.ConfigurationClassEnhancer - Successfully enhanced edu.ncsu.csc.itrust2.config.RootConfiguration; enhanced class name is: edu.ncsu.csc.itrust2.config.RootConfiguration$$EnhancerBySpringCGLIB$$531f067d
06:28:14.994 [main] DEBUG o.s.c.a.ConfigurationClassPostProcessor - Replacing bean definition 'rootConfiguration' existing class 'edu.ncsu.csc.itrust2.config.RootConfiguration' with enhanced class 'edu.ncsu.csc.itrust2.config.RootConfiguration$$EnhancerBySpringCGLIB$$531f067d'
06:28:14.994 [main] DEBUG o.s.c.a.ConfigurationClassEnhancer - Successfully enhanced edu.ncsu.csc.itrust2.mvc.config.WebMvcConfiguration; enhanced class name is: edu.ncsu.csc.itrust2.mvc.config.WebMvcConfiguration$$EnhancerBySpringCGLIB$$6fca09cd
06:28:14.994 [main] DEBUG o.s.c.a.ConfigurationClassPostProcessor - Replacing bean definition 'webMvcConfiguration' existing class 'edu.ncsu.csc.itrust2.mvc.config.WebMvcConfiguration' with enhanced class 'edu.ncsu.csc.itrust2.mvc.config.WebMvcConfiguration$$EnhancerBySpringCGLIB$$6fca09cd'
06:28:14.994 [main] DEBUG o.s.c.a.ConfigurationClassEnhancer - Successfully enhanced edu.ncsu.csc.itrust2.config.DataConfiguration; enhanced class name is: edu.ncsu.csc.itrust2.config.DataConfiguration$$EnhancerBySpringCGLIB$$975e4bb5
06:28:14.994 [main] DEBUG o.s.c.a.ConfigurationClassPostProcessor - Replacing bean definition 'dataConfiguration' existing class 'edu.ncsu.csc.itrust2.config.DataConfiguration' with enhanced class 'edu.ncsu.csc.itrust2.config.DataConfiguration$$EnhancerBySpringCGLIB$$975e4bb5'
06:28:14.994 [main] DEBUG o.s.c.a.ConfigurationClassEnhancer - Successfully enhanced edu.ncsu.csc.itrust2.config.SecurityConfig; enhanced class name is: edu.ncsu.csc.itrust2.config.SecurityConfig$$EnhancerBySpringCGLIB$$89ded359
06:28:14.994 [main] DEBUG o.s.c.a.ConfigurationClassPostProcessor - Replacing bean definition 'securityConfig' existing class 'edu.ncsu.csc.itrust2.config.SecurityConfig' with enhanced class 'edu.ncsu.csc.itrust2.config.SecurityConfig$$EnhancerBySpringCGLIB$$89ded359'
06:28:14.994 [main] DEBUG o.s.c.a.ConfigurationClassEnhancer - Successfully enhanced org.springframework.security.config.annotation.configuration.ObjectPostProcessorConfiguration; enhanced class name is: org.springframework.security.config.annotation.configuration.ObjectPostProcessorConfiguration$$EnhancerBySpringCGLIB$$97d41d25
06:28:14.994 [main] DEBUG o.s.c.a.ConfigurationClassPostProcessor - Replacing bean definition 'org.springframework.security.config.annotation.configuration.ObjectPostProcessorConfiguration' existing class 'org.springframework.security.config.annotation.configuration.ObjectPostProcessorConfiguration' with enhanced class 'org.springframework.security.config.annotation.configuration.ObjectPostProcessorConfiguration$$EnhancerBySpringCGLIB$$97d41d25'
06:28:14.994 [main] DEBUG o.s.c.a.ConfigurationClassEnhancer - Successfully enhanced org.springframework.security.config.annotation.authentication.configuration.AuthenticationConfiguration; enhanced class name is: org.springframework.security.config.annotation.authentication.configuration.AuthenticationConfiguration$$EnhancerBySpringCGLIB$$e39d279a
06:28:14.994 [main] DEBUG o.s.c.a.ConfigurationClassPostProcessor - Replacing bean definition 'org.springframework.security.config.annotation.authentication.configuration.AuthenticationConfiguration' existing class 'org.springframework.security.config.annotation.authentication.configuration.AuthenticationConfiguration' with enhanced class 'org.springframework.security.config.annotation.authentication.configuration.AuthenticationConfiguration$$EnhancerBySpringCGLIB$$e39d279a'
06:28:14.994 [main] DEBUG o.s.c.a.ConfigurationClassEnhancer - Successfully enhanced org.springframework.security.config.annotation.authentication.configuration.AuthenticationConfiguration; enhanced class name is: org.springframework.security.config.annotation.authentication.configuration.AuthenticationConfiguration$$EnhancerBySpringCGLIB$$e39d279a
06:28:14.994 [main] DEBUG o.s.c.a.ConfigurationClassPostProcessor - Replacing bean definition 'enableGlobalAuthenticationAutowiredConfigurer' existing class 'org.springframework.security.config.annotation.authentication.configuration.AuthenticationConfiguration' with enhanced class 'org.springframework.security.config.annotation.authentication.configuration.AuthenticationConfiguration$$EnhancerBySpringCGLIB$$e39d279a'
06:28:14.994 [main] DEBUG o.s.c.a.ConfigurationClassEnhancer - Successfully enhanced org.springframework.security.config.annotation.authentication.configuration.AuthenticationConfiguration; enhanced class name is: org.springframework.security.config.annotation.authentication.configuration.AuthenticationConfiguration$$EnhancerBySpringCGLIB$$e39d279a
06:28:14.994 [main] DEBUG o.s.c.a.ConfigurationClassPostProcessor - Replacing bean definition 'initializeUserDetailsBeanManagerConfigurer' existing class 'org.springframework.security.config.annotation.authentication.configuration.AuthenticationConfiguration' with enhanced class 'org.springframework.security.config.annotation.authentication.configuration.AuthenticationConfiguration$$EnhancerBySpringCGLIB$$e39d279a'
06:28:14.994 [main] DEBUG o.s.c.a.ConfigurationClassEnhancer - Successfully enhanced org.springframework.security.config.annotation.authentication.configuration.AuthenticationConfiguration; enhanced class name is: org.springframework.security.config.annotation.authentication.configuration.AuthenticationConfiguration$$EnhancerBySpringCGLIB$$e39d279a
06:28:14.994 [main] DEBUG o.s.c.a.ConfigurationClassPostProcessor - Replacing bean definition 'initializeAuthenticationProviderBeanManagerConfigurer' existing class 'org.springframework.security.config.annotation.authentication.configuration.AuthenticationConfiguration' with enhanced class 'org.springframework.security.config.annotation.authentication.configuration.AuthenticationConfiguration$$EnhancerBySpringCGLIB$$e39d279a'
06:28:14.994 [main] DEBUG o.s.c.a.ConfigurationClassEnhancer - Successfully enhanced org.springframework.security.config.annotation.web.configuration.WebSecurityConfiguration; enhanced class name is: org.springframework.security.config.annotation.web.configuration.WebSecurityConfiguration$$EnhancerBySpringCGLIB$$a65781de
06:28:14.994 [main] DEBUG o.s.c.a.ConfigurationClassPostProcessor - Replacing bean definition 'org.springframework.security.config.annotation.web.configuration.WebSecurityConfiguration' existing class 'org.springframework.security.config.annotation.web.configuration.WebSecurityConfiguration' with enhanced class 'org.springframework.security.config.annotation.web.configuration.WebSecurityConfiguration$$EnhancerBySpringCGLIB$$a65781de'
06:28:14.994 [main] DEBUG o.s.c.a.ConfigurationClassEnhancer - Successfully enhanced org.springframework.security.config.annotation.web.configuration.WebSecurityConfiguration; enhanced class name is: org.springframework.security.config.annotation.web.configuration.WebSecurityConfiguration$$EnhancerBySpringCGLIB$$a65781de
06:28:14.994 [main] DEBUG o.s.c.a.ConfigurationClassPostProcessor - Replacing bean definition 'delegatingApplicationListener' existing class 'org.springframework.security.config.annotation.web.configuration.WebSecurityConfiguration' with enhanced class 'org.springframework.security.config.annotation.web.configuration.WebSecurityConfiguration$$EnhancerBySpringCGLIB$$a65781de'
06:28:14.994 [main] DEBUG o.s.c.a.ConfigurationClassEnhancer - Successfully enhanced org.springframework.web.servlet.config.annotation.DelegatingWebMvcConfiguration; enhanced class name is: org.springframework.web.servlet.config.annotation.DelegatingWebMvcConfiguration$$EnhancerBySpringCGLIB$$c3e73a21
06:28:14.994 [main] DEBUG o.s.c.a.ConfigurationClassPostProcessor - Replacing bean definition 'org.springframework.web.servlet.config.annotation.DelegatingWebMvcConfiguration' existing class 'org.springframework.web.servlet.config.annotation.DelegatingWebMvcConfiguration' with enhanced class 'org.springframework.web.servlet.config.annotation.DelegatingWebMvcConfiguration$$EnhancerBySpringCGLIB$$c3e73a21'
06:28:14.994 [main] DEBUG o.s.c.a.ConfigurationClassEnhancer - Successfully enhanced org.springframework.security.config.annotation.method.configuration.GlobalMethodSecurityConfiguration; enhanced class name is: org.springframework.security.config.annotation.method.configuration.GlobalMethodSecurityConfiguration$$EnhancerBySpringCGLIB$$bca8bfd7
06:28:14.994 [main] DEBUG o.s.c.a.ConfigurationClassPostProcessor - Replacing bean definition 'org.springframework.security.config.annotation.method.configuration.GlobalMethodSecurityConfiguration' existing class 'org.springframework.security.config.annotation.method.configuration.GlobalMethodSecurityConfiguration' with enhanced class 'org.springframework.security.config.annotation.method.configuration.GlobalMethodSecurityConfiguration$$EnhancerBySpringCGLIB$$bca8bfd7'
06:28:14.996 [main] DEBUG o.s.b.f.s.DefaultListableBeanFactory - Creating shared instance of singleton bean 'org.springframework.context.annotation.internalAutowiredAnnotationProcessor'
06:28:14.996 [main] DEBUG o.s.b.f.s.DefaultListableBeanFactory - Creating instance of bean 'org.springframework.context.annotation.internalAutowiredAnnotationProcessor'
06:28:14.996 [main] DEBUG o.s.b.f.s.DefaultListableBeanFactory - Eagerly caching bean 'org.springframework.context.annotation.internalAutowiredAnnotationProcessor' to allow for resolving potential circular references
06:28:14.999 [main] DEBUG o.s.b.f.s.DefaultListableBeanFactory - Finished creating instance of bean 'org.springframework.context.annotation.internalAutowiredAnnotationProcessor'
06:28:14.999 [main] DEBUG o.s.b.f.s.DefaultListableBeanFactory - Creating shared instance of singleton bean 'org.springframework.context.annotation.internalRequiredAnnotationProcessor'
06:28:14.999 [main] DEBUG o.s.b.f.s.DefaultListableBeanFactory - Creating instance of bean 'org.springframework.context.annotation.internalRequiredAnnotationProcessor'
06:28:14.999 [main] DEBUG o.s.b.f.s.DefaultListableBeanFactory - Eagerly caching bean 'org.springframework.context.annotation.internalRequiredAnnotationProcessor' to allow for resolving potential circular references
06:28:15.001 [main] DEBUG o.s.b.f.s.DefaultListableBeanFactory - Finished creating instance of bean 'org.springframework.context.annotation.internalRequiredAnnotationProcessor'
06:28:15.001 [main] DEBUG o.s.b.f.s.DefaultListableBeanFactory - Creating shared instance of singleton bean 'org.springframework.context.annotation.internalCommonAnnotationProcessor'
06:28:15.001 [main] DEBUG o.s.b.f.s.DefaultListableBeanFactory - Creating instance of bean 'org.springframework.context.annotation.internalCommonAnnotationProcessor'
06:28:15.002 [main] DEBUG o.s.b.f.s.DefaultListableBeanFactory - Eagerly caching bean 'org.springframework.context.annotation.internalCommonAnnotationProcessor' to allow for resolving potential circular references
06:28:15.004 [main] DEBUG o.s.b.f.s.DefaultListableBeanFactory - Finished creating instance of bean 'org.springframework.context.annotation.internalCommonAnnotationProcessor'
06:28:15.004 [main] DEBUG o.s.b.f.s.DefaultListableBeanFactory - Creating shared instance of singleton bean 'org.springframework.context.annotation.internalPersistenceAnnotationProcessor'
06:28:15.005 [main] DEBUG o.s.b.f.s.DefaultListableBeanFactory - Creating instance of bean 'org.springframework.context.annotation.internalPersistenceAnnotationProcessor'
06:28:15.005 [main] DEBUG o.s.b.f.s.DefaultListableBeanFactory - Eagerly caching bean 'org.springframework.context.annotation.internalPersistenceAnnotationProcessor' to allow for resolving potential circular references
06:28:15.007 [main] DEBUG o.s.b.f.s.DefaultListableBeanFactory - Finished creating instance of bean 'org.springframework.context.annotation.internalPersistenceAnnotationProcessor'
06:28:15.007 [main] DEBUG o.s.b.f.s.DefaultListableBeanFactory - Creating shared instance of singleton bean 'org.springframework.aop.config.internalAutoProxyCreator'
06:28:15.007 [main] DEBUG o.s.b.f.s.DefaultListableBeanFactory - Creating instance of bean 'org.springframework.aop.config.internalAutoProxyCreator'
06:28:15.008 [main] DEBUG o.s.b.f.s.DefaultListableBeanFactory - Eagerly caching bean 'org.springframework.aop.config.internalAutoProxyCreator' to allow for resolving potential circular references
06:28:15.011 [main] DEBUG o.s.b.f.s.DefaultListableBeanFactory - Finished creating instance of bean 'org.springframework.aop.config.internalAutoProxyCreator'
06:28:15.011 [main] DEBUG o.s.w.c.s.GenericWebApplicationContext - Unable to locate MessageSource with name 'messageSource': using default [org.springframework.context.support.DelegatingMessageSource@180dd8a9]
06:28:15.011 [main] DEBUG o.s.w.c.s.GenericWebApplicationContext - Unable to locate ApplicationEventMulticaster with name 'applicationEventMulticaster': using default [org.springframework.context.event.SimpleApplicationEventMulticaster@4e65fe18]
06:28:15.011 [main] DEBUG o.s.u.c.s.UiApplicationContextUtils - Unable to locate ThemeSource with name 'themeSource': using default [org.springframework.ui.context.support.ResourceBundleThemeSource@3a04a245]
06:28:15.012 [main] DEBUG o.s.b.f.s.DefaultListableBeanFactory - Pre-instantiating singletons in org.springframework.beans.factory.support.DefaultListableBeanFactory@1d4ba593: defining beans [org.springframework.context.annotation.internalConfigurationAnnotationProcessor,org.springframework.context.annotation.internalAutowiredAnnotationProcessor,org.springframework.context.annotation.internalRequiredAnnotationProcessor,org.springframework.context.annotation.internalCommonAnnotationProcessor,org.springframework.context.annotation.internalPersistenceAnnotationProcessor,org.springframework.context.event.internalEventListenerProcessor,org.springframework.context.event.internalEventListenerFactory,rootConfiguration,webMvcConfiguration,dataConfiguration,loginAuditingListener,securityConfig,defaultController,adminController,adminUserController,hospitalController,ICDCodesController,APIAppointmentRequestController,APIDiagnosisController,APIDrugController,APIEnumController,APIHospitalController,APIICDCodeController,APILogEntryController,APIOfficeVisitController,APIPasswordController,APIPatientController,APIPersonnelController,APIPrescriptionController,APIUserController,appointmentControllerHCP,HCPController,officeVisitController,appointmentController,diagnosesController,patientController,passwordController,userController,dataSource,org.springframework.security.config.annotation.configuration.ObjectPostProcessorConfiguration,objectPostProcessor,org.springframework.security.config.annotation.authentication.configuration.AuthenticationConfiguration,authenticationManagerBuilder,enableGlobalAuthenticationAutowiredConfigurer,initializeUserDetailsBeanManagerConfigurer,initializeAuthenticationProviderBeanManagerConfigurer,org.springframework.security.config.annotation.web.configuration.WebSecurityConfiguration,delegatingApplicationListener,webSecurityExpressionHandler,springSecurityFilterChain,privilegeEvaluator,autowiredWebSecurityConfigurersIgnoreParents,org.springframework.security.config.annotation.web.configuration.WebMvcSecurityConfiguration,requestDataValueProcessor,passwordEncoder,defaultAuthenticationEventPublisher,failureHandler,ipBlockFilter,org.springframework.web.servlet.config.annotation.DelegatingWebMvcConfiguration,mvcConversionService,mvcContentNegotiationManager,viewControllerHandlerMapping,beanNameHandlerMapping,resourceHandlerMapping,mvcResourceUrlProvider,defaultServletHandlerMapping,requestMappingHandlerAdapter,mvcValidator,mvcUriComponentsContributor,httpRequestHandlerAdapter,simpleControllerHandlerAdapter,handlerExceptionResolver,mvcViewResolver,requestMappingHandlerMapping,mvcPathMatcher,mvcUrlPathHelper,org.springframework.security.config.annotation.method.configuration.GlobalMethodSecurityConfiguration,methodSecurityInterceptor,methodSecurityMetadataSource,preInvocationAuthorizationAdvice,viewResolver,templateEngine,domainClassConverter,metaDataSourceAdvisor,org.springframework.aop.config.internalAutoProxyCreator]; root of factory hierarchy
06:28:15.012 [main] DEBUG o.s.b.f.s.DefaultListableBeanFactory - Returning cached instance of singleton bean 'org.springframework.context.annotation.internalConfigurationAnnotationProcessor'
06:28:15.012 [main] DEBUG o.s.b.f.s.DefaultListableBeanFactory - Returning cached instance of singleton bean 'org.springframework.context.annotation.internalAutowiredAnnotationProcessor'
06:28:15.012 [main] DEBUG o.s.b.f.s.DefaultListableBeanFactory - Returning cached instance of singleton bean 'org.springframework.context.annotation.internalRequiredAnnotationProcessor'
06:28:15.012 [main] DEBUG o.s.b.f.s.DefaultListableBeanFactory - Returning cached instance of singleton bean 'org.springframework.context.annotation.internalCommonAnnotationProcessor'
06:28:15.012 [main] DEBUG o.s.b.f.s.DefaultListableBeanFactory - Returning cached instance of singleton bean 'org.springframework.context.annotation.internalPersistenceAnnotationProcessor'
06:28:15.012 [main] DEBUG o.s.b.f.s.DefaultListableBeanFactory - Creating shared instance of singleton bean 'org.springframework.context.event.internalEventListenerProcessor'
06:28:15.012 [main] DEBUG o.s.b.f.s.DefaultListableBeanFactory - Creating instance of bean 'org.springframework.context.event.internalEventListenerProcessor'
06:28:15.012 [main] DEBUG o.s.b.f.s.DefaultListableBeanFactory - Eagerly caching bean 'org.springframework.context.event.internalEventListenerProcessor' to allow for resolving potential circular references
06:28:15.013 [main] DEBUG o.s.b.f.s.DefaultListableBeanFactory - Creating shared instance of singleton bean 'metaDataSourceAdvisor'
06:28:15.013 [main] DEBUG o.s.b.f.s.DefaultListableBeanFactory - Creating instance of bean 'metaDataSourceAdvisor'
06:28:15.014 [main] DEBUG o.s.b.f.s.DefaultListableBeanFactory - Creating shared instance of singleton bean 'methodSecurityMetadataSource'
06:28:15.014 [main] DEBUG o.s.b.f.s.DefaultListableBeanFactory - Creating instance of bean 'methodSecurityMetadataSource'
06:28:15.014 [main] DEBUG o.s.b.f.s.DefaultListableBeanFactory - Creating shared instance of singleton bean 'org.springframework.security.config.annotation.method.configuration.GlobalMethodSecurityConfiguration'
06:28:15.014 [main] DEBUG o.s.b.f.s.DefaultListableBeanFactory - Creating instance of bean 'org.springframework.security.config.annotation.method.configuration.GlobalMethodSecurityConfiguration'
06:28:15.016 [main] DEBUG o.s.b.f.annotation.InjectionMetadata - Registered injected element on class [org.springframework.security.config.annotation.method.configuration.GlobalMethodSecurityConfiguration$$EnhancerBySpringCGLIB$$bca8bfd7]: AutowiredMethodElement for public void org.springframework.security.config.annotation.method.configuration.GlobalMethodSecurityConfiguration.setApplicationContext(org.springframework.context.ApplicationContext)
06:28:15.016 [main] DEBUG o.s.b.f.annotation.InjectionMetadata - Registered injected element on class [org.springframework.security.config.annotation.method.configuration.GlobalMethodSecurityConfiguration$$EnhancerBySpringCGLIB$$bca8bfd7]: AutowiredMethodElement for public void org.springframework.security.config.annotation.method.configuration.GlobalMethodSecurityConfiguration.setObjectPostProcessor(org.springframework.security.config.annotation.ObjectPostProcessor)
06:28:15.016 [main] DEBUG o.s.b.f.annotation.InjectionMetadata - Registered injected element on class [org.springframework.security.config.annotation.method.configuration.GlobalMethodSecurityConfiguration$$EnhancerBySpringCGLIB$$bca8bfd7]: AutowiredMethodElement for public void org.springframework.security.config.annotation.method.configuration.GlobalMethodSecurityConfiguration.setMethodSecurityExpressionHandler(java.util.List)
06:28:15.016 [main] DEBUG o.s.b.f.annotation.InjectionMetadata - Registered injected element on class [org.springframework.security.config.annotation.method.configuration.GlobalMethodSecurityConfiguration$$EnhancerBySpringCGLIB$$bca8bfd7]: AutowiredMethodElement for public void org.springframework.security.config.annotation.method.configuration.GlobalMethodSecurityConfiguration.setJsr250MethodSecurityMetadataSource(org.springframework.security.access.annotation.Jsr250MethodSecurityMetadataSource)
06:28:15.016 [main] DEBUG o.s.b.f.s.DefaultListableBeanFactory - Eagerly caching bean 'org.springframework.security.config.annotation.method.configuration.GlobalMethodSecurityConfiguration' to allow for resolving potential circular references
06:28:15.016 [main] DEBUG o.s.b.f.annotation.InjectionMetadata - Processing injected element of bean 'org.springframework.security.config.annotation.method.configuration.GlobalMethodSecurityConfiguration': AutowiredMethodElement for public void org.springframework.security.config.annotation.method.configuration.GlobalMethodSecurityConfiguration.setApplicationContext(org.springframework.context.ApplicationContext)
06:28:15.017 [main] DEBUG o.s.b.f.a.AutowiredAnnotationBeanPostProcessor - Autowiring by type from bean name 'org.springframework.security.config.annotation.method.configuration.GlobalMethodSecurityConfiguration' to bean named 'org.springframework.web.context.support.GenericWebApplicationContext@34b9cc2a'
06:28:15.017 [main] DEBUG o.s.b.f.annotation.InjectionMetadata - Processing injected element of bean 'org.springframework.security.config.annotation.method.configuration.GlobalMethodSecurityConfiguration': AutowiredMethodElement for public void org.springframework.security.config.annotation.method.configuration.GlobalMethodSecurityConfiguration.setObjectPostProcessor(org.springframework.security.config.annotation.ObjectPostProcessor)
06:28:15.017 [main] DEBUG o.s.b.f.s.DefaultListableBeanFactory - Creating shared instance of singleton bean 'objectPostProcessor'
06:28:15.017 [main] DEBUG o.s.b.f.s.DefaultListableBeanFactory - Creating instance of bean 'objectPostProcessor'
06:28:15.017 [main] DEBUG o.s.b.f.s.DefaultListableBeanFactory - Creating shared instance of singleton bean 'org.springframework.security.config.annotation.configuration.ObjectPostProcessorConfiguration'
06:28:15.017 [main] DEBUG o.s.b.f.s.DefaultListableBeanFactory - Creating instance of bean 'org.springframework.security.config.annotation.configuration.ObjectPostProcessorConfiguration'
06:28:15.017 [main] DEBUG o.s.b.f.s.DefaultListableBeanFactory - Eagerly caching bean 'org.springframework.security.config.annotation.configuration.ObjectPostProcessorConfiguration' to allow for resolving potential circular references
06:28:15.019 [main] DEBUG o.s.a.f.a.BeanFactoryAdvisorRetrievalHelper - Skipping currently created advisor 'metaDataSourceAdvisor'
06:28:15.019 [main] DEBUG o.s.b.f.s.DefaultListableBeanFactory - Finished creating instance of bean 'org.springframework.security.config.annotation.configuration.ObjectPostProcessorConfiguration'
06:28:15.020 [main] DEBUG o.s.b.f.s.DefaultListableBeanFactory - Autowiring by type from bean name 'objectPostProcessor' via factory method to bean named 'org.springframework.beans.factory.support.DefaultListableBeanFactory@1d4ba593'
06:28:15.020 [main] DEBUG o.s.b.f.s.DefaultListableBeanFactory - Eagerly caching bean 'objectPostProcessor' to allow for resolving potential circular references
06:28:15.023 [main] DEBUG o.s.a.f.a.BeanFactoryAdvisorRetrievalHelper - Skipping currently created advisor 'metaDataSourceAdvisor'
06:28:15.023 [main] DEBUG o.s.b.f.s.DefaultListableBeanFactory - Finished creating instance of bean 'objectPostProcessor'
06:28:15.023 [main] DEBUG o.s.b.f.a.AutowiredAnnotationBeanPostProcessor - Autowiring by type from bean name 'org.springframework.security.config.annotation.method.configuration.GlobalMethodSecurityConfiguration' to bean named 'objectPostProcessor'
06:28:15.026 [main] DEBUG o.s.b.f.annotation.InjectionMetadata - Processing injected element of bean 'org.springframework.security.config.annotation.method.configuration.GlobalMethodSecurityConfiguration': AutowiredMethodElement for public void org.springframework.security.config.annotation.method.configuration.GlobalMethodSecurityConfiguration.setMethodSecurityExpressionHandler(java.util.List)
06:28:15.026 [main] DEBUG o.s.b.f.annotation.InjectionMetadata - Processing injected element of bean 'org.springframework.security.config.annotation.method.configuration.GlobalMethodSecurityConfiguration': AutowiredMethodElement for public void org.springframework.security.config.annotation.method.configuration.GlobalMethodSecurityConfiguration.setJsr250MethodSecurityMetadataSource(org.springframework.security.access.annotation.Jsr250MethodSecurityMetadataSource)
06:28:15.027 [main] DEBUG o.s.b.f.s.DefaultListableBeanFactory - Returning cached instance of singleton bean 'org.springframework.context.annotation.ConfigurationClassPostProcessor.importRegistry'
06:28:15.027 [main] DEBUG o.s.a.f.a.BeanFactoryAdvisorRetrievalHelper - Skipping currently created advisor 'metaDataSourceAdvisor'
06:28:15.027 [main] DEBUG o.s.b.f.s.DefaultListableBeanFactory - Finished creating instance of bean 'org.springframework.security.config.annotation.method.configuration.GlobalMethodSecurityConfiguration'
06:28:15.027 [main] DEBUG o.s.b.f.s.DefaultListableBeanFactory - Eagerly caching bean 'methodSecurityMetadataSource' to allow for resolving potential circular references
06:28:15.028 [main] DEBUG o.s.b.f.s.DefaultListableBeanFactory - Finished creating instance of bean 'methodSecurityMetadataSource'
06:28:15.029 [main] DEBUG o.s.b.f.s.DefaultListableBeanFactory - Eagerly caching bean 'metaDataSourceAdvisor' to allow for resolving potential circular references
06:28:15.031 [main] DEBUG o.s.b.f.s.DefaultListableBeanFactory - Finished creating instance of bean 'metaDataSourceAdvisor'
06:28:15.031 [main] DEBUG o.s.b.f.s.DefaultListableBeanFactory - Finished creating instance of bean 'org.springframework.context.event.internalEventListenerProcessor'
06:28:15.031 [main] DEBUG o.s.b.f.s.DefaultListableBeanFactory - Creating shared instance of singleton bean 'org.springframework.context.event.internalEventListenerFactory'
06:28:15.031 [main] DEBUG o.s.b.f.s.DefaultListableBeanFactory - Creating instance of bean 'org.springframework.context.event.internalEventListenerFactory'
06:28:15.031 [main] DEBUG o.s.b.f.s.DefaultListableBeanFactory - Eagerly caching bean 'org.springframework.context.event.internalEventListenerFactory' to allow for resolving potential circular references
06:28:15.032 [main] DEBUG o.s.b.f.s.DefaultListableBeanFactory - Returning cached instance of singleton bean 'metaDataSourceAdvisor'
06:28:15.033 [main] DEBUG o.s.b.f.s.DefaultListableBeanFactory - Finished creating instance of bean 'org.springframework.context.event.internalEventListenerFactory'
06:28:15.033 [main] DEBUG o.s.b.f.s.DefaultListableBeanFactory - Creating shared instance of singleton bean 'rootConfiguration'
06:28:15.033 [main] DEBUG o.s.b.f.s.DefaultListableBeanFactory - Creating instance of bean 'rootConfiguration'
06:28:15.033 [main] DEBUG o.s.b.f.s.DefaultListableBeanFactory - Eagerly caching bean 'rootConfiguration' to allow for resolving potential circular references
06:28:15.033 [main] DEBUG o.s.b.f.s.DefaultListableBeanFactory - Returning cached instance of singleton bean 'metaDataSourceAdvisor'
06:28:15.034 [main] DEBUG o.s.b.f.s.DefaultListableBeanFactory - Finished creating instance of bean 'rootConfiguration'
06:28:15.034 [main] DEBUG o.s.b.f.s.DefaultListableBeanFactory - Creating shared instance of singleton bean 'webMvcConfiguration'
06:28:15.034 [main] DEBUG o.s.b.f.s.DefaultListableBeanFactory - Creating instance of bean 'webMvcConfiguration'
06:28:15.034 [main] DEBUG o.s.b.f.annotation.InjectionMetadata - Registered injected element on class [edu.ncsu.csc.itrust2.mvc.config.WebMvcConfiguration$$EnhancerBySpringCGLIB$$6fca09cd]: AutowiredFieldElement for private org.springframework.context.ApplicationContext edu.ncsu.csc.itrust2.mvc.config.WebMvcConfiguration.applicationContext
06:28:15.034 [main] DEBUG o.s.b.f.annotation.InjectionMetadata - Registered injected element on class [edu.ncsu.csc.itrust2.mvc.config.WebMvcConfiguration$$EnhancerBySpringCGLIB$$6fca09cd]: AutowiredFieldElement for private org.springframework.format.support.FormattingConversionService edu.ncsu.csc.itrust2.mvc.config.WebMvcConfiguration.mvcConversionService
06:28:15.034 [main] DEBUG o.s.b.f.s.DefaultListableBeanFactory - Eagerly caching bean 'webMvcConfiguration' to allow for resolving potential circular references
06:28:15.036 [main] DEBUG o.s.b.f.annotation.InjectionMetadata - Processing injected element of bean 'webMvcConfiguration': AutowiredFieldElement for private org.springframework.context.ApplicationContext edu.ncsu.csc.itrust2.mvc.config.WebMvcConfiguration.applicationContext
06:28:15.036 [main] DEBUG o.s.b.f.a.AutowiredAnnotationBeanPostProcessor - Autowiring by type from bean name 'webMvcConfiguration' to bean named 'org.springframework.web.context.support.GenericWebApplicationContext@34b9cc2a'
06:28:15.036 [main] DEBUG o.s.b.f.annotation.InjectionMetadata - Processing injected element of bean 'webMvcConfiguration': AutowiredFieldElement for private org.springframework.format.support.FormattingConversionService edu.ncsu.csc.itrust2.mvc.config.WebMvcConfiguration.mvcConversionService
06:28:15.036 [main] DEBUG o.s.b.f.s.DefaultListableBeanFactory - Creating shared instance of singleton bean 'mvcConversionService'
06:28:15.036 [main] DEBUG o.s.b.f.s.DefaultListableBeanFactory - Creating instance of bean 'mvcConversionService'
06:28:15.036 [main] DEBUG o.s.b.f.s.DefaultListableBeanFactory - Creating shared instance of singleton bean 'org.springframework.web.servlet.config.annotation.DelegatingWebMvcConfiguration'
06:28:15.037 [main] DEBUG o.s.b.f.s.DefaultListableBeanFactory - Creating instance of bean 'org.springframework.web.servlet.config.annotation.DelegatingWebMvcConfiguration'
06:28:15.039 [main] DEBUG o.s.b.f.annotation.InjectionMetadata - Registered injected element on class [org.springframework.web.servlet.config.annotation.DelegatingWebMvcConfiguration$$EnhancerBySpringCGLIB$$c3e73a21]: AutowiredMethodElement for public void org.springframework.web.servlet.config.annotation.DelegatingWebMvcConfiguration.setConfigurers(java.util.List)
06:28:15.039 [main] DEBUG o.s.b.f.s.DefaultListableBeanFactory - Eagerly caching bean 'org.springframework.web.servlet.config.annotation.DelegatingWebMvcConfiguration' to allow for resolving potential circular references
06:28:15.039 [main] DEBUG o.s.b.f.annotation.InjectionMetadata - Processing injected element of bean 'org.springframework.web.servlet.config.annotation.DelegatingWebMvcConfiguration': AutowiredMethodElement for public void org.springframework.web.servlet.config.annotation.DelegatingWebMvcConfiguration.setConfigurers(java.util.List)
06:28:15.039 [main] DEBUG o.s.b.f.s.DefaultListableBeanFactory - Returning cached instance of singleton bean 'metaDataSourceAdvisor'
06:28:15.042 [main] DEBUG o.s.b.f.s.DefaultListableBeanFactory - Returning eagerly cached instance of singleton bean 'webMvcConfiguration' that is not fully initialized yet - a consequence of a circular reference
06:28:15.042 [main] DEBUG o.s.b.f.s.DefaultListableBeanFactory - Creating shared instance of singleton bean 'org.springframework.security.config.annotation.web.configuration.WebMvcSecurityConfiguration'
06:28:15.042 [main] DEBUG o.s.b.f.s.DefaultListableBeanFactory - Creating instance of bean 'org.springframework.security.config.annotation.web.configuration.WebMvcSecurityConfiguration'
06:28:15.042 [main] DEBUG o.s.b.f.s.DefaultListableBeanFactory - Eagerly caching bean 'org.springframework.security.config.annotation.web.configuration.WebMvcSecurityConfiguration' to allow for resolving potential circular references
06:28:15.044 [main] DEBUG o.s.b.f.s.DefaultListableBeanFactory - Returning cached instance of singleton bean 'metaDataSourceAdvisor'
06:28:15.044 [main] DEBUG o.s.b.f.s.DefaultListableBeanFactory - Finished creating instance of bean 'org.springframework.security.config.annotation.web.configuration.WebMvcSecurityConfiguration'
06:28:15.045 [main] DEBUG o.s.b.f.a.AutowiredAnnotationBeanPostProcessor - Autowiring by type from bean name 'org.springframework.web.servlet.config.annotation.DelegatingWebMvcConfiguration' to bean named 'webMvcConfiguration'
06:28:15.045 [main] DEBUG o.s.b.f.a.AutowiredAnnotationBeanPostProcessor - Autowiring by type from bean name 'org.springframework.web.servlet.config.annotation.DelegatingWebMvcConfiguration' to bean named 'org.springframework.security.config.annotation.web.configuration.WebMvcSecurityConfiguration'
06:28:15.045 [main] DEBUG o.s.b.f.s.DefaultListableBeanFactory - Returning cached instance of singleton bean 'metaDataSourceAdvisor'
06:28:15.049 [main] DEBUG o.s.b.f.s.DefaultListableBeanFactory - Finished creating instance of bean 'org.springframework.web.servlet.config.annotation.DelegatingWebMvcConfiguration'
06:28:15.050 [main] DEBUG o.s.b.f.s.DefaultListableBeanFactory - Eagerly caching bean 'mvcConversionService' to allow for resolving potential circular references
06:28:15.054 [main] DEBUG o.s.b.f.s.DefaultListableBeanFactory - Returning cached instance of singleton bean 'metaDataSourceAdvisor'
06:28:15.056 [main] DEBUG o.s.b.f.s.DefaultListableBeanFactory - Finished creating instance of bean 'mvcConversionService'
06:28:15.056 [main] DEBUG o.s.b.f.a.AutowiredAnnotationBeanPostProcessor - Autowiring by type from bean name 'webMvcConfiguration' to bean named 'mvcConversionService'
06:28:15.056 [main] DEBUG o.s.b.f.s.DefaultListableBeanFactory - Finished creating instance of bean 'webMvcConfiguration'
06:28:15.056 [main] DEBUG o.s.b.f.s.DefaultListableBeanFactory - Creating shared instance of singleton bean 'dataConfiguration'
06:28:15.056 [main] DEBUG o.s.b.f.s.DefaultListableBeanFactory - Creating instance of bean 'dataConfiguration'
06:28:15.057 [main] DEBUG o.s.b.f.s.DefaultListableBeanFactory - Eagerly caching bean 'dataConfiguration' to allow for resolving potential circular references
06:28:15.058 [main] DEBUG o.s.b.f.s.DefaultListableBeanFactory - Returning cached instance of singleton bean 'metaDataSourceAdvisor'
06:28:15.059 [main] DEBUG o.s.b.f.s.DefaultListableBeanFactory - Finished creating instance of bean 'dataConfiguration'
06:28:15.059 [main] DEBUG o.s.b.f.s.DefaultListableBeanFactory - Creating shared instance of singleton bean 'loginAuditingListener'
06:28:15.059 [main] DEBUG o.s.b.f.s.DefaultListableBeanFactory - Creating instance of bean 'loginAuditingListener'
06:28:15.059 [main] DEBUG o.s.b.f.s.DefaultListableBeanFactory - Eagerly caching bean 'loginAuditingListener' to allow for resolving potential circular references
06:28:15.060 [main] DEBUG o.s.b.f.s.DefaultListableBeanFactory - Returning cached instance of singleton bean 'metaDataSourceAdvisor'
06:28:15.060 [main] DEBUG o.s.b.f.s.DefaultListableBeanFactory - Finished creating instance of bean 'loginAuditingListener'
06:28:15.060 [main] DEBUG o.s.b.f.s.DefaultListableBeanFactory - Creating shared instance of singleton bean 'securityConfig'
06:28:15.060 [main] DEBUG o.s.b.f.s.DefaultListableBeanFactory - Creating instance of bean 'securityConfig'
06:28:15.063 [main] DEBUG o.s.b.f.annotation.InjectionMetadata - Registered injected element on class [edu.ncsu.csc.itrust2.config.SecurityConfig$$EnhancerBySpringCGLIB$$89ded359]: AutowiredMethodElement for public void org.springframework.security.config.annotation.web.configuration.WebSecurityConfigurerAdapter.setApplicationContext(org.springframework.context.ApplicationContext)
06:28:15.063 [main] DEBUG o.s.b.f.annotation.InjectionMetadata - Registered injected element on class [edu.ncsu.csc.itrust2.config.SecurityConfig$$EnhancerBySpringCGLIB$$89ded359]: AutowiredMethodElement for public void org.springframework.security.config.annotation.web.configuration.WebSecurityConfigurerAdapter.setObjectPostProcessor(org.springframework.security.config.annotation.ObjectPostProcessor)
06:28:15.063 [main] DEBUG o.s.b.f.annotation.InjectionMetadata - Registered injected element on class [edu.ncsu.csc.itrust2.config.SecurityConfig$$EnhancerBySpringCGLIB$$89ded359]: AutowiredMethodElement for public void org.springframework.security.config.annotation.web.configuration.WebSecurityConfigurerAdapter.setContentNegotationStrategy(org.springframework.web.accept.ContentNegotiationStrategy)
06:28:15.063 [main] DEBUG o.s.b.f.annotation.InjectionMetadata - Registered injected element on class [edu.ncsu.csc.itrust2.config.SecurityConfig$$EnhancerBySpringCGLIB$$89ded359]: AutowiredMethodElement for public void org.springframework.security.config.annotation.web.configuration.WebSecurityConfigurerAdapter.setAuthenticationConfiguration(org.springframework.security.config.annotation.authentication.configuration.AuthenticationConfiguration)
06:28:15.063 [main] DEBUG o.s.b.f.annotation.InjectionMetadata - Registered injected element on class [edu.ncsu.csc.itrust2.config.SecurityConfig$$EnhancerBySpringCGLIB$$89ded359]: AutowiredMethodElement for public void org.springframework.security.config.annotation.web.configuration.WebSecurityConfigurerAdapter.setTrustResolver(org.springframework.security.authentication.AuthenticationTrustResolver)
06:28:15.063 [main] DEBUG o.s.b.f.annotation.InjectionMetadata - Registered injected element on class [edu.ncsu.csc.itrust2.config.SecurityConfig$$EnhancerBySpringCGLIB$$89ded359]: AutowiredFieldElement for javax.sql.DataSource edu.ncsu.csc.itrust2.config.SecurityConfig.dataSource
06:28:15.063 [main] DEBUG o.s.b.f.annotation.InjectionMetadata - Registered injected element on class [edu.ncsu.csc.itrust2.config.SecurityConfig$$EnhancerBySpringCGLIB$$89ded359]: AutowiredMethodElement for public void edu.ncsu.csc.itrust2.config.SecurityConfig.configureGlobal(org.springframework.security.config.annotation.authentication.builders.AuthenticationManagerBuilder) throws java.lang.Exception
06:28:15.063 [main] DEBUG o.s.b.f.s.DefaultListableBeanFactory - Eagerly caching bean 'securityConfig' to allow for resolving potential circular references
06:28:15.063 [main] DEBUG o.s.b.f.annotation.InjectionMetadata - Processing injected element of bean 'securityConfig': AutowiredMethodElement for public void org.springframework.security.config.annotation.web.configuration.WebSecurityConfigurerAdapter.setApplicationContext(org.springframework.context.ApplicationContext)
06:28:15.063 [main] DEBUG o.s.b.f.a.AutowiredAnnotationBeanPostProcessor - Autowiring by type from bean name 'securityConfig' to bean named 'org.springframework.web.context.support.GenericWebApplicationContext@34b9cc2a'
06:28:15.063 [main] DEBUG o.s.b.f.annotation.InjectionMetadata - Processing injected element of bean 'securityConfig': AutowiredMethodElement for public void org.springframework.security.config.annotation.web.configuration.WebSecurityConfigurerAdapter.setObjectPostProcessor(org.springframework.security.config.annotation.ObjectPostProcessor)
06:28:15.063 [main] DEBUG o.s.b.f.s.DefaultListableBeanFactory - Returning cached instance of singleton bean 'objectPostProcessor'
06:28:15.064 [main] DEBUG o.s.b.f.a.AutowiredAnnotationBeanPostProcessor - Autowiring by type from bean name 'securityConfig' to bean named 'objectPostProcessor'
06:28:15.064 [main] DEBUG o.s.b.f.annotation.InjectionMetadata - Processing injected element of bean 'securityConfig': AutowiredMethodElement for public void org.springframework.security.config.annotation.web.configuration.WebSecurityConfigurerAdapter.setContentNegotationStrategy(org.springframework.web.accept.ContentNegotiationStrategy)
06:28:15.064 [main] DEBUG o.s.b.f.s.DefaultListableBeanFactory - Creating shared instance of singleton bean 'mvcContentNegotiationManager'
06:28:15.064 [main] DEBUG o.s.b.f.s.DefaultListableBeanFactory - Creating instance of bean 'mvcContentNegotiationManager'
06:28:15.064 [main] DEBUG o.s.b.f.s.DefaultListableBeanFactory - Returning cached instance of singleton bean 'org.springframework.web.servlet.config.annotation.DelegatingWebMvcConfiguration'
06:28:15.065 [main] DEBUG o.s.b.f.s.DefaultListableBeanFactory - Eagerly caching bean 'mvcContentNegotiationManager' to allow for resolving potential circular references
06:28:15.066 [main] DEBUG o.s.b.f.s.DefaultListableBeanFactory - Returning cached instance of singleton bean 'metaDataSourceAdvisor'
06:28:15.067 [main] DEBUG o.s.b.f.s.DefaultListableBeanFactory - Finished creating instance of bean 'mvcContentNegotiationManager'
06:28:15.067 [main] DEBUG o.s.b.f.a.AutowiredAnnotationBeanPostProcessor - Autowiring by type from bean name 'securityConfig' to bean named 'mvcContentNegotiationManager'
06:28:15.067 [main] DEBUG o.s.b.f.annotation.InjectionMetadata - Processing injected element of bean 'securityConfig': AutowiredMethodElement for public void org.springframework.security.config.annotation.web.configuration.WebSecurityConfigurerAdapter.setAuthenticationConfiguration(org.springframework.security.config.annotation.authentication.configuration.AuthenticationConfiguration)
06:28:15.067 [main] DEBUG o.s.b.f.s.DefaultListableBeanFactory - Creating shared instance of singleton bean 'org.springframework.security.config.annotation.authentication.configuration.AuthenticationConfiguration'
06:28:15.068 [main] DEBUG o.s.b.f.s.DefaultListableBeanFactory - Creating instance of bean 'org.springframework.security.config.annotation.authentication.configuration.AuthenticationConfiguration'
06:28:15.069 [main] DEBUG o.s.b.f.annotation.InjectionMetadata - Registered injected element on class [org.springframework.security.config.annotation.authentication.configuration.AuthenticationConfiguration$$EnhancerBySpringCGLIB$$e39d279a]: AutowiredMethodElement for public void org.springframework.security.config.annotation.authentication.configuration.AuthenticationConfiguration.setApplicationContext(org.springframework.context.ApplicationContext)
06:28:15.069 [main] DEBUG o.s.b.f.annotation.InjectionMetadata - Registered injected element on class [org.springframework.security.config.annotation.authentication.configuration.AuthenticationConfiguration$$EnhancerBySpringCGLIB$$e39d279a]: AutowiredMethodElement for public void org.springframework.security.config.annotation.authentication.configuration.AuthenticationConfiguration.setGlobalAuthenticationConfigurers(java.util.List) throws java.lang.Exception
06:28:15.069 [main] DEBUG o.s.b.f.annotation.InjectionMetadata - Registered injected element on class [org.springframework.security.config.annotation.authentication.configuration.AuthenticationConfiguration$$EnhancerBySpringCGLIB$$e39d279a]: AutowiredMethodElement for public void org.springframework.security.config.annotation.authentication.configuration.AuthenticationConfiguration.setObjectPostProcessor(org.springframework.security.config.annotation.ObjectPostProcessor)
06:28:15.069 [main] DEBUG o.s.b.f.s.DefaultListableBeanFactory - Eagerly caching bean 'org.springframework.security.config.annotation.authentication.configuration.AuthenticationConfiguration' to allow for resolving potential circular references
06:28:15.069 [main] DEBUG o.s.b.f.annotation.InjectionMetadata - Processing injected element of bean 'org.springframework.security.config.annotation.authentication.configuration.AuthenticationConfiguration': AutowiredMethodElement for public void org.springframework.security.config.annotation.authentication.configuration.AuthenticationConfiguration.setApplicationContext(org.springframework.context.ApplicationContext)
06:28:15.069 [main] DEBUG o.s.b.f.a.AutowiredAnnotationBeanPostProcessor - Autowiring by type from bean name 'org.springframework.security.config.annotation.authentication.configuration.AuthenticationConfiguration' to bean named 'org.springframework.web.context.support.GenericWebApplicationContext@34b9cc2a'
06:28:15.069 [main] DEBUG o.s.b.f.annotation.InjectionMetadata - Processing injected element of bean 'org.springframework.security.config.annotation.authentication.configuration.AuthenticationConfiguration': AutowiredMethodElement for public void org.springframework.security.config.annotation.authentication.configuration.AuthenticationConfiguration.setGlobalAuthenticationConfigurers(java.util.List) throws java.lang.Exception
06:28:15.070 [main] DEBUG o.s.b.f.s.DefaultListableBeanFactory - Creating shared instance of singleton bean 'enableGlobalAuthenticationAutowiredConfigurer'
06:28:15.070 [main] DEBUG o.s.b.f.s.DefaultListableBeanFactory - Creating instance of bean 'enableGlobalAuthenticationAutowiredConfigurer'
06:28:15.071 [main] DEBUG o.s.b.f.s.DefaultListableBeanFactory - Autowiring by type from bean name 'enableGlobalAuthenticationAutowiredConfigurer' via factory method to bean named 'org.springframework.web.context.support.GenericWebApplicationContext@34b9cc2a'
06:28:15.071 [main] DEBUG o.s.b.f.s.DefaultListableBeanFactory - Eagerly caching bean 'enableGlobalAuthenticationAutowiredConfigurer' to allow for resolving potential circular references
06:28:15.072 [main] DEBUG o.s.b.f.s.DefaultListableBeanFactory - Returning cached instance of singleton bean 'metaDataSourceAdvisor'
06:28:15.073 [main] DEBUG o.s.b.f.s.DefaultListableBeanFactory - Finished creating instance of bean 'enableGlobalAuthenticationAutowiredConfigurer'
06:28:15.073 [main] DEBUG o.s.b.f.s.DefaultListableBeanFactory - Creating shared instance of singleton bean 'initializeUserDetailsBeanManagerConfigurer'
06:28:15.073 [main] DEBUG o.s.b.f.s.DefaultListableBeanFactory - Creating instance of bean 'initializeUserDetailsBeanManagerConfigurer'
06:28:15.073 [main] DEBUG o.s.b.f.s.DefaultListableBeanFactory - Autowiring by type from bean name 'initializeUserDetailsBeanManagerConfigurer' via factory method to bean named 'org.springframework.web.context.support.GenericWebApplicationContext@34b9cc2a'
06:28:15.073 [main] DEBUG o.s.b.f.s.DefaultListableBeanFactory - Eagerly caching bean 'initializeUserDetailsBeanManagerConfigurer' to allow for resolving potential circular references
06:28:15.074 [main] DEBUG o.s.b.f.s.DefaultListableBeanFactory - Returning cached instance of singleton bean 'metaDataSourceAdvisor'
06:28:15.075 [main] DEBUG o.s.b.f.s.DefaultListableBeanFactory - Finished creating instance of bean 'initializeUserDetailsBeanManagerConfigurer'
06:28:15.075 [main] DEBUG o.s.b.f.s.DefaultListableBeanFactory - Creating shared instance of singleton bean 'initializeAuthenticationProviderBeanManagerConfigurer'
06:28:15.075 [main] DEBUG o.s.b.f.s.DefaultListableBeanFactory - Creating instance of bean 'initializeAuthenticationProviderBeanManagerConfigurer'
06:28:15.076 [main] DEBUG o.s.b.f.s.DefaultListableBeanFactory - Autowiring by type from bean name 'initializeAuthenticationProviderBeanManagerConfigurer' via factory method to bean named 'org.springframework.web.context.support.GenericWebApplicationContext@34b9cc2a'
06:28:15.076 [main] DEBUG o.s.b.f.s.DefaultListableBeanFactory - Eagerly caching bean 'initializeAuthenticationProviderBeanManagerConfigurer' to allow for resolving potential circular references
06:28:15.077 [main] DEBUG o.s.b.f.s.DefaultListableBeanFactory - Returning cached instance of singleton bean 'metaDataSourceAdvisor'
06:28:15.078 [main] DEBUG o.s.b.f.s.DefaultListableBeanFactory - Finished creating instance of bean 'initializeAuthenticationProviderBeanManagerConfigurer'
06:28:15.078 [main] DEBUG o.s.b.f.a.AutowiredAnnotationBeanPostProcessor - Autowiring by type from bean name 'org.springframework.security.config.annotation.authentication.configuration.AuthenticationConfiguration' to bean named 'enableGlobalAuthenticationAutowiredConfigurer'
06:28:15.078 [main] DEBUG o.s.b.f.a.AutowiredAnnotationBeanPostProcessor - Autowiring by type from bean name 'org.springframework.security.config.annotation.authentication.configuration.AuthenticationConfiguration' to bean named 'initializeUserDetailsBeanManagerConfigurer'
06:28:15.078 [main] DEBUG o.s.b.f.a.AutowiredAnnotationBeanPostProcessor - Autowiring by type from bean name 'org.springframework.security.config.annotation.authentication.configuration.AuthenticationConfiguration' to bean named 'initializeAuthenticationProviderBeanManagerConfigurer'
06:28:15.078 [main] DEBUG o.s.b.f.annotation.InjectionMetadata - Processing injected element of bean 'org.springframework.security.config.annotation.authentication.configuration.AuthenticationConfiguration': AutowiredMethodElement for public void org.springframework.security.config.annotation.authentication.configuration.AuthenticationConfiguration.setObjectPostProcessor(org.springframework.security.config.annotation.ObjectPostProcessor)
06:28:15.079 [main] DEBUG o.s.b.f.s.DefaultListableBeanFactory - Returning cached instance of singleton bean 'objectPostProcessor'
06:28:15.079 [main] DEBUG o.s.b.f.a.AutowiredAnnotationBeanPostProcessor - Autowiring by type from bean name 'org.springframework.security.config.annotation.authentication.configuration.AuthenticationConfiguration' to bean named 'objectPostProcessor'
06:28:15.079 [main] DEBUG o.s.b.f.s.DefaultListableBeanFactory - Returning cached instance of singleton bean 'metaDataSourceAdvisor'
06:28:15.080 [main] DEBUG o.s.b.f.s.DefaultListableBeanFactory - Finished creating instance of bean 'org.springframework.security.config.annotation.authentication.configuration.AuthenticationConfiguration'
06:28:15.080 [main] DEBUG o.s.b.f.a.AutowiredAnnotationBeanPostProcessor - Autowiring by type from bean name 'securityConfig' to bean named 'org.springframework.security.config.annotation.authentication.configuration.AuthenticationConfiguration'
06:28:15.080 [main] DEBUG o.s.b.f.annotation.InjectionMetadata - Processing injected element of bean 'securityConfig': AutowiredMethodElement for public void org.springframework.security.config.annotation.web.configuration.WebSecurityConfigurerAdapter.setTrustResolver(org.springframework.security.authentication.AuthenticationTrustResolver)
06:28:15.081 [main] DEBUG o.s.b.f.annotation.InjectionMetadata - Processing injected element of bean 'securityConfig': AutowiredFieldElement for javax.sql.DataSource edu.ncsu.csc.itrust2.config.SecurityConfig.dataSource
06:28:15.081 [main] DEBUG o.s.b.f.s.DefaultListableBeanFactory - Creating shared instance of singleton bean 'dataSource'
06:28:15.081 [main] DEBUG o.s.b.f.s.DefaultListableBeanFactory - Creating instance of bean 'dataSource'
06:28:15.081 [main] DEBUG o.s.b.f.s.DefaultListableBeanFactory - Returning cached instance of singleton bean 'dataConfiguration'
06:28:15.082 [main] INFO  o.s.j.d.DriverManagerDataSource - Loaded JDBC driver: com.mysql.jdbc.Driver
06:28:15.082 [main] DEBUG o.s.b.f.s.DefaultListableBeanFactory - Eagerly caching bean 'dataSource' to allow for resolving potential circular references
06:28:15.082 [main] DEBUG o.s.b.f.s.DefaultListableBeanFactory - Returning cached instance of singleton bean 'metaDataSourceAdvisor'
06:28:15.084 [main] DEBUG o.s.b.f.s.DefaultListableBeanFactory - Finished creating instance of bean 'dataSource'
06:28:15.084 [main] DEBUG o.s.b.f.a.AutowiredAnnotationBeanPostProcessor - Autowiring by type from bean name 'securityConfig' to bean named 'dataSource'
06:28:15.084 [main] DEBUG o.s.b.f.annotation.InjectionMetadata - Processing injected element of bean 'securityConfig': AutowiredMethodElement for public void edu.ncsu.csc.itrust2.config.SecurityConfig.configureGlobal(org.springframework.security.config.annotation.authentication.builders.AuthenticationManagerBuilder) throws java.lang.Exception
06:28:15.084 [main] DEBUG o.s.b.f.s.DefaultListableBeanFactory - Creating shared instance of singleton bean 'authenticationManagerBuilder'
06:28:15.084 [main] DEBUG o.s.b.f.s.DefaultListableBeanFactory - Creating instance of bean 'authenticationManagerBuilder'
06:28:15.084 [main] DEBUG o.s.b.f.s.DefaultListableBeanFactory - Returning cached instance of singleton bean 'org.springframework.security.config.annotation.authentication.configuration.AuthenticationConfiguration'
06:28:15.085 [main] DEBUG o.s.b.f.s.DefaultListableBeanFactory - Returning cached instance of singleton bean 'objectPostProcessor'
06:28:15.085 [main] DEBUG o.s.b.f.s.DefaultListableBeanFactory - Autowiring by type from bean name 'authenticationManagerBuilder' via factory method to bean named 'objectPostProcessor'
06:28:15.085 [main] DEBUG o.s.b.f.s.DefaultListableBeanFactory - Eagerly caching bean 'authenticationManagerBuilder' to allow for resolving potential circular references
06:28:15.087 [main] DEBUG o.s.b.f.s.DefaultListableBeanFactory - Returning cached instance of singleton bean 'metaDataSourceAdvisor'
06:28:15.090 [main] DEBUG o.s.b.f.s.DefaultListableBeanFactory - Finished creating instance of bean 'authenticationManagerBuilder'
06:28:15.091 [main] DEBUG o.s.b.f.a.AutowiredAnnotationBeanPostProcessor - Autowiring by type from bean name 'securityConfig' to bean named 'authenticationManagerBuilder'
06:28:15.091 [main] DEBUG o.s.b.f.s.DefaultListableBeanFactory - Creating shared instance of singleton bean 'passwordEncoder'
06:28:15.091 [main] DEBUG o.s.b.f.s.DefaultListableBeanFactory - Creating instance of bean 'passwordEncoder'
06:28:15.091 [main] DEBUG o.s.b.f.s.DefaultListableBeanFactory - Returning cached instance of singleton bean 'metaDataSourceAdvisor'
06:28:15.097 [main] DEBUG o.s.b.f.s.DefaultListableBeanFactory - Returning eagerly cached instance of singleton bean 'securityConfig' that is not fully initialized yet - a consequence of a circular reference
06:28:15.097 [main] DEBUG o.s.b.f.s.DefaultListableBeanFactory - Eagerly caching bean 'passwordEncoder' to allow for resolving potential circular references
06:28:15.098 [main] DEBUG o.s.b.f.s.DefaultListableBeanFactory - Returning cached instance of singleton bean 'metaDataSourceAdvisor'
06:28:15.099 [main] DEBUG o.s.b.f.s.DefaultListableBeanFactory - Finished creating instance of bean 'passwordEncoder'
06:28:15.194 [main] DEBUG o.s.b.f.s.DefaultListableBeanFactory - Creating shared instance of singleton bean 'defaultAuthenticationEventPublisher'
06:28:15.194 [main] DEBUG o.s.b.f.s.DefaultListableBeanFactory - Creating instance of bean 'defaultAuthenticationEventPublisher'
06:28:15.194 [main] DEBUG o.s.b.f.s.DefaultListableBeanFactory - Returning eagerly cached instance of singleton bean 'securityConfig' that is not fully initialized yet - a consequence of a circular reference
06:28:15.195 [main] DEBUG o.s.b.f.s.DefaultListableBeanFactory - Eagerly caching bean 'defaultAuthenticationEventPublisher' to allow for resolving potential circular references
06:28:15.197 [main] DEBUG o.s.b.f.s.DefaultListableBeanFactory - Returning cached instance of singleton bean 'metaDataSourceAdvisor'
06:28:15.197 [main] DEBUG o.s.b.f.s.DefaultListableBeanFactory - Finished creating instance of bean 'defaultAuthenticationEventPublisher'
06:28:15.197 [main] DEBUG o.s.b.f.s.DefaultListableBeanFactory - Finished creating instance of bean 'securityConfig'
06:28:15.197 [main] DEBUG o.s.b.f.s.DefaultListableBeanFactory - Creating shared instance of singleton bean 'defaultController'
06:28:15.197 [main] DEBUG o.s.b.f.s.DefaultListableBeanFactory - Creating instance of bean 'defaultController'
06:28:15.198 [main] DEBUG o.s.b.f.s.DefaultListableBeanFactory - Eagerly caching bean 'defaultController' to allow for resolving potential circular references
06:28:15.198 [main] DEBUG o.s.b.f.s.DefaultListableBeanFactory - Returning cached instance of singleton bean 'metaDataSourceAdvisor'
06:28:15.198 [main] DEBUG o.s.b.f.s.DefaultListableBeanFactory - Finished creating instance of bean 'defaultController'
06:28:15.198 [main] DEBUG o.s.b.f.s.DefaultListableBeanFactory - Creating shared instance of singleton bean 'adminController'
06:28:15.198 [main] DEBUG o.s.b.f.s.DefaultListableBeanFactory - Creating instance of bean 'adminController'
06:28:15.198 [main] DEBUG o.s.b.f.s.DefaultListableBeanFactory - Eagerly caching bean 'adminController' to allow for resolving potential circular references
06:28:15.199 [main] DEBUG o.s.b.f.s.DefaultListableBeanFactory - Returning cached instance of singleton bean 'metaDataSourceAdvisor'
06:28:15.199 [main] DEBUG o.s.s.a.p.PrePostAnnotationSecurityMetadataSource - @org.springframework.security.access.prepost.PreAuthorize(value=hasRole('ROLE_ADMIN')) found on specific method: public java.lang.String edu.ncsu.csc.itrust2.controllers.admin.AdminController.index(org.springframework.ui.Model)
06:28:15.199 [main] DEBUG o.s.s.a.m.DelegatingMethodSecurityMetadataSource - Caching method [CacheKey[edu.ncsu.csc.itrust2.controllers.admin.AdminController; public java.lang.String edu.ncsu.csc.itrust2.controllers.admin.AdminController.index(org.springframework.ui.Model)]] with attributes [[authorize: 'hasRole('ROLE_ADMIN')', filter: 'null', filterTarget: 'null']]
06:28:15.199 [main] DEBUG o.s.a.f.a.InfrastructureAdvisorAutoProxyCreator - Creating implicit proxy for bean 'adminController' with 0 common interceptors and 1 specific interceptors
06:28:15.199 [main] DEBUG o.s.aop.framework.CglibAopProxy - Creating CGLIB proxy: target source is SingletonTargetSource for target object [edu.ncsu.csc.itrust2.controllers.admin.AdminController@262ad783]
06:28:15.199 [main] DEBUG o.s.b.f.s.DefaultListableBeanFactory - Creating shared instance of singleton bean 'methodSecurityInterceptor'
06:28:15.199 [main] DEBUG o.s.b.f.s.DefaultListableBeanFactory - Creating instance of bean 'methodSecurityInterceptor'
06:28:15.199 [main] DEBUG o.s.b.f.s.DefaultListableBeanFactory - Returning cached instance of singleton bean 'org.springframework.security.config.annotation.method.configuration.GlobalMethodSecurityConfiguration'
06:28:15.200 [main] DEBUG o.s.b.f.s.DefaultListableBeanFactory - Returning cached instance of singleton bean 'methodSecurityMetadataSource'
06:28:15.200 [main] DEBUG o.s.b.f.s.DefaultListableBeanFactory - Eagerly caching bean 'methodSecurityInterceptor' to allow for resolving potential circular references
06:28:15.203 [main] DEBUG o.s.b.f.s.DefaultListableBeanFactory - Invoking afterPropertiesSet() on bean with name 'methodSecurityInterceptor'
06:28:15.204 [main] DEBUG o.s.s.a.i.a.MethodSecurityInterceptor - Validated configuration attributes
06:28:15.204 [main] DEBUG o.s.b.f.s.DefaultListableBeanFactory - Finished creating instance of bean 'methodSecurityInterceptor'
06:28:15.204 [main] DEBUG o.s.aop.framework.CglibAopProxy - Unable to apply any optimisations to advised method: public java.lang.String edu.ncsu.csc.itrust2.controllers.admin.AdminController.index(org.springframework.ui.Model)
06:28:15.204 [main] DEBUG o.s.aop.framework.CglibAopProxy - Found 'equals' method: public boolean java.lang.Object.equals(java.lang.Object)
06:28:15.204 [main] DEBUG o.s.aop.framework.CglibAopProxy - Unable to apply any optimisations to advised method: public java.lang.String java.lang.Object.toString()
06:28:15.204 [main] DEBUG o.s.aop.framework.CglibAopProxy - Found 'hashCode' method: public native int java.lang.Object.hashCode()
06:28:15.204 [main] DEBUG o.s.aop.framework.CglibAopProxy - Unable to apply any optimisations to advised method: protected native java.lang.Object java.lang.Object.clone() throws java.lang.CloneNotSupportedException
06:28:15.204 [main] DEBUG o.s.aop.framework.CglibAopProxy - Method is declared on Advised interface: public abstract boolean org.springframework.aop.framework.Advised.removeAdvice(org.aopalliance.aop.Advice)
06:28:15.204 [main] DEBUG o.s.aop.framework.CglibAopProxy - Method is declared on Advised interface: public abstract java.lang.String org.springframework.aop.framework.Advised.toProxyConfigString()
06:28:15.204 [main] DEBUG o.s.aop.framework.CglibAopProxy - Method is declared on Advised interface: public abstract void org.springframework.aop.framework.Advised.addAdvice(org.aopalliance.aop.Advice) throws org.springframework.aop.framework.AopConfigException
06:28:15.204 [main] DEBUG o.s.aop.framework.CglibAopProxy - Method is declared on Advised interface: public abstract void org.springframework.aop.framework.Advised.addAdvice(int,org.aopalliance.aop.Advice) throws org.springframework.aop.framework.AopConfigException
06:28:15.204 [main] DEBUG o.s.aop.framework.CglibAopProxy - Method is declared on Advised interface: public abstract org.springframework.aop.TargetSource org.springframework.aop.framework.Advised.getTargetSource()
06:28:15.204 [main] DEBUG o.s.aop.framework.CglibAopProxy - Method is declared on Advised interface: public abstract boolean org.springframework.aop.framework.Advised.isProxyTargetClass()
06:28:15.204 [main] DEBUG o.s.aop.framework.CglibAopProxy - Method is declared on Advised interface: public abstract void org.springframework.aop.framework.Advised.addAdvisor(org.springframework.aop.Advisor) throws org.springframework.aop.framework.AopConfigException
06:28:15.204 [main] DEBUG o.s.aop.framework.CglibAopProxy - Method is declared on Advised interface: public abstract void org.springframework.aop.framework.Advised.addAdvisor(int,org.springframework.aop.Advisor) throws org.springframework.aop.framework.AopConfigException
06:28:15.204 [main] DEBUG o.s.aop.framework.CglibAopProxy - Method is declared on Advised interface: public abstract void org.springframework.aop.framework.Advised.setPreFiltered(boolean)
06:28:15.204 [main] DEBUG o.s.aop.framework.CglibAopProxy - Method is declared on Advised interface: public abstract void org.springframework.aop.framework.Advised.setExposeProxy(boolean)
06:28:15.204 [main] DEBUG o.s.aop.framework.CglibAopProxy - Method is declared on Advised interface: public abstract boolean org.springframework.aop.framework.Advised.isExposeProxy()
06:28:15.204 [main] DEBUG o.s.aop.framework.CglibAopProxy - Method is declared on Advised interface: public abstract void org.springframework.aop.framework.Advised.setTargetSource(org.springframework.aop.TargetSource)
06:28:15.204 [main] DEBUG o.s.aop.framework.CglibAopProxy - Method is declared on Advised interface: public abstract boolean org.springframework.aop.framework.Advised.isPreFiltered()
06:28:15.204 [main] DEBUG o.s.aop.framework.CglibAopProxy - Method is declared on Advised interface: public abstract java.lang.Class[] org.springframework.aop.framework.Advised.getProxiedInterfaces()
06:28:15.204 [main] DEBUG o.s.aop.framework.CglibAopProxy - Method is declared on Advised interface: public abstract boolean org.springframework.aop.framework.Advised.isInterfaceProxied(java.lang.Class)
06:28:15.204 [main] DEBUG o.s.aop.framework.CglibAopProxy - Method is declared on Advised interface: public abstract org.springframework.aop.Advisor[] org.springframework.aop.framework.Advised.getAdvisors()
06:28:15.204 [main] DEBUG o.s.aop.framework.CglibAopProxy - Method is declared on Advised interface: public abstract void org.springframework.aop.framework.Advised.removeAdvisor(int) throws org.springframework.aop.framework.AopConfigException
06:28:15.204 [main] DEBUG o.s.aop.framework.CglibAopProxy - Method is declared on Advised interface: public abstract boolean org.springframework.aop.framework.Advised.removeAdvisor(org.springframework.aop.Advisor)
06:28:15.204 [main] DEBUG o.s.aop.framework.CglibAopProxy - Method is declared on Advised interface: public abstract boolean org.springframework.aop.framework.Advised.replaceAdvisor(org.springframework.aop.Advisor,org.springframework.aop.Advisor) throws org.springframework.aop.framework.AopConfigException
06:28:15.204 [main] DEBUG o.s.aop.framework.CglibAopProxy - Method is declared on Advised interface: public abstract int org.springframework.aop.framework.Advised.indexOf(org.aopalliance.aop.Advice)
06:28:15.204 [main] DEBUG o.s.aop.framework.CglibAopProxy - Method is declared on Advised interface: public abstract int org.springframework.aop.framework.Advised.indexOf(org.springframework.aop.Advisor)
06:28:15.204 [main] DEBUG o.s.aop.framework.CglibAopProxy - Method is declared on Advised interface: public abstract boolean org.springframework.aop.framework.Advised.isFrozen()
06:28:15.204 [main] DEBUG o.s.aop.framework.CglibAopProxy - Method is declared on Advised interface: public abstract java.lang.Class org.springframework.aop.TargetClassAware.getTargetClass()
06:28:15.210 [main] DEBUG o.s.b.f.s.DefaultListableBeanFactory - Finished creating instance of bean 'adminController'
06:28:15.210 [main] DEBUG o.s.b.f.s.DefaultListableBeanFactory - Creating shared instance of singleton bean 'adminUserController'
06:28:15.210 [main] DEBUG o.s.b.f.s.DefaultListableBeanFactory - Creating instance of bean 'adminUserController'
06:28:15.210 [main] DEBUG o.s.b.f.s.DefaultListableBeanFactory - Eagerly caching bean 'adminUserController' to allow for resolving potential circular references
06:28:15.211 [main] DEBUG o.s.b.f.s.DefaultListableBeanFactory - Returning cached instance of singleton bean 'metaDataSourceAdvisor'
06:28:15.211 [main] DEBUG o.s.s.a.p.PrePostAnnotationSecurityMetadataSource - @org.springframework.security.access.prepost.PreAuthorize(value=hasRole('ROLE_ADMIN')) found on specific method: public java.lang.String edu.ncsu.csc.itrust2.controllers.admin.AdminUserController.addUserSubmit(edu.ncsu.csc.itrust2.forms.admin.UserForm,org.springframework.validation.BindingResult,org.springframework.ui.Model)
06:28:15.211 [main] DEBUG o.s.s.a.m.DelegatingMethodSecurityMetadataSource - Caching method [CacheKey[edu.ncsu.csc.itrust2.controllers.admin.AdminUserController; public java.lang.String edu.ncsu.csc.itrust2.controllers.admin.AdminUserController.addUserSubmit(edu.ncsu.csc.itrust2.forms.admin.UserForm,org.springframework.validation.BindingResult,org.springframework.ui.Model)]] with attributes [[authorize: 'hasRole('ROLE_ADMIN')', filter: 'null', filterTarget: 'null']]
06:28:15.211 [main] DEBUG o.s.a.f.a.InfrastructureAdvisorAutoProxyCreator - Creating implicit proxy for bean 'adminUserController' with 0 common interceptors and 1 specific interceptors
06:28:15.211 [main] DEBUG o.s.aop.framework.CglibAopProxy - Creating CGLIB proxy: target source is SingletonTargetSource for target object [edu.ncsu.csc.itrust2.controllers.admin.AdminUserController@121e9621]
06:28:15.211 [main] DEBUG o.s.aop.framework.CglibAopProxy - Unable to apply any optimisations to advised method: public java.lang.String edu.ncsu.csc.itrust2.controllers.admin.AdminUserController.addUserSubmit(edu.ncsu.csc.itrust2.forms.admin.UserForm,org.springframework.validation.BindingResult,org.springframework.ui.Model)
06:28:15.212 [main] DEBUG o.s.s.a.p.PrePostAnnotationSecurityMetadataSource - @org.springframework.security.access.prepost.PreAuthorize(value=hasRole('ROLE_ADMIN')) found on specific method: public java.lang.String edu.ncsu.csc.itrust2.controllers.admin.AdminUserController.deleteUser(org.springframework.ui.Model)
06:28:15.212 [main] DEBUG o.s.s.a.m.DelegatingMethodSecurityMetadataSource - Caching method [CacheKey[edu.ncsu.csc.itrust2.controllers.admin.AdminUserController; public java.lang.String edu.ncsu.csc.itrust2.controllers.admin.AdminUserController.deleteUser(org.springframework.ui.Model)]] with attributes [[authorize: 'hasRole('ROLE_ADMIN')', filter: 'null', filterTarget: 'null']]
06:28:15.212 [main] DEBUG o.s.aop.framework.CglibAopProxy - Unable to apply any optimisations to advised method: public java.lang.String edu.ncsu.csc.itrust2.controllers.admin.AdminUserController.deleteUser(org.springframework.ui.Model)
06:28:15.212 [main] DEBUG o.s.s.a.p.PrePostAnnotationSecurityMetadataSource - @org.springframework.security.access.prepost.PreAuthorize(value=hasRole('ROLE_ADMIN')) found on specific method: public java.lang.String edu.ncsu.csc.itrust2.controllers.admin.AdminUserController.deleteUserSubmit(edu.ncsu.csc.itrust2.forms.admin.DeleteUserForm,org.springframework.validation.BindingResult,org.springframework.ui.Model)
06:28:15.212 [main] DEBUG o.s.s.a.m.DelegatingMethodSecurityMetadataSource - Caching method [CacheKey[edu.ncsu.csc.itrust2.controllers.admin.AdminUserController; public java.lang.String edu.ncsu.csc.itrust2.controllers.admin.AdminUserController.deleteUserSubmit(edu.ncsu.csc.itrust2.forms.admin.DeleteUserForm,org.springframework.validation.BindingResult,org.springframework.ui.Model)]] with attributes [[authorize: 'hasRole('ROLE_ADMIN')', filter: 'null', filterTarget: 'null']]
06:28:15.212 [main] DEBUG o.s.aop.framework.CglibAopProxy - Unable to apply any optimisations to advised method: public java.lang.String edu.ncsu.csc.itrust2.controllers.admin.AdminUserController.deleteUserSubmit(edu.ncsu.csc.itrust2.forms.admin.DeleteUserForm,org.springframework.validation.BindingResult,org.springframework.ui.Model)
06:28:15.212 [main] DEBUG o.s.s.a.p.PrePostAnnotationSecurityMetadataSource - @org.springframework.security.access.prepost.PreAuthorize(value=hasRole('ROLE_ADMIN')) found on specific method: public java.lang.String edu.ncsu.csc.itrust2.controllers.admin.AdminUserController.drugs(org.springframework.ui.Model)
06:28:15.212 [main] DEBUG o.s.s.a.m.DelegatingMethodSecurityMetadataSource - Caching method [CacheKey[edu.ncsu.csc.itrust2.controllers.admin.AdminUserController; public java.lang.String edu.ncsu.csc.itrust2.controllers.admin.AdminUserController.drugs(org.springframework.ui.Model)]] with attributes [[authorize: 'hasRole('ROLE_ADMIN')', filter: 'null', filterTarget: 'null']]
06:28:15.212 [main] DEBUG o.s.aop.framework.CglibAopProxy - Unable to apply any optimisations to advised method: public java.lang.String edu.ncsu.csc.itrust2.controllers.admin.AdminUserController.drugs(org.springframework.ui.Model)
06:28:15.212 [main] DEBUG o.s.s.a.p.PrePostAnnotationSecurityMetadataSource - @org.springframework.security.access.prepost.PreAuthorize(value=hasRole('ROLE_ADMIN')) found on specific method: public java.lang.String edu.ncsu.csc.itrust2.controllers.admin.AdminUserController.addUser(org.springframework.ui.Model)
06:28:15.212 [main] DEBUG o.s.s.a.m.DelegatingMethodSecurityMetadataSource - Caching method [CacheKey[edu.ncsu.csc.itrust2.controllers.admin.AdminUserController; public java.lang.String edu.ncsu.csc.itrust2.controllers.admin.AdminUserController.addUser(org.springframework.ui.Model)]] with attributes [[authorize: 'hasRole('ROLE_ADMIN')', filter: 'null', filterTarget: 'null']]
06:28:15.212 [main] DEBUG o.s.aop.framework.CglibAopProxy - Unable to apply any optimisations to advised method: public java.lang.String edu.ncsu.csc.itrust2.controllers.admin.AdminUserController.addUser(org.springframework.ui.Model)
06:28:15.212 [main] DEBUG o.s.aop.framework.CglibAopProxy - Found 'equals' method: public boolean java.lang.Object.equals(java.lang.Object)
06:28:15.212 [main] DEBUG o.s.aop.framework.CglibAopProxy - Unable to apply any optimisations to advised method: public java.lang.String java.lang.Object.toString()
06:28:15.212 [main] DEBUG o.s.aop.framework.CglibAopProxy - Found 'hashCode' method: public native int java.lang.Object.hashCode()
06:28:15.212 [main] DEBUG o.s.aop.framework.CglibAopProxy - Unable to apply any optimisations to advised method: protected native java.lang.Object java.lang.Object.clone() throws java.lang.CloneNotSupportedException
06:28:15.212 [main] DEBUG o.s.aop.framework.CglibAopProxy - Method is declared on Advised interface: public abstract boolean org.springframework.aop.framework.Advised.removeAdvice(org.aopalliance.aop.Advice)
06:28:15.212 [main] DEBUG o.s.aop.framework.CglibAopProxy - Method is declared on Advised interface: public abstract java.lang.String org.springframework.aop.framework.Advised.toProxyConfigString()
06:28:15.212 [main] DEBUG o.s.aop.framework.CglibAopProxy - Method is declared on Advised interface: public abstract void org.springframework.aop.framework.Advised.addAdvice(org.aopalliance.aop.Advice) throws org.springframework.aop.framework.AopConfigException
06:28:15.212 [main] DEBUG o.s.aop.framework.CglibAopProxy - Method is declared on Advised interface: public abstract void org.springframework.aop.framework.Advised.addAdvice(int,org.aopalliance.aop.Advice) throws org.springframework.aop.framework.AopConfigException
06:28:15.212 [main] DEBUG o.s.aop.framework.CglibAopProxy - Method is declared on Advised interface: public abstract org.springframework.aop.TargetSource org.springframework.aop.framework.Advised.getTargetSource()
06:28:15.212 [main] DEBUG o.s.aop.framework.CglibAopProxy - Method is declared on Advised interface: public abstract boolean org.springframework.aop.framework.Advised.isProxyTargetClass()
06:28:15.212 [main] DEBUG o.s.aop.framework.CglibAopProxy - Method is declared on Advised interface: public abstract void org.springframework.aop.framework.Advised.addAdvisor(org.springframework.aop.Advisor) throws org.springframework.aop.framework.AopConfigException
06:28:15.212 [main] DEBUG o.s.aop.framework.CglibAopProxy - Method is declared on Advised interface: public abstract void org.springframework.aop.framework.Advised.addAdvisor(int,org.springframework.aop.Advisor) throws org.springframework.aop.framework.AopConfigException
06:28:15.212 [main] DEBUG o.s.aop.framework.CglibAopProxy - Method is declared on Advised interface: public abstract void org.springframework.aop.framework.Advised.setPreFiltered(boolean)
06:28:15.212 [main] DEBUG o.s.aop.framework.CglibAopProxy - Method is declared on Advised interface: public abstract void org.springframework.aop.framework.Advised.setExposeProxy(boolean)
06:28:15.212 [main] DEBUG o.s.aop.framework.CglibAopProxy - Method is declared on Advised interface: public abstract boolean org.springframework.aop.framework.Advised.isExposeProxy()
06:28:15.212 [main] DEBUG o.s.aop.framework.CglibAopProxy - Method is declared on Advised interface: public abstract void org.springframework.aop.framework.Advised.setTargetSource(org.springframework.aop.TargetSource)
06:28:15.212 [main] DEBUG o.s.aop.framework.CglibAopProxy - Method is declared on Advised interface: public abstract boolean org.springframework.aop.framework.Advised.isPreFiltered()
06:28:15.212 [main] DEBUG o.s.aop.framework.CglibAopProxy - Method is declared on Advised interface: public abstract java.lang.Class[] org.springframework.aop.framework.Advised.getProxiedInterfaces()
06:28:15.212 [main] DEBUG o.s.aop.framework.CglibAopProxy - Method is declared on Advised interface: public abstract boolean org.springframework.aop.framework.Advised.isInterfaceProxied(java.lang.Class)
06:28:15.212 [main] DEBUG o.s.aop.framework.CglibAopProxy - Method is declared on Advised interface: public abstract org.springframework.aop.Advisor[] org.springframework.aop.framework.Advised.getAdvisors()
06:28:15.212 [main] DEBUG o.s.aop.framework.CglibAopProxy - Method is declared on Advised interface: public abstract void org.springframework.aop.framework.Advised.removeAdvisor(int) throws org.springframework.aop.framework.AopConfigException
06:28:15.212 [main] DEBUG o.s.aop.framework.CglibAopProxy - Method is declared on Advised interface: public abstract boolean org.springframework.aop.framework.Advised.removeAdvisor(org.springframework.aop.Advisor)
06:28:15.212 [main] DEBUG o.s.aop.framework.CglibAopProxy - Method is declared on Advised interface: public abstract boolean org.springframework.aop.framework.Advised.replaceAdvisor(org.springframework.aop.Advisor,org.springframework.aop.Advisor) throws org.springframework.aop.framework.AopConfigException
06:28:15.212 [main] DEBUG o.s.aop.framework.CglibAopProxy - Method is declared on Advised interface: public abstract int org.springframework.aop.framework.Advised.indexOf(org.aopalliance.aop.Advice)
06:28:15.212 [main] DEBUG o.s.aop.framework.CglibAopProxy - Method is declared on Advised interface: public abstract int org.springframework.aop.framework.Advised.indexOf(org.springframework.aop.Advisor)
06:28:15.212 [main] DEBUG o.s.aop.framework.CglibAopProxy - Method is declared on Advised interface: public abstract boolean org.springframework.aop.framework.Advised.isFrozen()
06:28:15.212 [main] DEBUG o.s.aop.framework.CglibAopProxy - Method is declared on Advised interface: public abstract java.lang.Class org.springframework.aop.TargetClassAware.getTargetClass()
06:28:15.218 [main] DEBUG o.s.b.f.s.DefaultListableBeanFactory - Finished creating instance of bean 'adminUserController'
06:28:15.218 [main] DEBUG o.s.b.f.s.DefaultListableBeanFactory - Creating shared instance of singleton bean 'hospitalController'
06:28:15.218 [main] DEBUG o.s.b.f.s.DefaultListableBeanFactory - Creating instance of bean 'hospitalController'
06:28:15.218 [main] DEBUG o.s.b.f.s.DefaultListableBeanFactory - Eagerly caching bean 'hospitalController' to allow for resolving potential circular references
06:28:15.218 [main] DEBUG o.s.b.f.s.DefaultListableBeanFactory - Returning cached instance of singleton bean 'metaDataSourceAdvisor'
06:28:15.218 [main] DEBUG o.s.s.a.p.PrePostAnnotationSecurityMetadataSource - @org.springframework.security.access.prepost.PreAuthorize(value=hasRole('ROLE_ADMIN')) found on specific method: public java.lang.String edu.ncsu.csc.itrust2.controllers.admin.HospitalController.addHospitalSubmit(edu.ncsu.csc.itrust2.forms.admin.HospitalForm,org.springframework.validation.BindingResult,org.springframework.ui.Model)
06:28:15.219 [main] DEBUG o.s.s.a.m.DelegatingMethodSecurityMetadataSource - Caching method [CacheKey[edu.ncsu.csc.itrust2.controllers.admin.HospitalController; public java.lang.String edu.ncsu.csc.itrust2.controllers.admin.HospitalController.addHospitalSubmit(edu.ncsu.csc.itrust2.forms.admin.HospitalForm,org.springframework.validation.BindingResult,org.springframework.ui.Model)]] with attributes [[authorize: 'hasRole('ROLE_ADMIN')', filter: 'null', filterTarget: 'null']]
06:28:15.219 [main] DEBUG o.s.a.f.a.InfrastructureAdvisorAutoProxyCreator - Creating implicit proxy for bean 'hospitalController' with 0 common interceptors and 1 specific interceptors
06:28:15.219 [main] DEBUG o.s.aop.framework.CglibAopProxy - Creating CGLIB proxy: target source is SingletonTargetSource for target object [edu.ncsu.csc.itrust2.controllers.admin.HospitalController@d051f0b]
06:28:15.219 [main] DEBUG o.s.aop.framework.CglibAopProxy - Unable to apply any optimisations to advised method: public java.lang.String edu.ncsu.csc.itrust2.controllers.admin.HospitalController.addHospitalSubmit(edu.ncsu.csc.itrust2.forms.admin.HospitalForm,org.springframework.validation.BindingResult,org.springframework.ui.Model)
06:28:15.220 [main] DEBUG o.s.s.a.p.PrePostAnnotationSecurityMetadataSource - @org.springframework.security.access.prepost.PreAuthorize(value=hasRole('ROLE_ADMIN')) found on specific method: public java.lang.String edu.ncsu.csc.itrust2.controllers.admin.HospitalController.deleteHospital(org.springframework.ui.Model)
06:28:15.220 [main] DEBUG o.s.s.a.m.DelegatingMethodSecurityMetadataSource - Caching method [CacheKey[edu.ncsu.csc.itrust2.controllers.admin.HospitalController; public java.lang.String edu.ncsu.csc.itrust2.controllers.admin.HospitalController.deleteHospital(org.springframework.ui.Model)]] with attributes [[authorize: 'hasRole('ROLE_ADMIN')', filter: 'null', filterTarget: 'null']]
06:28:15.220 [main] DEBUG o.s.aop.framework.CglibAopProxy - Unable to apply any optimisations to advised method: public java.lang.String edu.ncsu.csc.itrust2.controllers.admin.HospitalController.deleteHospital(org.springframework.ui.Model)
06:28:15.220 [main] DEBUG o.s.s.a.p.PrePostAnnotationSecurityMetadataSource - @org.springframework.security.access.prepost.PreAuthorize(value=hasRole('ROLE_ADMIN')) found on specific method: public java.lang.String edu.ncsu.csc.itrust2.controllers.admin.HospitalController.deleteHospitalSubmit(edu.ncsu.csc.itrust2.forms.admin.DeleteHospitalForm,org.springframework.validation.BindingResult,org.springframework.ui.Model)
06:28:15.220 [main] DEBUG o.s.s.a.m.DelegatingMethodSecurityMetadataSource - Caching method [CacheKey[edu.ncsu.csc.itrust2.controllers.admin.HospitalController; public java.lang.String edu.ncsu.csc.itrust2.controllers.admin.HospitalController.deleteHospitalSubmit(edu.ncsu.csc.itrust2.forms.admin.DeleteHospitalForm,org.springframework.validation.BindingResult,org.springframework.ui.Model)]] with attributes [[authorize: 'hasRole('ROLE_ADMIN')', filter: 'null', filterTarget: 'null']]
06:28:15.220 [main] DEBUG o.s.aop.framework.CglibAopProxy - Unable to apply any optimisations to advised method: public java.lang.String edu.ncsu.csc.itrust2.controllers.admin.HospitalController.deleteHospitalSubmit(edu.ncsu.csc.itrust2.forms.admin.DeleteHospitalForm,org.springframework.validation.BindingResult,org.springframework.ui.Model)
06:28:15.220 [main] DEBUG o.s.s.a.p.PrePostAnnotationSecurityMetadataSource - @org.springframework.security.access.prepost.PreAuthorize(value=hasRole('ROLE_ADMIN')) found on specific method: public java.lang.String edu.ncsu.csc.itrust2.controllers.admin.HospitalController.addHospital(org.springframework.ui.Model)
06:28:15.220 [main] DEBUG o.s.s.a.m.DelegatingMethodSecurityMetadataSource - Caching method [CacheKey[edu.ncsu.csc.itrust2.controllers.admin.HospitalController; public java.lang.String edu.ncsu.csc.itrust2.controllers.admin.HospitalController.addHospital(org.springframework.ui.Model)]] with attributes [[authorize: 'hasRole('ROLE_ADMIN')', filter: 'null', filterTarget: 'null']]
06:28:15.220 [main] DEBUG o.s.aop.framework.CglibAopProxy - Unable to apply any optimisations to advised method: public java.lang.String edu.ncsu.csc.itrust2.controllers.admin.HospitalController.addHospital(org.springframework.ui.Model)
06:28:15.220 [main] DEBUG o.s.aop.framework.CglibAopProxy - Found 'equals' method: public boolean java.lang.Object.equals(java.lang.Object)
06:28:15.220 [main] DEBUG o.s.aop.framework.CglibAopProxy - Unable to apply any optimisations to advised method: public java.lang.String java.lang.Object.toString()
06:28:15.220 [main] DEBUG o.s.aop.framework.CglibAopProxy - Found 'hashCode' method: public native int java.lang.Object.hashCode()
06:28:15.220 [main] DEBUG o.s.aop.framework.CglibAopProxy - Unable to apply any optimisations to advised method: protected native java.lang.Object java.lang.Object.clone() throws java.lang.CloneNotSupportedException
06:28:15.220 [main] DEBUG o.s.aop.framework.CglibAopProxy - Method is declared on Advised interface: public abstract boolean org.springframework.aop.framework.Advised.removeAdvice(org.aopalliance.aop.Advice)
06:28:15.220 [main] DEBUG o.s.aop.framework.CglibAopProxy - Method is declared on Advised interface: public abstract java.lang.String org.springframework.aop.framework.Advised.toProxyConfigString()
06:28:15.220 [main] DEBUG o.s.aop.framework.CglibAopProxy - Method is declared on Advised interface: public abstract void org.springframework.aop.framework.Advised.addAdvice(org.aopalliance.aop.Advice) throws org.springframework.aop.framework.AopConfigException
06:28:15.220 [main] DEBUG o.s.aop.framework.CglibAopProxy - Method is declared on Advised interface: public abstract void org.springframework.aop.framework.Advised.addAdvice(int,org.aopalliance.aop.Advice) throws org.springframework.aop.framework.AopConfigException
06:28:15.220 [main] DEBUG o.s.aop.framework.CglibAopProxy - Method is declared on Advised interface: public abstract org.springframework.aop.TargetSource org.springframework.aop.framework.Advised.getTargetSource()
06:28:15.220 [main] DEBUG o.s.aop.framework.CglibAopProxy - Method is declared on Advised interface: public abstract boolean org.springframework.aop.framework.Advised.isProxyTargetClass()
06:28:15.220 [main] DEBUG o.s.aop.framework.CglibAopProxy - Method is declared on Advised interface: public abstract void org.springframework.aop.framework.Advised.addAdvisor(org.springframework.aop.Advisor) throws org.springframework.aop.framework.AopConfigException
06:28:15.220 [main] DEBUG o.s.aop.framework.CglibAopProxy - Method is declared on Advised interface: public abstract void org.springframework.aop.framework.Advised.addAdvisor(int,org.springframework.aop.Advisor) throws org.springframework.aop.framework.AopConfigException
06:28:15.220 [main] DEBUG o.s.aop.framework.CglibAopProxy - Method is declared on Advised interface: public abstract void org.springframework.aop.framework.Advised.setPreFiltered(boolean)
06:28:15.220 [main] DEBUG o.s.aop.framework.CglibAopProxy - Method is declared on Advised interface: public abstract void org.springframework.aop.framework.Advised.setExposeProxy(boolean)
06:28:15.220 [main] DEBUG o.s.aop.framework.CglibAopProxy - Method is declared on Advised interface: public abstract boolean org.springframework.aop.framework.Advised.isExposeProxy()
06:28:15.220 [main] DEBUG o.s.aop.framework.CglibAopProxy - Method is declared on Advised interface: public abstract void org.springframework.aop.framework.Advised.setTargetSource(org.springframework.aop.TargetSource)
06:28:15.220 [main] DEBUG o.s.aop.framework.CglibAopProxy - Method is declared on Advised interface: public abstract boolean org.springframework.aop.framework.Advised.isPreFiltered()
06:28:15.220 [main] DEBUG o.s.aop.framework.CglibAopProxy - Method is declared on Advised interface: public abstract java.lang.Class[] org.springframework.aop.framework.Advised.getProxiedInterfaces()
06:28:15.220 [main] DEBUG o.s.aop.framework.CglibAopProxy - Method is declared on Advised interface: public abstract boolean org.springframework.aop.framework.Advised.isInterfaceProxied(java.lang.Class)
06:28:15.220 [main] DEBUG o.s.aop.framework.CglibAopProxy - Method is declared on Advised interface: public abstract org.springframework.aop.Advisor[] org.springframework.aop.framework.Advised.getAdvisors()
06:28:15.220 [main] DEBUG o.s.aop.framework.CglibAopProxy - Method is declared on Advised interface: public abstract void org.springframework.aop.framework.Advised.removeAdvisor(int) throws org.springframework.aop.framework.AopConfigException
06:28:15.220 [main] DEBUG o.s.aop.framework.CglibAopProxy - Method is declared on Advised interface: public abstract boolean org.springframework.aop.framework.Advised.removeAdvisor(org.springframework.aop.Advisor)
06:28:15.220 [main] DEBUG o.s.aop.framework.CglibAopProxy - Method is declared on Advised interface: public abstract boolean org.springframework.aop.framework.Advised.replaceAdvisor(org.springframework.aop.Advisor,org.springframework.aop.Advisor) throws org.springframework.aop.framework.AopConfigException
06:28:15.220 [main] DEBUG o.s.aop.framework.CglibAopProxy - Method is declared on Advised interface: public abstract int org.springframework.aop.framework.Advised.indexOf(org.aopalliance.aop.Advice)
06:28:15.220 [main] DEBUG o.s.aop.framework.CglibAopProxy - Method is declared on Advised interface: public abstract int org.springframework.aop.framework.Advised.indexOf(org.springframework.aop.Advisor)
06:28:15.220 [main] DEBUG o.s.aop.framework.CglibAopProxy - Method is declared on Advised interface: public abstract boolean org.springframework.aop.framework.Advised.isFrozen()
06:28:15.220 [main] DEBUG o.s.aop.framework.CglibAopProxy - Method is declared on Advised interface: public abstract java.lang.Class org.springframework.aop.TargetClassAware.getTargetClass()
06:28:15.226 [main] DEBUG o.s.b.f.s.DefaultListableBeanFactory - Finished creating instance of bean 'hospitalController'
06:28:15.227 [main] DEBUG o.s.b.f.s.DefaultListableBeanFactory - Creating shared instance of singleton bean 'ICDCodesController'
06:28:15.227 [main] DEBUG o.s.b.f.s.DefaultListableBeanFactory - Creating instance of bean 'ICDCodesController'
06:28:15.227 [main] DEBUG o.s.b.f.s.DefaultListableBeanFactory - Eagerly caching bean 'ICDCodesController' to allow for resolving potential circular references
06:28:15.227 [main] DEBUG o.s.b.f.s.DefaultListableBeanFactory - Returning cached instance of singleton bean 'metaDataSourceAdvisor'
06:28:15.227 [main] DEBUG o.s.s.a.p.PrePostAnnotationSecurityMetadataSource - @org.springframework.security.access.prepost.PreAuthorize(value=hasRole('ROLE_ADMIN')) found on specific method: public java.lang.String edu.ncsu.csc.itrust2.controllers.admin.ICDCodesController.addCode(org.springframework.ui.Model)
06:28:15.227 [main] DEBUG o.s.s.a.m.DelegatingMethodSecurityMetadataSource - Caching method [CacheKey[edu.ncsu.csc.itrust2.controllers.admin.ICDCodesController; public java.lang.String edu.ncsu.csc.itrust2.controllers.admin.ICDCodesController.addCode(org.springframework.ui.Model)]] with attributes [[authorize: 'hasRole('ROLE_ADMIN')', filter: 'null', filterTarget: 'null']]
06:28:15.228 [main] DEBUG o.s.a.f.a.InfrastructureAdvisorAutoProxyCreator - Creating implicit proxy for bean 'ICDCodesController' with 0 common interceptors and 1 specific interceptors
06:28:15.228 [main] DEBUG o.s.aop.framework.CglibAopProxy - Creating CGLIB proxy: target source is SingletonTargetSource for target object [edu.ncsu.csc.itrust2.controllers.admin.ICDCodesController@35e68221]
06:28:15.228 [main] DEBUG o.s.aop.framework.CglibAopProxy - Unable to apply any optimisations to advised method: public java.lang.String edu.ncsu.csc.itrust2.controllers.admin.ICDCodesController.addCode(org.springframework.ui.Model)
06:28:15.228 [main] DEBUG o.s.aop.framework.CglibAopProxy - Found 'equals' method: public boolean java.lang.Object.equals(java.lang.Object)
06:28:15.228 [main] DEBUG o.s.aop.framework.CglibAopProxy - Unable to apply any optimisations to advised method: public java.lang.String java.lang.Object.toString()
06:28:15.228 [main] DEBUG o.s.aop.framework.CglibAopProxy - Found 'hashCode' method: public native int java.lang.Object.hashCode()
06:28:15.228 [main] DEBUG o.s.aop.framework.CglibAopProxy - Unable to apply any optimisations to advised method: protected native java.lang.Object java.lang.Object.clone() throws java.lang.CloneNotSupportedException
06:28:15.228 [main] DEBUG o.s.aop.framework.CglibAopProxy - Method is declared on Advised interface: public abstract boolean org.springframework.aop.framework.Advised.removeAdvice(org.aopalliance.aop.Advice)
06:28:15.228 [main] DEBUG o.s.aop.framework.CglibAopProxy - Method is declared on Advised interface: public abstract java.lang.String org.springframework.aop.framework.Advised.toProxyConfigString()
06:28:15.228 [main] DEBUG o.s.aop.framework.CglibAopProxy - Method is declared on Advised interface: public abstract void org.springframework.aop.framework.Advised.addAdvice(org.aopalliance.aop.Advice) throws org.springframework.aop.framework.AopConfigException
06:28:15.228 [main] DEBUG o.s.aop.framework.CglibAopProxy - Method is declared on Advised interface: public abstract void org.springframework.aop.framework.Advised.addAdvice(int,org.aopalliance.aop.Advice) throws org.springframework.aop.framework.AopConfigException
06:28:15.228 [main] DEBUG o.s.aop.framework.CglibAopProxy - Method is declared on Advised interface: public abstract org.springframework.aop.TargetSource org.springframework.aop.framework.Advised.getTargetSource()
06:28:15.228 [main] DEBUG o.s.aop.framework.CglibAopProxy - Method is declared on Advised interface: public abstract boolean org.springframework.aop.framework.Advised.isProxyTargetClass()
06:28:15.228 [main] DEBUG o.s.aop.framework.CglibAopProxy - Method is declared on Advised interface: public abstract void org.springframework.aop.framework.Advised.addAdvisor(org.springframework.aop.Advisor) throws org.springframework.aop.framework.AopConfigException
06:28:15.229 [main] DEBUG o.s.aop.framework.CglibAopProxy - Method is declared on Advised interface: public abstract void org.springframework.aop.framework.Advised.addAdvisor(int,org.springframework.aop.Advisor) throws org.springframework.aop.framework.AopConfigException
06:28:15.229 [main] DEBUG o.s.aop.framework.CglibAopProxy - Method is declared on Advised interface: public abstract void org.springframework.aop.framework.Advised.setPreFiltered(boolean)
06:28:15.229 [main] DEBUG o.s.aop.framework.CglibAopProxy - Method is declared on Advised interface: public abstract void org.springframework.aop.framework.Advised.setExposeProxy(boolean)
06:28:15.229 [main] DEBUG o.s.aop.framework.CglibAopProxy - Method is declared on Advised interface: public abstract boolean org.springframework.aop.framework.Advised.isExposeProxy()
06:28:15.229 [main] DEBUG o.s.aop.framework.CglibAopProxy - Method is declared on Advised interface: public abstract void org.springframework.aop.framework.Advised.setTargetSource(org.springframework.aop.TargetSource)
06:28:15.229 [main] DEBUG o.s.aop.framework.CglibAopProxy - Method is declared on Advised interface: public abstract boolean org.springframework.aop.framework.Advised.isPreFiltered()
06:28:15.229 [main] DEBUG o.s.aop.framework.CglibAopProxy - Method is declared on Advised interface: public abstract java.lang.Class[] org.springframework.aop.framework.Advised.getProxiedInterfaces()
06:28:15.229 [main] DEBUG o.s.aop.framework.CglibAopProxy - Method is declared on Advised interface: public abstract boolean org.springframework.aop.framework.Advised.isInterfaceProxied(java.lang.Class)
06:28:15.229 [main] DEBUG o.s.aop.framework.CglibAopProxy - Method is declared on Advised interface: public abstract org.springframework.aop.Advisor[] org.springframework.aop.framework.Advised.getAdvisors()
06:28:15.229 [main] DEBUG o.s.aop.framework.CglibAopProxy - Method is declared on Advised interface: public abstract void org.springframework.aop.framework.Advised.removeAdvisor(int) throws org.springframework.aop.framework.AopConfigException
06:28:15.229 [main] DEBUG o.s.aop.framework.CglibAopProxy - Method is declared on Advised interface: public abstract boolean org.springframework.aop.framework.Advised.removeAdvisor(org.springframework.aop.Advisor)
06:28:15.229 [main] DEBUG o.s.aop.framework.CglibAopProxy - Method is declared on Advised interface: public abstract boolean org.springframework.aop.framework.Advised.replaceAdvisor(org.springframework.aop.Advisor,org.springframework.aop.Advisor) throws org.springframework.aop.framework.AopConfigException
06:28:15.229 [main] DEBUG o.s.aop.framework.CglibAopProxy - Method is declared on Advised interface: public abstract int org.springframework.aop.framework.Advised.indexOf(org.aopalliance.aop.Advice)
06:28:15.229 [main] DEBUG o.s.aop.framework.CglibAopProxy - Method is declared on Advised interface: public abstract int org.springframework.aop.framework.Advised.indexOf(org.springframework.aop.Advisor)
06:28:15.229 [main] DEBUG o.s.aop.framework.CglibAopProxy - Method is declared on Advised interface: public abstract boolean org.springframework.aop.framework.Advised.isFrozen()
06:28:15.229 [main] DEBUG o.s.aop.framework.CglibAopProxy - Method is declared on Advised interface: public abstract java.lang.Class org.springframework.aop.TargetClassAware.getTargetClass()
06:28:15.236 [main] DEBUG o.s.b.f.s.DefaultListableBeanFactory - Finished creating instance of bean 'ICDCodesController'
06:28:15.236 [main] DEBUG o.s.b.f.s.DefaultListableBeanFactory - Creating shared instance of singleton bean 'APIAppointmentRequestController'
06:28:15.236 [main] DEBUG o.s.b.f.s.DefaultListableBeanFactory - Creating instance of bean 'APIAppointmentRequestController'
06:28:15.236 [main] DEBUG o.s.b.f.s.DefaultListableBeanFactory - Eagerly caching bean 'APIAppointmentRequestController' to allow for resolving potential circular references
06:28:15.236 [main] DEBUG o.s.b.f.s.DefaultListableBeanFactory - Returning cached instance of singleton bean 'metaDataSourceAdvisor'
06:28:15.237 [main] DEBUG o.s.b.f.s.DefaultListableBeanFactory - Finished creating instance of bean 'APIAppointmentRequestController'
06:28:15.237 [main] DEBUG o.s.b.f.s.DefaultListableBeanFactory - Creating shared instance of singleton bean 'APIDiagnosisController'
06:28:15.237 [main] DEBUG o.s.b.f.s.DefaultListableBeanFactory - Creating instance of bean 'APIDiagnosisController'
06:28:15.237 [main] DEBUG o.s.b.f.s.DefaultListableBeanFactory - Eagerly caching bean 'APIDiagnosisController' to allow for resolving potential circular references
06:28:15.237 [main] DEBUG o.s.b.f.s.DefaultListableBeanFactory - Returning cached instance of singleton bean 'metaDataSourceAdvisor'
06:28:15.237 [main] DEBUG o.s.b.f.s.DefaultListableBeanFactory - Finished creating instance of bean 'APIDiagnosisController'
06:28:15.237 [main] DEBUG o.s.b.f.s.DefaultListableBeanFactory - Creating shared instance of singleton bean 'APIDrugController'
06:28:15.237 [main] DEBUG o.s.b.f.s.DefaultListableBeanFactory - Creating instance of bean 'APIDrugController'
06:28:15.237 [main] DEBUG o.s.b.f.s.DefaultListableBeanFactory - Eagerly caching bean 'APIDrugController' to allow for resolving potential circular references
06:28:15.237 [main] DEBUG o.s.b.f.s.DefaultListableBeanFactory - Returning cached instance of singleton bean 'metaDataSourceAdvisor'
06:28:15.237 [main] DEBUG o.s.s.a.p.PrePostAnnotationSecurityMetadataSource - @org.springframework.security.access.prepost.PreAuthorize(value=hasRole('ROLE_ADMIN')) found on specific method: public org.springframework.http.ResponseEntity edu.ncsu.csc.itrust2.controllers.api.APIDrugController.addDrug(edu.ncsu.csc.itrust2.forms.admin.DrugForm)
06:28:15.238 [main] DEBUG o.s.s.a.m.DelegatingMethodSecurityMetadataSource - Caching method [CacheKey[edu.ncsu.csc.itrust2.controllers.api.APIDrugController; public org.springframework.http.ResponseEntity edu.ncsu.csc.itrust2.controllers.api.APIDrugController.addDrug(edu.ncsu.csc.itrust2.forms.admin.DrugForm)]] with attributes [[authorize: 'hasRole('ROLE_ADMIN')', filter: 'null', filterTarget: 'null']]
06:28:15.238 [main] DEBUG o.s.a.f.a.InfrastructureAdvisorAutoProxyCreator - Creating implicit proxy for bean 'APIDrugController' with 0 common interceptors and 1 specific interceptors
06:28:15.238 [main] DEBUG o.s.aop.framework.CglibAopProxy - Creating CGLIB proxy: target source is SingletonTargetSource for target object [edu.ncsu.csc.itrust2.controllers.api.APIDrugController@78e627ce]
06:28:15.238 [main] DEBUG o.s.aop.framework.CglibAopProxy - Unable to apply any optimisations to advised method: public org.springframework.http.ResponseEntity edu.ncsu.csc.itrust2.controllers.api.APIDrugController.addDrug(edu.ncsu.csc.itrust2.forms.admin.DrugForm)
06:28:15.238 [main] DEBUG o.s.s.a.p.PrePostAnnotationSecurityMetadataSource - @org.springframework.security.access.prepost.PreAuthorize(value=hasRole('ROLE_ADMIN')) found on specific method: public org.springframework.http.ResponseEntity edu.ncsu.csc.itrust2.controllers.api.APIDrugController.editDrug(edu.ncsu.csc.itrust2.forms.admin.DrugForm)
06:28:15.238 [main] DEBUG o.s.s.a.m.DelegatingMethodSecurityMetadataSource - Caching method [CacheKey[edu.ncsu.csc.itrust2.controllers.api.APIDrugController; public org.springframework.http.ResponseEntity edu.ncsu.csc.itrust2.controllers.api.APIDrugController.editDrug(edu.ncsu.csc.itrust2.forms.admin.DrugForm)]] with attributes [[authorize: 'hasRole('ROLE_ADMIN')', filter: 'null', filterTarget: 'null']]
06:28:15.238 [main] DEBUG o.s.aop.framework.CglibAopProxy - Unable to apply any optimisations to advised method: public org.springframework.http.ResponseEntity edu.ncsu.csc.itrust2.controllers.api.APIDrugController.editDrug(edu.ncsu.csc.itrust2.forms.admin.DrugForm)
06:28:15.238 [main] DEBUG o.s.s.a.p.PrePostAnnotationSecurityMetadataSource - @org.springframework.security.access.prepost.PreAuthorize(value=hasRole('ROLE_ADMIN')) found on specific method: public org.springframework.http.ResponseEntity edu.ncsu.csc.itrust2.controllers.api.APIDrugController.deleteDrug(java.lang.String)
06:28:15.238 [main] DEBUG o.s.s.a.m.DelegatingMethodSecurityMetadataSource - Caching method [CacheKey[edu.ncsu.csc.itrust2.controllers.api.APIDrugController; public org.springframework.http.ResponseEntity edu.ncsu.csc.itrust2.controllers.api.APIDrugController.deleteDrug(java.lang.String)]] with attributes [[authorize: 'hasRole('ROLE_ADMIN')', filter: 'null', filterTarget: 'null']]
06:28:15.238 [main] DEBUG o.s.aop.framework.CglibAopProxy - Unable to apply any optimisations to advised method: public org.springframework.http.ResponseEntity edu.ncsu.csc.itrust2.controllers.api.APIDrugController.deleteDrug(java.lang.String)
06:28:15.238 [main] DEBUG o.s.aop.framework.CglibAopProxy - Unable to apply any optimisations to advised method: public java.util.List edu.ncsu.csc.itrust2.controllers.api.APIDrugController.getDrugs()
06:28:15.239 [main] DEBUG o.s.aop.framework.CglibAopProxy - Found 'equals' method: public boolean java.lang.Object.equals(java.lang.Object)
06:28:15.239 [main] DEBUG o.s.aop.framework.CglibAopProxy - Unable to apply any optimisations to advised method: public java.lang.String java.lang.Object.toString()
06:28:15.239 [main] DEBUG o.s.aop.framework.CglibAopProxy - Found 'hashCode' method: public native int java.lang.Object.hashCode()
06:28:15.239 [main] DEBUG o.s.aop.framework.CglibAopProxy - Unable to apply any optimisations to advised method: protected native java.lang.Object java.lang.Object.clone() throws java.lang.CloneNotSupportedException
06:28:15.239 [main] DEBUG o.s.aop.framework.CglibAopProxy - Method is declared on Advised interface: public abstract boolean org.springframework.aop.framework.Advised.removeAdvice(org.aopalliance.aop.Advice)
06:28:15.239 [main] DEBUG o.s.aop.framework.CglibAopProxy - Method is declared on Advised interface: public abstract java.lang.String org.springframework.aop.framework.Advised.toProxyConfigString()
06:28:15.239 [main] DEBUG o.s.aop.framework.CglibAopProxy - Method is declared on Advised interface: public abstract void org.springframework.aop.framework.Advised.addAdvice(org.aopalliance.aop.Advice) throws org.springframework.aop.framework.AopConfigException
06:28:15.239 [main] DEBUG o.s.aop.framework.CglibAopProxy - Method is declared on Advised interface: public abstract void org.springframework.aop.framework.Advised.addAdvice(int,org.aopalliance.aop.Advice) throws org.springframework.aop.framework.AopConfigException
06:28:15.239 [main] DEBUG o.s.aop.framework.CglibAopProxy - Method is declared on Advised interface: public abstract org.springframework.aop.TargetSource org.springframework.aop.framework.Advised.getTargetSource()
06:28:15.239 [main] DEBUG o.s.aop.framework.CglibAopProxy - Method is declared on Advised interface: public abstract boolean org.springframework.aop.framework.Advised.isProxyTargetClass()
06:28:15.239 [main] DEBUG o.s.aop.framework.CglibAopProxy - Method is declared on Advised interface: public abstract void org.springframework.aop.framework.Advised.addAdvisor(org.springframework.aop.Advisor) throws org.springframework.aop.framework.AopConfigException
06:28:15.239 [main] DEBUG o.s.aop.framework.CglibAopProxy - Method is declared on Advised interface: public abstract void org.springframework.aop.framework.Advised.addAdvisor(int,org.springframework.aop.Advisor) throws org.springframework.aop.framework.AopConfigException
06:28:15.239 [main] DEBUG o.s.aop.framework.CglibAopProxy - Method is declared on Advised interface: public abstract void org.springframework.aop.framework.Advised.setPreFiltered(boolean)
06:28:15.239 [main] DEBUG o.s.aop.framework.CglibAopProxy - Method is declared on Advised interface: public abstract void org.springframework.aop.framework.Advised.setExposeProxy(boolean)
06:28:15.239 [main] DEBUG o.s.aop.framework.CglibAopProxy - Method is declared on Advised interface: public abstract boolean org.springframework.aop.framework.Advised.isExposeProxy()
06:28:15.239 [main] DEBUG o.s.aop.framework.CglibAopProxy - Method is declared on Advised interface: public abstract void org.springframework.aop.framework.Advised.setTargetSource(org.springframework.aop.TargetSource)
06:28:15.239 [main] DEBUG o.s.aop.framework.CglibAopProxy - Method is declared on Advised interface: public abstract boolean org.springframework.aop.framework.Advised.isPreFiltered()
06:28:15.239 [main] DEBUG o.s.aop.framework.CglibAopProxy - Method is declared on Advised interface: public abstract java.lang.Class[] org.springframework.aop.framework.Advised.getProxiedInterfaces()
06:28:15.239 [main] DEBUG o.s.aop.framework.CglibAopProxy - Method is declared on Advised interface: public abstract boolean org.springframework.aop.framework.Advised.isInterfaceProxied(java.lang.Class)
06:28:15.239 [main] DEBUG o.s.aop.framework.CglibAopProxy - Method is declared on Advised interface: public abstract org.springframework.aop.Advisor[] org.springframework.aop.framework.Advised.getAdvisors()
06:28:15.239 [main] DEBUG o.s.aop.framework.CglibAopProxy - Method is declared on Advised interface: public abstract void org.springframework.aop.framework.Advised.removeAdvisor(int) throws org.springframework.aop.framework.AopConfigException
06:28:15.239 [main] DEBUG o.s.aop.framework.CglibAopProxy - Method is declared on Advised interface: public abstract boolean org.springframework.aop.framework.Advised.removeAdvisor(org.springframework.aop.Advisor)
06:28:15.239 [main] DEBUG o.s.aop.framework.CglibAopProxy - Method is declared on Advised interface: public abstract boolean org.springframework.aop.framework.Advised.replaceAdvisor(org.springframework.aop.Advisor,org.springframework.aop.Advisor) throws org.springframework.aop.framework.AopConfigException
06:28:15.239 [main] DEBUG o.s.aop.framework.CglibAopProxy - Method is declared on Advised interface: public abstract int org.springframework.aop.framework.Advised.indexOf(org.aopalliance.aop.Advice)
06:28:15.239 [main] DEBUG o.s.aop.framework.CglibAopProxy - Method is declared on Advised interface: public abstract int org.springframework.aop.framework.Advised.indexOf(org.springframework.aop.Advisor)
06:28:15.239 [main] DEBUG o.s.aop.framework.CglibAopProxy - Method is declared on Advised interface: public abstract boolean org.springframework.aop.framework.Advised.isFrozen()
06:28:15.239 [main] DEBUG o.s.aop.framework.CglibAopProxy - Method is declared on Advised interface: public abstract java.lang.Class org.springframework.aop.TargetClassAware.getTargetClass()
06:28:15.243 [main] DEBUG o.s.b.f.s.DefaultListableBeanFactory - Finished creating instance of bean 'APIDrugController'
06:28:15.244 [main] DEBUG o.s.b.f.s.DefaultListableBeanFactory - Creating shared instance of singleton bean 'APIEnumController'
06:28:15.244 [main] DEBUG o.s.b.f.s.DefaultListableBeanFactory - Creating instance of bean 'APIEnumController'
06:28:15.244 [main] DEBUG o.s.b.f.s.DefaultListableBeanFactory - Eagerly caching bean 'APIEnumController' to allow for resolving potential circular references
06:28:15.244 [main] DEBUG o.s.b.f.s.DefaultListableBeanFactory - Returning cached instance of singleton bean 'metaDataSourceAdvisor'
06:28:15.245 [main] DEBUG o.s.b.f.s.DefaultListableBeanFactory - Finished creating instance of bean 'APIEnumController'
06:28:15.245 [main] DEBUG o.s.b.f.s.DefaultListableBeanFactory - Creating shared instance of singleton bean 'APIHospitalController'
06:28:15.245 [main] DEBUG o.s.b.f.s.DefaultListableBeanFactory - Creating instance of bean 'APIHospitalController'
06:28:15.245 [main] DEBUG o.s.b.f.s.DefaultListableBeanFactory - Eagerly caching bean 'APIHospitalController' to allow for resolving potential circular references
06:28:15.245 [main] DEBUG o.s.b.f.s.DefaultListableBeanFactory - Returning cached instance of singleton bean 'metaDataSourceAdvisor'
06:28:15.246 [main] DEBUG o.s.b.f.s.DefaultListableBeanFactory - Finished creating instance of bean 'APIHospitalController'
06:28:15.246 [main] DEBUG o.s.b.f.s.DefaultListableBeanFactory - Creating shared instance of singleton bean 'APIICDCodeController'
06:28:15.246 [main] DEBUG o.s.b.f.s.DefaultListableBeanFactory - Creating instance of bean 'APIICDCodeController'
06:28:15.246 [main] DEBUG o.s.b.f.s.DefaultListableBeanFactory - Eagerly caching bean 'APIICDCodeController' to allow for resolving potential circular references
06:28:15.246 [main] DEBUG o.s.b.f.s.DefaultListableBeanFactory - Returning cached instance of singleton bean 'metaDataSourceAdvisor'
06:28:15.246 [main] DEBUG o.s.s.a.p.PrePostAnnotationSecurityMetadataSource - @org.springframework.security.access.prepost.PreAuthorize(value=hasRole('ROLE_ADMIN')) found on specific method: public org.springframework.http.ResponseEntity edu.ncsu.csc.itrust2.controllers.api.APIICDCodeController.addCode(edu.ncsu.csc.itrust2.forms.admin.ICDCodeForm)
06:28:15.246 [main] DEBUG o.s.s.a.m.DelegatingMethodSecurityMetadataSource - Caching method [CacheKey[edu.ncsu.csc.itrust2.controllers.api.APIICDCodeController; public org.springframework.http.ResponseEntity edu.ncsu.csc.itrust2.controllers.api.APIICDCodeController.addCode(edu.ncsu.csc.itrust2.forms.admin.ICDCodeForm)]] with attributes [[authorize: 'hasRole('ROLE_ADMIN')', filter: 'null', filterTarget: 'null']]
06:28:15.246 [main] DEBUG o.s.a.f.a.InfrastructureAdvisorAutoProxyCreator - Creating implicit proxy for bean 'APIICDCodeController' with 0 common interceptors and 1 specific interceptors
06:28:15.246 [main] DEBUG o.s.aop.framework.CglibAopProxy - Creating CGLIB proxy: target source is SingletonTargetSource for target object [edu.ncsu.csc.itrust2.controllers.api.APIICDCodeController@497cde09]
06:28:15.247 [main] DEBUG o.s.aop.framework.CglibAopProxy - Unable to apply any optimisations to advised method: public org.springframework.http.ResponseEntity edu.ncsu.csc.itrust2.controllers.api.APIICDCodeController.getCode(java.lang.Long)
06:28:15.247 [main] DEBUG o.s.aop.framework.CglibAopProxy - Unable to apply any optimisations to advised method: public org.springframework.http.ResponseEntity edu.ncsu.csc.itrust2.controllers.api.APIICDCodeController.addCode(edu.ncsu.csc.itrust2.forms.admin.ICDCodeForm)
06:28:15.247 [main] DEBUG o.s.aop.framework.CglibAopProxy - Unable to apply any optimisations to advised method: public java.util.List edu.ncsu.csc.itrust2.controllers.api.APIICDCodeController.getCodes()
06:28:15.247 [main] DEBUG o.s.s.a.p.PrePostAnnotationSecurityMetadataSource - @org.springframework.security.access.prepost.PreAuthorize(value=hasRole('ROLE_ADMIN')) found on specific method: public org.springframework.http.ResponseEntity edu.ncsu.csc.itrust2.controllers.api.APIICDCodeController.updateCode(java.lang.Long,edu.ncsu.csc.itrust2.forms.admin.ICDCodeForm)
06:28:15.247 [main] DEBUG o.s.s.a.m.DelegatingMethodSecurityMetadataSource - Caching method [CacheKey[edu.ncsu.csc.itrust2.controllers.api.APIICDCodeController; public org.springframework.http.ResponseEntity edu.ncsu.csc.itrust2.controllers.api.APIICDCodeController.updateCode(java.lang.Long,edu.ncsu.csc.itrust2.forms.admin.ICDCodeForm)]] with attributes [[authorize: 'hasRole('ROLE_ADMIN')', filter: 'null', filterTarget: 'null']]
06:28:15.247 [main] DEBUG o.s.aop.framework.CglibAopProxy - Unable to apply any optimisations to advised method: public org.springframework.http.ResponseEntity edu.ncsu.csc.itrust2.controllers.api.APIICDCodeController.updateCode(java.lang.Long,edu.ncsu.csc.itrust2.forms.admin.ICDCodeForm)
06:28:15.247 [main] DEBUG o.s.s.a.p.PrePostAnnotationSecurityMetadataSource - @org.springframework.security.access.prepost.PreAuthorize(value=hasRole('ROLE_ADMIN')) found on specific method: public org.springframework.http.ResponseEntity edu.ncsu.csc.itrust2.controllers.api.APIICDCodeController.deleteCode(java.lang.Long)
06:28:15.248 [main] DEBUG o.s.s.a.m.DelegatingMethodSecurityMetadataSource - Caching method [CacheKey[edu.ncsu.csc.itrust2.controllers.api.APIICDCodeController; public org.springframework.http.ResponseEntity edu.ncsu.csc.itrust2.controllers.api.APIICDCodeController.deleteCode(java.lang.Long)]] with attributes [[authorize: 'hasRole('ROLE_ADMIN')', filter: 'null', filterTarget: 'null']]
06:28:15.248 [main] DEBUG o.s.aop.framework.CglibAopProxy - Unable to apply any optimisations to advised method: public org.springframework.http.ResponseEntity edu.ncsu.csc.itrust2.controllers.api.APIICDCodeController.deleteCode(java.lang.Long)
06:28:15.248 [main] DEBUG o.s.aop.framework.CglibAopProxy - Found 'equals' method: public boolean java.lang.Object.equals(java.lang.Object)
06:28:15.248 [main] DEBUG o.s.aop.framework.CglibAopProxy - Unable to apply any optimisations to advised method: public java.lang.String java.lang.Object.toString()
06:28:15.248 [main] DEBUG o.s.aop.framework.CglibAopProxy - Found 'hashCode' method: public native int java.lang.Object.hashCode()
06:28:15.248 [main] DEBUG o.s.aop.framework.CglibAopProxy - Unable to apply any optimisations to advised method: protected native java.lang.Object java.lang.Object.clone() throws java.lang.CloneNotSupportedException
06:28:15.248 [main] DEBUG o.s.aop.framework.CglibAopProxy - Method is declared on Advised interface: public abstract boolean org.springframework.aop.framework.Advised.removeAdvice(org.aopalliance.aop.Advice)
06:28:15.248 [main] DEBUG o.s.aop.framework.CglibAopProxy - Method is declared on Advised interface: public abstract java.lang.String org.springframework.aop.framework.Advised.toProxyConfigString()
06:28:15.248 [main] DEBUG o.s.aop.framework.CglibAopProxy - Method is declared on Advised interface: public abstract void org.springframework.aop.framework.Advised.addAdvice(org.aopalliance.aop.Advice) throws org.springframework.aop.framework.AopConfigException
06:28:15.248 [main] DEBUG o.s.aop.framework.CglibAopProxy - Method is declared on Advised interface: public abstract void org.springframework.aop.framework.Advised.addAdvice(int,org.aopalliance.aop.Advice) throws org.springframework.aop.framework.AopConfigException
06:28:15.248 [main] DEBUG o.s.aop.framework.CglibAopProxy - Method is declared on Advised interface: public abstract org.springframework.aop.TargetSource org.springframework.aop.framework.Advised.getTargetSource()
06:28:15.248 [main] DEBUG o.s.aop.framework.CglibAopProxy - Method is declared on Advised interface: public abstract boolean org.springframework.aop.framework.Advised.isProxyTargetClass()
06:28:15.248 [main] DEBUG o.s.aop.framework.CglibAopProxy - Method is declared on Advised interface: public abstract void org.springframework.aop.framework.Advised.addAdvisor(org.springframework.aop.Advisor) throws org.springframework.aop.framework.AopConfigException
06:28:15.248 [main] DEBUG o.s.aop.framework.CglibAopProxy - Method is declared on Advised interface: public abstract void org.springframework.aop.framework.Advised.addAdvisor(int,org.springframework.aop.Advisor) throws org.springframework.aop.framework.AopConfigException
06:28:15.248 [main] DEBUG o.s.aop.framework.CglibAopProxy - Method is declared on Advised interface: public abstract void org.springframework.aop.framework.Advised.setPreFiltered(boolean)
06:28:15.248 [main] DEBUG o.s.aop.framework.CglibAopProxy - Method is declared on Advised interface: public abstract void org.springframework.aop.framework.Advised.setExposeProxy(boolean)
06:28:15.248 [main] DEBUG o.s.aop.framework.CglibAopProxy - Method is declared on Advised interface: public abstract boolean org.springframework.aop.framework.Advised.isExposeProxy()
06:28:15.248 [main] DEBUG o.s.aop.framework.CglibAopProxy - Method is declared on Advised interface: public abstract void org.springframework.aop.framework.Advised.setTargetSource(org.springframework.aop.TargetSource)
06:28:15.248 [main] DEBUG o.s.aop.framework.CglibAopProxy - Method is declared on Advised interface: public abstract boolean org.springframework.aop.framework.Advised.isPreFiltered()
06:28:15.248 [main] DEBUG o.s.aop.framework.CglibAopProxy - Method is declared on Advised interface: public abstract java.lang.Class[] org.springframework.aop.framework.Advised.getProxiedInterfaces()
06:28:15.248 [main] DEBUG o.s.aop.framework.CglibAopProxy - Method is declared on Advised interface: public abstract boolean org.springframework.aop.framework.Advised.isInterfaceProxied(java.lang.Class)
06:28:15.248 [main] DEBUG o.s.aop.framework.CglibAopProxy - Method is declared on Advised interface: public abstract org.springframework.aop.Advisor[] org.springframework.aop.framework.Advised.getAdvisors()
06:28:15.248 [main] DEBUG o.s.aop.framework.CglibAopProxy - Method is declared on Advised interface: public abstract void org.springframework.aop.framework.Advised.removeAdvisor(int) throws org.springframework.aop.framework.AopConfigException
06:28:15.248 [main] DEBUG o.s.aop.framework.CglibAopProxy - Method is declared on Advised interface: public abstract boolean org.springframework.aop.framework.Advised.removeAdvisor(org.springframework.aop.Advisor)
06:28:15.248 [main] DEBUG o.s.aop.framework.CglibAopProxy - Method is declared on Advised interface: public abstract boolean org.springframework.aop.framework.Advised.replaceAdvisor(org.springframework.aop.Advisor,org.springframework.aop.Advisor) throws org.springframework.aop.framework.AopConfigException
06:28:15.248 [main] DEBUG o.s.aop.framework.CglibAopProxy - Method is declared on Advised interface: public abstract int org.springframework.aop.framework.Advised.indexOf(org.aopalliance.aop.Advice)
06:28:15.248 [main] DEBUG o.s.aop.framework.CglibAopProxy - Method is declared on Advised interface: public abstract int org.springframework.aop.framework.Advised.indexOf(org.springframework.aop.Advisor)
06:28:15.248 [main] DEBUG o.s.aop.framework.CglibAopProxy - Method is declared on Advised interface: public abstract boolean org.springframework.aop.framework.Advised.isFrozen()
06:28:15.248 [main] DEBUG o.s.aop.framework.CglibAopProxy - Method is declared on Advised interface: public abstract java.lang.Class org.springframework.aop.TargetClassAware.getTargetClass()
06:28:15.255 [main] DEBUG o.s.b.f.s.DefaultListableBeanFactory - Finished creating instance of bean 'APIICDCodeController'
06:28:15.255 [main] DEBUG o.s.b.f.s.DefaultListableBeanFactory - Creating shared instance of singleton bean 'APILogEntryController'
06:28:15.255 [main] DEBUG o.s.b.f.s.DefaultListableBeanFactory - Creating instance of bean 'APILogEntryController'
06:28:15.256 [main] DEBUG o.s.b.f.s.DefaultListableBeanFactory - Eagerly caching bean 'APILogEntryController' to allow for resolving potential circular references
06:28:15.256 [main] DEBUG o.s.b.f.s.DefaultListableBeanFactory - Returning cached instance of singleton bean 'metaDataSourceAdvisor'
06:28:15.256 [main] DEBUG o.s.b.f.s.DefaultListableBeanFactory - Finished creating instance of bean 'APILogEntryController'
06:28:15.256 [main] DEBUG o.s.b.f.s.DefaultListableBeanFactory - Creating shared instance of singleton bean 'APIOfficeVisitController'
06:28:15.256 [main] DEBUG o.s.b.f.s.DefaultListableBeanFactory - Creating instance of bean 'APIOfficeVisitController'
06:28:15.256 [main] DEBUG o.s.b.f.s.DefaultListableBeanFactory - Eagerly caching bean 'APIOfficeVisitController' to allow for resolving potential circular references
06:28:15.257 [main] DEBUG o.s.b.f.s.DefaultListableBeanFactory - Returning cached instance of singleton bean 'metaDataSourceAdvisor'
06:28:15.257 [main] DEBUG o.s.s.a.p.PrePostAnnotationSecurityMetadataSource - @org.springframework.security.access.prepost.PreAuthorize(value=hasRole('ROLE_PATIENT')) found on specific method: public java.util.List edu.ncsu.csc.itrust2.controllers.api.APIOfficeVisitController.getMyOfficeVisits()
06:28:15.257 [main] DEBUG o.s.s.a.m.DelegatingMethodSecurityMetadataSource - Caching method [CacheKey[edu.ncsu.csc.itrust2.controllers.api.APIOfficeVisitController; public java.util.List edu.ncsu.csc.itrust2.controllers.api.APIOfficeVisitController.getMyOfficeVisits()]] with attributes [[authorize: 'hasRole('ROLE_PATIENT')', filter: 'null', filterTarget: 'null']]
06:28:15.257 [main] DEBUG o.s.a.f.a.InfrastructureAdvisorAutoProxyCreator - Creating implicit proxy for bean 'APIOfficeVisitController' with 0 common interceptors and 1 specific interceptors
06:28:15.257 [main] DEBUG o.s.aop.framework.CglibAopProxy - Creating CGLIB proxy: target source is SingletonTargetSource for target object [edu.ncsu.csc.itrust2.controllers.api.APIOfficeVisitController@2bc382e2]
06:28:15.257 [main] DEBUG o.s.aop.framework.CglibAopProxy - Unable to apply any optimisations to advised method: public java.util.List edu.ncsu.csc.itrust2.controllers.api.APIOfficeVisitController.getMyOfficeVisits()
06:28:15.258 [main] DEBUG o.s.aop.framework.CglibAopProxy - Unable to apply any optimisations to advised method: public org.springframework.http.ResponseEntity edu.ncsu.csc.itrust2.controllers.api.APIOfficeVisitController.getOfficeVisit(java.lang.Long)
06:28:15.258 [main] DEBUG o.s.aop.framework.CglibAopProxy - Unable to apply any optimisations to advised method: public void edu.ncsu.csc.itrust2.controllers.api.APIOfficeVisitController.deleteOfficeVisits()
06:28:15.258 [main] DEBUG o.s.aop.framework.CglibAopProxy - Unable to apply any optimisations to advised method: public org.springframework.http.ResponseEntity edu.ncsu.csc.itrust2.controllers.api.APIOfficeVisitController.createOfficeVisit(edu.ncsu.csc.itrust2.forms.hcp.OfficeVisitForm)
06:28:15.258 [main] DEBUG o.s.aop.framework.CglibAopProxy - Unable to apply any optimisations to advised method: public org.springframework.http.ResponseEntity edu.ncsu.csc.itrust2.controllers.api.APIOfficeVisitController.deleteOfficeVisit(java.lang.Long)
06:28:15.258 [main] DEBUG o.s.aop.framework.CglibAopProxy - Unable to apply any optimisations to advised method: public org.springframework.http.ResponseEntity edu.ncsu.csc.itrust2.controllers.api.APIOfficeVisitController.updateOfficeVisit(java.lang.Long,edu.ncsu.csc.itrust2.forms.hcp.OfficeVisitForm)
06:28:15.258 [main] DEBUG o.s.s.a.p.PrePostAnnotationSecurityMetadataSource - @org.springframework.security.access.prepost.PreAuthorize(value=hasRole('ROLE_HCP')) found on specific method: public org.springframework.http.ResponseEntity edu.ncsu.csc.itrust2.controllers.api.APIOfficeVisitController.viewOfficeVisitHCP(java.lang.Long,edu.ncsu.csc.itrust2.forms.hcp.OfficeVisitForm)
06:28:15.258 [main] DEBUG o.s.s.a.m.DelegatingMethodSecurityMetadataSource - Caching method [CacheKey[edu.ncsu.csc.itrust2.controllers.api.APIOfficeVisitController; public org.springframework.http.ResponseEntity edu.ncsu.csc.itrust2.controllers.api.APIOfficeVisitController.viewOfficeVisitHCP(java.lang.Long,edu.ncsu.csc.itrust2.forms.hcp.OfficeVisitForm)]] with attributes [[authorize: 'hasRole('ROLE_HCP')', filter: 'null', filterTarget: 'null']]
06:28:15.258 [main] DEBUG o.s.aop.framework.CglibAopProxy - Unable to apply any optimisations to advised method: public org.springframework.http.ResponseEntity edu.ncsu.csc.itrust2.controllers.api.APIOfficeVisitController.viewOfficeVisitHCP(java.lang.Long,edu.ncsu.csc.itrust2.forms.hcp.OfficeVisitForm)
06:28:15.258 [main] DEBUG o.s.s.a.p.PrePostAnnotationSecurityMetadataSource - @org.springframework.security.access.prepost.PreAuthorize(value=hasRole('ROLE_PATIENT')) found on specific method: public org.springframework.http.ResponseEntity edu.ncsu.csc.itrust2.controllers.api.APIOfficeVisitController.viewOfficeVisitPatient(java.lang.Long,edu.ncsu.csc.itrust2.forms.hcp.OfficeVisitForm)
06:28:15.259 [main] DEBUG o.s.s.a.m.DelegatingMethodSecurityMetadataSource - Caching method [CacheKey[edu.ncsu.csc.itrust2.controllers.api.APIOfficeVisitController; public org.springframework.http.ResponseEntity edu.ncsu.csc.itrust2.controllers.api.APIOfficeVisitController.viewOfficeVisitPatient(java.lang.Long,edu.ncsu.csc.itrust2.forms.hcp.OfficeVisitForm)]] with attributes [[authorize: 'hasRole('ROLE_PATIENT')', filter: 'null', filterTarget: 'null']]
06:28:15.259 [main] DEBUG o.s.aop.framework.CglibAopProxy - Unable to apply any optimisations to advised method: public org.springframework.http.ResponseEntity edu.ncsu.csc.itrust2.controllers.api.APIOfficeVisitController.viewOfficeVisitPatient(java.lang.Long,edu.ncsu.csc.itrust2.forms.hcp.OfficeVisitForm)
06:28:15.259 [main] DEBUG o.s.aop.framework.CglibAopProxy - Unable to apply any optimisations to advised method: public java.util.List edu.ncsu.csc.itrust2.controllers.api.APIOfficeVisitController.getOfficeVisits()
06:28:15.259 [main] DEBUG o.s.aop.framework.CglibAopProxy - Found 'equals' method: public boolean java.lang.Object.equals(java.lang.Object)
06:28:15.259 [main] DEBUG o.s.aop.framework.CglibAopProxy - Unable to apply any optimisations to advised method: public java.lang.String java.lang.Object.toString()
06:28:15.259 [main] DEBUG o.s.aop.framework.CglibAopProxy - Found 'hashCode' method: public native int java.lang.Object.hashCode()
06:28:15.259 [main] DEBUG o.s.aop.framework.CglibAopProxy - Unable to apply any optimisations to advised method: protected native java.lang.Object java.lang.Object.clone() throws java.lang.CloneNotSupportedException
06:28:15.259 [main] DEBUG o.s.aop.framework.CglibAopProxy - Method is declared on Advised interface: public abstract boolean org.springframework.aop.framework.Advised.removeAdvice(org.aopalliance.aop.Advice)
06:28:15.259 [main] DEBUG o.s.aop.framework.CglibAopProxy - Method is declared on Advised interface: public abstract java.lang.String org.springframework.aop.framework.Advised.toProxyConfigString()
06:28:15.259 [main] DEBUG o.s.aop.framework.CglibAopProxy - Method is declared on Advised interface: public abstract void org.springframework.aop.framework.Advised.addAdvice(org.aopalliance.aop.Advice) throws org.springframework.aop.framework.AopConfigException
06:28:15.259 [main] DEBUG o.s.aop.framework.CglibAopProxy - Method is declared on Advised interface: public abstract void org.springframework.aop.framework.Advised.addAdvice(int,org.aopalliance.aop.Advice) throws org.springframework.aop.framework.AopConfigException
06:28:15.259 [main] DEBUG o.s.aop.framework.CglibAopProxy - Method is declared on Advised interface: public abstract org.springframework.aop.TargetSource org.springframework.aop.framework.Advised.getTargetSource()
06:28:15.259 [main] DEBUG o.s.aop.framework.CglibAopProxy - Method is declared on Advised interface: public abstract boolean org.springframework.aop.framework.Advised.isProxyTargetClass()
06:28:15.259 [main] DEBUG o.s.aop.framework.CglibAopProxy - Method is declared on Advised interface: public abstract void org.springframework.aop.framework.Advised.addAdvisor(org.springframework.aop.Advisor) throws org.springframework.aop.framework.AopConfigException
06:28:15.259 [main] DEBUG o.s.aop.framework.CglibAopProxy - Method is declared on Advised interface: public abstract void org.springframework.aop.framework.Advised.addAdvisor(int,org.springframework.aop.Advisor) throws org.springframework.aop.framework.AopConfigException
06:28:15.259 [main] DEBUG o.s.aop.framework.CglibAopProxy - Method is declared on Advised interface: public abstract void org.springframework.aop.framework.Advised.setPreFiltered(boolean)
06:28:15.259 [main] DEBUG o.s.aop.framework.CglibAopProxy - Method is declared on Advised interface: public abstract void org.springframework.aop.framework.Advised.setExposeProxy(boolean)
06:28:15.259 [main] DEBUG o.s.aop.framework.CglibAopProxy - Method is declared on Advised interface: public abstract boolean org.springframework.aop.framework.Advised.isExposeProxy()
06:28:15.259 [main] DEBUG o.s.aop.framework.CglibAopProxy - Method is declared on Advised interface: public abstract void org.springframework.aop.framework.Advised.setTargetSource(org.springframework.aop.TargetSource)
06:28:15.259 [main] DEBUG o.s.aop.framework.CglibAopProxy - Method is declared on Advised interface: public abstract boolean org.springframework.aop.framework.Advised.isPreFiltered()
06:28:15.259 [main] DEBUG o.s.aop.framework.CglibAopProxy - Method is declared on Advised interface: public abstract java.lang.Class[] org.springframework.aop.framework.Advised.getProxiedInterfaces()
06:28:15.259 [main] DEBUG o.s.aop.framework.CglibAopProxy - Method is declared on Advised interface: public abstract boolean org.springframework.aop.framework.Advised.isInterfaceProxied(java.lang.Class)
06:28:15.259 [main] DEBUG o.s.aop.framework.CglibAopProxy - Method is declared on Advised interface: public abstract org.springframework.aop.Advisor[] org.springframework.aop.framework.Advised.getAdvisors()
06:28:15.259 [main] DEBUG o.s.aop.framework.CglibAopProxy - Method is declared on Advised interface: public abstract void org.springframework.aop.framework.Advised.removeAdvisor(int) throws org.springframework.aop.framework.AopConfigException
06:28:15.259 [main] DEBUG o.s.aop.framework.CglibAopProxy - Method is declared on Advised interface: public abstract boolean org.springframework.aop.framework.Advised.removeAdvisor(org.springframework.aop.Advisor)
06:28:15.259 [main] DEBUG o.s.aop.framework.CglibAopProxy - Method is declared on Advised interface: public abstract boolean org.springframework.aop.framework.Advised.replaceAdvisor(org.springframework.aop.Advisor,org.springframework.aop.Advisor) throws org.springframework.aop.framework.AopConfigException
06:28:15.259 [main] DEBUG o.s.aop.framework.CglibAopProxy - Method is declared on Advised interface: public abstract int org.springframework.aop.framework.Advised.indexOf(org.aopalliance.aop.Advice)
06:28:15.259 [main] DEBUG o.s.aop.framework.CglibAopProxy - Method is declared on Advised interface: public abstract int org.springframework.aop.framework.Advised.indexOf(org.springframework.aop.Advisor)
06:28:15.259 [main] DEBUG o.s.aop.framework.CglibAopProxy - Method is declared on Advised interface: public abstract boolean org.springframework.aop.framework.Advised.isFrozen()
06:28:15.259 [main] DEBUG o.s.aop.framework.CglibAopProxy - Method is declared on Advised interface: public abstract java.lang.Class org.springframework.aop.TargetClassAware.getTargetClass()
06:28:15.268 [main] DEBUG o.s.b.f.s.DefaultListableBeanFactory - Finished creating instance of bean 'APIOfficeVisitController'
06:28:15.268 [main] DEBUG o.s.b.f.s.DefaultListableBeanFactory - Creating shared instance of singleton bean 'APIPasswordController'
06:28:15.268 [main] DEBUG o.s.b.f.s.DefaultListableBeanFactory - Creating instance of bean 'APIPasswordController'
06:28:15.269 [main] DEBUG o.s.b.f.annotation.InjectionMetadata - Registered injected element on class [edu.ncsu.csc.itrust2.controllers.api.APIPasswordController]: AutowiredFieldElement for org.springframework.core.env.Environment edu.ncsu.csc.itrust2.controllers.api.APIPasswordController.environment
06:28:15.269 [main] DEBUG o.s.b.f.s.DefaultListableBeanFactory - Eagerly caching bean 'APIPasswordController' to allow for resolving potential circular references
06:28:15.269 [main] DEBUG o.s.b.f.annotation.InjectionMetadata - Processing injected element of bean 'APIPasswordController': AutowiredFieldElement for org.springframework.core.env.Environment edu.ncsu.csc.itrust2.controllers.api.APIPasswordController.environment
06:28:15.269 [main] DEBUG o.s.b.f.s.DefaultListableBeanFactory - Returning cached instance of singleton bean 'environment'
06:28:15.270 [main] DEBUG o.s.b.f.a.AutowiredAnnotationBeanPostProcessor - Autowiring by type from bean name 'APIPasswordController' to bean named 'environment'
06:28:15.270 [main] DEBUG o.s.b.f.s.DefaultListableBeanFactory - Returning cached instance of singleton bean 'metaDataSourceAdvisor'
06:28:15.270 [main] DEBUG o.s.b.f.s.DefaultListableBeanFactory - Finished creating instance of bean 'APIPasswordController'
06:28:15.270 [main] DEBUG o.s.b.f.s.DefaultListableBeanFactory - Creating shared instance of singleton bean 'APIPatientController'
06:28:15.270 [main] DEBUG o.s.b.f.s.DefaultListableBeanFactory - Creating instance of bean 'APIPatientController'
06:28:15.271 [main] DEBUG o.s.b.f.s.DefaultListableBeanFactory - Eagerly caching bean 'APIPatientController' to allow for resolving potential circular references
06:28:15.271 [main] DEBUG o.s.b.f.s.DefaultListableBeanFactory - Returning cached instance of singleton bean 'metaDataSourceAdvisor'
06:28:15.271 [main] DEBUG o.s.s.a.p.PrePostAnnotationSecurityMetadataSource - @org.springframework.security.access.prepost.PreAuthorize(value=hasRole('ROLE_PATIENT')) found on specific method: public org.springframework.http.ResponseEntity edu.ncsu.csc.itrust2.controllers.api.APIPatientController.getPatient()
06:28:15.271 [main] DEBUG o.s.s.a.m.DelegatingMethodSecurityMetadataSource - Caching method [CacheKey[edu.ncsu.csc.itrust2.controllers.api.APIPatientController; public org.springframework.http.ResponseEntity edu.ncsu.csc.itrust2.controllers.api.APIPatientController.getPatient()]] with attributes [[authorize: 'hasRole('ROLE_PATIENT')', filter: 'null', filterTarget: 'null']]
06:28:15.271 [main] DEBUG o.s.a.f.a.InfrastructureAdvisorAutoProxyCreator - Creating implicit proxy for bean 'APIPatientController' with 0 common interceptors and 1 specific interceptors
06:28:15.271 [main] DEBUG o.s.aop.framework.CglibAopProxy - Creating CGLIB proxy: target source is SingletonTargetSource for target object [edu.ncsu.csc.itrust2.controllers.api.APIPatientController@11bdaae1]
06:28:15.272 [main] DEBUG o.s.aop.framework.CglibAopProxy - Unable to apply any optimisations to advised method: public org.springframework.http.ResponseEntity edu.ncsu.csc.itrust2.controllers.api.APIPatientController.getPatient(java.lang.String)
06:28:15.272 [main] DEBUG o.s.aop.framework.CglibAopProxy - Unable to apply any optimisations to advised method: public org.springframework.http.ResponseEntity edu.ncsu.csc.itrust2.controllers.api.APIPatientController.getPatient()
06:28:15.272 [main] DEBUG o.s.aop.framework.CglibAopProxy - Unable to apply any optimisations to advised method: public java.util.List edu.ncsu.csc.itrust2.controllers.api.APIPatientController.getPatients()
06:28:15.272 [main] DEBUG o.s.aop.framework.CglibAopProxy - Unable to apply any optimisations to advised method: public org.springframework.http.ResponseEntity edu.ncsu.csc.itrust2.controllers.api.APIPatientController.createPatient(edu.ncsu.csc.itrust2.forms.hcp_patient.PatientForm)
06:28:15.273 [main] DEBUG o.s.aop.framework.CglibAopProxy - Unable to apply any optimisations to advised method: public org.springframework.http.ResponseEntity edu.ncsu.csc.itrust2.controllers.api.APIPatientController.updatePatient(java.lang.String,edu.ncsu.csc.itrust2.forms.hcp_patient.PatientForm)
06:28:15.273 [main] DEBUG o.s.aop.framework.CglibAopProxy - Found 'equals' method: public boolean java.lang.Object.equals(java.lang.Object)
06:28:15.273 [main] DEBUG o.s.aop.framework.CglibAopProxy - Unable to apply any optimisations to advised method: public java.lang.String java.lang.Object.toString()
06:28:15.273 [main] DEBUG o.s.aop.framework.CglibAopProxy - Found 'hashCode' method: public native int java.lang.Object.hashCode()
06:28:15.273 [main] DEBUG o.s.aop.framework.CglibAopProxy - Unable to apply any optimisations to advised method: protected native java.lang.Object java.lang.Object.clone() throws java.lang.CloneNotSupportedException
06:28:15.273 [main] DEBUG o.s.aop.framework.CglibAopProxy - Method is declared on Advised interface: public abstract boolean org.springframework.aop.framework.Advised.removeAdvice(org.aopalliance.aop.Advice)
06:28:15.273 [main] DEBUG o.s.aop.framework.CglibAopProxy - Method is declared on Advised interface: public abstract java.lang.String org.springframework.aop.framework.Advised.toProxyConfigString()
06:28:15.273 [main] DEBUG o.s.aop.framework.CglibAopProxy - Method is declared on Advised interface: public abstract void org.springframework.aop.framework.Advised.addAdvice(org.aopalliance.aop.Advice) throws org.springframework.aop.framework.AopConfigException
06:28:15.273 [main] DEBUG o.s.aop.framework.CglibAopProxy - Method is declared on Advised interface: public abstract void org.springframework.aop.framework.Advised.addAdvice(int,org.aopalliance.aop.Advice) throws org.springframework.aop.framework.AopConfigException
06:28:15.273 [main] DEBUG o.s.aop.framework.CglibAopProxy - Method is declared on Advised interface: public abstract org.springframework.aop.TargetSource org.springframework.aop.framework.Advised.getTargetSource()
06:28:15.273 [main] DEBUG o.s.aop.framework.CglibAopProxy - Method is declared on Advised interface: public abstract boolean org.springframework.aop.framework.Advised.isProxyTargetClass()
06:28:15.273 [main] DEBUG o.s.aop.framework.CglibAopProxy - Method is declared on Advised interface: public abstract void org.springframework.aop.framework.Advised.addAdvisor(org.springframework.aop.Advisor) throws org.springframework.aop.framework.AopConfigException
06:28:15.273 [main] DEBUG o.s.aop.framework.CglibAopProxy - Method is declared on Advised interface: public abstract void org.springframework.aop.framework.Advised.addAdvisor(int,org.springframework.aop.Advisor) throws org.springframework.aop.framework.AopConfigException
06:28:15.273 [main] DEBUG o.s.aop.framework.CglibAopProxy - Method is declared on Advised interface: public abstract void org.springframework.aop.framework.Advised.setPreFiltered(boolean)
06:28:15.273 [main] DEBUG o.s.aop.framework.CglibAopProxy - Method is declared on Advised interface: public abstract void org.springframework.aop.framework.Advised.setExposeProxy(boolean)
06:28:15.273 [main] DEBUG o.s.aop.framework.CglibAopProxy - Method is declared on Advised interface: public abstract boolean org.springframework.aop.framework.Advised.isExposeProxy()
06:28:15.273 [main] DEBUG o.s.aop.framework.CglibAopProxy - Method is declared on Advised interface: public abstract void org.springframework.aop.framework.Advised.setTargetSource(org.springframework.aop.TargetSource)
06:28:15.273 [main] DEBUG o.s.aop.framework.CglibAopProxy - Method is declared on Advised interface: public abstract boolean org.springframework.aop.framework.Advised.isPreFiltered()
06:28:15.273 [main] DEBUG o.s.aop.framework.CglibAopProxy - Method is declared on Advised interface: public abstract java.lang.Class[] org.springframework.aop.framework.Advised.getProxiedInterfaces()
06:28:15.273 [main] DEBUG o.s.aop.framework.CglibAopProxy - Method is declared on Advised interface: public abstract boolean org.springframework.aop.framework.Advised.isInterfaceProxied(java.lang.Class)
06:28:15.273 [main] DEBUG o.s.aop.framework.CglibAopProxy - Method is declared on Advised interface: public abstract org.springframework.aop.Advisor[] org.springframework.aop.framework.Advised.getAdvisors()
06:28:15.273 [main] DEBUG o.s.aop.framework.CglibAopProxy - Method is declared on Advised interface: public abstract void org.springframework.aop.framework.Advised.removeAdvisor(int) throws org.springframework.aop.framework.AopConfigException
06:28:15.273 [main] DEBUG o.s.aop.framework.CglibAopProxy - Method is declared on Advised interface: public abstract boolean org.springframework.aop.framework.Advised.removeAdvisor(org.springframework.aop.Advisor)
06:28:15.273 [main] DEBUG o.s.aop.framework.CglibAopProxy - Method is declared on Advised interface: public abstract boolean org.springframework.aop.framework.Advised.replaceAdvisor(org.springframework.aop.Advisor,org.springframework.aop.Advisor) throws org.springframework.aop.framework.AopConfigException
06:28:15.273 [main] DEBUG o.s.aop.framework.CglibAopProxy - Method is declared on Advised interface: public abstract int org.springframework.aop.framework.Advised.indexOf(org.aopalliance.aop.Advice)
06:28:15.273 [main] DEBUG o.s.aop.framework.CglibAopProxy - Method is declared on Advised interface: public abstract int org.springframework.aop.framework.Advised.indexOf(org.springframework.aop.Advisor)
06:28:15.273 [main] DEBUG o.s.aop.framework.CglibAopProxy - Method is declared on Advised interface: public abstract boolean org.springframework.aop.framework.Advised.isFrozen()
06:28:15.273 [main] DEBUG o.s.aop.framework.CglibAopProxy - Method is declared on Advised interface: public abstract java.lang.Class org.springframework.aop.TargetClassAware.getTargetClass()
06:28:15.282 [main] DEBUG o.s.b.f.s.DefaultListableBeanFactory - Finished creating instance of bean 'APIPatientController'
06:28:15.282 [main] DEBUG o.s.b.f.s.DefaultListableBeanFactory - Creating shared instance of singleton bean 'APIPersonnelController'
06:28:15.282 [main] DEBUG o.s.b.f.s.DefaultListableBeanFactory - Creating instance of bean 'APIPersonnelController'
06:28:15.282 [main] DEBUG o.s.b.f.s.DefaultListableBeanFactory - Eagerly caching bean 'APIPersonnelController' to allow for resolving potential circular references
06:28:15.282 [main] DEBUG o.s.b.f.s.DefaultListableBeanFactory - Returning cached instance of singleton bean 'metaDataSourceAdvisor'
06:28:15.283 [main] DEBUG o.s.b.f.s.DefaultListableBeanFactory - Finished creating instance of bean 'APIPersonnelController'
06:28:15.283 [main] DEBUG o.s.b.f.s.DefaultListableBeanFactory - Creating shared instance of singleton bean 'APIPrescriptionController'
06:28:15.283 [main] DEBUG o.s.b.f.s.DefaultListableBeanFactory - Creating instance of bean 'APIPrescriptionController'
06:28:15.283 [main] DEBUG o.s.b.f.s.DefaultListableBeanFactory - Eagerly caching bean 'APIPrescriptionController' to allow for resolving potential circular references
06:28:15.283 [main] DEBUG o.s.b.f.s.DefaultListableBeanFactory - Returning cached instance of singleton bean 'metaDataSourceAdvisor'
06:28:15.283 [main] DEBUG o.s.s.a.p.PrePostAnnotationSecurityMetadataSource - @org.springframework.security.access.prepost.PreAuthorize(value=hasRole('ROLE_HCP')) found on specific method: public org.springframework.http.ResponseEntity edu.ncsu.csc.itrust2.controllers.api.APIPrescriptionController.addPrescription(edu.ncsu.csc.itrust2.forms.hcp.PrescriptionForm)
06:28:15.283 [main] DEBUG o.s.s.a.m.DelegatingMethodSecurityMetadataSource - Caching method [CacheKey[edu.ncsu.csc.itrust2.controllers.api.APIPrescriptionController; public org.springframework.http.ResponseEntity edu.ncsu.csc.itrust2.controllers.api.APIPrescriptionController.addPrescription(edu.ncsu.csc.itrust2.forms.hcp.PrescriptionForm)]] with attributes [[authorize: 'hasRole('ROLE_HCP')', filter: 'null', filterTarget: 'null']]
06:28:15.284 [main] DEBUG o.s.a.f.a.InfrastructureAdvisorAutoProxyCreator - Creating implicit proxy for bean 'APIPrescriptionController' with 0 common interceptors and 1 specific interceptors
06:28:15.284 [main] DEBUG o.s.aop.framework.CglibAopProxy - Creating CGLIB proxy: target source is SingletonTargetSource for target object [edu.ncsu.csc.itrust2.controllers.api.APIPrescriptionController@2e693002]
06:28:15.284 [main] DEBUG o.s.aop.framework.CglibAopProxy - Unable to apply any optimisations to advised method: public org.springframework.http.ResponseEntity edu.ncsu.csc.itrust2.controllers.api.APIPrescriptionController.addPrescription(edu.ncsu.csc.itrust2.forms.hcp.PrescriptionForm)
06:28:15.284 [main] DEBUG o.s.s.a.p.PrePostAnnotationSecurityMetadataSource - @org.springframework.security.access.prepost.PreAuthorize(value=hasRole('ROLE_HCP')) found on specific method: public org.springframework.http.ResponseEntity edu.ncsu.csc.itrust2.controllers.api.APIPrescriptionController.editPrescription(edu.ncsu.csc.itrust2.forms.hcp.PrescriptionForm)
06:28:15.284 [main] DEBUG o.s.s.a.m.DelegatingMethodSecurityMetadataSource - Caching method [CacheKey[edu.ncsu.csc.itrust2.controllers.api.APIPrescriptionController; public org.springframework.http.ResponseEntity edu.ncsu.csc.itrust2.controllers.api.APIPrescriptionController.editPrescription(edu.ncsu.csc.itrust2.forms.hcp.PrescriptionForm)]] with attributes [[authorize: 'hasRole('ROLE_HCP')', filter: 'null', filterTarget: 'null']]
06:28:15.284 [main] DEBUG o.s.aop.framework.CglibAopProxy - Unable to apply any optimisations to advised method: public org.springframework.http.ResponseEntity edu.ncsu.csc.itrust2.controllers.api.APIPrescriptionController.editPrescription(edu.ncsu.csc.itrust2.forms.hcp.PrescriptionForm)
06:28:15.284 [main] DEBUG o.s.s.a.p.PrePostAnnotationSecurityMetadataSource - @org.springframework.security.access.prepost.PreAuthorize(value=hasRole('ROLE_HCP')) found on specific method: public org.springframework.http.ResponseEntity edu.ncsu.csc.itrust2.controllers.api.APIPrescriptionController.deletePrescription(java.lang.Long)
06:28:15.284 [main] DEBUG o.s.s.a.m.DelegatingMethodSecurityMetadataSource - Caching method [CacheKey[edu.ncsu.csc.itrust2.controllers.api.APIPrescriptionController; public org.springframework.http.ResponseEntity edu.ncsu.csc.itrust2.controllers.api.APIPrescriptionController.deletePrescription(java.lang.Long)]] with attributes [[authorize: 'hasRole('ROLE_HCP')', filter: 'null', filterTarget: 'null']]
06:28:15.284 [main] DEBUG o.s.aop.framework.CglibAopProxy - Unable to apply any optimisations to advised method: public org.springframework.http.ResponseEntity edu.ncsu.csc.itrust2.controllers.api.APIPrescriptionController.deletePrescription(java.lang.Long)
06:28:15.284 [main] DEBUG o.s.s.a.p.PrePostAnnotationSecurityMetadataSource - @org.springframework.security.access.prepost.PreAuthorize(value=hasRole('ROLE_HCP')) found on specific method: public org.springframework.http.ResponseEntity edu.ncsu.csc.itrust2.controllers.api.APIPrescriptionController.getPrescription(java.lang.Long)
06:28:15.285 [main] DEBUG o.s.s.a.m.DelegatingMethodSecurityMetadataSource - Caching method [CacheKey[edu.ncsu.csc.itrust2.controllers.api.APIPrescriptionController; public org.springframework.http.ResponseEntity edu.ncsu.csc.itrust2.controllers.api.APIPrescriptionController.getPrescription(java.lang.Long)]] with attributes [[authorize: 'hasRole('ROLE_HCP')', filter: 'null', filterTarget: 'null']]
06:28:15.285 [main] DEBUG o.s.aop.framework.CglibAopProxy - Unable to apply any optimisations to advised method: public org.springframework.http.ResponseEntity edu.ncsu.csc.itrust2.controllers.api.APIPrescriptionController.getPrescription(java.lang.Long)
06:28:15.285 [main] DEBUG o.s.s.a.p.PrePostAnnotationSecurityMetadataSource - @org.springframework.security.access.prepost.PreAuthorize(value=hasAnyRole('ROLE_HCP', 'ROLE_PATIENT')) found on specific method: public java.util.List edu.ncsu.csc.itrust2.controllers.api.APIPrescriptionController.getPrescriptions()
06:28:15.285 [main] DEBUG o.s.s.a.m.DelegatingMethodSecurityMetadataSource - Caching method [CacheKey[edu.ncsu.csc.itrust2.controllers.api.APIPrescriptionController; public java.util.List edu.ncsu.csc.itrust2.controllers.api.APIPrescriptionController.getPrescriptions()]] with attributes [[authorize: 'hasAnyRole('ROLE_HCP', 'ROLE_PATIENT')', filter: 'null', filterTarget: 'null']]
06:28:15.285 [main] DEBUG o.s.aop.framework.CglibAopProxy - Unable to apply any optimisations to advised method: public java.util.List edu.ncsu.csc.itrust2.controllers.api.APIPrescriptionController.getPrescriptions()
06:28:15.285 [main] DEBUG o.s.aop.framework.CglibAopProxy - Found 'equals' method: public boolean java.lang.Object.equals(java.lang.Object)
06:28:15.285 [main] DEBUG o.s.aop.framework.CglibAopProxy - Unable to apply any optimisations to advised method: public java.lang.String java.lang.Object.toString()
06:28:15.285 [main] DEBUG o.s.aop.framework.CglibAopProxy - Found 'hashCode' method: public native int java.lang.Object.hashCode()
06:28:15.285 [main] DEBUG o.s.aop.framework.CglibAopProxy - Unable to apply any optimisations to advised method: protected native java.lang.Object java.lang.Object.clone() throws java.lang.CloneNotSupportedException
06:28:15.285 [main] DEBUG o.s.aop.framework.CglibAopProxy - Method is declared on Advised interface: public abstract boolean org.springframework.aop.framework.Advised.removeAdvice(org.aopalliance.aop.Advice)
06:28:15.285 [main] DEBUG o.s.aop.framework.CglibAopProxy - Method is declared on Advised interface: public abstract java.lang.String org.springframework.aop.framework.Advised.toProxyConfigString()
06:28:15.285 [main] DEBUG o.s.aop.framework.CglibAopProxy - Method is declared on Advised interface: public abstract void org.springframework.aop.framework.Advised.addAdvice(org.aopalliance.aop.Advice) throws org.springframework.aop.framework.AopConfigException
06:28:15.285 [main] DEBUG o.s.aop.framework.CglibAopProxy - Method is declared on Advised interface: public abstract void org.springframework.aop.framework.Advised.addAdvice(int,org.aopalliance.aop.Advice) throws org.springframework.aop.framework.AopConfigException
06:28:15.285 [main] DEBUG o.s.aop.framework.CglibAopProxy - Method is declared on Advised interface: public abstract org.springframework.aop.TargetSource org.springframework.aop.framework.Advised.getTargetSource()
06:28:15.285 [main] DEBUG o.s.aop.framework.CglibAopProxy - Method is declared on Advised interface: public abstract boolean org.springframework.aop.framework.Advised.isProxyTargetClass()
06:28:15.285 [main] DEBUG o.s.aop.framework.CglibAopProxy - Method is declared on Advised interface: public abstract void org.springframework.aop.framework.Advised.addAdvisor(org.springframework.aop.Advisor) throws org.springframework.aop.framework.AopConfigException
06:28:15.285 [main] DEBUG o.s.aop.framework.CglibAopProxy - Method is declared on Advised interface: public abstract void org.springframework.aop.framework.Advised.addAdvisor(int,org.springframework.aop.Advisor) throws org.springframework.aop.framework.AopConfigException
06:28:15.285 [main] DEBUG o.s.aop.framework.CglibAopProxy - Method is declared on Advised interface: public abstract void org.springframework.aop.framework.Advised.setPreFiltered(boolean)
06:28:15.285 [main] DEBUG o.s.aop.framework.CglibAopProxy - Method is declared on Advised interface: public abstract void org.springframework.aop.framework.Advised.setExposeProxy(boolean)
06:28:15.285 [main] DEBUG o.s.aop.framework.CglibAopProxy - Method is declared on Advised interface: public abstract boolean org.springframework.aop.framework.Advised.isExposeProxy()
06:28:15.285 [main] DEBUG o.s.aop.framework.CglibAopProxy - Method is declared on Advised interface: public abstract void org.springframework.aop.framework.Advised.setTargetSource(org.springframework.aop.TargetSource)
06:28:15.285 [main] DEBUG o.s.aop.framework.CglibAopProxy - Method is declared on Advised interface: public abstract boolean org.springframework.aop.framework.Advised.isPreFiltered()
06:28:15.285 [main] DEBUG o.s.aop.framework.CglibAopProxy - Method is declared on Advised interface: public abstract java.lang.Class[] org.springframework.aop.framework.Advised.getProxiedInterfaces()
06:28:15.285 [main] DEBUG o.s.aop.framework.CglibAopProxy - Method is declared on Advised interface: public abstract boolean org.springframework.aop.framework.Advised.isInterfaceProxied(java.lang.Class)
06:28:15.285 [main] DEBUG o.s.aop.framework.CglibAopProxy - Method is declared on Advised interface: public abstract org.springframework.aop.Advisor[] org.springframework.aop.framework.Advised.getAdvisors()
06:28:15.285 [main] DEBUG o.s.aop.framework.CglibAopProxy - Method is declared on Advised interface: public abstract void org.springframework.aop.framework.Advised.removeAdvisor(int) throws org.springframework.aop.framework.AopConfigException
06:28:15.285 [main] DEBUG o.s.aop.framework.CglibAopProxy - Method is declared on Advised interface: public abstract boolean org.springframework.aop.framework.Advised.removeAdvisor(org.springframework.aop.Advisor)
06:28:15.285 [main] DEBUG o.s.aop.framework.CglibAopProxy - Method is declared on Advised interface: public abstract boolean org.springframework.aop.framework.Advised.replaceAdvisor(org.springframework.aop.Advisor,org.springframework.aop.Advisor) throws org.springframework.aop.framework.AopConfigException
06:28:15.285 [main] DEBUG o.s.aop.framework.CglibAopProxy - Method is declared on Advised interface: public abstract int org.springframework.aop.framework.Advised.indexOf(org.aopalliance.aop.Advice)
06:28:15.285 [main] DEBUG o.s.aop.framework.CglibAopProxy - Method is declared on Advised interface: public abstract int org.springframework.aop.framework.Advised.indexOf(org.springframework.aop.Advisor)
06:28:15.285 [main] DEBUG o.s.aop.framework.CglibAopProxy - Method is declared on Advised interface: public abstract boolean org.springframework.aop.framework.Advised.isFrozen()
06:28:15.285 [main] DEBUG o.s.aop.framework.CglibAopProxy - Method is declared on Advised interface: public abstract java.lang.Class org.springframework.aop.TargetClassAware.getTargetClass()
06:28:15.290 [main] DEBUG o.s.b.f.s.DefaultListableBeanFactory - Finished creating instance of bean 'APIPrescriptionController'
06:28:15.290 [main] DEBUG o.s.b.f.s.DefaultListableBeanFactory - Creating shared instance of singleton bean 'APIUserController'
06:28:15.290 [main] DEBUG o.s.b.f.s.DefaultListableBeanFactory - Creating instance of bean 'APIUserController'
06:28:15.290 [main] DEBUG o.s.b.f.s.DefaultListableBeanFactory - Eagerly caching bean 'APIUserController' to allow for resolving potential circular references
06:28:15.291 [main] DEBUG o.s.b.f.s.DefaultListableBeanFactory - Returning cached instance of singleton bean 'metaDataSourceAdvisor'
06:28:15.291 [main] DEBUG o.s.b.f.s.DefaultListableBeanFactory - Finished creating instance of bean 'APIUserController'
06:28:15.291 [main] DEBUG o.s.b.f.s.DefaultListableBeanFactory - Creating shared instance of singleton bean 'appointmentControllerHCP'
06:28:15.291 [main] DEBUG o.s.b.f.s.DefaultListableBeanFactory - Creating instance of bean 'appointmentControllerHCP'
06:28:15.291 [main] DEBUG o.s.b.f.s.DefaultListableBeanFactory - Eagerly caching bean 'appointmentControllerHCP' to allow for resolving potential circular references
06:28:15.291 [main] DEBUG o.s.b.f.s.DefaultListableBeanFactory - Returning cached instance of singleton bean 'metaDataSourceAdvisor'
06:28:15.291 [main] DEBUG o.s.s.a.p.PrePostAnnotationSecurityMetadataSource - @org.springframework.security.access.prepost.PreAuthorize(value=hasRole('ROLE_HCP')) found on specific method: public java.lang.String edu.ncsu.csc.itrust2.controllers.hcp.AppointmentControllerHCP.requestAppointmentForm(org.springframework.ui.Model)
06:28:15.291 [main] DEBUG o.s.s.a.m.DelegatingMethodSecurityMetadataSource - Caching method [CacheKey[edu.ncsu.csc.itrust2.controllers.hcp.AppointmentControllerHCP; public java.lang.String edu.ncsu.csc.itrust2.controllers.hcp.AppointmentControllerHCP.requestAppointmentForm(org.springframework.ui.Model)]] with attributes [[authorize: 'hasRole('ROLE_HCP')', filter: 'null', filterTarget: 'null']]
06:28:15.292 [main] DEBUG o.s.a.f.a.InfrastructureAdvisorAutoProxyCreator - Creating implicit proxy for bean 'appointmentControllerHCP' with 0 common interceptors and 1 specific interceptors
06:28:15.292 [main] DEBUG o.s.aop.framework.CglibAopProxy - Creating CGLIB proxy: target source is SingletonTargetSource for target object [edu.ncsu.csc.itrust2.controllers.hcp.AppointmentControllerHCP@592d2f59]
06:28:15.292 [main] DEBUG o.s.aop.framework.CglibAopProxy - Unable to apply any optimisations to advised method: public java.lang.String edu.ncsu.csc.itrust2.controllers.hcp.AppointmentControllerHCP.requestAppointmentForm(org.springframework.ui.Model)
06:28:15.292 [main] DEBUG o.s.s.a.p.PrePostAnnotationSecurityMetadataSource - @org.springframework.security.access.prepost.PreAuthorize(value=hasRole('ROLE_HCP')) found on specific method: public java.lang.String edu.ncsu.csc.itrust2.controllers.hcp.AppointmentControllerHCP.appointmentActionSubmit(edu.ncsu.csc.itrust2.forms.patient.AppointmentForm)
06:28:15.292 [main] DEBUG o.s.s.a.m.DelegatingMethodSecurityMetadataSource - Caching method [CacheKey[edu.ncsu.csc.itrust2.controllers.hcp.AppointmentControllerHCP; public java.lang.String edu.ncsu.csc.itrust2.controllers.hcp.AppointmentControllerHCP.appointmentActionSubmit(edu.ncsu.csc.itrust2.forms.patient.AppointmentForm)]] with attributes [[authorize: 'hasRole('ROLE_HCP')', filter: 'null', filterTarget: 'null']]
06:28:15.292 [main] DEBUG o.s.aop.framework.CglibAopProxy - Unable to apply any optimisations to advised method: public java.lang.String edu.ncsu.csc.itrust2.controllers.hcp.AppointmentControllerHCP.appointmentActionSubmit(edu.ncsu.csc.itrust2.forms.patient.AppointmentForm)
06:28:15.292 [main] DEBUG o.s.s.a.p.PrePostAnnotationSecurityMetadataSource - @org.springframework.security.access.prepost.PreAuthorize(value=hasRole('ROLE_HCP')) found on specific method: public java.lang.String edu.ncsu.csc.itrust2.controllers.hcp.AppointmentControllerHCP.upcomingAppointments(org.springframework.ui.Model)
06:28:15.292 [main] DEBUG o.s.s.a.m.DelegatingMethodSecurityMetadataSource - Caching method [CacheKey[edu.ncsu.csc.itrust2.controllers.hcp.AppointmentControllerHCP; public java.lang.String edu.ncsu.csc.itrust2.controllers.hcp.AppointmentControllerHCP.upcomingAppointments(org.springframework.ui.Model)]] with attributes [[authorize: 'hasRole('ROLE_HCP')', filter: 'null', filterTarget: 'null']]
06:28:15.292 [main] DEBUG o.s.aop.framework.CglibAopProxy - Unable to apply any optimisations to advised method: public java.lang.String edu.ncsu.csc.itrust2.controllers.hcp.AppointmentControllerHCP.upcomingAppointments(org.springframework.ui.Model)
06:28:15.292 [main] DEBUG o.s.aop.framework.CglibAopProxy - Found 'equals' method: public boolean java.lang.Object.equals(java.lang.Object)
06:28:15.292 [main] DEBUG o.s.aop.framework.CglibAopProxy - Unable to apply any optimisations to advised method: public java.lang.String java.lang.Object.toString()
06:28:15.292 [main] DEBUG o.s.aop.framework.CglibAopProxy - Found 'hashCode' method: public native int java.lang.Object.hashCode()
06:28:15.292 [main] DEBUG o.s.aop.framework.CglibAopProxy - Unable to apply any optimisations to advised method: protected native java.lang.Object java.lang.Object.clone() throws java.lang.CloneNotSupportedException
06:28:15.292 [main] DEBUG o.s.aop.framework.CglibAopProxy - Method is declared on Advised interface: public abstract boolean org.springframework.aop.framework.Advised.removeAdvice(org.aopalliance.aop.Advice)
06:28:15.292 [main] DEBUG o.s.aop.framework.CglibAopProxy - Method is declared on Advised interface: public abstract java.lang.String org.springframework.aop.framework.Advised.toProxyConfigString()
06:28:15.292 [main] DEBUG o.s.aop.framework.CglibAopProxy - Method is declared on Advised interface: public abstract void org.springframework.aop.framework.Advised.addAdvice(org.aopalliance.aop.Advice) throws org.springframework.aop.framework.AopConfigException
06:28:15.292 [main] DEBUG o.s.aop.framework.CglibAopProxy - Method is declared on Advised interface: public abstract void org.springframework.aop.framework.Advised.addAdvice(int,org.aopalliance.aop.Advice) throws org.springframework.aop.framework.AopConfigException
06:28:15.292 [main] DEBUG o.s.aop.framework.CglibAopProxy - Method is declared on Advised interface: public abstract org.springframework.aop.TargetSource org.springframework.aop.framework.Advised.getTargetSource()
06:28:15.292 [main] DEBUG o.s.aop.framework.CglibAopProxy - Method is declared on Advised interface: public abstract boolean org.springframework.aop.framework.Advised.isProxyTargetClass()
06:28:15.292 [main] DEBUG o.s.aop.framework.CglibAopProxy - Method is declared on Advised interface: public abstract void org.springframework.aop.framework.Advised.addAdvisor(org.springframework.aop.Advisor) throws org.springframework.aop.framework.AopConfigException
06:28:15.292 [main] DEBUG o.s.aop.framework.CglibAopProxy - Method is declared on Advised interface: public abstract void org.springframework.aop.framework.Advised.addAdvisor(int,org.springframework.aop.Advisor) throws org.springframework.aop.framework.AopConfigException
06:28:15.292 [main] DEBUG o.s.aop.framework.CglibAopProxy - Method is declared on Advised interface: public abstract void org.springframework.aop.framework.Advised.setPreFiltered(boolean)
06:28:15.292 [main] DEBUG o.s.aop.framework.CglibAopProxy - Method is declared on Advised interface: public abstract void org.springframework.aop.framework.Advised.setExposeProxy(boolean)
06:28:15.292 [main] DEBUG o.s.aop.framework.CglibAopProxy - Method is declared on Advised interface: public abstract boolean org.springframework.aop.framework.Advised.isExposeProxy()
06:28:15.292 [main] DEBUG o.s.aop.framework.CglibAopProxy - Method is declared on Advised interface: public abstract void org.springframework.aop.framework.Advised.setTargetSource(org.springframework.aop.TargetSource)
06:28:15.292 [main] DEBUG o.s.aop.framework.CglibAopProxy - Method is declared on Advised interface: public abstract boolean org.springframework.aop.framework.Advised.isPreFiltered()
06:28:15.292 [main] DEBUG o.s.aop.framework.CglibAopProxy - Method is declared on Advised interface: public abstract java.lang.Class[] org.springframework.aop.framework.Advised.getProxiedInterfaces()
06:28:15.292 [main] DEBUG o.s.aop.framework.CglibAopProxy - Method is declared on Advised interface: public abstract boolean org.springframework.aop.framework.Advised.isInterfaceProxied(java.lang.Class)
06:28:15.292 [main] DEBUG o.s.aop.framework.CglibAopProxy - Method is declared on Advised interface: public abstract org.springframework.aop.Advisor[] org.springframework.aop.framework.Advised.getAdvisors()
06:28:15.292 [main] DEBUG o.s.aop.framework.CglibAopProxy - Method is declared on Advised interface: public abstract void org.springframework.aop.framework.Advised.removeAdvisor(int) throws org.springframework.aop.framework.AopConfigException
06:28:15.292 [main] DEBUG o.s.aop.framework.CglibAopProxy - Method is declared on Advised interface: public abstract boolean org.springframework.aop.framework.Advised.removeAdvisor(org.springframework.aop.Advisor)
06:28:15.292 [main] DEBUG o.s.aop.framework.CglibAopProxy - Method is declared on Advised interface: public abstract boolean org.springframework.aop.framework.Advised.replaceAdvisor(org.springframework.aop.Advisor,org.springframework.aop.Advisor) throws org.springframework.aop.framework.AopConfigException
06:28:15.293 [main] DEBUG o.s.aop.framework.CglibAopProxy - Method is declared on Advised interface: public abstract int org.springframework.aop.framework.Advised.indexOf(org.aopalliance.aop.Advice)
06:28:15.293 [main] DEBUG o.s.aop.framework.CglibAopProxy - Method is declared on Advised interface: public abstract int org.springframework.aop.framework.Advised.indexOf(org.springframework.aop.Advisor)
06:28:15.293 [main] DEBUG o.s.aop.framework.CglibAopProxy - Method is declared on Advised interface: public abstract boolean org.springframework.aop.framework.Advised.isFrozen()
06:28:15.293 [main] DEBUG o.s.aop.framework.CglibAopProxy - Method is declared on Advised interface: public abstract java.lang.Class org.springframework.aop.TargetClassAware.getTargetClass()
06:28:15.297 [main] DEBUG o.s.b.f.s.DefaultListableBeanFactory - Finished creating instance of bean 'appointmentControllerHCP'
06:28:15.298 [main] DEBUG o.s.b.f.s.DefaultListableBeanFactory - Creating shared instance of singleton bean 'HCPController'
06:28:15.298 [main] DEBUG o.s.b.f.s.DefaultListableBeanFactory - Creating instance of bean 'HCPController'
06:28:15.298 [main] DEBUG o.s.b.f.s.DefaultListableBeanFactory - Eagerly caching bean 'HCPController' to allow for resolving potential circular references
06:28:15.298 [main] DEBUG o.s.b.f.s.DefaultListableBeanFactory - Returning cached instance of singleton bean 'metaDataSourceAdvisor'
06:28:15.298 [main] DEBUG o.s.s.a.p.PrePostAnnotationSecurityMetadataSource - @org.springframework.security.access.prepost.PreAuthorize(value=hasRole('ROLE_HCP')) found on specific method: public java.lang.String edu.ncsu.csc.itrust2.controllers.hcp.HCPController.editPatientDemographics()
06:28:15.298 [main] DEBUG o.s.s.a.m.DelegatingMethodSecurityMetadataSource - Caching method [CacheKey[edu.ncsu.csc.itrust2.controllers.hcp.HCPController; public java.lang.String edu.ncsu.csc.itrust2.controllers.hcp.HCPController.editPatientDemographics()]] with attributes [[authorize: 'hasRole('ROLE_HCP')', filter: 'null', filterTarget: 'null']]
06:28:15.298 [main] DEBUG o.s.a.f.a.InfrastructureAdvisorAutoProxyCreator - Creating implicit proxy for bean 'HCPController' with 0 common interceptors and 1 specific interceptors
06:28:15.298 [main] DEBUG o.s.aop.framework.CglibAopProxy - Creating CGLIB proxy: target source is SingletonTargetSource for target object [edu.ncsu.csc.itrust2.controllers.hcp.HCPController@134d1759]
06:28:15.299 [main] DEBUG o.s.aop.framework.CglibAopProxy - Unable to apply any optimisations to advised method: public java.lang.String edu.ncsu.csc.itrust2.controllers.hcp.HCPController.editPatientDemographics()
06:28:15.299 [main] DEBUG o.s.s.a.p.PrePostAnnotationSecurityMetadataSource - @org.springframework.security.access.prepost.PreAuthorize(value=new val) found on specific method: public java.lang.String edu.ncsu.csc.itrust2.controllers.hcp.HCPController.editPrescriptions()
06:28:15.299 [main] WARN  o.s.w.c.s.GenericWebApplicationContext - Exception encountered during context initialization - cancelling refresh attempt: org.springframework.beans.factory.BeanCreationException: Error creating bean with name 'HCPController' defined in file [/var/lib/jenkins/workspace/itrust-test/iTrust2/target/classes/edu/ncsu/csc/itrust2/controllers/hcp/HCPController.class]: Initialization of bean failed; nested exception is org.springframework.aop.framework.AopConfigException: Could not generate CGLIB subclass of class [class edu.ncsu.csc.itrust2.controllers.hcp.HCPController]: Common causes of this problem include using a final class or a non-visible class; nested exception is java.lang.IllegalArgumentException: Failed to parse expression 'new val'
06:28:15.299 [main] DEBUG o.s.b.f.s.DefaultListableBeanFactory - Destroying singletons in org.springframework.beans.factory.support.DefaultListableBeanFactory@1d4ba593: defining beans [org.springframework.context.annotation.internalConfigurationAnnotationProcessor,org.springframework.context.annotation.internalAutowiredAnnotationProcessor,org.springframework.context.annotation.internalRequiredAnnotationProcessor,org.springframework.context.annotation.internalCommonAnnotationProcessor,org.springframework.context.annotation.internalPersistenceAnnotationProcessor,org.springframework.context.event.internalEventListenerProcessor,org.springframework.context.event.internalEventListenerFactory,rootConfiguration,webMvcConfiguration,dataConfiguration,loginAuditingListener,securityConfig,defaultController,adminController,adminUserController,hospitalController,ICDCodesController,APIAppointmentRequestController,APIDiagnosisController,APIDrugController,APIEnumController,APIHospitalController,APIICDCodeController,APILogEntryController,APIOfficeVisitController,APIPasswordController,APIPatientController,APIPersonnelController,APIPrescriptionController,APIUserController,appointmentControllerHCP,HCPController,officeVisitController,appointmentController,diagnosesController,patientController,passwordController,userController,dataSource,org.springframework.security.config.annotation.configuration.ObjectPostProcessorConfiguration,objectPostProcessor,org.springframework.security.config.annotation.authentication.configuration.AuthenticationConfiguration,authenticationManagerBuilder,enableGlobalAuthenticationAutowiredConfigurer,initializeUserDetailsBeanManagerConfigurer,initializeAuthenticationProviderBeanManagerConfigurer,org.springframework.security.config.annotation.web.configuration.WebSecurityConfiguration,delegatingApplicationListener,webSecurityExpressionHandler,springSecurityFilterChain,privilegeEvaluator,autowiredWebSecurityConfigurersIgnoreParents,org.springframework.security.config.annotation.web.configuration.WebMvcSecurityConfiguration,requestDataValueProcessor,passwordEncoder,defaultAuthenticationEventPublisher,failureHandler,ipBlockFilter,org.springframework.web.servlet.config.annotation.DelegatingWebMvcConfiguration,mvcConversionService,mvcContentNegotiationManager,viewControllerHandlerMapping,beanNameHandlerMapping,resourceHandlerMapping,mvcResourceUrlProvider,defaultServletHandlerMapping,requestMappingHandlerAdapter,mvcValidator,mvcUriComponentsContributor,httpRequestHandlerAdapter,simpleControllerHandlerAdapter,handlerExceptionResolver,mvcViewResolver,requestMappingHandlerMapping,mvcPathMatcher,mvcUrlPathHelper,org.springframework.security.config.annotation.method.configuration.GlobalMethodSecurityConfiguration,methodSecurityInterceptor,methodSecurityMetadataSource,preInvocationAuthorizationAdvice,viewResolver,templateEngine,domainClassConverter,metaDataSourceAdvisor,org.springframework.aop.config.internalAutoProxyCreator]; root of factory hierarchy
06:28:15.299 [main] DEBUG o.s.b.f.s.DefaultListableBeanFactory - Retrieved dependent beans for bean 'objectPostProcessor': [org.springframework.security.config.annotation.method.configuration.GlobalMethodSecurityConfiguration, securityConfig, org.springframework.security.config.annotation.authentication.configuration.AuthenticationConfiguration, authenticationManagerBuilder]
06:28:15.299 [main] DEBUG o.s.b.f.s.DisposableBeanAdapter - Invoking destroy() on bean with name 'objectPostProcessor'
06:28:15.300 [main] ERROR o.s.test.context.TestContextManager - Caught exception while allowing TestExecutionListener [org.springframework.test.context.web.ServletTestExecutionListener@3d2ed518] to prepare test instance [edu.ncsu.csc.itrust2.apitest.APIOfficeVisitTest@170ee7]
java.lang.IllegalStateException: Failed to load ApplicationContext
	at org.springframework.test.context.cache.DefaultCacheAwareContextLoaderDelegate.loadContext(DefaultCacheAwareContextLoaderDelegate.java:124) ~[spring-test-4.3.5.RELEASE.jar:4.3.5.RELEASE]
	at org.springframework.test.context.support.DefaultTestContext.getApplicationContext(DefaultTestContext.java:83) ~[spring-test-4.3.5.RELEASE.jar:4.3.5.RELEASE]
	at org.springframework.test.context.web.ServletTestExecutionListener.setUpRequestContextIfNecessary(ServletTestExecutionListener.java:189) ~[spring-test-4.3.5.RELEASE.jar:4.3.5.RELEASE]
	at org.springframework.test.context.web.ServletTestExecutionListener.prepareTestInstance(ServletTestExecutionListener.java:131) ~[spring-test-4.3.5.RELEASE.jar:4.3.5.RELEASE]
	at org.springframework.test.context.TestContextManager.prepareTestInstance(TestContextManager.java:230) ~[spring-test-4.3.5.RELEASE.jar:4.3.5.RELEASE]
	at org.springframework.test.context.junit4.SpringJUnit4ClassRunner.createTest(SpringJUnit4ClassRunner.java:228) [spring-test-4.3.5.RELEASE.jar:4.3.5.RELEASE]
	at org.springframework.test.context.junit4.SpringJUnit4ClassRunner$1.runReflectiveCall(SpringJUnit4ClassRunner.java:287) [spring-test-4.3.5.RELEASE.jar:4.3.5.RELEASE]
	at org.junit.internal.runners.model.ReflectiveCallable.run(ReflectiveCallable.java:12) [junit-4.12.jar:4.12]
	at org.springframework.test.context.junit4.SpringJUnit4ClassRunner.methodBlock(SpringJUnit4ClassRunner.java:289) [spring-test-4.3.5.RELEASE.jar:4.3.5.RELEASE]
	at org.springframework.test.context.junit4.SpringJUnit4ClassRunner.runChild(SpringJUnit4ClassRunner.java:247) [spring-test-4.3.5.RELEASE.jar:4.3.5.RELEASE]
	at org.springframework.test.context.junit4.SpringJUnit4ClassRunner.runChild(SpringJUnit4ClassRunner.java:94) [spring-test-4.3.5.RELEASE.jar:4.3.5.RELEASE]
	at org.junit.runners.ParentRunner$3.run(ParentRunner.java:290) [junit-4.12.jar:4.12]
	at org.junit.runners.ParentRunner$1.schedule(ParentRunner.java:71) [junit-4.12.jar:4.12]
	at org.junit.runners.ParentRunner.runChildren(ParentRunner.java:288) [junit-4.12.jar:4.12]
	at org.junit.runners.ParentRunner.access$000(ParentRunner.java:58) [junit-4.12.jar:4.12]
	at org.junit.runners.ParentRunner$2.evaluate(ParentRunner.java:268) [junit-4.12.jar:4.12]
	at org.springframework.test.context.junit4.statements.RunBeforeTestClassCallbacks.evaluate(RunBeforeTestClassCallbacks.java:61) [spring-test-4.3.5.RELEASE.jar:4.3.5.RELEASE]
	at org.springframework.test.context.junit4.statements.RunAfterTestClassCallbacks.evaluate(RunAfterTestClassCallbacks.java:70) [spring-test-4.3.5.RELEASE.jar:4.3.5.RELEASE]
	at org.junit.runners.ParentRunner.run(ParentRunner.java:363) [junit-4.12.jar:4.12]
	at org.springframework.test.context.junit4.SpringJUnit4ClassRunner.run(SpringJUnit4ClassRunner.java:191) [spring-test-4.3.5.RELEASE.jar:4.3.5.RELEASE]
	at org.apache.maven.surefire.junit4.JUnit4Provider.execute(JUnit4Provider.java:365) [surefire-junit4-2.20.jar:2.20]
	at org.apache.maven.surefire.junit4.JUnit4Provider.executeWithRerun(JUnit4Provider.java:272) [surefire-junit4-2.20.jar:2.20]
	at org.apache.maven.surefire.junit4.JUnit4Provider.executeTestSet(JUnit4Provider.java:236) [surefire-junit4-2.20.jar:2.20]
	at org.apache.maven.surefire.junit4.JUnit4Provider.invoke(JUnit4Provider.java:159) [surefire-junit4-2.20.jar:2.20]
	at org.apache.maven.surefire.booter.ForkedBooter.invokeProviderInSameClassLoader(ForkedBooter.java:386) [surefire-booter-2.20.jar:2.20]
	at org.apache.maven.surefire.booter.ForkedBooter.runSuitesInProcess(ForkedBooter.java:323) [surefire-booter-2.20.jar:2.20]
	at org.apache.maven.surefire.booter.ForkedBooter.main(ForkedBooter.java:143) [surefire-booter-2.20.jar:2.20]
Caused by: org.springframework.beans.factory.BeanCreationException: Error creating bean with name 'HCPController' defined in file [/var/lib/jenkins/workspace/itrust-test/iTrust2/target/classes/edu/ncsu/csc/itrust2/controllers/hcp/HCPController.class]: Initialization of bean failed; nested exception is org.springframework.aop.framework.AopConfigException: Could not generate CGLIB subclass of class [class edu.ncsu.csc.itrust2.controllers.hcp.HCPController]: Common causes of this problem include using a final class or a non-visible class; nested exception is java.lang.IllegalArgumentException: Failed to parse expression 'new val'
	at org.springframework.beans.factory.support.AbstractAutowireCapableBeanFactory.doCreateBean(AbstractAutowireCapableBeanFactory.java:563) ~[spring-beans-4.3.5.RELEASE.jar:4.3.5.RELEASE]
	at org.springframework.beans.factory.support.AbstractAutowireCapableBeanFactory.createBean(AbstractAutowireCapableBeanFactory.java:483) ~[spring-beans-4.3.5.RELEASE.jar:4.3.5.RELEASE]
	at org.springframework.beans.factory.support.AbstractBeanFactory$1.getObject(AbstractBeanFactory.java:306) ~[spring-beans-4.3.5.RELEASE.jar:4.3.5.RELEASE]
	at org.springframework.beans.factory.support.DefaultSingletonBeanRegistry.getSingleton(DefaultSingletonBeanRegistry.java:230) ~[spring-beans-4.3.5.RELEASE.jar:4.3.5.RELEASE]
	at org.springframework.beans.factory.support.AbstractBeanFactory.doGetBean(AbstractBeanFactory.java:302) ~[spring-beans-4.3.5.RELEASE.jar:4.3.5.RELEASE]
	at org.springframework.beans.factory.support.AbstractBeanFactory.getBean(AbstractBeanFactory.java:197) ~[spring-beans-4.3.5.RELEASE.jar:4.3.5.RELEASE]
	at org.springframework.beans.factory.support.DefaultListableBeanFactory.preInstantiateSingletons(DefaultListableBeanFactory.java:759) ~[spring-beans-4.3.5.RELEASE.jar:4.3.5.RELEASE]
	at org.springframework.context.support.AbstractApplicationContext.finishBeanFactoryInitialization(AbstractApplicationContext.java:866) ~[spring-context-4.3.5.RELEASE.jar:4.3.5.RELEASE]
	at org.springframework.context.support.AbstractApplicationContext.refresh(AbstractApplicationContext.java:542) ~[spring-context-4.3.5.RELEASE.jar:4.3.5.RELEASE]
	at org.springframework.test.context.web.AbstractGenericWebContextLoader.loadContext(AbstractGenericWebContextLoader.java:134) ~[spring-test-4.3.5.RELEASE.jar:4.3.5.RELEASE]
	at org.springframework.test.context.web.AbstractGenericWebContextLoader.loadContext(AbstractGenericWebContextLoader.java:61) ~[spring-test-4.3.5.RELEASE.jar:4.3.5.RELEASE]
	at org.springframework.test.context.support.AbstractDelegatingSmartContextLoader.delegateLoading(AbstractDelegatingSmartContextLoader.java:108) ~[spring-test-4.3.5.RELEASE.jar:4.3.5.RELEASE]
	at org.springframework.test.context.support.AbstractDelegatingSmartContextLoader.loadContext(AbstractDelegatingSmartContextLoader.java:251) ~[spring-test-4.3.5.RELEASE.jar:4.3.5.RELEASE]
	at org.springframework.test.context.cache.DefaultCacheAwareContextLoaderDelegate.loadContextInternal(DefaultCacheAwareContextLoaderDelegate.java:98) ~[spring-test-4.3.5.RELEASE.jar:4.3.5.RELEASE]
	at org.springframework.test.context.cache.DefaultCacheAwareContextLoaderDelegate.loadContext(DefaultCacheAwareContextLoaderDelegate.java:116) ~[spring-test-4.3.5.RELEASE.jar:4.3.5.RELEASE]
	... 26 common frames omitted
Caused by: org.springframework.aop.framework.AopConfigException: Could not generate CGLIB subclass of class [class edu.ncsu.csc.itrust2.controllers.hcp.HCPController]: Common causes of this problem include using a final class or a non-visible class; nested exception is java.lang.IllegalArgumentException: Failed to parse expression 'new val'
	at org.springframework.aop.framework.CglibAopProxy.getProxy(CglibAopProxy.java:213) ~[spring-aop-4.3.5.RELEASE.jar:4.3.5.RELEASE]
	at org.springframework.aop.framework.ProxyFactory.getProxy(ProxyFactory.java:109) ~[spring-aop-4.3.5.RELEASE.jar:4.3.5.RELEASE]
	at org.springframework.aop.framework.autoproxy.AbstractAutoProxyCreator.createProxy(AbstractAutoProxyCreator.java:470) ~[spring-aop-4.3.5.RELEASE.jar:4.3.5.RELEASE]
	at org.springframework.aop.framework.autoproxy.AbstractAutoProxyCreator.wrapIfNecessary(AbstractAutoProxyCreator.java:350) ~[spring-aop-4.3.5.RELEASE.jar:4.3.5.RELEASE]
	at org.springframework.aop.framework.autoproxy.AbstractAutoProxyCreator.postProcessAfterInitialization(AbstractAutoProxyCreator.java:299) ~[spring-aop-4.3.5.RELEASE.jar:4.3.5.RELEASE]
	at org.springframework.beans.factory.support.AbstractAutowireCapableBeanFactory.applyBeanPostProcessorsAfterInitialization(AbstractAutowireCapableBeanFactory.java:423) ~[spring-beans-4.3.5.RELEASE.jar:4.3.5.RELEASE]
	at org.springframework.beans.factory.support.AbstractAutowireCapableBeanFactory.initializeBean(AbstractAutowireCapableBeanFactory.java:1594) ~[spring-beans-4.3.5.RELEASE.jar:4.3.5.RELEASE]
	at org.springframework.beans.factory.support.AbstractAutowireCapableBeanFactory.doCreateBean(AbstractAutowireCapableBeanFactory.java:554) ~[spring-beans-4.3.5.RELEASE.jar:4.3.5.RELEASE]
	... 40 common frames omitted
Caused by: java.lang.IllegalArgumentException: Failed to parse expression 'new val'
	at org.springframework.security.access.expression.method.ExpressionBasedAnnotationAttributeFactory.createPreInvocationAttribute(ExpressionBasedAnnotationAttributeFactory.java:59) ~[spring-security-core-4.2.2.RELEASE.jar:4.2.2.RELEASE]
	at org.springframework.security.access.prepost.PrePostAnnotationSecurityMetadataSource.getAttributes(PrePostAnnotationSecurityMetadataSource.java:89) ~[spring-security-core-4.2.2.RELEASE.jar:4.2.2.RELEASE]
	at org.springframework.security.access.method.DelegatingMethodSecurityMetadataSource.getAttributes(DelegatingMethodSecurityMetadataSource.java:73) ~[spring-security-core-4.2.2.RELEASE.jar:4.2.2.RELEASE]
	at org.springframework.security.access.intercept.aopalliance.MethodSecurityMetadataSourceAdvisor$MethodSecurityMetadataSourcePointcut.matches(MethodSecurityMetadataSourceAdvisor.java:134) ~[spring-security-core-4.2.2.RELEASE.jar:4.2.2.RELEASE]
	at org.springframework.aop.support.MethodMatchers.matches(MethodMatchers.java:94) ~[spring-aop-4.3.5.RELEASE.jar:4.3.5.RELEASE]
	at org.springframework.aop.framework.DefaultAdvisorChainFactory.getInterceptorsAndDynamicInterceptionAdvice(DefaultAdvisorChainFactory.java:67) ~[spring-aop-4.3.5.RELEASE.jar:4.3.5.RELEASE]
	at org.springframework.aop.framework.AdvisedSupport.getInterceptorsAndDynamicInterceptionAdvice(AdvisedSupport.java:489) ~[spring-aop-4.3.5.RELEASE.jar:4.3.5.RELEASE]
	at org.springframework.aop.framework.CglibAopProxy$ProxyCallbackFilter.accept(CglibAopProxy.java:808) ~[spring-aop-4.3.5.RELEASE.jar:4.3.5.RELEASE]
	at org.springframework.cglib.proxy.Enhancer.emitMethods(Enhancer.java:1108) ~[spring-core-4.3.5.RELEASE.jar:4.3.5.RELEASE]
	at org.springframework.cglib.proxy.Enhancer.generateClass(Enhancer.java:630) ~[spring-core-4.3.5.RELEASE.jar:4.3.5.RELEASE]
	at org.springframework.cglib.transform.TransformingClassGenerator.generateClass(TransformingClassGenerator.java:33) ~[spring-core-4.3.5.RELEASE.jar:4.3.5.RELEASE]
	at org.springframework.cglib.core.DefaultGeneratorStrategy.generate(DefaultGeneratorStrategy.java:25) ~[spring-core-4.3.5.RELEASE.jar:4.3.5.RELEASE]
	at org.springframework.aop.framework.CglibAopProxy$ClassLoaderAwareUndeclaredThrowableStrategy.generate(CglibAopProxy.java:991) ~[spring-aop-4.3.5.RELEASE.jar:4.3.5.RELEASE]
	at org.springframework.cglib.core.AbstractClassGenerator.generate(AbstractClassGenerator.java:329) ~[spring-core-4.3.5.RELEASE.jar:4.3.5.RELEASE]
	at org.springframework.cglib.proxy.Enhancer.generate(Enhancer.java:492) ~[spring-core-4.3.5.RELEASE.jar:4.3.5.RELEASE]
	at org.springframework.cglib.core.AbstractClassGenerator$ClassLoaderData$3.apply(AbstractClassGenerator.java:93) ~[spring-core-4.3.5.RELEASE.jar:4.3.5.RELEASE]
	at org.springframework.cglib.core.AbstractClassGenerator$ClassLoaderData$3.apply(AbstractClassGenerator.java:91) ~[spring-core-4.3.5.RELEASE.jar:4.3.5.RELEASE]
	at org.springframework.cglib.core.internal.LoadingCache$2.call(LoadingCache.java:54) ~[spring-core-4.3.5.RELEASE.jar:4.3.5.RELEASE]
	at java.util.concurrent.FutureTask.run(FutureTask.java:266) ~[na:1.8.0_161]
	at org.springframework.cglib.core.internal.LoadingCache.createEntry(LoadingCache.java:61) ~[spring-core-4.3.5.RELEASE.jar:4.3.5.RELEASE]
	at org.springframework.cglib.core.internal.LoadingCache.get(LoadingCache.java:34) ~[spring-core-4.3.5.RELEASE.jar:4.3.5.RELEASE]
	at org.springframework.cglib.core.AbstractClassGenerator$ClassLoaderData.get(AbstractClassGenerator.java:116) ~[spring-core-4.3.5.RELEASE.jar:4.3.5.RELEASE]
	at org.springframework.cglib.core.AbstractClassGenerator.create(AbstractClassGenerator.java:291) ~[spring-core-4.3.5.RELEASE.jar:4.3.5.RELEASE]
	at org.springframework.cglib.proxy.Enhancer.createHelper(Enhancer.java:480) ~[spring-core-4.3.5.RELEASE.jar:4.3.5.RELEASE]
	at org.springframework.cglib.proxy.Enhancer.createClass(Enhancer.java:337) ~[spring-core-4.3.5.RELEASE.jar:4.3.5.RELEASE]
	at org.springframework.aop.framework.ObjenesisCglibAopProxy.createProxyClassAndInstance(ObjenesisCglibAopProxy.java:55) ~[spring-aop-4.3.5.RELEASE.jar:4.3.5.RELEASE]
	at org.springframework.aop.framework.CglibAopProxy.getProxy(CglibAopProxy.java:203) ~[spring-aop-4.3.5.RELEASE.jar:4.3.5.RELEASE]
	... 47 common frames omitted
Caused by: org.springframework.expression.spel.SpelParseException: Expression [new val] @7: EL1050E: The arguments (...) for the constructor call are missing
	at org.springframework.expression.spel.standard.InternalSpelExpressionParser.eatConstructorArgs(InternalSpelExpressionParser.java:450) ~[spring-expression-4.3.5.RELEASE.jar:4.3.5.RELEASE]
	at org.springframework.expression.spel.standard.InternalSpelExpressionParser.maybeEatConstructorReference(InternalSpelExpressionParser.java:799) ~[spring-expression-4.3.5.RELEASE.jar:4.3.5.RELEASE]
	at org.springframework.expression.spel.standard.InternalSpelExpressionParser.eatStartNode(InternalSpelExpressionParser.java:507) ~[spring-expression-4.3.5.RELEASE.jar:4.3.5.RELEASE]
	at org.springframework.expression.spel.standard.InternalSpelExpressionParser.eatPrimaryExpression(InternalSpelExpressionParser.java:343) ~[spring-expression-4.3.5.RELEASE.jar:4.3.5.RELEASE]
	at org.springframework.expression.spel.standard.InternalSpelExpressionParser.eatUnaryExpression(InternalSpelExpressionParser.java:337) ~[spring-expression-4.3.5.RELEASE.jar:4.3.5.RELEASE]
	at org.springframework.expression.spel.standard.InternalSpelExpressionParser.eatPowerIncDecExpression(InternalSpelExpressionParser.java:293) ~[spring-expression-4.3.5.RELEASE.jar:4.3.5.RELEASE]
	at org.springframework.expression.spel.standard.InternalSpelExpressionParser.eatProductExpression(InternalSpelExpressionParser.java:272) ~[spring-expression-4.3.5.RELEASE.jar:4.3.5.RELEASE]
	at org.springframework.expression.spel.standard.InternalSpelExpressionParser.eatSumExpression(InternalSpelExpressionParser.java:255) ~[spring-expression-4.3.5.RELEASE.jar:4.3.5.RELEASE]
	at org.springframework.expression.spel.standard.InternalSpelExpressionParser.eatRelationalExpression(InternalSpelExpressionParser.java:210) ~[spring-expression-4.3.5.RELEASE.jar:4.3.5.RELEASE]
	at org.springframework.expression.spel.standard.InternalSpelExpressionParser.eatLogicalAndExpression(InternalSpelExpressionParser.java:198) ~[spring-expression-4.3.5.RELEASE.jar:4.3.5.RELEASE]
	at org.springframework.expression.spel.standard.InternalSpelExpressionParser.eatLogicalOrExpression(InternalSpelExpressionParser.java:186) ~[spring-expression-4.3.5.RELEASE.jar:4.3.5.RELEASE]
	at org.springframework.expression.spel.standard.InternalSpelExpressionParser.eatExpression(InternalSpelExpressionParser.java:146) ~[spring-expression-4.3.5.RELEASE.jar:4.3.5.RELEASE]
	at org.springframework.expression.spel.standard.InternalSpelExpressionParser.doParseExpression(InternalSpelExpressionParser.java:127) ~[spring-expression-4.3.5.RELEASE.jar:4.3.5.RELEASE]
	at org.springframework.expression.spel.standard.SpelExpressionParser.doParseExpression(SpelExpressionParser.java:60) ~[spring-expression-4.3.5.RELEASE.jar:4.3.5.RELEASE]
	at org.springframework.expression.spel.standard.SpelExpressionParser.doParseExpression(SpelExpressionParser.java:32) ~[spring-expression-4.3.5.RELEASE.jar:4.3.5.RELEASE]
	at org.springframework.expression.common.TemplateAwareExpressionParser.parseExpression(TemplateAwareExpressionParser.java:76) ~[spring-expression-4.3.5.RELEASE.jar:4.3.5.RELEASE]
	at org.springframework.expression.common.TemplateAwareExpressionParser.parseExpression(TemplateAwareExpressionParser.java:62) ~[spring-expression-4.3.5.RELEASE.jar:4.3.5.RELEASE]
	at org.springframework.security.access.expression.method.ExpressionBasedAnnotationAttributeFactory.createPreInvocationAttribute(ExpressionBasedAnnotationAttributeFactory.java:51) ~[spring-security-core-4.2.2.RELEASE.jar:4.2.2.RELEASE]
	... 73 common frames omitted
]]></system-out>
  </testcase>
  <testcase name="testPreScheduledOfficeVisit" classname="edu.ncsu.csc.itrust2.apitest.APIOfficeVisitTest" time="0">
    <error message="Failed to load ApplicationContext" type="java.lang.IllegalStateException">java.lang.IllegalStateException: Failed to load ApplicationContext
Caused by: org.springframework.beans.factory.BeanCreationException: Error creating bean with name 'HCPController' defined in file [/var/lib/jenkins/workspace/itrust-test/iTrust2/target/classes/edu/ncsu/csc/itrust2/controllers/hcp/HCPController.class]: Initialization of bean failed; nested exception is org.springframework.aop.framework.AopConfigException: Could not generate CGLIB subclass of class [class edu.ncsu.csc.itrust2.controllers.hcp.HCPController]: Common causes of this problem include using a final class or a non-visible class; nested exception is java.lang.IllegalArgumentException: Failed to parse expression 'new val'
Caused by: org.springframework.aop.framework.AopConfigException: Could not generate CGLIB subclass of class [class edu.ncsu.csc.itrust2.controllers.hcp.HCPController]: Common causes of this problem include using a final class or a non-visible class; nested exception is java.lang.IllegalArgumentException: Failed to parse expression 'new val'
Caused by: java.lang.IllegalArgumentException: Failed to parse expression 'new val'
Caused by: org.springframework.expression.spel.SpelParseException: Expression [new val] @7: EL1050E: The arguments (...) for the constructor call are missing
</error>
    <system-out><![CDATA[06:28:15.301 [main] DEBUG o.s.t.annotation.ProfileValueUtils - Retrieved @ProfileValueSourceConfiguration [null] for test class [edu.ncsu.csc.itrust2.apitest.APIOfficeVisitTest]
06:28:15.301 [main] DEBUG o.s.t.annotation.ProfileValueUtils - Retrieved ProfileValueSource type [class org.springframework.test.annotation.SystemProfileValueSource] for class [edu.ncsu.csc.itrust2.apitest.APIOfficeVisitTest]
06:28:15.301 [main] DEBUG o.s.t.c.s.AbstractDelegatingSmartContextLoader - Delegating to AnnotationConfigWebContextLoader to load context from [WebMergedContextConfiguration@89a6a3b testClass = APIOfficeVisitTest, locations = '{}', classes = '{class edu.ncsu.csc.itrust2.config.RootConfiguration, class edu.ncsu.csc.itrust2.mvc.config.WebMvcConfiguration}', contextInitializerClasses = '[]', activeProfiles = '{}', propertySourceLocations = '{}', propertySourceProperties = '{}', contextCustomizers = set[[empty]], resourceBasePath = 'src/main/webapp', contextLoader = 'org.springframework.test.context.web.WebDelegatingSmartContextLoader', parent = [null]].
06:28:15.301 [main] DEBUG o.s.t.c.w.AbstractGenericWebContextLoader - Loading WebApplicationContext for merged context configuration [WebMergedContextConfiguration@89a6a3b testClass = APIOfficeVisitTest, locations = '{}', classes = '{class edu.ncsu.csc.itrust2.config.RootConfiguration, class edu.ncsu.csc.itrust2.mvc.config.WebMvcConfiguration}', contextInitializerClasses = '[]', activeProfiles = '{}', propertySourceLocations = '{}', propertySourceProperties = '{}', contextCustomizers = set[[empty]], resourceBasePath = 'src/main/webapp', contextLoader = 'org.springframework.test.context.web.WebDelegatingSmartContextLoader', parent = [null]].
06:28:15.302 [main] DEBUG o.s.w.c.s.StandardServletEnvironment - Adding [servletConfigInitParams] PropertySource with lowest search precedence
06:28:15.302 [main] DEBUG o.s.w.c.s.StandardServletEnvironment - Adding [servletContextInitParams] PropertySource with lowest search precedence
06:28:15.302 [main] DEBUG o.s.w.c.s.StandardServletEnvironment - Adding [systemProperties] PropertySource with lowest search precedence
06:28:15.302 [main] DEBUG o.s.w.c.s.StandardServletEnvironment - Adding [systemEnvironment] PropertySource with lowest search precedence
06:28:15.302 [main] DEBUG o.s.w.c.s.StandardServletEnvironment - Initialized StandardServletEnvironment with PropertySources [servletConfigInitParams,servletContextInitParams,systemProperties,systemEnvironment]
06:28:15.302 [main] DEBUG o.s.t.c.w.AnnotationConfigWebContextLoader - Registering annotated classes: {class edu.ncsu.csc.itrust2.config.RootConfiguration, class edu.ncsu.csc.itrust2.mvc.config.WebMvcConfiguration}
06:28:15.303 [main] INFO  o.s.w.c.s.GenericWebApplicationContext - Refreshing org.springframework.web.context.support.GenericWebApplicationContext@675d1eca: startup date [Thu Mar 22 06:28:15 UTC 2018]; root of context hierarchy
06:28:15.303 [main] DEBUG o.s.w.c.s.StandardServletEnvironment - Replacing [servletContextInitParams] PropertySource with [servletContextInitParams]
06:28:15.303 [main] DEBUG o.s.w.c.s.GenericWebApplicationContext - Bean factory for org.springframework.web.context.support.GenericWebApplicationContext@675d1eca: org.springframework.beans.factory.support.DefaultListableBeanFactory@1cd13aa7: defining beans [org.springframework.context.annotation.internalConfigurationAnnotationProcessor,org.springframework.context.annotation.internalAutowiredAnnotationProcessor,org.springframework.context.annotation.internalRequiredAnnotationProcessor,org.springframework.context.annotation.internalCommonAnnotationProcessor,org.springframework.context.annotation.internalPersistenceAnnotationProcessor,org.springframework.context.event.internalEventListenerProcessor,org.springframework.context.event.internalEventListenerFactory,rootConfiguration,webMvcConfiguration]; root of factory hierarchy
06:28:15.303 [main] DEBUG o.s.b.f.s.DefaultListableBeanFactory - Registering scope 'request' with implementation [org.springframework.web.context.request.RequestScope@769622f2]
06:28:15.303 [main] DEBUG o.s.b.f.s.DefaultListableBeanFactory - Registering scope 'session' with implementation [org.springframework.web.context.request.SessionScope@79b2d9a4]
06:28:15.303 [main] DEBUG o.s.b.f.s.DefaultListableBeanFactory - Registering scope 'globalSession' with implementation [org.springframework.web.context.request.SessionScope@6c23d037]
06:28:15.303 [main] DEBUG o.s.b.f.s.DefaultListableBeanFactory - Registering scope 'application' with implementation [org.springframework.web.context.support.ServletContextScope@513fd1f4]
06:28:15.304 [main] DEBUG o.s.b.f.s.DefaultListableBeanFactory - Creating shared instance of singleton bean 'org.springframework.context.annotation.internalConfigurationAnnotationProcessor'
06:28:15.304 [main] DEBUG o.s.b.f.s.DefaultListableBeanFactory - Creating instance of bean 'org.springframework.context.annotation.internalConfigurationAnnotationProcessor'
06:28:15.304 [main] DEBUG o.s.b.f.s.DefaultListableBeanFactory - Eagerly caching bean 'org.springframework.context.annotation.internalConfigurationAnnotationProcessor' to allow for resolving potential circular references
06:28:15.304 [main] DEBUG o.s.b.f.s.DefaultListableBeanFactory - Finished creating instance of bean 'org.springframework.context.annotation.internalConfigurationAnnotationProcessor'
06:28:15.304 [main] DEBUG o.s.core.env.StandardEnvironment - Adding [systemProperties] PropertySource with lowest search precedence
06:28:15.304 [main] DEBUG o.s.core.env.StandardEnvironment - Adding [systemEnvironment] PropertySource with lowest search precedence
06:28:15.304 [main] DEBUG o.s.core.env.StandardEnvironment - Initialized StandardEnvironment with PropertySources [systemProperties,systemEnvironment]
06:28:15.305 [main] DEBUG o.s.c.i.s.PathMatchingResourcePatternResolver - Resolved classpath location [edu/ncsu/csc/itrust2/config/] to resources [URL [file:/var/lib/jenkins/workspace/itrust-test/iTrust2/target/classes/edu/ncsu/csc/itrust2/config/]]
06:28:15.305 [main] DEBUG o.s.c.i.s.PathMatchingResourcePatternResolver - Looking for matching resources in directory tree [/var/lib/jenkins/workspace/itrust-test/iTrust2/target/classes/edu/ncsu/csc/itrust2/config]
06:28:15.305 [main] DEBUG o.s.c.i.s.PathMatchingResourcePatternResolver - Searching directory [/var/lib/jenkins/workspace/itrust-test/iTrust2/target/classes/edu/ncsu/csc/itrust2/config] for files matching pattern [/var/lib/jenkins/workspace/itrust-test/iTrust2/target/classes/edu/ncsu/csc/itrust2/config/**/*.class]
06:28:15.306 [main] DEBUG o.s.c.i.s.PathMatchingResourcePatternResolver - Resolved location pattern [classpath*:edu/ncsu/csc/itrust2/config/**/*.class] to resources [file [/var/lib/jenkins/workspace/itrust-test/iTrust2/target/classes/edu/ncsu/csc/itrust2/config/ContextListener.class], file [/var/lib/jenkins/workspace/itrust-test/iTrust2/target/classes/edu/ncsu/csc/itrust2/config/DataConfiguration.class], file [/var/lib/jenkins/workspace/itrust-test/iTrust2/target/classes/edu/ncsu/csc/itrust2/config/FailureHandler.class], file [/var/lib/jenkins/workspace/itrust-test/iTrust2/target/classes/edu/ncsu/csc/itrust2/config/IPFilter.class], file [/var/lib/jenkins/workspace/itrust-test/iTrust2/target/classes/edu/ncsu/csc/itrust2/config/ITrust2ApplicationInitializer.class], file [/var/lib/jenkins/workspace/itrust-test/iTrust2/target/classes/edu/ncsu/csc/itrust2/config/ITrust2WebApplicationInitializer.class], file [/var/lib/jenkins/workspace/itrust-test/iTrust2/target/classes/edu/ncsu/csc/itrust2/config/LoginAuditingListener.class], file [/var/lib/jenkins/workspace/itrust-test/iTrust2/target/classes/edu/ncsu/csc/itrust2/config/RootConfiguration.class], file [/var/lib/jenkins/workspace/itrust-test/iTrust2/target/classes/edu/ncsu/csc/itrust2/config/SecurityConfig.class]]
06:28:15.306 [main] DEBUG o.s.c.a.ClassPathBeanDefinitionScanner - Identified candidate component class: file [/var/lib/jenkins/workspace/itrust-test/iTrust2/target/classes/edu/ncsu/csc/itrust2/config/DataConfiguration.class]
06:28:15.306 [main] DEBUG o.s.c.a.ClassPathBeanDefinitionScanner - Identified candidate component class: file [/var/lib/jenkins/workspace/itrust-test/iTrust2/target/classes/edu/ncsu/csc/itrust2/config/LoginAuditingListener.class]
06:28:15.307 [main] DEBUG o.s.c.a.ClassPathBeanDefinitionScanner - Identified candidate component class: file [/var/lib/jenkins/workspace/itrust-test/iTrust2/target/classes/edu/ncsu/csc/itrust2/config/SecurityConfig.class]
06:28:15.316 [main] DEBUG o.s.core.env.StandardEnvironment - Adding [systemProperties] PropertySource with lowest search precedence
06:28:15.316 [main] DEBUG o.s.core.env.StandardEnvironment - Adding [systemEnvironment] PropertySource with lowest search precedence
06:28:15.316 [main] DEBUG o.s.core.env.StandardEnvironment - Initialized StandardEnvironment with PropertySources [systemProperties,systemEnvironment]
06:28:15.317 [main] DEBUG o.s.c.i.s.PathMatchingResourcePatternResolver - Resolved classpath location [edu/ncsu/csc/itrust2/controllers/] to resources [URL [file:/var/lib/jenkins/workspace/itrust-test/iTrust2/target/classes/edu/ncsu/csc/itrust2/controllers/]]
06:28:15.317 [main] DEBUG o.s.c.i.s.PathMatchingResourcePatternResolver - Looking for matching resources in directory tree [/var/lib/jenkins/workspace/itrust-test/iTrust2/target/classes/edu/ncsu/csc/itrust2/controllers]
06:28:15.317 [main] DEBUG o.s.c.i.s.PathMatchingResourcePatternResolver - Searching directory [/var/lib/jenkins/workspace/itrust-test/iTrust2/target/classes/edu/ncsu/csc/itrust2/controllers] for files matching pattern [/var/lib/jenkins/workspace/itrust-test/iTrust2/target/classes/edu/ncsu/csc/itrust2/controllers/**/*.class]
06:28:15.317 [main] DEBUG o.s.c.i.s.PathMatchingResourcePatternResolver - Searching directory [/var/lib/jenkins/workspace/itrust-test/iTrust2/target/classes/edu/ncsu/csc/itrust2/controllers/admin] for files matching pattern [/var/lib/jenkins/workspace/itrust-test/iTrust2/target/classes/edu/ncsu/csc/itrust2/controllers/**/*.class]
06:28:15.317 [main] DEBUG o.s.c.i.s.PathMatchingResourcePatternResolver - Searching directory [/var/lib/jenkins/workspace/itrust-test/iTrust2/target/classes/edu/ncsu/csc/itrust2/controllers/api] for files matching pattern [/var/lib/jenkins/workspace/itrust-test/iTrust2/target/classes/edu/ncsu/csc/itrust2/controllers/**/*.class]
06:28:15.318 [main] DEBUG o.s.c.i.s.PathMatchingResourcePatternResolver - Searching directory [/var/lib/jenkins/workspace/itrust-test/iTrust2/target/classes/edu/ncsu/csc/itrust2/controllers/api/comm] for files matching pattern [/var/lib/jenkins/workspace/itrust-test/iTrust2/target/classes/edu/ncsu/csc/itrust2/controllers/**/*.class]
06:28:15.318 [main] DEBUG o.s.c.i.s.PathMatchingResourcePatternResolver - Searching directory [/var/lib/jenkins/workspace/itrust-test/iTrust2/target/classes/edu/ncsu/csc/itrust2/controllers/hcp] for files matching pattern [/var/lib/jenkins/workspace/itrust-test/iTrust2/target/classes/edu/ncsu/csc/itrust2/controllers/**/*.class]
06:28:15.318 [main] DEBUG o.s.c.i.s.PathMatchingResourcePatternResolver - Searching directory [/var/lib/jenkins/workspace/itrust-test/iTrust2/target/classes/edu/ncsu/csc/itrust2/controllers/patient] for files matching pattern [/var/lib/jenkins/workspace/itrust-test/iTrust2/target/classes/edu/ncsu/csc/itrust2/controllers/**/*.class]
06:28:15.318 [main] DEBUG o.s.c.i.s.PathMatchingResourcePatternResolver - Searching directory [/var/lib/jenkins/workspace/itrust-test/iTrust2/target/classes/edu/ncsu/csc/itrust2/controllers/personnel] for files matching pattern [/var/lib/jenkins/workspace/itrust-test/iTrust2/target/classes/edu/ncsu/csc/itrust2/controllers/**/*.class]
06:28:15.318 [main] DEBUG o.s.c.i.s.PathMatchingResourcePatternResolver - Resolved location pattern [classpath*:edu/ncsu/csc/itrust2/controllers/**/*.class] to resources [file [/var/lib/jenkins/workspace/itrust-test/iTrust2/target/classes/edu/ncsu/csc/itrust2/controllers/DefaultController.class], file [/var/lib/jenkins/workspace/itrust-test/iTrust2/target/classes/edu/ncsu/csc/itrust2/controllers/admin/AdminController.class], file [/var/lib/jenkins/workspace/itrust-test/iTrust2/target/classes/edu/ncsu/csc/itrust2/controllers/admin/AdminUserController$1.class], file [/var/lib/jenkins/workspace/itrust-test/iTrust2/target/classes/edu/ncsu/csc/itrust2/controllers/admin/AdminUserController.class], file [/var/lib/jenkins/workspace/itrust-test/iTrust2/target/classes/edu/ncsu/csc/itrust2/controllers/admin/HospitalController.class], file [/var/lib/jenkins/workspace/itrust-test/iTrust2/target/classes/edu/ncsu/csc/itrust2/controllers/admin/ICDCodesController.class], file [/var/lib/jenkins/workspace/itrust-test/iTrust2/target/classes/edu/ncsu/csc/itrust2/controllers/api/APIAppointmentRequestController.class], file [/var/lib/jenkins/workspace/itrust-test/iTrust2/target/classes/edu/ncsu/csc/itrust2/controllers/api/APIController$JSONResponse.class], file [/var/lib/jenkins/workspace/itrust-test/iTrust2/target/classes/edu/ncsu/csc/itrust2/controllers/api/APIController.class], file [/var/lib/jenkins/workspace/itrust-test/iTrust2/target/classes/edu/ncsu/csc/itrust2/controllers/api/APIDiagnosisController.class], file [/var/lib/jenkins/workspace/itrust-test/iTrust2/target/classes/edu/ncsu/csc/itrust2/controllers/api/APIDrugController.class], file [/var/lib/jenkins/workspace/itrust-test/iTrust2/target/classes/edu/ncsu/csc/itrust2/controllers/api/APIEnumController.class], file [/var/lib/jenkins/workspace/itrust-test/iTrust2/target/classes/edu/ncsu/csc/itrust2/controllers/api/APIHospitalController.class], file [/var/lib/jenkins/workspace/itrust-test/iTrust2/target/classes/edu/ncsu/csc/itrust2/controllers/api/APIICDCodeController.class], file [/var/lib/jenkins/workspace/itrust-test/iTrust2/target/classes/edu/ncsu/csc/itrust2/controllers/api/APILogEntryController.class], file [/var/lib/jenkins/workspace/itrust-test/iTrust2/target/classes/edu/ncsu/csc/itrust2/controllers/api/APIOfficeVisitController.class], file [/var/lib/jenkins/workspace/itrust-test/iTrust2/target/classes/edu/ncsu/csc/itrust2/controllers/api/APIPasswordController.class], file [/var/lib/jenkins/workspace/itrust-test/iTrust2/target/classes/edu/ncsu/csc/itrust2/controllers/api/APIPatientController.class], file [/var/lib/jenkins/workspace/itrust-test/iTrust2/target/classes/edu/ncsu/csc/itrust2/controllers/api/APIPersonnelController.class], file [/var/lib/jenkins/workspace/itrust-test/iTrust2/target/classes/edu/ncsu/csc/itrust2/controllers/api/APIPrescriptionController.class], file [/var/lib/jenkins/workspace/itrust-test/iTrust2/target/classes/edu/ncsu/csc/itrust2/controllers/api/APIUserController.class], file [/var/lib/jenkins/workspace/itrust-test/iTrust2/target/classes/edu/ncsu/csc/itrust2/controllers/api/comm/LogEntryRequestBody.class], file [/var/lib/jenkins/workspace/itrust-test/iTrust2/target/classes/edu/ncsu/csc/itrust2/controllers/api/comm/LogEntryTableRow.class], file [/var/lib/jenkins/workspace/itrust-test/iTrust2/target/classes/edu/ncsu/csc/itrust2/controllers/hcp/AppointmentControllerHCP.class], file [/var/lib/jenkins/workspace/itrust-test/iTrust2/target/classes/edu/ncsu/csc/itrust2/controllers/hcp/HCPController.class], file [/var/lib/jenkins/workspace/itrust-test/iTrust2/target/classes/edu/ncsu/csc/itrust2/controllers/hcp/OfficeVisitController.class], file [/var/lib/jenkins/workspace/itrust-test/iTrust2/target/classes/edu/ncsu/csc/itrust2/controllers/patient/AppointmentController.class], file [/var/lib/jenkins/workspace/itrust-test/iTrust2/target/classes/edu/ncsu/csc/itrust2/controllers/patient/DiagnosesController.class], file [/var/lib/jenkins/workspace/itrust-test/iTrust2/target/classes/edu/ncsu/csc/itrust2/controllers/patient/PatientController.class], file [/var/lib/jenkins/workspace/itrust-test/iTrust2/target/classes/edu/ncsu/csc/itrust2/controllers/personnel/PasswordController.class], file [/var/lib/jenkins/workspace/itrust-test/iTrust2/target/classes/edu/ncsu/csc/itrust2/controllers/personnel/UserController.class]]
06:28:15.319 [main] DEBUG o.s.c.a.ClassPathBeanDefinitionScanner - Identified candidate component class: file [/var/lib/jenkins/workspace/itrust-test/iTrust2/target/classes/edu/ncsu/csc/itrust2/controllers/DefaultController.class]
06:28:15.319 [main] DEBUG o.s.c.a.ClassPathBeanDefinitionScanner - Identified candidate component class: file [/var/lib/jenkins/workspace/itrust-test/iTrust2/target/classes/edu/ncsu/csc/itrust2/controllers/admin/AdminController.class]
06:28:15.319 [main] DEBUG o.s.c.a.ClassPathBeanDefinitionScanner - Identified candidate component class: file [/var/lib/jenkins/workspace/itrust-test/iTrust2/target/classes/edu/ncsu/csc/itrust2/controllers/admin/AdminUserController.class]
06:28:15.320 [main] DEBUG o.s.c.a.ClassPathBeanDefinitionScanner - Identified candidate component class: file [/var/lib/jenkins/workspace/itrust-test/iTrust2/target/classes/edu/ncsu/csc/itrust2/controllers/admin/HospitalController.class]
06:28:15.320 [main] DEBUG o.s.c.a.ClassPathBeanDefinitionScanner - Identified candidate component class: file [/var/lib/jenkins/workspace/itrust-test/iTrust2/target/classes/edu/ncsu/csc/itrust2/controllers/admin/ICDCodesController.class]
06:28:15.320 [main] DEBUG o.s.c.a.ClassPathBeanDefinitionScanner - Identified candidate component class: file [/var/lib/jenkins/workspace/itrust-test/iTrust2/target/classes/edu/ncsu/csc/itrust2/controllers/api/APIAppointmentRequestController.class]
06:28:15.321 [main] DEBUG o.s.c.a.ClassPathBeanDefinitionScanner - Identified candidate component class: file [/var/lib/jenkins/workspace/itrust-test/iTrust2/target/classes/edu/ncsu/csc/itrust2/controllers/api/APIDiagnosisController.class]
06:28:15.321 [main] DEBUG o.s.c.a.ClassPathBeanDefinitionScanner - Identified candidate component class: file [/var/lib/jenkins/workspace/itrust-test/iTrust2/target/classes/edu/ncsu/csc/itrust2/controllers/api/APIDrugController.class]
06:28:15.322 [main] DEBUG o.s.c.a.ClassPathBeanDefinitionScanner - Identified candidate component class: file [/var/lib/jenkins/workspace/itrust-test/iTrust2/target/classes/edu/ncsu/csc/itrust2/controllers/api/APIEnumController.class]
06:28:15.322 [main] DEBUG o.s.c.a.ClassPathBeanDefinitionScanner - Identified candidate component class: file [/var/lib/jenkins/workspace/itrust-test/iTrust2/target/classes/edu/ncsu/csc/itrust2/controllers/api/APIHospitalController.class]
06:28:15.322 [main] DEBUG o.s.c.a.ClassPathBeanDefinitionScanner - Identified candidate component class: file [/var/lib/jenkins/workspace/itrust-test/iTrust2/target/classes/edu/ncsu/csc/itrust2/controllers/api/APIICDCodeController.class]
06:28:15.322 [main] DEBUG o.s.c.a.ClassPathBeanDefinitionScanner - Identified candidate component class: file [/var/lib/jenkins/workspace/itrust-test/iTrust2/target/classes/edu/ncsu/csc/itrust2/controllers/api/APILogEntryController.class]
06:28:15.323 [main] DEBUG o.s.c.a.ClassPathBeanDefinitionScanner - Identified candidate component class: file [/var/lib/jenkins/workspace/itrust-test/iTrust2/target/classes/edu/ncsu/csc/itrust2/controllers/api/APIOfficeVisitController.class]
06:28:15.323 [main] DEBUG o.s.c.a.ClassPathBeanDefinitionScanner - Identified candidate component class: file [/var/lib/jenkins/workspace/itrust-test/iTrust2/target/classes/edu/ncsu/csc/itrust2/controllers/api/APIPasswordController.class]
06:28:15.324 [main] DEBUG o.s.c.a.ClassPathBeanDefinitionScanner - Identified candidate component class: file [/var/lib/jenkins/workspace/itrust-test/iTrust2/target/classes/edu/ncsu/csc/itrust2/controllers/api/APIPatientController.class]
06:28:15.324 [main] DEBUG o.s.c.a.ClassPathBeanDefinitionScanner - Identified candidate component class: file [/var/lib/jenkins/workspace/itrust-test/iTrust2/target/classes/edu/ncsu/csc/itrust2/controllers/api/APIPersonnelController.class]
06:28:15.324 [main] DEBUG o.s.c.a.ClassPathBeanDefinitionScanner - Identified candidate component class: file [/var/lib/jenkins/workspace/itrust-test/iTrust2/target/classes/edu/ncsu/csc/itrust2/controllers/api/APIPrescriptionController.class]
06:28:15.325 [main] DEBUG o.s.c.a.ClassPathBeanDefinitionScanner - Identified candidate component class: file [/var/lib/jenkins/workspace/itrust-test/iTrust2/target/classes/edu/ncsu/csc/itrust2/controllers/api/APIUserController.class]
06:28:15.325 [main] DEBUG o.s.c.a.ClassPathBeanDefinitionScanner - Identified candidate component class: file [/var/lib/jenkins/workspace/itrust-test/iTrust2/target/classes/edu/ncsu/csc/itrust2/controllers/hcp/AppointmentControllerHCP.class]
06:28:15.325 [main] DEBUG o.s.c.a.ClassPathBeanDefinitionScanner - Identified candidate component class: file [/var/lib/jenkins/workspace/itrust-test/iTrust2/target/classes/edu/ncsu/csc/itrust2/controllers/hcp/HCPController.class]
06:28:15.326 [main] DEBUG o.s.c.a.ClassPathBeanDefinitionScanner - Identified candidate component class: file [/var/lib/jenkins/workspace/itrust-test/iTrust2/target/classes/edu/ncsu/csc/itrust2/controllers/hcp/OfficeVisitController.class]
06:28:15.326 [main] DEBUG o.s.c.a.ClassPathBeanDefinitionScanner - Identified candidate component class: file [/var/lib/jenkins/workspace/itrust-test/iTrust2/target/classes/edu/ncsu/csc/itrust2/controllers/patient/AppointmentController.class]
06:28:15.326 [main] DEBUG o.s.c.a.ClassPathBeanDefinitionScanner - Identified candidate component class: file [/var/lib/jenkins/workspace/itrust-test/iTrust2/target/classes/edu/ncsu/csc/itrust2/controllers/patient/DiagnosesController.class]
06:28:15.326 [main] DEBUG o.s.c.a.ClassPathBeanDefinitionScanner - Identified candidate component class: file [/var/lib/jenkins/workspace/itrust-test/iTrust2/target/classes/edu/ncsu/csc/itrust2/controllers/patient/PatientController.class]
06:28:15.327 [main] DEBUG o.s.c.a.ClassPathBeanDefinitionScanner - Identified candidate component class: file [/var/lib/jenkins/workspace/itrust-test/iTrust2/target/classes/edu/ncsu/csc/itrust2/controllers/personnel/PasswordController.class]
06:28:15.327 [main] DEBUG o.s.c.a.ClassPathBeanDefinitionScanner - Identified candidate component class: file [/var/lib/jenkins/workspace/itrust-test/iTrust2/target/classes/edu/ncsu/csc/itrust2/controllers/personnel/UserController.class]
06:28:15.327 [main] DEBUG o.s.c.i.s.PathMatchingResourcePatternResolver - Resolved classpath location [edu/ncsu/csc/itrust2/config/] to resources [URL [file:/var/lib/jenkins/workspace/itrust-test/iTrust2/target/classes/edu/ncsu/csc/itrust2/config/]]
06:28:15.327 [main] DEBUG o.s.c.i.s.PathMatchingResourcePatternResolver - Looking for matching resources in directory tree [/var/lib/jenkins/workspace/itrust-test/iTrust2/target/classes/edu/ncsu/csc/itrust2/config]
06:28:15.328 [main] DEBUG o.s.c.i.s.PathMatchingResourcePatternResolver - Searching directory [/var/lib/jenkins/workspace/itrust-test/iTrust2/target/classes/edu/ncsu/csc/itrust2/config] for files matching pattern [/var/lib/jenkins/workspace/itrust-test/iTrust2/target/classes/edu/ncsu/csc/itrust2/config/**/*.class]
06:28:15.328 [main] DEBUG o.s.c.i.s.PathMatchingResourcePatternResolver - Resolved location pattern [classpath*:edu/ncsu/csc/itrust2/config/**/*.class] to resources [file [/var/lib/jenkins/workspace/itrust-test/iTrust2/target/classes/edu/ncsu/csc/itrust2/config/ContextListener.class], file [/var/lib/jenkins/workspace/itrust-test/iTrust2/target/classes/edu/ncsu/csc/itrust2/config/DataConfiguration.class], file [/var/lib/jenkins/workspace/itrust-test/iTrust2/target/classes/edu/ncsu/csc/itrust2/config/FailureHandler.class], file [/var/lib/jenkins/workspace/itrust-test/iTrust2/target/classes/edu/ncsu/csc/itrust2/config/IPFilter.class], file [/var/lib/jenkins/workspace/itrust-test/iTrust2/target/classes/edu/ncsu/csc/itrust2/config/ITrust2ApplicationInitializer.class], file [/var/lib/jenkins/workspace/itrust-test/iTrust2/target/classes/edu/ncsu/csc/itrust2/config/ITrust2WebApplicationInitializer.class], file [/var/lib/jenkins/workspace/itrust-test/iTrust2/target/classes/edu/ncsu/csc/itrust2/config/LoginAuditingListener.class], file [/var/lib/jenkins/workspace/itrust-test/iTrust2/target/classes/edu/ncsu/csc/itrust2/config/RootConfiguration.class], file [/var/lib/jenkins/workspace/itrust-test/iTrust2/target/classes/edu/ncsu/csc/itrust2/config/SecurityConfig.class]]
06:28:15.328 [main] DEBUG o.s.c.a.ClassPathBeanDefinitionScanner - Identified candidate component class: file [/var/lib/jenkins/workspace/itrust-test/iTrust2/target/classes/edu/ncsu/csc/itrust2/config/DataConfiguration.class]
06:28:15.329 [main] DEBUG o.s.c.a.ClassPathBeanDefinitionScanner - Identified candidate component class: file [/var/lib/jenkins/workspace/itrust-test/iTrust2/target/classes/edu/ncsu/csc/itrust2/config/LoginAuditingListener.class]
06:28:15.329 [main] DEBUG o.s.c.a.ClassPathBeanDefinitionScanner - Identified candidate component class: file [/var/lib/jenkins/workspace/itrust-test/iTrust2/target/classes/edu/ncsu/csc/itrust2/config/RootConfiguration.class]
06:28:15.329 [main] DEBUG o.s.c.a.ClassPathBeanDefinitionScanner - Identified candidate component class: file [/var/lib/jenkins/workspace/itrust-test/iTrust2/target/classes/edu/ncsu/csc/itrust2/config/SecurityConfig.class]
06:28:15.348 [main] DEBUG o.s.c.a.ConfigurationClassBeanDefinitionReader - Registering bean definition for @Bean method edu.ncsu.csc.itrust2.config.DataConfiguration.dataSource()
06:28:15.348 [main] DEBUG o.s.c.a.ConfigurationClassBeanDefinitionReader - Registered bean definition for imported class 'org.springframework.security.config.annotation.configuration.ObjectPostProcessorConfiguration'
06:28:15.348 [main] DEBUG o.s.c.a.ConfigurationClassBeanDefinitionReader - Registering bean definition for @Bean method org.springframework.security.config.annotation.configuration.ObjectPostProcessorConfiguration.objectPostProcessor()
06:28:15.348 [main] DEBUG o.s.c.a.ConfigurationClassBeanDefinitionReader - Registered bean definition for imported class 'org.springframework.security.config.annotation.authentication.configuration.AuthenticationConfiguration'
06:28:15.348 [main] DEBUG o.s.c.a.ConfigurationClassBeanDefinitionReader - Registering bean definition for @Bean method org.springframework.security.config.annotation.authentication.configuration.AuthenticationConfiguration.authenticationManagerBuilder()
06:28:15.348 [main] DEBUG o.s.c.a.ConfigurationClassBeanDefinitionReader - Registering bean definition for @Bean method org.springframework.security.config.annotation.authentication.configuration.AuthenticationConfiguration.enableGlobalAuthenticationAutowiredConfigurer()
06:28:15.348 [main] DEBUG o.s.c.a.ConfigurationClassBeanDefinitionReader - Registering bean definition for @Bean method org.springframework.security.config.annotation.authentication.configuration.AuthenticationConfiguration.initializeUserDetailsBeanManagerConfigurer()
06:28:15.348 [main] DEBUG o.s.c.a.ConfigurationClassBeanDefinitionReader - Registering bean definition for @Bean method org.springframework.security.config.annotation.authentication.configuration.AuthenticationConfiguration.initializeAuthenticationProviderBeanManagerConfigurer()
06:28:15.348 [main] DEBUG o.s.c.a.ConfigurationClassBeanDefinitionReader - Registered bean definition for imported class 'org.springframework.security.config.annotation.web.configuration.WebSecurityConfiguration'
06:28:15.348 [main] DEBUG o.s.c.a.ConfigurationClassBeanDefinitionReader - Registering bean definition for @Bean method org.springframework.security.config.annotation.web.configuration.WebSecurityConfiguration.delegatingApplicationListener()
06:28:15.348 [main] DEBUG o.s.c.a.ConfigurationClassBeanDefinitionReader - Registering bean definition for @Bean method org.springframework.security.config.annotation.web.configuration.WebSecurityConfiguration.webSecurityExpressionHandler()
06:28:15.348 [main] DEBUG o.s.c.a.ConfigurationClassBeanDefinitionReader - Registering bean definition for @Bean method org.springframework.security.config.annotation.web.configuration.WebSecurityConfiguration.springSecurityFilterChain()
06:28:15.348 [main] DEBUG o.s.c.a.ConfigurationClassBeanDefinitionReader - Registering bean definition for @Bean method org.springframework.security.config.annotation.web.configuration.WebSecurityConfiguration.privilegeEvaluator()
06:28:15.348 [main] DEBUG o.s.c.a.ConfigurationClassBeanDefinitionReader - Registering bean definition for @Bean method org.springframework.security.config.annotation.web.configuration.WebSecurityConfiguration.autowiredWebSecurityConfigurersIgnoreParents()
06:28:15.348 [main] DEBUG o.s.c.a.ConfigurationClassBeanDefinitionReader - Registered bean definition for imported class 'org.springframework.security.config.annotation.web.configuration.WebMvcSecurityConfiguration'
06:28:15.348 [main] DEBUG o.s.c.a.ConfigurationClassBeanDefinitionReader - Registering bean definition for @Bean method org.springframework.security.config.annotation.web.configuration.WebMvcSecurityConfiguration.requestDataValueProcessor()
06:28:15.348 [main] DEBUG o.s.c.a.ConfigurationClassBeanDefinitionReader - Registering bean definition for @Bean method edu.ncsu.csc.itrust2.config.SecurityConfig.passwordEncoder()
06:28:15.348 [main] DEBUG o.s.c.a.ConfigurationClassBeanDefinitionReader - Registering bean definition for @Bean method edu.ncsu.csc.itrust2.config.SecurityConfig.defaultAuthenticationEventPublisher()
06:28:15.348 [main] DEBUG o.s.c.a.ConfigurationClassBeanDefinitionReader - Registering bean definition for @Bean method edu.ncsu.csc.itrust2.config.SecurityConfig.failureHandler()
06:28:15.348 [main] DEBUG o.s.c.a.ConfigurationClassBeanDefinitionReader - Registering bean definition for @Bean method edu.ncsu.csc.itrust2.config.SecurityConfig.ipBlockFilter()
06:28:15.349 [main] DEBUG o.s.c.a.ConfigurationClassBeanDefinitionReader - Registered bean definition for imported class 'org.springframework.web.servlet.config.annotation.DelegatingWebMvcConfiguration'
06:28:15.349 [main] DEBUG o.s.c.a.ConfigurationClassBeanDefinitionReader - Registering bean definition for @Bean method org.springframework.web.servlet.config.annotation.DelegatingWebMvcConfiguration.mvcConversionService()
06:28:15.349 [main] DEBUG o.s.c.a.ConfigurationClassBeanDefinitionReader - Registering bean definition for @Bean method org.springframework.web.servlet.config.annotation.DelegatingWebMvcConfiguration.mvcContentNegotiationManager()
06:28:15.349 [main] DEBUG o.s.c.a.ConfigurationClassBeanDefinitionReader - Registering bean definition for @Bean method org.springframework.web.servlet.config.annotation.DelegatingWebMvcConfiguration.viewControllerHandlerMapping()
06:28:15.349 [main] DEBUG o.s.c.a.ConfigurationClassBeanDefinitionReader - Registering bean definition for @Bean method org.springframework.web.servlet.config.annotation.DelegatingWebMvcConfiguration.beanNameHandlerMapping()
06:28:15.349 [main] DEBUG o.s.c.a.ConfigurationClassBeanDefinitionReader - Registering bean definition for @Bean method org.springframework.web.servlet.config.annotation.DelegatingWebMvcConfiguration.resourceHandlerMapping()
06:28:15.349 [main] DEBUG o.s.c.a.ConfigurationClassBeanDefinitionReader - Registering bean definition for @Bean method org.springframework.web.servlet.config.annotation.DelegatingWebMvcConfiguration.mvcResourceUrlProvider()
06:28:15.349 [main] DEBUG o.s.c.a.ConfigurationClassBeanDefinitionReader - Registering bean definition for @Bean method org.springframework.web.servlet.config.annotation.DelegatingWebMvcConfiguration.defaultServletHandlerMapping()
06:28:15.349 [main] DEBUG o.s.c.a.ConfigurationClassBeanDefinitionReader - Registering bean definition for @Bean method org.springframework.web.servlet.config.annotation.DelegatingWebMvcConfiguration.requestMappingHandlerAdapter()
06:28:15.349 [main] DEBUG o.s.c.a.ConfigurationClassBeanDefinitionReader - Registering bean definition for @Bean method org.springframework.web.servlet.config.annotation.DelegatingWebMvcConfiguration.mvcValidator()
06:28:15.349 [main] DEBUG o.s.c.a.ConfigurationClassBeanDefinitionReader - Registering bean definition for @Bean method org.springframework.web.servlet.config.annotation.DelegatingWebMvcConfiguration.mvcUriComponentsContributor()
06:28:15.349 [main] DEBUG o.s.c.a.ConfigurationClassBeanDefinitionReader - Registering bean definition for @Bean method org.springframework.web.servlet.config.annotation.DelegatingWebMvcConfiguration.httpRequestHandlerAdapter()
06:28:15.349 [main] DEBUG o.s.c.a.ConfigurationClassBeanDefinitionReader - Registering bean definition for @Bean method org.springframework.web.servlet.config.annotation.DelegatingWebMvcConfiguration.simpleControllerHandlerAdapter()
06:28:15.349 [main] DEBUG o.s.c.a.ConfigurationClassBeanDefinitionReader - Registering bean definition for @Bean method org.springframework.web.servlet.config.annotation.DelegatingWebMvcConfiguration.handlerExceptionResolver()
06:28:15.350 [main] DEBUG o.s.c.a.ConfigurationClassBeanDefinitionReader - Registering bean definition for @Bean method org.springframework.web.servlet.config.annotation.DelegatingWebMvcConfiguration.mvcViewResolver()
06:28:15.350 [main] DEBUG o.s.c.a.ConfigurationClassBeanDefinitionReader - Registering bean definition for @Bean method org.springframework.web.servlet.config.annotation.DelegatingWebMvcConfiguration.requestMappingHandlerMapping()
06:28:15.350 [main] DEBUG o.s.c.a.ConfigurationClassBeanDefinitionReader - Registering bean definition for @Bean method org.springframework.web.servlet.config.annotation.DelegatingWebMvcConfiguration.mvcPathMatcher()
06:28:15.350 [main] DEBUG o.s.c.a.ConfigurationClassBeanDefinitionReader - Registering bean definition for @Bean method org.springframework.web.servlet.config.annotation.DelegatingWebMvcConfiguration.mvcUrlPathHelper()
06:28:15.350 [main] DEBUG o.s.c.a.ConfigurationClassBeanDefinitionReader - Registered bean definition for imported class 'org.springframework.security.config.annotation.method.configuration.GlobalMethodSecurityConfiguration'
06:28:15.350 [main] DEBUG o.s.c.a.ConfigurationClassBeanDefinitionReader - Registering bean definition for @Bean method org.springframework.security.config.annotation.method.configuration.GlobalMethodSecurityConfiguration.methodSecurityInterceptor()
06:28:15.350 [main] DEBUG o.s.c.a.ConfigurationClassBeanDefinitionReader - Registering bean definition for @Bean method org.springframework.security.config.annotation.method.configuration.GlobalMethodSecurityConfiguration.methodSecurityMetadataSource()
06:28:15.350 [main] DEBUG o.s.c.a.ConfigurationClassBeanDefinitionReader - Registering bean definition for @Bean method org.springframework.security.config.annotation.method.configuration.GlobalMethodSecurityConfiguration.preInvocationAuthorizationAdvice()
06:28:15.350 [main] DEBUG o.s.c.a.ConfigurationClassBeanDefinitionReader - Registering bean definition for @Bean method edu.ncsu.csc.itrust2.mvc.config.WebMvcConfiguration.viewResolver()
06:28:15.350 [main] DEBUG o.s.c.a.ConfigurationClassBeanDefinitionReader - Registering bean definition for @Bean method edu.ncsu.csc.itrust2.mvc.config.WebMvcConfiguration.templateEngine()
06:28:15.350 [main] DEBUG o.s.c.a.ConfigurationClassBeanDefinitionReader - Registering bean definition for @Bean method edu.ncsu.csc.itrust2.mvc.config.WebMvcConfiguration.domainClassConverter()
06:28:15.353 [main] DEBUG o.s.c.a.ConfigurationClassEnhancer - Successfully enhanced edu.ncsu.csc.itrust2.config.RootConfiguration; enhanced class name is: edu.ncsu.csc.itrust2.config.RootConfiguration$$EnhancerBySpringCGLIB$$531f067d
06:28:15.353 [main] DEBUG o.s.c.a.ConfigurationClassPostProcessor - Replacing bean definition 'rootConfiguration' existing class 'edu.ncsu.csc.itrust2.config.RootConfiguration' with enhanced class 'edu.ncsu.csc.itrust2.config.RootConfiguration$$EnhancerBySpringCGLIB$$531f067d'
06:28:15.353 [main] DEBUG o.s.c.a.ConfigurationClassEnhancer - Successfully enhanced edu.ncsu.csc.itrust2.mvc.config.WebMvcConfiguration; enhanced class name is: edu.ncsu.csc.itrust2.mvc.config.WebMvcConfiguration$$EnhancerBySpringCGLIB$$6fca09cd
06:28:15.353 [main] DEBUG o.s.c.a.ConfigurationClassPostProcessor - Replacing bean definition 'webMvcConfiguration' existing class 'edu.ncsu.csc.itrust2.mvc.config.WebMvcConfiguration' with enhanced class 'edu.ncsu.csc.itrust2.mvc.config.WebMvcConfiguration$$EnhancerBySpringCGLIB$$6fca09cd'
06:28:15.353 [main] DEBUG o.s.c.a.ConfigurationClassEnhancer - Successfully enhanced edu.ncsu.csc.itrust2.config.DataConfiguration; enhanced class name is: edu.ncsu.csc.itrust2.config.DataConfiguration$$EnhancerBySpringCGLIB$$975e4bb5
06:28:15.353 [main] DEBUG o.s.c.a.ConfigurationClassPostProcessor - Replacing bean definition 'dataConfiguration' existing class 'edu.ncsu.csc.itrust2.config.DataConfiguration' with enhanced class 'edu.ncsu.csc.itrust2.config.DataConfiguration$$EnhancerBySpringCGLIB$$975e4bb5'
06:28:15.354 [main] DEBUG o.s.c.a.ConfigurationClassEnhancer - Successfully enhanced edu.ncsu.csc.itrust2.config.SecurityConfig; enhanced class name is: edu.ncsu.csc.itrust2.config.SecurityConfig$$EnhancerBySpringCGLIB$$89ded359
06:28:15.354 [main] DEBUG o.s.c.a.ConfigurationClassPostProcessor - Replacing bean definition 'securityConfig' existing class 'edu.ncsu.csc.itrust2.config.SecurityConfig' with enhanced class 'edu.ncsu.csc.itrust2.config.SecurityConfig$$EnhancerBySpringCGLIB$$89ded359'
06:28:15.354 [main] DEBUG o.s.c.a.ConfigurationClassEnhancer - Successfully enhanced org.springframework.security.config.annotation.configuration.ObjectPostProcessorConfiguration; enhanced class name is: org.springframework.security.config.annotation.configuration.ObjectPostProcessorConfiguration$$EnhancerBySpringCGLIB$$97d41d25
06:28:15.354 [main] DEBUG o.s.c.a.ConfigurationClassPostProcessor - Replacing bean definition 'org.springframework.security.config.annotation.configuration.ObjectPostProcessorConfiguration' existing class 'org.springframework.security.config.annotation.configuration.ObjectPostProcessorConfiguration' with enhanced class 'org.springframework.security.config.annotation.configuration.ObjectPostProcessorConfiguration$$EnhancerBySpringCGLIB$$97d41d25'
06:28:15.354 [main] DEBUG o.s.c.a.ConfigurationClassEnhancer - Successfully enhanced org.springframework.security.config.annotation.authentication.configuration.AuthenticationConfiguration; enhanced class name is: org.springframework.security.config.annotation.authentication.configuration.AuthenticationConfiguration$$EnhancerBySpringCGLIB$$e39d279a
06:28:15.354 [main] DEBUG o.s.c.a.ConfigurationClassPostProcessor - Replacing bean definition 'org.springframework.security.config.annotation.authentication.configuration.AuthenticationConfiguration' existing class 'org.springframework.security.config.annotation.authentication.configuration.AuthenticationConfiguration' with enhanced class 'org.springframework.security.config.annotation.authentication.configuration.AuthenticationConfiguration$$EnhancerBySpringCGLIB$$e39d279a'
06:28:15.354 [main] DEBUG o.s.c.a.ConfigurationClassEnhancer - Successfully enhanced org.springframework.security.config.annotation.authentication.configuration.AuthenticationConfiguration; enhanced class name is: org.springframework.security.config.annotation.authentication.configuration.AuthenticationConfiguration$$EnhancerBySpringCGLIB$$e39d279a
06:28:15.354 [main] DEBUG o.s.c.a.ConfigurationClassPostProcessor - Replacing bean definition 'enableGlobalAuthenticationAutowiredConfigurer' existing class 'org.springframework.security.config.annotation.authentication.configuration.AuthenticationConfiguration' with enhanced class 'org.springframework.security.config.annotation.authentication.configuration.AuthenticationConfiguration$$EnhancerBySpringCGLIB$$e39d279a'
06:28:15.354 [main] DEBUG o.s.c.a.ConfigurationClassEnhancer - Successfully enhanced org.springframework.security.config.annotation.authentication.configuration.AuthenticationConfiguration; enhanced class name is: org.springframework.security.config.annotation.authentication.configuration.AuthenticationConfiguration$$EnhancerBySpringCGLIB$$e39d279a
06:28:15.354 [main] DEBUG o.s.c.a.ConfigurationClassPostProcessor - Replacing bean definition 'initializeUserDetailsBeanManagerConfigurer' existing class 'org.springframework.security.config.annotation.authentication.configuration.AuthenticationConfiguration' with enhanced class 'org.springframework.security.config.annotation.authentication.configuration.AuthenticationConfiguration$$EnhancerBySpringCGLIB$$e39d279a'
06:28:15.354 [main] DEBUG o.s.c.a.ConfigurationClassEnhancer - Successfully enhanced org.springframework.security.config.annotation.authentication.configuration.AuthenticationConfiguration; enhanced class name is: org.springframework.security.config.annotation.authentication.configuration.AuthenticationConfiguration$$EnhancerBySpringCGLIB$$e39d279a
06:28:15.354 [main] DEBUG o.s.c.a.ConfigurationClassPostProcessor - Replacing bean definition 'initializeAuthenticationProviderBeanManagerConfigurer' existing class 'org.springframework.security.config.annotation.authentication.configuration.AuthenticationConfiguration' with enhanced class 'org.springframework.security.config.annotation.authentication.configuration.AuthenticationConfiguration$$EnhancerBySpringCGLIB$$e39d279a'
06:28:15.354 [main] DEBUG o.s.c.a.ConfigurationClassEnhancer - Successfully enhanced org.springframework.security.config.annotation.web.configuration.WebSecurityConfiguration; enhanced class name is: org.springframework.security.config.annotation.web.configuration.WebSecurityConfiguration$$EnhancerBySpringCGLIB$$a65781de
06:28:15.354 [main] DEBUG o.s.c.a.ConfigurationClassPostProcessor - Replacing bean definition 'org.springframework.security.config.annotation.web.configuration.WebSecurityConfiguration' existing class 'org.springframework.security.config.annotation.web.configuration.WebSecurityConfiguration' with enhanced class 'org.springframework.security.config.annotation.web.configuration.WebSecurityConfiguration$$EnhancerBySpringCGLIB$$a65781de'
06:28:15.354 [main] DEBUG o.s.c.a.ConfigurationClassEnhancer - Successfully enhanced org.springframework.security.config.annotation.web.configuration.WebSecurityConfiguration; enhanced class name is: org.springframework.security.config.annotation.web.configuration.WebSecurityConfiguration$$EnhancerBySpringCGLIB$$a65781de
06:28:15.354 [main] DEBUG o.s.c.a.ConfigurationClassPostProcessor - Replacing bean definition 'delegatingApplicationListener' existing class 'org.springframework.security.config.annotation.web.configuration.WebSecurityConfiguration' with enhanced class 'org.springframework.security.config.annotation.web.configuration.WebSecurityConfiguration$$EnhancerBySpringCGLIB$$a65781de'
06:28:15.354 [main] DEBUG o.s.c.a.ConfigurationClassEnhancer - Successfully enhanced org.springframework.web.servlet.config.annotation.DelegatingWebMvcConfiguration; enhanced class name is: org.springframework.web.servlet.config.annotation.DelegatingWebMvcConfiguration$$EnhancerBySpringCGLIB$$c3e73a21
06:28:15.354 [main] DEBUG o.s.c.a.ConfigurationClassPostProcessor - Replacing bean definition 'org.springframework.web.servlet.config.annotation.DelegatingWebMvcConfiguration' existing class 'org.springframework.web.servlet.config.annotation.DelegatingWebMvcConfiguration' with enhanced class 'org.springframework.web.servlet.config.annotation.DelegatingWebMvcConfiguration$$EnhancerBySpringCGLIB$$c3e73a21'
06:28:15.354 [main] DEBUG o.s.c.a.ConfigurationClassEnhancer - Successfully enhanced org.springframework.security.config.annotation.method.configuration.GlobalMethodSecurityConfiguration; enhanced class name is: org.springframework.security.config.annotation.method.configuration.GlobalMethodSecurityConfiguration$$EnhancerBySpringCGLIB$$bca8bfd7
06:28:15.354 [main] DEBUG o.s.c.a.ConfigurationClassPostProcessor - Replacing bean definition 'org.springframework.security.config.annotation.method.configuration.GlobalMethodSecurityConfiguration' existing class 'org.springframework.security.config.annotation.method.configuration.GlobalMethodSecurityConfiguration' with enhanced class 'org.springframework.security.config.annotation.method.configuration.GlobalMethodSecurityConfiguration$$EnhancerBySpringCGLIB$$bca8bfd7'
06:28:15.357 [main] DEBUG o.s.b.f.s.DefaultListableBeanFactory - Creating shared instance of singleton bean 'org.springframework.context.annotation.internalAutowiredAnnotationProcessor'
06:28:15.357 [main] DEBUG o.s.b.f.s.DefaultListableBeanFactory - Creating instance of bean 'org.springframework.context.annotation.internalAutowiredAnnotationProcessor'
06:28:15.358 [main] DEBUG o.s.b.f.s.DefaultListableBeanFactory - Eagerly caching bean 'org.springframework.context.annotation.internalAutowiredAnnotationProcessor' to allow for resolving potential circular references
06:28:15.360 [main] DEBUG o.s.b.f.s.DefaultListableBeanFactory - Finished creating instance of bean 'org.springframework.context.annotation.internalAutowiredAnnotationProcessor'
06:28:15.360 [main] DEBUG o.s.b.f.s.DefaultListableBeanFactory - Creating shared instance of singleton bean 'org.springframework.context.annotation.internalRequiredAnnotationProcessor'
06:28:15.360 [main] DEBUG o.s.b.f.s.DefaultListableBeanFactory - Creating instance of bean 'org.springframework.context.annotation.internalRequiredAnnotationProcessor'
06:28:15.360 [main] DEBUG o.s.b.f.s.DefaultListableBeanFactory - Eagerly caching bean 'org.springframework.context.annotation.internalRequiredAnnotationProcessor' to allow for resolving potential circular references
06:28:15.362 [main] DEBUG o.s.b.f.s.DefaultListableBeanFactory - Finished creating instance of bean 'org.springframework.context.annotation.internalRequiredAnnotationProcessor'
06:28:15.362 [main] DEBUG o.s.b.f.s.DefaultListableBeanFactory - Creating shared instance of singleton bean 'org.springframework.context.annotation.internalCommonAnnotationProcessor'
06:28:15.362 [main] DEBUG o.s.b.f.s.DefaultListableBeanFactory - Creating instance of bean 'org.springframework.context.annotation.internalCommonAnnotationProcessor'
06:28:15.362 [main] DEBUG o.s.b.f.s.DefaultListableBeanFactory - Eagerly caching bean 'org.springframework.context.annotation.internalCommonAnnotationProcessor' to allow for resolving potential circular references
06:28:15.366 [main] DEBUG o.s.b.f.s.DefaultListableBeanFactory - Finished creating instance of bean 'org.springframework.context.annotation.internalCommonAnnotationProcessor'
06:28:15.366 [main] DEBUG o.s.b.f.s.DefaultListableBeanFactory - Creating shared instance of singleton bean 'org.springframework.context.annotation.internalPersistenceAnnotationProcessor'
06:28:15.366 [main] DEBUG o.s.b.f.s.DefaultListableBeanFactory - Creating instance of bean 'org.springframework.context.annotation.internalPersistenceAnnotationProcessor'
06:28:15.366 [main] DEBUG o.s.b.f.s.DefaultListableBeanFactory - Eagerly caching bean 'org.springframework.context.annotation.internalPersistenceAnnotationProcessor' to allow for resolving potential circular references
06:28:15.369 [main] DEBUG o.s.b.f.s.DefaultListableBeanFactory - Finished creating instance of bean 'org.springframework.context.annotation.internalPersistenceAnnotationProcessor'
06:28:15.369 [main] DEBUG o.s.b.f.s.DefaultListableBeanFactory - Creating shared instance of singleton bean 'org.springframework.aop.config.internalAutoProxyCreator'
06:28:15.369 [main] DEBUG o.s.b.f.s.DefaultListableBeanFactory - Creating instance of bean 'org.springframework.aop.config.internalAutoProxyCreator'
06:28:15.370 [main] DEBUG o.s.b.f.s.DefaultListableBeanFactory - Eagerly caching bean 'org.springframework.aop.config.internalAutoProxyCreator' to allow for resolving potential circular references
06:28:15.373 [main] DEBUG o.s.b.f.s.DefaultListableBeanFactory - Finished creating instance of bean 'org.springframework.aop.config.internalAutoProxyCreator'
06:28:15.373 [main] DEBUG o.s.w.c.s.GenericWebApplicationContext - Unable to locate MessageSource with name 'messageSource': using default [org.springframework.context.support.DelegatingMessageSource@2fabf464]
06:28:15.373 [main] DEBUG o.s.w.c.s.GenericWebApplicationContext - Unable to locate ApplicationEventMulticaster with name 'applicationEventMulticaster': using default [org.springframework.context.event.SimpleApplicationEventMulticaster@548bab26]
06:28:15.373 [main] DEBUG o.s.u.c.s.UiApplicationContextUtils - Unable to locate ThemeSource with name 'themeSource': using default [org.springframework.ui.context.support.ResourceBundleThemeSource@616f7287]
06:28:15.374 [main] DEBUG o.s.b.f.s.DefaultListableBeanFactory - Pre-instantiating singletons in org.springframework.beans.factory.support.DefaultListableBeanFactory@1cd13aa7: defining beans [org.springframework.context.annotation.internalConfigurationAnnotationProcessor,org.springframework.context.annotation.internalAutowiredAnnotationProcessor,org.springframework.context.annotation.internalRequiredAnnotationProcessor,org.springframework.context.annotation.internalCommonAnnotationProcessor,org.springframework.context.annotation.internalPersistenceAnnotationProcessor,org.springframework.context.event.internalEventListenerProcessor,org.springframework.context.event.internalEventListenerFactory,rootConfiguration,webMvcConfiguration,dataConfiguration,loginAuditingListener,securityConfig,defaultController,adminController,adminUserController,hospitalController,ICDCodesController,APIAppointmentRequestController,APIDiagnosisController,APIDrugController,APIEnumController,APIHospitalController,APIICDCodeController,APILogEntryController,APIOfficeVisitController,APIPasswordController,APIPatientController,APIPersonnelController,APIPrescriptionController,APIUserController,appointmentControllerHCP,HCPController,officeVisitController,appointmentController,diagnosesController,patientController,passwordController,userController,dataSource,org.springframework.security.config.annotation.configuration.ObjectPostProcessorConfiguration,objectPostProcessor,org.springframework.security.config.annotation.authentication.configuration.AuthenticationConfiguration,authenticationManagerBuilder,enableGlobalAuthenticationAutowiredConfigurer,initializeUserDetailsBeanManagerConfigurer,initializeAuthenticationProviderBeanManagerConfigurer,org.springframework.security.config.annotation.web.configuration.WebSecurityConfiguration,delegatingApplicationListener,webSecurityExpressionHandler,springSecurityFilterChain,privilegeEvaluator,autowiredWebSecurityConfigurersIgnoreParents,org.springframework.security.config.annotation.web.configuration.WebMvcSecurityConfiguration,requestDataValueProcessor,passwordEncoder,defaultAuthenticationEventPublisher,failureHandler,ipBlockFilter,org.springframework.web.servlet.config.annotation.DelegatingWebMvcConfiguration,mvcConversionService,mvcContentNegotiationManager,viewControllerHandlerMapping,beanNameHandlerMapping,resourceHandlerMapping,mvcResourceUrlProvider,defaultServletHandlerMapping,requestMappingHandlerAdapter,mvcValidator,mvcUriComponentsContributor,httpRequestHandlerAdapter,simpleControllerHandlerAdapter,handlerExceptionResolver,mvcViewResolver,requestMappingHandlerMapping,mvcPathMatcher,mvcUrlPathHelper,org.springframework.security.config.annotation.method.configuration.GlobalMethodSecurityConfiguration,methodSecurityInterceptor,methodSecurityMetadataSource,preInvocationAuthorizationAdvice,viewResolver,templateEngine,domainClassConverter,metaDataSourceAdvisor,org.springframework.aop.config.internalAutoProxyCreator]; root of factory hierarchy
06:28:15.374 [main] DEBUG o.s.b.f.s.DefaultListableBeanFactory - Returning cached instance of singleton bean 'org.springframework.context.annotation.internalConfigurationAnnotationProcessor'
06:28:15.374 [main] DEBUG o.s.b.f.s.DefaultListableBeanFactory - Returning cached instance of singleton bean 'org.springframework.context.annotation.internalAutowiredAnnotationProcessor'
06:28:15.374 [main] DEBUG o.s.b.f.s.DefaultListableBeanFactory - Returning cached instance of singleton bean 'org.springframework.context.annotation.internalRequiredAnnotationProcessor'
06:28:15.374 [main] DEBUG o.s.b.f.s.DefaultListableBeanFactory - Returning cached instance of singleton bean 'org.springframework.context.annotation.internalCommonAnnotationProcessor'
06:28:15.374 [main] DEBUG o.s.b.f.s.DefaultListableBeanFactory - Returning cached instance of singleton bean 'org.springframework.context.annotation.internalPersistenceAnnotationProcessor'
06:28:15.374 [main] DEBUG o.s.b.f.s.DefaultListableBeanFactory - Creating shared instance of singleton bean 'org.springframework.context.event.internalEventListenerProcessor'
06:28:15.374 [main] DEBUG o.s.b.f.s.DefaultListableBeanFactory - Creating instance of bean 'org.springframework.context.event.internalEventListenerProcessor'
06:28:15.374 [main] DEBUG o.s.b.f.s.DefaultListableBeanFactory - Eagerly caching bean 'org.springframework.context.event.internalEventListenerProcessor' to allow for resolving potential circular references
06:28:15.375 [main] DEBUG o.s.b.f.s.DefaultListableBeanFactory - Creating shared instance of singleton bean 'metaDataSourceAdvisor'
06:28:15.375 [main] DEBUG o.s.b.f.s.DefaultListableBeanFactory - Creating instance of bean 'metaDataSourceAdvisor'
06:28:15.375 [main] DEBUG o.s.b.f.s.DefaultListableBeanFactory - Creating shared instance of singleton bean 'methodSecurityMetadataSource'
06:28:15.375 [main] DEBUG o.s.b.f.s.DefaultListableBeanFactory - Creating instance of bean 'methodSecurityMetadataSource'
06:28:15.375 [main] DEBUG o.s.b.f.s.DefaultListableBeanFactory - Creating shared instance of singleton bean 'org.springframework.security.config.annotation.method.configuration.GlobalMethodSecurityConfiguration'
06:28:15.375 [main] DEBUG o.s.b.f.s.DefaultListableBeanFactory - Creating instance of bean 'org.springframework.security.config.annotation.method.configuration.GlobalMethodSecurityConfiguration'
06:28:15.377 [main] DEBUG o.s.b.f.annotation.InjectionMetadata - Registered injected element on class [org.springframework.security.config.annotation.method.configuration.GlobalMethodSecurityConfiguration$$EnhancerBySpringCGLIB$$bca8bfd7]: AutowiredMethodElement for public void org.springframework.security.config.annotation.method.configuration.GlobalMethodSecurityConfiguration.setApplicationContext(org.springframework.context.ApplicationContext)
06:28:15.377 [main] DEBUG o.s.b.f.annotation.InjectionMetadata - Registered injected element on class [org.springframework.security.config.annotation.method.configuration.GlobalMethodSecurityConfiguration$$EnhancerBySpringCGLIB$$bca8bfd7]: AutowiredMethodElement for public void org.springframework.security.config.annotation.method.configuration.GlobalMethodSecurityConfiguration.setObjectPostProcessor(org.springframework.security.config.annotation.ObjectPostProcessor)
06:28:15.377 [main] DEBUG o.s.b.f.annotation.InjectionMetadata - Registered injected element on class [org.springframework.security.config.annotation.method.configuration.GlobalMethodSecurityConfiguration$$EnhancerBySpringCGLIB$$bca8bfd7]: AutowiredMethodElement for public void org.springframework.security.config.annotation.method.configuration.GlobalMethodSecurityConfiguration.setMethodSecurityExpressionHandler(java.util.List)
06:28:15.377 [main] DEBUG o.s.b.f.annotation.InjectionMetadata - Registered injected element on class [org.springframework.security.config.annotation.method.configuration.GlobalMethodSecurityConfiguration$$EnhancerBySpringCGLIB$$bca8bfd7]: AutowiredMethodElement for public void org.springframework.security.config.annotation.method.configuration.GlobalMethodSecurityConfiguration.setJsr250MethodSecurityMetadataSource(org.springframework.security.access.annotation.Jsr250MethodSecurityMetadataSource)
06:28:15.377 [main] DEBUG o.s.b.f.s.DefaultListableBeanFactory - Eagerly caching bean 'org.springframework.security.config.annotation.method.configuration.GlobalMethodSecurityConfiguration' to allow for resolving potential circular references
06:28:15.377 [main] DEBUG o.s.b.f.annotation.InjectionMetadata - Processing injected element of bean 'org.springframework.security.config.annotation.method.configuration.GlobalMethodSecurityConfiguration': AutowiredMethodElement for public void org.springframework.security.config.annotation.method.configuration.GlobalMethodSecurityConfiguration.setApplicationContext(org.springframework.context.ApplicationContext)
06:28:15.378 [main] DEBUG o.s.b.f.a.AutowiredAnnotationBeanPostProcessor - Autowiring by type from bean name 'org.springframework.security.config.annotation.method.configuration.GlobalMethodSecurityConfiguration' to bean named 'org.springframework.web.context.support.GenericWebApplicationContext@675d1eca'
06:28:15.378 [main] DEBUG o.s.b.f.annotation.InjectionMetadata - Processing injected element of bean 'org.springframework.security.config.annotation.method.configuration.GlobalMethodSecurityConfiguration': AutowiredMethodElement for public void org.springframework.security.config.annotation.method.configuration.GlobalMethodSecurityConfiguration.setObjectPostProcessor(org.springframework.security.config.annotation.ObjectPostProcessor)
06:28:15.378 [main] DEBUG o.s.b.f.s.DefaultListableBeanFactory - Creating shared instance of singleton bean 'objectPostProcessor'
06:28:15.378 [main] DEBUG o.s.b.f.s.DefaultListableBeanFactory - Creating instance of bean 'objectPostProcessor'
06:28:15.378 [main] DEBUG o.s.b.f.s.DefaultListableBeanFactory - Creating shared instance of singleton bean 'org.springframework.security.config.annotation.configuration.ObjectPostProcessorConfiguration'
06:28:15.378 [main] DEBUG o.s.b.f.s.DefaultListableBeanFactory - Creating instance of bean 'org.springframework.security.config.annotation.configuration.ObjectPostProcessorConfiguration'
06:28:15.378 [main] DEBUG o.s.b.f.s.DefaultListableBeanFactory - Eagerly caching bean 'org.springframework.security.config.annotation.configuration.ObjectPostProcessorConfiguration' to allow for resolving potential circular references
06:28:15.379 [main] DEBUG o.s.a.f.a.BeanFactoryAdvisorRetrievalHelper - Skipping currently created advisor 'metaDataSourceAdvisor'
06:28:15.379 [main] DEBUG o.s.b.f.s.DefaultListableBeanFactory - Finished creating instance of bean 'org.springframework.security.config.annotation.configuration.ObjectPostProcessorConfiguration'
06:28:15.380 [main] DEBUG o.s.b.f.s.DefaultListableBeanFactory - Autowiring by type from bean name 'objectPostProcessor' via factory method to bean named 'org.springframework.beans.factory.support.DefaultListableBeanFactory@1cd13aa7'
06:28:15.381 [main] DEBUG o.s.b.f.s.DefaultListableBeanFactory - Eagerly caching bean 'objectPostProcessor' to allow for resolving potential circular references
06:28:15.382 [main] DEBUG o.s.a.f.a.BeanFactoryAdvisorRetrievalHelper - Skipping currently created advisor 'metaDataSourceAdvisor'
06:28:15.383 [main] DEBUG o.s.b.f.s.DefaultListableBeanFactory - Finished creating instance of bean 'objectPostProcessor'
06:28:15.383 [main] DEBUG o.s.b.f.a.AutowiredAnnotationBeanPostProcessor - Autowiring by type from bean name 'org.springframework.security.config.annotation.method.configuration.GlobalMethodSecurityConfiguration' to bean named 'objectPostProcessor'
06:28:15.386 [main] DEBUG o.s.b.f.annotation.InjectionMetadata - Processing injected element of bean 'org.springframework.security.config.annotation.method.configuration.GlobalMethodSecurityConfiguration': AutowiredMethodElement for public void org.springframework.security.config.annotation.method.configuration.GlobalMethodSecurityConfiguration.setMethodSecurityExpressionHandler(java.util.List)
06:28:15.387 [main] DEBUG o.s.b.f.annotation.InjectionMetadata - Processing injected element of bean 'org.springframework.security.config.annotation.method.configuration.GlobalMethodSecurityConfiguration': AutowiredMethodElement for public void org.springframework.security.config.annotation.method.configuration.GlobalMethodSecurityConfiguration.setJsr250MethodSecurityMetadataSource(org.springframework.security.access.annotation.Jsr250MethodSecurityMetadataSource)
06:28:15.387 [main] DEBUG o.s.b.f.s.DefaultListableBeanFactory - Returning cached instance of singleton bean 'org.springframework.context.annotation.ConfigurationClassPostProcessor.importRegistry'
06:28:15.388 [main] DEBUG o.s.a.f.a.BeanFactoryAdvisorRetrievalHelper - Skipping currently created advisor 'metaDataSourceAdvisor'
06:28:15.388 [main] DEBUG o.s.b.f.s.DefaultListableBeanFactory - Finished creating instance of bean 'org.springframework.security.config.annotation.method.configuration.GlobalMethodSecurityConfiguration'
06:28:15.388 [main] DEBUG o.s.b.f.s.DefaultListableBeanFactory - Eagerly caching bean 'methodSecurityMetadataSource' to allow for resolving potential circular references
06:28:15.390 [main] DEBUG o.s.b.f.s.DefaultListableBeanFactory - Finished creating instance of bean 'methodSecurityMetadataSource'
06:28:15.391 [main] DEBUG o.s.b.f.s.DefaultListableBeanFactory - Eagerly caching bean 'metaDataSourceAdvisor' to allow for resolving potential circular references
06:28:15.394 [main] DEBUG o.s.b.f.s.DefaultListableBeanFactory - Finished creating instance of bean 'metaDataSourceAdvisor'
06:28:15.394 [main] DEBUG o.s.b.f.s.DefaultListableBeanFactory - Finished creating instance of bean 'org.springframework.context.event.internalEventListenerProcessor'
06:28:15.394 [main] DEBUG o.s.b.f.s.DefaultListableBeanFactory - Creating shared instance of singleton bean 'org.springframework.context.event.internalEventListenerFactory'
06:28:15.394 [main] DEBUG o.s.b.f.s.DefaultListableBeanFactory - Creating instance of bean 'org.springframework.context.event.internalEventListenerFactory'
06:28:15.394 [main] DEBUG o.s.b.f.s.DefaultListableBeanFactory - Eagerly caching bean 'org.springframework.context.event.internalEventListenerFactory' to allow for resolving potential circular references
06:28:15.396 [main] DEBUG o.s.b.f.s.DefaultListableBeanFactory - Returning cached instance of singleton bean 'metaDataSourceAdvisor'
06:28:15.396 [main] DEBUG o.s.b.f.s.DefaultListableBeanFactory - Finished creating instance of bean 'org.springframework.context.event.internalEventListenerFactory'
06:28:15.396 [main] DEBUG o.s.b.f.s.DefaultListableBeanFactory - Creating shared instance of singleton bean 'rootConfiguration'
06:28:15.396 [main] DEBUG o.s.b.f.s.DefaultListableBeanFactory - Creating instance of bean 'rootConfiguration'
06:28:15.396 [main] DEBUG o.s.b.f.s.DefaultListableBeanFactory - Eagerly caching bean 'rootConfiguration' to allow for resolving potential circular references
06:28:15.397 [main] DEBUG o.s.b.f.s.DefaultListableBeanFactory - Returning cached instance of singleton bean 'metaDataSourceAdvisor'
06:28:15.398 [main] DEBUG o.s.b.f.s.DefaultListableBeanFactory - Finished creating instance of bean 'rootConfiguration'
06:28:15.398 [main] DEBUG o.s.b.f.s.DefaultListableBeanFactory - Creating shared instance of singleton bean 'webMvcConfiguration'
06:28:15.398 [main] DEBUG o.s.b.f.s.DefaultListableBeanFactory - Creating instance of bean 'webMvcConfiguration'
06:28:15.398 [main] DEBUG o.s.b.f.annotation.InjectionMetadata - Registered injected element on class [edu.ncsu.csc.itrust2.mvc.config.WebMvcConfiguration$$EnhancerBySpringCGLIB$$6fca09cd]: AutowiredFieldElement for private org.springframework.context.ApplicationContext edu.ncsu.csc.itrust2.mvc.config.WebMvcConfiguration.applicationContext
06:28:15.398 [main] DEBUG o.s.b.f.annotation.InjectionMetadata - Registered injected element on class [edu.ncsu.csc.itrust2.mvc.config.WebMvcConfiguration$$EnhancerBySpringCGLIB$$6fca09cd]: AutowiredFieldElement for private org.springframework.format.support.FormattingConversionService edu.ncsu.csc.itrust2.mvc.config.WebMvcConfiguration.mvcConversionService
06:28:15.398 [main] DEBUG o.s.b.f.s.DefaultListableBeanFactory - Eagerly caching bean 'webMvcConfiguration' to allow for resolving potential circular references
06:28:15.400 [main] DEBUG o.s.b.f.annotation.InjectionMetadata - Processing injected element of bean 'webMvcConfiguration': AutowiredFieldElement for private org.springframework.context.ApplicationContext edu.ncsu.csc.itrust2.mvc.config.WebMvcConfiguration.applicationContext
06:28:15.400 [main] DEBUG o.s.b.f.a.AutowiredAnnotationBeanPostProcessor - Autowiring by type from bean name 'webMvcConfiguration' to bean named 'org.springframework.web.context.support.GenericWebApplicationContext@675d1eca'
06:28:15.400 [main] DEBUG o.s.b.f.annotation.InjectionMetadata - Processing injected element of bean 'webMvcConfiguration': AutowiredFieldElement for private org.springframework.format.support.FormattingConversionService edu.ncsu.csc.itrust2.mvc.config.WebMvcConfiguration.mvcConversionService
06:28:15.401 [main] DEBUG o.s.b.f.s.DefaultListableBeanFactory - Creating shared instance of singleton bean 'mvcConversionService'
06:28:15.401 [main] DEBUG o.s.b.f.s.DefaultListableBeanFactory - Creating instance of bean 'mvcConversionService'
06:28:15.401 [main] DEBUG o.s.b.f.s.DefaultListableBeanFactory - Creating shared instance of singleton bean 'org.springframework.web.servlet.config.annotation.DelegatingWebMvcConfiguration'
06:28:15.401 [main] DEBUG o.s.b.f.s.DefaultListableBeanFactory - Creating instance of bean 'org.springframework.web.servlet.config.annotation.DelegatingWebMvcConfiguration'
06:28:15.405 [main] DEBUG o.s.b.f.annotation.InjectionMetadata - Registered injected element on class [org.springframework.web.servlet.config.annotation.DelegatingWebMvcConfiguration$$EnhancerBySpringCGLIB$$c3e73a21]: AutowiredMethodElement for public void org.springframework.web.servlet.config.annotation.DelegatingWebMvcConfiguration.setConfigurers(java.util.List)
06:28:15.405 [main] DEBUG o.s.b.f.s.DefaultListableBeanFactory - Eagerly caching bean 'org.springframework.web.servlet.config.annotation.DelegatingWebMvcConfiguration' to allow for resolving potential circular references
06:28:15.405 [main] DEBUG o.s.b.f.annotation.InjectionMetadata - Processing injected element of bean 'org.springframework.web.servlet.config.annotation.DelegatingWebMvcConfiguration': AutowiredMethodElement for public void org.springframework.web.servlet.config.annotation.DelegatingWebMvcConfiguration.setConfigurers(java.util.List)
06:28:15.406 [main] DEBUG o.s.b.f.s.DefaultListableBeanFactory - Returning cached instance of singleton bean 'metaDataSourceAdvisor'
06:28:15.410 [main] DEBUG o.s.b.f.s.DefaultListableBeanFactory - Returning eagerly cached instance of singleton bean 'webMvcConfiguration' that is not fully initialized yet - a consequence of a circular reference
06:28:15.410 [main] DEBUG o.s.b.f.s.DefaultListableBeanFactory - Creating shared instance of singleton bean 'org.springframework.security.config.annotation.web.configuration.WebMvcSecurityConfiguration'
06:28:15.410 [main] DEBUG o.s.b.f.s.DefaultListableBeanFactory - Creating instance of bean 'org.springframework.security.config.annotation.web.configuration.WebMvcSecurityConfiguration'
06:28:15.410 [main] DEBUG o.s.b.f.s.DefaultListableBeanFactory - Eagerly caching bean 'org.springframework.security.config.annotation.web.configuration.WebMvcSecurityConfiguration' to allow for resolving potential circular references
06:28:15.412 [main] DEBUG o.s.b.f.s.DefaultListableBeanFactory - Returning cached instance of singleton bean 'metaDataSourceAdvisor'
06:28:15.412 [main] DEBUG o.s.b.f.s.DefaultListableBeanFactory - Finished creating instance of bean 'org.springframework.security.config.annotation.web.configuration.WebMvcSecurityConfiguration'
06:28:15.412 [main] DEBUG o.s.b.f.a.AutowiredAnnotationBeanPostProcessor - Autowiring by type from bean name 'org.springframework.web.servlet.config.annotation.DelegatingWebMvcConfiguration' to bean named 'webMvcConfiguration'
06:28:15.412 [main] DEBUG o.s.b.f.a.AutowiredAnnotationBeanPostProcessor - Autowiring by type from bean name 'org.springframework.web.servlet.config.annotation.DelegatingWebMvcConfiguration' to bean named 'org.springframework.security.config.annotation.web.configuration.WebMvcSecurityConfiguration'
06:28:15.412 [main] DEBUG o.s.b.f.s.DefaultListableBeanFactory - Returning cached instance of singleton bean 'metaDataSourceAdvisor'
06:28:15.420 [main] DEBUG o.s.b.f.s.DefaultListableBeanFactory - Finished creating instance of bean 'org.springframework.web.servlet.config.annotation.DelegatingWebMvcConfiguration'
06:28:15.421 [main] DEBUG o.s.b.f.s.DefaultListableBeanFactory - Eagerly caching bean 'mvcConversionService' to allow for resolving potential circular references
06:28:15.423 [main] DEBUG o.s.b.f.s.DefaultListableBeanFactory - Returning cached instance of singleton bean 'metaDataSourceAdvisor'
06:28:15.425 [main] DEBUG o.s.b.f.s.DefaultListableBeanFactory - Finished creating instance of bean 'mvcConversionService'
06:28:15.425 [main] DEBUG o.s.b.f.a.AutowiredAnnotationBeanPostProcessor - Autowiring by type from bean name 'webMvcConfiguration' to bean named 'mvcConversionService'
06:28:15.425 [main] DEBUG o.s.b.f.s.DefaultListableBeanFactory - Finished creating instance of bean 'webMvcConfiguration'
06:28:15.425 [main] DEBUG o.s.b.f.s.DefaultListableBeanFactory - Creating shared instance of singleton bean 'dataConfiguration'
06:28:15.425 [main] DEBUG o.s.b.f.s.DefaultListableBeanFactory - Creating instance of bean 'dataConfiguration'
06:28:15.425 [main] DEBUG o.s.b.f.s.DefaultListableBeanFactory - Eagerly caching bean 'dataConfiguration' to allow for resolving potential circular references
06:28:15.426 [main] DEBUG o.s.b.f.s.DefaultListableBeanFactory - Returning cached instance of singleton bean 'metaDataSourceAdvisor'
06:28:15.427 [main] DEBUG o.s.b.f.s.DefaultListableBeanFactory - Finished creating instance of bean 'dataConfiguration'
06:28:15.427 [main] DEBUG o.s.b.f.s.DefaultListableBeanFactory - Creating shared instance of singleton bean 'loginAuditingListener'
06:28:15.427 [main] DEBUG o.s.b.f.s.DefaultListableBeanFactory - Creating instance of bean 'loginAuditingListener'
06:28:15.427 [main] DEBUG o.s.b.f.s.DefaultListableBeanFactory - Eagerly caching bean 'loginAuditingListener' to allow for resolving potential circular references
06:28:15.428 [main] DEBUG o.s.b.f.s.DefaultListableBeanFactory - Returning cached instance of singleton bean 'metaDataSourceAdvisor'
06:28:15.428 [main] DEBUG o.s.b.f.s.DefaultListableBeanFactory - Finished creating instance of bean 'loginAuditingListener'
06:28:15.428 [main] DEBUG o.s.b.f.s.DefaultListableBeanFactory - Creating shared instance of singleton bean 'securityConfig'
06:28:15.428 [main] DEBUG o.s.b.f.s.DefaultListableBeanFactory - Creating instance of bean 'securityConfig'
06:28:15.430 [main] DEBUG o.s.b.f.annotation.InjectionMetadata - Registered injected element on class [edu.ncsu.csc.itrust2.config.SecurityConfig$$EnhancerBySpringCGLIB$$89ded359]: AutowiredMethodElement for public void org.springframework.security.config.annotation.web.configuration.WebSecurityConfigurerAdapter.setApplicationContext(org.springframework.context.ApplicationContext)
06:28:15.430 [main] DEBUG o.s.b.f.annotation.InjectionMetadata - Registered injected element on class [edu.ncsu.csc.itrust2.config.SecurityConfig$$EnhancerBySpringCGLIB$$89ded359]: AutowiredMethodElement for public void org.springframework.security.config.annotation.web.configuration.WebSecurityConfigurerAdapter.setObjectPostProcessor(org.springframework.security.config.annotation.ObjectPostProcessor)
06:28:15.430 [main] DEBUG o.s.b.f.annotation.InjectionMetadata - Registered injected element on class [edu.ncsu.csc.itrust2.config.SecurityConfig$$EnhancerBySpringCGLIB$$89ded359]: AutowiredMethodElement for public void org.springframework.security.config.annotation.web.configuration.WebSecurityConfigurerAdapter.setContentNegotationStrategy(org.springframework.web.accept.ContentNegotiationStrategy)
06:28:15.430 [main] DEBUG o.s.b.f.annotation.InjectionMetadata - Registered injected element on class [edu.ncsu.csc.itrust2.config.SecurityConfig$$EnhancerBySpringCGLIB$$89ded359]: AutowiredMethodElement for public void org.springframework.security.config.annotation.web.configuration.WebSecurityConfigurerAdapter.setAuthenticationConfiguration(org.springframework.security.config.annotation.authentication.configuration.AuthenticationConfiguration)
06:28:15.430 [main] DEBUG o.s.b.f.annotation.InjectionMetadata - Registered injected element on class [edu.ncsu.csc.itrust2.config.SecurityConfig$$EnhancerBySpringCGLIB$$89ded359]: AutowiredMethodElement for public void org.springframework.security.config.annotation.web.configuration.WebSecurityConfigurerAdapter.setTrustResolver(org.springframework.security.authentication.AuthenticationTrustResolver)
06:28:15.430 [main] DEBUG o.s.b.f.annotation.InjectionMetadata - Registered injected element on class [edu.ncsu.csc.itrust2.config.SecurityConfig$$EnhancerBySpringCGLIB$$89ded359]: AutowiredFieldElement for javax.sql.DataSource edu.ncsu.csc.itrust2.config.SecurityConfig.dataSource
06:28:15.430 [main] DEBUG o.s.b.f.annotation.InjectionMetadata - Registered injected element on class [edu.ncsu.csc.itrust2.config.SecurityConfig$$EnhancerBySpringCGLIB$$89ded359]: AutowiredMethodElement for public void edu.ncsu.csc.itrust2.config.SecurityConfig.configureGlobal(org.springframework.security.config.annotation.authentication.builders.AuthenticationManagerBuilder) throws java.lang.Exception
06:28:15.430 [main] DEBUG o.s.b.f.s.DefaultListableBeanFactory - Eagerly caching bean 'securityConfig' to allow for resolving potential circular references
06:28:15.430 [main] DEBUG o.s.b.f.annotation.InjectionMetadata - Processing injected element of bean 'securityConfig': AutowiredMethodElement for public void org.springframework.security.config.annotation.web.configuration.WebSecurityConfigurerAdapter.setApplicationContext(org.springframework.context.ApplicationContext)
06:28:15.431 [main] DEBUG o.s.b.f.a.AutowiredAnnotationBeanPostProcessor - Autowiring by type from bean name 'securityConfig' to bean named 'org.springframework.web.context.support.GenericWebApplicationContext@675d1eca'
06:28:15.431 [main] DEBUG o.s.b.f.annotation.InjectionMetadata - Processing injected element of bean 'securityConfig': AutowiredMethodElement for public void org.springframework.security.config.annotation.web.configuration.WebSecurityConfigurerAdapter.setObjectPostProcessor(org.springframework.security.config.annotation.ObjectPostProcessor)
06:28:15.431 [main] DEBUG o.s.b.f.s.DefaultListableBeanFactory - Returning cached instance of singleton bean 'objectPostProcessor'
06:28:15.431 [main] DEBUG o.s.b.f.a.AutowiredAnnotationBeanPostProcessor - Autowiring by type from bean name 'securityConfig' to bean named 'objectPostProcessor'
06:28:15.431 [main] DEBUG o.s.b.f.annotation.InjectionMetadata - Processing injected element of bean 'securityConfig': AutowiredMethodElement for public void org.springframework.security.config.annotation.web.configuration.WebSecurityConfigurerAdapter.setContentNegotationStrategy(org.springframework.web.accept.ContentNegotiationStrategy)
06:28:15.432 [main] DEBUG o.s.b.f.s.DefaultListableBeanFactory - Creating shared instance of singleton bean 'mvcContentNegotiationManager'
06:28:15.432 [main] DEBUG o.s.b.f.s.DefaultListableBeanFactory - Creating instance of bean 'mvcContentNegotiationManager'
06:28:15.432 [main] DEBUG o.s.b.f.s.DefaultListableBeanFactory - Returning cached instance of singleton bean 'org.springframework.web.servlet.config.annotation.DelegatingWebMvcConfiguration'
06:28:15.432 [main] DEBUG o.s.b.f.s.DefaultListableBeanFactory - Eagerly caching bean 'mvcContentNegotiationManager' to allow for resolving potential circular references
06:28:15.434 [main] DEBUG o.s.b.f.s.DefaultListableBeanFactory - Returning cached instance of singleton bean 'metaDataSourceAdvisor'
06:28:15.434 [main] DEBUG o.s.b.f.s.DefaultListableBeanFactory - Finished creating instance of bean 'mvcContentNegotiationManager'
06:28:15.434 [main] DEBUG o.s.b.f.a.AutowiredAnnotationBeanPostProcessor - Autowiring by type from bean name 'securityConfig' to bean named 'mvcContentNegotiationManager'
06:28:15.434 [main] DEBUG o.s.b.f.annotation.InjectionMetadata - Processing injected element of bean 'securityConfig': AutowiredMethodElement for public void org.springframework.security.config.annotation.web.configuration.WebSecurityConfigurerAdapter.setAuthenticationConfiguration(org.springframework.security.config.annotation.authentication.configuration.AuthenticationConfiguration)
06:28:15.435 [main] DEBUG o.s.b.f.s.DefaultListableBeanFactory - Creating shared instance of singleton bean 'org.springframework.security.config.annotation.authentication.configuration.AuthenticationConfiguration'
06:28:15.435 [main] DEBUG o.s.b.f.s.DefaultListableBeanFactory - Creating instance of bean 'org.springframework.security.config.annotation.authentication.configuration.AuthenticationConfiguration'
06:28:15.436 [main] DEBUG o.s.b.f.annotation.InjectionMetadata - Registered injected element on class [org.springframework.security.config.annotation.authentication.configuration.AuthenticationConfiguration$$EnhancerBySpringCGLIB$$e39d279a]: AutowiredMethodElement for public void org.springframework.security.config.annotation.authentication.configuration.AuthenticationConfiguration.setApplicationContext(org.springframework.context.ApplicationContext)
06:28:15.436 [main] DEBUG o.s.b.f.annotation.InjectionMetadata - Registered injected element on class [org.springframework.security.config.annotation.authentication.configuration.AuthenticationConfiguration$$EnhancerBySpringCGLIB$$e39d279a]: AutowiredMethodElement for public void org.springframework.security.config.annotation.authentication.configuration.AuthenticationConfiguration.setGlobalAuthenticationConfigurers(java.util.List) throws java.lang.Exception
06:28:15.436 [main] DEBUG o.s.b.f.annotation.InjectionMetadata - Registered injected element on class [org.springframework.security.config.annotation.authentication.configuration.AuthenticationConfiguration$$EnhancerBySpringCGLIB$$e39d279a]: AutowiredMethodElement for public void org.springframework.security.config.annotation.authentication.configuration.AuthenticationConfiguration.setObjectPostProcessor(org.springframework.security.config.annotation.ObjectPostProcessor)
06:28:15.436 [main] DEBUG o.s.b.f.s.DefaultListableBeanFactory - Eagerly caching bean 'org.springframework.security.config.annotation.authentication.configuration.AuthenticationConfiguration' to allow for resolving potential circular references
06:28:15.436 [main] DEBUG o.s.b.f.annotation.InjectionMetadata - Processing injected element of bean 'org.springframework.security.config.annotation.authentication.configuration.AuthenticationConfiguration': AutowiredMethodElement for public void org.springframework.security.config.annotation.authentication.configuration.AuthenticationConfiguration.setApplicationContext(org.springframework.context.ApplicationContext)
06:28:15.436 [main] DEBUG o.s.b.f.a.AutowiredAnnotationBeanPostProcessor - Autowiring by type from bean name 'org.springframework.security.config.annotation.authentication.configuration.AuthenticationConfiguration' to bean named 'org.springframework.web.context.support.GenericWebApplicationContext@675d1eca'
06:28:15.436 [main] DEBUG o.s.b.f.annotation.InjectionMetadata - Processing injected element of bean 'org.springframework.security.config.annotation.authentication.configuration.AuthenticationConfiguration': AutowiredMethodElement for public void org.springframework.security.config.annotation.authentication.configuration.AuthenticationConfiguration.setGlobalAuthenticationConfigurers(java.util.List) throws java.lang.Exception
06:28:15.437 [main] DEBUG o.s.b.f.s.DefaultListableBeanFactory - Creating shared instance of singleton bean 'enableGlobalAuthenticationAutowiredConfigurer'
06:28:15.437 [main] DEBUG o.s.b.f.s.DefaultListableBeanFactory - Creating instance of bean 'enableGlobalAuthenticationAutowiredConfigurer'
06:28:15.438 [main] DEBUG o.s.b.f.s.DefaultListableBeanFactory - Autowiring by type from bean name 'enableGlobalAuthenticationAutowiredConfigurer' via factory method to bean named 'org.springframework.web.context.support.GenericWebApplicationContext@675d1eca'
06:28:15.438 [main] DEBUG o.s.b.f.s.DefaultListableBeanFactory - Eagerly caching bean 'enableGlobalAuthenticationAutowiredConfigurer' to allow for resolving potential circular references
06:28:15.439 [main] DEBUG o.s.b.f.s.DefaultListableBeanFactory - Returning cached instance of singleton bean 'metaDataSourceAdvisor'
06:28:15.439 [main] DEBUG o.s.b.f.s.DefaultListableBeanFactory - Finished creating instance of bean 'enableGlobalAuthenticationAutowiredConfigurer'
06:28:15.440 [main] DEBUG o.s.b.f.s.DefaultListableBeanFactory - Creating shared instance of singleton bean 'initializeUserDetailsBeanManagerConfigurer'
06:28:15.440 [main] DEBUG o.s.b.f.s.DefaultListableBeanFactory - Creating instance of bean 'initializeUserDetailsBeanManagerConfigurer'
06:28:15.440 [main] DEBUG o.s.b.f.s.DefaultListableBeanFactory - Autowiring by type from bean name 'initializeUserDetailsBeanManagerConfigurer' via factory method to bean named 'org.springframework.web.context.support.GenericWebApplicationContext@675d1eca'
06:28:15.440 [main] DEBUG o.s.b.f.s.DefaultListableBeanFactory - Eagerly caching bean 'initializeUserDetailsBeanManagerConfigurer' to allow for resolving potential circular references
06:28:15.441 [main] DEBUG o.s.b.f.s.DefaultListableBeanFactory - Returning cached instance of singleton bean 'metaDataSourceAdvisor'
06:28:15.441 [main] DEBUG o.s.b.f.s.DefaultListableBeanFactory - Finished creating instance of bean 'initializeUserDetailsBeanManagerConfigurer'
06:28:15.442 [main] DEBUG o.s.b.f.s.DefaultListableBeanFactory - Creating shared instance of singleton bean 'initializeAuthenticationProviderBeanManagerConfigurer'
06:28:15.442 [main] DEBUG o.s.b.f.s.DefaultListableBeanFactory - Creating instance of bean 'initializeAuthenticationProviderBeanManagerConfigurer'
06:28:15.442 [main] DEBUG o.s.b.f.s.DefaultListableBeanFactory - Autowiring by type from bean name 'initializeAuthenticationProviderBeanManagerConfigurer' via factory method to bean named 'org.springframework.web.context.support.GenericWebApplicationContext@675d1eca'
06:28:15.442 [main] DEBUG o.s.b.f.s.DefaultListableBeanFactory - Eagerly caching bean 'initializeAuthenticationProviderBeanManagerConfigurer' to allow for resolving potential circular references
06:28:15.443 [main] DEBUG o.s.b.f.s.DefaultListableBeanFactory - Returning cached instance of singleton bean 'metaDataSourceAdvisor'
06:28:15.443 [main] DEBUG o.s.b.f.s.DefaultListableBeanFactory - Finished creating instance of bean 'initializeAuthenticationProviderBeanManagerConfigurer'
06:28:15.444 [main] DEBUG o.s.b.f.a.AutowiredAnnotationBeanPostProcessor - Autowiring by type from bean name 'org.springframework.security.config.annotation.authentication.configuration.AuthenticationConfiguration' to bean named 'enableGlobalAuthenticationAutowiredConfigurer'
06:28:15.444 [main] DEBUG o.s.b.f.a.AutowiredAnnotationBeanPostProcessor - Autowiring by type from bean name 'org.springframework.security.config.annotation.authentication.configuration.AuthenticationConfiguration' to bean named 'initializeUserDetailsBeanManagerConfigurer'
06:28:15.444 [main] DEBUG o.s.b.f.a.AutowiredAnnotationBeanPostProcessor - Autowiring by type from bean name 'org.springframework.security.config.annotation.authentication.configuration.AuthenticationConfiguration' to bean named 'initializeAuthenticationProviderBeanManagerConfigurer'
06:28:15.444 [main] DEBUG o.s.b.f.annotation.InjectionMetadata - Processing injected element of bean 'org.springframework.security.config.annotation.authentication.configuration.AuthenticationConfiguration': AutowiredMethodElement for public void org.springframework.security.config.annotation.authentication.configuration.AuthenticationConfiguration.setObjectPostProcessor(org.springframework.security.config.annotation.ObjectPostProcessor)
06:28:15.444 [main] DEBUG o.s.b.f.s.DefaultListableBeanFactory - Returning cached instance of singleton bean 'objectPostProcessor'
06:28:15.444 [main] DEBUG o.s.b.f.a.AutowiredAnnotationBeanPostProcessor - Autowiring by type from bean name 'org.springframework.security.config.annotation.authentication.configuration.AuthenticationConfiguration' to bean named 'objectPostProcessor'
06:28:15.444 [main] DEBUG o.s.b.f.s.DefaultListableBeanFactory - Returning cached instance of singleton bean 'metaDataSourceAdvisor'
06:28:15.445 [main] DEBUG o.s.b.f.s.DefaultListableBeanFactory - Finished creating instance of bean 'org.springframework.security.config.annotation.authentication.configuration.AuthenticationConfiguration'
06:28:15.445 [main] DEBUG o.s.b.f.a.AutowiredAnnotationBeanPostProcessor - Autowiring by type from bean name 'securityConfig' to bean named 'org.springframework.security.config.annotation.authentication.configuration.AuthenticationConfiguration'
06:28:15.445 [main] DEBUG o.s.b.f.annotation.InjectionMetadata - Processing injected element of bean 'securityConfig': AutowiredMethodElement for public void org.springframework.security.config.annotation.web.configuration.WebSecurityConfigurerAdapter.setTrustResolver(org.springframework.security.authentication.AuthenticationTrustResolver)
06:28:15.446 [main] DEBUG o.s.b.f.annotation.InjectionMetadata - Processing injected element of bean 'securityConfig': AutowiredFieldElement for javax.sql.DataSource edu.ncsu.csc.itrust2.config.SecurityConfig.dataSource
06:28:15.446 [main] DEBUG o.s.b.f.s.DefaultListableBeanFactory - Creating shared instance of singleton bean 'dataSource'
06:28:15.446 [main] DEBUG o.s.b.f.s.DefaultListableBeanFactory - Creating instance of bean 'dataSource'
06:28:15.446 [main] DEBUG o.s.b.f.s.DefaultListableBeanFactory - Returning cached instance of singleton bean 'dataConfiguration'
06:28:15.447 [main] INFO  o.s.j.d.DriverManagerDataSource - Loaded JDBC driver: com.mysql.jdbc.Driver
06:28:15.447 [main] DEBUG o.s.b.f.s.DefaultListableBeanFactory - Eagerly caching bean 'dataSource' to allow for resolving potential circular references
06:28:15.447 [main] DEBUG o.s.b.f.s.DefaultListableBeanFactory - Returning cached instance of singleton bean 'metaDataSourceAdvisor'
06:28:15.450 [main] DEBUG o.s.b.f.s.DefaultListableBeanFactory - Finished creating instance of bean 'dataSource'
06:28:15.450 [main] DEBUG o.s.b.f.a.AutowiredAnnotationBeanPostProcessor - Autowiring by type from bean name 'securityConfig' to bean named 'dataSource'
06:28:15.450 [main] DEBUG o.s.b.f.annotation.InjectionMetadata - Processing injected element of bean 'securityConfig': AutowiredMethodElement for public void edu.ncsu.csc.itrust2.config.SecurityConfig.configureGlobal(org.springframework.security.config.annotation.authentication.builders.AuthenticationManagerBuilder) throws java.lang.Exception
06:28:15.450 [main] DEBUG o.s.b.f.s.DefaultListableBeanFactory - Creating shared instance of singleton bean 'authenticationManagerBuilder'
06:28:15.450 [main] DEBUG o.s.b.f.s.DefaultListableBeanFactory - Creating instance of bean 'authenticationManagerBuilder'
06:28:15.450 [main] DEBUG o.s.b.f.s.DefaultListableBeanFactory - Returning cached instance of singleton bean 'org.springframework.security.config.annotation.authentication.configuration.AuthenticationConfiguration'
06:28:15.451 [main] DEBUG o.s.b.f.s.DefaultListableBeanFactory - Returning cached instance of singleton bean 'objectPostProcessor'
06:28:15.451 [main] DEBUG o.s.b.f.s.DefaultListableBeanFactory - Autowiring by type from bean name 'authenticationManagerBuilder' via factory method to bean named 'objectPostProcessor'
06:28:15.451 [main] DEBUG o.s.b.f.s.DefaultListableBeanFactory - Eagerly caching bean 'authenticationManagerBuilder' to allow for resolving potential circular references
06:28:15.452 [main] DEBUG o.s.b.f.s.DefaultListableBeanFactory - Returning cached instance of singleton bean 'metaDataSourceAdvisor'
06:28:15.455 [main] DEBUG o.s.b.f.s.DefaultListableBeanFactory - Finished creating instance of bean 'authenticationManagerBuilder'
06:28:15.455 [main] DEBUG o.s.b.f.a.AutowiredAnnotationBeanPostProcessor - Autowiring by type from bean name 'securityConfig' to bean named 'authenticationManagerBuilder'
06:28:15.455 [main] DEBUG o.s.b.f.s.DefaultListableBeanFactory - Creating shared instance of singleton bean 'passwordEncoder'
06:28:15.455 [main] DEBUG o.s.b.f.s.DefaultListableBeanFactory - Creating instance of bean 'passwordEncoder'
06:28:15.455 [main] DEBUG o.s.b.f.s.DefaultListableBeanFactory - Returning cached instance of singleton bean 'metaDataSourceAdvisor'
06:28:15.459 [main] DEBUG o.s.b.f.s.DefaultListableBeanFactory - Returning eagerly cached instance of singleton bean 'securityConfig' that is not fully initialized yet - a consequence of a circular reference
06:28:15.459 [main] DEBUG o.s.b.f.s.DefaultListableBeanFactory - Eagerly caching bean 'passwordEncoder' to allow for resolving potential circular references
06:28:15.460 [main] DEBUG o.s.b.f.s.DefaultListableBeanFactory - Returning cached instance of singleton bean 'metaDataSourceAdvisor'
06:28:15.461 [main] DEBUG o.s.b.f.s.DefaultListableBeanFactory - Finished creating instance of bean 'passwordEncoder'
06:28:15.555 [main] DEBUG o.s.b.f.s.DefaultListableBeanFactory - Creating shared instance of singleton bean 'defaultAuthenticationEventPublisher'
06:28:15.555 [main] DEBUG o.s.b.f.s.DefaultListableBeanFactory - Creating instance of bean 'defaultAuthenticationEventPublisher'
06:28:15.555 [main] DEBUG o.s.b.f.s.DefaultListableBeanFactory - Returning eagerly cached instance of singleton bean 'securityConfig' that is not fully initialized yet - a consequence of a circular reference
06:28:15.556 [main] DEBUG o.s.b.f.s.DefaultListableBeanFactory - Eagerly caching bean 'defaultAuthenticationEventPublisher' to allow for resolving potential circular references
06:28:15.557 [main] DEBUG o.s.b.f.s.DefaultListableBeanFactory - Returning cached instance of singleton bean 'metaDataSourceAdvisor'
06:28:15.557 [main] DEBUG o.s.b.f.s.DefaultListableBeanFactory - Finished creating instance of bean 'defaultAuthenticationEventPublisher'
06:28:15.557 [main] DEBUG o.s.b.f.s.DefaultListableBeanFactory - Finished creating instance of bean 'securityConfig'
06:28:15.557 [main] DEBUG o.s.b.f.s.DefaultListableBeanFactory - Creating shared instance of singleton bean 'defaultController'
06:28:15.557 [main] DEBUG o.s.b.f.s.DefaultListableBeanFactory - Creating instance of bean 'defaultController'
06:28:15.558 [main] DEBUG o.s.b.f.s.DefaultListableBeanFactory - Eagerly caching bean 'defaultController' to allow for resolving potential circular references
06:28:15.558 [main] DEBUG o.s.b.f.s.DefaultListableBeanFactory - Returning cached instance of singleton bean 'metaDataSourceAdvisor'
06:28:15.558 [main] DEBUG o.s.b.f.s.DefaultListableBeanFactory - Finished creating instance of bean 'defaultController'
06:28:15.558 [main] DEBUG o.s.b.f.s.DefaultListableBeanFactory - Creating shared instance of singleton bean 'adminController'
06:28:15.558 [main] DEBUG o.s.b.f.s.DefaultListableBeanFactory - Creating instance of bean 'adminController'
06:28:15.558 [main] DEBUG o.s.b.f.s.DefaultListableBeanFactory - Eagerly caching bean 'adminController' to allow for resolving potential circular references
06:28:15.558 [main] DEBUG o.s.b.f.s.DefaultListableBeanFactory - Returning cached instance of singleton bean 'metaDataSourceAdvisor'
06:28:15.558 [main] DEBUG o.s.s.a.p.PrePostAnnotationSecurityMetadataSource - @org.springframework.security.access.prepost.PreAuthorize(value=hasRole('ROLE_ADMIN')) found on specific method: public java.lang.String edu.ncsu.csc.itrust2.controllers.admin.AdminController.index(org.springframework.ui.Model)
06:28:15.558 [main] DEBUG o.s.s.a.m.DelegatingMethodSecurityMetadataSource - Caching method [CacheKey[edu.ncsu.csc.itrust2.controllers.admin.AdminController; public java.lang.String edu.ncsu.csc.itrust2.controllers.admin.AdminController.index(org.springframework.ui.Model)]] with attributes [[authorize: 'hasRole('ROLE_ADMIN')', filter: 'null', filterTarget: 'null']]
06:28:15.558 [main] DEBUG o.s.a.f.a.InfrastructureAdvisorAutoProxyCreator - Creating implicit proxy for bean 'adminController' with 0 common interceptors and 1 specific interceptors
06:28:15.558 [main] DEBUG o.s.aop.framework.CglibAopProxy - Creating CGLIB proxy: target source is SingletonTargetSource for target object [edu.ncsu.csc.itrust2.controllers.admin.AdminController@2ca45170]
06:28:15.559 [main] DEBUG o.s.b.f.s.DefaultListableBeanFactory - Creating shared instance of singleton bean 'methodSecurityInterceptor'
06:28:15.559 [main] DEBUG o.s.b.f.s.DefaultListableBeanFactory - Creating instance of bean 'methodSecurityInterceptor'
06:28:15.559 [main] DEBUG o.s.b.f.s.DefaultListableBeanFactory - Returning cached instance of singleton bean 'org.springframework.security.config.annotation.method.configuration.GlobalMethodSecurityConfiguration'
06:28:15.559 [main] DEBUG o.s.b.f.s.DefaultListableBeanFactory - Returning cached instance of singleton bean 'methodSecurityMetadataSource'
06:28:15.559 [main] DEBUG o.s.b.f.s.DefaultListableBeanFactory - Eagerly caching bean 'methodSecurityInterceptor' to allow for resolving potential circular references
06:28:15.562 [main] DEBUG o.s.b.f.s.DefaultListableBeanFactory - Invoking afterPropertiesSet() on bean with name 'methodSecurityInterceptor'
06:28:15.562 [main] DEBUG o.s.s.a.i.a.MethodSecurityInterceptor - Validated configuration attributes
06:28:15.562 [main] DEBUG o.s.b.f.s.DefaultListableBeanFactory - Finished creating instance of bean 'methodSecurityInterceptor'
06:28:15.562 [main] DEBUG o.s.aop.framework.CglibAopProxy - Unable to apply any optimisations to advised method: public java.lang.String edu.ncsu.csc.itrust2.controllers.admin.AdminController.index(org.springframework.ui.Model)
06:28:15.562 [main] DEBUG o.s.aop.framework.CglibAopProxy - Found 'equals' method: public boolean java.lang.Object.equals(java.lang.Object)
06:28:15.562 [main] DEBUG o.s.aop.framework.CglibAopProxy - Unable to apply any optimisations to advised method: public java.lang.String java.lang.Object.toString()
06:28:15.562 [main] DEBUG o.s.aop.framework.CglibAopProxy - Found 'hashCode' method: public native int java.lang.Object.hashCode()
06:28:15.562 [main] DEBUG o.s.aop.framework.CglibAopProxy - Unable to apply any optimisations to advised method: protected native java.lang.Object java.lang.Object.clone() throws java.lang.CloneNotSupportedException
06:28:15.562 [main] DEBUG o.s.aop.framework.CglibAopProxy - Method is declared on Advised interface: public abstract boolean org.springframework.aop.framework.Advised.removeAdvice(org.aopalliance.aop.Advice)
06:28:15.562 [main] DEBUG o.s.aop.framework.CglibAopProxy - Method is declared on Advised interface: public abstract java.lang.String org.springframework.aop.framework.Advised.toProxyConfigString()
06:28:15.562 [main] DEBUG o.s.aop.framework.CglibAopProxy - Method is declared on Advised interface: public abstract void org.springframework.aop.framework.Advised.addAdvice(org.aopalliance.aop.Advice) throws org.springframework.aop.framework.AopConfigException
06:28:15.562 [main] DEBUG o.s.aop.framework.CglibAopProxy - Method is declared on Advised interface: public abstract void org.springframework.aop.framework.Advised.addAdvice(int,org.aopalliance.aop.Advice) throws org.springframework.aop.framework.AopConfigException
06:28:15.563 [main] DEBUG o.s.aop.framework.CglibAopProxy - Method is declared on Advised interface: public abstract org.springframework.aop.TargetSource org.springframework.aop.framework.Advised.getTargetSource()
06:28:15.563 [main] DEBUG o.s.aop.framework.CglibAopProxy - Method is declared on Advised interface: public abstract boolean org.springframework.aop.framework.Advised.isProxyTargetClass()
06:28:15.563 [main] DEBUG o.s.aop.framework.CglibAopProxy - Method is declared on Advised interface: public abstract void org.springframework.aop.framework.Advised.addAdvisor(org.springframework.aop.Advisor) throws org.springframework.aop.framework.AopConfigException
06:28:15.563 [main] DEBUG o.s.aop.framework.CglibAopProxy - Method is declared on Advised interface: public abstract void org.springframework.aop.framework.Advised.addAdvisor(int,org.springframework.aop.Advisor) throws org.springframework.aop.framework.AopConfigException
06:28:15.563 [main] DEBUG o.s.aop.framework.CglibAopProxy - Method is declared on Advised interface: public abstract void org.springframework.aop.framework.Advised.setPreFiltered(boolean)
06:28:15.563 [main] DEBUG o.s.aop.framework.CglibAopProxy - Method is declared on Advised interface: public abstract void org.springframework.aop.framework.Advised.setExposeProxy(boolean)
06:28:15.563 [main] DEBUG o.s.aop.framework.CglibAopProxy - Method is declared on Advised interface: public abstract boolean org.springframework.aop.framework.Advised.isExposeProxy()
06:28:15.563 [main] DEBUG o.s.aop.framework.CglibAopProxy - Method is declared on Advised interface: public abstract void org.springframework.aop.framework.Advised.setTargetSource(org.springframework.aop.TargetSource)
06:28:15.563 [main] DEBUG o.s.aop.framework.CglibAopProxy - Method is declared on Advised interface: public abstract boolean org.springframework.aop.framework.Advised.isPreFiltered()
06:28:15.563 [main] DEBUG o.s.aop.framework.CglibAopProxy - Method is declared on Advised interface: public abstract java.lang.Class[] org.springframework.aop.framework.Advised.getProxiedInterfaces()
06:28:15.563 [main] DEBUG o.s.aop.framework.CglibAopProxy - Method is declared on Advised interface: public abstract boolean org.springframework.aop.framework.Advised.isInterfaceProxied(java.lang.Class)
06:28:15.563 [main] DEBUG o.s.aop.framework.CglibAopProxy - Method is declared on Advised interface: public abstract org.springframework.aop.Advisor[] org.springframework.aop.framework.Advised.getAdvisors()
06:28:15.563 [main] DEBUG o.s.aop.framework.CglibAopProxy - Method is declared on Advised interface: public abstract void org.springframework.aop.framework.Advised.removeAdvisor(int) throws org.springframework.aop.framework.AopConfigException
06:28:15.563 [main] DEBUG o.s.aop.framework.CglibAopProxy - Method is declared on Advised interface: public abstract boolean org.springframework.aop.framework.Advised.removeAdvisor(org.springframework.aop.Advisor)
06:28:15.563 [main] DEBUG o.s.aop.framework.CglibAopProxy - Method is declared on Advised interface: public abstract boolean org.springframework.aop.framework.Advised.replaceAdvisor(org.springframework.aop.Advisor,org.springframework.aop.Advisor) throws org.springframework.aop.framework.AopConfigException
06:28:15.563 [main] DEBUG o.s.aop.framework.CglibAopProxy - Method is declared on Advised interface: public abstract int org.springframework.aop.framework.Advised.indexOf(org.aopalliance.aop.Advice)
06:28:15.563 [main] DEBUG o.s.aop.framework.CglibAopProxy - Method is declared on Advised interface: public abstract int org.springframework.aop.framework.Advised.indexOf(org.springframework.aop.Advisor)
06:28:15.563 [main] DEBUG o.s.aop.framework.CglibAopProxy - Method is declared on Advised interface: public abstract boolean org.springframework.aop.framework.Advised.isFrozen()
06:28:15.563 [main] DEBUG o.s.aop.framework.CglibAopProxy - Method is declared on Advised interface: public abstract java.lang.Class org.springframework.aop.TargetClassAware.getTargetClass()
06:28:15.570 [main] DEBUG o.s.b.f.s.DefaultListableBeanFactory - Finished creating instance of bean 'adminController'
06:28:15.570 [main] DEBUG o.s.b.f.s.DefaultListableBeanFactory - Creating shared instance of singleton bean 'adminUserController'
06:28:15.570 [main] DEBUG o.s.b.f.s.DefaultListableBeanFactory - Creating instance of bean 'adminUserController'
06:28:15.571 [main] DEBUG o.s.b.f.s.DefaultListableBeanFactory - Eagerly caching bean 'adminUserController' to allow for resolving potential circular references
06:28:15.571 [main] DEBUG o.s.b.f.s.DefaultListableBeanFactory - Returning cached instance of singleton bean 'metaDataSourceAdvisor'
06:28:15.571 [main] DEBUG o.s.s.a.p.PrePostAnnotationSecurityMetadataSource - @org.springframework.security.access.prepost.PreAuthorize(value=hasRole('ROLE_ADMIN')) found on specific method: public java.lang.String edu.ncsu.csc.itrust2.controllers.admin.AdminUserController.addUserSubmit(edu.ncsu.csc.itrust2.forms.admin.UserForm,org.springframework.validation.BindingResult,org.springframework.ui.Model)
06:28:15.571 [main] DEBUG o.s.s.a.m.DelegatingMethodSecurityMetadataSource - Caching method [CacheKey[edu.ncsu.csc.itrust2.controllers.admin.AdminUserController; public java.lang.String edu.ncsu.csc.itrust2.controllers.admin.AdminUserController.addUserSubmit(edu.ncsu.csc.itrust2.forms.admin.UserForm,org.springframework.validation.BindingResult,org.springframework.ui.Model)]] with attributes [[authorize: 'hasRole('ROLE_ADMIN')', filter: 'null', filterTarget: 'null']]
06:28:15.571 [main] DEBUG o.s.a.f.a.InfrastructureAdvisorAutoProxyCreator - Creating implicit proxy for bean 'adminUserController' with 0 common interceptors and 1 specific interceptors
06:28:15.571 [main] DEBUG o.s.aop.framework.CglibAopProxy - Creating CGLIB proxy: target source is SingletonTargetSource for target object [edu.ncsu.csc.itrust2.controllers.admin.AdminUserController@17ba3a09]
06:28:15.572 [main] DEBUG o.s.aop.framework.CglibAopProxy - Unable to apply any optimisations to advised method: public java.lang.String edu.ncsu.csc.itrust2.controllers.admin.AdminUserController.addUserSubmit(edu.ncsu.csc.itrust2.forms.admin.UserForm,org.springframework.validation.BindingResult,org.springframework.ui.Model)
06:28:15.572 [main] DEBUG o.s.s.a.p.PrePostAnnotationSecurityMetadataSource - @org.springframework.security.access.prepost.PreAuthorize(value=hasRole('ROLE_ADMIN')) found on specific method: public java.lang.String edu.ncsu.csc.itrust2.controllers.admin.AdminUserController.deleteUser(org.springframework.ui.Model)
06:28:15.572 [main] DEBUG o.s.s.a.m.DelegatingMethodSecurityMetadataSource - Caching method [CacheKey[edu.ncsu.csc.itrust2.controllers.admin.AdminUserController; public java.lang.String edu.ncsu.csc.itrust2.controllers.admin.AdminUserController.deleteUser(org.springframework.ui.Model)]] with attributes [[authorize: 'hasRole('ROLE_ADMIN')', filter: 'null', filterTarget: 'null']]
06:28:15.572 [main] DEBUG o.s.aop.framework.CglibAopProxy - Unable to apply any optimisations to advised method: public java.lang.String edu.ncsu.csc.itrust2.controllers.admin.AdminUserController.deleteUser(org.springframework.ui.Model)
06:28:15.572 [main] DEBUG o.s.s.a.p.PrePostAnnotationSecurityMetadataSource - @org.springframework.security.access.prepost.PreAuthorize(value=hasRole('ROLE_ADMIN')) found on specific method: public java.lang.String edu.ncsu.csc.itrust2.controllers.admin.AdminUserController.deleteUserSubmit(edu.ncsu.csc.itrust2.forms.admin.DeleteUserForm,org.springframework.validation.BindingResult,org.springframework.ui.Model)
06:28:15.572 [main] DEBUG o.s.s.a.m.DelegatingMethodSecurityMetadataSource - Caching method [CacheKey[edu.ncsu.csc.itrust2.controllers.admin.AdminUserController; public java.lang.String edu.ncsu.csc.itrust2.controllers.admin.AdminUserController.deleteUserSubmit(edu.ncsu.csc.itrust2.forms.admin.DeleteUserForm,org.springframework.validation.BindingResult,org.springframework.ui.Model)]] with attributes [[authorize: 'hasRole('ROLE_ADMIN')', filter: 'null', filterTarget: 'null']]
06:28:15.572 [main] DEBUG o.s.aop.framework.CglibAopProxy - Unable to apply any optimisations to advised method: public java.lang.String edu.ncsu.csc.itrust2.controllers.admin.AdminUserController.deleteUserSubmit(edu.ncsu.csc.itrust2.forms.admin.DeleteUserForm,org.springframework.validation.BindingResult,org.springframework.ui.Model)
06:28:15.572 [main] DEBUG o.s.s.a.p.PrePostAnnotationSecurityMetadataSource - @org.springframework.security.access.prepost.PreAuthorize(value=hasRole('ROLE_ADMIN')) found on specific method: public java.lang.String edu.ncsu.csc.itrust2.controllers.admin.AdminUserController.drugs(org.springframework.ui.Model)
06:28:15.572 [main] DEBUG o.s.s.a.m.DelegatingMethodSecurityMetadataSource - Caching method [CacheKey[edu.ncsu.csc.itrust2.controllers.admin.AdminUserController; public java.lang.String edu.ncsu.csc.itrust2.controllers.admin.AdminUserController.drugs(org.springframework.ui.Model)]] with attributes [[authorize: 'hasRole('ROLE_ADMIN')', filter: 'null', filterTarget: 'null']]
06:28:15.572 [main] DEBUG o.s.aop.framework.CglibAopProxy - Unable to apply any optimisations to advised method: public java.lang.String edu.ncsu.csc.itrust2.controllers.admin.AdminUserController.drugs(org.springframework.ui.Model)
06:28:15.572 [main] DEBUG o.s.s.a.p.PrePostAnnotationSecurityMetadataSource - @org.springframework.security.access.prepost.PreAuthorize(value=hasRole('ROLE_ADMIN')) found on specific method: public java.lang.String edu.ncsu.csc.itrust2.controllers.admin.AdminUserController.addUser(org.springframework.ui.Model)
06:28:15.572 [main] DEBUG o.s.s.a.m.DelegatingMethodSecurityMetadataSource - Caching method [CacheKey[edu.ncsu.csc.itrust2.controllers.admin.AdminUserController; public java.lang.String edu.ncsu.csc.itrust2.controllers.admin.AdminUserController.addUser(org.springframework.ui.Model)]] with attributes [[authorize: 'hasRole('ROLE_ADMIN')', filter: 'null', filterTarget: 'null']]
06:28:15.572 [main] DEBUG o.s.aop.framework.CglibAopProxy - Unable to apply any optimisations to advised method: public java.lang.String edu.ncsu.csc.itrust2.controllers.admin.AdminUserController.addUser(org.springframework.ui.Model)
06:28:15.572 [main] DEBUG o.s.aop.framework.CglibAopProxy - Found 'equals' method: public boolean java.lang.Object.equals(java.lang.Object)
06:28:15.573 [main] DEBUG o.s.aop.framework.CglibAopProxy - Unable to apply any optimisations to advised method: public java.lang.String java.lang.Object.toString()
06:28:15.573 [main] DEBUG o.s.aop.framework.CglibAopProxy - Found 'hashCode' method: public native int java.lang.Object.hashCode()
06:28:15.573 [main] DEBUG o.s.aop.framework.CglibAopProxy - Unable to apply any optimisations to advised method: protected native java.lang.Object java.lang.Object.clone() throws java.lang.CloneNotSupportedException
06:28:15.573 [main] DEBUG o.s.aop.framework.CglibAopProxy - Method is declared on Advised interface: public abstract boolean org.springframework.aop.framework.Advised.removeAdvice(org.aopalliance.aop.Advice)
06:28:15.573 [main] DEBUG o.s.aop.framework.CglibAopProxy - Method is declared on Advised interface: public abstract java.lang.String org.springframework.aop.framework.Advised.toProxyConfigString()
06:28:15.573 [main] DEBUG o.s.aop.framework.CglibAopProxy - Method is declared on Advised interface: public abstract void org.springframework.aop.framework.Advised.addAdvice(org.aopalliance.aop.Advice) throws org.springframework.aop.framework.AopConfigException
06:28:15.573 [main] DEBUG o.s.aop.framework.CglibAopProxy - Method is declared on Advised interface: public abstract void org.springframework.aop.framework.Advised.addAdvice(int,org.aopalliance.aop.Advice) throws org.springframework.aop.framework.AopConfigException
06:28:15.573 [main] DEBUG o.s.aop.framework.CglibAopProxy - Method is declared on Advised interface: public abstract org.springframework.aop.TargetSource org.springframework.aop.framework.Advised.getTargetSource()
06:28:15.573 [main] DEBUG o.s.aop.framework.CglibAopProxy - Method is declared on Advised interface: public abstract boolean org.springframework.aop.framework.Advised.isProxyTargetClass()
06:28:15.573 [main] DEBUG o.s.aop.framework.CglibAopProxy - Method is declared on Advised interface: public abstract void org.springframework.aop.framework.Advised.addAdvisor(org.springframework.aop.Advisor) throws org.springframework.aop.framework.AopConfigException
06:28:15.573 [main] DEBUG o.s.aop.framework.CglibAopProxy - Method is declared on Advised interface: public abstract void org.springframework.aop.framework.Advised.addAdvisor(int,org.springframework.aop.Advisor) throws org.springframework.aop.framework.AopConfigException
06:28:15.573 [main] DEBUG o.s.aop.framework.CglibAopProxy - Method is declared on Advised interface: public abstract void org.springframework.aop.framework.Advised.setPreFiltered(boolean)
06:28:15.573 [main] DEBUG o.s.aop.framework.CglibAopProxy - Method is declared on Advised interface: public abstract void org.springframework.aop.framework.Advised.setExposeProxy(boolean)
06:28:15.573 [main] DEBUG o.s.aop.framework.CglibAopProxy - Method is declared on Advised interface: public abstract boolean org.springframework.aop.framework.Advised.isExposeProxy()
06:28:15.573 [main] DEBUG o.s.aop.framework.CglibAopProxy - Method is declared on Advised interface: public abstract void org.springframework.aop.framework.Advised.setTargetSource(org.springframework.aop.TargetSource)
06:28:15.573 [main] DEBUG o.s.aop.framework.CglibAopProxy - Method is declared on Advised interface: public abstract boolean org.springframework.aop.framework.Advised.isPreFiltered()
06:28:15.573 [main] DEBUG o.s.aop.framework.CglibAopProxy - Method is declared on Advised interface: public abstract java.lang.Class[] org.springframework.aop.framework.Advised.getProxiedInterfaces()
06:28:15.573 [main] DEBUG o.s.aop.framework.CglibAopProxy - Method is declared on Advised interface: public abstract boolean org.springframework.aop.framework.Advised.isInterfaceProxied(java.lang.Class)
06:28:15.573 [main] DEBUG o.s.aop.framework.CglibAopProxy - Method is declared on Advised interface: public abstract org.springframework.aop.Advisor[] org.springframework.aop.framework.Advised.getAdvisors()
06:28:15.573 [main] DEBUG o.s.aop.framework.CglibAopProxy - Method is declared on Advised interface: public abstract void org.springframework.aop.framework.Advised.removeAdvisor(int) throws org.springframework.aop.framework.AopConfigException
06:28:15.573 [main] DEBUG o.s.aop.framework.CglibAopProxy - Method is declared on Advised interface: public abstract boolean org.springframework.aop.framework.Advised.removeAdvisor(org.springframework.aop.Advisor)
06:28:15.573 [main] DEBUG o.s.aop.framework.CglibAopProxy - Method is declared on Advised interface: public abstract boolean org.springframework.aop.framework.Advised.replaceAdvisor(org.springframework.aop.Advisor,org.springframework.aop.Advisor) throws org.springframework.aop.framework.AopConfigException
06:28:15.573 [main] DEBUG o.s.aop.framework.CglibAopProxy - Method is declared on Advised interface: public abstract int org.springframework.aop.framework.Advised.indexOf(org.aopalliance.aop.Advice)
06:28:15.573 [main] DEBUG o.s.aop.framework.CglibAopProxy - Method is declared on Advised interface: public abstract int org.springframework.aop.framework.Advised.indexOf(org.springframework.aop.Advisor)
06:28:15.573 [main] DEBUG o.s.aop.framework.CglibAopProxy - Method is declared on Advised interface: public abstract boolean org.springframework.aop.framework.Advised.isFrozen()
06:28:15.573 [main] DEBUG o.s.aop.framework.CglibAopProxy - Method is declared on Advised interface: public abstract java.lang.Class org.springframework.aop.TargetClassAware.getTargetClass()
06:28:15.580 [main] DEBUG o.s.b.f.s.DefaultListableBeanFactory - Finished creating instance of bean 'adminUserController'
06:28:15.581 [main] DEBUG o.s.b.f.s.DefaultListableBeanFactory - Creating shared instance of singleton bean 'hospitalController'
06:28:15.581 [main] DEBUG o.s.b.f.s.DefaultListableBeanFactory - Creating instance of bean 'hospitalController'
06:28:15.581 [main] DEBUG o.s.b.f.s.DefaultListableBeanFactory - Eagerly caching bean 'hospitalController' to allow for resolving potential circular references
06:28:15.581 [main] DEBUG o.s.b.f.s.DefaultListableBeanFactory - Returning cached instance of singleton bean 'metaDataSourceAdvisor'
06:28:15.581 [main] DEBUG o.s.s.a.p.PrePostAnnotationSecurityMetadataSource - @org.springframework.security.access.prepost.PreAuthorize(value=hasRole('ROLE_ADMIN')) found on specific method: public java.lang.String edu.ncsu.csc.itrust2.controllers.admin.HospitalController.addHospitalSubmit(edu.ncsu.csc.itrust2.forms.admin.HospitalForm,org.springframework.validation.BindingResult,org.springframework.ui.Model)
06:28:15.581 [main] DEBUG o.s.s.a.m.DelegatingMethodSecurityMetadataSource - Caching method [CacheKey[edu.ncsu.csc.itrust2.controllers.admin.HospitalController; public java.lang.String edu.ncsu.csc.itrust2.controllers.admin.HospitalController.addHospitalSubmit(edu.ncsu.csc.itrust2.forms.admin.HospitalForm,org.springframework.validation.BindingResult,org.springframework.ui.Model)]] with attributes [[authorize: 'hasRole('ROLE_ADMIN')', filter: 'null', filterTarget: 'null']]
06:28:15.581 [main] DEBUG o.s.a.f.a.InfrastructureAdvisorAutoProxyCreator - Creating implicit proxy for bean 'hospitalController' with 0 common interceptors and 1 specific interceptors
06:28:15.581 [main] DEBUG o.s.aop.framework.CglibAopProxy - Creating CGLIB proxy: target source is SingletonTargetSource for target object [edu.ncsu.csc.itrust2.controllers.admin.HospitalController@56e94baf]
06:28:15.581 [main] DEBUG o.s.aop.framework.CglibAopProxy - Unable to apply any optimisations to advised method: public java.lang.String edu.ncsu.csc.itrust2.controllers.admin.HospitalController.addHospitalSubmit(edu.ncsu.csc.itrust2.forms.admin.HospitalForm,org.springframework.validation.BindingResult,org.springframework.ui.Model)
06:28:15.581 [main] DEBUG o.s.s.a.p.PrePostAnnotationSecurityMetadataSource - @org.springframework.security.access.prepost.PreAuthorize(value=hasRole('ROLE_ADMIN')) found on specific method: public java.lang.String edu.ncsu.csc.itrust2.controllers.admin.HospitalController.deleteHospital(org.springframework.ui.Model)
06:28:15.582 [main] DEBUG o.s.s.a.m.DelegatingMethodSecurityMetadataSource - Caching method [CacheKey[edu.ncsu.csc.itrust2.controllers.admin.HospitalController; public java.lang.String edu.ncsu.csc.itrust2.controllers.admin.HospitalController.deleteHospital(org.springframework.ui.Model)]] with attributes [[authorize: 'hasRole('ROLE_ADMIN')', filter: 'null', filterTarget: 'null']]
06:28:15.582 [main] DEBUG o.s.aop.framework.CglibAopProxy - Unable to apply any optimisations to advised method: public java.lang.String edu.ncsu.csc.itrust2.controllers.admin.HospitalController.deleteHospital(org.springframework.ui.Model)
06:28:15.582 [main] DEBUG o.s.s.a.p.PrePostAnnotationSecurityMetadataSource - @org.springframework.security.access.prepost.PreAuthorize(value=hasRole('ROLE_ADMIN')) found on specific method: public java.lang.String edu.ncsu.csc.itrust2.controllers.admin.HospitalController.deleteHospitalSubmit(edu.ncsu.csc.itrust2.forms.admin.DeleteHospitalForm,org.springframework.validation.BindingResult,org.springframework.ui.Model)
06:28:15.582 [main] DEBUG o.s.s.a.m.DelegatingMethodSecurityMetadataSource - Caching method [CacheKey[edu.ncsu.csc.itrust2.controllers.admin.HospitalController; public java.lang.String edu.ncsu.csc.itrust2.controllers.admin.HospitalController.deleteHospitalSubmit(edu.ncsu.csc.itrust2.forms.admin.DeleteHospitalForm,org.springframework.validation.BindingResult,org.springframework.ui.Model)]] with attributes [[authorize: 'hasRole('ROLE_ADMIN')', filter: 'null', filterTarget: 'null']]
06:28:15.582 [main] DEBUG o.s.aop.framework.CglibAopProxy - Unable to apply any optimisations to advised method: public java.lang.String edu.ncsu.csc.itrust2.controllers.admin.HospitalController.deleteHospitalSubmit(edu.ncsu.csc.itrust2.forms.admin.DeleteHospitalForm,org.springframework.validation.BindingResult,org.springframework.ui.Model)
06:28:15.582 [main] DEBUG o.s.s.a.p.PrePostAnnotationSecurityMetadataSource - @org.springframework.security.access.prepost.PreAuthorize(value=hasRole('ROLE_ADMIN')) found on specific method: public java.lang.String edu.ncsu.csc.itrust2.controllers.admin.HospitalController.addHospital(org.springframework.ui.Model)
06:28:15.582 [main] DEBUG o.s.s.a.m.DelegatingMethodSecurityMetadataSource - Caching method [CacheKey[edu.ncsu.csc.itrust2.controllers.admin.HospitalController; public java.lang.String edu.ncsu.csc.itrust2.controllers.admin.HospitalController.addHospital(org.springframework.ui.Model)]] with attributes [[authorize: 'hasRole('ROLE_ADMIN')', filter: 'null', filterTarget: 'null']]
06:28:15.582 [main] DEBUG o.s.aop.framework.CglibAopProxy - Unable to apply any optimisations to advised method: public java.lang.String edu.ncsu.csc.itrust2.controllers.admin.HospitalController.addHospital(org.springframework.ui.Model)
06:28:15.582 [main] DEBUG o.s.aop.framework.CglibAopProxy - Found 'equals' method: public boolean java.lang.Object.equals(java.lang.Object)
06:28:15.582 [main] DEBUG o.s.aop.framework.CglibAopProxy - Unable to apply any optimisations to advised method: public java.lang.String java.lang.Object.toString()
06:28:15.582 [main] DEBUG o.s.aop.framework.CglibAopProxy - Found 'hashCode' method: public native int java.lang.Object.hashCode()
06:28:15.582 [main] DEBUG o.s.aop.framework.CglibAopProxy - Unable to apply any optimisations to advised method: protected native java.lang.Object java.lang.Object.clone() throws java.lang.CloneNotSupportedException
06:28:15.582 [main] DEBUG o.s.aop.framework.CglibAopProxy - Method is declared on Advised interface: public abstract boolean org.springframework.aop.framework.Advised.removeAdvice(org.aopalliance.aop.Advice)
06:28:15.582 [main] DEBUG o.s.aop.framework.CglibAopProxy - Method is declared on Advised interface: public abstract java.lang.String org.springframework.aop.framework.Advised.toProxyConfigString()
06:28:15.582 [main] DEBUG o.s.aop.framework.CglibAopProxy - Method is declared on Advised interface: public abstract void org.springframework.aop.framework.Advised.addAdvice(org.aopalliance.aop.Advice) throws org.springframework.aop.framework.AopConfigException
06:28:15.582 [main] DEBUG o.s.aop.framework.CglibAopProxy - Method is declared on Advised interface: public abstract void org.springframework.aop.framework.Advised.addAdvice(int,org.aopalliance.aop.Advice) throws org.springframework.aop.framework.AopConfigException
06:28:15.582 [main] DEBUG o.s.aop.framework.CglibAopProxy - Method is declared on Advised interface: public abstract org.springframework.aop.TargetSource org.springframework.aop.framework.Advised.getTargetSource()
06:28:15.582 [main] DEBUG o.s.aop.framework.CglibAopProxy - Method is declared on Advised interface: public abstract boolean org.springframework.aop.framework.Advised.isProxyTargetClass()
06:28:15.582 [main] DEBUG o.s.aop.framework.CglibAopProxy - Method is declared on Advised interface: public abstract void org.springframework.aop.framework.Advised.addAdvisor(org.springframework.aop.Advisor) throws org.springframework.aop.framework.AopConfigException
06:28:15.582 [main] DEBUG o.s.aop.framework.CglibAopProxy - Method is declared on Advised interface: public abstract void org.springframework.aop.framework.Advised.addAdvisor(int,org.springframework.aop.Advisor) throws org.springframework.aop.framework.AopConfigException
06:28:15.582 [main] DEBUG o.s.aop.framework.CglibAopProxy - Method is declared on Advised interface: public abstract void org.springframework.aop.framework.Advised.setPreFiltered(boolean)
06:28:15.582 [main] DEBUG o.s.aop.framework.CglibAopProxy - Method is declared on Advised interface: public abstract void org.springframework.aop.framework.Advised.setExposeProxy(boolean)
06:28:15.582 [main] DEBUG o.s.aop.framework.CglibAopProxy - Method is declared on Advised interface: public abstract boolean org.springframework.aop.framework.Advised.isExposeProxy()
06:28:15.582 [main] DEBUG o.s.aop.framework.CglibAopProxy - Method is declared on Advised interface: public abstract void org.springframework.aop.framework.Advised.setTargetSource(org.springframework.aop.TargetSource)
06:28:15.582 [main] DEBUG o.s.aop.framework.CglibAopProxy - Method is declared on Advised interface: public abstract boolean org.springframework.aop.framework.Advised.isPreFiltered()
06:28:15.582 [main] DEBUG o.s.aop.framework.CglibAopProxy - Method is declared on Advised interface: public abstract java.lang.Class[] org.springframework.aop.framework.Advised.getProxiedInterfaces()
06:28:15.582 [main] DEBUG o.s.aop.framework.CglibAopProxy - Method is declared on Advised interface: public abstract boolean org.springframework.aop.framework.Advised.isInterfaceProxied(java.lang.Class)
06:28:15.582 [main] DEBUG o.s.aop.framework.CglibAopProxy - Method is declared on Advised interface: public abstract org.springframework.aop.Advisor[] org.springframework.aop.framework.Advised.getAdvisors()
06:28:15.582 [main] DEBUG o.s.aop.framework.CglibAopProxy - Method is declared on Advised interface: public abstract void org.springframework.aop.framework.Advised.removeAdvisor(int) throws org.springframework.aop.framework.AopConfigException
06:28:15.582 [main] DEBUG o.s.aop.framework.CglibAopProxy - Method is declared on Advised interface: public abstract boolean org.springframework.aop.framework.Advised.removeAdvisor(org.springframework.aop.Advisor)
06:28:15.582 [main] DEBUG o.s.aop.framework.CglibAopProxy - Method is declared on Advised interface: public abstract boolean org.springframework.aop.framework.Advised.replaceAdvisor(org.springframework.aop.Advisor,org.springframework.aop.Advisor) throws org.springframework.aop.framework.AopConfigException
06:28:15.582 [main] DEBUG o.s.aop.framework.CglibAopProxy - Method is declared on Advised interface: public abstract int org.springframework.aop.framework.Advised.indexOf(org.aopalliance.aop.Advice)
06:28:15.582 [main] DEBUG o.s.aop.framework.CglibAopProxy - Method is declared on Advised interface: public abstract int org.springframework.aop.framework.Advised.indexOf(org.springframework.aop.Advisor)
06:28:15.582 [main] DEBUG o.s.aop.framework.CglibAopProxy - Method is declared on Advised interface: public abstract boolean org.springframework.aop.framework.Advised.isFrozen()
06:28:15.582 [main] DEBUG o.s.aop.framework.CglibAopProxy - Method is declared on Advised interface: public abstract java.lang.Class org.springframework.aop.TargetClassAware.getTargetClass()
06:28:15.587 [main] DEBUG o.s.b.f.s.DefaultListableBeanFactory - Finished creating instance of bean 'hospitalController'
06:28:15.588 [main] DEBUG o.s.b.f.s.DefaultListableBeanFactory - Creating shared instance of singleton bean 'ICDCodesController'
06:28:15.588 [main] DEBUG o.s.b.f.s.DefaultListableBeanFactory - Creating instance of bean 'ICDCodesController'
06:28:15.588 [main] DEBUG o.s.b.f.s.DefaultListableBeanFactory - Eagerly caching bean 'ICDCodesController' to allow for resolving potential circular references
06:28:15.588 [main] DEBUG o.s.b.f.s.DefaultListableBeanFactory - Returning cached instance of singleton bean 'metaDataSourceAdvisor'
06:28:15.588 [main] DEBUG o.s.s.a.p.PrePostAnnotationSecurityMetadataSource - @org.springframework.security.access.prepost.PreAuthorize(value=hasRole('ROLE_ADMIN')) found on specific method: public java.lang.String edu.ncsu.csc.itrust2.controllers.admin.ICDCodesController.addCode(org.springframework.ui.Model)
06:28:15.588 [main] DEBUG o.s.s.a.m.DelegatingMethodSecurityMetadataSource - Caching method [CacheKey[edu.ncsu.csc.itrust2.controllers.admin.ICDCodesController; public java.lang.String edu.ncsu.csc.itrust2.controllers.admin.ICDCodesController.addCode(org.springframework.ui.Model)]] with attributes [[authorize: 'hasRole('ROLE_ADMIN')', filter: 'null', filterTarget: 'null']]
06:28:15.588 [main] DEBUG o.s.a.f.a.InfrastructureAdvisorAutoProxyCreator - Creating implicit proxy for bean 'ICDCodesController' with 0 common interceptors and 1 specific interceptors
06:28:15.588 [main] DEBUG o.s.aop.framework.CglibAopProxy - Creating CGLIB proxy: target source is SingletonTargetSource for target object [edu.ncsu.csc.itrust2.controllers.admin.ICDCodesController@51a9d8bd]
06:28:15.589 [main] DEBUG o.s.aop.framework.CglibAopProxy - Unable to apply any optimisations to advised method: public java.lang.String edu.ncsu.csc.itrust2.controllers.admin.ICDCodesController.addCode(org.springframework.ui.Model)
06:28:15.589 [main] DEBUG o.s.aop.framework.CglibAopProxy - Found 'equals' method: public boolean java.lang.Object.equals(java.lang.Object)
06:28:15.589 [main] DEBUG o.s.aop.framework.CglibAopProxy - Unable to apply any optimisations to advised method: public java.lang.String java.lang.Object.toString()
06:28:15.589 [main] DEBUG o.s.aop.framework.CglibAopProxy - Found 'hashCode' method: public native int java.lang.Object.hashCode()
06:28:15.589 [main] DEBUG o.s.aop.framework.CglibAopProxy - Unable to apply any optimisations to advised method: protected native java.lang.Object java.lang.Object.clone() throws java.lang.CloneNotSupportedException
06:28:15.589 [main] DEBUG o.s.aop.framework.CglibAopProxy - Method is declared on Advised interface: public abstract boolean org.springframework.aop.framework.Advised.removeAdvice(org.aopalliance.aop.Advice)
06:28:15.589 [main] DEBUG o.s.aop.framework.CglibAopProxy - Method is declared on Advised interface: public abstract java.lang.String org.springframework.aop.framework.Advised.toProxyConfigString()
06:28:15.589 [main] DEBUG o.s.aop.framework.CglibAopProxy - Method is declared on Advised interface: public abstract void org.springframework.aop.framework.Advised.addAdvice(org.aopalliance.aop.Advice) throws org.springframework.aop.framework.AopConfigException
06:28:15.589 [main] DEBUG o.s.aop.framework.CglibAopProxy - Method is declared on Advised interface: public abstract void org.springframework.aop.framework.Advised.addAdvice(int,org.aopalliance.aop.Advice) throws org.springframework.aop.framework.AopConfigException
06:28:15.589 [main] DEBUG o.s.aop.framework.CglibAopProxy - Method is declared on Advised interface: public abstract org.springframework.aop.TargetSource org.springframework.aop.framework.Advised.getTargetSource()
06:28:15.589 [main] DEBUG o.s.aop.framework.CglibAopProxy - Method is declared on Advised interface: public abstract boolean org.springframework.aop.framework.Advised.isProxyTargetClass()
06:28:15.589 [main] DEBUG o.s.aop.framework.CglibAopProxy - Method is declared on Advised interface: public abstract void org.springframework.aop.framework.Advised.addAdvisor(org.springframework.aop.Advisor) throws org.springframework.aop.framework.AopConfigException
06:28:15.589 [main] DEBUG o.s.aop.framework.CglibAopProxy - Method is declared on Advised interface: public abstract void org.springframework.aop.framework.Advised.addAdvisor(int,org.springframework.aop.Advisor) throws org.springframework.aop.framework.AopConfigException
06:28:15.589 [main] DEBUG o.s.aop.framework.CglibAopProxy - Method is declared on Advised interface: public abstract void org.springframework.aop.framework.Advised.setPreFiltered(boolean)
06:28:15.589 [main] DEBUG o.s.aop.framework.CglibAopProxy - Method is declared on Advised interface: public abstract void org.springframework.aop.framework.Advised.setExposeProxy(boolean)
06:28:15.589 [main] DEBUG o.s.aop.framework.CglibAopProxy - Method is declared on Advised interface: public abstract boolean org.springframework.aop.framework.Advised.isExposeProxy()
06:28:15.589 [main] DEBUG o.s.aop.framework.CglibAopProxy - Method is declared on Advised interface: public abstract void org.springframework.aop.framework.Advised.setTargetSource(org.springframework.aop.TargetSource)
06:28:15.589 [main] DEBUG o.s.aop.framework.CglibAopProxy - Method is declared on Advised interface: public abstract boolean org.springframework.aop.framework.Advised.isPreFiltered()
06:28:15.589 [main] DEBUG o.s.aop.framework.CglibAopProxy - Method is declared on Advised interface: public abstract java.lang.Class[] org.springframework.aop.framework.Advised.getProxiedInterfaces()
06:28:15.589 [main] DEBUG o.s.aop.framework.CglibAopProxy - Method is declared on Advised interface: public abstract boolean org.springframework.aop.framework.Advised.isInterfaceProxied(java.lang.Class)
06:28:15.589 [main] DEBUG o.s.aop.framework.CglibAopProxy - Method is declared on Advised interface: public abstract org.springframework.aop.Advisor[] org.springframework.aop.framework.Advised.getAdvisors()
06:28:15.589 [main] DEBUG o.s.aop.framework.CglibAopProxy - Method is declared on Advised interface: public abstract void org.springframework.aop.framework.Advised.removeAdvisor(int) throws org.springframework.aop.framework.AopConfigException
06:28:15.589 [main] DEBUG o.s.aop.framework.CglibAopProxy - Method is declared on Advised interface: public abstract boolean org.springframework.aop.framework.Advised.removeAdvisor(org.springframework.aop.Advisor)
06:28:15.589 [main] DEBUG o.s.aop.framework.CglibAopProxy - Method is declared on Advised interface: public abstract boolean org.springframework.aop.framework.Advised.replaceAdvisor(org.springframework.aop.Advisor,org.springframework.aop.Advisor) throws org.springframework.aop.framework.AopConfigException
06:28:15.589 [main] DEBUG o.s.aop.framework.CglibAopProxy - Method is declared on Advised interface: public abstract int org.springframework.aop.framework.Advised.indexOf(org.aopalliance.aop.Advice)
06:28:15.589 [main] DEBUG o.s.aop.framework.CglibAopProxy - Method is declared on Advised interface: public abstract int org.springframework.aop.framework.Advised.indexOf(org.springframework.aop.Advisor)
06:28:15.589 [main] DEBUG o.s.aop.framework.CglibAopProxy - Method is declared on Advised interface: public abstract boolean org.springframework.aop.framework.Advised.isFrozen()
06:28:15.589 [main] DEBUG o.s.aop.framework.CglibAopProxy - Method is declared on Advised interface: public abstract java.lang.Class org.springframework.aop.TargetClassAware.getTargetClass()
06:28:15.596 [main] DEBUG o.s.b.f.s.DefaultListableBeanFactory - Finished creating instance of bean 'ICDCodesController'
06:28:15.596 [main] DEBUG o.s.b.f.s.DefaultListableBeanFactory - Creating shared instance of singleton bean 'APIAppointmentRequestController'
06:28:15.596 [main] DEBUG o.s.b.f.s.DefaultListableBeanFactory - Creating instance of bean 'APIAppointmentRequestController'
06:28:15.596 [main] DEBUG o.s.b.f.s.DefaultListableBeanFactory - Eagerly caching bean 'APIAppointmentRequestController' to allow for resolving potential circular references
06:28:15.596 [main] DEBUG o.s.b.f.s.DefaultListableBeanFactory - Returning cached instance of singleton bean 'metaDataSourceAdvisor'
06:28:15.597 [main] DEBUG o.s.b.f.s.DefaultListableBeanFactory - Finished creating instance of bean 'APIAppointmentRequestController'
06:28:15.597 [main] DEBUG o.s.b.f.s.DefaultListableBeanFactory - Creating shared instance of singleton bean 'APIDiagnosisController'
06:28:15.597 [main] DEBUG o.s.b.f.s.DefaultListableBeanFactory - Creating instance of bean 'APIDiagnosisController'
06:28:15.597 [main] DEBUG o.s.b.f.s.DefaultListableBeanFactory - Eagerly caching bean 'APIDiagnosisController' to allow for resolving potential circular references
06:28:15.597 [main] DEBUG o.s.b.f.s.DefaultListableBeanFactory - Returning cached instance of singleton bean 'metaDataSourceAdvisor'
06:28:15.597 [main] DEBUG o.s.b.f.s.DefaultListableBeanFactory - Finished creating instance of bean 'APIDiagnosisController'
06:28:15.597 [main] DEBUG o.s.b.f.s.DefaultListableBeanFactory - Creating shared instance of singleton bean 'APIDrugController'
06:28:15.597 [main] DEBUG o.s.b.f.s.DefaultListableBeanFactory - Creating instance of bean 'APIDrugController'
06:28:15.597 [main] DEBUG o.s.b.f.s.DefaultListableBeanFactory - Eagerly caching bean 'APIDrugController' to allow for resolving potential circular references
06:28:15.597 [main] DEBUG o.s.b.f.s.DefaultListableBeanFactory - Returning cached instance of singleton bean 'metaDataSourceAdvisor'
06:28:15.598 [main] DEBUG o.s.s.a.p.PrePostAnnotationSecurityMetadataSource - @org.springframework.security.access.prepost.PreAuthorize(value=hasRole('ROLE_ADMIN')) found on specific method: public org.springframework.http.ResponseEntity edu.ncsu.csc.itrust2.controllers.api.APIDrugController.addDrug(edu.ncsu.csc.itrust2.forms.admin.DrugForm)
06:28:15.598 [main] DEBUG o.s.s.a.m.DelegatingMethodSecurityMetadataSource - Caching method [CacheKey[edu.ncsu.csc.itrust2.controllers.api.APIDrugController; public org.springframework.http.ResponseEntity edu.ncsu.csc.itrust2.controllers.api.APIDrugController.addDrug(edu.ncsu.csc.itrust2.forms.admin.DrugForm)]] with attributes [[authorize: 'hasRole('ROLE_ADMIN')', filter: 'null', filterTarget: 'null']]
06:28:15.598 [main] DEBUG o.s.a.f.a.InfrastructureAdvisorAutoProxyCreator - Creating implicit proxy for bean 'APIDrugController' with 0 common interceptors and 1 specific interceptors
06:28:15.598 [main] DEBUG o.s.aop.framework.CglibAopProxy - Creating CGLIB proxy: target source is SingletonTargetSource for target object [edu.ncsu.csc.itrust2.controllers.api.APIDrugController@6dea6ab6]
06:28:15.598 [main] DEBUG o.s.aop.framework.CglibAopProxy - Unable to apply any optimisations to advised method: public org.springframework.http.ResponseEntity edu.ncsu.csc.itrust2.controllers.api.APIDrugController.addDrug(edu.ncsu.csc.itrust2.forms.admin.DrugForm)
06:28:15.598 [main] DEBUG o.s.s.a.p.PrePostAnnotationSecurityMetadataSource - @org.springframework.security.access.prepost.PreAuthorize(value=hasRole('ROLE_ADMIN')) found on specific method: public org.springframework.http.ResponseEntity edu.ncsu.csc.itrust2.controllers.api.APIDrugController.editDrug(edu.ncsu.csc.itrust2.forms.admin.DrugForm)
06:28:15.598 [main] DEBUG o.s.s.a.m.DelegatingMethodSecurityMetadataSource - Caching method [CacheKey[edu.ncsu.csc.itrust2.controllers.api.APIDrugController; public org.springframework.http.ResponseEntity edu.ncsu.csc.itrust2.controllers.api.APIDrugController.editDrug(edu.ncsu.csc.itrust2.forms.admin.DrugForm)]] with attributes [[authorize: 'hasRole('ROLE_ADMIN')', filter: 'null', filterTarget: 'null']]
06:28:15.598 [main] DEBUG o.s.aop.framework.CglibAopProxy - Unable to apply any optimisations to advised method: public org.springframework.http.ResponseEntity edu.ncsu.csc.itrust2.controllers.api.APIDrugController.editDrug(edu.ncsu.csc.itrust2.forms.admin.DrugForm)
06:28:15.598 [main] DEBUG o.s.s.a.p.PrePostAnnotationSecurityMetadataSource - @org.springframework.security.access.prepost.PreAuthorize(value=hasRole('ROLE_ADMIN')) found on specific method: public org.springframework.http.ResponseEntity edu.ncsu.csc.itrust2.controllers.api.APIDrugController.deleteDrug(java.lang.String)
06:28:15.598 [main] DEBUG o.s.s.a.m.DelegatingMethodSecurityMetadataSource - Caching method [CacheKey[edu.ncsu.csc.itrust2.controllers.api.APIDrugController; public org.springframework.http.ResponseEntity edu.ncsu.csc.itrust2.controllers.api.APIDrugController.deleteDrug(java.lang.String)]] with attributes [[authorize: 'hasRole('ROLE_ADMIN')', filter: 'null', filterTarget: 'null']]
06:28:15.598 [main] DEBUG o.s.aop.framework.CglibAopProxy - Unable to apply any optimisations to advised method: public org.springframework.http.ResponseEntity edu.ncsu.csc.itrust2.controllers.api.APIDrugController.deleteDrug(java.lang.String)
06:28:15.598 [main] DEBUG o.s.aop.framework.CglibAopProxy - Unable to apply any optimisations to advised method: public java.util.List edu.ncsu.csc.itrust2.controllers.api.APIDrugController.getDrugs()
06:28:15.599 [main] DEBUG o.s.aop.framework.CglibAopProxy - Found 'equals' method: public boolean java.lang.Object.equals(java.lang.Object)
06:28:15.599 [main] DEBUG o.s.aop.framework.CglibAopProxy - Unable to apply any optimisations to advised method: public java.lang.String java.lang.Object.toString()
06:28:15.599 [main] DEBUG o.s.aop.framework.CglibAopProxy - Found 'hashCode' method: public native int java.lang.Object.hashCode()
06:28:15.599 [main] DEBUG o.s.aop.framework.CglibAopProxy - Unable to apply any optimisations to advised method: protected native java.lang.Object java.lang.Object.clone() throws java.lang.CloneNotSupportedException
06:28:15.599 [main] DEBUG o.s.aop.framework.CglibAopProxy - Method is declared on Advised interface: public abstract boolean org.springframework.aop.framework.Advised.removeAdvice(org.aopalliance.aop.Advice)
06:28:15.599 [main] DEBUG o.s.aop.framework.CglibAopProxy - Method is declared on Advised interface: public abstract java.lang.String org.springframework.aop.framework.Advised.toProxyConfigString()
06:28:15.599 [main] DEBUG o.s.aop.framework.CglibAopProxy - Method is declared on Advised interface: public abstract void org.springframework.aop.framework.Advised.addAdvice(org.aopalliance.aop.Advice) throws org.springframework.aop.framework.AopConfigException
06:28:15.599 [main] DEBUG o.s.aop.framework.CglibAopProxy - Method is declared on Advised interface: public abstract void org.springframework.aop.framework.Advised.addAdvice(int,org.aopalliance.aop.Advice) throws org.springframework.aop.framework.AopConfigException
06:28:15.599 [main] DEBUG o.s.aop.framework.CglibAopProxy - Method is declared on Advised interface: public abstract org.springframework.aop.TargetSource org.springframework.aop.framework.Advised.getTargetSource()
06:28:15.599 [main] DEBUG o.s.aop.framework.CglibAopProxy - Method is declared on Advised interface: public abstract boolean org.springframework.aop.framework.Advised.isProxyTargetClass()
06:28:15.599 [main] DEBUG o.s.aop.framework.CglibAopProxy - Method is declared on Advised interface: public abstract void org.springframework.aop.framework.Advised.addAdvisor(org.springframework.aop.Advisor) throws org.springframework.aop.framework.AopConfigException
06:28:15.599 [main] DEBUG o.s.aop.framework.CglibAopProxy - Method is declared on Advised interface: public abstract void org.springframework.aop.framework.Advised.addAdvisor(int,org.springframework.aop.Advisor) throws org.springframework.aop.framework.AopConfigException
06:28:15.599 [main] DEBUG o.s.aop.framework.CglibAopProxy - Method is declared on Advised interface: public abstract void org.springframework.aop.framework.Advised.setPreFiltered(boolean)
06:28:15.599 [main] DEBUG o.s.aop.framework.CglibAopProxy - Method is declared on Advised interface: public abstract void org.springframework.aop.framework.Advised.setExposeProxy(boolean)
06:28:15.599 [main] DEBUG o.s.aop.framework.CglibAopProxy - Method is declared on Advised interface: public abstract boolean org.springframework.aop.framework.Advised.isExposeProxy()
06:28:15.599 [main] DEBUG o.s.aop.framework.CglibAopProxy - Method is declared on Advised interface: public abstract void org.springframework.aop.framework.Advised.setTargetSource(org.springframework.aop.TargetSource)
06:28:15.599 [main] DEBUG o.s.aop.framework.CglibAopProxy - Method is declared on Advised interface: public abstract boolean org.springframework.aop.framework.Advised.isPreFiltered()
06:28:15.599 [main] DEBUG o.s.aop.framework.CglibAopProxy - Method is declared on Advised interface: public abstract java.lang.Class[] org.springframework.aop.framework.Advised.getProxiedInterfaces()
06:28:15.599 [main] DEBUG o.s.aop.framework.CglibAopProxy - Method is declared on Advised interface: public abstract boolean org.springframework.aop.framework.Advised.isInterfaceProxied(java.lang.Class)
06:28:15.599 [main] DEBUG o.s.aop.framework.CglibAopProxy - Method is declared on Advised interface: public abstract org.springframework.aop.Advisor[] org.springframework.aop.framework.Advised.getAdvisors()
06:28:15.599 [main] DEBUG o.s.aop.framework.CglibAopProxy - Method is declared on Advised interface: public abstract void org.springframework.aop.framework.Advised.removeAdvisor(int) throws org.springframework.aop.framework.AopConfigException
06:28:15.599 [main] DEBUG o.s.aop.framework.CglibAopProxy - Method is declared on Advised interface: public abstract boolean org.springframework.aop.framework.Advised.removeAdvisor(org.springframework.aop.Advisor)
06:28:15.599 [main] DEBUG o.s.aop.framework.CglibAopProxy - Method is declared on Advised interface: public abstract boolean org.springframework.aop.framework.Advised.replaceAdvisor(org.springframework.aop.Advisor,org.springframework.aop.Advisor) throws org.springframework.aop.framework.AopConfigException
06:28:15.599 [main] DEBUG o.s.aop.framework.CglibAopProxy - Method is declared on Advised interface: public abstract int org.springframework.aop.framework.Advised.indexOf(org.aopalliance.aop.Advice)
06:28:15.599 [main] DEBUG o.s.aop.framework.CglibAopProxy - Method is declared on Advised interface: public abstract int org.springframework.aop.framework.Advised.indexOf(org.springframework.aop.Advisor)
06:28:15.599 [main] DEBUG o.s.aop.framework.CglibAopProxy - Method is declared on Advised interface: public abstract boolean org.springframework.aop.framework.Advised.isFrozen()
06:28:15.599 [main] DEBUG o.s.aop.framework.CglibAopProxy - Method is declared on Advised interface: public abstract java.lang.Class org.springframework.aop.TargetClassAware.getTargetClass()
06:28:15.604 [main] DEBUG o.s.b.f.s.DefaultListableBeanFactory - Finished creating instance of bean 'APIDrugController'
06:28:15.605 [main] DEBUG o.s.b.f.s.DefaultListableBeanFactory - Creating shared instance of singleton bean 'APIEnumController'
06:28:15.605 [main] DEBUG o.s.b.f.s.DefaultListableBeanFactory - Creating instance of bean 'APIEnumController'
06:28:15.605 [main] DEBUG o.s.b.f.s.DefaultListableBeanFactory - Eagerly caching bean 'APIEnumController' to allow for resolving potential circular references
06:28:15.605 [main] DEBUG o.s.b.f.s.DefaultListableBeanFactory - Returning cached instance of singleton bean 'metaDataSourceAdvisor'
06:28:15.606 [main] DEBUG o.s.b.f.s.DefaultListableBeanFactory - Finished creating instance of bean 'APIEnumController'
06:28:15.606 [main] DEBUG o.s.b.f.s.DefaultListableBeanFactory - Creating shared instance of singleton bean 'APIHospitalController'
06:28:15.606 [main] DEBUG o.s.b.f.s.DefaultListableBeanFactory - Creating instance of bean 'APIHospitalController'
06:28:15.606 [main] DEBUG o.s.b.f.s.DefaultListableBeanFactory - Eagerly caching bean 'APIHospitalController' to allow for resolving potential circular references
06:28:15.606 [main] DEBUG o.s.b.f.s.DefaultListableBeanFactory - Returning cached instance of singleton bean 'metaDataSourceAdvisor'
06:28:15.606 [main] DEBUG o.s.b.f.s.DefaultListableBeanFactory - Finished creating instance of bean 'APIHospitalController'
06:28:15.606 [main] DEBUG o.s.b.f.s.DefaultListableBeanFactory - Creating shared instance of singleton bean 'APIICDCodeController'
06:28:15.606 [main] DEBUG o.s.b.f.s.DefaultListableBeanFactory - Creating instance of bean 'APIICDCodeController'
06:28:15.607 [main] DEBUG o.s.b.f.s.DefaultListableBeanFactory - Eagerly caching bean 'APIICDCodeController' to allow for resolving potential circular references
06:28:15.607 [main] DEBUG o.s.b.f.s.DefaultListableBeanFactory - Returning cached instance of singleton bean 'metaDataSourceAdvisor'
06:28:15.607 [main] DEBUG o.s.s.a.p.PrePostAnnotationSecurityMetadataSource - @org.springframework.security.access.prepost.PreAuthorize(value=hasRole('ROLE_ADMIN')) found on specific method: public org.springframework.http.ResponseEntity edu.ncsu.csc.itrust2.controllers.api.APIICDCodeController.addCode(edu.ncsu.csc.itrust2.forms.admin.ICDCodeForm)
06:28:15.607 [main] DEBUG o.s.s.a.m.DelegatingMethodSecurityMetadataSource - Caching method [CacheKey[edu.ncsu.csc.itrust2.controllers.api.APIICDCodeController; public org.springframework.http.ResponseEntity edu.ncsu.csc.itrust2.controllers.api.APIICDCodeController.addCode(edu.ncsu.csc.itrust2.forms.admin.ICDCodeForm)]] with attributes [[authorize: 'hasRole('ROLE_ADMIN')', filter: 'null', filterTarget: 'null']]
06:28:15.607 [main] DEBUG o.s.a.f.a.InfrastructureAdvisorAutoProxyCreator - Creating implicit proxy for bean 'APIICDCodeController' with 0 common interceptors and 1 specific interceptors
06:28:15.607 [main] DEBUG o.s.aop.framework.CglibAopProxy - Creating CGLIB proxy: target source is SingletonTargetSource for target object [edu.ncsu.csc.itrust2.controllers.api.APIICDCodeController@54e59cba]
06:28:15.608 [main] DEBUG o.s.aop.framework.CglibAopProxy - Unable to apply any optimisations to advised method: public org.springframework.http.ResponseEntity edu.ncsu.csc.itrust2.controllers.api.APIICDCodeController.getCode(java.lang.Long)
06:28:15.608 [main] DEBUG o.s.aop.framework.CglibAopProxy - Unable to apply any optimisations to advised method: public org.springframework.http.ResponseEntity edu.ncsu.csc.itrust2.controllers.api.APIICDCodeController.addCode(edu.ncsu.csc.itrust2.forms.admin.ICDCodeForm)
06:28:15.608 [main] DEBUG o.s.aop.framework.CglibAopProxy - Unable to apply any optimisations to advised method: public java.util.List edu.ncsu.csc.itrust2.controllers.api.APIICDCodeController.getCodes()
06:28:15.608 [main] DEBUG o.s.s.a.p.PrePostAnnotationSecurityMetadataSource - @org.springframework.security.access.prepost.PreAuthorize(value=hasRole('ROLE_ADMIN')) found on specific method: public org.springframework.http.ResponseEntity edu.ncsu.csc.itrust2.controllers.api.APIICDCodeController.updateCode(java.lang.Long,edu.ncsu.csc.itrust2.forms.admin.ICDCodeForm)
06:28:15.608 [main] DEBUG o.s.s.a.m.DelegatingMethodSecurityMetadataSource - Caching method [CacheKey[edu.ncsu.csc.itrust2.controllers.api.APIICDCodeController; public org.springframework.http.ResponseEntity edu.ncsu.csc.itrust2.controllers.api.APIICDCodeController.updateCode(java.lang.Long,edu.ncsu.csc.itrust2.forms.admin.ICDCodeForm)]] with attributes [[authorize: 'hasRole('ROLE_ADMIN')', filter: 'null', filterTarget: 'null']]
06:28:15.608 [main] DEBUG o.s.aop.framework.CglibAopProxy - Unable to apply any optimisations to advised method: public org.springframework.http.ResponseEntity edu.ncsu.csc.itrust2.controllers.api.APIICDCodeController.updateCode(java.lang.Long,edu.ncsu.csc.itrust2.forms.admin.ICDCodeForm)
06:28:15.608 [main] DEBUG o.s.s.a.p.PrePostAnnotationSecurityMetadataSource - @org.springframework.security.access.prepost.PreAuthorize(value=hasRole('ROLE_ADMIN')) found on specific method: public org.springframework.http.ResponseEntity edu.ncsu.csc.itrust2.controllers.api.APIICDCodeController.deleteCode(java.lang.Long)
06:28:15.608 [main] DEBUG o.s.s.a.m.DelegatingMethodSecurityMetadataSource - Caching method [CacheKey[edu.ncsu.csc.itrust2.controllers.api.APIICDCodeController; public org.springframework.http.ResponseEntity edu.ncsu.csc.itrust2.controllers.api.APIICDCodeController.deleteCode(java.lang.Long)]] with attributes [[authorize: 'hasRole('ROLE_ADMIN')', filter: 'null', filterTarget: 'null']]
06:28:15.608 [main] DEBUG o.s.aop.framework.CglibAopProxy - Unable to apply any optimisations to advised method: public org.springframework.http.ResponseEntity edu.ncsu.csc.itrust2.controllers.api.APIICDCodeController.deleteCode(java.lang.Long)
06:28:15.608 [main] DEBUG o.s.aop.framework.CglibAopProxy - Found 'equals' method: public boolean java.lang.Object.equals(java.lang.Object)
06:28:15.608 [main] DEBUG o.s.aop.framework.CglibAopProxy - Unable to apply any optimisations to advised method: public java.lang.String java.lang.Object.toString()
06:28:15.608 [main] DEBUG o.s.aop.framework.CglibAopProxy - Found 'hashCode' method: public native int java.lang.Object.hashCode()
06:28:15.608 [main] DEBUG o.s.aop.framework.CglibAopProxy - Unable to apply any optimisations to advised method: protected native java.lang.Object java.lang.Object.clone() throws java.lang.CloneNotSupportedException
06:28:15.608 [main] DEBUG o.s.aop.framework.CglibAopProxy - Method is declared on Advised interface: public abstract boolean org.springframework.aop.framework.Advised.removeAdvice(org.aopalliance.aop.Advice)
06:28:15.608 [main] DEBUG o.s.aop.framework.CglibAopProxy - Method is declared on Advised interface: public abstract java.lang.String org.springframework.aop.framework.Advised.toProxyConfigString()
06:28:15.608 [main] DEBUG o.s.aop.framework.CglibAopProxy - Method is declared on Advised interface: public abstract void org.springframework.aop.framework.Advised.addAdvice(org.aopalliance.aop.Advice) throws org.springframework.aop.framework.AopConfigException
06:28:15.608 [main] DEBUG o.s.aop.framework.CglibAopProxy - Method is declared on Advised interface: public abstract void org.springframework.aop.framework.Advised.addAdvice(int,org.aopalliance.aop.Advice) throws org.springframework.aop.framework.AopConfigException
06:28:15.608 [main] DEBUG o.s.aop.framework.CglibAopProxy - Method is declared on Advised interface: public abstract org.springframework.aop.TargetSource org.springframework.aop.framework.Advised.getTargetSource()
06:28:15.608 [main] DEBUG o.s.aop.framework.CglibAopProxy - Method is declared on Advised interface: public abstract boolean org.springframework.aop.framework.Advised.isProxyTargetClass()
06:28:15.608 [main] DEBUG o.s.aop.framework.CglibAopProxy - Method is declared on Advised interface: public abstract void org.springframework.aop.framework.Advised.addAdvisor(org.springframework.aop.Advisor) throws org.springframework.aop.framework.AopConfigException
06:28:15.608 [main] DEBUG o.s.aop.framework.CglibAopProxy - Method is declared on Advised interface: public abstract void org.springframework.aop.framework.Advised.addAdvisor(int,org.springframework.aop.Advisor) throws org.springframework.aop.framework.AopConfigException
06:28:15.608 [main] DEBUG o.s.aop.framework.CglibAopProxy - Method is declared on Advised interface: public abstract void org.springframework.aop.framework.Advised.setPreFiltered(boolean)
06:28:15.608 [main] DEBUG o.s.aop.framework.CglibAopProxy - Method is declared on Advised interface: public abstract void org.springframework.aop.framework.Advised.setExposeProxy(boolean)
06:28:15.608 [main] DEBUG o.s.aop.framework.CglibAopProxy - Method is declared on Advised interface: public abstract boolean org.springframework.aop.framework.Advised.isExposeProxy()
06:28:15.608 [main] DEBUG o.s.aop.framework.CglibAopProxy - Method is declared on Advised interface: public abstract void org.springframework.aop.framework.Advised.setTargetSource(org.springframework.aop.TargetSource)
06:28:15.608 [main] DEBUG o.s.aop.framework.CglibAopProxy - Method is declared on Advised interface: public abstract boolean org.springframework.aop.framework.Advised.isPreFiltered()
06:28:15.608 [main] DEBUG o.s.aop.framework.CglibAopProxy - Method is declared on Advised interface: public abstract java.lang.Class[] org.springframework.aop.framework.Advised.getProxiedInterfaces()
06:28:15.608 [main] DEBUG o.s.aop.framework.CglibAopProxy - Method is declared on Advised interface: public abstract boolean org.springframework.aop.framework.Advised.isInterfaceProxied(java.lang.Class)
06:28:15.608 [main] DEBUG o.s.aop.framework.CglibAopProxy - Method is declared on Advised interface: public abstract org.springframework.aop.Advisor[] org.springframework.aop.framework.Advised.getAdvisors()
06:28:15.608 [main] DEBUG o.s.aop.framework.CglibAopProxy - Method is declared on Advised interface: public abstract void org.springframework.aop.framework.Advised.removeAdvisor(int) throws org.springframework.aop.framework.AopConfigException
06:28:15.608 [main] DEBUG o.s.aop.framework.CglibAopProxy - Method is declared on Advised interface: public abstract boolean org.springframework.aop.framework.Advised.removeAdvisor(org.springframework.aop.Advisor)
06:28:15.608 [main] DEBUG o.s.aop.framework.CglibAopProxy - Method is declared on Advised interface: public abstract boolean org.springframework.aop.framework.Advised.replaceAdvisor(org.springframework.aop.Advisor,org.springframework.aop.Advisor) throws org.springframework.aop.framework.AopConfigException
06:28:15.608 [main] DEBUG o.s.aop.framework.CglibAopProxy - Method is declared on Advised interface: public abstract int org.springframework.aop.framework.Advised.indexOf(org.aopalliance.aop.Advice)
06:28:15.608 [main] DEBUG o.s.aop.framework.CglibAopProxy - Method is declared on Advised interface: public abstract int org.springframework.aop.framework.Advised.indexOf(org.springframework.aop.Advisor)
06:28:15.608 [main] DEBUG o.s.aop.framework.CglibAopProxy - Method is declared on Advised interface: public abstract boolean org.springframework.aop.framework.Advised.isFrozen()
06:28:15.608 [main] DEBUG o.s.aop.framework.CglibAopProxy - Method is declared on Advised interface: public abstract java.lang.Class org.springframework.aop.TargetClassAware.getTargetClass()
06:28:15.614 [main] DEBUG o.s.b.f.s.DefaultListableBeanFactory - Finished creating instance of bean 'APIICDCodeController'
06:28:15.614 [main] DEBUG o.s.b.f.s.DefaultListableBeanFactory - Creating shared instance of singleton bean 'APILogEntryController'
06:28:15.614 [main] DEBUG o.s.b.f.s.DefaultListableBeanFactory - Creating instance of bean 'APILogEntryController'
06:28:15.615 [main] DEBUG o.s.b.f.s.DefaultListableBeanFactory - Eagerly caching bean 'APILogEntryController' to allow for resolving potential circular references
06:28:15.615 [main] DEBUG o.s.b.f.s.DefaultListableBeanFactory - Returning cached instance of singleton bean 'metaDataSourceAdvisor'
06:28:15.615 [main] DEBUG o.s.b.f.s.DefaultListableBeanFactory - Finished creating instance of bean 'APILogEntryController'
06:28:15.615 [main] DEBUG o.s.b.f.s.DefaultListableBeanFactory - Creating shared instance of singleton bean 'APIOfficeVisitController'
06:28:15.615 [main] DEBUG o.s.b.f.s.DefaultListableBeanFactory - Creating instance of bean 'APIOfficeVisitController'
06:28:15.615 [main] DEBUG o.s.b.f.s.DefaultListableBeanFactory - Eagerly caching bean 'APIOfficeVisitController' to allow for resolving potential circular references
06:28:15.616 [main] DEBUG o.s.b.f.s.DefaultListableBeanFactory - Returning cached instance of singleton bean 'metaDataSourceAdvisor'
06:28:15.616 [main] DEBUG o.s.s.a.p.PrePostAnnotationSecurityMetadataSource - @org.springframework.security.access.prepost.PreAuthorize(value=hasRole('ROLE_PATIENT')) found on specific method: public java.util.List edu.ncsu.csc.itrust2.controllers.api.APIOfficeVisitController.getMyOfficeVisits()
06:28:15.616 [main] DEBUG o.s.s.a.m.DelegatingMethodSecurityMetadataSource - Caching method [CacheKey[edu.ncsu.csc.itrust2.controllers.api.APIOfficeVisitController; public java.util.List edu.ncsu.csc.itrust2.controllers.api.APIOfficeVisitController.getMyOfficeVisits()]] with attributes [[authorize: 'hasRole('ROLE_PATIENT')', filter: 'null', filterTarget: 'null']]
06:28:15.616 [main] DEBUG o.s.a.f.a.InfrastructureAdvisorAutoProxyCreator - Creating implicit proxy for bean 'APIOfficeVisitController' with 0 common interceptors and 1 specific interceptors
06:28:15.616 [main] DEBUG o.s.aop.framework.CglibAopProxy - Creating CGLIB proxy: target source is SingletonTargetSource for target object [edu.ncsu.csc.itrust2.controllers.api.APIOfficeVisitController@730c723b]
06:28:15.617 [main] DEBUG o.s.aop.framework.CglibAopProxy - Unable to apply any optimisations to advised method: public java.util.List edu.ncsu.csc.itrust2.controllers.api.APIOfficeVisitController.getMyOfficeVisits()
06:28:15.617 [main] DEBUG o.s.aop.framework.CglibAopProxy - Unable to apply any optimisations to advised method: public org.springframework.http.ResponseEntity edu.ncsu.csc.itrust2.controllers.api.APIOfficeVisitController.getOfficeVisit(java.lang.Long)
06:28:15.617 [main] DEBUG o.s.aop.framework.CglibAopProxy - Unable to apply any optimisations to advised method: public void edu.ncsu.csc.itrust2.controllers.api.APIOfficeVisitController.deleteOfficeVisits()
06:28:15.617 [main] DEBUG o.s.aop.framework.CglibAopProxy - Unable to apply any optimisations to advised method: public org.springframework.http.ResponseEntity edu.ncsu.csc.itrust2.controllers.api.APIOfficeVisitController.createOfficeVisit(edu.ncsu.csc.itrust2.forms.hcp.OfficeVisitForm)
06:28:15.617 [main] DEBUG o.s.aop.framework.CglibAopProxy - Unable to apply any optimisations to advised method: public org.springframework.http.ResponseEntity edu.ncsu.csc.itrust2.controllers.api.APIOfficeVisitController.deleteOfficeVisit(java.lang.Long)
06:28:15.617 [main] DEBUG o.s.aop.framework.CglibAopProxy - Unable to apply any optimisations to advised method: public org.springframework.http.ResponseEntity edu.ncsu.csc.itrust2.controllers.api.APIOfficeVisitController.updateOfficeVisit(java.lang.Long,edu.ncsu.csc.itrust2.forms.hcp.OfficeVisitForm)
06:28:15.617 [main] DEBUG o.s.s.a.p.PrePostAnnotationSecurityMetadataSource - @org.springframework.security.access.prepost.PreAuthorize(value=hasRole('ROLE_HCP')) found on specific method: public org.springframework.http.ResponseEntity edu.ncsu.csc.itrust2.controllers.api.APIOfficeVisitController.viewOfficeVisitHCP(java.lang.Long,edu.ncsu.csc.itrust2.forms.hcp.OfficeVisitForm)
06:28:15.617 [main] DEBUG o.s.s.a.m.DelegatingMethodSecurityMetadataSource - Caching method [CacheKey[edu.ncsu.csc.itrust2.controllers.api.APIOfficeVisitController; public org.springframework.http.ResponseEntity edu.ncsu.csc.itrust2.controllers.api.APIOfficeVisitController.viewOfficeVisitHCP(java.lang.Long,edu.ncsu.csc.itrust2.forms.hcp.OfficeVisitForm)]] with attributes [[authorize: 'hasRole('ROLE_HCP')', filter: 'null', filterTarget: 'null']]
06:28:15.617 [main] DEBUG o.s.aop.framework.CglibAopProxy - Unable to apply any optimisations to advised method: public org.springframework.http.ResponseEntity edu.ncsu.csc.itrust2.controllers.api.APIOfficeVisitController.viewOfficeVisitHCP(java.lang.Long,edu.ncsu.csc.itrust2.forms.hcp.OfficeVisitForm)
06:28:15.618 [main] DEBUG o.s.s.a.p.PrePostAnnotationSecurityMetadataSource - @org.springframework.security.access.prepost.PreAuthorize(value=hasRole('ROLE_PATIENT')) found on specific method: public org.springframework.http.ResponseEntity edu.ncsu.csc.itrust2.controllers.api.APIOfficeVisitController.viewOfficeVisitPatient(java.lang.Long,edu.ncsu.csc.itrust2.forms.hcp.OfficeVisitForm)
06:28:15.618 [main] DEBUG o.s.s.a.m.DelegatingMethodSecurityMetadataSource - Caching method [CacheKey[edu.ncsu.csc.itrust2.controllers.api.APIOfficeVisitController; public org.springframework.http.ResponseEntity edu.ncsu.csc.itrust2.controllers.api.APIOfficeVisitController.viewOfficeVisitPatient(java.lang.Long,edu.ncsu.csc.itrust2.forms.hcp.OfficeVisitForm)]] with attributes [[authorize: 'hasRole('ROLE_PATIENT')', filter: 'null', filterTarget: 'null']]
06:28:15.618 [main] DEBUG o.s.aop.framework.CglibAopProxy - Unable to apply any optimisations to advised method: public org.springframework.http.ResponseEntity edu.ncsu.csc.itrust2.controllers.api.APIOfficeVisitController.viewOfficeVisitPatient(java.lang.Long,edu.ncsu.csc.itrust2.forms.hcp.OfficeVisitForm)
06:28:15.618 [main] DEBUG o.s.aop.framework.CglibAopProxy - Unable to apply any optimisations to advised method: public java.util.List edu.ncsu.csc.itrust2.controllers.api.APIOfficeVisitController.getOfficeVisits()
06:28:15.618 [main] DEBUG o.s.aop.framework.CglibAopProxy - Found 'equals' method: public boolean java.lang.Object.equals(java.lang.Object)
06:28:15.618 [main] DEBUG o.s.aop.framework.CglibAopProxy - Unable to apply any optimisations to advised method: public java.lang.String java.lang.Object.toString()
06:28:15.618 [main] DEBUG o.s.aop.framework.CglibAopProxy - Found 'hashCode' method: public native int java.lang.Object.hashCode()
06:28:15.618 [main] DEBUG o.s.aop.framework.CglibAopProxy - Unable to apply any optimisations to advised method: protected native java.lang.Object java.lang.Object.clone() throws java.lang.CloneNotSupportedException
06:28:15.618 [main] DEBUG o.s.aop.framework.CglibAopProxy - Method is declared on Advised interface: public abstract boolean org.springframework.aop.framework.Advised.removeAdvice(org.aopalliance.aop.Advice)
06:28:15.618 [main] DEBUG o.s.aop.framework.CglibAopProxy - Method is declared on Advised interface: public abstract java.lang.String org.springframework.aop.framework.Advised.toProxyConfigString()
06:28:15.618 [main] DEBUG o.s.aop.framework.CglibAopProxy - Method is declared on Advised interface: public abstract void org.springframework.aop.framework.Advised.addAdvice(org.aopalliance.aop.Advice) throws org.springframework.aop.framework.AopConfigException
06:28:15.618 [main] DEBUG o.s.aop.framework.CglibAopProxy - Method is declared on Advised interface: public abstract void org.springframework.aop.framework.Advised.addAdvice(int,org.aopalliance.aop.Advice) throws org.springframework.aop.framework.AopConfigException
06:28:15.618 [main] DEBUG o.s.aop.framework.CglibAopProxy - Method is declared on Advised interface: public abstract org.springframework.aop.TargetSource org.springframework.aop.framework.Advised.getTargetSource()
06:28:15.618 [main] DEBUG o.s.aop.framework.CglibAopProxy - Method is declared on Advised interface: public abstract boolean org.springframework.aop.framework.Advised.isProxyTargetClass()
06:28:15.618 [main] DEBUG o.s.aop.framework.CglibAopProxy - Method is declared on Advised interface: public abstract void org.springframework.aop.framework.Advised.addAdvisor(org.springframework.aop.Advisor) throws org.springframework.aop.framework.AopConfigException
06:28:15.618 [main] DEBUG o.s.aop.framework.CglibAopProxy - Method is declared on Advised interface: public abstract void org.springframework.aop.framework.Advised.addAdvisor(int,org.springframework.aop.Advisor) throws org.springframework.aop.framework.AopConfigException
06:28:15.618 [main] DEBUG o.s.aop.framework.CglibAopProxy - Method is declared on Advised interface: public abstract void org.springframework.aop.framework.Advised.setPreFiltered(boolean)
06:28:15.618 [main] DEBUG o.s.aop.framework.CglibAopProxy - Method is declared on Advised interface: public abstract void org.springframework.aop.framework.Advised.setExposeProxy(boolean)
06:28:15.618 [main] DEBUG o.s.aop.framework.CglibAopProxy - Method is declared on Advised interface: public abstract boolean org.springframework.aop.framework.Advised.isExposeProxy()
06:28:15.618 [main] DEBUG o.s.aop.framework.CglibAopProxy - Method is declared on Advised interface: public abstract void org.springframework.aop.framework.Advised.setTargetSource(org.springframework.aop.TargetSource)
06:28:15.618 [main] DEBUG o.s.aop.framework.CglibAopProxy - Method is declared on Advised interface: public abstract boolean org.springframework.aop.framework.Advised.isPreFiltered()
06:28:15.618 [main] DEBUG o.s.aop.framework.CglibAopProxy - Method is declared on Advised interface: public abstract java.lang.Class[] org.springframework.aop.framework.Advised.getProxiedInterfaces()
06:28:15.618 [main] DEBUG o.s.aop.framework.CglibAopProxy - Method is declared on Advised interface: public abstract boolean org.springframework.aop.framework.Advised.isInterfaceProxied(java.lang.Class)
06:28:15.618 [main] DEBUG o.s.aop.framework.CglibAopProxy - Method is declared on Advised interface: public abstract org.springframework.aop.Advisor[] org.springframework.aop.framework.Advised.getAdvisors()
06:28:15.618 [main] DEBUG o.s.aop.framework.CglibAopProxy - Method is declared on Advised interface: public abstract void org.springframework.aop.framework.Advised.removeAdvisor(int) throws org.springframework.aop.framework.AopConfigException
06:28:15.618 [main] DEBUG o.s.aop.framework.CglibAopProxy - Method is declared on Advised interface: public abstract boolean org.springframework.aop.framework.Advised.removeAdvisor(org.springframework.aop.Advisor)
06:28:15.618 [main] DEBUG o.s.aop.framework.CglibAopProxy - Method is declared on Advised interface: public abstract boolean org.springframework.aop.framework.Advised.replaceAdvisor(org.springframework.aop.Advisor,org.springframework.aop.Advisor) throws org.springframework.aop.framework.AopConfigException
06:28:15.618 [main] DEBUG o.s.aop.framework.CglibAopProxy - Method is declared on Advised interface: public abstract int org.springframework.aop.framework.Advised.indexOf(org.aopalliance.aop.Advice)
06:28:15.618 [main] DEBUG o.s.aop.framework.CglibAopProxy - Method is declared on Advised interface: public abstract int org.springframework.aop.framework.Advised.indexOf(org.springframework.aop.Advisor)
06:28:15.618 [main] DEBUG o.s.aop.framework.CglibAopProxy - Method is declared on Advised interface: public abstract boolean org.springframework.aop.framework.Advised.isFrozen()
06:28:15.618 [main] DEBUG o.s.aop.framework.CglibAopProxy - Method is declared on Advised interface: public abstract java.lang.Class org.springframework.aop.TargetClassAware.getTargetClass()
06:28:15.657 [main] DEBUG o.s.b.f.s.DefaultListableBeanFactory - Finished creating instance of bean 'APIOfficeVisitController'
06:28:15.658 [main] DEBUG o.s.b.f.s.DefaultListableBeanFactory - Creating shared instance of singleton bean 'APIPasswordController'
06:28:15.658 [main] DEBUG o.s.b.f.s.DefaultListableBeanFactory - Creating instance of bean 'APIPasswordController'
06:28:15.658 [main] DEBUG o.s.b.f.annotation.InjectionMetadata - Registered injected element on class [edu.ncsu.csc.itrust2.controllers.api.APIPasswordController]: AutowiredFieldElement for org.springframework.core.env.Environment edu.ncsu.csc.itrust2.controllers.api.APIPasswordController.environment
06:28:15.658 [main] DEBUG o.s.b.f.s.DefaultListableBeanFactory - Eagerly caching bean 'APIPasswordController' to allow for resolving potential circular references
06:28:15.658 [main] DEBUG o.s.b.f.annotation.InjectionMetadata - Processing injected element of bean 'APIPasswordController': AutowiredFieldElement for org.springframework.core.env.Environment edu.ncsu.csc.itrust2.controllers.api.APIPasswordController.environment
06:28:15.658 [main] DEBUG o.s.b.f.s.DefaultListableBeanFactory - Returning cached instance of singleton bean 'environment'
06:28:15.658 [main] DEBUG o.s.b.f.a.AutowiredAnnotationBeanPostProcessor - Autowiring by type from bean name 'APIPasswordController' to bean named 'environment'
06:28:15.659 [main] DEBUG o.s.b.f.s.DefaultListableBeanFactory - Returning cached instance of singleton bean 'metaDataSourceAdvisor'
06:28:15.659 [main] DEBUG o.s.b.f.s.DefaultListableBeanFactory - Finished creating instance of bean 'APIPasswordController'
06:28:15.659 [main] DEBUG o.s.b.f.s.DefaultListableBeanFactory - Creating shared instance of singleton bean 'APIPatientController'
06:28:15.659 [main] DEBUG o.s.b.f.s.DefaultListableBeanFactory - Creating instance of bean 'APIPatientController'
06:28:15.659 [main] DEBUG o.s.b.f.s.DefaultListableBeanFactory - Eagerly caching bean 'APIPatientController' to allow for resolving potential circular references
06:28:15.659 [main] DEBUG o.s.b.f.s.DefaultListableBeanFactory - Returning cached instance of singleton bean 'metaDataSourceAdvisor'
06:28:15.660 [main] DEBUG o.s.s.a.p.PrePostAnnotationSecurityMetadataSource - @org.springframework.security.access.prepost.PreAuthorize(value=hasRole('ROLE_PATIENT')) found on specific method: public org.springframework.http.ResponseEntity edu.ncsu.csc.itrust2.controllers.api.APIPatientController.getPatient()
06:28:15.660 [main] DEBUG o.s.s.a.m.DelegatingMethodSecurityMetadataSource - Caching method [CacheKey[edu.ncsu.csc.itrust2.controllers.api.APIPatientController; public org.springframework.http.ResponseEntity edu.ncsu.csc.itrust2.controllers.api.APIPatientController.getPatient()]] with attributes [[authorize: 'hasRole('ROLE_PATIENT')', filter: 'null', filterTarget: 'null']]
06:28:15.660 [main] DEBUG o.s.a.f.a.InfrastructureAdvisorAutoProxyCreator - Creating implicit proxy for bean 'APIPatientController' with 0 common interceptors and 1 specific interceptors
06:28:15.660 [main] DEBUG o.s.aop.framework.CglibAopProxy - Creating CGLIB proxy: target source is SingletonTargetSource for target object [edu.ncsu.csc.itrust2.controllers.api.APIPatientController@d803328]
06:28:15.660 [main] DEBUG o.s.aop.framework.CglibAopProxy - Unable to apply any optimisations to advised method: public org.springframework.http.ResponseEntity edu.ncsu.csc.itrust2.controllers.api.APIPatientController.getPatient(java.lang.String)
06:28:15.660 [main] DEBUG o.s.aop.framework.CglibAopProxy - Unable to apply any optimisations to advised method: public org.springframework.http.ResponseEntity edu.ncsu.csc.itrust2.controllers.api.APIPatientController.getPatient()
06:28:15.660 [main] DEBUG o.s.aop.framework.CglibAopProxy - Unable to apply any optimisations to advised method: public java.util.List edu.ncsu.csc.itrust2.controllers.api.APIPatientController.getPatients()
06:28:15.660 [main] DEBUG o.s.aop.framework.CglibAopProxy - Unable to apply any optimisations to advised method: public org.springframework.http.ResponseEntity edu.ncsu.csc.itrust2.controllers.api.APIPatientController.createPatient(edu.ncsu.csc.itrust2.forms.hcp_patient.PatientForm)
06:28:15.660 [main] DEBUG o.s.aop.framework.CglibAopProxy - Unable to apply any optimisations to advised method: public org.springframework.http.ResponseEntity edu.ncsu.csc.itrust2.controllers.api.APIPatientController.updatePatient(java.lang.String,edu.ncsu.csc.itrust2.forms.hcp_patient.PatientForm)
06:28:15.660 [main] DEBUG o.s.aop.framework.CglibAopProxy - Found 'equals' method: public boolean java.lang.Object.equals(java.lang.Object)
06:28:15.660 [main] DEBUG o.s.aop.framework.CglibAopProxy - Unable to apply any optimisations to advised method: public java.lang.String java.lang.Object.toString()
06:28:15.660 [main] DEBUG o.s.aop.framework.CglibAopProxy - Found 'hashCode' method: public native int java.lang.Object.hashCode()
06:28:15.660 [main] DEBUG o.s.aop.framework.CglibAopProxy - Unable to apply any optimisations to advised method: protected native java.lang.Object java.lang.Object.clone() throws java.lang.CloneNotSupportedException
06:28:15.660 [main] DEBUG o.s.aop.framework.CglibAopProxy - Method is declared on Advised interface: public abstract boolean org.springframework.aop.framework.Advised.removeAdvice(org.aopalliance.aop.Advice)
06:28:15.660 [main] DEBUG o.s.aop.framework.CglibAopProxy - Method is declared on Advised interface: public abstract java.lang.String org.springframework.aop.framework.Advised.toProxyConfigString()
06:28:15.660 [main] DEBUG o.s.aop.framework.CglibAopProxy - Method is declared on Advised interface: public abstract void org.springframework.aop.framework.Advised.addAdvice(org.aopalliance.aop.Advice) throws org.springframework.aop.framework.AopConfigException
06:28:15.660 [main] DEBUG o.s.aop.framework.CglibAopProxy - Method is declared on Advised interface: public abstract void org.springframework.aop.framework.Advised.addAdvice(int,org.aopalliance.aop.Advice) throws org.springframework.aop.framework.AopConfigException
06:28:15.660 [main] DEBUG o.s.aop.framework.CglibAopProxy - Method is declared on Advised interface: public abstract org.springframework.aop.TargetSource org.springframework.aop.framework.Advised.getTargetSource()
06:28:15.660 [main] DEBUG o.s.aop.framework.CglibAopProxy - Method is declared on Advised interface: public abstract boolean org.springframework.aop.framework.Advised.isProxyTargetClass()
06:28:15.661 [main] DEBUG o.s.aop.framework.CglibAopProxy - Method is declared on Advised interface: public abstract void org.springframework.aop.framework.Advised.addAdvisor(org.springframework.aop.Advisor) throws org.springframework.aop.framework.AopConfigException
06:28:15.661 [main] DEBUG o.s.aop.framework.CglibAopProxy - Method is declared on Advised interface: public abstract void org.springframework.aop.framework.Advised.addAdvisor(int,org.springframework.aop.Advisor) throws org.springframework.aop.framework.AopConfigException
06:28:15.661 [main] DEBUG o.s.aop.framework.CglibAopProxy - Method is declared on Advised interface: public abstract void org.springframework.aop.framework.Advised.setPreFiltered(boolean)
06:28:15.661 [main] DEBUG o.s.aop.framework.CglibAopProxy - Method is declared on Advised interface: public abstract void org.springframework.aop.framework.Advised.setExposeProxy(boolean)
06:28:15.661 [main] DEBUG o.s.aop.framework.CglibAopProxy - Method is declared on Advised interface: public abstract boolean org.springframework.aop.framework.Advised.isExposeProxy()
06:28:15.661 [main] DEBUG o.s.aop.framework.CglibAopProxy - Method is declared on Advised interface: public abstract void org.springframework.aop.framework.Advised.setTargetSource(org.springframework.aop.TargetSource)
06:28:15.661 [main] DEBUG o.s.aop.framework.CglibAopProxy - Method is declared on Advised interface: public abstract boolean org.springframework.aop.framework.Advised.isPreFiltered()
06:28:15.661 [main] DEBUG o.s.aop.framework.CglibAopProxy - Method is declared on Advised interface: public abstract java.lang.Class[] org.springframework.aop.framework.Advised.getProxiedInterfaces()
06:28:15.661 [main] DEBUG o.s.aop.framework.CglibAopProxy - Method is declared on Advised interface: public abstract boolean org.springframework.aop.framework.Advised.isInterfaceProxied(java.lang.Class)
06:28:15.661 [main] DEBUG o.s.aop.framework.CglibAopProxy - Method is declared on Advised interface: public abstract org.springframework.aop.Advisor[] org.springframework.aop.framework.Advised.getAdvisors()
06:28:15.661 [main] DEBUG o.s.aop.framework.CglibAopProxy - Method is declared on Advised interface: public abstract void org.springframework.aop.framework.Advised.removeAdvisor(int) throws org.springframework.aop.framework.AopConfigException
06:28:15.661 [main] DEBUG o.s.aop.framework.CglibAopProxy - Method is declared on Advised interface: public abstract boolean org.springframework.aop.framework.Advised.removeAdvisor(org.springframework.aop.Advisor)
06:28:15.661 [main] DEBUG o.s.aop.framework.CglibAopProxy - Method is declared on Advised interface: public abstract boolean org.springframework.aop.framework.Advised.replaceAdvisor(org.springframework.aop.Advisor,org.springframework.aop.Advisor) throws org.springframework.aop.framework.AopConfigException
06:28:15.661 [main] DEBUG o.s.aop.framework.CglibAopProxy - Method is declared on Advised interface: public abstract int org.springframework.aop.framework.Advised.indexOf(org.aopalliance.aop.Advice)
06:28:15.661 [main] DEBUG o.s.aop.framework.CglibAopProxy - Method is declared on Advised interface: public abstract int org.springframework.aop.framework.Advised.indexOf(org.springframework.aop.Advisor)
06:28:15.661 [main] DEBUG o.s.aop.framework.CglibAopProxy - Method is declared on Advised interface: public abstract boolean org.springframework.aop.framework.Advised.isFrozen()
06:28:15.661 [main] DEBUG o.s.aop.framework.CglibAopProxy - Method is declared on Advised interface: public abstract java.lang.Class org.springframework.aop.TargetClassAware.getTargetClass()
06:28:15.667 [main] DEBUG o.s.b.f.s.DefaultListableBeanFactory - Finished creating instance of bean 'APIPatientController'
06:28:15.667 [main] DEBUG o.s.b.f.s.DefaultListableBeanFactory - Creating shared instance of singleton bean 'APIPersonnelController'
06:28:15.668 [main] DEBUG o.s.b.f.s.DefaultListableBeanFactory - Creating instance of bean 'APIPersonnelController'
06:28:15.668 [main] DEBUG o.s.b.f.s.DefaultListableBeanFactory - Eagerly caching bean 'APIPersonnelController' to allow for resolving potential circular references
06:28:15.668 [main] DEBUG o.s.b.f.s.DefaultListableBeanFactory - Returning cached instance of singleton bean 'metaDataSourceAdvisor'
06:28:15.668 [main] DEBUG o.s.b.f.s.DefaultListableBeanFactory - Finished creating instance of bean 'APIPersonnelController'
06:28:15.669 [main] DEBUG o.s.b.f.s.DefaultListableBeanFactory - Creating shared instance of singleton bean 'APIPrescriptionController'
06:28:15.669 [main] DEBUG o.s.b.f.s.DefaultListableBeanFactory - Creating instance of bean 'APIPrescriptionController'
06:28:15.669 [main] DEBUG o.s.b.f.s.DefaultListableBeanFactory - Eagerly caching bean 'APIPrescriptionController' to allow for resolving potential circular references
06:28:15.669 [main] DEBUG o.s.b.f.s.DefaultListableBeanFactory - Returning cached instance of singleton bean 'metaDataSourceAdvisor'
06:28:15.669 [main] DEBUG o.s.s.a.p.PrePostAnnotationSecurityMetadataSource - @org.springframework.security.access.prepost.PreAuthorize(value=hasRole('ROLE_HCP')) found on specific method: public org.springframework.http.ResponseEntity edu.ncsu.csc.itrust2.controllers.api.APIPrescriptionController.addPrescription(edu.ncsu.csc.itrust2.forms.hcp.PrescriptionForm)
06:28:15.669 [main] DEBUG o.s.s.a.m.DelegatingMethodSecurityMetadataSource - Caching method [CacheKey[edu.ncsu.csc.itrust2.controllers.api.APIPrescriptionController; public org.springframework.http.ResponseEntity edu.ncsu.csc.itrust2.controllers.api.APIPrescriptionController.addPrescription(edu.ncsu.csc.itrust2.forms.hcp.PrescriptionForm)]] with attributes [[authorize: 'hasRole('ROLE_HCP')', filter: 'null', filterTarget: 'null']]
06:28:15.669 [main] DEBUG o.s.a.f.a.InfrastructureAdvisorAutoProxyCreator - Creating implicit proxy for bean 'APIPrescriptionController' with 0 common interceptors and 1 specific interceptors
06:28:15.669 [main] DEBUG o.s.aop.framework.CglibAopProxy - Creating CGLIB proxy: target source is SingletonTargetSource for target object [edu.ncsu.csc.itrust2.controllers.api.APIPrescriptionController@874864d]
06:28:15.670 [main] DEBUG o.s.aop.framework.CglibAopProxy - Unable to apply any optimisations to advised method: public org.springframework.http.ResponseEntity edu.ncsu.csc.itrust2.controllers.api.APIPrescriptionController.addPrescription(edu.ncsu.csc.itrust2.forms.hcp.PrescriptionForm)
06:28:15.670 [main] DEBUG o.s.s.a.p.PrePostAnnotationSecurityMetadataSource - @org.springframework.security.access.prepost.PreAuthorize(value=hasRole('ROLE_HCP')) found on specific method: public org.springframework.http.ResponseEntity edu.ncsu.csc.itrust2.controllers.api.APIPrescriptionController.editPrescription(edu.ncsu.csc.itrust2.forms.hcp.PrescriptionForm)
06:28:15.670 [main] DEBUG o.s.s.a.m.DelegatingMethodSecurityMetadataSource - Caching method [CacheKey[edu.ncsu.csc.itrust2.controllers.api.APIPrescriptionController; public org.springframework.http.ResponseEntity edu.ncsu.csc.itrust2.controllers.api.APIPrescriptionController.editPrescription(edu.ncsu.csc.itrust2.forms.hcp.PrescriptionForm)]] with attributes [[authorize: 'hasRole('ROLE_HCP')', filter: 'null', filterTarget: 'null']]
06:28:15.670 [main] DEBUG o.s.aop.framework.CglibAopProxy - Unable to apply any optimisations to advised method: public org.springframework.http.ResponseEntity edu.ncsu.csc.itrust2.controllers.api.APIPrescriptionController.editPrescription(edu.ncsu.csc.itrust2.forms.hcp.PrescriptionForm)
06:28:15.670 [main] DEBUG o.s.s.a.p.PrePostAnnotationSecurityMetadataSource - @org.springframework.security.access.prepost.PreAuthorize(value=hasRole('ROLE_HCP')) found on specific method: public org.springframework.http.ResponseEntity edu.ncsu.csc.itrust2.controllers.api.APIPrescriptionController.deletePrescription(java.lang.Long)
06:28:15.670 [main] DEBUG o.s.s.a.m.DelegatingMethodSecurityMetadataSource - Caching method [CacheKey[edu.ncsu.csc.itrust2.controllers.api.APIPrescriptionController; public org.springframework.http.ResponseEntity edu.ncsu.csc.itrust2.controllers.api.APIPrescriptionController.deletePrescription(java.lang.Long)]] with attributes [[authorize: 'hasRole('ROLE_HCP')', filter: 'null', filterTarget: 'null']]
06:28:15.670 [main] DEBUG o.s.aop.framework.CglibAopProxy - Unable to apply any optimisations to advised method: public org.springframework.http.ResponseEntity edu.ncsu.csc.itrust2.controllers.api.APIPrescriptionController.deletePrescription(java.lang.Long)
06:28:15.670 [main] DEBUG o.s.s.a.p.PrePostAnnotationSecurityMetadataSource - @org.springframework.security.access.prepost.PreAuthorize(value=hasRole('ROLE_HCP')) found on specific method: public org.springframework.http.ResponseEntity edu.ncsu.csc.itrust2.controllers.api.APIPrescriptionController.getPrescription(java.lang.Long)
06:28:15.670 [main] DEBUG o.s.s.a.m.DelegatingMethodSecurityMetadataSource - Caching method [CacheKey[edu.ncsu.csc.itrust2.controllers.api.APIPrescriptionController; public org.springframework.http.ResponseEntity edu.ncsu.csc.itrust2.controllers.api.APIPrescriptionController.getPrescription(java.lang.Long)]] with attributes [[authorize: 'hasRole('ROLE_HCP')', filter: 'null', filterTarget: 'null']]
06:28:15.670 [main] DEBUG o.s.aop.framework.CglibAopProxy - Unable to apply any optimisations to advised method: public org.springframework.http.ResponseEntity edu.ncsu.csc.itrust2.controllers.api.APIPrescriptionController.getPrescription(java.lang.Long)
06:28:15.670 [main] DEBUG o.s.s.a.p.PrePostAnnotationSecurityMetadataSource - @org.springframework.security.access.prepost.PreAuthorize(value=hasAnyRole('ROLE_HCP', 'ROLE_PATIENT')) found on specific method: public java.util.List edu.ncsu.csc.itrust2.controllers.api.APIPrescriptionController.getPrescriptions()
06:28:15.670 [main] DEBUG o.s.s.a.m.DelegatingMethodSecurityMetadataSource - Caching method [CacheKey[edu.ncsu.csc.itrust2.controllers.api.APIPrescriptionController; public java.util.List edu.ncsu.csc.itrust2.controllers.api.APIPrescriptionController.getPrescriptions()]] with attributes [[authorize: 'hasAnyRole('ROLE_HCP', 'ROLE_PATIENT')', filter: 'null', filterTarget: 'null']]
06:28:15.670 [main] DEBUG o.s.aop.framework.CglibAopProxy - Unable to apply any optimisations to advised method: public java.util.List edu.ncsu.csc.itrust2.controllers.api.APIPrescriptionController.getPrescriptions()
06:28:15.670 [main] DEBUG o.s.aop.framework.CglibAopProxy - Found 'equals' method: public boolean java.lang.Object.equals(java.lang.Object)
06:28:15.670 [main] DEBUG o.s.aop.framework.CglibAopProxy - Unable to apply any optimisations to advised method: public java.lang.String java.lang.Object.toString()
06:28:15.670 [main] DEBUG o.s.aop.framework.CglibAopProxy - Found 'hashCode' method: public native int java.lang.Object.hashCode()
06:28:15.670 [main] DEBUG o.s.aop.framework.CglibAopProxy - Unable to apply any optimisations to advised method: protected native java.lang.Object java.lang.Object.clone() throws java.lang.CloneNotSupportedException
06:28:15.670 [main] DEBUG o.s.aop.framework.CglibAopProxy - Method is declared on Advised interface: public abstract boolean org.springframework.aop.framework.Advised.removeAdvice(org.aopalliance.aop.Advice)
06:28:15.670 [main] DEBUG o.s.aop.framework.CglibAopProxy - Method is declared on Advised interface: public abstract java.lang.String org.springframework.aop.framework.Advised.toProxyConfigString()
06:28:15.670 [main] DEBUG o.s.aop.framework.CglibAopProxy - Method is declared on Advised interface: public abstract void org.springframework.aop.framework.Advised.addAdvice(org.aopalliance.aop.Advice) throws org.springframework.aop.framework.AopConfigException
06:28:15.670 [main] DEBUG o.s.aop.framework.CglibAopProxy - Method is declared on Advised interface: public abstract void org.springframework.aop.framework.Advised.addAdvice(int,org.aopalliance.aop.Advice) throws org.springframework.aop.framework.AopConfigException
06:28:15.670 [main] DEBUG o.s.aop.framework.CglibAopProxy - Method is declared on Advised interface: public abstract org.springframework.aop.TargetSource org.springframework.aop.framework.Advised.getTargetSource()
06:28:15.670 [main] DEBUG o.s.aop.framework.CglibAopProxy - Method is declared on Advised interface: public abstract boolean org.springframework.aop.framework.Advised.isProxyTargetClass()
06:28:15.670 [main] DEBUG o.s.aop.framework.CglibAopProxy - Method is declared on Advised interface: public abstract void org.springframework.aop.framework.Advised.addAdvisor(org.springframework.aop.Advisor) throws org.springframework.aop.framework.AopConfigException
06:28:15.671 [main] DEBUG o.s.aop.framework.CglibAopProxy - Method is declared on Advised interface: public abstract void org.springframework.aop.framework.Advised.addAdvisor(int,org.springframework.aop.Advisor) throws org.springframework.aop.framework.AopConfigException
06:28:15.671 [main] DEBUG o.s.aop.framework.CglibAopProxy - Method is declared on Advised interface: public abstract void org.springframework.aop.framework.Advised.setPreFiltered(boolean)
06:28:15.671 [main] DEBUG o.s.aop.framework.CglibAopProxy - Method is declared on Advised interface: public abstract void org.springframework.aop.framework.Advised.setExposeProxy(boolean)
06:28:15.671 [main] DEBUG o.s.aop.framework.CglibAopProxy - Method is declared on Advised interface: public abstract boolean org.springframework.aop.framework.Advised.isExposeProxy()
06:28:15.671 [main] DEBUG o.s.aop.framework.CglibAopProxy - Method is declared on Advised interface: public abstract void org.springframework.aop.framework.Advised.setTargetSource(org.springframework.aop.TargetSource)
06:28:15.671 [main] DEBUG o.s.aop.framework.CglibAopProxy - Method is declared on Advised interface: public abstract boolean org.springframework.aop.framework.Advised.isPreFiltered()
06:28:15.671 [main] DEBUG o.s.aop.framework.CglibAopProxy - Method is declared on Advised interface: public abstract java.lang.Class[] org.springframework.aop.framework.Advised.getProxiedInterfaces()
06:28:15.671 [main] DEBUG o.s.aop.framework.CglibAopProxy - Method is declared on Advised interface: public abstract boolean org.springframework.aop.framework.Advised.isInterfaceProxied(java.lang.Class)
06:28:15.671 [main] DEBUG o.s.aop.framework.CglibAopProxy - Method is declared on Advised interface: public abstract org.springframework.aop.Advisor[] org.springframework.aop.framework.Advised.getAdvisors()
06:28:15.671 [main] DEBUG o.s.aop.framework.CglibAopProxy - Method is declared on Advised interface: public abstract void org.springframework.aop.framework.Advised.removeAdvisor(int) throws org.springframework.aop.framework.AopConfigException
06:28:15.671 [main] DEBUG o.s.aop.framework.CglibAopProxy - Method is declared on Advised interface: public abstract boolean org.springframework.aop.framework.Advised.removeAdvisor(org.springframework.aop.Advisor)
06:28:15.671 [main] DEBUG o.s.aop.framework.CglibAopProxy - Method is declared on Advised interface: public abstract boolean org.springframework.aop.framework.Advised.replaceAdvisor(org.springframework.aop.Advisor,org.springframework.aop.Advisor) throws org.springframework.aop.framework.AopConfigException
06:28:15.671 [main] DEBUG o.s.aop.framework.CglibAopProxy - Method is declared on Advised interface: public abstract int org.springframework.aop.framework.Advised.indexOf(org.aopalliance.aop.Advice)
06:28:15.671 [main] DEBUG o.s.aop.framework.CglibAopProxy - Method is declared on Advised interface: public abstract int org.springframework.aop.framework.Advised.indexOf(org.springframework.aop.Advisor)
06:28:15.671 [main] DEBUG o.s.aop.framework.CglibAopProxy - Method is declared on Advised interface: public abstract boolean org.springframework.aop.framework.Advised.isFrozen()
06:28:15.671 [main] DEBUG o.s.aop.framework.CglibAopProxy - Method is declared on Advised interface: public abstract java.lang.Class org.springframework.aop.TargetClassAware.getTargetClass()
06:28:15.676 [main] DEBUG o.s.b.f.s.DefaultListableBeanFactory - Finished creating instance of bean 'APIPrescriptionController'
06:28:15.676 [main] DEBUG o.s.b.f.s.DefaultListableBeanFactory - Creating shared instance of singleton bean 'APIUserController'
06:28:15.676 [main] DEBUG o.s.b.f.s.DefaultListableBeanFactory - Creating instance of bean 'APIUserController'
06:28:15.676 [main] DEBUG o.s.b.f.s.DefaultListableBeanFactory - Eagerly caching bean 'APIUserController' to allow for resolving potential circular references
06:28:15.676 [main] DEBUG o.s.b.f.s.DefaultListableBeanFactory - Returning cached instance of singleton bean 'metaDataSourceAdvisor'
06:28:15.677 [main] DEBUG o.s.b.f.s.DefaultListableBeanFactory - Finished creating instance of bean 'APIUserController'
06:28:15.677 [main] DEBUG o.s.b.f.s.DefaultListableBeanFactory - Creating shared instance of singleton bean 'appointmentControllerHCP'
06:28:15.677 [main] DEBUG o.s.b.f.s.DefaultListableBeanFactory - Creating instance of bean 'appointmentControllerHCP'
06:28:15.677 [main] DEBUG o.s.b.f.s.DefaultListableBeanFactory - Eagerly caching bean 'appointmentControllerHCP' to allow for resolving potential circular references
06:28:15.677 [main] DEBUG o.s.b.f.s.DefaultListableBeanFactory - Returning cached instance of singleton bean 'metaDataSourceAdvisor'
06:28:15.677 [main] DEBUG o.s.s.a.p.PrePostAnnotationSecurityMetadataSource - @org.springframework.security.access.prepost.PreAuthorize(value=hasRole('ROLE_HCP')) found on specific method: public java.lang.String edu.ncsu.csc.itrust2.controllers.hcp.AppointmentControllerHCP.requestAppointmentForm(org.springframework.ui.Model)
06:28:15.677 [main] DEBUG o.s.s.a.m.DelegatingMethodSecurityMetadataSource - Caching method [CacheKey[edu.ncsu.csc.itrust2.controllers.hcp.AppointmentControllerHCP; public java.lang.String edu.ncsu.csc.itrust2.controllers.hcp.AppointmentControllerHCP.requestAppointmentForm(org.springframework.ui.Model)]] with attributes [[authorize: 'hasRole('ROLE_HCP')', filter: 'null', filterTarget: 'null']]
06:28:15.677 [main] DEBUG o.s.a.f.a.InfrastructureAdvisorAutoProxyCreator - Creating implicit proxy for bean 'appointmentControllerHCP' with 0 common interceptors and 1 specific interceptors
06:28:15.677 [main] DEBUG o.s.aop.framework.CglibAopProxy - Creating CGLIB proxy: target source is SingletonTargetSource for target object [edu.ncsu.csc.itrust2.controllers.hcp.AppointmentControllerHCP@3ec95b6b]
06:28:15.678 [main] DEBUG o.s.aop.framework.CglibAopProxy - Unable to apply any optimisations to advised method: public java.lang.String edu.ncsu.csc.itrust2.controllers.hcp.AppointmentControllerHCP.requestAppointmentForm(org.springframework.ui.Model)
06:28:15.678 [main] DEBUG o.s.s.a.p.PrePostAnnotationSecurityMetadataSource - @org.springframework.security.access.prepost.PreAuthorize(value=hasRole('ROLE_HCP')) found on specific method: public java.lang.String edu.ncsu.csc.itrust2.controllers.hcp.AppointmentControllerHCP.appointmentActionSubmit(edu.ncsu.csc.itrust2.forms.patient.AppointmentForm)
06:28:15.678 [main] DEBUG o.s.s.a.m.DelegatingMethodSecurityMetadataSource - Caching method [CacheKey[edu.ncsu.csc.itrust2.controllers.hcp.AppointmentControllerHCP; public java.lang.String edu.ncsu.csc.itrust2.controllers.hcp.AppointmentControllerHCP.appointmentActionSubmit(edu.ncsu.csc.itrust2.forms.patient.AppointmentForm)]] with attributes [[authorize: 'hasRole('ROLE_HCP')', filter: 'null', filterTarget: 'null']]
06:28:15.678 [main] DEBUG o.s.aop.framework.CglibAopProxy - Unable to apply any optimisations to advised method: public java.lang.String edu.ncsu.csc.itrust2.controllers.hcp.AppointmentControllerHCP.appointmentActionSubmit(edu.ncsu.csc.itrust2.forms.patient.AppointmentForm)
06:28:15.678 [main] DEBUG o.s.s.a.p.PrePostAnnotationSecurityMetadataSource - @org.springframework.security.access.prepost.PreAuthorize(value=hasRole('ROLE_HCP')) found on specific method: public java.lang.String edu.ncsu.csc.itrust2.controllers.hcp.AppointmentControllerHCP.upcomingAppointments(org.springframework.ui.Model)
06:28:15.678 [main] DEBUG o.s.s.a.m.DelegatingMethodSecurityMetadataSource - Caching method [CacheKey[edu.ncsu.csc.itrust2.controllers.hcp.AppointmentControllerHCP; public java.lang.String edu.ncsu.csc.itrust2.controllers.hcp.AppointmentControllerHCP.upcomingAppointments(org.springframework.ui.Model)]] with attributes [[authorize: 'hasRole('ROLE_HCP')', filter: 'null', filterTarget: 'null']]
06:28:15.678 [main] DEBUG o.s.aop.framework.CglibAopProxy - Unable to apply any optimisations to advised method: public java.lang.String edu.ncsu.csc.itrust2.controllers.hcp.AppointmentControllerHCP.upcomingAppointments(org.springframework.ui.Model)
06:28:15.678 [main] DEBUG o.s.aop.framework.CglibAopProxy - Found 'equals' method: public boolean java.lang.Object.equals(java.lang.Object)
06:28:15.678 [main] DEBUG o.s.aop.framework.CglibAopProxy - Unable to apply any optimisations to advised method: public java.lang.String java.lang.Object.toString()
06:28:15.678 [main] DEBUG o.s.aop.framework.CglibAopProxy - Found 'hashCode' method: public native int java.lang.Object.hashCode()
06:28:15.678 [main] DEBUG o.s.aop.framework.CglibAopProxy - Unable to apply any optimisations to advised method: protected native java.lang.Object java.lang.Object.clone() throws java.lang.CloneNotSupportedException
06:28:15.678 [main] DEBUG o.s.aop.framework.CglibAopProxy - Method is declared on Advised interface: public abstract boolean org.springframework.aop.framework.Advised.removeAdvice(org.aopalliance.aop.Advice)
06:28:15.678 [main] DEBUG o.s.aop.framework.CglibAopProxy - Method is declared on Advised interface: public abstract java.lang.String org.springframework.aop.framework.Advised.toProxyConfigString()
06:28:15.678 [main] DEBUG o.s.aop.framework.CglibAopProxy - Method is declared on Advised interface: public abstract void org.springframework.aop.framework.Advised.addAdvice(org.aopalliance.aop.Advice) throws org.springframework.aop.framework.AopConfigException
06:28:15.678 [main] DEBUG o.s.aop.framework.CglibAopProxy - Method is declared on Advised interface: public abstract void org.springframework.aop.framework.Advised.addAdvice(int,org.aopalliance.aop.Advice) throws org.springframework.aop.framework.AopConfigException
06:28:15.678 [main] DEBUG o.s.aop.framework.CglibAopProxy - Method is declared on Advised interface: public abstract org.springframework.aop.TargetSource org.springframework.aop.framework.Advised.getTargetSource()
06:28:15.678 [main] DEBUG o.s.aop.framework.CglibAopProxy - Method is declared on Advised interface: public abstract boolean org.springframework.aop.framework.Advised.isProxyTargetClass()
06:28:15.678 [main] DEBUG o.s.aop.framework.CglibAopProxy - Method is declared on Advised interface: public abstract void org.springframework.aop.framework.Advised.addAdvisor(org.springframework.aop.Advisor) throws org.springframework.aop.framework.AopConfigException
06:28:15.678 [main] DEBUG o.s.aop.framework.CglibAopProxy - Method is declared on Advised interface: public abstract void org.springframework.aop.framework.Advised.addAdvisor(int,org.springframework.aop.Advisor) throws org.springframework.aop.framework.AopConfigException
06:28:15.678 [main] DEBUG o.s.aop.framework.CglibAopProxy - Method is declared on Advised interface: public abstract void org.springframework.aop.framework.Advised.setPreFiltered(boolean)
06:28:15.678 [main] DEBUG o.s.aop.framework.CglibAopProxy - Method is declared on Advised interface: public abstract void org.springframework.aop.framework.Advised.setExposeProxy(boolean)
06:28:15.678 [main] DEBUG o.s.aop.framework.CglibAopProxy - Method is declared on Advised interface: public abstract boolean org.springframework.aop.framework.Advised.isExposeProxy()
06:28:15.678 [main] DEBUG o.s.aop.framework.CglibAopProxy - Method is declared on Advised interface: public abstract void org.springframework.aop.framework.Advised.setTargetSource(org.springframework.aop.TargetSource)
06:28:15.678 [main] DEBUG o.s.aop.framework.CglibAopProxy - Method is declared on Advised interface: public abstract boolean org.springframework.aop.framework.Advised.isPreFiltered()
06:28:15.678 [main] DEBUG o.s.aop.framework.CglibAopProxy - Method is declared on Advised interface: public abstract java.lang.Class[] org.springframework.aop.framework.Advised.getProxiedInterfaces()
06:28:15.678 [main] DEBUG o.s.aop.framework.CglibAopProxy - Method is declared on Advised interface: public abstract boolean org.springframework.aop.framework.Advised.isInterfaceProxied(java.lang.Class)
06:28:15.678 [main] DEBUG o.s.aop.framework.CglibAopProxy - Method is declared on Advised interface: public abstract org.springframework.aop.Advisor[] org.springframework.aop.framework.Advised.getAdvisors()
06:28:15.678 [main] DEBUG o.s.aop.framework.CglibAopProxy - Method is declared on Advised interface: public abstract void org.springframework.aop.framework.Advised.removeAdvisor(int) throws org.springframework.aop.framework.AopConfigException
06:28:15.678 [main] DEBUG o.s.aop.framework.CglibAopProxy - Method is declared on Advised interface: public abstract boolean org.springframework.aop.framework.Advised.removeAdvisor(org.springframework.aop.Advisor)
06:28:15.678 [main] DEBUG o.s.aop.framework.CglibAopProxy - Method is declared on Advised interface: public abstract boolean org.springframework.aop.framework.Advised.replaceAdvisor(org.springframework.aop.Advisor,org.springframework.aop.Advisor) throws org.springframework.aop.framework.AopConfigException
06:28:15.678 [main] DEBUG o.s.aop.framework.CglibAopProxy - Method is declared on Advised interface: public abstract int org.springframework.aop.framework.Advised.indexOf(org.aopalliance.aop.Advice)
06:28:15.678 [main] DEBUG o.s.aop.framework.CglibAopProxy - Method is declared on Advised interface: public abstract int org.springframework.aop.framework.Advised.indexOf(org.springframework.aop.Advisor)
06:28:15.678 [main] DEBUG o.s.aop.framework.CglibAopProxy - Method is declared on Advised interface: public abstract boolean org.springframework.aop.framework.Advised.isFrozen()
06:28:15.678 [main] DEBUG o.s.aop.framework.CglibAopProxy - Method is declared on Advised interface: public abstract java.lang.Class org.springframework.aop.TargetClassAware.getTargetClass()
06:28:15.683 [main] DEBUG o.s.b.f.s.DefaultListableBeanFactory - Finished creating instance of bean 'appointmentControllerHCP'
06:28:15.683 [main] DEBUG o.s.b.f.s.DefaultListableBeanFactory - Creating shared instance of singleton bean 'HCPController'
06:28:15.683 [main] DEBUG o.s.b.f.s.DefaultListableBeanFactory - Creating instance of bean 'HCPController'
06:28:15.683 [main] DEBUG o.s.b.f.s.DefaultListableBeanFactory - Eagerly caching bean 'HCPController' to allow for resolving potential circular references
06:28:15.683 [main] DEBUG o.s.b.f.s.DefaultListableBeanFactory - Returning cached instance of singleton bean 'metaDataSourceAdvisor'
06:28:15.683 [main] DEBUG o.s.s.a.p.PrePostAnnotationSecurityMetadataSource - @org.springframework.security.access.prepost.PreAuthorize(value=hasRole('ROLE_HCP')) found on specific method: public java.lang.String edu.ncsu.csc.itrust2.controllers.hcp.HCPController.editPatientDemographics()
06:28:15.684 [main] DEBUG o.s.s.a.m.DelegatingMethodSecurityMetadataSource - Caching method [CacheKey[edu.ncsu.csc.itrust2.controllers.hcp.HCPController; public java.lang.String edu.ncsu.csc.itrust2.controllers.hcp.HCPController.editPatientDemographics()]] with attributes [[authorize: 'hasRole('ROLE_HCP')', filter: 'null', filterTarget: 'null']]
06:28:15.684 [main] DEBUG o.s.a.f.a.InfrastructureAdvisorAutoProxyCreator - Creating implicit proxy for bean 'HCPController' with 0 common interceptors and 1 specific interceptors
06:28:15.684 [main] DEBUG o.s.aop.framework.CglibAopProxy - Creating CGLIB proxy: target source is SingletonTargetSource for target object [edu.ncsu.csc.itrust2.controllers.hcp.HCPController@13262076]
06:28:15.684 [main] DEBUG o.s.aop.framework.CglibAopProxy - Unable to apply any optimisations to advised method: public java.lang.String edu.ncsu.csc.itrust2.controllers.hcp.HCPController.editPatientDemographics()
06:28:15.684 [main] DEBUG o.s.s.a.p.PrePostAnnotationSecurityMetadataSource - @org.springframework.security.access.prepost.PreAuthorize(value=new val) found on specific method: public java.lang.String edu.ncsu.csc.itrust2.controllers.hcp.HCPController.editPrescriptions()
06:28:15.685 [main] WARN  o.s.w.c.s.GenericWebApplicationContext - Exception encountered during context initialization - cancelling refresh attempt: org.springframework.beans.factory.BeanCreationException: Error creating bean with name 'HCPController' defined in file [/var/lib/jenkins/workspace/itrust-test/iTrust2/target/classes/edu/ncsu/csc/itrust2/controllers/hcp/HCPController.class]: Initialization of bean failed; nested exception is org.springframework.aop.framework.AopConfigException: Could not generate CGLIB subclass of class [class edu.ncsu.csc.itrust2.controllers.hcp.HCPController]: Common causes of this problem include using a final class or a non-visible class; nested exception is java.lang.IllegalArgumentException: Failed to parse expression 'new val'
06:28:15.685 [main] DEBUG o.s.b.f.s.DefaultListableBeanFactory - Destroying singletons in org.springframework.beans.factory.support.DefaultListableBeanFactory@1cd13aa7: defining beans [org.springframework.context.annotation.internalConfigurationAnnotationProcessor,org.springframework.context.annotation.internalAutowiredAnnotationProcessor,org.springframework.context.annotation.internalRequiredAnnotationProcessor,org.springframework.context.annotation.internalCommonAnnotationProcessor,org.springframework.context.annotation.internalPersistenceAnnotationProcessor,org.springframework.context.event.internalEventListenerProcessor,org.springframework.context.event.internalEventListenerFactory,rootConfiguration,webMvcConfiguration,dataConfiguration,loginAuditingListener,securityConfig,defaultController,adminController,adminUserController,hospitalController,ICDCodesController,APIAppointmentRequestController,APIDiagnosisController,APIDrugController,APIEnumController,APIHospitalController,APIICDCodeController,APILogEntryController,APIOfficeVisitController,APIPasswordController,APIPatientController,APIPersonnelController,APIPrescriptionController,APIUserController,appointmentControllerHCP,HCPController,officeVisitController,appointmentController,diagnosesController,patientController,passwordController,userController,dataSource,org.springframework.security.config.annotation.configuration.ObjectPostProcessorConfiguration,objectPostProcessor,org.springframework.security.config.annotation.authentication.configuration.AuthenticationConfiguration,authenticationManagerBuilder,enableGlobalAuthenticationAutowiredConfigurer,initializeUserDetailsBeanManagerConfigurer,initializeAuthenticationProviderBeanManagerConfigurer,org.springframework.security.config.annotation.web.configuration.WebSecurityConfiguration,delegatingApplicationListener,webSecurityExpressionHandler,springSecurityFilterChain,privilegeEvaluator,autowiredWebSecurityConfigurersIgnoreParents,org.springframework.security.config.annotation.web.configuration.WebMvcSecurityConfiguration,requestDataValueProcessor,passwordEncoder,defaultAuthenticationEventPublisher,failureHandler,ipBlockFilter,org.springframework.web.servlet.config.annotation.DelegatingWebMvcConfiguration,mvcConversionService,mvcContentNegotiationManager,viewControllerHandlerMapping,beanNameHandlerMapping,resourceHandlerMapping,mvcResourceUrlProvider,defaultServletHandlerMapping,requestMappingHandlerAdapter,mvcValidator,mvcUriComponentsContributor,httpRequestHandlerAdapter,simpleControllerHandlerAdapter,handlerExceptionResolver,mvcViewResolver,requestMappingHandlerMapping,mvcPathMatcher,mvcUrlPathHelper,org.springframework.security.config.annotation.method.configuration.GlobalMethodSecurityConfiguration,methodSecurityInterceptor,methodSecurityMetadataSource,preInvocationAuthorizationAdvice,viewResolver,templateEngine,domainClassConverter,metaDataSourceAdvisor,org.springframework.aop.config.internalAutoProxyCreator]; root of factory hierarchy
06:28:15.685 [main] DEBUG o.s.b.f.s.DefaultListableBeanFactory - Retrieved dependent beans for bean 'objectPostProcessor': [org.springframework.security.config.annotation.method.configuration.GlobalMethodSecurityConfiguration, securityConfig, org.springframework.security.config.annotation.authentication.configuration.AuthenticationConfiguration, authenticationManagerBuilder]
06:28:15.685 [main] DEBUG o.s.b.f.s.DisposableBeanAdapter - Invoking destroy() on bean with name 'objectPostProcessor'
06:28:15.686 [main] ERROR o.s.test.context.TestContextManager - Caught exception while allowing TestExecutionListener [org.springframework.test.context.web.ServletTestExecutionListener@3d2ed518] to prepare test instance [edu.ncsu.csc.itrust2.apitest.APIOfficeVisitTest@37b63b08]
java.lang.IllegalStateException: Failed to load ApplicationContext
	at org.springframework.test.context.cache.DefaultCacheAwareContextLoaderDelegate.loadContext(DefaultCacheAwareContextLoaderDelegate.java:124) ~[spring-test-4.3.5.RELEASE.jar:4.3.5.RELEASE]
	at org.springframework.test.context.support.DefaultTestContext.getApplicationContext(DefaultTestContext.java:83) ~[spring-test-4.3.5.RELEASE.jar:4.3.5.RELEASE]
	at org.springframework.test.context.web.ServletTestExecutionListener.setUpRequestContextIfNecessary(ServletTestExecutionListener.java:189) ~[spring-test-4.3.5.RELEASE.jar:4.3.5.RELEASE]
	at org.springframework.test.context.web.ServletTestExecutionListener.prepareTestInstance(ServletTestExecutionListener.java:131) ~[spring-test-4.3.5.RELEASE.jar:4.3.5.RELEASE]
	at org.springframework.test.context.TestContextManager.prepareTestInstance(TestContextManager.java:230) ~[spring-test-4.3.5.RELEASE.jar:4.3.5.RELEASE]
	at org.springframework.test.context.junit4.SpringJUnit4ClassRunner.createTest(SpringJUnit4ClassRunner.java:228) [spring-test-4.3.5.RELEASE.jar:4.3.5.RELEASE]
	at org.springframework.test.context.junit4.SpringJUnit4ClassRunner$1.runReflectiveCall(SpringJUnit4ClassRunner.java:287) [spring-test-4.3.5.RELEASE.jar:4.3.5.RELEASE]
	at org.junit.internal.runners.model.ReflectiveCallable.run(ReflectiveCallable.java:12) [junit-4.12.jar:4.12]
	at org.springframework.test.context.junit4.SpringJUnit4ClassRunner.methodBlock(SpringJUnit4ClassRunner.java:289) [spring-test-4.3.5.RELEASE.jar:4.3.5.RELEASE]
	at org.springframework.test.context.junit4.SpringJUnit4ClassRunner.runChild(SpringJUnit4ClassRunner.java:247) [spring-test-4.3.5.RELEASE.jar:4.3.5.RELEASE]
	at org.springframework.test.context.junit4.SpringJUnit4ClassRunner.runChild(SpringJUnit4ClassRunner.java:94) [spring-test-4.3.5.RELEASE.jar:4.3.5.RELEASE]
	at org.junit.runners.ParentRunner$3.run(ParentRunner.java:290) [junit-4.12.jar:4.12]
	at org.junit.runners.ParentRunner$1.schedule(ParentRunner.java:71) [junit-4.12.jar:4.12]
	at org.junit.runners.ParentRunner.runChildren(ParentRunner.java:288) [junit-4.12.jar:4.12]
	at org.junit.runners.ParentRunner.access$000(ParentRunner.java:58) [junit-4.12.jar:4.12]
	at org.junit.runners.ParentRunner$2.evaluate(ParentRunner.java:268) [junit-4.12.jar:4.12]
	at org.springframework.test.context.junit4.statements.RunBeforeTestClassCallbacks.evaluate(RunBeforeTestClassCallbacks.java:61) [spring-test-4.3.5.RELEASE.jar:4.3.5.RELEASE]
	at org.springframework.test.context.junit4.statements.RunAfterTestClassCallbacks.evaluate(RunAfterTestClassCallbacks.java:70) [spring-test-4.3.5.RELEASE.jar:4.3.5.RELEASE]
	at org.junit.runners.ParentRunner.run(ParentRunner.java:363) [junit-4.12.jar:4.12]
	at org.springframework.test.context.junit4.SpringJUnit4ClassRunner.run(SpringJUnit4ClassRunner.java:191) [spring-test-4.3.5.RELEASE.jar:4.3.5.RELEASE]
	at org.apache.maven.surefire.junit4.JUnit4Provider.execute(JUnit4Provider.java:365) [surefire-junit4-2.20.jar:2.20]
	at org.apache.maven.surefire.junit4.JUnit4Provider.executeWithRerun(JUnit4Provider.java:272) [surefire-junit4-2.20.jar:2.20]
	at org.apache.maven.surefire.junit4.JUnit4Provider.executeTestSet(JUnit4Provider.java:236) [surefire-junit4-2.20.jar:2.20]
	at org.apache.maven.surefire.junit4.JUnit4Provider.invoke(JUnit4Provider.java:159) [surefire-junit4-2.20.jar:2.20]
	at org.apache.maven.surefire.booter.ForkedBooter.invokeProviderInSameClassLoader(ForkedBooter.java:386) [surefire-booter-2.20.jar:2.20]
	at org.apache.maven.surefire.booter.ForkedBooter.runSuitesInProcess(ForkedBooter.java:323) [surefire-booter-2.20.jar:2.20]
	at org.apache.maven.surefire.booter.ForkedBooter.main(ForkedBooter.java:143) [surefire-booter-2.20.jar:2.20]
Caused by: org.springframework.beans.factory.BeanCreationException: Error creating bean with name 'HCPController' defined in file [/var/lib/jenkins/workspace/itrust-test/iTrust2/target/classes/edu/ncsu/csc/itrust2/controllers/hcp/HCPController.class]: Initialization of bean failed; nested exception is org.springframework.aop.framework.AopConfigException: Could not generate CGLIB subclass of class [class edu.ncsu.csc.itrust2.controllers.hcp.HCPController]: Common causes of this problem include using a final class or a non-visible class; nested exception is java.lang.IllegalArgumentException: Failed to parse expression 'new val'
	at org.springframework.beans.factory.support.AbstractAutowireCapableBeanFactory.doCreateBean(AbstractAutowireCapableBeanFactory.java:563) ~[spring-beans-4.3.5.RELEASE.jar:4.3.5.RELEASE]
	at org.springframework.beans.factory.support.AbstractAutowireCapableBeanFactory.createBean(AbstractAutowireCapableBeanFactory.java:483) ~[spring-beans-4.3.5.RELEASE.jar:4.3.5.RELEASE]
	at org.springframework.beans.factory.support.AbstractBeanFactory$1.getObject(AbstractBeanFactory.java:306) ~[spring-beans-4.3.5.RELEASE.jar:4.3.5.RELEASE]
	at org.springframework.beans.factory.support.DefaultSingletonBeanRegistry.getSingleton(DefaultSingletonBeanRegistry.java:230) ~[spring-beans-4.3.5.RELEASE.jar:4.3.5.RELEASE]
	at org.springframework.beans.factory.support.AbstractBeanFactory.doGetBean(AbstractBeanFactory.java:302) ~[spring-beans-4.3.5.RELEASE.jar:4.3.5.RELEASE]
	at org.springframework.beans.factory.support.AbstractBeanFactory.getBean(AbstractBeanFactory.java:197) ~[spring-beans-4.3.5.RELEASE.jar:4.3.5.RELEASE]
	at org.springframework.beans.factory.support.DefaultListableBeanFactory.preInstantiateSingletons(DefaultListableBeanFactory.java:759) ~[spring-beans-4.3.5.RELEASE.jar:4.3.5.RELEASE]
	at org.springframework.context.support.AbstractApplicationContext.finishBeanFactoryInitialization(AbstractApplicationContext.java:866) ~[spring-context-4.3.5.RELEASE.jar:4.3.5.RELEASE]
	at org.springframework.context.support.AbstractApplicationContext.refresh(AbstractApplicationContext.java:542) ~[spring-context-4.3.5.RELEASE.jar:4.3.5.RELEASE]
	at org.springframework.test.context.web.AbstractGenericWebContextLoader.loadContext(AbstractGenericWebContextLoader.java:134) ~[spring-test-4.3.5.RELEASE.jar:4.3.5.RELEASE]
	at org.springframework.test.context.web.AbstractGenericWebContextLoader.loadContext(AbstractGenericWebContextLoader.java:61) ~[spring-test-4.3.5.RELEASE.jar:4.3.5.RELEASE]
	at org.springframework.test.context.support.AbstractDelegatingSmartContextLoader.delegateLoading(AbstractDelegatingSmartContextLoader.java:108) ~[spring-test-4.3.5.RELEASE.jar:4.3.5.RELEASE]
	at org.springframework.test.context.support.AbstractDelegatingSmartContextLoader.loadContext(AbstractDelegatingSmartContextLoader.java:251) ~[spring-test-4.3.5.RELEASE.jar:4.3.5.RELEASE]
	at org.springframework.test.context.cache.DefaultCacheAwareContextLoaderDelegate.loadContextInternal(DefaultCacheAwareContextLoaderDelegate.java:98) ~[spring-test-4.3.5.RELEASE.jar:4.3.5.RELEASE]
	at org.springframework.test.context.cache.DefaultCacheAwareContextLoaderDelegate.loadContext(DefaultCacheAwareContextLoaderDelegate.java:116) ~[spring-test-4.3.5.RELEASE.jar:4.3.5.RELEASE]
	... 26 common frames omitted
Caused by: org.springframework.aop.framework.AopConfigException: Could not generate CGLIB subclass of class [class edu.ncsu.csc.itrust2.controllers.hcp.HCPController]: Common causes of this problem include using a final class or a non-visible class; nested exception is java.lang.IllegalArgumentException: Failed to parse expression 'new val'
	at org.springframework.aop.framework.CglibAopProxy.getProxy(CglibAopProxy.java:213) ~[spring-aop-4.3.5.RELEASE.jar:4.3.5.RELEASE]
	at org.springframework.aop.framework.ProxyFactory.getProxy(ProxyFactory.java:109) ~[spring-aop-4.3.5.RELEASE.jar:4.3.5.RELEASE]
	at org.springframework.aop.framework.autoproxy.AbstractAutoProxyCreator.createProxy(AbstractAutoProxyCreator.java:470) ~[spring-aop-4.3.5.RELEASE.jar:4.3.5.RELEASE]
	at org.springframework.aop.framework.autoproxy.AbstractAutoProxyCreator.wrapIfNecessary(AbstractAutoProxyCreator.java:350) ~[spring-aop-4.3.5.RELEASE.jar:4.3.5.RELEASE]
	at org.springframework.aop.framework.autoproxy.AbstractAutoProxyCreator.postProcessAfterInitialization(AbstractAutoProxyCreator.java:299) ~[spring-aop-4.3.5.RELEASE.jar:4.3.5.RELEASE]
	at org.springframework.beans.factory.support.AbstractAutowireCapableBeanFactory.applyBeanPostProcessorsAfterInitialization(AbstractAutowireCapableBeanFactory.java:423) ~[spring-beans-4.3.5.RELEASE.jar:4.3.5.RELEASE]
	at org.springframework.beans.factory.support.AbstractAutowireCapableBeanFactory.initializeBean(AbstractAutowireCapableBeanFactory.java:1594) ~[spring-beans-4.3.5.RELEASE.jar:4.3.5.RELEASE]
	at org.springframework.beans.factory.support.AbstractAutowireCapableBeanFactory.doCreateBean(AbstractAutowireCapableBeanFactory.java:554) ~[spring-beans-4.3.5.RELEASE.jar:4.3.5.RELEASE]
	... 40 common frames omitted
Caused by: java.lang.IllegalArgumentException: Failed to parse expression 'new val'
	at org.springframework.security.access.expression.method.ExpressionBasedAnnotationAttributeFactory.createPreInvocationAttribute(ExpressionBasedAnnotationAttributeFactory.java:59) ~[spring-security-core-4.2.2.RELEASE.jar:4.2.2.RELEASE]
	at org.springframework.security.access.prepost.PrePostAnnotationSecurityMetadataSource.getAttributes(PrePostAnnotationSecurityMetadataSource.java:89) ~[spring-security-core-4.2.2.RELEASE.jar:4.2.2.RELEASE]
	at org.springframework.security.access.method.DelegatingMethodSecurityMetadataSource.getAttributes(DelegatingMethodSecurityMetadataSource.java:73) ~[spring-security-core-4.2.2.RELEASE.jar:4.2.2.RELEASE]
	at org.springframework.security.access.intercept.aopalliance.MethodSecurityMetadataSourceAdvisor$MethodSecurityMetadataSourcePointcut.matches(MethodSecurityMetadataSourceAdvisor.java:134) ~[spring-security-core-4.2.2.RELEASE.jar:4.2.2.RELEASE]
	at org.springframework.aop.support.MethodMatchers.matches(MethodMatchers.java:94) ~[spring-aop-4.3.5.RELEASE.jar:4.3.5.RELEASE]
	at org.springframework.aop.framework.DefaultAdvisorChainFactory.getInterceptorsAndDynamicInterceptionAdvice(DefaultAdvisorChainFactory.java:67) ~[spring-aop-4.3.5.RELEASE.jar:4.3.5.RELEASE]
	at org.springframework.aop.framework.AdvisedSupport.getInterceptorsAndDynamicInterceptionAdvice(AdvisedSupport.java:489) ~[spring-aop-4.3.5.RELEASE.jar:4.3.5.RELEASE]
	at org.springframework.aop.framework.CglibAopProxy$ProxyCallbackFilter.accept(CglibAopProxy.java:808) ~[spring-aop-4.3.5.RELEASE.jar:4.3.5.RELEASE]
	at org.springframework.cglib.proxy.Enhancer.emitMethods(Enhancer.java:1108) ~[spring-core-4.3.5.RELEASE.jar:4.3.5.RELEASE]
	at org.springframework.cglib.proxy.Enhancer.generateClass(Enhancer.java:630) ~[spring-core-4.3.5.RELEASE.jar:4.3.5.RELEASE]
	at org.springframework.cglib.transform.TransformingClassGenerator.generateClass(TransformingClassGenerator.java:33) ~[spring-core-4.3.5.RELEASE.jar:4.3.5.RELEASE]
	at org.springframework.cglib.core.DefaultGeneratorStrategy.generate(DefaultGeneratorStrategy.java:25) ~[spring-core-4.3.5.RELEASE.jar:4.3.5.RELEASE]
	at org.springframework.aop.framework.CglibAopProxy$ClassLoaderAwareUndeclaredThrowableStrategy.generate(CglibAopProxy.java:991) ~[spring-aop-4.3.5.RELEASE.jar:4.3.5.RELEASE]
	at org.springframework.cglib.core.AbstractClassGenerator.generate(AbstractClassGenerator.java:329) ~[spring-core-4.3.5.RELEASE.jar:4.3.5.RELEASE]
	at org.springframework.cglib.proxy.Enhancer.generate(Enhancer.java:492) ~[spring-core-4.3.5.RELEASE.jar:4.3.5.RELEASE]
	at org.springframework.cglib.core.AbstractClassGenerator$ClassLoaderData$3.apply(AbstractClassGenerator.java:93) ~[spring-core-4.3.5.RELEASE.jar:4.3.5.RELEASE]
	at org.springframework.cglib.core.AbstractClassGenerator$ClassLoaderData$3.apply(AbstractClassGenerator.java:91) ~[spring-core-4.3.5.RELEASE.jar:4.3.5.RELEASE]
	at org.springframework.cglib.core.internal.LoadingCache$2.call(LoadingCache.java:54) ~[spring-core-4.3.5.RELEASE.jar:4.3.5.RELEASE]
	at java.util.concurrent.FutureTask.run(FutureTask.java:266) ~[na:1.8.0_161]
	at org.springframework.cglib.core.internal.LoadingCache.createEntry(LoadingCache.java:61) ~[spring-core-4.3.5.RELEASE.jar:4.3.5.RELEASE]
	at org.springframework.cglib.core.internal.LoadingCache.get(LoadingCache.java:34) ~[spring-core-4.3.5.RELEASE.jar:4.3.5.RELEASE]
	at org.springframework.cglib.core.AbstractClassGenerator$ClassLoaderData.get(AbstractClassGenerator.java:116) ~[spring-core-4.3.5.RELEASE.jar:4.3.5.RELEASE]
	at org.springframework.cglib.core.AbstractClassGenerator.create(AbstractClassGenerator.java:291) ~[spring-core-4.3.5.RELEASE.jar:4.3.5.RELEASE]
	at org.springframework.cglib.proxy.Enhancer.createHelper(Enhancer.java:480) ~[spring-core-4.3.5.RELEASE.jar:4.3.5.RELEASE]
	at org.springframework.cglib.proxy.Enhancer.createClass(Enhancer.java:337) ~[spring-core-4.3.5.RELEASE.jar:4.3.5.RELEASE]
	at org.springframework.aop.framework.ObjenesisCglibAopProxy.createProxyClassAndInstance(ObjenesisCglibAopProxy.java:55) ~[spring-aop-4.3.5.RELEASE.jar:4.3.5.RELEASE]
	at org.springframework.aop.framework.CglibAopProxy.getProxy(CglibAopProxy.java:203) ~[spring-aop-4.3.5.RELEASE.jar:4.3.5.RELEASE]
	... 47 common frames omitted
Caused by: org.springframework.expression.spel.SpelParseException: Expression [new val] @7: EL1050E: The arguments (...) for the constructor call are missing
	at org.springframework.expression.spel.standard.InternalSpelExpressionParser.eatConstructorArgs(InternalSpelExpressionParser.java:450) ~[spring-expression-4.3.5.RELEASE.jar:4.3.5.RELEASE]
	at org.springframework.expression.spel.standard.InternalSpelExpressionParser.maybeEatConstructorReference(InternalSpelExpressionParser.java:799) ~[spring-expression-4.3.5.RELEASE.jar:4.3.5.RELEASE]
	at org.springframework.expression.spel.standard.InternalSpelExpressionParser.eatStartNode(InternalSpelExpressionParser.java:507) ~[spring-expression-4.3.5.RELEASE.jar:4.3.5.RELEASE]
	at org.springframework.expression.spel.standard.InternalSpelExpressionParser.eatPrimaryExpression(InternalSpelExpressionParser.java:343) ~[spring-expression-4.3.5.RELEASE.jar:4.3.5.RELEASE]
	at org.springframework.expression.spel.standard.InternalSpelExpressionParser.eatUnaryExpression(InternalSpelExpressionParser.java:337) ~[spring-expression-4.3.5.RELEASE.jar:4.3.5.RELEASE]
	at org.springframework.expression.spel.standard.InternalSpelExpressionParser.eatPowerIncDecExpression(InternalSpelExpressionParser.java:293) ~[spring-expression-4.3.5.RELEASE.jar:4.3.5.RELEASE]
	at org.springframework.expression.spel.standard.InternalSpelExpressionParser.eatProductExpression(InternalSpelExpressionParser.java:272) ~[spring-expression-4.3.5.RELEASE.jar:4.3.5.RELEASE]
	at org.springframework.expression.spel.standard.InternalSpelExpressionParser.eatSumExpression(InternalSpelExpressionParser.java:255) ~[spring-expression-4.3.5.RELEASE.jar:4.3.5.RELEASE]
	at org.springframework.expression.spel.standard.InternalSpelExpressionParser.eatRelationalExpression(InternalSpelExpressionParser.java:210) ~[spring-expression-4.3.5.RELEASE.jar:4.3.5.RELEASE]
	at org.springframework.expression.spel.standard.InternalSpelExpressionParser.eatLogicalAndExpression(InternalSpelExpressionParser.java:198) ~[spring-expression-4.3.5.RELEASE.jar:4.3.5.RELEASE]
	at org.springframework.expression.spel.standard.InternalSpelExpressionParser.eatLogicalOrExpression(InternalSpelExpressionParser.java:186) ~[spring-expression-4.3.5.RELEASE.jar:4.3.5.RELEASE]
	at org.springframework.expression.spel.standard.InternalSpelExpressionParser.eatExpression(InternalSpelExpressionParser.java:146) ~[spring-expression-4.3.5.RELEASE.jar:4.3.5.RELEASE]
	at org.springframework.expression.spel.standard.InternalSpelExpressionParser.doParseExpression(InternalSpelExpressionParser.java:127) ~[spring-expression-4.3.5.RELEASE.jar:4.3.5.RELEASE]
	at org.springframework.expression.spel.standard.SpelExpressionParser.doParseExpression(SpelExpressionParser.java:60) ~[spring-expression-4.3.5.RELEASE.jar:4.3.5.RELEASE]
	at org.springframework.expression.spel.standard.SpelExpressionParser.doParseExpression(SpelExpressionParser.java:32) ~[spring-expression-4.3.5.RELEASE.jar:4.3.5.RELEASE]
	at org.springframework.expression.common.TemplateAwareExpressionParser.parseExpression(TemplateAwareExpressionParser.java:76) ~[spring-expression-4.3.5.RELEASE.jar:4.3.5.RELEASE]
	at org.springframework.expression.common.TemplateAwareExpressionParser.parseExpression(TemplateAwareExpressionParser.java:62) ~[spring-expression-4.3.5.RELEASE.jar:4.3.5.RELEASE]
	at org.springframework.security.access.expression.method.ExpressionBasedAnnotationAttributeFactory.createPreInvocationAttribute(ExpressionBasedAnnotationAttributeFactory.java:51) ~[spring-security-core-4.2.2.RELEASE.jar:4.2.2.RELEASE]
	... 73 common frames omitted
]]></system-out>
  </testcase>
</testsuite>